#
# There is insufficient memory for the Java Runtime Environment to continue.
# Native memory allocation (mmap) failed to map 27262976 bytes for Failed to commit area from 0x0000000088000000 to 0x0000000089a00000 of length 27262976.
# Possible reasons:
#   The system is out of physical RAM or swap space
#   The process is running with CompressedOops enabled, and the Java Heap may be blocking the growth of the native heap
# Possible solutions:
#   Reduce memory load on the system
#   Increase physical memory or swap space
#   Check if swap backing store is full
#   Decrease Java heap size (-Xmx/-Xms)
#   Decrease number of Java threads
#   Decrease Java thread stack sizes (-Xss)
#   Set larger code cache with -XX:ReservedCodeCacheSize=
#   JVM is running with Unscaled Compressed Oops mode in which the Java heap is
#     placed in the first 4GB address space. The Java Heap base address is the
#     maximum limit for the native heap growth. Please use -XX:HeapBaseMinAddress
#     to set the Java Heap base and to place the Java Heap above 4GB virtual address.
# This output file may be truncated or incomplete.
#
#  Out of Memory Error (./src/hotspot/os/windows/os_windows.cpp:3303), pid=36336, tid=17240
#
# JRE version: OpenJDK Runtime Environment (11.0.8+10) (build 11.0.8+10-b944.6842174)
# Java VM: OpenJDK 64-Bit Server VM (11.0.8+10-b944.6842174, mixed mode, tiered, compressed oops, g1 gc, windows-amd64)
# No core dump will be written. Minidumps are not enabled by default on client versions of Windows
#

---------------  S U M M A R Y ------------

Command Line: --add-opens=java.base/java.util=ALL-UNNAMED --add-opens=java.base/java.lang=ALL-UNNAMED --add-opens=java.base/java.lang.invoke=ALL-UNNAMED --add-opens=java.prefs/java.util.prefs=ALL-UNNAMED -Xmx2048m -Dfile.encoding=UTF-8 -Duser.country=IN -Duser.language=en -Duser.variant org.gradle.launcher.daemon.bootstrap.GradleDaemon 6.7.1

Host: Intel(R) Core(TM) i5-9300H CPU @ 2.40GHz, 8 cores, 7G,  Windows 10 , 64 bit Build 19041 (10.0.19041.1348)
Time: Sun Dec 26 23:08:16 2021 India Standard Time elapsed time: 5 seconds (0d 0h 0m 5s)

---------------  T H R E A D  ---------------

Current thread (0x000001cc953df000):  VMThread "VM Thread" [stack: 0x0000002bca600000,0x0000002bca700000] [id=17240]

Stack: [0x0000002bca600000,0x0000002bca700000]
[error occurred during error reporting (printing stack bounds), id 0xc0000005, EXCEPTION_ACCESS_VIOLATION (0xc0000005) at pc=0x000001cc80000dad]

Native frames: (J=compiled Java code, j=interpreted, Vv=VM code, C=native code)
V  [jvm.dll+0x5de50a]
V  [jvm.dll+0x7122f5]
V  [jvm.dll+0x71384d]
V  [jvm.dll+0x713e65]
V  [jvm.dll+0x713e1b]
V  [jvm.dll+0x5dd958]
V  [jvm.dll+0x5de0f8]
C  [ntdll.dll+0xa20cf]
C  [ntdll.dll+0x51454]
C  [ntdll.dll+0xa0bfe]
C  0x000001cc80000dad

VM_Operation (0x0000002bcbbf4e10): G1CollectForAllocation, mode: safepoint, requested by thread 0x000001cc97c55800


---------------  P R O C E S S  ---------------

Threads class SMR info:
_java_thread_list=0x000001cc9afe9140, length=53, elements={
0x000001ccf9139000, 0x000001cc953e4000, 0x000001cc953e5800, 0x000001cc953f8000,
0x000001cc953f8800, 0x000001cc953ff000, 0x000001cc9540f000, 0x000001cc95410800,
0x000001cc95eb3800, 0x000001cc95ec5800, 0x000001cc97c9e800, 0x000001cc96153000,
0x000001cc96112000, 0x000001cc984d7000, 0x000001cc97bf0000, 0x000001cc97d52800,
0x000001cc97c55800, 0x000001cc97fef800, 0x000001cc98387800, 0x000001cc97ccf000,
0x000001cc97bdc000, 0x000001cc97bdc800, 0x000001cc97bda800, 0x000001cc982f5800,
0x000001cc97bd8800, 0x000001cc97bd9800, 0x000001cc97bdb000, 0x000001cc97bdd800,
0x000001cc97bd8000, 0x000001cc97bde800, 0x000001cc9a1df800, 0x000001cc9a38a800,
0x000001cc9a38c000, 0x000001cc9a38b800, 0x000001cc9a389800, 0x000001cc9a38d000,
0x000001cc9a389000, 0x000001cc9a387000, 0x000001cc9a38e000, 0x000001cc9a388000,
0x000001cc9a393800, 0x000001cc9a391000, 0x000001cc9a392000, 0x000001cc9a390000,
0x000001cc9a392800, 0x000001cc9a38e800, 0x000001cc9a394800, 0x000001cc9a38f800,
0x000001cc9a395000, 0x000001cc9a396000, 0x000001cc9c63b800, 0x000001cc9c639800,
0x000001cc9c63d000
}

Java Threads: ( => current thread )
  0x000001ccf9139000 JavaThread "main" [_thread_blocked, id=2024, stack(0x0000002bca000000,0x0000002bca100000)]
  0x000001cc953e4000 JavaThread "Reference Handler" daemon [_thread_blocked, id=17276, stack(0x0000002bca700000,0x0000002bca800000)]
  0x000001cc953e5800 JavaThread "Finalizer" daemon [_thread_blocked, id=24736, stack(0x0000002bca800000,0x0000002bca900000)]
  0x000001cc953f8000 JavaThread "Signal Dispatcher" daemon [_thread_blocked, id=33332, stack(0x0000002bca900000,0x0000002bcaa00000)]
  0x000001cc953f8800 JavaThread "Attach Listener" daemon [_thread_blocked, id=6020, stack(0x0000002bcaa00000,0x0000002bcab00000)]
  0x000001cc953ff000 JavaThread "C2 CompilerThread0" daemon [_thread_blocked, id=34824, stack(0x0000002bcab00000,0x0000002bcac00000)]
  0x000001cc9540f000 JavaThread "C1 CompilerThread0" daemon [_thread_blocked, id=31108, stack(0x0000002bcac00000,0x0000002bcad00000)]
  0x000001cc95410800 JavaThread "Sweeper thread" daemon [_thread_blocked, id=23668, stack(0x0000002bcad00000,0x0000002bcae00000)]
  0x000001cc95eb3800 JavaThread "Common-Cleaner" daemon [_thread_blocked, id=5164, stack(0x0000002bcae00000,0x0000002bcaf00000)]
  0x000001cc95ec5800 JavaThread "Service Thread" daemon [_thread_blocked, id=18820, stack(0x0000002bcaf00000,0x0000002bcb000000)]
  0x000001cc97c9e800 JavaThread "Daemon health stats" [_thread_blocked, id=32096, stack(0x0000002bcb500000,0x0000002bcb600000)]
  0x000001cc96153000 JavaThread "Incoming local TCP Connector on port 59498" [_thread_in_native, id=19016, stack(0x0000002bcb600000,0x0000002bcb700000)]
  0x000001cc96112000 JavaThread "Daemon periodic checks" [_thread_blocked, id=4776, stack(0x0000002bcb700000,0x0000002bcb800000)]
  0x000001cc984d7000 JavaThread "Daemon" [_thread_blocked, id=7984, stack(0x0000002bcb800000,0x0000002bcb900000)]
  0x000001cc97bf0000 JavaThread "Handler for socket connection from /127.0.0.1:59498 to /127.0.0.1:59499" [_thread_in_native, id=10668, stack(0x0000002bcb900000,0x0000002bcba00000)]
  0x000001cc97d52800 JavaThread "Cancel handler" [_thread_blocked, id=34484, stack(0x0000002bcba00000,0x0000002bcbb00000)]
  0x000001cc97c55800 JavaThread "Daemon worker" [_thread_blocked, id=32772, stack(0x0000002bcbb00000,0x0000002bcbc00000)]
  0x000001cc97fef800 JavaThread "Asynchronous log dispatcher for DefaultDaemonConnection: socket connection from /127.0.0.1:59498 to /127.0.0.1:59499" [_thread_blocked, id=21488, stack(0x0000002bcbc00000,0x0000002bcbd00000)]
  0x000001cc98387800 JavaThread "Stdin handler" [_thread_blocked, id=19420, stack(0x0000002bcbd00000,0x0000002bcbe00000)]
  0x000001cc97ccf000 JavaThread "Thread-8" [_thread_blocked, id=34116, stack(0x0000002bcbe00000,0x0000002bcbf00000)]
  0x000001cc97bdc000 JavaThread "Cache worker for file hash cache (C:\Users\Dark Knight\.gradle\caches\6.7.1\fileHashes)" [_thread_blocked, id=36268, stack(0x0000002bcc400000,0x0000002bcc500000)]
  0x000001cc97bdc800 JavaThread "File lock request listener" [_thread_in_native, id=31724, stack(0x0000002bcc500000,0x0000002bcc600000)]
  0x000001cc97bda800 JavaThread "Cache worker for journal cache (C:\Users\Dark Knight\.gradle\caches\journal-1)" [_thread_blocked, id=33132, stack(0x0000002bcc700000,0x0000002bcc800000)]
  0x000001cc982f5800 JavaThread "C2 CompilerThread1" daemon [_thread_in_native, id=28604, stack(0x0000002bcc800000,0x0000002bcc900000)]
  0x000001cc97bd8800 JavaThread "Cache worker for file hash cache (C:\Android Projects\Udemy TUTORIAL\.gradle\6.7.1\fileHashes)" [_thread_blocked, id=20236, stack(0x0000002bcc900000,0x0000002bcca00000)]
  0x000001cc97bd9800 JavaThread "jar transforms" [_thread_blocked, id=30004, stack(0x0000002bcca00000,0x0000002bccb00000)]
  0x000001cc97bdb000 JavaThread "jar transforms Thread 2" [_thread_blocked, id=29564, stack(0x0000002bccb00000,0x0000002bccc00000)]
  0x000001cc97bdd800 JavaThread "jar transforms Thread 3" [_thread_blocked, id=15696, stack(0x0000002bccc00000,0x0000002bccd00000)]
  0x000001cc97bd8000 JavaThread "jar transforms Thread 4" [_thread_blocked, id=35488, stack(0x0000002bccd00000,0x0000002bcce00000)]
  0x000001cc97bde800 JavaThread "jar transforms Thread 5" [_thread_blocked, id=33848, stack(0x0000002bcce00000,0x0000002bccf00000)]
  0x000001cc9a1df800 JavaThread "C2 CompilerThread2" daemon [_thread_in_native, id=15328, stack(0x0000002bccf00000,0x0000002bcd000000)]
  0x000001cc9a38a800 JavaThread "jar transforms Thread 6" [_thread_blocked, id=35332, stack(0x0000002bcd000000,0x0000002bcd100000)]
  0x000001cc9a38c000 JavaThread "jar transforms Thread 7" [_thread_blocked, id=25932, stack(0x0000002bcd100000,0x0000002bcd200000)]
  0x000001cc9a38b800 JavaThread "jar transforms Thread 8" [_thread_blocked, id=32712, stack(0x0000002bcd200000,0x0000002bcd300000)]
  0x000001cc9a389800 JavaThread "jar transforms Thread 9" [_thread_blocked, id=36040, stack(0x0000002bcd300000,0x0000002bcd400000)]
  0x000001cc9a38d000 JavaThread "jar transforms Thread 10" [_thread_blocked, id=35876, stack(0x0000002bcd400000,0x0000002bcd500000)]
  0x000001cc9a389000 JavaThread "jar transforms Thread 11" [_thread_blocked, id=32220, stack(0x0000002bcd500000,0x0000002bcd600000)]
  0x000001cc9a387000 JavaThread "jar transforms Thread 12" [_thread_blocked, id=29708, stack(0x0000002bcd600000,0x0000002bcd700000)]
  0x000001cc9a38e000 JavaThread "jar transforms Thread 13" [_thread_blocked, id=35636, stack(0x0000002bcd700000,0x0000002bcd800000)]
  0x000001cc9a388000 JavaThread "jar transforms Thread 14" [_thread_blocked, id=25724, stack(0x0000002bcd800000,0x0000002bcd900000)]
  0x000001cc9a393800 JavaThread "jar transforms Thread 15" [_thread_blocked, id=20172, stack(0x0000002bcd900000,0x0000002bcda00000)]
  0x000001cc9a391000 JavaThread "jar transforms Thread 16" [_thread_blocked, id=30244, stack(0x0000002bcda00000,0x0000002bcdb00000)]
  0x000001cc9a392000 JavaThread "jar transforms Thread 17" [_thread_blocked, id=36440, stack(0x0000002bcdb00000,0x0000002bcdc00000)]
  0x000001cc9a390000 JavaThread "jar transforms Thread 18" [_thread_blocked, id=23860, stack(0x0000002bcdc00000,0x0000002bcdd00000)]
  0x000001cc9a392800 JavaThread "jar transforms Thread 19" [_thread_blocked, id=35888, stack(0x0000002bcdd00000,0x0000002bcde00000)]
  0x000001cc9a38e800 JavaThread "jar transforms Thread 20" [_thread_blocked, id=20720, stack(0x0000002bcde00000,0x0000002bcdf00000)]
  0x000001cc9a394800 JavaThread "jar transforms Thread 21" [_thread_blocked, id=32016, stack(0x0000002bcdf00000,0x0000002bce000000)]
  0x000001cc9a38f800 JavaThread "Cache worker for checksums cache (C:\Android Projects\Udemy TUTORIAL\.gradle\checksums)" [_thread_blocked, id=35496, stack(0x0000002bce000000,0x0000002bce100000)]
  0x000001cc9a395000 JavaThread "Cache worker for cache directory md-supplier (C:\Users\Dark Knight\.gradle\caches\6.7.1\md-supplier)" [_thread_blocked, id=19476, stack(0x0000002bce100000,0x0000002bce200000)]
  0x000001cc9a396000 JavaThread "Cache worker for cache directory md-rule (C:\Users\Dark Knight\.gradle\caches\6.7.1\md-rule)" [_thread_blocked, id=24784, stack(0x0000002bce200000,0x0000002bce300000)]
  0x000001cc9c63b800 JavaThread "Cache worker for execution history cache (C:\Users\Dark Knight\.gradle\caches\6.7.1\executionHistory)" [_thread_blocked, id=24356, stack(0x0000002bce300000,0x0000002bce400000)]
  0x000001cc9c639800 JavaThread "Cache worker for file content cache (C:\Users\Dark Knight\.gradle\caches\6.7.1\fileContent)" [_thread_blocked, id=3024, stack(0x0000002bce400000,0x0000002bce500000)]
  0x000001cc9c63d000 JavaThread "Cache worker for Build Output Cleanup Cache (C:\Android Projects\Udemy TUTORIAL\.gradle\buildOutputCleanup)" [_thread_blocked, id=20856, stack(0x0000002bce500000,0x0000002bce600000)]

Other Threads:
=>0x000001cc953df000 VMThread "VM Thread" [stack: 0x0000002bca600000,0x0000002bca700000] [id=17240]
  0x000001cc95ece800 WatcherThread [stack: 0x0000002bcb000000,0x0000002bcb100000] [id=21700]
  0x000001ccf9151800 GCTaskThread "GC Thread#0" [stack: 0x0000002bca100000,0x0000002bca200000] [id=33360]
  0x000001cc96f24800 GCTaskThread "GC Thread#1" [stack: 0x0000002bcb300000,0x0000002bcb400000] [id=31212]
  0x000001cc96f18800 GCTaskThread "GC Thread#2" [stack: 0x0000002bcb400000,0x0000002bcb500000] [id=11124]
  0x000001cc98098800 GCTaskThread "GC Thread#3" [stack: 0x0000002bcbf00000,0x0000002bcc000000] [id=35816]
  0x000001cc97177800 GCTaskThread "GC Thread#4" [stack: 0x0000002bcc000000,0x0000002bcc100000] [id=33496]
  0x000001cc9849b000 GCTaskThread "GC Thread#5" [stack: 0x0000002bcc100000,0x0000002bcc200000] [id=34224]
  0x000001cc9618d000 GCTaskThread "GC Thread#6" [stack: 0x0000002bcc200000,0x0000002bcc300000] [id=33688]
  0x000001cc974a3000 GCTaskThread "GC Thread#7" [stack: 0x0000002bcc300000,0x0000002bcc400000] [id=8312]
  0x000001ccf9182800 ConcurrentGCThread "G1 Main Marker" [stack: 0x0000002bca200000,0x0000002bca300000] [id=24252]
  0x000001ccf9185000 ConcurrentGCThread "G1 Conc#0" [stack: 0x0000002bca300000,0x0000002bca400000] [id=26476]
  0x000001cc97c3d000 ConcurrentGCThread "G1 Conc#1" [stack: 0x0000002bcc600000,0x0000002bcc700000] [id=27592]
  0x000001cc95230800 ConcurrentGCThread "G1 Refine#0" [stack: 0x0000002bca400000,0x0000002bca500000] [id=33228]
  0x000001cc95231800 ConcurrentGCThread "G1 Young RemSet Sampling" [stack: 0x0000002bca500000,0x0000002bca600000] [id=21492]

Threads with active compile tasks:
C2 CompilerThread0   5087 3634       4       groovy.lang.MetaClassImpl::addMetaMethodToIndex (65 bytes)
C2 CompilerThread1   5087 3635       4       groovy.lang.MetaClassImpl::checkIfStdMethod (178 bytes)
C2 CompilerThread2   5087 3520       4       org.codehaus.groovy.reflection.CachedMethod::compareTo (25 bytes)

VM state:at safepoint (normal execution)

VM Mutex/Monitor currently owned by a thread:  ([mutex/lock_event])
[0x000001ccf91356f0] Threads_lock - owner thread: 0x000001cc953df000
[0x000001ccf9134df0] Heap_lock - owner thread: 0x000001cc97c55800

Heap address: 0x0000000080000000, size: 2048 MB, Compressed Oops mode: 32-bit
Narrow klass base: 0x0000000000000000, Narrow klass shift: 3
Compressed class space size: 1073741824 Address: 0x0000000100000000

Heap:
 garbage-first heap   total 157696K, used 50013K [0x0000000080000000, 0x0000000100000000)
  region size 1024K, 5 young (5120K), 5 survivors (5120K)
 Metaspace       used 44538K, capacity 45660K, committed 45768K, reserved 1089536K
  class space    used 5721K, capacity 6126K, committed 6168K, reserved 1048576K
Heap Regions: E=young(eden), S=young(survivor), O=old, HS=humongous(starts), HC=humongous(continues), CS=collection set, F=free, A=archive, TAMS=top-at-mark-start (previous, next)
|   0|0x0000000080000000, 0x0000000080100000, 0x0000000080100000|100%| O|  |TAMS 0x0000000080100000, 0x0000000080000000| Untracked 
|   1|0x0000000080100000, 0x0000000080200000, 0x0000000080200000|100%| O|  |TAMS 0x0000000080200000, 0x0000000080100000| Untracked 
|   2|0x0000000080200000, 0x0000000080300000, 0x0000000080300000|100%| O|  |TAMS 0x0000000080300000, 0x0000000080200000| Untracked 
|   3|0x0000000080300000, 0x0000000080400000, 0x0000000080400000|100%|HS|  |TAMS 0x0000000080400000, 0x0000000080300000| Complete 
|   4|0x0000000080400000, 0x0000000080500000, 0x0000000080500000|100%|HC|  |TAMS 0x0000000080500000, 0x0000000080400000| Complete 
|   5|0x0000000080500000, 0x0000000080600000, 0x0000000080600000|100%|HC|  |TAMS 0x0000000080600000, 0x0000000080500000| Complete 
|   6|0x0000000080600000, 0x0000000080700000, 0x0000000080700000|100%| O|  |TAMS 0x0000000080700000, 0x0000000080600000| Untracked 
|   7|0x0000000080700000, 0x0000000080800000, 0x0000000080800000|100%| O|  |TAMS 0x0000000080800000, 0x0000000080700000| Untracked 
|   8|0x0000000080800000, 0x0000000080900000, 0x0000000080900000|100%| O|  |TAMS 0x0000000080900000, 0x0000000080800000| Untracked 
|   9|0x0000000080900000, 0x0000000080a00000, 0x0000000080a00000|100%| O|  |TAMS 0x0000000080a00000, 0x0000000080900000| Untracked 
|  10|0x0000000080a00000, 0x0000000080b00000, 0x0000000080b00000|100%| O|  |TAMS 0x0000000080b00000, 0x0000000080a00000| Untracked 
|  11|0x0000000080b00000, 0x0000000080c00000, 0x0000000080c00000|100%| O|  |TAMS 0x0000000080c00000, 0x0000000080b00000| Untracked 
|  12|0x0000000080c00000, 0x0000000080d00000, 0x0000000080d00000|100%| O|  |TAMS 0x0000000080d00000, 0x0000000080c00000| Untracked 
|  13|0x0000000080d00000, 0x0000000080e00000, 0x0000000080e00000|100%| O|  |TAMS 0x0000000080e00000, 0x0000000080d00000| Untracked 
|  14|0x0000000080e00000, 0x0000000080f00000, 0x0000000080f00000|100%| O|  |TAMS 0x0000000080f00000, 0x0000000080e00000| Untracked 
|  15|0x0000000080f00000, 0x0000000081000000, 0x0000000081000000|100%| O|  |TAMS 0x0000000081000000, 0x0000000080f00000| Untracked 
|  16|0x0000000081000000, 0x0000000081100000, 0x0000000081100000|100%|HS|  |TAMS 0x0000000081100000, 0x0000000081000000| Complete 
|  17|0x0000000081100000, 0x0000000081200000, 0x0000000081200000|100%|HC|  |TAMS 0x0000000081200000, 0x0000000081100000| Complete 
|  18|0x0000000081200000, 0x0000000081300000, 0x0000000081300000|100%|HS|  |TAMS 0x0000000081300000, 0x0000000081200000| Complete 
|  19|0x0000000081300000, 0x0000000081400000, 0x0000000081400000|100%|HC|  |TAMS 0x0000000081400000, 0x0000000081300000| Complete 
|  20|0x0000000081400000, 0x0000000081500000, 0x0000000081500000|100%|HC|  |TAMS 0x0000000081500000, 0x0000000081400000| Complete 
|  21|0x0000000081500000, 0x0000000081600000, 0x0000000081600000|100%|HS|  |TAMS 0x0000000081600000, 0x0000000081500000| Complete 
|  22|0x0000000081600000, 0x0000000081700000, 0x0000000081700000|100%|HC|  |TAMS 0x0000000081700000, 0x0000000081600000| Complete 
|  23|0x0000000081700000, 0x0000000081800000, 0x0000000081800000|100%|HC|  |TAMS 0x0000000081800000, 0x0000000081700000| Complete 
|  24|0x0000000081800000, 0x0000000081900000, 0x0000000081900000|100%|HC|  |TAMS 0x0000000081900000, 0x0000000081800000| Complete 
|  25|0x0000000081900000, 0x0000000081a00000, 0x0000000081a00000|100%| O|  |TAMS 0x0000000081a00000, 0x0000000081900000| Untracked 
|  26|0x0000000081a00000, 0x0000000081b00000, 0x0000000081b00000|100%| O|  |TAMS 0x0000000081b00000, 0x0000000081a00000| Untracked 
|  27|0x0000000081b00000, 0x0000000081c00000, 0x0000000081c00000|100%| O|  |TAMS 0x0000000081c00000, 0x0000000081b00000| Untracked 
|  28|0x0000000081c00000, 0x0000000081d00000, 0x0000000081d00000|100%| O|  |TAMS 0x0000000081c82e00, 0x0000000081c00000| Untracked 
|  29|0x0000000081d00000, 0x0000000081d00000, 0x0000000081e00000|  0%| F|  |TAMS 0x0000000081d00000, 0x0000000081d00000| Untracked 
|  30|0x0000000081e00000, 0x0000000081f00000, 0x0000000081f00000|100%| O|  |TAMS 0x0000000081e00000, 0x0000000081e00000| Untracked 
|  31|0x0000000081f00000, 0x0000000082000000, 0x0000000082000000|100%| O|  |TAMS 0x0000000081f00000, 0x0000000081f00000| Untracked 
|  32|0x0000000082000000, 0x0000000082100000, 0x0000000082100000|100%|HS|  |TAMS 0x0000000082000000, 0x0000000082000000| Complete 
|  33|0x0000000082100000, 0x0000000082200000, 0x0000000082200000|100%|HC|  |TAMS 0x0000000082100000, 0x0000000082100000| Complete 
|  34|0x0000000082200000, 0x0000000082300000, 0x0000000082300000|100%|HC|  |TAMS 0x0000000082200000, 0x0000000082200000| Complete 
|  35|0x0000000082300000, 0x0000000082400000, 0x0000000082400000|100%|HC|  |TAMS 0x0000000082300000, 0x0000000082300000| Complete 
|  36|0x0000000082400000, 0x0000000082500000, 0x0000000082500000|100%|HS|  |TAMS 0x0000000082400000, 0x0000000082400000| Complete 
|  37|0x0000000082500000, 0x0000000082600000, 0x0000000082600000|100%|HC|  |TAMS 0x0000000082500000, 0x0000000082500000| Complete 
|  38|0x0000000082600000, 0x0000000082700000, 0x0000000082700000|100%|HC|  |TAMS 0x0000000082600000, 0x0000000082600000| Complete 
|  39|0x0000000082700000, 0x0000000082800000, 0x0000000082800000|100%| O|  |TAMS 0x0000000082700000, 0x0000000082700000| Untracked 
|  40|0x0000000082800000, 0x0000000082900000, 0x0000000082900000|100%| O|  |TAMS 0x0000000082800000, 0x0000000082800000| Untracked 
|  41|0x0000000082900000, 0x0000000082a00000, 0x0000000082a00000|100%| O|  |TAMS 0x0000000082900000, 0x0000000082900000| Untracked 
|  42|0x0000000082a00000, 0x0000000082b00000, 0x0000000082b00000|100%| O|  |TAMS 0x0000000082a00000, 0x0000000082a00000| Untracked 
|  43|0x0000000082b00000, 0x0000000082c00000, 0x0000000082c00000|100%| O|  |TAMS 0x0000000082b00000, 0x0000000082b00000| Untracked 
|  44|0x0000000082c00000, 0x0000000082d00000, 0x0000000082d00000|100%| O|  |TAMS 0x0000000082c00000, 0x0000000082c00000| Untracked 
|  45|0x0000000082d00000, 0x0000000082db4c00, 0x0000000082e00000| 70%| O|  |TAMS 0x0000000082d00000, 0x0000000082d00000| Untracked 
|  46|0x0000000082e00000, 0x0000000082e00000, 0x0000000082f00000|  0%| F|  |TAMS 0x0000000082e00000, 0x0000000082e00000| Untracked 
|  47|0x0000000082f00000, 0x0000000082f00000, 0x0000000083000000|  0%| F|  |TAMS 0x0000000082f00000, 0x0000000082f00000| Untracked 
|  48|0x0000000083000000, 0x0000000083000000, 0x0000000083100000|  0%| F|  |TAMS 0x0000000083000000, 0x0000000083000000| Untracked 
|  49|0x0000000083100000, 0x0000000083100000, 0x0000000083200000|  0%| F|  |TAMS 0x0000000083100000, 0x0000000083100000| Untracked 
|  50|0x0000000083200000, 0x0000000083200000, 0x0000000083300000|  0%| F|  |TAMS 0x0000000083200000, 0x0000000083200000| Untracked 
|  51|0x0000000083300000, 0x0000000083300000, 0x0000000083400000|  0%| F|  |TAMS 0x0000000083300000, 0x0000000083300000| Untracked 
|  52|0x0000000083400000, 0x0000000083400000, 0x0000000083500000|  0%| F|  |TAMS 0x0000000083400000, 0x0000000083400000| Untracked 
|  53|0x0000000083500000, 0x0000000083500000, 0x0000000083600000|  0%| F|  |TAMS 0x0000000083500000, 0x0000000083500000| Untracked 
|  54|0x0000000083600000, 0x0000000083600000, 0x0000000083700000|  0%| F|  |TAMS 0x0000000083600000, 0x0000000083600000| Untracked 
|  55|0x0000000083700000, 0x0000000083700000, 0x0000000083800000|  0%| F|  |TAMS 0x0000000083700000, 0x0000000083700000| Untracked 
|  56|0x0000000083800000, 0x0000000083800000, 0x0000000083900000|  0%| F|  |TAMS 0x0000000083800000, 0x0000000083800000| Untracked 
|  57|0x0000000083900000, 0x0000000083900000, 0x0000000083a00000|  0%| F|  |TAMS 0x0000000083900000, 0x0000000083900000| Untracked 
|  58|0x0000000083a00000, 0x0000000083a00000, 0x0000000083b00000|  0%| F|  |TAMS 0x0000000083a00000, 0x0000000083a00000| Untracked 
|  59|0x0000000083b00000, 0x0000000083b00000, 0x0000000083c00000|  0%| F|  |TAMS 0x0000000083b00000, 0x0000000083b00000| Untracked 
|  60|0x0000000083c00000, 0x0000000083c00000, 0x0000000083d00000|  0%| F|  |TAMS 0x0000000083c00000, 0x0000000083c00000| Untracked 
|  61|0x0000000083d00000, 0x0000000083d00000, 0x0000000083e00000|  0%| F|  |TAMS 0x0000000083d00000, 0x0000000083d00000| Untracked 
|  62|0x0000000083e00000, 0x0000000083e00000, 0x0000000083f00000|  0%| F|  |TAMS 0x0000000083e00000, 0x0000000083e00000| Untracked 
|  63|0x0000000083f00000, 0x0000000083f00000, 0x0000000084000000|  0%| F|  |TAMS 0x0000000083f00000, 0x0000000083f00000| Untracked 
|  64|0x0000000084000000, 0x0000000084000000, 0x0000000084100000|  0%| F|  |TAMS 0x0000000084000000, 0x0000000084000000| Untracked 
|  65|0x0000000084100000, 0x0000000084100000, 0x0000000084200000|  0%| F|  |TAMS 0x0000000084100000, 0x0000000084100000| Untracked 
|  66|0x0000000084200000, 0x0000000084200000, 0x0000000084300000|  0%| F|  |TAMS 0x0000000084200000, 0x0000000084200000| Untracked 
|  67|0x0000000084300000, 0x0000000084300000, 0x0000000084400000|  0%| F|  |TAMS 0x0000000084300000, 0x0000000084300000| Untracked 
|  68|0x0000000084400000, 0x0000000084400000, 0x0000000084500000|  0%| F|  |TAMS 0x0000000084400000, 0x0000000084400000| Untracked 
|  69|0x0000000084500000, 0x0000000084500000, 0x0000000084600000|  0%| F|  |TAMS 0x0000000084500000, 0x0000000084500000| Untracked 
|  70|0x0000000084600000, 0x0000000084600000, 0x0000000084700000|  0%| F|  |TAMS 0x0000000084600000, 0x0000000084600000| Untracked 
|  71|0x0000000084700000, 0x0000000084700000, 0x0000000084800000|  0%| F|  |TAMS 0x0000000084700000, 0x0000000084700000| Untracked 
|  72|0x0000000084800000, 0x0000000084800000, 0x0000000084900000|  0%| F|  |TAMS 0x0000000084800000, 0x0000000084800000| Untracked 
|  73|0x0000000084900000, 0x0000000084900000, 0x0000000084a00000|  0%| F|  |TAMS 0x0000000084900000, 0x0000000084900000| Untracked 
|  74|0x0000000084a00000, 0x0000000084a00000, 0x0000000084b00000|  0%| F|  |TAMS 0x0000000084a00000, 0x0000000084a00000| Untracked 
|  75|0x0000000084b00000, 0x0000000084b22920, 0x0000000084c00000| 13%| S|CS|TAMS 0x0000000084b00000, 0x0000000084b00000| Complete 
|  76|0x0000000084c00000, 0x0000000084d00000, 0x0000000084d00000|100%| S|CS|TAMS 0x0000000084c00000, 0x0000000084c00000| Complete 
|  77|0x0000000084d00000, 0x0000000084e00000, 0x0000000084e00000|100%| S|CS|TAMS 0x0000000084d00000, 0x0000000084d00000| Complete 
|  78|0x0000000084e00000, 0x0000000084f00000, 0x0000000084f00000|100%| S|CS|TAMS 0x0000000084e00000, 0x0000000084e00000| Complete 
|  79|0x0000000084f00000, 0x0000000085000000, 0x0000000085000000|100%| S|CS|TAMS 0x0000000084f00000, 0x0000000084f00000| Complete 
|  80|0x0000000085000000, 0x0000000085000000, 0x0000000085100000|  0%| F|  |TAMS 0x0000000085000000, 0x0000000085000000| Untracked 
|  81|0x0000000085100000, 0x0000000085100000, 0x0000000085200000|  0%| F|  |TAMS 0x0000000085100000, 0x0000000085100000| Untracked 
|  82|0x0000000085200000, 0x0000000085200000, 0x0000000085300000|  0%| F|  |TAMS 0x0000000085200000, 0x0000000085200000| Untracked 
|  83|0x0000000085300000, 0x0000000085300000, 0x0000000085400000|  0%| F|  |TAMS 0x0000000085300000, 0x0000000085300000| Untracked 
|  84|0x0000000085400000, 0x0000000085400000, 0x0000000085500000|  0%| F|  |TAMS 0x0000000085400000, 0x0000000085400000| Untracked 
|  85|0x0000000085500000, 0x0000000085500000, 0x0000000085600000|  0%| F|  |TAMS 0x0000000085500000, 0x0000000085500000| Untracked 
|  86|0x0000000085600000, 0x0000000085600000, 0x0000000085700000|  0%| F|  |TAMS 0x0000000085600000, 0x0000000085600000| Untracked 
|  87|0x0000000085700000, 0x0000000085700000, 0x0000000085800000|  0%| F|  |TAMS 0x0000000085700000, 0x0000000085700000| Untracked 
|  88|0x0000000085800000, 0x0000000085800000, 0x0000000085900000|  0%| F|  |TAMS 0x0000000085800000, 0x0000000085800000| Untracked 
|  89|0x0000000085900000, 0x0000000085900000, 0x0000000085a00000|  0%| F|  |TAMS 0x0000000085900000, 0x0000000085900000| Untracked 
|  90|0x0000000085a00000, 0x0000000085a00000, 0x0000000085b00000|  0%| F|  |TAMS 0x0000000085a00000, 0x0000000085a00000| Untracked 
|  91|0x0000000085b00000, 0x0000000085b00000, 0x0000000085c00000|  0%| F|  |TAMS 0x0000000085b00000, 0x0000000085b00000| Untracked 
|  92|0x0000000085c00000, 0x0000000085c00000, 0x0000000085d00000|  0%| F|  |TAMS 0x0000000085c00000, 0x0000000085c00000| Untracked 
|  93|0x0000000085d00000, 0x0000000085d00000, 0x0000000085e00000|  0%| F|  |TAMS 0x0000000085d00000, 0x0000000085d00000| Untracked 
|  94|0x0000000085e00000, 0x0000000085e00000, 0x0000000085f00000|  0%| F|  |TAMS 0x0000000085e00000, 0x0000000085e00000| Untracked 
|  95|0x0000000085f00000, 0x0000000085f00000, 0x0000000086000000|  0%| F|  |TAMS 0x0000000085f00000, 0x0000000085f00000| Untracked 
|  96|0x0000000086000000, 0x0000000086000000, 0x0000000086100000|  0%| F|  |TAMS 0x0000000086000000, 0x0000000086000000| Untracked 
|  97|0x0000000086100000, 0x0000000086100000, 0x0000000086200000|  0%| F|  |TAMS 0x0000000086100000, 0x0000000086100000| Untracked 
|  98|0x0000000086200000, 0x0000000086200000, 0x0000000086300000|  0%| F|  |TAMS 0x0000000086200000, 0x0000000086200000| Untracked 
|  99|0x0000000086300000, 0x0000000086300000, 0x0000000086400000|  0%| F|  |TAMS 0x0000000086300000, 0x0000000086300000| Untracked 
| 100|0x0000000086400000, 0x0000000086400000, 0x0000000086500000|  0%| F|  |TAMS 0x0000000086400000, 0x0000000086400000| Untracked 
| 101|0x0000000086500000, 0x0000000086500000, 0x0000000086600000|  0%| F|  |TAMS 0x0000000086500000, 0x0000000086500000| Untracked 
| 102|0x0000000086600000, 0x0000000086600000, 0x0000000086700000|  0%| F|  |TAMS 0x0000000086600000, 0x0000000086600000| Untracked 
| 103|0x0000000086700000, 0x0000000086700000, 0x0000000086800000|  0%| F|  |TAMS 0x0000000086700000, 0x0000000086700000| Untracked 
| 104|0x0000000086800000, 0x0000000086800000, 0x0000000086900000|  0%| F|  |TAMS 0x0000000086800000, 0x0000000086800000| Untracked 
| 105|0x0000000086900000, 0x0000000086900000, 0x0000000086a00000|  0%| F|  |TAMS 0x0000000086900000, 0x0000000086900000| Untracked 
| 106|0x0000000086a00000, 0x0000000086a00000, 0x0000000086b00000|  0%| F|  |TAMS 0x0000000086a00000, 0x0000000086a00000| Untracked 
| 107|0x0000000086b00000, 0x0000000086b00000, 0x0000000086c00000|  0%| F|  |TAMS 0x0000000086b00000, 0x0000000086b00000| Untracked 
| 108|0x0000000086c00000, 0x0000000086c00000, 0x0000000086d00000|  0%| F|  |TAMS 0x0000000086c00000, 0x0000000086c00000| Untracked 
| 109|0x0000000086d00000, 0x0000000086d00000, 0x0000000086e00000|  0%| F|  |TAMS 0x0000000086d00000, 0x0000000086d00000| Untracked 
| 110|0x0000000086e00000, 0x0000000086e00000, 0x0000000086f00000|  0%| F|  |TAMS 0x0000000086e00000, 0x0000000086e00000| Untracked 
| 111|0x0000000086f00000, 0x0000000086f00000, 0x0000000087000000|  0%| F|  |TAMS 0x0000000086f00000, 0x0000000086f00000| Untracked 
| 112|0x0000000087000000, 0x0000000087000000, 0x0000000087100000|  0%| F|  |TAMS 0x0000000087000000, 0x0000000087000000| Untracked 
| 113|0x0000000087100000, 0x0000000087100000, 0x0000000087200000|  0%| F|  |TAMS 0x0000000087100000, 0x0000000087100000| Untracked 
| 114|0x0000000087200000, 0x0000000087200000, 0x0000000087300000|  0%| F|  |TAMS 0x0000000087200000, 0x0000000087200000| Untracked 
| 115|0x0000000087300000, 0x0000000087300000, 0x0000000087400000|  0%| F|  |TAMS 0x0000000087300000, 0x0000000087300000| Untracked 
| 116|0x0000000087400000, 0x0000000087400000, 0x0000000087500000|  0%| F|  |TAMS 0x0000000087400000, 0x0000000087400000| Untracked 
| 117|0x0000000087500000, 0x0000000087500000, 0x0000000087600000|  0%| F|  |TAMS 0x0000000087500000, 0x0000000087500000| Untracked 
| 118|0x0000000087600000, 0x0000000087600000, 0x0000000087700000|  0%| F|  |TAMS 0x0000000087600000, 0x0000000087600000| Untracked 
| 119|0x0000000087700000, 0x0000000087700000, 0x0000000087800000|  0%| F|  |TAMS 0x0000000087700000, 0x0000000087700000| Untracked 
| 120|0x0000000087800000, 0x0000000087800000, 0x0000000087900000|  0%| F|  |TAMS 0x0000000087800000, 0x0000000087800000| Untracked 
| 121|0x0000000087900000, 0x0000000087900000, 0x0000000087a00000|  0%| F|  |TAMS 0x0000000087900000, 0x0000000087900000| Untracked 
| 122|0x0000000087a00000, 0x0000000087a00000, 0x0000000087b00000|  0%| F|  |TAMS 0x0000000087a00000, 0x0000000087a00000| Untracked 
| 123|0x0000000087b00000, 0x0000000087b00000, 0x0000000087c00000|  0%| F|  |TAMS 0x0000000087b00000, 0x0000000087b00000| Untracked 
| 124|0x0000000087c00000, 0x0000000087c00000, 0x0000000087d00000|  0%| F|  |TAMS 0x0000000087c00000, 0x0000000087c00000| Untracked 
| 125|0x0000000087d00000, 0x0000000087d00000, 0x0000000087e00000|  0%| F|  |TAMS 0x0000000087d00000, 0x0000000087d00000| Untracked 
| 126|0x0000000087e00000, 0x0000000087e00000, 0x0000000087f00000|  0%| F|  |TAMS 0x0000000087e00000, 0x0000000087e00000| Untracked 
| 127|0x0000000087f00000, 0x0000000087f00000, 0x0000000088000000|  0%| F|  |TAMS 0x0000000087f00000, 0x0000000087f00000| Untracked 

Card table byte_map: [0x000001ccff100000,0x000001ccff500000] _byte_map_base: 0x000001ccfed00000

Marking Bits (Prev, Next): (CMBitMap*) 0x000001ccf9179bf8, (CMBitMap*) 0x000001ccf9179c30
 Prev Bits: [0x000001cc8f000000, 0x000001cc91000000)
 Next Bits: [0x000001cc91000000, 0x000001cc93000000)

Polling page: 0x000001ccf9220000

Metaspace:

Usage:
  Non-class:     38.61 MB capacity,    37.91 MB ( 98%) used,   621.00 KB (  2%) free+waste,    96.19 KB ( <1%) overhead. 
      Class:      5.98 MB capacity,     5.59 MB ( 93%) used,   357.69 KB (  6%) free+waste,    47.13 KB ( <1%) overhead. 
       Both:     44.59 MB capacity,    43.49 MB ( 98%) used,   978.69 KB (  2%) free+waste,   143.31 KB ( <1%) overhead. 

Virtual space:
  Non-class space:       40.00 MB reserved,      38.67 MB ( 97%) committed 
      Class space:        1.00 GB reserved,       6.02 MB ( <1%) committed 
             Both:        1.04 GB reserved,      44.70 MB (  4%) committed 

Chunk freelists:
   Non-Class:  2.00 KB
       Class:  0 bytes
        Both:  2.00 KB

MaxMetaspaceSize: 17179869184.00 GB
CompressedClassSpaceSize: 1.00 GB

CodeHeap 'non-profiled nmethods': size=120000Kb used=2156Kb max_used=2156Kb free=117843Kb
 bounds [0x000001cc87ad0000, 0x000001cc87d40000, 0x000001cc8f000000]
CodeHeap 'profiled nmethods': size=120000Kb used=7524Kb max_used=7524Kb free=112475Kb
 bounds [0x000001cc805a0000, 0x000001cc80d00000, 0x000001cc87ad0000]
CodeHeap 'non-nmethods': size=5760Kb used=2195Kb max_used=2242Kb free=3564Kb
 bounds [0x000001cc80000000, 0x000001cc80270000, 0x000001cc805a0000]
 total_blobs=4189 nmethods=3429 adapters=671
 compilation: enabled
              stopped_count=0, restarted_count=0
 full_count=0

Compilation events (20 events):
Event: 5.004 Thread 0x000001cc9540f000 3668       1       org.gradle.internal.logging.progress.DefaultProgressLoggerFactory::access$200 (5 bytes)
Event: 5.004 Thread 0x000001cc9540f000 nmethod 3668 0x000001cc87b82310 code [0x000001cc87b824c0, 0x000001cc87b82558]
Event: 5.005 Thread 0x000001cc9540f000 3669       3       org.objectweb.asm.Label::addLineNumber (89 bytes)
Event: 5.005 Thread 0x000001cc9540f000 nmethod 3669 0x000001cc80cdb610 code [0x000001cc80cdb800, 0x000001cc80cdbd08]
Event: 5.005 Thread 0x000001cc9540f000 3670       3       org.objectweb.asm.ClassReader::readCode (5089 bytes)
Event: 5.041 Thread 0x000001cc9540f000 nmethod 3670 0x000001cc80cdbe90 code [0x000001cc80cdd440, 0x000001cc80cf0ce8]
Event: 5.041 Thread 0x000001cc9540f000 3671       3       org.objectweb.asm.MethodWriter::visitLineNumber (50 bytes)
Event: 5.042 Thread 0x000001cc9540f000 nmethod 3671 0x000001cc80cfa410 code [0x000001cc80cfa600, 0x000001cc80cfaa78]
Event: 5.042 Thread 0x000001cc9540f000 3675       3       sun.misc.Unsafe::compareAndSwapObject (13 bytes)
Event: 5.042 Thread 0x000001cc9540f000 nmethod 3675 0x000001cc808c4310 code [0x000001cc808c44c0, 0x000001cc808c4618]
Event: 5.042 Thread 0x000001cc9540f000 3673       3       com.google.common.collect.ImmutableList::asImmutableList (18 bytes)
Event: 5.042 Thread 0x000001cc9540f000 nmethod 3673 0x000001cc80cfac10 code [0x000001cc80cfae00, 0x000001cc80cfb238]
Event: 5.042 Thread 0x000001cc9540f000 3674       3       java.lang.invoke.MethodHandles$Lookup::lookupModes (8 bytes)
Event: 5.042 Thread 0x000001cc9540f000 nmethod 3674 0x000001cc80cfb410 code [0x000001cc80cfb5c0, 0x000001cc80cfb6b8]
Event: 5.042 Thread 0x000001cc9540f000 3677       1       org.gradle.internal.hash.HashCode::getBytes (5 bytes)
Event: 5.042 Thread 0x000001cc9540f000 nmethod 3677 0x000001cc87b82010 code [0x000001cc87b821c0, 0x000001cc87b82278]
Event: 5.042 Thread 0x000001cc9540f000 3679       1       org.gradle.cache.internal.btree.FileBackedBlockStore::access$200 (5 bytes)
Event: 5.042 Thread 0x000001cc9540f000 nmethod 3679 0x000001cc87b81d10 code [0x000001cc87b81ec0, 0x000001cc87b81f58]
Event: 5.042 Thread 0x000001cc9540f000 3678       1       org.gradle.cache.internal.DefaultCacheFactory$DirCacheReference::access$600 (5 bytes)
Event: 5.042 Thread 0x000001cc9540f000 nmethod 3678 0x000001cc87b81a10 code [0x000001cc87b81bc0, 0x000001cc87b81c58]

GC Heap History (13 events):
Event: 0.705 GC heap before
{Heap before GC invocations=0 (full 0):
 garbage-first heap   total 131072K, used 29696K [0x0000000080000000, 0x0000000100000000)
  region size 1024K, 24 young (24576K), 0 survivors (0K)
 Metaspace       used 10472K, capacity 10677K, committed 11008K, reserved 1058816K
  class space    used 1097K, capacity 1195K, committed 1280K, reserved 1048576K
}
Event: 0.709 GC heap after
{Heap after GC invocations=1 (full 0):
 garbage-first heap   total 131072K, used 8651K [0x0000000080000000, 0x0000000100000000)
  region size 1024K, 3 young (3072K), 3 survivors (3072K)
 Metaspace       used 10472K, capacity 10677K, committed 11008K, reserved 1058816K
  class space    used 1097K, capacity 1195K, committed 1280K, reserved 1048576K
}
Event: 2.247 GC heap before
{Heap before GC invocations=1 (full 0):
 garbage-first heap   total 131072K, used 82379K [0x0000000080000000, 0x0000000100000000)
  region size 1024K, 76 young (77824K), 3 survivors (3072K)
 Metaspace       used 18959K, capacity 19473K, committed 19712K, reserved 1067008K
  class space    used 2289K, capacity 2469K, committed 2560K, reserved 1048576K
}
Event: 2.253 GC heap after
{Heap after GC invocations=2 (full 0):
 garbage-first heap   total 131072K, used 15419K [0x0000000080000000, 0x0000000100000000)
  region size 1024K, 10 young (10240K), 10 survivors (10240K)
 Metaspace       used 18959K, capacity 19473K, committed 19712K, reserved 1067008K
  class space    used 2289K, capacity 2469K, committed 2560K, reserved 1048576K
}
Event: 2.348 GC heap before
{Heap before GC invocations=2 (full 0):
 garbage-first heap   total 131072K, used 27707K [0x0000000080000000, 0x0000000100000000)
  region size 1024K, 23 young (23552K), 10 survivors (10240K)
 Metaspace       used 20567K, capacity 21139K, committed 21296K, reserved 1069056K
  class space    used 2516K, capacity 2688K, committed 2688K, reserved 1048576K
}
Event: 2.354 GC heap after
{Heap after GC invocations=3 (full 0):
 garbage-first heap   total 131072K, used 16099K [0x0000000080000000, 0x0000000100000000)
  region size 1024K, 1 young (1024K), 1 survivors (1024K)
 Metaspace       used 20567K, capacity 21139K, committed 21296K, reserved 1069056K
  class space    used 2516K, capacity 2688K, committed 2688K, reserved 1048576K
}
Event: 2.865 GC heap before
{Heap before GC invocations=4 (full 0):
 garbage-first heap   total 131072K, used 77539K [0x0000000080000000, 0x0000000100000000)
  region size 1024K, 53 young (54272K), 1 survivors (1024K)
 Metaspace       used 26082K, capacity 26863K, committed 26928K, reserved 1073152K
  class space    used 3399K, capacity 3650K, committed 3712K, reserved 1048576K
}
Event: 2.868 GC heap after
{Heap after GC invocations=5 (full 0):
 garbage-first heap   total 131072K, used 29306K [0x0000000080000000, 0x0000000100000000)
  region size 1024K, 5 young (5120K), 5 survivors (5120K)
 Metaspace       used 26082K, capacity 26863K, committed 26928K, reserved 1073152K
  class space    used 3399K, capacity 3650K, committed 3712K, reserved 1048576K
}
Event: 3.607 GC heap before
{Heap before GC invocations=5 (full 0):
 garbage-first heap   total 131072K, used 81530K [0x0000000080000000, 0x0000000100000000)
  region size 1024K, 57 young (58368K), 5 survivors (5120K)
 Metaspace       used 34911K, capacity 35644K, committed 35708K, reserved 1081344K
  class space    used 4514K, capacity 4799K, committed 4812K, reserved 1048576K
}
Event: 3.615 GC heap after
{Heap after GC invocations=6 (full 0):
 garbage-first heap   total 131072K, used 33607K [0x0000000080000000, 0x0000000100000000)
  region size 1024K, 5 young (5120K), 5 survivors (5120K)
 Metaspace       used 34911K, capacity 35644K, committed 35708K, reserved 1081344K
  class space    used 4514K, capacity 4799K, committed 4812K, reserved 1048576K
}
Event: 4.389 GC heap before
{Heap before GC invocations=7 (full 0):
 garbage-first heap   total 131072K, used 97095K [0x0000000080000000, 0x0000000100000000)
  region size 1024K, 58 young (59392K), 5 survivors (5120K)
 Metaspace       used 40398K, capacity 41482K, committed 41672K, reserved 1085440K
  class space    used 5188K, capacity 5593K, committed 5656K, reserved 1048576K
}
Event: 4.396 GC heap after
{Heap after GC invocations=8 (full 0):
 garbage-first heap   total 131072K, used 45175K [0x0000000080000000, 0x0000000100000000)
  region size 1024K, 8 young (8192K), 8 survivors (8192K)
 Metaspace       used 40398K, capacity 41482K, committed 41672K, reserved 1085440K
  class space    used 5188K, capacity 5593K, committed 5656K, reserved 1048576K
}
Event: 5.044 GC heap before
{Heap before GC invocations=8 (full 0):
 garbage-first heap   total 131072K, used 94327K [0x0000000080000000, 0x0000000100000000)
  region size 1024K, 56 young (57344K), 8 survivors (8192K)
 Metaspace       used 44538K, capacity 45660K, committed 45768K, reserved 1089536K
  class space    used 5721K, capacity 6126K, committed 6168K, reserved 1048576K
}

Deoptimization events (20 events):
Event: 4.956 Thread 0x000001cc97c55800 Uncommon trap: trap_request=0xffffff4d fr.pc=0x000001cc87bc1d04 relative=0x00000000000001c4
Event: 4.956 Thread 0x000001cc97c55800 Uncommon trap: reason=unstable_if action=reinterpret pc=0x000001cc87bc1d04 method=java.util.HashMap.getNode(ILjava/lang/Object;)Ljava/util/HashMap$Node; @ 53 c2
Event: 4.956 Thread 0x000001cc97c55800 DEOPT PACKING pc=0x000001cc87bc1d04 sp=0x0000002bcbbf9230
Event: 4.956 Thread 0x000001cc97c55800 DEOPT UNPACKING pc=0x000001cc800274af sp=0x0000002bcbbf91b8 mode 2
Event: 4.956 Thread 0x000001cc97c55800 Uncommon trap: trap_request=0xffffff4d fr.pc=0x000001cc87b04094 relative=0x00000000000000d4
Event: 4.956 Thread 0x000001cc97c55800 Uncommon trap: reason=unstable_if action=reinterpret pc=0x000001cc87b04094 method=java.util.HashMap.hash(Ljava/lang/Object;)I @ 1 c2
Event: 4.956 Thread 0x000001cc97c55800 DEOPT PACKING pc=0x000001cc87b04094 sp=0x0000002bcbbf92a0
Event: 4.956 Thread 0x000001cc97c55800 DEOPT UNPACKING pc=0x000001cc800274af sp=0x0000002bcbbf91e0 mode 2
Event: 4.956 Thread 0x000001cc97c55800 Uncommon trap: trap_request=0xffffff4d fr.pc=0x000001cc87ce9148 relative=0x00000000000006c8
Event: 4.956 Thread 0x000001cc97c55800 Uncommon trap: reason=unstable_if action=reinterpret pc=0x000001cc87ce9148 method=java.util.HashMap.putVal(ILjava/lang/Object;Ljava/lang/Object;ZZ)Ljava/lang/Object; @ 85 c2
Event: 4.956 Thread 0x000001cc97c55800 DEOPT PACKING pc=0x000001cc87ce9148 sp=0x0000002bcbbf91d0
Event: 4.956 Thread 0x000001cc97c55800 DEOPT UNPACKING pc=0x000001cc800274af sp=0x0000002bcbbf9188 mode 2
Event: 4.964 Thread 0x000001cc97c55800 Uncommon trap: trap_request=0xffffff4d fr.pc=0x000001cc87c55e00 relative=0x0000000000000320
Event: 4.964 Thread 0x000001cc97c55800 Uncommon trap: reason=unstable_if action=reinterpret pc=0x000001cc87c55e00 method=org.gradle.internal.reflect.PropertyAccessorType.isGetGetterName(Ljava/lang/String;)Z @ 14 c2
Event: 4.964 Thread 0x000001cc97c55800 DEOPT PACKING pc=0x000001cc87c55e00 sp=0x0000002bcbbf9b10
Event: 4.964 Thread 0x000001cc97c55800 DEOPT UNPACKING pc=0x000001cc800274af sp=0x0000002bcbbf9a68 mode 2
Event: 4.999 Thread 0x000001cc97c55800 Uncommon trap: trap_request=0xffffff4d fr.pc=0x000001cc87c75c2c relative=0x000000000000220c
Event: 5.000 Thread 0x000001cc97c55800 Uncommon trap: reason=unstable_if action=reinterpret pc=0x000001cc87c75c2c method=java.util.concurrent.ConcurrentHashMap.computeIfAbsent(Ljava/lang/Object;Ljava/util/function/Function;)Ljava/lang/Object; @ 123 c2
Event: 5.000 Thread 0x000001cc97c55800 DEOPT PACKING pc=0x000001cc87c75c2c sp=0x0000002bcbbfaaf0
Event: 5.000 Thread 0x000001cc97c55800 DEOPT UNPACKING pc=0x000001cc800274af sp=0x0000002bcbbfaa90 mode 2

Classes redefined (0 events):
No events

Internal exceptions (20 events):
Event: 4.901 Thread 0x000001cc97c55800 Exception <a 'java/lang/ClassNotFoundException'{0x0000000085948f48}: org/gradle/tooling/provider/model/internal/DefaultToolingModelBuilderRegistryCustomizer> (0x0000000085948f48) thrown at [./src/hotspot/share/classfile/systemDictionary.cpp, line 231]
Event: 4.904 Thread 0x000001cc97c55800 Exception <a 'java/lang/ClassNotFoundException'{0x00000000859776d0}: org/codehaus/groovy/reflection/CachedFieldBeanInfo> (0x00000000859776d0) thrown at [./src/hotspot/share/classfile/systemDictionary.cpp, line 231]
Event: 4.904 Thread 0x000001cc97c55800 Exception <a 'java/lang/ClassNotFoundException'{0x0000000085986d18}: groovy/lang/MetaPropertyBeanInfo> (0x0000000085986d18) thrown at [./src/hotspot/share/classfile/systemDictionary.cpp, line 231]
Event: 4.904 Thread 0x000001cc97c55800 Exception <a 'java/lang/ClassNotFoundException'{0x0000000085996798}: groovy/lang/MetaPropertyCustomizer> (0x0000000085996798) thrown at [./src/hotspot/share/classfile/systemDictionary.cpp, line 231]
Event: 4.905 Thread 0x000001cc97c55800 Exception <a 'java/lang/ClassNotFoundException'{0x00000000859ad648}: org/codehaus/groovy/reflection/CachedFieldCustomizer> (0x00000000859ad648) thrown at [./src/hotspot/share/classfile/systemDictionary.cpp, line 231]
Event: 4.908 Thread 0x000001cc97c55800 Implicit null exception at 0x000001cc87ca1428 to 0x000001cc87ca1e94
Event: 4.912 Thread 0x000001cc97c55800 Exception <a 'java/lang/ClassNotFoundException'{0x00000000858d5ad0}: java/util/ArrayListBeanInfo> (0x00000000858d5ad0) thrown at [./src/hotspot/share/classfile/systemDictionary.cpp, line 231]
Event: 4.912 Thread 0x000001cc97c55800 Exception <a 'java/lang/ClassNotFoundException'{0x00000000858de6f0}: java/util/AbstractListBeanInfo> (0x00000000858de6f0) thrown at [./src/hotspot/share/classfile/systemDictionary.cpp, line 231]
Event: 4.912 Thread 0x000001cc97c55800 Exception <a 'java/lang/ClassNotFoundException'{0x00000000858e7c50}: java/util/AbstractCollectionBeanInfo> (0x00000000858e7c50) thrown at [./src/hotspot/share/classfile/systemDictionary.cpp, line 231]
Event: 4.913 Thread 0x000001cc97c55800 Exception <a 'java/lang/ClassNotFoundException'{0x00000000858f1188}: java/util/AbstractCollectionCustomizer> (0x00000000858f1188) thrown at [./src/hotspot/share/classfile/systemDictionary.cpp, line 231]
Event: 4.913 Thread 0x000001cc97c55800 Exception <a 'java/lang/ClassNotFoundException'{0x0000000085703230}: java/util/AbstractListCustomizer> (0x0000000085703230) thrown at [./src/hotspot/share/classfile/systemDictionary.cpp, line 231]
Event: 4.914 Thread 0x000001cc97c55800 Exception <a 'java/lang/ClassNotFoundException'{0x0000000085716be8}: java/util/ArrayListCustomizer> (0x0000000085716be8) thrown at [./src/hotspot/share/classfile/systemDictionary.cpp, line 231]
Event: 4.918 Thread 0x000001cc97c55800 Exception <a 'java/lang/ClassNotFoundException'{0x0000000085795d30}: java/util/CollectionBeanInfo> (0x0000000085795d30) thrown at [./src/hotspot/share/classfile/systemDictionary.cpp, line 231]
Event: 4.918 Thread 0x000001cc97c55800 Exception <a 'java/lang/ClassNotFoundException'{0x000000008579ebc8}: java/util/CollectionCustomizer> (0x000000008579ebc8) thrown at [./src/hotspot/share/classfile/systemDictionary.cpp, line 231]
Event: 4.955 Thread 0x000001cc97c55800 Implicit null exception at 0x000001cc87bc5574 to 0x000001cc87bc5784
Event: 4.956 Thread 0x000001cc97c55800 Implicit null exception at 0x000001cc87b03ff8 to 0x000001cc87b0408a
Event: 5.034 Thread 0x000001cc97c55800 Exception <a 'java/lang/ClassNotFoundException'{0x0000000085054fb0}: build_8j29dnedp9zpxyrzo7unvvfwmBeanInfo> (0x0000000085054fb0) thrown at [./src/hotspot/share/classfile/systemDictionary.cpp, line 231]
Event: 5.035 Thread 0x000001cc97c55800 Exception <a 'java/lang/ClassNotFoundException'{0x00000000850658e8}: org/gradle/api/internal/project/ProjectScriptBeanInfo> (0x00000000850658e8) thrown at [./src/hotspot/share/classfile/systemDictionary.cpp, line 231]
Event: 5.035 Thread 0x000001cc97c55800 Exception <a 'java/lang/ClassNotFoundException'{0x0000000085076230}: org/gradle/api/internal/project/ProjectScriptCustomizer> (0x0000000085076230) thrown at [./src/hotspot/share/classfile/systemDictionary.cpp, line 231]
Event: 5.036 Thread 0x000001cc97c55800 Exception <a 'java/lang/ClassNotFoundException'{0x000000008508f330}: build_8j29dnedp9zpxyrzo7unvvfwmCustomizer> (0x000000008508f330) thrown at [./src/hotspot/share/classfile/systemDictionary.cpp, line 231]

Events (20 events):
Event: 5.035 loading class org/gradle/api/internal/project/ProjectScriptBeanInfo done
Event: 5.035 loading class org/gradle/api/internal/project/ProjectScriptCustomizer
Event: 5.035 loading class org/gradle/api/internal/project/ProjectScriptCustomizer done
Event: 5.035 loading class org/gradle/api/internal/project/ProjectScriptCustomizer
Event: 5.035 loading class org/gradle/api/internal/project/ProjectScriptCustomizer done
Event: 5.035 loading class org/gradle/api/internal/project/ProjectScriptCustomizer
Event: 5.035 loading class org/gradle/api/internal/project/ProjectScriptCustomizer done
Event: 5.036 loading class build_8j29dnedp9zpxyrzo7unvvfwmCustomizer
Event: 5.036 loading class build_8j29dnedp9zpxyrzo7unvvfwmCustomizer done
Event: 5.036 loading class build_8j29dnedp9zpxyrzo7unvvfwmCustomizer
Event: 5.036 loading class build_8j29dnedp9zpxyrzo7unvvfwmCustomizer done
Event: 5.037 loading class org/gradle/internal/service/scopes/ProjectScopeServices
Event: 5.037 loading class org/gradle/internal/service/scopes/ProjectScopeServices done
Event: 5.038 loading class groovy/runtime/metaclass/build_8j29dnedp9zpxyrzo7unvvfwm$_run_closure1MetaClass
Event: 5.038 loading class groovy/runtime/metaclass/build_8j29dnedp9zpxyrzo7unvvfwm$_run_closure1MetaClass done
Event: 5.042 loading class groovy/runtime/metaclass/build_8j29dnedp9zpxyrzo7unvvfwm$_run_closure1$_closure2MetaClass
Event: 5.042 loading class groovy/runtime/metaclass/build_8j29dnedp9zpxyrzo7unvvfwm$_run_closure1$_closure2MetaClass done
Event: 5.043 loading class groovy/runtime/metaclass/org/gradle/api/internal/artifacts/dsl/DefaultRepositoryHandler_DecoratedMetaClass
Event: 5.043 loading class groovy/runtime/metaclass/org/gradle/api/internal/artifacts/dsl/DefaultRepositoryHandler_DecoratedMetaClass done
Event: 5.044 Executing VM operation: G1CollectForAllocation


Dynamic libraries:
0x00007ff6991b0000 - 0x00007ff6991ba000 	C:\Users\Dark Knight\Desktop\Android Studio\jre\bin\java.exe
0x00007ff9b2730000 - 0x00007ff9b2925000 	C:\WINDOWS\SYSTEM32\ntdll.dll
0x00007ff9b1dc0000 - 0x00007ff9b1e7e000 	C:\WINDOWS\System32\KERNEL32.DLL
0x00007ff9b0250000 - 0x00007ff9b0518000 	C:\WINDOWS\System32\KERNELBASE.dll
0x00007ff9b0150000 - 0x00007ff9b0250000 	C:\WINDOWS\System32\ucrtbase.dll
0x00007ff9935a0000 - 0x00007ff9935b7000 	C:\Users\Dark Knight\Desktop\Android Studio\jre\bin\VCRUNTIME140.dll
0x00007ff99e650000 - 0x00007ff99e669000 	C:\Users\Dark Knight\Desktop\Android Studio\jre\bin\jli.dll
0x00007ff9b09e0000 - 0x00007ff9b0b81000 	C:\WINDOWS\System32\USER32.dll
0x00007ff9affa0000 - 0x00007ff9affc2000 	C:\WINDOWS\System32\win32u.dll
0x00007ff99a6f0000 - 0x00007ff99a98a000 	C:\WINDOWS\WinSxS\amd64_microsoft.windows.common-controls_6595b64144ccf1df_6.0.19041.1110_none_60b5254171f9507e\COMCTL32.dll
0x00007ff9b2010000 - 0x00007ff9b203b000 	C:\WINDOWS\System32\GDI32.dll
0x00007ff9b1300000 - 0x00007ff9b139e000 	C:\WINDOWS\System32\msvcrt.dll
0x00007ff9b0660000 - 0x00007ff9b076d000 	C:\WINDOWS\System32\gdi32full.dll
0x00007ff9b0000000 - 0x00007ff9b009d000 	C:\WINDOWS\System32\msvcp_win.dll
0x00007ff9b2170000 - 0x00007ff9b21a0000 	C:\WINDOWS\System32\IMM32.DLL
0x00007ff9782c0000 - 0x00007ff97835d000 	C:\Users\Dark Knight\Desktop\Android Studio\jre\bin\msvcp140.dll
0x00007ff9558c0000 - 0x00007ff95637c000 	C:\Users\Dark Knight\Desktop\Android Studio\jre\bin\server\jvm.dll
0x00007ff9b25b0000 - 0x00007ff9b265c000 	C:\WINDOWS\System32\ADVAPI32.dll
0x00007ff9b1af0000 - 0x00007ff9b1b8b000 	C:\WINDOWS\System32\sechost.dll
0x00007ff9b1120000 - 0x00007ff9b124a000 	C:\WINDOWS\System32\RPCRT4.dll
0x00007ff9b0b90000 - 0x00007ff9b0b98000 	C:\WINDOWS\System32\PSAPI.DLL
0x00007ff9a54b0000 - 0x00007ff9a54ba000 	C:\WINDOWS\SYSTEM32\VERSION.dll
0x00007ff9ab1d0000 - 0x00007ff9ab1d9000 	C:\WINDOWS\SYSTEM32\WSOCK32.dll
0x00007ff99c0d0000 - 0x00007ff99c0f7000 	C:\WINDOWS\SYSTEM32\WINMM.dll
0x00007ff9b1fa0000 - 0x00007ff9b200b000 	C:\WINDOWS\System32\WS2_32.dll
0x00007ff9ae6c0000 - 0x00007ff9ae6d2000 	C:\WINDOWS\SYSTEM32\kernel.appcore.dll
0x00007ff9a73c0000 - 0x00007ff9a73d1000 	C:\Users\Dark Knight\Desktop\Android Studio\jre\bin\verify.dll
0x00007ff9adae0000 - 0x00007ff9adcc4000 	C:\WINDOWS\SYSTEM32\DBGHELP.DLL
0x00007ff9982c0000 - 0x00007ff9982ec000 	C:\WINDOWS\SYSTEM32\dbgcore.DLL
0x00007ff9b05d0000 - 0x00007ff9b0652000 	C:\WINDOWS\System32\bcryptPrimitives.dll
0x00007ff9912a0000 - 0x00007ff9912c9000 	C:\Users\Dark Knight\Desktop\Android Studio\jre\bin\java.dll
0x00007ff9a8c00000 - 0x00007ff9a8c0b000 	C:\Users\Dark Knight\Desktop\Android Studio\jre\bin\jimage.dll
0x00007ff983840000 - 0x00007ff983858000 	C:\Users\Dark Knight\Desktop\Android Studio\jre\bin\zip.dll
0x00007ff9b13a0000 - 0x00007ff9b1ae4000 	C:\WINDOWS\System32\SHELL32.dll
0x00007ff9adf10000 - 0x00007ff9ae6a4000 	C:\WINDOWS\SYSTEM32\windows.storage.dll
0x00007ff9b21a0000 - 0x00007ff9b24f5000 	C:\WINDOWS\System32\combase.dll
0x00007ff9af7c0000 - 0x00007ff9af7ee000 	C:\WINDOWS\SYSTEM32\Wldp.dll
0x00007ff9b1250000 - 0x00007ff9b12fd000 	C:\WINDOWS\System32\SHCORE.dll
0x00007ff9b0770000 - 0x00007ff9b07c5000 	C:\WINDOWS\System32\shlwapi.dll
0x00007ff9afd80000 - 0x00007ff9afd9f000 	C:\WINDOWS\SYSTEM32\profapi.dll
0x00007ff983820000 - 0x00007ff98383a000 	C:\Users\Dark Knight\Desktop\Android Studio\jre\bin\net.dll
0x00007ff99e9a0000 - 0x00007ff99eaac000 	C:\WINDOWS\SYSTEM32\WINHTTP.dll
0x00007ff9af520000 - 0x00007ff9af58a000 	C:\WINDOWS\system32\mswsock.dll
0x00007ff982700000 - 0x00007ff982714000 	C:\Users\Dark Knight\Desktop\Android Studio\jre\bin\nio.dll
0x00007ff998310000 - 0x00007ff998337000 	C:\Users\Dark Knight\.gradle\native\fdc75f09e3144964f2cf3f50f0aa648679c211496f362492102eb8c894070792\windows-amd64\native-platform.dll
0x00007ff96d220000 - 0x00007ff96d3b6000 	C:\Users\Dark Knight\.gradle\native\12488b8bf47d2d4c9fbf2f6322a914ad602e24e48041cd04a747c6da556b65c4\windows-amd64\native-platform-file-events.dll
0x00007ff9a7560000 - 0x00007ff9a756a000 	C:\Users\Dark Knight\Desktop\Android Studio\jre\bin\management.dll
0x00007ff9a6fa0000 - 0x00007ff9a6fac000 	C:\Users\Dark Knight\Desktop\Android Studio\jre\bin\management_ext.dll
0x00007ff9af710000 - 0x00007ff9af728000 	C:\WINDOWS\SYSTEM32\CRYPTSP.dll
0x00007ff9aeea0000 - 0x00007ff9aeed4000 	C:\WINDOWS\system32\rsaenh.dll
0x00007ff9affd0000 - 0x00007ff9afff7000 	C:\WINDOWS\System32\bcrypt.dll
0x00007ff9afd40000 - 0x00007ff9afd6e000 	C:\WINDOWS\SYSTEM32\USERENV.dll
0x00007ff9af730000 - 0x00007ff9af73c000 	C:\WINDOWS\SYSTEM32\CRYPTBASE.dll
0x00007ff9af210000 - 0x00007ff9af24b000 	C:\WINDOWS\SYSTEM32\IPHLPAPI.DLL
0x00007ff9b1ba0000 - 0x00007ff9b1ba8000 	C:\WINDOWS\System32\NSI.dll
0x00007ff9a14e0000 - 0x00007ff9a14f7000 	C:\WINDOWS\SYSTEM32\dhcpcsvc6.DLL
0x00007ff9a15f0000 - 0x00007ff9a160d000 	C:\WINDOWS\SYSTEM32\dhcpcsvc.DLL
0x00007ff9af250000 - 0x00007ff9af31b000 	C:\WINDOWS\SYSTEM32\DNSAPI.dll
0x00007ff9a5000000 - 0x00007ff9a500b000 	C:\WINDOWS\SYSTEM32\WINNSI.DLL

dbghelp: loaded successfully - version: 4.0.5 - missing functions: none
symbol engine: initialized successfully - sym options: 0x614 - pdb path: .;C:\Users\Dark Knight\Desktop\Android Studio\jre\bin;C:\WINDOWS\SYSTEM32;C:\WINDOWS\WinSxS\amd64_microsoft.windows.common-controls_6595b64144ccf1df_6.0.19041.1110_none_60b5254171f9507e;C:\Users\Dark Knight\Desktop\Android Studio\jre\bin\server;C:\Users\Dark Knight\.gradle\native\fdc75f09e3144964f2cf3f50f0aa648679c211496f362492102eb8c894070792\windows-amd64;C:\Users\Dark Knight\.gradle\native\12488b8bf47d2d4c9fbf2f6322a914ad602e24e48041cd04a747c6da556b65c4\windows-amd64

VM Arguments:
jvm_args: --add-opens=java.base/java.util=ALL-UNNAMED --add-opens=java.base/java.lang=ALL-UNNAMED --add-opens=java.base/java.lang.invoke=ALL-UNNAMED --add-opens=java.prefs/java.util.prefs=ALL-UNNAMED -Xmx2048m -Dfile.encoding=UTF-8 -Duser.country=IN -Duser.language=en -Duser.variant 
java_command: org.gradle.launcher.daemon.bootstrap.GradleDaemon 6.7.1
java_class_path (initial): C:\Users\Dark Knight\.gradle\wrapper\dists\gradle-6.7.1-bin\bwlcbys1h7rz3272sye1xwiv6\gradle-6.7.1\lib\gradle-launcher-6.7.1.jar
Launcher Type: SUN_STANDARD

[Global flags]
     intx CICompilerCount                          = 4                                         {product} {ergonomic}
     uint ConcGCThreads                            = 2                                         {product} {ergonomic}
     uint G1ConcRefinementThreads                  = 8                                         {product} {ergonomic}
   size_t G1HeapRegionSize                         = 1048576                                   {product} {ergonomic}
    uintx GCDrainStackTargetSize                   = 64                                        {product} {ergonomic}
   size_t InitialHeapSize                          = 134217728                                 {product} {ergonomic}
   size_t MarkStackSize                            = 4194304                                   {product} {ergonomic}
   size_t MaxHeapSize                              = 2147483648                                {product} {command line}
   size_t MaxNewSize                               = 1287651328                                {product} {ergonomic}
   size_t MinHeapDeltaBytes                        = 1048576                                   {product} {ergonomic}
    uintx NonNMethodCodeHeapSize                   = 5836300                                {pd product} {ergonomic}
    uintx NonProfiledCodeHeapSize                  = 122910970                              {pd product} {ergonomic}
    uintx ProfiledCodeHeapSize                     = 122910970                              {pd product} {ergonomic}
    uintx ReservedCodeCacheSize                    = 251658240                              {pd product} {ergonomic}
     bool SegmentedCodeCache                       = true                                      {product} {ergonomic}
     bool UseCompressedClassPointers               = true                                 {lp64_product} {ergonomic}
     bool UseCompressedOops                        = true                                 {lp64_product} {ergonomic}
     bool UseG1GC                                  = true                                      {product} {ergonomic}
     bool UseLargePagesIndividualAllocation        = false                                  {pd product} {ergonomic}

Logging:
Log output configuration:
 #0: stdout all=warning uptime,level,tags
 #1: stderr all=off uptime,level,tags

Environment Variables:
PATH=C:\Windows\system32;C:\Windows;C:\Windows\System32\Wbem;C:\Windows\System32\WindowsPowerShell\v1.0\;C:\Windows\System32\OpenSSH\;C:\Program Files (x86)\NVIDIA Corporation\PhysX\Common;C:\Program Files\NVIDIA Corporation\NVIDIA NvDLISR;C:\WINDOWS\system32;C:\WINDOWS;C:\WINDOWS\System32\Wbem;C:\WINDOWS\System32\WindowsPowerShell\v1.0\;C:\WINDOWS\System32\OpenSSH\;C:\MinGW\bin;C:\Program Files\MEGA-X;C:\WINDOWS\system32;C:\WINDOWS;C:\WINDOWS\System32\Wbem;C:\WINDOWS\System32\WindowsPowerShell\v1.0\;C:\WINDOWS\System32\OpenSSH\;C:\Program Files\Git\cmd;C:\Users\Dark Knight\AppData\Local\Microsoft\WindowsApps;C:\Users\Dark Knight\AppData\Local\atom\bin;C:\MinGW\bin;C:\Program Files (x86)\Microsoft Visual Studio\2019\BuildTools\MSBuild\Current\Bin;C:\Users\Dark Knight\AppData\Local\Microsoft\WindowsApps
USERNAME=Dark Knight
OS=Windows_NT
PROCESSOR_IDENTIFIER=Intel64 Family 6 Model 158 Stepping 10, GenuineIntel



---------------  S Y S T E M  ---------------

OS: Windows 10 , 64 bit Build 19041 (10.0.19041.1348)
OS uptime: 8 days 13:26 hours

CPU:total 8 (initial active 8) (4 cores per cpu, 2 threads per core) family 6 model 158 stepping 10, cmov, cx8, fxsr, mmx, sse, sse2, sse3, ssse3, sse4.1, sse4.2, popcnt, avx, avx2, aes, clmul, erms, 3dnowpref, lzcnt, ht, tsc, tscinvbit, bmi1, bmi2, adx, fma

Memory: 4k page, system-wide physical 8072M (602M free)
TotalPageFile size 12168M (AvailPageFile size 16M)
current process WorkingSet (physical memory assigned to process): 304M, peak: 304M
current process commit charge ("private bytes"): 341M, peak: 367M

vm_info: OpenJDK 64-Bit Server VM (11.0.8+10-b944.6842174) for windows-amd64 JRE (11.0.8+10-b944.6842174), built on Sep 19 2020 01:11:42 by "builder" with MS VC++ 14.0 (VS2015)

END.
