#
# There is insufficient memory for the Java Runtime Environment to continue.
# Native memory allocation (mmap) failed to map 75497472 bytes for Failed to commit area from 0x000000008eb00000 to 0x0000000093300000 of length 75497472.
# Possible reasons:
#   The system is out of physical RAM or swap space
#   The process is running with CompressedOops enabled, and the Java Heap may be blocking the growth of the native heap
# Possible solutions:
#   Reduce memory load on the system
#   Increase physical memory or swap space
#   Check if swap backing store is full
#   Decrease Java heap size (-Xmx/-Xms)
#   Decrease number of Java threads
#   Decrease Java thread stack sizes (-Xss)
#   Set larger code cache with -XX:ReservedCodeCacheSize=
#   JVM is running with Unscaled Compressed Oops mode in which the Java heap is
#     placed in the first 4GB address space. The Java Heap base address is the
#     maximum limit for the native heap growth. Please use -XX:HeapBaseMinAddress
#     to set the Java Heap base and to place the Java Heap above 4GB virtual address.
# This output file may be truncated or incomplete.
#
#  Out of Memory Error (./src/hotspot/os/windows/os_windows.cpp:3303), pid=24212, tid=11520
#
# JRE version: OpenJDK Runtime Environment (11.0.8+10) (build 11.0.8+10-b944.6842174)
# Java VM: OpenJDK 64-Bit Server VM (11.0.8+10-b944.6842174, mixed mode, tiered, compressed oops, g1 gc, windows-amd64)
# No core dump will be written. Minidumps are not enabled by default on client versions of Windows
#

---------------  S U M M A R Y ------------

Command Line: --add-opens=java.base/java.util=ALL-UNNAMED --add-opens=java.base/java.lang=ALL-UNNAMED --add-opens=java.base/java.lang.invoke=ALL-UNNAMED --add-opens=java.prefs/java.util.prefs=ALL-UNNAMED -Xmx2048m -Dfile.encoding=UTF-8 -Duser.country=IN -Duser.language=en -Duser.variant org.gradle.launcher.daemon.bootstrap.GradleDaemon 6.7.1

Host: Intel(R) Core(TM) i5-9300H CPU @ 2.40GHz, 8 cores, 7G,  Windows 10 , 64 bit Build 19041 (10.0.19041.1348)
Time: Tue Dec 21 10:06:49 2021 India Standard Time elapsed time: 12 seconds (0d 0h 0m 12s)

---------------  T H R E A D  ---------------

Current thread (0x00000220ff7dc800):  VMThread "VM Thread" [stack: 0x000000b597100000,0x000000b597200000] [id=11520]

Stack: [0x000000b597100000,0x000000b597200000]
[error occurred during error reporting (printing stack bounds), id 0xc0000005, EXCEPTION_ACCESS_VIOLATION (0xc0000005) at pc=0x00000220e8e50dad]

Native frames: (J=compiled Java code, j=interpreted, Vv=VM code, C=native code)
V  [jvm.dll+0x5de50a]
V  [jvm.dll+0x7122f5]
V  [jvm.dll+0x71384d]
V  [jvm.dll+0x713e65]
V  [jvm.dll+0x713e1b]
V  [jvm.dll+0x5dd958]
V  [jvm.dll+0x5de0f8]
C  [ntdll.dll+0xa20cf]
C  [ntdll.dll+0x51454]
C  [ntdll.dll+0xa0bfe]
C  0x00000220e8e50dad

VM_Operation (0x000000b5a28fbae0): G1CollectForAllocation, mode: safepoint, requested by thread 0x000002208637a800


---------------  P R O C E S S  ---------------

Threads class SMR info:
_java_thread_list=0x0000022088c135f0, length=186, elements={
0x00000220e54c9000, 0x00000220ff7e2800, 0x00000220ff7e3800, 0x00000220ff963000,
0x00000220ff7f5800, 0x00000220ff7fa000, 0x00000220ff807000, 0x00000220ff80c800,
0x00000220ffab3800, 0x00000220ffab6800, 0x0000022081380800, 0x0000022081ce6000,
0x0000022081734800, 0x00000220ffba7000, 0x0000022081205800, 0x000002208237c000,
0x0000022081195000, 0x0000022082922800, 0x000002208219b000, 0x0000022081de1000,
0x00000220824ca800, 0x0000022081fec800, 0x0000022081fed000, 0x0000022081feb000,
0x0000022081fe8800, 0x0000022081fee000, 0x0000022081fef000, 0x000002208507e000,
0x0000022081fe9000, 0x0000022081fea000, 0x0000022081feb800, 0x00000220861b4800,
0x00000220861b5800, 0x00000220861b8800, 0x00000220861b3000, 0x00000220861b9800,
0x00000220861b3800, 0x00000220861bb000, 0x00000220861ba000, 0x00000220861bc000,
0x00000220861b6000, 0x00000220861c0000, 0x00000220861be800, 0x00000220861bc800,
0x00000220861bd800, 0x00000220861bf000, 0x00000220861c1000, 0x0000022085054800,
0x0000022085055000, 0x0000022085052800, 0x0000022085056000, 0x0000022085057000,
0x0000022085053800, 0x0000022085051000, 0x0000022085057800, 0x0000022085052000,
0x000002208505b000, 0x000002208505a000, 0x0000022085059000, 0x000002208505c800,
0x000002208505b800, 0x000002208505d800, 0x000002208505e000, 0x0000022085058800,
0x000002208505f000, 0x0000022085060000, 0x000002208490a000, 0x0000022084908800,
0x0000022084909000, 0x0000022084906000, 0x000002208490b000, 0x000002208490b800,
0x0000022084907800, 0x000002208490c800, 0x0000022084907000, 0x0000022084912000,
0x000002208490d800, 0x0000022084913000, 0x0000022084914000, 0x000002208490e000,
0x0000022084914800, 0x000002208490f800, 0x000002208490f000, 0x0000022084910800,
0x0000022084911800, 0x0000022084e53800, 0x0000022084e57800, 0x0000022084e58800,
0x0000022084e53000, 0x0000022084e59800, 0x0000022084e5a000, 0x0000022084e54800,
0x0000022084e56000, 0x0000022084e5b000, 0x0000022084e55800, 0x0000022084e5c000,
0x0000022084e5c800, 0x0000022084e57000, 0x0000022084e60000, 0x0000022084e5e000,
0x0000022084e5f000, 0x0000022084e5d800, 0x0000022084e60800, 0x0000022084e61800,
0x00000220845c4000, 0x00000220845c2000, 0x00000220845c3000, 0x00000220845c7000,
0x00000220845c6800, 0x00000220845c5800, 0x00000220845c1800, 0x00000220845c8000,
0x00000220845c9000, 0x00000220845c4800, 0x00000220845cd000, 0x00000220845ca800,
0x00000220845ce800, 0x00000220845cf800, 0x00000220845cc000, 0x00000220845c9800,
0x00000220845cb000, 0x00000220845d0000, 0x00000220845cd800, 0x0000022082d05000,
0x0000022082d01800, 0x0000022082d02800, 0x0000022082d06000, 0x0000022082d00000,
0x0000022082d06800, 0x0000022082d01000, 0x0000022082d08000, 0x0000022082d03800,
0x0000022082d07800, 0x0000022082d09000, 0x0000022082d04000, 0x0000022082d0d000,
0x0000022082d0a000, 0x0000022082d0a800, 0x0000022082d0f000, 0x0000022082d0e000,
0x0000022082d0b800, 0x0000022082d0c800, 0x0000022084c04800, 0x0000022084c00000,
0x0000022084c02000, 0x0000022084c06800, 0x0000022084c06000, 0x0000022084c05000,
0x0000022084c01000, 0x0000022084c07800, 0x0000022084c08800, 0x0000022084c02800,
0x0000022084c09000, 0x0000022084c03800, 0x0000022084c0a000, 0x0000022084c0b000,
0x0000022084c0d800, 0x0000022084c0c800, 0x0000022084c0b800, 0x0000022084c0f000,
0x0000022086375000, 0x0000022086373000, 0x0000022086374000, 0x0000022086371800,
0x0000022086370800, 0x000002208636f000, 0x0000022086378000, 0x0000022086375800,
0x0000022086376800, 0x0000022086377000, 0x0000022086372800, 0x0000022086379800,
0x000002208637a800, 0x0000022086379000, 0x000002208637c000, 0x000002208637b800,
0x000002208637d000, 0x000002208637e000, 0x0000022088d24000, 0x0000022088d1e800,
0x0000022088d1f000, 0x0000022088d25800, 0x0000022088d22800, 0x0000022088d20000,
0x0000022088d25000, 0x0000022088d26800
}

Java Threads: ( => current thread )
  0x00000220e54c9000 JavaThread "main" [_thread_blocked, id=1920, stack(0x000000b596b00000,0x000000b596c00000)]
  0x00000220ff7e2800 JavaThread "Reference Handler" daemon [_thread_blocked, id=12108, stack(0x000000b597200000,0x000000b597300000)]
  0x00000220ff7e3800 JavaThread "Finalizer" daemon [_thread_blocked, id=1400, stack(0x000000b597300000,0x000000b597400000)]
  0x00000220ff963000 JavaThread "Signal Dispatcher" daemon [_thread_blocked, id=17992, stack(0x000000b597400000,0x000000b597500000)]
  0x00000220ff7f5800 JavaThread "Attach Listener" daemon [_thread_blocked, id=6688, stack(0x000000b597500000,0x000000b597600000)]
  0x00000220ff7fa000 JavaThread "C2 CompilerThread0" daemon [_thread_in_native, id=4288, stack(0x000000b597600000,0x000000b597700000)]
  0x00000220ff807000 JavaThread "C1 CompilerThread0" daemon [_thread_blocked, id=5824, stack(0x000000b597700000,0x000000b597800000)]
  0x00000220ff80c800 JavaThread "Sweeper thread" daemon [_thread_blocked, id=22512, stack(0x000000b597800000,0x000000b597900000)]
  0x00000220ffab3800 JavaThread "Common-Cleaner" daemon [_thread_blocked, id=3884, stack(0x000000b597900000,0x000000b597a00000)]
  0x00000220ffab6800 JavaThread "Service Thread" daemon [_thread_blocked, id=4216, stack(0x000000b597a00000,0x000000b597b00000)]
  0x0000022081380800 JavaThread "Daemon health stats" [_thread_blocked, id=1196, stack(0x000000b598000000,0x000000b598100000)]
  0x0000022081ce6000 JavaThread "Incoming local TCP Connector on port 60018" [_thread_in_native, id=21948, stack(0x000000b598100000,0x000000b598200000)]
  0x0000022081734800 JavaThread "Daemon periodic checks" [_thread_blocked, id=2372, stack(0x000000b598200000,0x000000b598300000)]
  0x00000220ffba7000 JavaThread "Daemon" [_thread_blocked, id=23676, stack(0x000000b598300000,0x000000b598400000)]
  0x0000022081205800 JavaThread "Handler for socket connection from /127.0.0.1:60018 to /127.0.0.1:60020" [_thread_in_native, id=2328, stack(0x000000b598400000,0x000000b598500000)]
  0x000002208237c000 JavaThread "C2 CompilerThread1" daemon [_thread_blocked, id=1740, stack(0x000000b598500000,0x000000b598600000)]
  0x0000022081195000 JavaThread "Cancel handler" [_thread_blocked, id=13004, stack(0x000000b598600000,0x000000b598700000)]
  0x0000022082922800 JavaThread "Daemon worker" [_thread_blocked, id=23928, stack(0x000000b598700000,0x000000b598800000)]
  0x000002208219b000 JavaThread "Asynchronous log dispatcher for DefaultDaemonConnection: socket connection from /127.0.0.1:60018 to /127.0.0.1:60020" [_thread_blocked, id=4160, stack(0x000000b598800000,0x000000b598900000)]
  0x0000022081de1000 JavaThread "Stdin handler" [_thread_blocked, id=1424, stack(0x000000b598900000,0x000000b598a00000)]
  0x00000220824ca800 JavaThread "Thread-8" [_thread_blocked, id=21468, stack(0x000000b598a00000,0x000000b598b00000)]
  0x0000022081fec800 JavaThread "Cache worker for file hash cache (C:\Users\Dark Knight\.gradle\caches\6.7.1\fileHashes)" [_thread_blocked, id=17368, stack(0x000000b599000000,0x000000b599100000)]
  0x0000022081fed000 JavaThread "File lock request listener" [_thread_in_native, id=7892, stack(0x000000b599100000,0x000000b599200000)]
  0x0000022081feb000 JavaThread "Cache worker for journal cache (C:\Users\Dark Knight\.gradle\caches\journal-1)" [_thread_blocked, id=11880, stack(0x000000b599300000,0x000000b599400000)]
  0x0000022081fe8800 JavaThread "Cache worker for file hash cache (C:\Android Projects\Udemy TUTORIAL\.gradle\6.7.1\fileHashes)" [_thread_blocked, id=15888, stack(0x000000b599400000,0x000000b599500000)]
  0x0000022081fee000 JavaThread "Cache worker for checksums cache (C:\Android Projects\Udemy TUTORIAL\.gradle\checksums)" [_thread_blocked, id=18052, stack(0x000000b599500000,0x000000b599600000)]
  0x0000022081fef000 JavaThread "Cache worker for cache directory md-supplier (C:\Users\Dark Knight\.gradle\caches\6.7.1\md-supplier)" [_thread_blocked, id=8264, stack(0x000000b599600000,0x000000b599700000)]
  0x000002208507e000 JavaThread "C2 CompilerThread2" daemon [_thread_in_native, id=3156, stack(0x000000b599700000,0x000000b599800000)]
  0x0000022081fe9000 JavaThread "Cache worker for cache directory md-rule (C:\Users\Dark Knight\.gradle\caches\6.7.1\md-rule)" [_thread_blocked, id=6544, stack(0x000000b599800000,0x000000b599900000)]
  0x0000022081fea000 JavaThread "Cache worker for execution history cache (C:\Users\Dark Knight\.gradle\caches\6.7.1\executionHistory)" [_thread_blocked, id=12264, stack(0x000000b599900000,0x000000b599a00000)]
  0x0000022081feb800 JavaThread "jar transforms" [_thread_blocked, id=18636, stack(0x000000b599a00000,0x000000b599b00000)]
  0x00000220861b4800 JavaThread "Cache worker for file content cache (C:\Users\Dark Knight\.gradle\caches\6.7.1\fileContent)" [_thread_blocked, id=15960, stack(0x000000b599b00000,0x000000b599c00000)]
  0x00000220861b5800 JavaThread "Cache worker for Build Output Cleanup Cache (C:\Android Projects\Udemy TUTORIAL\.gradle\buildOutputCleanup)" [_thread_blocked, id=20248, stack(0x000000b599c00000,0x000000b599d00000)]
  0x00000220861b8800 JavaThread "Build operations" [_thread_blocked, id=3376, stack(0x000000b599d00000,0x000000b599e00000)]
  0x00000220861b3000 JavaThread "Build operations Thread 2" [_thread_blocked, id=19560, stack(0x000000b599e00000,0x000000b599f00000)]
  0x00000220861b9800 JavaThread "Build operations Thread 3" [_thread_blocked, id=19824, stack(0x000000b599f00000,0x000000b59a000000)]
  0x00000220861b3800 JavaThread "Build operations Thread 4" [_thread_blocked, id=7144, stack(0x000000b59a000000,0x000000b59a100000)]
  0x00000220861bb000 JavaThread "Build operations Thread 5" [_thread_blocked, id=21300, stack(0x000000b59a100000,0x000000b59a200000)]
  0x00000220861ba000 JavaThread "Build operations Thread 6" [_thread_blocked, id=18732, stack(0x000000b59a200000,0x000000b59a300000)]
  0x00000220861bc000 JavaThread "Build operations Thread 7" [_thread_blocked, id=9836, stack(0x000000b59a300000,0x000000b59a400000)]
  0x00000220861b6000 JavaThread "Build operations Thread 8" [_thread_blocked, id=3532, stack(0x000000b59a400000,0x000000b59a500000)]
  0x00000220861c0000 JavaThread "jar transforms Thread 2" [_thread_blocked, id=21332, stack(0x000000b59a500000,0x000000b59a600000)]
  0x00000220861be800 JavaThread "jar transforms Thread 3" [_thread_blocked, id=1724, stack(0x000000b59a600000,0x000000b59a700000)]
  0x00000220861bc800 JavaThread "jar transforms Thread 4" [_thread_blocked, id=23840, stack(0x000000b59a700000,0x000000b59a800000)]
  0x00000220861bd800 JavaThread "jar transforms Thread 5" [_thread_blocked, id=21688, stack(0x000000b59a800000,0x000000b59a900000)]
  0x00000220861bf000 JavaThread "jar transforms Thread 6" [_thread_blocked, id=13024, stack(0x000000b59a900000,0x000000b59aa00000)]
  0x00000220861c1000 JavaThread "jar transforms Thread 7" [_thread_blocked, id=22744, stack(0x000000b59aa00000,0x000000b59ab00000)]
  0x0000022085054800 JavaThread "jar transforms Thread 8" [_thread_blocked, id=3848, stack(0x000000b59ab00000,0x000000b59ac00000)]
  0x0000022085055000 JavaThread "jar transforms Thread 9" [_thread_blocked, id=3504, stack(0x000000b59ac00000,0x000000b59ad00000)]
  0x0000022085052800 JavaThread "jar transforms Thread 10" [_thread_blocked, id=14860, stack(0x000000b59ad00000,0x000000b59ae00000)]
  0x0000022085056000 JavaThread "jar transforms Thread 11" [_thread_blocked, id=21520, stack(0x000000b59ae00000,0x000000b59af00000)]
  0x0000022085057000 JavaThread "jar transforms Thread 12" [_thread_blocked, id=3972, stack(0x000000b59af00000,0x000000b59b000000)]
  0x0000022085053800 JavaThread "jar transforms Thread 13" [_thread_blocked, id=804, stack(0x000000b59b000000,0x000000b59b100000)]
  0x0000022085051000 JavaThread "jar transforms Thread 14" [_thread_blocked, id=20092, stack(0x000000b59b100000,0x000000b59b200000)]
  0x0000022085057800 JavaThread "jar transforms Thread 15" [_thread_blocked, id=15780, stack(0x000000b59b200000,0x000000b59b300000)]
  0x0000022085052000 JavaThread "jar transforms Thread 16" [_thread_blocked, id=2160, stack(0x000000b59b300000,0x000000b59b400000)]
  0x000002208505b000 JavaThread "jar transforms Thread 17" [_thread_blocked, id=15992, stack(0x000000b59b400000,0x000000b59b500000)]
  0x000002208505a000 JavaThread "jar transforms Thread 18" [_thread_blocked, id=15032, stack(0x000000b59b500000,0x000000b59b600000)]
  0x0000022085059000 JavaThread "jar transforms Thread 19" [_thread_blocked, id=12696, stack(0x000000b59b600000,0x000000b59b700000)]
  0x000002208505c800 JavaThread "jar transforms Thread 20" [_thread_blocked, id=19716, stack(0x000000b59b700000,0x000000b59b800000)]
  0x000002208505b800 JavaThread "jar transforms Thread 21" [_thread_blocked, id=14248, stack(0x000000b59b800000,0x000000b59b900000)]
  0x000002208505d800 JavaThread "jar transforms Thread 22" [_thread_blocked, id=3956, stack(0x000000b59b900000,0x000000b59ba00000)]
  0x000002208505e000 JavaThread "jar transforms Thread 23" [_thread_blocked, id=22612, stack(0x000000b59ba00000,0x000000b59bb00000)]
  0x0000022085058800 JavaThread "jar transforms Thread 24" [_thread_blocked, id=17412, stack(0x000000b59bb00000,0x000000b59bc00000)]
  0x000002208505f000 JavaThread "jar transforms Thread 25" [_thread_blocked, id=10556, stack(0x000000b59bc00000,0x000000b59bd00000)]
  0x0000022085060000 JavaThread "jar transforms Thread 26" [_thread_blocked, id=16088, stack(0x000000b59bd00000,0x000000b59be00000)]
  0x000002208490a000 JavaThread "jar transforms Thread 27" [_thread_blocked, id=23668, stack(0x000000b59be00000,0x000000b59bf00000)]
  0x0000022084908800 JavaThread "jar transforms Thread 28" [_thread_blocked, id=21148, stack(0x000000b59bf00000,0x000000b59c000000)]
  0x0000022084909000 JavaThread "jar transforms Thread 29" [_thread_blocked, id=23324, stack(0x000000b59c000000,0x000000b59c100000)]
  0x0000022084906000 JavaThread "jar transforms Thread 30" [_thread_blocked, id=9212, stack(0x000000b59c100000,0x000000b59c200000)]
  0x000002208490b000 JavaThread "jar transforms Thread 31" [_thread_blocked, id=22288, stack(0x000000b59c200000,0x000000b59c300000)]
  0x000002208490b800 JavaThread "jar transforms Thread 32" [_thread_blocked, id=22404, stack(0x000000b59c300000,0x000000b59c400000)]
  0x0000022084907800 JavaThread "jar transforms Thread 33" [_thread_blocked, id=17276, stack(0x000000b59c400000,0x000000b59c500000)]
  0x000002208490c800 JavaThread "jar transforms Thread 34" [_thread_blocked, id=22400, stack(0x000000b59c500000,0x000000b59c600000)]
  0x0000022084907000 JavaThread "jar transforms Thread 35" [_thread_blocked, id=19812, stack(0x000000b59c600000,0x000000b59c700000)]
  0x0000022084912000 JavaThread "jar transforms Thread 36" [_thread_blocked, id=1884, stack(0x000000b59c700000,0x000000b59c800000)]
  0x000002208490d800 JavaThread "jar transforms Thread 37" [_thread_blocked, id=8980, stack(0x000000b59c800000,0x000000b59c900000)]
  0x0000022084913000 JavaThread "jar transforms Thread 38" [_thread_blocked, id=12500, stack(0x000000b59c900000,0x000000b59ca00000)]
  0x0000022084914000 JavaThread "jar transforms Thread 39" [_thread_blocked, id=11400, stack(0x000000b59ca00000,0x000000b59cb00000)]
  0x000002208490e000 JavaThread "jar transforms Thread 40" [_thread_blocked, id=12924, stack(0x000000b59cb00000,0x000000b59cc00000)]
  0x0000022084914800 JavaThread "jar transforms Thread 41" [_thread_blocked, id=19104, stack(0x000000b59cc00000,0x000000b59cd00000)]
  0x000002208490f800 JavaThread "jar transforms Thread 42" [_thread_blocked, id=7192, stack(0x000000b59cd00000,0x000000b59ce00000)]
  0x000002208490f000 JavaThread "jar transforms Thread 43" [_thread_blocked, id=23860, stack(0x000000b59ce00000,0x000000b59cf00000)]
  0x0000022084910800 JavaThread "jar transforms Thread 44" [_thread_blocked, id=19816, stack(0x000000b59cf00000,0x000000b59d000000)]
  0x0000022084911800 JavaThread "jar transforms Thread 45" [_thread_blocked, id=2580, stack(0x000000b59d000000,0x000000b59d100000)]
  0x0000022084e53800 JavaThread "jar transforms Thread 46" [_thread_blocked, id=18816, stack(0x000000b59d100000,0x000000b59d200000)]
  0x0000022084e57800 JavaThread "jar transforms Thread 47" [_thread_blocked, id=14620, stack(0x000000b59d200000,0x000000b59d300000)]
  0x0000022084e58800 JavaThread "jar transforms Thread 48" [_thread_blocked, id=4296, stack(0x000000b59d300000,0x000000b59d400000)]
  0x0000022084e53000 JavaThread "jar transforms Thread 49" [_thread_blocked, id=2188, stack(0x000000b59d400000,0x000000b59d500000)]
  0x0000022084e59800 JavaThread "jar transforms Thread 50" [_thread_blocked, id=22808, stack(0x000000b59d500000,0x000000b59d600000)]
  0x0000022084e5a000 JavaThread "jar transforms Thread 51" [_thread_blocked, id=4416, stack(0x000000b59d600000,0x000000b59d700000)]
  0x0000022084e54800 JavaThread "jar transforms Thread 52" [_thread_blocked, id=13428, stack(0x000000b59d700000,0x000000b59d800000)]
  0x0000022084e56000 JavaThread "jar transforms Thread 53" [_thread_blocked, id=13608, stack(0x000000b59d800000,0x000000b59d900000)]
  0x0000022084e5b000 JavaThread "jar transforms Thread 54" [_thread_blocked, id=14296, stack(0x000000b59d900000,0x000000b59da00000)]
  0x0000022084e55800 JavaThread "jar transforms Thread 55" [_thread_blocked, id=23592, stack(0x000000b59da00000,0x000000b59db00000)]
  0x0000022084e5c000 JavaThread "jar transforms Thread 56" [_thread_blocked, id=7568, stack(0x000000b59db00000,0x000000b59dc00000)]
  0x0000022084e5c800 JavaThread "jar transforms Thread 57" [_thread_blocked, id=20856, stack(0x000000b59dc00000,0x000000b59dd00000)]
  0x0000022084e57000 JavaThread "jar transforms Thread 58" [_thread_blocked, id=14004, stack(0x000000b59dd00000,0x000000b59de00000)]
  0x0000022084e60000 JavaThread "jar transforms Thread 59" [_thread_blocked, id=18872, stack(0x000000b59de00000,0x000000b59df00000)]
  0x0000022084e5e000 JavaThread "jar transforms Thread 60" [_thread_blocked, id=14904, stack(0x000000b59df00000,0x000000b59e000000)]
  0x0000022084e5f000 JavaThread "jar transforms Thread 61" [_thread_blocked, id=10128, stack(0x000000b59e000000,0x000000b59e100000)]
  0x0000022084e5d800 JavaThread "jar transforms Thread 62" [_thread_blocked, id=21484, stack(0x000000b59e100000,0x000000b59e200000)]
  0x0000022084e60800 JavaThread "jar transforms Thread 63" [_thread_blocked, id=24124, stack(0x000000b59e200000,0x000000b59e300000)]
  0x0000022084e61800 JavaThread "jar transforms Thread 64" [_thread_blocked, id=20952, stack(0x000000b59e300000,0x000000b59e400000)]
  0x00000220845c4000 JavaThread "jar transforms Thread 65" [_thread_blocked, id=1076, stack(0x000000b59e400000,0x000000b59e500000)]
  0x00000220845c2000 JavaThread "jar transforms Thread 66" [_thread_blocked, id=8676, stack(0x000000b59e500000,0x000000b59e600000)]
  0x00000220845c3000 JavaThread "jar transforms Thread 67" [_thread_blocked, id=24096, stack(0x000000b59e600000,0x000000b59e700000)]
  0x00000220845c7000 JavaThread "jar transforms Thread 68" [_thread_blocked, id=19284, stack(0x000000b59e700000,0x000000b59e800000)]
  0x00000220845c6800 JavaThread "jar transforms Thread 69" [_thread_blocked, id=2344, stack(0x000000b59e800000,0x000000b59e900000)]
  0x00000220845c5800 JavaThread "jar transforms Thread 70" [_thread_blocked, id=4324, stack(0x000000b59e900000,0x000000b59ea00000)]
  0x00000220845c1800 JavaThread "jar transforms Thread 71" [_thread_blocked, id=15236, stack(0x000000b59ea00000,0x000000b59eb00000)]
  0x00000220845c8000 JavaThread "jar transforms Thread 72" [_thread_blocked, id=21516, stack(0x000000b59eb00000,0x000000b59ec00000)]
  0x00000220845c9000 JavaThread "jar transforms Thread 73" [_thread_blocked, id=14068, stack(0x000000b59ec00000,0x000000b59ed00000)]
  0x00000220845c4800 JavaThread "jar transforms Thread 74" [_thread_blocked, id=13944, stack(0x000000b59ed00000,0x000000b59ee00000)]
  0x00000220845cd000 JavaThread "jar transforms Thread 75" [_thread_blocked, id=1792, stack(0x000000b59ee00000,0x000000b59ef00000)]
  0x00000220845ca800 JavaThread "jar transforms Thread 76" [_thread_blocked, id=11572, stack(0x000000b59ef00000,0x000000b59f000000)]
  0x00000220845ce800 JavaThread "jar transforms Thread 77" [_thread_blocked, id=21184, stack(0x000000b59f000000,0x000000b59f100000)]
  0x00000220845cf800 JavaThread "jar transforms Thread 78" [_thread_blocked, id=1428, stack(0x000000b59f100000,0x000000b59f200000)]
  0x00000220845cc000 JavaThread "jar transforms Thread 79" [_thread_blocked, id=3408, stack(0x000000b59f200000,0x000000b59f300000)]
  0x00000220845c9800 JavaThread "jar transforms Thread 80" [_thread_blocked, id=9280, stack(0x000000b59f300000,0x000000b59f400000)]
  0x00000220845cb000 JavaThread "jar transforms Thread 81" [_thread_blocked, id=12808, stack(0x000000b59f400000,0x000000b59f500000)]
  0x00000220845d0000 JavaThread "jar transforms Thread 82" [_thread_blocked, id=9456, stack(0x000000b59f500000,0x000000b59f600000)]
  0x00000220845cd800 JavaThread "jar transforms Thread 83" [_thread_blocked, id=18356, stack(0x000000b59f600000,0x000000b59f700000)]
  0x0000022082d05000 JavaThread "jar transforms Thread 84" [_thread_blocked, id=4564, stack(0x000000b59f700000,0x000000b59f800000)]
  0x0000022082d01800 JavaThread "jar transforms Thread 85" [_thread_blocked, id=16276, stack(0x000000b59f800000,0x000000b59f900000)]
  0x0000022082d02800 JavaThread "jar transforms Thread 86" [_thread_blocked, id=11908, stack(0x000000b59f900000,0x000000b59fa00000)]
  0x0000022082d06000 JavaThread "jar transforms Thread 87" [_thread_blocked, id=20300, stack(0x000000b59fa00000,0x000000b59fb00000)]
  0x0000022082d00000 JavaThread "jar transforms Thread 88" [_thread_blocked, id=11824, stack(0x000000b59fb00000,0x000000b59fc00000)]
  0x0000022082d06800 JavaThread "jar transforms Thread 89" [_thread_blocked, id=15928, stack(0x000000b59fc00000,0x000000b59fd00000)]
  0x0000022082d01000 JavaThread "jar transforms Thread 90" [_thread_blocked, id=10996, stack(0x000000b59fd00000,0x000000b59fe00000)]
  0x0000022082d08000 JavaThread "jar transforms Thread 91" [_thread_blocked, id=21624, stack(0x000000b59fe00000,0x000000b59ff00000)]
  0x0000022082d03800 JavaThread "jar transforms Thread 92" [_thread_blocked, id=17312, stack(0x000000b59ff00000,0x000000b5a0000000)]
  0x0000022082d07800 JavaThread "jar transforms Thread 93" [_thread_blocked, id=4168, stack(0x000000b5a0000000,0x000000b5a0100000)]
  0x0000022082d09000 JavaThread "jar transforms Thread 94" [_thread_blocked, id=16056, stack(0x000000b5a0100000,0x000000b5a0200000)]
  0x0000022082d04000 JavaThread "jar transforms Thread 95" [_thread_blocked, id=24360, stack(0x000000b5a0200000,0x000000b5a0300000)]
  0x0000022082d0d000 JavaThread "jar transforms Thread 96" [_thread_blocked, id=23600, stack(0x000000b5a0300000,0x000000b5a0400000)]
  0x0000022082d0a000 JavaThread "jar transforms Thread 97" [_thread_blocked, id=12540, stack(0x000000b5a0400000,0x000000b5a0500000)]
  0x0000022082d0a800 JavaThread "jar transforms Thread 98" [_thread_blocked, id=19220, stack(0x000000b5a0500000,0x000000b5a0600000)]
  0x0000022082d0f000 JavaThread "jar transforms Thread 99" [_thread_blocked, id=11032, stack(0x000000b5a0600000,0x000000b5a0700000)]
  0x0000022082d0e000 JavaThread "jar transforms Thread 100" [_thread_blocked, id=8300, stack(0x000000b5a0700000,0x000000b5a0800000)]
  0x0000022082d0b800 JavaThread "jar transforms Thread 101" [_thread_blocked, id=17848, stack(0x000000b5a0800000,0x000000b5a0900000)]
  0x0000022082d0c800 JavaThread "jar transforms Thread 102" [_thread_blocked, id=11244, stack(0x000000b5a0900000,0x000000b5a0a00000)]
  0x0000022084c04800 JavaThread "jar transforms Thread 103" [_thread_blocked, id=19540, stack(0x000000b5a0a00000,0x000000b5a0b00000)]
  0x0000022084c00000 JavaThread "jar transforms Thread 104" [_thread_blocked, id=14636, stack(0x000000b5a0b00000,0x000000b5a0c00000)]
  0x0000022084c02000 JavaThread "jar transforms Thread 105" [_thread_blocked, id=23728, stack(0x000000b5a0c00000,0x000000b5a0d00000)]
  0x0000022084c06800 JavaThread "jar transforms Thread 106" [_thread_blocked, id=15412, stack(0x000000b5a0d00000,0x000000b5a0e00000)]
  0x0000022084c06000 JavaThread "jar transforms Thread 107" [_thread_blocked, id=9060, stack(0x000000b5a0e00000,0x000000b5a0f00000)]
  0x0000022084c05000 JavaThread "jar transforms Thread 108" [_thread_blocked, id=10500, stack(0x000000b5a0f00000,0x000000b5a1000000)]
  0x0000022084c01000 JavaThread "jar transforms Thread 109" [_thread_blocked, id=11904, stack(0x000000b5a1000000,0x000000b5a1100000)]
  0x0000022084c07800 JavaThread "jar transforms Thread 110" [_thread_blocked, id=18720, stack(0x000000b5a1100000,0x000000b5a1200000)]
  0x0000022084c08800 JavaThread "jar transforms Thread 111" [_thread_blocked, id=23664, stack(0x000000b5a1200000,0x000000b5a1300000)]
  0x0000022084c02800 JavaThread "jar transforms Thread 112" [_thread_blocked, id=4984, stack(0x000000b5a1300000,0x000000b5a1400000)]
  0x0000022084c09000 JavaThread "jar transforms Thread 113" [_thread_blocked, id=24184, stack(0x000000b5a1400000,0x000000b5a1500000)]
  0x0000022084c03800 JavaThread "jar transforms Thread 114" [_thread_blocked, id=21500, stack(0x000000b5a1500000,0x000000b5a1600000)]
  0x0000022084c0a000 JavaThread "jar transforms Thread 115" [_thread_blocked, id=21812, stack(0x000000b5a1600000,0x000000b5a1700000)]
  0x0000022084c0b000 JavaThread "jar transforms Thread 116" [_thread_blocked, id=13828, stack(0x000000b5a1700000,0x000000b5a1800000)]
  0x0000022084c0d800 JavaThread "jar transforms Thread 117" [_thread_blocked, id=21292, stack(0x000000b5a1800000,0x000000b5a1900000)]
  0x0000022084c0c800 JavaThread "jar transforms Thread 118" [_thread_blocked, id=8848, stack(0x000000b5a1900000,0x000000b5a1a00000)]
  0x0000022084c0b800 JavaThread "jar transforms Thread 119" [_thread_blocked, id=12960, stack(0x000000b5a1a00000,0x000000b5a1b00000)]
  0x0000022084c0f000 JavaThread "Memory manager" [_thread_blocked, id=3176, stack(0x000000b5a1b00000,0x000000b5a1c00000)]
  0x0000022086375000 JavaThread "build event listener" [_thread_blocked, id=1096, stack(0x000000b5a1c00000,0x000000b5a1d00000)]
  0x0000022086373000 JavaThread "build event listener" [_thread_blocked, id=23148, stack(0x000000b5a1d00000,0x000000b5a1e00000)]
  0x0000022086374000 JavaThread "pool-3-thread-1" [_thread_blocked, id=14176, stack(0x000000b5a1e00000,0x000000b5a1f00000)]
  0x0000022086371800 JavaThread "build event listener" [_thread_blocked, id=14356, stack(0x000000b5a1f00000,0x000000b5a2000000)]
  0x0000022086370800 JavaThread "Execution worker for ':'" [_thread_blocked, id=14044, stack(0x000000b5a2000000,0x000000b5a2100000)]
  0x000002208636f000 JavaThread "Execution worker for ':' Thread 2" [_thread_blocked, id=13188, stack(0x000000b5a2100000,0x000000b5a2200000)]
  0x0000022086378000 JavaThread "Execution worker for ':' Thread 3" [_thread_blocked, id=2676, stack(0x000000b5a2200000,0x000000b5a2300000)]
  0x0000022086375800 JavaThread "Execution worker for ':' Thread 4" [_thread_blocked, id=16792, stack(0x000000b5a2300000,0x000000b5a2400000)]
  0x0000022086376800 JavaThread "Execution worker for ':' Thread 5" [_thread_blocked, id=876, stack(0x000000b5a2400000,0x000000b5a2500000)]
  0x0000022086377000 JavaThread "Execution worker for ':' Thread 6" [_thread_blocked, id=21704, stack(0x000000b5a2500000,0x000000b5a2600000)]
  0x0000022086372800 JavaThread "Execution worker for ':' Thread 7" [_thread_blocked, id=12848, stack(0x000000b5a2600000,0x000000b5a2700000)]
  0x0000022086379800 JavaThread "Cache worker for execution history cache (C:\Android Projects\Udemy TUTORIAL\.gradle\6.7.1\executionHistory)" [_thread_blocked, id=11652, stack(0x000000b5a2700000,0x000000b5a2800000)]
  0x000002208637a800 JavaThread "WorkerExecutor Queue" [_thread_blocked, id=10076, stack(0x000000b5a2800000,0x000000b5a2900000)]
  0x0000022086379000 JavaThread "WorkerExecutor Queue Thread 2" [_thread_blocked, id=6696, stack(0x000000b5a2900000,0x000000b5a2a00000)]
  0x000002208637c000 JavaThread "WorkerExecutor Queue Thread 3" [_thread_blocked, id=18584, stack(0x000000b5a2a00000,0x000000b5a2b00000)]
  0x000002208637b800 JavaThread "pool-4-thread-1" [_thread_blocked, id=11676, stack(0x000000b5a2b00000,0x000000b5a2c00000)]
  0x000002208637d000 JavaThread "stderr" [_thread_in_native, id=15964, stack(0x000000b5a2c00000,0x000000b5a2d00000)]
  0x000002208637e000 JavaThread "stdout" [_thread_in_native, id=12880, stack(0x000000b5a2d00000,0x000000b5a2e00000)]
  0x0000022088d24000 JavaThread "ForkJoinPool-1-worker-3" daemon [_thread_blocked, id=18840, stack(0x000000b5a2e00000,0x000000b5a2f00000)]
  0x0000022088d1e800 JavaThread "ForkJoinPool-1-worker-5" daemon [_thread_blocked, id=16096, stack(0x000000b5a2f00000,0x000000b5a3000000)]
  0x0000022088d1f000 JavaThread "ForkJoinPool-1-worker-7" daemon [_thread_blocked, id=23972, stack(0x000000b5a3000000,0x000000b5a3100000)]
  0x0000022088d25800 JavaThread "ForkJoinPool-1-worker-9" daemon [_thread_blocked, id=15640, stack(0x000000b5a3100000,0x000000b5a3200000)]
  0x0000022088d22800 JavaThread "ForkJoinPool-1-worker-11" daemon [_thread_blocked, id=24540, stack(0x000000b5a3200000,0x000000b5a3300000)]
  0x0000022088d20000 JavaThread "ForkJoinPool-1-worker-13" daemon [_thread_blocked, id=23652, stack(0x000000b5a3300000,0x000000b5a3400000)]
  0x0000022088d25000 JavaThread "ForkJoinPool-1-worker-15" daemon [_thread_blocked, id=13780, stack(0x000000b5a3400000,0x000000b5a3500000)]
  0x0000022088d26800 JavaThread "ForkJoinPool-1-worker-1" daemon [_thread_blocked, id=18004, stack(0x000000b5a3500000,0x000000b5a3600000)]

Other Threads:
=>0x00000220ff7dc800 VMThread "VM Thread" [stack: 0x000000b597100000,0x000000b597200000] [id=11520]
  0x00000220ffad0800 WatcherThread [stack: 0x000000b597b00000,0x000000b597c00000] [id=6344]
  0x00000220e54e2000 GCTaskThread "GC Thread#0" [stack: 0x000000b596c00000,0x000000b596d00000] [id=7208]
  0x00000220810e1000 GCTaskThread "GC Thread#1" [stack: 0x000000b597d00000,0x000000b597e00000] [id=18548]
  0x00000220810e1800 GCTaskThread "GC Thread#2" [stack: 0x000000b597e00000,0x000000b597f00000] [id=17484]
  0x000002208241b800 GCTaskThread "GC Thread#3" [stack: 0x000000b598b00000,0x000000b598c00000] [id=7944]
  0x0000022081982000 GCTaskThread "GC Thread#4" [stack: 0x000000b598c00000,0x000000b598d00000] [id=13160]
  0x0000022081970800 GCTaskThread "GC Thread#5" [stack: 0x000000b598d00000,0x000000b598e00000] [id=10276]
  0x0000022081617800 GCTaskThread "GC Thread#6" [stack: 0x000000b598e00000,0x000000b598f00000] [id=24276]
  0x000002208191e800 GCTaskThread "GC Thread#7" [stack: 0x000000b598f00000,0x000000b599000000] [id=2056]
  0x00000220e5513000 ConcurrentGCThread "G1 Main Marker" [stack: 0x000000b596d00000,0x000000b596e00000] [id=9232]
  0x00000220e5515000 ConcurrentGCThread "G1 Conc#0" [stack: 0x000000b596e00000,0x000000b596f00000] [id=6636]
  0x0000022081dda000 ConcurrentGCThread "G1 Conc#1" [stack: 0x000000b599200000,0x000000b599300000] [id=19412]
  0x00000220ff630800 ConcurrentGCThread "G1 Refine#0" [stack: 0x000000b596f00000,0x000000b597000000] [id=20972]
  0x000002208911b000 ConcurrentGCThread "G1 Refine#1" [stack: 0x000000b5a3600000,0x000000b5a3700000] [id=19404]
  0x0000022081e6c000 ConcurrentGCThread "G1 Refine#2" [stack: 0x000000b5a3700000,0x000000b5a3800000] [id=24464]
  0x000002208baa5800 ConcurrentGCThread "G1 Refine#3" [stack: 0x000000b5a3800000,0x000000b5a3900000] [id=22156]
  0x000002208ba86800 ConcurrentGCThread "G1 Refine#4" [stack: 0x000000b5a3900000,0x000000b5a3a00000] [id=4044]
  0x00000220843c6800 ConcurrentGCThread "G1 Refine#5" [stack: 0x000000b5a3a00000,0x000000b5a3b00000] [id=19432]
  0x00000220ff631800 ConcurrentGCThread "G1 Young RemSet Sampling" [stack: 0x000000b597000000,0x000000b597100000] [id=11156]

Threads with active compile tasks:
C2 CompilerThread0  12604 10937       4       com.android.tools.r8.graph.E::a (95 bytes)
C2 CompilerThread1  12604 10997 %     4       java.util.TimSort::mergeHi @ 191 (732 bytes)
C2 CompilerThread2  12604 10948       4       com.android.tools.r8.graph.a0::k (102 bytes)

VM state:at safepoint (normal execution)

VM Mutex/Monitor currently owned by a thread:  ([mutex/lock_event])
[0x00000220e54c5210] Threads_lock - owner thread: 0x00000220ff7dc800
[0x00000220e54c4eb0] Heap_lock - owner thread: 0x000002208637a800

Heap address: 0x0000000080000000, size: 2048 MB, Compressed Oops mode: 32-bit
Narrow klass base: 0x0000000000000000, Narrow klass shift: 3
Compressed class space size: 1073741824 Address: 0x0000000100000000

Heap:
 garbage-first heap   total 314368K, used 163509K [0x0000000080000000, 0x0000000100000000)
  region size 1024K, 4 young (4096K), 4 survivors (4096K)
 Metaspace       used 91426K, capacity 93488K, committed 93568K, reserved 1130496K
  class space    used 11908K, capacity 12664K, committed 12672K, reserved 1048576K
Heap Regions: E=young(eden), S=young(survivor), O=old, HS=humongous(starts), HC=humongous(continues), CS=collection set, F=free, A=archive, TAMS=top-at-mark-start (previous, next)
|   0|0x0000000080000000, 0x0000000080100000, 0x0000000080100000|100%| O|  |TAMS 0x0000000080100000, 0x0000000080000000| Untracked 
|   1|0x0000000080100000, 0x0000000080200000, 0x0000000080200000|100%| O|  |TAMS 0x0000000080200000, 0x0000000080100000| Untracked 
|   2|0x0000000080200000, 0x0000000080300000, 0x0000000080300000|100%| O|  |TAMS 0x0000000080300000, 0x0000000080200000| Untracked 
|   3|0x0000000080300000, 0x0000000080400000, 0x0000000080400000|100%|HS|  |TAMS 0x0000000080400000, 0x0000000080300000| Complete 
|   4|0x0000000080400000, 0x0000000080500000, 0x0000000080500000|100%|HC|  |TAMS 0x0000000080500000, 0x0000000080400000| Complete 
|   5|0x0000000080500000, 0x0000000080600000, 0x0000000080600000|100%|HC|  |TAMS 0x0000000080600000, 0x0000000080500000| Complete 
|   6|0x0000000080600000, 0x0000000080700000, 0x0000000080700000|100%| O|  |TAMS 0x0000000080700000, 0x0000000080600000| Untracked 
|   7|0x0000000080700000, 0x0000000080800000, 0x0000000080800000|100%| O|  |TAMS 0x0000000080800000, 0x0000000080700000| Untracked 
|   8|0x0000000080800000, 0x0000000080900000, 0x0000000080900000|100%| O|  |TAMS 0x0000000080900000, 0x0000000080800000| Untracked 
|   9|0x0000000080900000, 0x0000000080a00000, 0x0000000080a00000|100%| O|  |TAMS 0x0000000080a00000, 0x0000000080900000| Untracked 
|  10|0x0000000080a00000, 0x0000000080b00000, 0x0000000080b00000|100%| O|  |TAMS 0x0000000080b00000, 0x0000000080a00000| Untracked 
|  11|0x0000000080b00000, 0x0000000080c00000, 0x0000000080c00000|100%| O|  |TAMS 0x0000000080c00000, 0x0000000080b00000| Untracked 
|  12|0x0000000080c00000, 0x0000000080d00000, 0x0000000080d00000|100%| O|  |TAMS 0x0000000080d00000, 0x0000000080c00000| Untracked 
|  13|0x0000000080d00000, 0x0000000080e00000, 0x0000000080e00000|100%| O|  |TAMS 0x0000000080e00000, 0x0000000080d00000| Untracked 
|  14|0x0000000080e00000, 0x0000000080f00000, 0x0000000080f00000|100%| O|  |TAMS 0x0000000080f00000, 0x0000000080e00000| Untracked 
|  15|0x0000000080f00000, 0x0000000081000000, 0x0000000081000000|100%| O|  |TAMS 0x0000000081000000, 0x0000000080f00000| Untracked 
|  16|0x0000000081000000, 0x0000000081100000, 0x0000000081100000|100%| O|  |TAMS 0x0000000081100000, 0x0000000081000000| Untracked 
|  17|0x0000000081100000, 0x0000000081200000, 0x0000000081200000|100%| O|  |TAMS 0x0000000081200000, 0x0000000081100000| Untracked 
|  18|0x0000000081200000, 0x0000000081300000, 0x0000000081300000|100%|HS|  |TAMS 0x0000000081300000, 0x0000000081200000| Complete 
|  19|0x0000000081300000, 0x0000000081400000, 0x0000000081400000|100%| O|  |TAMS 0x0000000081400000, 0x0000000081300000| Untracked 
|  20|0x0000000081400000, 0x0000000081500000, 0x0000000081500000|100%| O|  |TAMS 0x0000000081500000, 0x0000000081400000| Untracked 
|  21|0x0000000081500000, 0x0000000081600000, 0x0000000081600000|100%| O|  |TAMS 0x0000000081600000, 0x0000000081500000| Untracked 
|  22|0x0000000081600000, 0x0000000081700000, 0x0000000081700000|100%|HS|  |TAMS 0x0000000081700000, 0x0000000081600000| Complete 
|  23|0x0000000081700000, 0x0000000081800000, 0x0000000081800000|100%|HS|  |TAMS 0x0000000081800000, 0x0000000081700000| Complete 
|  24|0x0000000081800000, 0x0000000081900000, 0x0000000081900000|100%|HC|  |TAMS 0x0000000081900000, 0x0000000081800000| Complete 
|  25|0x0000000081900000, 0x0000000081a00000, 0x0000000081a00000|100%|HC|  |TAMS 0x0000000081a00000, 0x0000000081900000| Complete 
|  26|0x0000000081a00000, 0x0000000081b00000, 0x0000000081b00000|100%|HS|  |TAMS 0x0000000081b00000, 0x0000000081a00000| Complete 
|  27|0x0000000081b00000, 0x0000000081c00000, 0x0000000081c00000|100%|HC|  |TAMS 0x0000000081c00000, 0x0000000081b00000| Complete 
|  28|0x0000000081c00000, 0x0000000081d00000, 0x0000000081d00000|100%| O|  |TAMS 0x0000000081d00000, 0x0000000081c00000| Untracked 
|  29|0x0000000081d00000, 0x0000000081e00000, 0x0000000081e00000|100%| O|  |TAMS 0x0000000081e00000, 0x0000000081d00000| Untracked 
|  30|0x0000000081e00000, 0x0000000081f00000, 0x0000000081f00000|100%| O|  |TAMS 0x0000000081f00000, 0x0000000081e00000| Untracked 
|  31|0x0000000081f00000, 0x0000000082000000, 0x0000000082000000|100%| O|  |TAMS 0x0000000082000000, 0x0000000081f00000| Untracked 
|  32|0x0000000082000000, 0x0000000082100000, 0x0000000082100000|100%| O|  |TAMS 0x0000000082100000, 0x0000000082000000| Complete 
|  33|0x0000000082100000, 0x0000000082200000, 0x0000000082200000|100%| O|  |TAMS 0x0000000082200000, 0x0000000082100000| Complete 
|  34|0x0000000082200000, 0x0000000082300000, 0x0000000082300000|100%| O|  |TAMS 0x0000000082300000, 0x0000000082200000| Untracked 
|  35|0x0000000082300000, 0x0000000082400000, 0x0000000082400000|100%| O|  |TAMS 0x0000000082400000, 0x0000000082300000| Untracked 
|  36|0x0000000082400000, 0x0000000082500000, 0x0000000082500000|100%| O|  |TAMS 0x0000000082500000, 0x0000000082400000| Complete 
|  37|0x0000000082500000, 0x0000000082600000, 0x0000000082600000|100%| O|  |TAMS 0x0000000082600000, 0x0000000082500000| Untracked 
|  38|0x0000000082600000, 0x0000000082700000, 0x0000000082700000|100%| O|  |TAMS 0x0000000082700000, 0x0000000082600000| Untracked 
|  39|0x0000000082700000, 0x0000000082800000, 0x0000000082800000|100%| O|  |TAMS 0x0000000082800000, 0x0000000082700000| Untracked 
|  40|0x0000000082800000, 0x0000000082900000, 0x0000000082900000|100%| O|  |TAMS 0x0000000082900000, 0x0000000082800000| Untracked 
|  41|0x0000000082900000, 0x0000000082a00000, 0x0000000082a00000|100%| O|  |TAMS 0x0000000082a00000, 0x0000000082900000| Untracked 
|  42|0x0000000082a00000, 0x0000000082b00000, 0x0000000082b00000|100%| O|  |TAMS 0x0000000082b00000, 0x0000000082a00000| Untracked 
|  43|0x0000000082b00000, 0x0000000082c00000, 0x0000000082c00000|100%| O|  |TAMS 0x0000000082c00000, 0x0000000082b00000| Untracked 
|  44|0x0000000082c00000, 0x0000000082d00000, 0x0000000082d00000|100%| O|  |TAMS 0x0000000082d00000, 0x0000000082c00000| Complete 
|  45|0x0000000082d00000, 0x0000000082e00000, 0x0000000082e00000|100%| O|  |TAMS 0x0000000082e00000, 0x0000000082d00000| Untracked 
|  46|0x0000000082e00000, 0x0000000082f00000, 0x0000000082f00000|100%| O|  |TAMS 0x0000000082f00000, 0x0000000082e00000| Complete 
|  47|0x0000000082f00000, 0x0000000083000000, 0x0000000083000000|100%| O|  |TAMS 0x0000000083000000, 0x0000000082f00000| Complete 
|  48|0x0000000083000000, 0x0000000083100000, 0x0000000083100000|100%| O|  |TAMS 0x0000000083100000, 0x0000000083000000| Untracked 
|  49|0x0000000083100000, 0x0000000083200000, 0x0000000083200000|100%| O|  |TAMS 0x0000000083200000, 0x0000000083100000| Untracked 
|  50|0x0000000083200000, 0x0000000083300000, 0x0000000083300000|100%| O|  |TAMS 0x0000000083300000, 0x0000000083200000| Untracked 
|  51|0x0000000083300000, 0x0000000083400000, 0x0000000083400000|100%| O|  |TAMS 0x0000000083400000, 0x0000000083300000| Untracked 
|  52|0x0000000083400000, 0x0000000083500000, 0x0000000083500000|100%| O|  |TAMS 0x0000000083500000, 0x0000000083400000| Complete 
|  53|0x0000000083500000, 0x0000000083600000, 0x0000000083600000|100%| O|  |TAMS 0x0000000083600000, 0x0000000083500000| Complete 
|  54|0x0000000083600000, 0x0000000083700000, 0x0000000083700000|100%| O|  |TAMS 0x0000000083700000, 0x0000000083600000| Untracked 
|  55|0x0000000083700000, 0x0000000083800000, 0x0000000083800000|100%| O|  |TAMS 0x0000000083800000, 0x0000000083700000| Untracked 
|  56|0x0000000083800000, 0x0000000083900000, 0x0000000083900000|100%| O|  |TAMS 0x0000000083900000, 0x0000000083800000| Untracked 
|  57|0x0000000083900000, 0x0000000083a00000, 0x0000000083a00000|100%| O|  |TAMS 0x0000000083a00000, 0x0000000083900000| Untracked 
|  58|0x0000000083a00000, 0x0000000083b00000, 0x0000000083b00000|100%| O|  |TAMS 0x0000000083b00000, 0x0000000083a00000| Untracked 
|  59|0x0000000083b00000, 0x0000000083c00000, 0x0000000083c00000|100%| O|  |TAMS 0x0000000083c00000, 0x0000000083b00000| Untracked 
|  60|0x0000000083c00000, 0x0000000083d00000, 0x0000000083d00000|100%| O|  |TAMS 0x0000000083d00000, 0x0000000083c00000| Untracked 
|  61|0x0000000083d00000, 0x0000000083e00000, 0x0000000083e00000|100%| O|  |TAMS 0x0000000083e00000, 0x0000000083d00000| Complete 
|  62|0x0000000083e00000, 0x0000000083f00000, 0x0000000083f00000|100%|HS|  |TAMS 0x0000000083f00000, 0x0000000083e00000| Complete 
|  63|0x0000000083f00000, 0x0000000084000000, 0x0000000084000000|100%|HC|  |TAMS 0x0000000084000000, 0x0000000083f00000| Complete 
|  64|0x0000000084000000, 0x0000000084100000, 0x0000000084100000|100%|HC|  |TAMS 0x0000000084100000, 0x0000000084000000| Complete 
|  65|0x0000000084100000, 0x0000000084200000, 0x0000000084200000|100%|HS|  |TAMS 0x0000000084200000, 0x0000000084100000| Complete 
|  66|0x0000000084200000, 0x0000000084300000, 0x0000000084300000|100%|HC|  |TAMS 0x0000000084300000, 0x0000000084200000| Complete 
|  67|0x0000000084300000, 0x0000000084400000, 0x0000000084400000|100%|HS|  |TAMS 0x0000000084400000, 0x0000000084300000| Complete 
|  68|0x0000000084400000, 0x0000000084500000, 0x0000000084500000|100%|HS|  |TAMS 0x0000000084500000, 0x0000000084400000| Complete 
|  69|0x0000000084500000, 0x0000000084600000, 0x0000000084600000|100%|HS|  |TAMS 0x0000000084600000, 0x0000000084500000| Complete 
|  70|0x0000000084600000, 0x0000000084700000, 0x0000000084700000|100%| O|  |TAMS 0x0000000084700000, 0x0000000084600000| Untracked 
|  71|0x0000000084700000, 0x0000000084800000, 0x0000000084800000|100%|HS|  |TAMS 0x0000000084800000, 0x0000000084700000| Complete 
|  72|0x0000000084800000, 0x0000000084900000, 0x0000000084900000|100%| O|  |TAMS 0x0000000084900000, 0x0000000084800000| Untracked 
|  73|0x0000000084900000, 0x0000000084a00000, 0x0000000084a00000|100%| O|  |TAMS 0x0000000084a00000, 0x0000000084900000| Untracked 
|  74|0x0000000084a00000, 0x0000000084b00000, 0x0000000084b00000|100%| O|  |TAMS 0x0000000084b00000, 0x0000000084a00000| Complete 
|  75|0x0000000084b00000, 0x0000000084c00000, 0x0000000084c00000|100%| O|  |TAMS 0x0000000084c00000, 0x0000000084b00000| Untracked 
|  76|0x0000000084c00000, 0x0000000084d00000, 0x0000000084d00000|100%| O|  |TAMS 0x0000000084d00000, 0x0000000084c00000| Untracked 
|  77|0x0000000084d00000, 0x0000000084e00000, 0x0000000084e00000|100%| O|  |TAMS 0x0000000084e00000, 0x0000000084d00000| Untracked 
|  78|0x0000000084e00000, 0x0000000084f00000, 0x0000000084f00000|100%| O|  |TAMS 0x0000000084f00000, 0x0000000084e00000| Untracked 
|  79|0x0000000084f00000, 0x0000000085000000, 0x0000000085000000|100%| O|  |TAMS 0x0000000085000000, 0x0000000084f00000| Complete 
|  80|0x0000000085000000, 0x0000000085100000, 0x0000000085100000|100%| O|  |TAMS 0x0000000085100000, 0x0000000085000000| Untracked 
|  81|0x0000000085100000, 0x0000000085200000, 0x0000000085200000|100%| O|  |TAMS 0x0000000085200000, 0x0000000085100000| Complete 
|  82|0x0000000085200000, 0x0000000085300000, 0x0000000085300000|100%| O|  |TAMS 0x0000000085300000, 0x0000000085200000| Complete 
|  83|0x0000000085300000, 0x0000000085400000, 0x0000000085400000|100%| O|  |TAMS 0x0000000085400000, 0x0000000085300000| Untracked 
|  84|0x0000000085400000, 0x0000000085500000, 0x0000000085500000|100%| O|  |TAMS 0x0000000085500000, 0x0000000085400000| Untracked 
|  85|0x0000000085500000, 0x0000000085600000, 0x0000000085600000|100%| O|  |TAMS 0x0000000085600000, 0x0000000085500000| Untracked 
|  86|0x0000000085600000, 0x0000000085700000, 0x0000000085700000|100%| O|  |TAMS 0x0000000085700000, 0x0000000085600000| Untracked 
|  87|0x0000000085700000, 0x0000000085800000, 0x0000000085800000|100%| O|  |TAMS 0x0000000085800000, 0x0000000085700000| Complete 
|  88|0x0000000085800000, 0x0000000085900000, 0x0000000085900000|100%| O|  |TAMS 0x0000000085900000, 0x0000000085800000| Complete 
|  89|0x0000000085900000, 0x0000000085a00000, 0x0000000085a00000|100%| O|  |TAMS 0x0000000085a00000, 0x0000000085900000| Complete 
|  90|0x0000000085a00000, 0x0000000085b00000, 0x0000000085b00000|100%| O|  |TAMS 0x0000000085b00000, 0x0000000085a00000| Complete 
|  91|0x0000000085b00000, 0x0000000085c00000, 0x0000000085c00000|100%| O|  |TAMS 0x0000000085c00000, 0x0000000085b00000| Complete 
|  92|0x0000000085c00000, 0x0000000085d00000, 0x0000000085d00000|100%| O|  |TAMS 0x0000000085d00000, 0x0000000085c00000| Complete 
|  93|0x0000000085d00000, 0x0000000085e00000, 0x0000000085e00000|100%| O|  |TAMS 0x0000000085e00000, 0x0000000085d00000| Untracked 
|  94|0x0000000085e00000, 0x0000000085f00000, 0x0000000085f00000|100%| O|  |TAMS 0x0000000085f00000, 0x0000000085e00000| Untracked 
|  95|0x0000000085f00000, 0x0000000086000000, 0x0000000086000000|100%| O|  |TAMS 0x0000000086000000, 0x0000000085f00000| Untracked 
|  96|0x0000000086000000, 0x0000000086100000, 0x0000000086100000|100%| O|  |TAMS 0x0000000086100000, 0x0000000086000000| Untracked 
|  97|0x0000000086100000, 0x0000000086200000, 0x0000000086200000|100%| O|  |TAMS 0x0000000086200000, 0x0000000086100000| Untracked 
|  98|0x0000000086200000, 0x0000000086300000, 0x0000000086300000|100%| O|  |TAMS 0x0000000086300000, 0x0000000086200000| Untracked 
|  99|0x0000000086300000, 0x0000000086400000, 0x0000000086400000|100%| O|  |TAMS 0x0000000086400000, 0x0000000086300000| Complete 
| 100|0x0000000086400000, 0x0000000086500000, 0x0000000086500000|100%| O|  |TAMS 0x0000000086500000, 0x0000000086400000| Complete 
| 101|0x0000000086500000, 0x0000000086600000, 0x0000000086600000|100%| O|  |TAMS 0x0000000086600000, 0x0000000086500000| Complete 
| 102|0x0000000086600000, 0x0000000086700000, 0x0000000086700000|100%| O|  |TAMS 0x0000000086700000, 0x0000000086600000| Complete 
| 103|0x0000000086700000, 0x0000000086800000, 0x0000000086800000|100%| O|  |TAMS 0x0000000086800000, 0x0000000086700000| Untracked 
| 104|0x0000000086800000, 0x0000000086900000, 0x0000000086900000|100%| O|  |TAMS 0x0000000086900000, 0x0000000086800000| Complete 
| 105|0x0000000086900000, 0x0000000086a00000, 0x0000000086a00000|100%| O|  |TAMS 0x0000000086a00000, 0x0000000086900000| Complete 
| 106|0x0000000086a00000, 0x0000000086b00000, 0x0000000086b00000|100%| O|  |TAMS 0x0000000086b00000, 0x0000000086a00000| Untracked 
| 107|0x0000000086b00000, 0x0000000086c00000, 0x0000000086c00000|100%| O|  |TAMS 0x0000000086c00000, 0x0000000086b00000| Untracked 
| 108|0x0000000086c00000, 0x0000000086d00000, 0x0000000086d00000|100%| O|  |TAMS 0x0000000086d00000, 0x0000000086c00000| Untracked 
| 109|0x0000000086d00000, 0x0000000086e00000, 0x0000000086e00000|100%| O|  |TAMS 0x0000000086e00000, 0x0000000086d00000| Untracked 
| 110|0x0000000086e00000, 0x0000000086f00000, 0x0000000086f00000|100%| O|  |TAMS 0x0000000086f00000, 0x0000000086e00000| Untracked 
| 111|0x0000000086f00000, 0x0000000087000000, 0x0000000087000000|100%| O|  |TAMS 0x0000000087000000, 0x0000000086f00000| Untracked 
| 112|0x0000000087000000, 0x0000000087100000, 0x0000000087100000|100%| O|  |TAMS 0x0000000087100000, 0x0000000087000000| Untracked 
| 113|0x0000000087100000, 0x0000000087200000, 0x0000000087200000|100%| O|  |TAMS 0x0000000087200000, 0x0000000087100000| Untracked 
| 114|0x0000000087200000, 0x0000000087300000, 0x0000000087300000|100%| O|  |TAMS 0x0000000087300000, 0x0000000087200000| Complete 
| 115|0x0000000087300000, 0x0000000087400000, 0x0000000087400000|100%| O|  |TAMS 0x0000000087400000, 0x0000000087300000| Untracked 
| 116|0x0000000087400000, 0x0000000087500000, 0x0000000087500000|100%| O|  |TAMS 0x0000000087500000, 0x0000000087400000| Untracked 
| 117|0x0000000087500000, 0x0000000087600000, 0x0000000087600000|100%| O|  |TAMS 0x0000000087600000, 0x0000000087500000| Untracked 
| 118|0x0000000087600000, 0x0000000087700000, 0x0000000087700000|100%| O|  |TAMS 0x0000000087700000, 0x0000000087600000| Complete 
| 119|0x0000000087700000, 0x0000000087800000, 0x0000000087800000|100%| O|  |TAMS 0x0000000087800000, 0x0000000087700000| Untracked 
| 120|0x0000000087800000, 0x0000000087900000, 0x0000000087900000|100%| O|  |TAMS 0x0000000087900000, 0x0000000087800000| Untracked 
| 121|0x0000000087900000, 0x0000000087a00000, 0x0000000087a00000|100%| O|  |TAMS 0x0000000087a00000, 0x0000000087900000| Untracked 
| 122|0x0000000087a00000, 0x0000000087b00000, 0x0000000087b00000|100%| O|  |TAMS 0x0000000087b00000, 0x0000000087a00000| Untracked 
| 123|0x0000000087b00000, 0x0000000087c00000, 0x0000000087c00000|100%| O|  |TAMS 0x0000000087c00000, 0x0000000087b00000| Untracked 
| 124|0x0000000087c00000, 0x0000000087d00000, 0x0000000087d00000|100%| O|  |TAMS 0x0000000087d00000, 0x0000000087c00000| Complete 
| 125|0x0000000087d00000, 0x0000000087e00000, 0x0000000087e00000|100%| O|  |TAMS 0x0000000087e00000, 0x0000000087d00000| Untracked 
| 126|0x0000000087e00000, 0x0000000087f00000, 0x0000000087f00000|100%| O|  |TAMS 0x0000000087f00000, 0x0000000087e00000| Untracked 
| 127|0x0000000087f00000, 0x0000000088000000, 0x0000000088000000|100%| O|  |TAMS 0x0000000088000000, 0x0000000087f00000| Untracked 
| 128|0x0000000088000000, 0x0000000088100000, 0x0000000088100000|100%| O|  |TAMS 0x0000000088100000, 0x0000000088000000| Untracked 
| 129|0x0000000088100000, 0x0000000088200000, 0x0000000088200000|100%| O|  |TAMS 0x0000000088200000, 0x0000000088100000| Untracked 
| 130|0x0000000088200000, 0x0000000088300000, 0x0000000088300000|100%| O|  |TAMS 0x0000000088300000, 0x0000000088200000| Untracked 
| 131|0x0000000088300000, 0x0000000088400000, 0x0000000088400000|100%| O|  |TAMS 0x0000000088400000, 0x0000000088300000| Untracked 
| 132|0x0000000088400000, 0x0000000088500000, 0x0000000088500000|100%| O|  |TAMS 0x0000000088500000, 0x0000000088400000| Untracked 
| 133|0x0000000088500000, 0x0000000088600000, 0x0000000088600000|100%| O|  |TAMS 0x0000000088600000, 0x0000000088500000| Complete 
| 134|0x0000000088600000, 0x0000000088700000, 0x0000000088700000|100%| O|  |TAMS 0x0000000088700000, 0x0000000088600000| Complete 
| 135|0x0000000088700000, 0x0000000088800000, 0x0000000088800000|100%| O|  |TAMS 0x0000000088800000, 0x0000000088700000| Untracked 
| 136|0x0000000088800000, 0x0000000088900000, 0x0000000088900000|100%| O|  |TAMS 0x0000000088900000, 0x0000000088800000| Untracked 
| 137|0x0000000088900000, 0x0000000088a00000, 0x0000000088a00000|100%| O|  |TAMS 0x0000000088a00000, 0x0000000088900000| Untracked 
| 138|0x0000000088a00000, 0x0000000088b00000, 0x0000000088b00000|100%| O|  |TAMS 0x0000000088b00000, 0x0000000088a00000| Complete 
| 139|0x0000000088b00000, 0x0000000088c00000, 0x0000000088c00000|100%| O|  |TAMS 0x0000000088c00000, 0x0000000088b00000| Untracked 
| 140|0x0000000088c00000, 0x0000000088d00000, 0x0000000088d00000|100%| O|  |TAMS 0x0000000088d00000, 0x0000000088c00000| Complete 
| 141|0x0000000088d00000, 0x0000000088e00000, 0x0000000088e00000|100%| O|  |TAMS 0x0000000088e00000, 0x0000000088d00000| Untracked 
| 142|0x0000000088e00000, 0x0000000088f00000, 0x0000000088f00000|100%| O|  |TAMS 0x0000000088f00000, 0x0000000088e00000| Untracked 
| 143|0x0000000088f00000, 0x0000000089000000, 0x0000000089000000|100%| O|  |TAMS 0x0000000089000000, 0x0000000088f00000| Untracked 
| 144|0x0000000089000000, 0x0000000089100000, 0x0000000089100000|100%| O|  |TAMS 0x0000000089100000, 0x0000000089000000| Complete 
| 145|0x0000000089100000, 0x0000000089200000, 0x0000000089200000|100%| O|  |TAMS 0x0000000089200000, 0x0000000089100000| Complete 
| 146|0x0000000089200000, 0x0000000089300000, 0x0000000089300000|100%| O|  |TAMS 0x0000000089300000, 0x0000000089200000| Complete 
| 147|0x0000000089300000, 0x0000000089400000, 0x0000000089400000|100%| O|  |TAMS 0x0000000089400000, 0x0000000089300000| Complete 
| 148|0x0000000089400000, 0x0000000089500000, 0x0000000089500000|100%| O|  |TAMS 0x0000000089500000, 0x0000000089400000| Complete 
| 149|0x0000000089500000, 0x00000000895ad600, 0x0000000089600000| 67%| O|  |TAMS 0x0000000089540000, 0x0000000089500000| Untracked 
| 150|0x0000000089600000, 0x0000000089700000, 0x0000000089700000|100%|HS|  |TAMS 0x0000000089600000, 0x0000000089600000| Complete 
| 151|0x0000000089700000, 0x0000000089800000, 0x0000000089800000|100%|HS|  |TAMS 0x0000000089700000, 0x0000000089700000| Complete 
| 152|0x0000000089800000, 0x0000000089900000, 0x0000000089900000|100%|HS|  |TAMS 0x0000000089800000, 0x0000000089800000| Complete 
| 153|0x0000000089900000, 0x0000000089a00000, 0x0000000089a00000|100%|HC|  |TAMS 0x0000000089900000, 0x0000000089900000| Complete 
| 154|0x0000000089a00000, 0x0000000089b00000, 0x0000000089b00000|100%|HS|  |TAMS 0x0000000089a00000, 0x0000000089a00000| Complete 
| 155|0x0000000089b00000, 0x0000000089c00000, 0x0000000089c00000|100%|HC|  |TAMS 0x0000000089b00000, 0x0000000089b00000| Complete 
| 156|0x0000000089c00000, 0x0000000089c00000, 0x0000000089d00000|  0%| F|  |TAMS 0x0000000089c00000, 0x0000000089c00000| Untracked 
| 157|0x0000000089d00000, 0x0000000089d00000, 0x0000000089e00000|  0%| F|  |TAMS 0x0000000089d00000, 0x0000000089d00000| Untracked 
| 158|0x0000000089e00000, 0x0000000089e00000, 0x0000000089f00000|  0%| F|  |TAMS 0x0000000089e00000, 0x0000000089e00000| Untracked 
| 159|0x0000000089f00000, 0x0000000089f00000, 0x000000008a000000|  0%| F|  |TAMS 0x0000000089f00000, 0x0000000089f00000| Untracked 
| 160|0x000000008a000000, 0x000000008a000000, 0x000000008a100000|  0%| F|  |TAMS 0x000000008a000000, 0x000000008a000000| Untracked 
| 161|0x000000008a100000, 0x000000008a100000, 0x000000008a200000|  0%| F|  |TAMS 0x000000008a100000, 0x000000008a100000| Untracked 
| 162|0x000000008a200000, 0x000000008a200000, 0x000000008a300000|  0%| F|  |TAMS 0x000000008a200000, 0x000000008a200000| Untracked 
| 163|0x000000008a300000, 0x000000008a300000, 0x000000008a400000|  0%| F|  |TAMS 0x000000008a300000, 0x000000008a300000| Untracked 
| 164|0x000000008a400000, 0x000000008a400000, 0x000000008a500000|  0%| F|  |TAMS 0x000000008a400000, 0x000000008a400000| Untracked 
| 165|0x000000008a500000, 0x000000008a500000, 0x000000008a600000|  0%| F|  |TAMS 0x000000008a500000, 0x000000008a500000| Untracked 
| 166|0x000000008a600000, 0x000000008a600000, 0x000000008a700000|  0%| F|  |TAMS 0x000000008a600000, 0x000000008a600000| Untracked 
| 167|0x000000008a700000, 0x000000008a700000, 0x000000008a800000|  0%| F|  |TAMS 0x000000008a700000, 0x000000008a700000| Untracked 
| 168|0x000000008a800000, 0x000000008a800000, 0x000000008a900000|  0%| F|  |TAMS 0x000000008a800000, 0x000000008a800000| Untracked 
| 169|0x000000008a900000, 0x000000008a900000, 0x000000008aa00000|  0%| F|  |TAMS 0x000000008a900000, 0x000000008a900000| Untracked 
| 170|0x000000008aa00000, 0x000000008aa00000, 0x000000008ab00000|  0%| F|  |TAMS 0x000000008aa00000, 0x000000008aa00000| Untracked 
| 171|0x000000008ab00000, 0x000000008ab00000, 0x000000008ac00000|  0%| F|  |TAMS 0x000000008ab00000, 0x000000008ab00000| Untracked 
| 172|0x000000008ac00000, 0x000000008ac00000, 0x000000008ad00000|  0%| F|  |TAMS 0x000000008ac00000, 0x000000008ac00000| Untracked 
| 173|0x000000008ad00000, 0x000000008ad00000, 0x000000008ae00000|  0%| F|  |TAMS 0x000000008ad00000, 0x000000008ad00000| Untracked 
| 174|0x000000008ae00000, 0x000000008ae00000, 0x000000008af00000|  0%| F|  |TAMS 0x000000008ae00000, 0x000000008ae00000| Untracked 
| 175|0x000000008af00000, 0x000000008af00000, 0x000000008b000000|  0%| F|  |TAMS 0x000000008af00000, 0x000000008af00000| Untracked 
| 176|0x000000008b000000, 0x000000008b000000, 0x000000008b100000|  0%| F|  |TAMS 0x000000008b000000, 0x000000008b000000| Untracked 
| 177|0x000000008b100000, 0x000000008b100000, 0x000000008b200000|  0%| F|  |TAMS 0x000000008b100000, 0x000000008b100000| Untracked 
| 178|0x000000008b200000, 0x000000008b200000, 0x000000008b300000|  0%| F|  |TAMS 0x000000008b200000, 0x000000008b200000| Untracked 
| 179|0x000000008b300000, 0x000000008b300000, 0x000000008b400000|  0%| F|  |TAMS 0x000000008b300000, 0x000000008b300000| Untracked 
| 180|0x000000008b400000, 0x000000008b400000, 0x000000008b500000|  0%| F|  |TAMS 0x000000008b400000, 0x000000008b400000| Untracked 
| 181|0x000000008b500000, 0x000000008b500000, 0x000000008b600000|  0%| F|  |TAMS 0x000000008b500000, 0x000000008b500000| Untracked 
| 182|0x000000008b600000, 0x000000008b600000, 0x000000008b700000|  0%| F|  |TAMS 0x000000008b600000, 0x000000008b600000| Untracked 
| 183|0x000000008b700000, 0x000000008b700000, 0x000000008b800000|  0%| F|  |TAMS 0x000000008b700000, 0x000000008b700000| Untracked 
| 184|0x000000008b800000, 0x000000008b800000, 0x000000008b900000|  0%| F|  |TAMS 0x000000008b800000, 0x000000008b800000| Untracked 
| 185|0x000000008b900000, 0x000000008b900000, 0x000000008ba00000|  0%| F|  |TAMS 0x000000008b900000, 0x000000008b900000| Untracked 
| 186|0x000000008ba00000, 0x000000008ba00000, 0x000000008bb00000|  0%| F|  |TAMS 0x000000008ba00000, 0x000000008ba00000| Untracked 
| 187|0x000000008bb00000, 0x000000008bb00000, 0x000000008bc00000|  0%| F|  |TAMS 0x000000008bb00000, 0x000000008bb00000| Untracked 
| 188|0x000000008bc00000, 0x000000008bc00000, 0x000000008bd00000|  0%| F|  |TAMS 0x000000008bc00000, 0x000000008bc00000| Untracked 
| 189|0x000000008bd00000, 0x000000008bd00000, 0x000000008be00000|  0%| F|  |TAMS 0x000000008bd00000, 0x000000008bd00000| Untracked 
| 190|0x000000008be00000, 0x000000008be00000, 0x000000008bf00000|  0%| F|  |TAMS 0x000000008be00000, 0x000000008be00000| Untracked 
| 191|0x000000008bf00000, 0x000000008bf00000, 0x000000008c000000|  0%| F|  |TAMS 0x000000008bf00000, 0x000000008bf00000| Untracked 
| 192|0x000000008c000000, 0x000000008c000000, 0x000000008c100000|  0%| F|  |TAMS 0x000000008c000000, 0x000000008c000000| Untracked 
| 193|0x000000008c100000, 0x000000008c100000, 0x000000008c200000|  0%| F|  |TAMS 0x000000008c100000, 0x000000008c100000| Untracked 
| 194|0x000000008c200000, 0x000000008c200000, 0x000000008c300000|  0%| F|  |TAMS 0x000000008c200000, 0x000000008c200000| Untracked 
| 195|0x000000008c300000, 0x000000008c300000, 0x000000008c400000|  0%| F|  |TAMS 0x000000008c300000, 0x000000008c300000| Untracked 
| 196|0x000000008c400000, 0x000000008c400000, 0x000000008c500000|  0%| F|  |TAMS 0x000000008c400000, 0x000000008c400000| Untracked 
| 197|0x000000008c500000, 0x000000008c500000, 0x000000008c600000|  0%| F|  |TAMS 0x000000008c500000, 0x000000008c500000| Untracked 
| 198|0x000000008c600000, 0x000000008c600000, 0x000000008c700000|  0%| F|  |TAMS 0x000000008c600000, 0x000000008c600000| Untracked 
| 199|0x000000008c700000, 0x000000008c700000, 0x000000008c800000|  0%| F|  |TAMS 0x000000008c700000, 0x000000008c700000| Untracked 
| 200|0x000000008c800000, 0x000000008c900000, 0x000000008c900000|100%| S|CS|TAMS 0x000000008c800000, 0x000000008c800000| Complete 
| 201|0x000000008c900000, 0x000000008ca00000, 0x000000008ca00000|100%| S|CS|TAMS 0x000000008c900000, 0x000000008c900000| Complete 
| 202|0x000000008ca00000, 0x000000008cb00000, 0x000000008cb00000|100%| S|CS|TAMS 0x000000008ca00000, 0x000000008ca00000| Complete 
| 203|0x000000008cb00000, 0x000000008cc00000, 0x000000008cc00000|100%| S|CS|TAMS 0x000000008cb00000, 0x000000008cb00000| Complete 
| 204|0x000000008cc00000, 0x000000008cc00000, 0x000000008cd00000|  0%| F|  |TAMS 0x000000008cc00000, 0x000000008cc00000| Untracked 
| 205|0x000000008cd00000, 0x000000008cd00000, 0x000000008ce00000|  0%| F|  |TAMS 0x000000008cd00000, 0x000000008cd00000| Untracked 
| 206|0x000000008ce00000, 0x000000008ce00000, 0x000000008cf00000|  0%| F|  |TAMS 0x000000008ce00000, 0x000000008ce00000| Untracked 
| 207|0x000000008cf00000, 0x000000008cf00000, 0x000000008d000000|  0%| F|  |TAMS 0x000000008cf00000, 0x000000008cf00000| Untracked 
| 208|0x000000008d000000, 0x000000008d000000, 0x000000008d100000|  0%| F|  |TAMS 0x000000008d000000, 0x000000008d000000| Untracked 
| 209|0x000000008d100000, 0x000000008d100000, 0x000000008d200000|  0%| F|  |TAMS 0x000000008d100000, 0x000000008d100000| Untracked 
| 210|0x000000008d200000, 0x000000008d200000, 0x000000008d300000|  0%| F|  |TAMS 0x000000008d200000, 0x000000008d200000| Untracked 
| 211|0x000000008d300000, 0x000000008d300000, 0x000000008d400000|  0%| F|  |TAMS 0x000000008d300000, 0x000000008d300000| Untracked 
| 212|0x000000008d400000, 0x000000008d400000, 0x000000008d500000|  0%| F|  |TAMS 0x000000008d400000, 0x000000008d400000| Untracked 
| 213|0x000000008d500000, 0x000000008d500000, 0x000000008d600000|  0%| F|  |TAMS 0x000000008d500000, 0x000000008d500000| Untracked 
| 214|0x000000008d600000, 0x000000008d600000, 0x000000008d700000|  0%| F|  |TAMS 0x000000008d600000, 0x000000008d600000| Untracked 
| 215|0x000000008d700000, 0x000000008d700000, 0x000000008d800000|  0%| F|  |TAMS 0x000000008d700000, 0x000000008d700000| Untracked 
| 216|0x000000008d800000, 0x000000008d800000, 0x000000008d900000|  0%| F|  |TAMS 0x000000008d800000, 0x000000008d800000| Untracked 
| 217|0x000000008d900000, 0x000000008d900000, 0x000000008da00000|  0%| F|  |TAMS 0x000000008d900000, 0x000000008d900000| Untracked 
| 218|0x000000008da00000, 0x000000008da00000, 0x000000008db00000|  0%| F|  |TAMS 0x000000008da00000, 0x000000008da00000| Untracked 
| 219|0x000000008db00000, 0x000000008db00000, 0x000000008dc00000|  0%| F|  |TAMS 0x000000008db00000, 0x000000008db00000| Untracked 
| 220|0x000000008dc00000, 0x000000008dc00000, 0x000000008dd00000|  0%| F|  |TAMS 0x000000008dc00000, 0x000000008dc00000| Untracked 
| 221|0x000000008dd00000, 0x000000008dd00000, 0x000000008de00000|  0%| F|  |TAMS 0x000000008dd00000, 0x000000008dd00000| Untracked 
| 222|0x000000008de00000, 0x000000008de00000, 0x000000008df00000|  0%| F|  |TAMS 0x000000008de00000, 0x000000008de00000| Untracked 
| 223|0x000000008df00000, 0x000000008df00000, 0x000000008e000000|  0%| F|  |TAMS 0x000000008df00000, 0x000000008df00000| Untracked 
| 224|0x000000008e000000, 0x000000008e000000, 0x000000008e100000|  0%| F|  |TAMS 0x000000008e000000, 0x000000008e000000| Untracked 
| 225|0x000000008e100000, 0x000000008e100000, 0x000000008e200000|  0%| F|  |TAMS 0x000000008e100000, 0x000000008e100000| Untracked 
| 226|0x000000008e200000, 0x000000008e200000, 0x000000008e300000|  0%| F|  |TAMS 0x000000008e200000, 0x000000008e200000| Untracked 
| 227|0x000000008e300000, 0x000000008e300000, 0x000000008e400000|  0%| F|  |TAMS 0x000000008e300000, 0x000000008e300000| Untracked 
| 228|0x000000008e400000, 0x000000008e400000, 0x000000008e500000|  0%| F|  |TAMS 0x000000008e400000, 0x000000008e400000| Untracked 
| 229|0x000000008e500000, 0x000000008e500000, 0x000000008e600000|  0%| F|  |TAMS 0x000000008e500000, 0x000000008e500000| Untracked 
| 230|0x000000008e600000, 0x000000008e600000, 0x000000008e700000|  0%| F|  |TAMS 0x000000008e600000, 0x000000008e600000| Untracked 
| 231|0x000000008e700000, 0x000000008e700000, 0x000000008e800000|  0%| F|  |TAMS 0x000000008e700000, 0x000000008e700000| Untracked 
| 232|0x000000008e800000, 0x000000008e800000, 0x000000008e900000|  0%| F|  |TAMS 0x000000008e800000, 0x000000008e800000| Untracked 
| 233|0x000000008e900000, 0x000000008e900000, 0x000000008ea00000|  0%| F|  |TAMS 0x000000008e900000, 0x000000008e900000| Untracked 
| 234|0x000000008ea00000, 0x000000008ea00000, 0x000000008eb00000|  0%| F|  |TAMS 0x000000008ea00000, 0x000000008ea00000| Untracked 

Card table byte_map: [0x00000220f8590000,0x00000220f8990000] _byte_map_base: 0x00000220f8190000

Marking Bits (Prev, Next): (CMBitMap*) 0x00000220e5509fc8, (CMBitMap*) 0x00000220e550a000
 Prev Bits: [0x00000220f8d90000, 0x00000220fad90000)
 Next Bits: [0x00000220fad90000, 0x00000220fcd90000)

Polling page: 0x00000220e4cb0000

Metaspace:

Usage:
  Non-class:     78.93 MB capacity,    77.65 MB ( 98%) used,     1.05 MB (  1%) free+waste,   235.94 KB ( <1%) overhead. 
      Class:     12.37 MB capacity,    11.63 MB ( 94%) used,   649.30 KB (  5%) free+waste,   105.94 KB ( <1%) overhead. 
       Both:     91.30 MB capacity,    89.28 MB ( 98%) used,     1.68 MB (  2%) free+waste,   341.88 KB ( <1%) overhead. 

Virtual space:
  Non-class space:       80.00 MB reserved,      79.00 MB ( 99%) committed 
      Class space:        1.00 GB reserved,      12.38 MB (  1%) committed 
             Both:        1.08 GB reserved,      91.38 MB (  8%) committed 

Chunk freelists:
   Non-Class:  8.00 KB
       Class:  8.00 KB
        Both:  16.00 KB

MaxMetaspaceSize: 17179869184.00 GB
CompressedClassSpaceSize: 1.00 GB

CodeHeap 'non-profiled nmethods': size=120000Kb used=6406Kb max_used=6406Kb free=113593Kb
 bounds [0x00000220f0920000, 0x00000220f0f70000, 0x00000220f7e50000]
CodeHeap 'profiled nmethods': size=120000Kb used=21866Kb max_used=21866Kb free=98133Kb
 bounds [0x00000220e93f0000, 0x00000220ea950000, 0x00000220f0920000]
CodeHeap 'non-nmethods': size=5760Kb used=2272Kb max_used=2329Kb free=3487Kb
 bounds [0x00000220e8e50000, 0x00000220e90c0000, 0x00000220e93f0000]
 total_blobs=11524 nmethods=10657 adapters=778
 compilation: enabled
              stopped_count=0, restarted_count=0
 full_count=0

Compilation events (20 events):
Event: 12.502 Thread 0x00000220ff807000 10984 %     3       java.util.IdentityHashMap$KeySet::toArray @ 49 (139 bytes)
Event: 12.503 Thread 0x00000220ff807000 nmethod 10984% 0x00000220ea946b10 code [0x00000220ea946da0, 0x00000220ea947a78]
Event: 12.503 Thread 0x00000220ff807000 10985       3       java.util.IdentityHashMap$KeySet::toArray (139 bytes)
Event: 12.504 Thread 0x00000220ff807000 nmethod 10985 0x00000220ea947f10 code [0x00000220ea9481a0, 0x00000220ea948d98]
Event: 12.512 Thread 0x00000220ff807000 10986       2       com.android.tools.r8.graph.l0::a (10 bytes)
Event: 12.512 Thread 0x00000220ff807000 nmethod 10986 0x00000220ea949210 code [0x00000220ea9493c0, 0x00000220ea949508]
Event: 12.512 Thread 0x00000220ff807000 10987       2       com.android.tools.r8.graph.l0::a (52 bytes)
Event: 12.513 Thread 0x00000220ff807000 nmethod 10987 0x00000220ea949610 code [0x00000220ea949820, 0x00000220ea949ac8]
Event: 12.529 Thread 0x000002208237c000 nmethod 10949 0x00000220f0f5c890 code [0x00000220f0f5cb00, 0x00000220f0f5eac0]
Event: 12.529 Thread 0x000002208237c000 10988 %     4       java.util.TimSort::mergeLo @ 153 (659 bytes)
Event: 12.530 Thread 0x00000220ff807000 10989       3       com.android.tools.r8.graph.l0::a (52 bytes)
Event: 12.530 Thread 0x00000220ff807000 nmethod 10989 0x00000220ea949d10 code [0x00000220ea949f40, 0x00000220ea94a5a8]
Event: 12.530 Thread 0x00000220ff807000 10991       3       com.android.tools.r8.graph.C1$$Lambda$1011/0x0000000100b99840::compare (16 bytes)
Event: 12.530 Thread 0x00000220ff807000 nmethod 10991 0x00000220ea94a810 code [0x00000220ea94a9e0, 0x00000220ea94ae08]
Event: 12.530 Thread 0x00000220ff807000 10990       3       com.android.tools.r8.graph.l0::a (10 bytes)
Event: 12.530 Thread 0x00000220ff807000 nmethod 10990 0x00000220ea94af10 code [0x00000220ea94b0e0, 0x00000220ea94b2e8]
Event: 12.535 Thread 0x00000220ff807000 10995       3       com.android.tools.r8.graph.o0::a (141 bytes)
Event: 12.536 Thread 0x00000220ff807000 nmethod 10995 0x00000220ea94b390 code [0x00000220ea94b620, 0x00000220ea94c0c8]
Event: 12.557 Thread 0x000002208237c000 nmethod 10988% 0x00000220f0f5fb90 code [0x00000220f0f5fd80, 0x00000220f0f611b8]
Event: 12.557 Thread 0x000002208237c000 10997 %     4       java.util.TimSort::mergeHi @ 191 (732 bytes)

GC Heap History (20 events):
Event: 7.895 GC heap after
{Heap after GC invocations=15 (full 0):
 garbage-first heap   total 189440K, used 58719K [0x0000000080000000, 0x0000000100000000)
  region size 1024K, 5 young (5120K), 5 survivors (5120K)
 Metaspace       used 70781K, capacity 72313K, committed 72576K, reserved 1112064K
  class space    used 9175K, capacity 9732K, committed 9856K, reserved 1048576K
}
Event: 8.728 GC heap before
{Heap before GC invocations=15 (full 0):
 garbage-first heap   total 189440K, used 131423K [0x0000000080000000, 0x0000000100000000)
  region size 1024K, 77 young (78848K), 5 survivors (5120K)
 Metaspace       used 78397K, capacity 80061K, committed 80256K, reserved 1118208K
  class space    used 10214K, capacity 10828K, committed 10880K, reserved 1048576K
}
Event: 8.734 GC heap after
{Heap after GC invocations=16 (full 0):
 garbage-first heap   total 189440K, used 63318K [0x0000000080000000, 0x0000000100000000)
  region size 1024K, 9 young (9216K), 9 survivors (9216K)
 Metaspace       used 78397K, capacity 80061K, committed 80256K, reserved 1118208K
  class space    used 10214K, capacity 10828K, committed 10880K, reserved 1048576K
}
Event: 9.331 GC heap before
{Heap before GC invocations=16 (full 0):
 garbage-first heap   total 189440K, used 137046K [0x0000000080000000, 0x0000000100000000)
  region size 1024K, 82 young (83968K), 9 survivors (9216K)
 Metaspace       used 79728K, capacity 81624K, committed 81792K, reserved 1120256K
  class space    used 10353K, capacity 11028K, committed 11136K, reserved 1048576K
}
Event: 9.341 GC heap after
{Heap after GC invocations=17 (full 0):
 garbage-first heap   total 189440K, used 68516K [0x0000000080000000, 0x0000000100000000)
  region size 1024K, 10 young (10240K), 10 survivors (10240K)
 Metaspace       used 79728K, capacity 81624K, committed 81792K, reserved 1120256K
  class space    used 10353K, capacity 11028K, committed 11136K, reserved 1048576K
}
Event: 9.939 GC heap before
{Heap before GC invocations=17 (full 0):
 garbage-first heap   total 189440K, used 141220K [0x0000000080000000, 0x0000000100000000)
  region size 1024K, 82 young (83968K), 10 survivors (10240K)
 Metaspace       used 82172K, capacity 84155K, committed 84352K, reserved 1122304K
  class space    used 10652K, capacity 11328K, committed 11392K, reserved 1048576K
}
Event: 9.951 GC heap after
{Heap after GC invocations=18 (full 0):
 garbage-first heap   total 189440K, used 71937K [0x0000000080000000, 0x0000000100000000)
  region size 1024K, 9 young (9216K), 9 survivors (9216K)
 Metaspace       used 82172K, capacity 84155K, committed 84352K, reserved 1122304K
  class space    used 10652K, capacity 11328K, committed 11392K, reserved 1048576K
}
Event: 10.364 GC heap before
{Heap before GC invocations=18 (full 0):
 garbage-first heap   total 189440K, used 149761K [0x0000000080000000, 0x0000000100000000)
  region size 1024K, 66 young (67584K), 9 survivors (9216K)
 Metaspace       used 86445K, capacity 88465K, committed 88576K, reserved 1126400K
  class space    used 11199K, capacity 11949K, committed 12032K, reserved 1048576K
}
Event: 10.376 GC heap after
{Heap after GC invocations=19 (full 0):
 garbage-first heap   total 189440K, used 94697K [0x0000000080000000, 0x0000000100000000)
  region size 1024K, 11 young (11264K), 11 survivors (11264K)
 Metaspace       used 86445K, capacity 88465K, committed 88576K, reserved 1126400K
  class space    used 11199K, capacity 11949K, committed 12032K, reserved 1048576K
}
Event: 10.644 GC heap before
{Heap before GC invocations=20 (full 0):
 garbage-first heap   total 189440K, used 134633K [0x0000000080000000, 0x0000000100000000)
  region size 1024K, 49 young (50176K), 11 survivors (11264K)
 Metaspace       used 87072K, capacity 89144K, committed 89472K, reserved 1126400K
  class space    used 11288K, capacity 12050K, committed 12160K, reserved 1048576K
}
Event: 10.702 GC heap after
{Heap after GC invocations=21 (full 0):
 garbage-first heap   total 189440K, used 109681K [0x0000000080000000, 0x0000000100000000)
  region size 1024K, 9 young (9216K), 9 survivors (9216K)
 Metaspace       used 87072K, capacity 89144K, committed 89472K, reserved 1126400K
  class space    used 11288K, capacity 12050K, committed 12160K, reserved 1048576K
}
Event: 10.973 GC heap before
{Heap before GC invocations=22 (full 0):
 garbage-first heap   total 189440K, used 148593K [0x0000000080000000, 0x0000000100000000)
  region size 1024K, 46 young (47104K), 9 survivors (9216K)
 Metaspace       used 88864K, capacity 90860K, committed 91264K, reserved 1128448K
  class space    used 11596K, capacity 12323K, committed 12416K, reserved 1048576K
}
Event: 10.997 GC heap after
{Heap after GC invocations=23 (full 0):
 garbage-first heap   total 240640K, used 128000K [0x0000000080000000, 0x0000000100000000)
  region size 1024K, 6 young (6144K), 6 survivors (6144K)
 Metaspace       used 88864K, capacity 90860K, committed 91264K, reserved 1128448K
  class space    used 11596K, capacity 12323K, committed 12416K, reserved 1048576K
}
Event: 11.343 GC heap before
{Heap before GC invocations=23 (full 0):
 garbage-first heap   total 240640K, used 176128K [0x0000000080000000, 0x0000000100000000)
  region size 1024K, 53 young (54272K), 6 survivors (6144K)
 Metaspace       used 90336K, capacity 92399K, committed 92800K, reserved 1130496K
  class space    used 11786K, capacity 12520K, committed 12672K, reserved 1048576K
}
Event: 11.380 GC heap after
{Heap after GC invocations=24 (full 0):
 garbage-first heap   total 240640K, used 153563K [0x0000000080000000, 0x0000000100000000)
  region size 1024K, 7 young (7168K), 7 survivors (7168K)
 Metaspace       used 90336K, capacity 92399K, committed 92800K, reserved 1130496K
  class space    used 11786K, capacity 12520K, committed 12672K, reserved 1048576K
}
Event: 11.901 GC heap before
{Heap before GC invocations=25 (full 0):
 garbage-first heap   total 240640K, used 176091K [0x0000000080000000, 0x0000000100000000)
  region size 1024K, 38 young (38912K), 7 survivors (7168K)
 Metaspace       used 91099K, capacity 93277K, committed 93312K, reserved 1130496K
  class space    used 11882K, capacity 12663K, committed 12672K, reserved 1048576K
}
Event: 11.920 GC heap after
{Heap after GC invocations=26 (full 0):
 garbage-first heap   total 240640K, used 152064K [0x0000000080000000, 0x0000000100000000)
  region size 1024K, 5 young (5120K), 5 survivors (5120K)
 Metaspace       used 91099K, capacity 93277K, committed 93312K, reserved 1130496K
  class space    used 11882K, capacity 12663K, committed 12672K, reserved 1048576K
}
Event: 12.013 GC heap before
{Heap before GC invocations=26 (full 0):
 garbage-first heap   total 240640K, used 160256K [0x0000000080000000, 0x0000000100000000)
  region size 1024K, 14 young (14336K), 5 survivors (5120K)
 Metaspace       used 91113K, capacity 93278K, committed 93312K, reserved 1130496K
  class space    used 11882K, capacity 12663K, committed 12672K, reserved 1048576K
}
Event: 12.028 GC heap after
{Heap after GC invocations=27 (full 0):
 garbage-first heap   total 240640K, used 154496K [0x0000000080000000, 0x0000000100000000)
  region size 1024K, 2 young (2048K), 2 survivors (2048K)
 Metaspace       used 91113K, capacity 93278K, committed 93312K, reserved 1130496K
  class space    used 11882K, capacity 12663K, committed 12672K, reserved 1048576K
}
Event: 12.560 GC heap before
{Heap before GC invocations=28 (full 0):
 garbage-first heap   total 240640K, used 189312K [0x0000000080000000, 0x0000000100000000)
  region size 1024K, 31 young (31744K), 2 survivors (2048K)
 Metaspace       used 91426K, capacity 93488K, committed 93568K, reserved 1130496K
  class space    used 11908K, capacity 12664K, committed 12672K, reserved 1048576K
}

Deoptimization events (20 events):
Event: 12.389 Thread 0x000002208637c000 DEOPT PACKING pc=0x00000220f0f4c554 sp=0x000000b5a2afd450
Event: 12.389 Thread 0x000002208637c000 DEOPT UNPACKING pc=0x00000220e8e774af sp=0x000000b5a2afd400 mode 2
Event: 12.407 Thread 0x000002208637c000 Uncommon trap: trap_request=0xffffffd6 fr.pc=0x00000220f0f54558 relative=0x0000000000000698
Event: 12.407 Thread 0x000002208637c000 Uncommon trap: reason=array_check action=maybe_recompile pc=0x00000220f0f54558 method=java.util.TimSort.binarySort([Ljava/lang/Object;IIILjava/util/Comparator;)V @ 215 c2
Event: 12.407 Thread 0x000002208637c000 DEOPT PACKING pc=0x00000220f0f54558 sp=0x000000b5a2afd490
Event: 12.407 Thread 0x000002208637c000 DEOPT UNPACKING pc=0x00000220e8e774af sp=0x000000b5a2afd438 mode 2
Event: 12.407 Thread 0x000002208637c000 Uncommon trap: trap_request=0xffffffd6 fr.pc=0x00000220f0f54668 relative=0x00000000000007a8
Event: 12.407 Thread 0x000002208637c000 Uncommon trap: reason=array_check action=maybe_recompile pc=0x00000220f0f54668 method=java.util.TimSort.binarySort([Ljava/lang/Object;IIILjava/util/Comparator;)V @ 193 c2
Event: 12.407 Thread 0x000002208637c000 DEOPT PACKING pc=0x00000220f0f54668 sp=0x000000b5a2afd490
Event: 12.407 Thread 0x000002208637c000 DEOPT UNPACKING pc=0x00000220e8e774af sp=0x000000b5a2afd438 mode 2
Event: 12.407 Thread 0x000002208637c000 Uncommon trap: trap_request=0xffffffd6 fr.pc=0x00000220f0f5473c relative=0x000000000000087c
Event: 12.407 Thread 0x000002208637c000 Uncommon trap: reason=array_check action=maybe_recompile pc=0x00000220f0f5473c method=java.util.TimSort.binarySort([Ljava/lang/Object;IIILjava/util/Comparator;)V @ 183 c2
Event: 12.407 Thread 0x000002208637c000 DEOPT PACKING pc=0x00000220f0f5473c sp=0x000000b5a2afd490
Event: 12.407 Thread 0x000002208637c000 DEOPT UNPACKING pc=0x00000220e8e774af sp=0x000000b5a2afd438 mode 2
Event: 12.407 Thread 0x000002208637c000 Uncommon trap: trap_request=0xffffffd6 fr.pc=0x00000220f0f54558 relative=0x0000000000000698
Event: 12.407 Thread 0x000002208637c000 Uncommon trap: reason=array_check action=maybe_recompile pc=0x00000220f0f54558 method=java.util.TimSort.binarySort([Ljava/lang/Object;IIILjava/util/Comparator;)V @ 215 c2
Event: 12.407 Thread 0x000002208637c000 DEOPT PACKING pc=0x00000220f0f54558 sp=0x000000b5a2afd490
Event: 12.407 Thread 0x000002208637c000 DEOPT UNPACKING pc=0x00000220e8e774af sp=0x000000b5a2afd438 mode 2
Event: 12.443 Thread 0x0000022088d1f000 DEOPT PACKING pc=0x00000220ea93c52d sp=0x000000b5a30fe850
Event: 12.443 Thread 0x0000022088d1f000 DEOPT UNPACKING pc=0x00000220e8e772ce sp=0x000000b5a30fdcf0 mode 0

Classes redefined (0 events):
No events

Internal exceptions (20 events):
Event: 10.348 Thread 0x000002208637c000 Exception <a 'java/lang/NoSuchMethodError'{0x0000000088208fb0}: 'java.lang.Object java.lang.invoke.DirectMethodHandle$Holder.invokeStaticInit(java.lang.Object, java.lang.Object, java.lang.Object, java.lang.Object, java.lang.Object, java.lang.Object, java.lang.Object, java.lang.Object, java.lang.Object, java.lang.Object, java.lang.Object, java.lang.Object, java.lang.Object, java.lang.Object, java.lang.Object, java.lang.Object, java.lang.Object, int, java.lang.Object)'> (0x0000000088208fb0) thrown at [./src/
Event: 10.398 Thread 0x000002208637a800 Exception <a 'java/lang/NoSuchMethodError'{0x000000008b2a45f0}: 'void java.lang.invoke.DirectMethodHandle$Holder.invokeStatic(java.lang.Object, long)'> (0x000000008b2a45f0) thrown at [./src/hotspot/share/interpreter/linkResolver.cpp, line 773]
Event: 10.399 Thread 0x000002208637a800 Exception <a 'java/lang/NoSuchMethodError'{0x000000008b2a9808}: 'java.lang.Object java.lang.invoke.DirectMethodHandle$Holder.invokeStatic(java.lang.Object, long)'> (0x000000008b2a9808) thrown at [./src/hotspot/share/interpreter/linkResolver.cpp, line 773]
Event: 10.400 Thread 0x000002208637a800 Exception <a 'java/lang/NoSuchMethodError'{0x000000008b2b7b70}: 'java.lang.Object java.lang.invoke.DirectMethodHandle$Holder.invokeStaticInit(java.lang.Object, java.lang.Object, long, java.lang.Object)'> (0x000000008b2b7b70) thrown at [./src/hotspot/share/interpreter/linkResolver.cpp, line 773]
Event: 10.400 Thread 0x000002208637a800 Exception <a 'java/lang/NoSuchMethodError'{0x000000008b2bdd08}: 'java.lang.Object java.lang.invoke.DirectMethodHandle$Holder.invokeStatic(java.lang.Object, java.lang.Object, long)'> (0x000000008b2bdd08) thrown at [./src/hotspot/share/interpreter/linkResolver.cpp, line 773]
Event: 10.401 Thread 0x000002208637a800 Exception <a 'java/lang/NoSuchMethodError'{0x000000008b2c4280}: 'java.lang.Object java.lang.invoke.Invokers$Holder.linkToTargetMethod(java.lang.Object, long, java.lang.Object)'> (0x000000008b2c4280) thrown at [./src/hotspot/share/interpreter/linkResolver.cpp, line 773]
Event: 10.574 Thread 0x000002208637a800 Exception <a 'java/lang/NoSuchMethodError'{0x0000000089dc3a08}: 'int java.lang.invoke.DirectMethodHandle$Holder.invokeSpecialIFC(java.lang.Object, java.lang.Object, java.lang.Object)'> (0x0000000089dc3a08) thrown at [./src/hotspot/share/interpreter/linkResolver.cpp, line 773]
Event: 10.766 Thread 0x0000022088d24000 Exception <a 'java/lang/NoSuchMethodError'{0x000000008b02aa60}: 'java.lang.Object java.lang.invoke.DirectMethodHandle$Holder.newInvokeSpecial(java.lang.Object, int)'> (0x000000008b02aa60) thrown at [./src/hotspot/share/interpreter/linkResolver.cpp, line 773]
Event: 11.242 Thread 0x000002208637c000 Exception <a 'java/lang/NoSuchMethodError'{0x000000008bf12c98}: 'void java.lang.invoke.DirectMethodHandle$Holder.invokeStatic(java.lang.Object, java.lang.Object, java.lang.Object, int)'> (0x000000008bf12c98) thrown at [./src/hotspot/share/interpreter/linkResolver.cpp, line 773]
Event: 11.243 Thread 0x000002208637c000 Exception <a 'java/lang/IncompatibleClassChangeError'{0x000000008bf1ab88}: Found class java.lang.Object, but interface was expected> (0x000000008bf1ab88) thrown at [./src/hotspot/share/interpreter/linkResolver.cpp, line 839]
Event: 11.340 Thread 0x000002208637c000 Exception <a 'java/lang/NoSuchMethodError'{0x000000008bce5af8}: 'void java.lang.invoke.DirectMethodHandle$Holder.invokeStaticInit(java.lang.Object, java.lang.Object, java.lang.Object, java.lang.Object, java.lang.Object)'> (0x000000008bce5af8) thrown at [./src/hotspot/share/interpreter/linkResolver.cpp, line 773]
Event: 11.401 Thread 0x000002208637c000 Exception <a 'java/lang/NoSuchMethodError'{0x000000008ea47010}: 'long java.lang.invoke.DirectMethodHandle$Holder.invokeStatic(java.lang.Object, java.lang.Object)'> (0x000000008ea47010) thrown at [./src/hotspot/share/interpreter/linkResolver.cpp, line 773]
Event: 11.415 Thread 0x0000022088d24000 Exception <a 'java/lang/NoSuchMethodError'{0x000000008e921468}: 'void java.lang.invoke.DirectMethodHandle$Holder.invokeSpecial(java.lang.Object, java.lang.Object, int, java.lang.Object)'> (0x000000008e921468) thrown at [./src/hotspot/share/interpreter/linkResolver.cpp, line 773]
Event: 11.417 Thread 0x0000022088d25000 Exception <a 'java/lang/NoSuchMethodError'{0x000000008ead6f40}: 'void java.lang.invoke.DirectMethodHandle$Holder.invokeSpecial(java.lang.Object, java.lang.Object, int, java.lang.Object)'> (0x000000008ead6f40) thrown at [./src/hotspot/share/interpreter/linkResolver.cpp, line 773]
Event: 11.417 Thread 0x0000022088d26800 Exception <a 'java/lang/NoSuchMethodError'{0x000000008e914da8}: 'void java.lang.invoke.DirectMethodHandle$Holder.invokeSpecial(java.lang.Object, java.lang.Object, int, java.lang.Object)'> (0x000000008e914da8) thrown at [./src/hotspot/share/interpreter/linkResolver.cpp, line 773]
Event: 11.417 Thread 0x0000022088d1f000 Exception <a 'java/lang/NoSuchMethodError'{0x000000008eac8520}: 'void java.lang.invoke.DirectMethodHandle$Holder.invokeSpecial(java.lang.Object, java.lang.Object, int, java.lang.Object)'> (0x000000008eac8520) thrown at [./src/hotspot/share/interpreter/linkResolver.cpp, line 773]
Event: 11.417 Thread 0x0000022088d20000 Exception <a 'java/lang/NoSuchMethodError'{0x000000008e90ba80}: 'void java.lang.invoke.DirectMethodHandle$Holder.invokeSpecial(java.lang.Object, java.lang.Object, int, java.lang.Object)'> (0x000000008e90ba80) thrown at [./src/hotspot/share/interpreter/linkResolver.cpp, line 773]
Event: 11.658 Thread 0x000002208637c000 Exception <a 'java/lang/NoSuchMethodError'{0x000000008de00db8}: 'java.lang.Object java.lang.invoke.DirectMethodHandle$Holder.invokeSpecial(java.lang.Object, java.lang.Object, java.lang.Object, java.lang.Object, java.lang.Object, java.lang.Object, java.lang.Object, java.lang.Object, java.lang.Object, java.lang.Object)'> (0x000000008de00db8) thrown at [./src/hotspot/share/interpreter/linkResolver.cpp, line 773]
Event: 11.658 Thread 0x000002208637c000 Exception <a 'java/lang/NoSuchMethodError'{0x000000008de04ea8}: 'java.lang.Object java.lang.invoke.Invokers$Holder.linkToTargetMethod(java.lang.Object, java.lang.Object, java.lang.Object, java.lang.Object, java.lang.Object, java.lang.Object, java.lang.Object, java.lang.Object, java.lang.Object)'> (0x000000008de04ea8) thrown at [./src/hotspot/share/interpreter/linkResolver.cpp, line 773]
Event: 11.691 Thread 0x0000022088d20000 Implicit null exception at 0x00000220f0ecbfc7 to 0x00000220f0eccb98

Events (20 events):
Event: 12.496 loading class com/android/tools/r8/graph/l0 done
Event: 12.496 loading class com/android/tools/r8/graph/C1
Event: 12.496 loading class com/android/tools/r8/graph/C1 done
Event: 12.551 loading class com/android/builder/internal/aapt/v2/Aapt2DaemonImpl$WaitForTaskCompletion$Result$Succeeded
Event: 12.551 loading class com/android/builder/internal/aapt/v2/Aapt2DaemonImpl$WaitForTaskCompletion$Result$Succeeded done
Event: 12.551 loading class com/android/builder/internal/aapt/v2/Aapt2DaemonImpl$WaitForTaskCompletion$Result
Event: 12.551 loading class com/android/builder/internal/aapt/v2/Aapt2DaemonImpl$WaitForTaskCompletion$Result done
Event: 12.552 loading class com/android/ide/common/symbols/SymbolIo
Event: 12.552 loading class com/android/ide/common/symbols/SymbolIo done
Event: 12.554 loading class com/android/ide/common/symbols/SymbolListVisitor
Event: 12.554 loading class com/android/ide/common/symbols/SymbolListVisitor done
Event: 12.556 loading class com/google/common/collect/Interners
Event: 12.556 loading class com/google/common/collect/Interners done
Event: 12.557 loading class com/google/common/collect/Interners$InternerBuilder
Event: 12.557 loading class com/google/common/collect/Interners$InternerBuilder done
Event: 12.558 loading class com/google/common/collect/MapMaker
Event: 12.558 loading class com/google/common/collect/MapMaker done
Event: 12.559 loading class com/google/common/collect/Interners$InternerImpl
Event: 12.559 loading class com/google/common/collect/Interners$InternerImpl done
Event: 12.559 Executing VM operation: G1CollectForAllocation


Dynamic libraries:
0x00007ff60ff40000 - 0x00007ff60ff4a000 	C:\Users\Dark Knight\Desktop\Android Studio\jre\bin\java.exe
0x00007ff9b2730000 - 0x00007ff9b2925000 	C:\WINDOWS\SYSTEM32\ntdll.dll
0x00007ff9b1dc0000 - 0x00007ff9b1e7e000 	C:\WINDOWS\System32\KERNEL32.DLL
0x00007ff9b0250000 - 0x00007ff9b0518000 	C:\WINDOWS\System32\KERNELBASE.dll
0x00007ff9b0150000 - 0x00007ff9b0250000 	C:\WINDOWS\System32\ucrtbase.dll
0x00007ff97f380000 - 0x00007ff97f397000 	C:\Users\Dark Knight\Desktop\Android Studio\jre\bin\VCRUNTIME140.dll
0x00007ff97f360000 - 0x00007ff97f379000 	C:\Users\Dark Knight\Desktop\Android Studio\jre\bin\jli.dll
0x00007ff9b09e0000 - 0x00007ff9b0b81000 	C:\WINDOWS\System32\USER32.dll
0x00007ff9affa0000 - 0x00007ff9affc2000 	C:\WINDOWS\System32\win32u.dll
0x00007ff99a6f0000 - 0x00007ff99a98a000 	C:\WINDOWS\WinSxS\amd64_microsoft.windows.common-controls_6595b64144ccf1df_6.0.19041.1110_none_60b5254171f9507e\COMCTL32.dll
0x00007ff9b2010000 - 0x00007ff9b203b000 	C:\WINDOWS\System32\GDI32.dll
0x00007ff9b1300000 - 0x00007ff9b139e000 	C:\WINDOWS\System32\msvcrt.dll
0x00007ff9b0660000 - 0x00007ff9b076d000 	C:\WINDOWS\System32\gdi32full.dll
0x00007ff9b0000000 - 0x00007ff9b009d000 	C:\WINDOWS\System32\msvcp_win.dll
0x00007ff9b2170000 - 0x00007ff9b21a0000 	C:\WINDOWS\System32\IMM32.DLL
0x00007ff97af90000 - 0x00007ff97b02d000 	C:\Users\Dark Knight\Desktop\Android Studio\jre\bin\msvcp140.dll
0x00007ff9426a0000 - 0x00007ff94315c000 	C:\Users\Dark Knight\Desktop\Android Studio\jre\bin\server\jvm.dll
0x00007ff9b25b0000 - 0x00007ff9b265c000 	C:\WINDOWS\System32\ADVAPI32.dll
0x00007ff9b1af0000 - 0x00007ff9b1b8b000 	C:\WINDOWS\System32\sechost.dll
0x00007ff9b1120000 - 0x00007ff9b124a000 	C:\WINDOWS\System32\RPCRT4.dll
0x00007ff9b0b90000 - 0x00007ff9b0b98000 	C:\WINDOWS\System32\PSAPI.DLL
0x00007ff9a54b0000 - 0x00007ff9a54ba000 	C:\WINDOWS\SYSTEM32\VERSION.dll
0x00007ff99c0d0000 - 0x00007ff99c0f7000 	C:\WINDOWS\SYSTEM32\WINMM.dll
0x00007ff9a7090000 - 0x00007ff9a7099000 	C:\WINDOWS\SYSTEM32\WSOCK32.dll
0x00007ff9b1fa0000 - 0x00007ff9b200b000 	C:\WINDOWS\System32\WS2_32.dll
0x00007ff9ae6c0000 - 0x00007ff9ae6d2000 	C:\WINDOWS\SYSTEM32\kernel.appcore.dll
0x00007ff9745c0000 - 0x00007ff9745d1000 	C:\Users\Dark Knight\Desktop\Android Studio\jre\bin\verify.dll
0x00007ff9adae0000 - 0x00007ff9adcc4000 	C:\WINDOWS\SYSTEM32\DBGHELP.DLL
0x00007ff9982c0000 - 0x00007ff9982ec000 	C:\WINDOWS\SYSTEM32\dbgcore.DLL
0x00007ff9b05d0000 - 0x00007ff9b0652000 	C:\WINDOWS\System32\bcryptPrimitives.dll
0x00007ff961b50000 - 0x00007ff961b79000 	C:\Users\Dark Knight\Desktop\Android Studio\jre\bin\java.dll
0x00007ff98b710000 - 0x00007ff98b71b000 	C:\Users\Dark Knight\Desktop\Android Studio\jre\bin\jimage.dll
0x00007ff974470000 - 0x00007ff974488000 	C:\Users\Dark Knight\Desktop\Android Studio\jre\bin\zip.dll
0x00007ff9b13a0000 - 0x00007ff9b1ae4000 	C:\WINDOWS\System32\SHELL32.dll
0x00007ff9adf10000 - 0x00007ff9ae6a4000 	C:\WINDOWS\SYSTEM32\windows.storage.dll
0x00007ff9b21a0000 - 0x00007ff9b24f5000 	C:\WINDOWS\System32\combase.dll
0x00007ff9af7c0000 - 0x00007ff9af7ee000 	C:\WINDOWS\SYSTEM32\Wldp.dll
0x00007ff9b1250000 - 0x00007ff9b12fd000 	C:\WINDOWS\System32\SHCORE.dll
0x00007ff9b0770000 - 0x00007ff9b07c5000 	C:\WINDOWS\System32\shlwapi.dll
0x00007ff9afd80000 - 0x00007ff9afd9f000 	C:\WINDOWS\SYSTEM32\profapi.dll
0x00007ff971f80000 - 0x00007ff971f9a000 	C:\Users\Dark Knight\Desktop\Android Studio\jre\bin\net.dll
0x00007ff99e9a0000 - 0x00007ff99eaac000 	C:\WINDOWS\SYSTEM32\WINHTTP.dll
0x00007ff9af520000 - 0x00007ff9af58a000 	C:\WINDOWS\system32\mswsock.dll
0x00007ff970060000 - 0x00007ff970074000 	C:\Users\Dark Knight\Desktop\Android Studio\jre\bin\nio.dll
0x00007ff9a7500000 - 0x00007ff9a7527000 	C:\Users\Dark Knight\.gradle\native\fdc75f09e3144964f2cf3f50f0aa648679c211496f362492102eb8c894070792\windows-amd64\native-platform.dll
0x00007ff960cc0000 - 0x00007ff960e56000 	C:\Users\Dark Knight\.gradle\native\12488b8bf47d2d4c9fbf2f6322a914ad602e24e48041cd04a747c6da556b65c4\windows-amd64\native-platform-file-events.dll
0x00007ff98b6c0000 - 0x00007ff98b6ca000 	C:\Users\Dark Knight\Desktop\Android Studio\jre\bin\management.dll
0x00007ff9877a0000 - 0x00007ff9877ac000 	C:\Users\Dark Knight\Desktop\Android Studio\jre\bin\management_ext.dll
0x00007ff9af710000 - 0x00007ff9af728000 	C:\WINDOWS\SYSTEM32\CRYPTSP.dll
0x00007ff9aeea0000 - 0x00007ff9aeed4000 	C:\WINDOWS\system32\rsaenh.dll
0x00007ff9affd0000 - 0x00007ff9afff7000 	C:\WINDOWS\System32\bcrypt.dll
0x00007ff9afd40000 - 0x00007ff9afd6e000 	C:\WINDOWS\SYSTEM32\USERENV.dll
0x00007ff9af730000 - 0x00007ff9af73c000 	C:\WINDOWS\SYSTEM32\CRYPTBASE.dll
0x00007ff9af210000 - 0x00007ff9af24b000 	C:\WINDOWS\SYSTEM32\IPHLPAPI.DLL
0x00007ff9b1ba0000 - 0x00007ff9b1ba8000 	C:\WINDOWS\System32\NSI.dll
0x00007ff9a14e0000 - 0x00007ff9a14f7000 	C:\WINDOWS\SYSTEM32\dhcpcsvc6.DLL
0x00007ff9a15f0000 - 0x00007ff9a160d000 	C:\WINDOWS\SYSTEM32\dhcpcsvc.DLL
0x00007ff9af250000 - 0x00007ff9af31b000 	C:\WINDOWS\SYSTEM32\DNSAPI.dll
0x00007ff9a5000000 - 0x00007ff9a500b000 	C:\WINDOWS\SYSTEM32\WINNSI.DLL

dbghelp: loaded successfully - version: 4.0.5 - missing functions: none
symbol engine: initialized successfully - sym options: 0x614 - pdb path: .;C:\Users\Dark Knight\Desktop\Android Studio\jre\bin;C:\WINDOWS\SYSTEM32;C:\WINDOWS\WinSxS\amd64_microsoft.windows.common-controls_6595b64144ccf1df_6.0.19041.1110_none_60b5254171f9507e;C:\Users\Dark Knight\Desktop\Android Studio\jre\bin\server;C:\Users\Dark Knight\.gradle\native\fdc75f09e3144964f2cf3f50f0aa648679c211496f362492102eb8c894070792\windows-amd64;C:\Users\Dark Knight\.gradle\native\12488b8bf47d2d4c9fbf2f6322a914ad602e24e48041cd04a747c6da556b65c4\windows-amd64

VM Arguments:
jvm_args: --add-opens=java.base/java.util=ALL-UNNAMED --add-opens=java.base/java.lang=ALL-UNNAMED --add-opens=java.base/java.lang.invoke=ALL-UNNAMED --add-opens=java.prefs/java.util.prefs=ALL-UNNAMED -Xmx2048m -Dfile.encoding=UTF-8 -Duser.country=IN -Duser.language=en -Duser.variant 
java_command: org.gradle.launcher.daemon.bootstrap.GradleDaemon 6.7.1
java_class_path (initial): C:\Users\Dark Knight\.gradle\wrapper\dists\gradle-6.7.1-bin\bwlcbys1h7rz3272sye1xwiv6\gradle-6.7.1\lib\gradle-launcher-6.7.1.jar
Launcher Type: SUN_STANDARD

[Global flags]
     intx CICompilerCount                          = 4                                         {product} {ergonomic}
     uint ConcGCThreads                            = 2                                         {product} {ergonomic}
     uint G1ConcRefinementThreads                  = 8                                         {product} {ergonomic}
   size_t G1HeapRegionSize                         = 1048576                                   {product} {ergonomic}
    uintx GCDrainStackTargetSize                   = 64                                        {product} {ergonomic}
   size_t InitialHeapSize                          = 134217728                                 {product} {ergonomic}
   size_t MarkStackSize                            = 4194304                                   {product} {ergonomic}
   size_t MaxHeapSize                              = 2147483648                                {product} {command line}
   size_t MaxNewSize                               = 1287651328                                {product} {ergonomic}
   size_t MinHeapDeltaBytes                        = 1048576                                   {product} {ergonomic}
    uintx NonNMethodCodeHeapSize                   = 5836300                                {pd product} {ergonomic}
    uintx NonProfiledCodeHeapSize                  = 122910970                              {pd product} {ergonomic}
    uintx ProfiledCodeHeapSize                     = 122910970                              {pd product} {ergonomic}
    uintx ReservedCodeCacheSize                    = 251658240                              {pd product} {ergonomic}
     bool SegmentedCodeCache                       = true                                      {product} {ergonomic}
     bool UseCompressedClassPointers               = true                                 {lp64_product} {ergonomic}
     bool UseCompressedOops                        = true                                 {lp64_product} {ergonomic}
     bool UseG1GC                                  = true                                      {product} {ergonomic}
     bool UseLargePagesIndividualAllocation        = false                                  {pd product} {ergonomic}

Logging:
Log output configuration:
 #0: stdout all=warning uptime,level,tags
 #1: stderr all=off uptime,level,tags

Environment Variables:
PATH=C:\Windows\system32;C:\Windows;C:\Windows\System32\Wbem;C:\Windows\System32\WindowsPowerShell\v1.0\;C:\Windows\System32\OpenSSH\;C:\Program Files (x86)\NVIDIA Corporation\PhysX\Common;C:\Program Files\NVIDIA Corporation\NVIDIA NvDLISR;C:\WINDOWS\system32;C:\WINDOWS;C:\WINDOWS\System32\Wbem;C:\WINDOWS\System32\WindowsPowerShell\v1.0\;C:\WINDOWS\System32\OpenSSH\;C:\MinGW\bin;C:\Program Files\MEGA-X;C:\WINDOWS\system32;C:\WINDOWS;C:\WINDOWS\System32\Wbem;C:\WINDOWS\System32\WindowsPowerShell\v1.0\;C:\WINDOWS\System32\OpenSSH\;C:\Program Files\Git\cmd;C:\Users\Dark Knight\AppData\Local\Microsoft\WindowsApps;C:\Users\Dark Knight\AppData\Local\atom\bin;C:\MinGW\bin;C:\Program Files (x86)\Microsoft Visual Studio\2019\BuildTools\MSBuild\Current\Bin;C:\Users\Dark Knight\AppData\Local\Microsoft\WindowsApps
USERNAME=Dark Knight
OS=Windows_NT
PROCESSOR_IDENTIFIER=Intel64 Family 6 Model 158 Stepping 10, GenuineIntel



---------------  S Y S T E M  ---------------

OS: Windows 10 , 64 bit Build 19041 (10.0.19041.1348)
OS uptime: 3 days 0:24 hours

CPU:total 8 (initial active 8) (4 cores per cpu, 2 threads per core) family 6 model 158 stepping 10, cmov, cx8, fxsr, mmx, sse, sse2, sse3, ssse3, sse4.1, sse4.2, popcnt, avx, avx2, aes, clmul, erms, 3dnowpref, lzcnt, ht, tsc, tscinvbit, bmi1, bmi2, adx, fma

Memory: 4k page, system-wide physical 8072M (492M free)
TotalPageFile size 12168M (AvailPageFile size 57M)
current process WorkingSet (physical memory assigned to process): 458M, peak: 497M
current process commit charge ("private bytes"): 553M, peak: 622M

vm_info: OpenJDK 64-Bit Server VM (11.0.8+10-b944.6842174) for windows-amd64 JRE (11.0.8+10-b944.6842174), built on Sep 19 2020 01:11:42 by "builder" with MS VC++ 14.0 (VS2015)

END.
