#
# There is insufficient memory for the Java Runtime Environment to continue.
# Native memory allocation (malloc) failed to allocate 1754416 bytes for Chunk::new
# Possible reasons:
#   The system is out of physical RAM or swap space
#   The process is running with CompressedOops enabled, and the Java Heap may be blocking the growth of the native heap
# Possible solutions:
#   Reduce memory load on the system
#   Increase physical memory or swap space
#   Check if swap backing store is full
#   Decrease Java heap size (-Xmx/-Xms)
#   Decrease number of Java threads
#   Decrease Java thread stack sizes (-Xss)
#   Set larger code cache with -XX:ReservedCodeCacheSize=
#   JVM is running with Unscaled Compressed Oops mode in which the Java heap is
#     placed in the first 4GB address space. The Java Heap base address is the
#     maximum limit for the native heap growth. Please use -XX:HeapBaseMinAddress
#     to set the Java Heap base and to place the Java Heap above 4GB virtual address.
# This output file may be truncated or incomplete.
#
#  Out of Memory Error (./src/hotspot/share/memory/arena.cpp:197), pid=23008, tid=23004
#
# JRE version: OpenJDK Runtime Environment (11.0.8+10) (build 11.0.8+10-b944.6842174)
# Java VM: OpenJDK 64-Bit Server VM (11.0.8+10-b944.6842174, mixed mode, tiered, compressed oops, g1 gc, windows-amd64)
# No core dump will be written. Minidumps are not enabled by default on client versions of Windows
#

---------------  S U M M A R Y ------------

Command Line: --add-opens=java.base/java.util=ALL-UNNAMED --add-opens=java.base/java.lang=ALL-UNNAMED --add-opens=java.base/java.lang.invoke=ALL-UNNAMED --add-opens=java.prefs/java.util.prefs=ALL-UNNAMED -Xmx2048m -Dfile.encoding=UTF-8 -Duser.country=IN -Duser.language=en -Duser.variant org.gradle.launcher.daemon.bootstrap.GradleDaemon 6.7.1

Host: Intel(R) Core(TM) i5-9300H CPU @ 2.40GHz, 8 cores, 7G,  Windows 10 , 64 bit Build 19041 (10.0.19041.1348)
Time: Wed Dec 22 22:52:17 2021 India Standard Time elapsed time: 9 seconds (0d 0h 0m 9s)

---------------  T H R E A D  ---------------

Current thread (0x000001d5ab35d800):  JavaThread "C2 CompilerThread0" daemon [_thread_in_native, id=23004, stack(0x0000009210a00000,0x0000009210b00000)]


Current CompileTask:
C2:   9134 9733       4       com.android.tools.r8.dex.n::a (913 bytes)

Stack: [0x0000009210a00000,0x0000009210b00000]
Native frames: (J=compiled Java code, j=interpreted, Vv=VM code, C=native code)
V  [jvm.dll+0x5de50a]
V  [jvm.dll+0x7122f5]
V  [jvm.dll+0x71384d]
V  [jvm.dll+0x713f03]
V  [jvm.dll+0x23e728]
V  [jvm.dll+0xb899c]
V  [jvm.dll+0xb8e9c]
V  [jvm.dll+0x35020b]
V  [jvm.dll+0x193ebc]
V  [jvm.dll+0x1f780e]
V  [jvm.dll+0x1f68d4]
V  [jvm.dll+0x17f32c]
V  [jvm.dll+0x205047]
V  [jvm.dll+0x203891]
V  [jvm.dll+0x6dad3f]
V  [jvm.dll+0x6d3895]
V  [jvm.dll+0x5dd4a6]
C  [ucrtbase.dll+0x21bb2]
C  [KERNEL32.DLL+0x17034]
C  [ntdll.dll+0x52651]


---------------  P R O C E S S  ---------------

Threads class SMR info:
_java_thread_list=0x000001d5af29dd50, length=187, elements={
0x000001d58f099800, 0x000001d5ab344000, 0x000001d5ab345800, 0x000001d5ab357800,
0x000001d5ab359000, 0x000001d5ab35d800, 0x000001d5ab363000, 0x000001d5ab364800,
0x000001d5abe21800, 0x000001d5abe2a800, 0x000001d5adf1b800, 0x000001d5abefd000,
0x000001d5ad6af000, 0x000001d5adf34800, 0x000001d5ae30c800, 0x000001d5ae6b2000,
0x000001d5ae5d2800, 0x000001d5acf7a000, 0x000001d5ad4df800, 0x000001d5adb50800,
0x000001d5adb74000, 0x000001d5adb75000, 0x000001d5adb72800, 0x000001d5ae632800,
0x000001d5adb79000, 0x000001d5adb76800, 0x000001d5adb73800, 0x000001d5ad65e000,
0x000001d5adb76000, 0x000001d5adb77800, 0x000001d5adb78800, 0x000001d5b1818800,
0x000001d5b1817000, 0x000001d5b1817800, 0x000001d5b181b000, 0x000001d5b1815800,
0x000001d5b181c000, 0x000001d5b181e800, 0x000001d5b1820000, 0x000001d5b1820800,
0x000001d5b1821800, 0x000001d5b1822800, 0x000001d5b181c800, 0x000001d5b1823000,
0x000001d5b181d800, 0x000001d5b1824000, 0x000001d5b181f000, 0x000001d5aed75000,
0x000001d5aed72000, 0x000001d5aed76000, 0x000001d5aed70000, 0x000001d5aed72800,
0x000001d5aed77000, 0x000001d5aed73800, 0x000001d5aed74800, 0x000001d5aed71000,
0x000001d5aed7d800, 0x000001d5aed7b800, 0x000001d5aed7c800, 0x000001d5aed7a000,
0x000001d5aed77800, 0x000001d5aed7e000, 0x000001d5aed79000, 0x000001d5aed78800,
0x000001d5aed7f000, 0x000001d5aed7b000, 0x000001d5af6e1000, 0x000001d5af6dc800,
0x000001d5af6df000, 0x000001d5af6dd800, 0x000001d5af6e0000, 0x000001d5af6e2800,
0x000001d5af6de800, 0x000001d5af6e5000, 0x000001d5af6e1800, 0x000001d5af6e7800,
0x000001d5af6e3000, 0x000001d5af6e8000, 0x000001d5af6e5800, 0x000001d5af6ea000,
0x000001d5af6e6800, 0x000001d5af6e9000, 0x000001d5af6e4000, 0x000001d5af6ea800,
0x000001d5af6eb800, 0x000001d5afa39800, 0x000001d5afa38800, 0x000001d5afa35800,
0x000001d5afa38000, 0x000001d5afa34800, 0x000001d5afa36000, 0x000001d5afa37000,
0x000001d5afa34000, 0x000001d5afa3f000, 0x000001d5afa3b000, 0x000001d5afa40000,
0x000001d5afa3d800, 0x000001d5afa3c000, 0x000001d5afa3e800, 0x000001d5afa3a800,
0x000001d5afa41000, 0x000001d5afa42800, 0x000001d5afa41800, 0x000001d5afa3c800,
0x000001d5af451800, 0x000001d5af455000, 0x000001d5af451000, 0x000001d5af454000,
0x000001d5af452800, 0x000001d5af44f000, 0x000001d5af453000, 0x000001d5af455800,
0x000001d5af450000, 0x000001d5af456800, 0x000001d5af45a800, 0x000001d5af45d000,
0x000001d5af459800, 0x000001d5af45b800, 0x000001d5af45c000, 0x000001d5af457800,
0x000001d5af459000, 0x000001d5af45e000, 0x000001d5af458000, 0x000001d5af74e000,
0x000001d5af753800, 0x000001d5af751800, 0x000001d5af752000, 0x000001d5af754800,
0x000001d5af750800, 0x000001d5af753000, 0x000001d5af74f000, 0x000001d5af755800,
0x000001d5af74f800, 0x000001d5af758800, 0x000001d5af756000, 0x000001d5af757000,
0x000001d5af75a800, 0x000001d5af758000, 0x000001d5af75c000, 0x000001d5af75b000,
0x000001d5af75c800, 0x000001d5af759800, 0x000001d5b11cd800, 0x000001d5b11d1800,
0x000001d5b11d1000, 0x000001d5b11cc000, 0x000001d5b11cf000, 0x000001d5b11ce800,
0x000001d5b11d2800, 0x000001d5b11d0000, 0x000001d5b11cd000, 0x000001d5afb36800,
0x000001d5afb34000, 0x000001d5afb3a800, 0x000001d5afb39000, 0x000001d5afb37800,
0x000001d5afb3a000, 0x000001d5afb38000, 0x000001d5afb35000, 0x000001d5afb40800,
0x000001d5afb3f000, 0x000001d5afb41000, 0x000001d5afb3b800, 0x000001d5afb3f800,
0x000001d5afb42000, 0x000001d5afb43000, 0x000001d5afb3d000, 0x000001d5afb3e000,
0x000001d5af33e000, 0x000001d5af33d800, 0x000001d5af343000, 0x000001d5af33f000,
0x000001d5af340000, 0x000001d5af345000, 0x000001d5af346800, 0x000001d5af345800,
0x000001d5af344000, 0x000001d5af340800, 0x000001d5af347000, 0x000001d5af341800,
0x000001d5af348000, 0x000001d5af342800, 0x000001d5af349800, 0x000001d5af349000,
0x000001d5af34a800, 0x000001d5af34b800, 0x000001d5af34c000
}

Java Threads: ( => current thread )
  0x000001d58f099800 JavaThread "main" [_thread_blocked, id=12628, stack(0x000000920ff00000,0x0000009210000000)]
  0x000001d5ab344000 JavaThread "Reference Handler" daemon [_thread_blocked, id=23708, stack(0x0000009210600000,0x0000009210700000)]
  0x000001d5ab345800 JavaThread "Finalizer" daemon [_thread_blocked, id=12648, stack(0x0000009210700000,0x0000009210800000)]
  0x000001d5ab357800 JavaThread "Signal Dispatcher" daemon [_thread_blocked, id=22300, stack(0x0000009210800000,0x0000009210900000)]
  0x000001d5ab359000 JavaThread "Attach Listener" daemon [_thread_blocked, id=16744, stack(0x0000009210900000,0x0000009210a00000)]
=>0x000001d5ab35d800 JavaThread "C2 CompilerThread0" daemon [_thread_in_native, id=23004, stack(0x0000009210a00000,0x0000009210b00000)]
  0x000001d5ab363000 JavaThread "C1 CompilerThread0" daemon [_thread_blocked, id=26932, stack(0x0000009210b00000,0x0000009210c00000)]
  0x000001d5ab364800 JavaThread "Sweeper thread" daemon [_thread_blocked, id=26452, stack(0x0000009210c00000,0x0000009210d00000)]
  0x000001d5abe21800 JavaThread "Common-Cleaner" daemon [_thread_blocked, id=7192, stack(0x0000009210d00000,0x0000009210e00000)]
  0x000001d5abe2a800 JavaThread "Service Thread" daemon [_thread_blocked, id=15808, stack(0x0000009210e00000,0x0000009210f00000)]
  0x000001d5adf1b800 JavaThread "Daemon health stats" [_thread_blocked, id=24784, stack(0x0000009211400000,0x0000009211500000)]
  0x000001d5abefd000 JavaThread "Incoming local TCP Connector on port 64098" [_thread_in_native, id=25624, stack(0x0000009211500000,0x0000009211600000)]
  0x000001d5ad6af000 JavaThread "Daemon periodic checks" [_thread_blocked, id=12452, stack(0x0000009211600000,0x0000009211700000)]
  0x000001d5adf34800 JavaThread "Daemon" [_thread_blocked, id=27624, stack(0x0000009211700000,0x0000009211800000)]
  0x000001d5ae30c800 JavaThread "Handler for socket connection from /127.0.0.1:64098 to /127.0.0.1:64099" [_thread_in_native, id=10456, stack(0x0000009211800000,0x0000009211900000)]
  0x000001d5ae6b2000 JavaThread "Cancel handler" [_thread_blocked, id=12240, stack(0x0000009211900000,0x0000009211a00000)]
  0x000001d5ae5d2800 JavaThread "Daemon worker" [_thread_blocked, id=3996, stack(0x0000009211a00000,0x0000009211b00000)]
  0x000001d5acf7a000 JavaThread "Asynchronous log dispatcher for DefaultDaemonConnection: socket connection from /127.0.0.1:64098 to /127.0.0.1:64099" [_thread_blocked, id=25704, stack(0x0000009211b00000,0x0000009211c00000)]
  0x000001d5ad4df800 JavaThread "Stdin handler" [_thread_blocked, id=21756, stack(0x0000009211c00000,0x0000009211d00000)]
  0x000001d5adb50800 JavaThread "Thread-8" [_thread_blocked, id=13072, stack(0x0000009211d00000,0x0000009211e00000)]
  0x000001d5adb74000 JavaThread "Cache worker for file hash cache (C:\Users\Dark Knight\.gradle\caches\6.7.1\fileHashes)" [_thread_blocked, id=22588, stack(0x0000009212300000,0x0000009212400000)]
  0x000001d5adb75000 JavaThread "File lock request listener" [_thread_in_native, id=18620, stack(0x0000009212400000,0x0000009212500000)]
  0x000001d5adb72800 JavaThread "Cache worker for journal cache (C:\Users\Dark Knight\.gradle\caches\journal-1)" [_thread_blocked, id=14436, stack(0x0000009212600000,0x0000009212700000)]
  0x000001d5ae632800 JavaThread "C2 CompilerThread1" daemon [_thread_blocked, id=15640, stack(0x0000009212700000,0x0000009212800000)]
  0x000001d5adb79000 JavaThread "Cache worker for file hash cache (C:\Android Projects\Udemy TUTORIAL\.gradle\6.7.1\fileHashes)" [_thread_blocked, id=3408, stack(0x0000009212800000,0x0000009212900000)]
  0x000001d5adb76800 JavaThread "Cache worker for checksums cache (C:\Android Projects\Udemy TUTORIAL\.gradle\checksums)" [_thread_blocked, id=23276, stack(0x0000009212900000,0x0000009212a00000)]
  0x000001d5adb73800 JavaThread "Cache worker for cache directory md-supplier (C:\Users\Dark Knight\.gradle\caches\6.7.1\md-supplier)" [_thread_blocked, id=25788, stack(0x0000009212a00000,0x0000009212b00000)]
  0x000001d5ad65e000 JavaThread "C2 CompilerThread2" daemon [_thread_blocked, id=10060, stack(0x0000009212b00000,0x0000009212c00000)]
  0x000001d5adb76000 JavaThread "Cache worker for cache directory md-rule (C:\Users\Dark Knight\.gradle\caches\6.7.1\md-rule)" [_thread_blocked, id=2012, stack(0x0000009212c00000,0x0000009212d00000)]
  0x000001d5adb77800 JavaThread "Cache worker for execution history cache (C:\Users\Dark Knight\.gradle\caches\6.7.1\executionHistory)" [_thread_blocked, id=21876, stack(0x0000009212d00000,0x0000009212e00000)]
  0x000001d5adb78800 JavaThread "jar transforms" [_thread_blocked, id=10364, stack(0x0000009212e00000,0x0000009212f00000)]
  0x000001d5b1818800 JavaThread "Cache worker for file content cache (C:\Users\Dark Knight\.gradle\caches\6.7.1\fileContent)" [_thread_blocked, id=19756, stack(0x0000009212f00000,0x0000009213000000)]
  0x000001d5b1817000 JavaThread "Cache worker for Build Output Cleanup Cache (C:\Android Projects\Udemy TUTORIAL\.gradle\buildOutputCleanup)" [_thread_blocked, id=15264, stack(0x0000009213000000,0x0000009213100000)]
  0x000001d5b1817800 JavaThread "Build operations" [_thread_blocked, id=1336, stack(0x0000009213100000,0x0000009213200000)]
  0x000001d5b181b000 JavaThread "Build operations Thread 2" [_thread_blocked, id=23812, stack(0x0000009213200000,0x0000009213300000)]
  0x000001d5b1815800 JavaThread "Build operations Thread 3" [_thread_blocked, id=26460, stack(0x0000009213300000,0x0000009213400000)]
  0x000001d5b181c000 JavaThread "Build operations Thread 4" [_thread_blocked, id=24232, stack(0x0000009213400000,0x0000009213500000)]
  0x000001d5b181e800 JavaThread "Build operations Thread 5" [_thread_blocked, id=26556, stack(0x0000009213500000,0x0000009213600000)]
  0x000001d5b1820000 JavaThread "Build operations Thread 6" [_thread_blocked, id=12100, stack(0x0000009213600000,0x0000009213700000)]
  0x000001d5b1820800 JavaThread "Build operations Thread 7" [_thread_blocked, id=20592, stack(0x0000009213700000,0x0000009213800000)]
  0x000001d5b1821800 JavaThread "Build operations Thread 8" [_thread_blocked, id=23356, stack(0x0000009213800000,0x0000009213900000)]
  0x000001d5b1822800 JavaThread "jar transforms Thread 2" [_thread_blocked, id=23924, stack(0x0000009213900000,0x0000009213a00000)]
  0x000001d5b181c800 JavaThread "jar transforms Thread 3" [_thread_blocked, id=22268, stack(0x0000009213a00000,0x0000009213b00000)]
  0x000001d5b1823000 JavaThread "jar transforms Thread 4" [_thread_blocked, id=11060, stack(0x0000009213b00000,0x0000009213c00000)]
  0x000001d5b181d800 JavaThread "jar transforms Thread 5" [_thread_blocked, id=23560, stack(0x0000009213c00000,0x0000009213d00000)]
  0x000001d5b1824000 JavaThread "jar transforms Thread 6" [_thread_blocked, id=3504, stack(0x0000009213d00000,0x0000009213e00000)]
  0x000001d5b181f000 JavaThread "jar transforms Thread 7" [_thread_blocked, id=4444, stack(0x0000009213e00000,0x0000009213f00000)]
  0x000001d5aed75000 JavaThread "jar transforms Thread 8" [_thread_blocked, id=26588, stack(0x0000009213f00000,0x0000009214000000)]
  0x000001d5aed72000 JavaThread "jar transforms Thread 9" [_thread_blocked, id=15916, stack(0x0000009214000000,0x0000009214100000)]
  0x000001d5aed76000 JavaThread "jar transforms Thread 10" [_thread_blocked, id=12040, stack(0x0000009214100000,0x0000009214200000)]
  0x000001d5aed70000 JavaThread "jar transforms Thread 11" [_thread_blocked, id=17620, stack(0x0000009214200000,0x0000009214300000)]
  0x000001d5aed72800 JavaThread "jar transforms Thread 12" [_thread_blocked, id=26884, stack(0x0000009214300000,0x0000009214400000)]
  0x000001d5aed77000 JavaThread "jar transforms Thread 13" [_thread_blocked, id=8248, stack(0x0000009214400000,0x0000009214500000)]
  0x000001d5aed73800 JavaThread "jar transforms Thread 14" [_thread_blocked, id=24388, stack(0x0000009214500000,0x0000009214600000)]
  0x000001d5aed74800 JavaThread "jar transforms Thread 15" [_thread_blocked, id=2264, stack(0x0000009214600000,0x0000009214700000)]
  0x000001d5aed71000 JavaThread "jar transforms Thread 16" [_thread_blocked, id=23764, stack(0x0000009214700000,0x0000009214800000)]
  0x000001d5aed7d800 JavaThread "jar transforms Thread 17" [_thread_blocked, id=25820, stack(0x0000009214800000,0x0000009214900000)]
  0x000001d5aed7b800 JavaThread "jar transforms Thread 18" [_thread_blocked, id=12808, stack(0x0000009214900000,0x0000009214a00000)]
  0x000001d5aed7c800 JavaThread "jar transforms Thread 19" [_thread_blocked, id=3940, stack(0x0000009214a00000,0x0000009214b00000)]
  0x000001d5aed7a000 JavaThread "jar transforms Thread 20" [_thread_blocked, id=15280, stack(0x0000009214b00000,0x0000009214c00000)]
  0x000001d5aed77800 JavaThread "jar transforms Thread 21" [_thread_blocked, id=7216, stack(0x0000009214c00000,0x0000009214d00000)]
  0x000001d5aed7e000 JavaThread "jar transforms Thread 22" [_thread_blocked, id=8116, stack(0x0000009214d00000,0x0000009214e00000)]
  0x000001d5aed79000 JavaThread "jar transforms Thread 23" [_thread_blocked, id=16096, stack(0x0000009214e00000,0x0000009214f00000)]
  0x000001d5aed78800 JavaThread "jar transforms Thread 24" [_thread_blocked, id=14068, stack(0x0000009214f00000,0x0000009215000000)]
  0x000001d5aed7f000 JavaThread "jar transforms Thread 25" [_thread_blocked, id=26136, stack(0x0000009215000000,0x0000009215100000)]
  0x000001d5aed7b000 JavaThread "jar transforms Thread 26" [_thread_blocked, id=23600, stack(0x0000009215100000,0x0000009215200000)]
  0x000001d5af6e1000 JavaThread "jar transforms Thread 27" [_thread_blocked, id=10980, stack(0x0000009215200000,0x0000009215300000)]
  0x000001d5af6dc800 JavaThread "jar transforms Thread 28" [_thread_blocked, id=8508, stack(0x0000009215300000,0x0000009215400000)]
  0x000001d5af6df000 JavaThread "jar transforms Thread 29" [_thread_blocked, id=3976, stack(0x0000009215400000,0x0000009215500000)]
  0x000001d5af6dd800 JavaThread "jar transforms Thread 30" [_thread_blocked, id=13744, stack(0x0000009215500000,0x0000009215600000)]
  0x000001d5af6e0000 JavaThread "jar transforms Thread 31" [_thread_blocked, id=13120, stack(0x0000009215600000,0x0000009215700000)]
  0x000001d5af6e2800 JavaThread "jar transforms Thread 32" [_thread_blocked, id=21840, stack(0x0000009215700000,0x0000009215800000)]
  0x000001d5af6de800 JavaThread "jar transforms Thread 33" [_thread_blocked, id=11976, stack(0x0000009215800000,0x0000009215900000)]
  0x000001d5af6e5000 JavaThread "jar transforms Thread 34" [_thread_blocked, id=23920, stack(0x0000009215900000,0x0000009215a00000)]
  0x000001d5af6e1800 JavaThread "jar transforms Thread 35" [_thread_blocked, id=14172, stack(0x0000009215a00000,0x0000009215b00000)]
  0x000001d5af6e7800 JavaThread "jar transforms Thread 36" [_thread_blocked, id=4736, stack(0x0000009215b00000,0x0000009215c00000)]
  0x000001d5af6e3000 JavaThread "jar transforms Thread 37" [_thread_blocked, id=12076, stack(0x0000009215c00000,0x0000009215d00000)]
  0x000001d5af6e8000 JavaThread "jar transforms Thread 38" [_thread_blocked, id=24024, stack(0x0000009215d00000,0x0000009215e00000)]
  0x000001d5af6e5800 JavaThread "jar transforms Thread 39" [_thread_blocked, id=14188, stack(0x0000009215e00000,0x0000009215f00000)]
  0x000001d5af6ea000 JavaThread "jar transforms Thread 40" [_thread_blocked, id=23868, stack(0x0000009215f00000,0x0000009216000000)]
  0x000001d5af6e6800 JavaThread "jar transforms Thread 41" [_thread_blocked, id=26696, stack(0x0000009216000000,0x0000009216100000)]
  0x000001d5af6e9000 JavaThread "jar transforms Thread 42" [_thread_blocked, id=15324, stack(0x0000009216100000,0x0000009216200000)]
  0x000001d5af6e4000 JavaThread "jar transforms Thread 43" [_thread_blocked, id=12292, stack(0x0000009216200000,0x0000009216300000)]
  0x000001d5af6ea800 JavaThread "jar transforms Thread 44" [_thread_blocked, id=25604, stack(0x0000009216300000,0x0000009216400000)]
  0x000001d5af6eb800 JavaThread "jar transforms Thread 45" [_thread_blocked, id=25412, stack(0x0000009216400000,0x0000009216500000)]
  0x000001d5afa39800 JavaThread "jar transforms Thread 46" [_thread_blocked, id=12148, stack(0x0000009216500000,0x0000009216600000)]
  0x000001d5afa38800 JavaThread "jar transforms Thread 47" [_thread_blocked, id=5304, stack(0x0000009216600000,0x0000009216700000)]
  0x000001d5afa35800 JavaThread "jar transforms Thread 48" [_thread_blocked, id=20572, stack(0x0000009216700000,0x0000009216800000)]
  0x000001d5afa38000 JavaThread "jar transforms Thread 49" [_thread_blocked, id=664, stack(0x0000009216800000,0x0000009216900000)]
  0x000001d5afa34800 JavaThread "jar transforms Thread 50" [_thread_blocked, id=14620, stack(0x0000009216900000,0x0000009216a00000)]
  0x000001d5afa36000 JavaThread "jar transforms Thread 51" [_thread_blocked, id=26796, stack(0x0000009216a00000,0x0000009216b00000)]
  0x000001d5afa37000 JavaThread "jar transforms Thread 52" [_thread_blocked, id=19760, stack(0x0000009216b00000,0x0000009216c00000)]
  0x000001d5afa34000 JavaThread "jar transforms Thread 53" [_thread_blocked, id=19796, stack(0x0000009216c00000,0x0000009216d00000)]
  0x000001d5afa3f000 JavaThread "jar transforms Thread 54" [_thread_blocked, id=9440, stack(0x0000009216d00000,0x0000009216e00000)]
  0x000001d5afa3b000 JavaThread "jar transforms Thread 55" [_thread_blocked, id=12324, stack(0x0000009216e00000,0x0000009216f00000)]
  0x000001d5afa40000 JavaThread "jar transforms Thread 56" [_thread_blocked, id=292, stack(0x0000009216f00000,0x0000009217000000)]
  0x000001d5afa3d800 JavaThread "jar transforms Thread 57" [_thread_blocked, id=12768, stack(0x0000009217000000,0x0000009217100000)]
  0x000001d5afa3c000 JavaThread "jar transforms Thread 58" [_thread_blocked, id=2588, stack(0x0000009217100000,0x0000009217200000)]
  0x000001d5afa3e800 JavaThread "jar transforms Thread 59" [_thread_blocked, id=144, stack(0x0000009217200000,0x0000009217300000)]
  0x000001d5afa3a800 JavaThread "jar transforms Thread 60" [_thread_blocked, id=22920, stack(0x0000009217300000,0x0000009217400000)]
  0x000001d5afa41000 JavaThread "jar transforms Thread 61" [_thread_blocked, id=10672, stack(0x0000009217400000,0x0000009217500000)]
  0x000001d5afa42800 JavaThread "jar transforms Thread 62" [_thread_blocked, id=11184, stack(0x0000009217500000,0x0000009217600000)]
  0x000001d5afa41800 JavaThread "jar transforms Thread 63" [_thread_blocked, id=22652, stack(0x0000009217600000,0x0000009217700000)]
  0x000001d5afa3c800 JavaThread "jar transforms Thread 64" [_thread_blocked, id=5852, stack(0x0000009217700000,0x0000009217800000)]
  0x000001d5af451800 JavaThread "jar transforms Thread 65" [_thread_blocked, id=20640, stack(0x0000009217800000,0x0000009217900000)]
  0x000001d5af455000 JavaThread "jar transforms Thread 66" [_thread_blocked, id=10636, stack(0x0000009217900000,0x0000009217a00000)]
  0x000001d5af451000 JavaThread "jar transforms Thread 67" [_thread_blocked, id=20924, stack(0x0000009217a00000,0x0000009217b00000)]
  0x000001d5af454000 JavaThread "jar transforms Thread 68" [_thread_blocked, id=8592, stack(0x0000009217b00000,0x0000009217c00000)]
  0x000001d5af452800 JavaThread "jar transforms Thread 69" [_thread_blocked, id=17260, stack(0x0000009217c00000,0x0000009217d00000)]
  0x000001d5af44f000 JavaThread "jar transforms Thread 70" [_thread_blocked, id=12176, stack(0x0000009217d00000,0x0000009217e00000)]
  0x000001d5af453000 JavaThread "jar transforms Thread 71" [_thread_blocked, id=27596, stack(0x0000009217e00000,0x0000009217f00000)]
  0x000001d5af455800 JavaThread "jar transforms Thread 72" [_thread_blocked, id=26744, stack(0x0000009217f00000,0x0000009218000000)]
  0x000001d5af450000 JavaThread "jar transforms Thread 73" [_thread_blocked, id=19596, stack(0x0000009218000000,0x0000009218100000)]
  0x000001d5af456800 JavaThread "jar transforms Thread 74" [_thread_blocked, id=12236, stack(0x0000009218100000,0x0000009218200000)]
  0x000001d5af45a800 JavaThread "jar transforms Thread 75" [_thread_blocked, id=2808, stack(0x0000009218200000,0x0000009218300000)]
  0x000001d5af45d000 JavaThread "jar transforms Thread 76" [_thread_blocked, id=17200, stack(0x0000009218300000,0x0000009218400000)]
  0x000001d5af459800 JavaThread "jar transforms Thread 77" [_thread_blocked, id=24512, stack(0x0000009218400000,0x0000009218500000)]
  0x000001d5af45b800 JavaThread "jar transforms Thread 78" [_thread_blocked, id=18036, stack(0x0000009218500000,0x0000009218600000)]
  0x000001d5af45c000 JavaThread "jar transforms Thread 79" [_thread_blocked, id=20000, stack(0x0000009218600000,0x0000009218700000)]
  0x000001d5af457800 JavaThread "jar transforms Thread 80" [_thread_blocked, id=1428, stack(0x0000009218700000,0x0000009218800000)]
  0x000001d5af459000 JavaThread "jar transforms Thread 81" [_thread_blocked, id=18612, stack(0x0000009218800000,0x0000009218900000)]
  0x000001d5af45e000 JavaThread "jar transforms Thread 82" [_thread_blocked, id=14764, stack(0x0000009218900000,0x0000009218a00000)]
  0x000001d5af458000 JavaThread "jar transforms Thread 83" [_thread_blocked, id=27220, stack(0x0000009218a00000,0x0000009218b00000)]
  0x000001d5af74e000 JavaThread "jar transforms Thread 84" [_thread_blocked, id=23972, stack(0x0000009218b00000,0x0000009218c00000)]
  0x000001d5af753800 JavaThread "jar transforms Thread 85" [_thread_blocked, id=11572, stack(0x0000009218c00000,0x0000009218d00000)]
  0x000001d5af751800 JavaThread "jar transforms Thread 86" [_thread_blocked, id=17624, stack(0x0000009218d00000,0x0000009218e00000)]
  0x000001d5af752000 JavaThread "jar transforms Thread 87" [_thread_blocked, id=9752, stack(0x0000009218e00000,0x0000009218f00000)]
  0x000001d5af754800 JavaThread "jar transforms Thread 88" [_thread_blocked, id=27236, stack(0x0000009218f00000,0x0000009219000000)]
  0x000001d5af750800 JavaThread "jar transforms Thread 89" [_thread_blocked, id=23640, stack(0x0000009219000000,0x0000009219100000)]
  0x000001d5af753000 JavaThread "jar transforms Thread 90" [_thread_blocked, id=27452, stack(0x0000009219100000,0x0000009219200000)]
  0x000001d5af74f000 JavaThread "jar transforms Thread 91" [_thread_blocked, id=18596, stack(0x0000009219200000,0x0000009219300000)]
  0x000001d5af755800 JavaThread "jar transforms Thread 92" [_thread_blocked, id=2676, stack(0x0000009219300000,0x0000009219400000)]
  0x000001d5af74f800 JavaThread "jar transforms Thread 93" [_thread_blocked, id=26944, stack(0x0000009219400000,0x0000009219500000)]
  0x000001d5af758800 JavaThread "jar transforms Thread 94" [_thread_blocked, id=1500, stack(0x0000009219500000,0x0000009219600000)]
  0x000001d5af756000 JavaThread "jar transforms Thread 95" [_thread_blocked, id=4668, stack(0x0000009219600000,0x0000009219700000)]
  0x000001d5af757000 JavaThread "jar transforms Thread 96" [_thread_blocked, id=18480, stack(0x0000009219700000,0x0000009219800000)]
  0x000001d5af75a800 JavaThread "jar transforms Thread 97" [_thread_blocked, id=24080, stack(0x0000009219800000,0x0000009219900000)]
  0x000001d5af758000 JavaThread "jar transforms Thread 98" [_thread_blocked, id=11680, stack(0x0000009219900000,0x0000009219a00000)]
  0x000001d5af75c000 JavaThread "jar transforms Thread 99" [_thread_blocked, id=24420, stack(0x0000009219a00000,0x0000009219b00000)]
  0x000001d5af75b000 JavaThread "jar transforms Thread 100" [_thread_blocked, id=15880, stack(0x0000009219b00000,0x0000009219c00000)]
  0x000001d5af75c800 JavaThread "jar transforms Thread 101" [_thread_blocked, id=11520, stack(0x0000009219c00000,0x0000009219d00000)]
  0x000001d5af759800 JavaThread "jar transforms Thread 102" [_thread_blocked, id=24064, stack(0x0000009219d00000,0x0000009219e00000)]
  0x000001d5b11cd800 JavaThread "jar transforms Thread 103" [_thread_blocked, id=19264, stack(0x0000009219e00000,0x0000009219f00000)]
  0x000001d5b11d1800 JavaThread "jar transforms Thread 104" [_thread_blocked, id=10644, stack(0x0000009219f00000,0x000000921a000000)]
  0x000001d5b11d1000 JavaThread "jar transforms Thread 105" [_thread_blocked, id=22452, stack(0x000000921a000000,0x000000921a100000)]
  0x000001d5b11cc000 JavaThread "jar transforms Thread 106" [_thread_blocked, id=21976, stack(0x000000921a100000,0x000000921a200000)]
  0x000001d5b11cf000 JavaThread "jar transforms Thread 107" [_thread_blocked, id=24764, stack(0x000000921a200000,0x000000921a300000)]
  0x000001d5b11ce800 JavaThread "jar transforms Thread 108" [_thread_blocked, id=13316, stack(0x000000921a300000,0x000000921a400000)]
  0x000001d5b11d2800 JavaThread "jar transforms Thread 109" [_thread_blocked, id=19972, stack(0x000000921a400000,0x000000921a500000)]
  0x000001d5b11d0000 JavaThread "jar transforms Thread 110" [_thread_blocked, id=27152, stack(0x000000921a500000,0x000000921a600000)]
  0x000001d5b11cd000 JavaThread "jar transforms Thread 111" [_thread_blocked, id=5532, stack(0x000000921a600000,0x000000921a700000)]
  0x000001d5afb36800 JavaThread "jar transforms Thread 112" [_thread_blocked, id=27588, stack(0x000000921a700000,0x000000921a800000)]
  0x000001d5afb34000 JavaThread "jar transforms Thread 113" [_thread_blocked, id=20700, stack(0x000000921a800000,0x000000921a900000)]
  0x000001d5afb3a800 JavaThread "jar transforms Thread 114" [_thread_blocked, id=26036, stack(0x000000921a900000,0x000000921aa00000)]
  0x000001d5afb39000 JavaThread "jar transforms Thread 115" [_thread_blocked, id=16964, stack(0x000000921aa00000,0x000000921ab00000)]
  0x000001d5afb37800 JavaThread "jar transforms Thread 116" [_thread_blocked, id=3236, stack(0x000000921ab00000,0x000000921ac00000)]
  0x000001d5afb3a000 JavaThread "jar transforms Thread 117" [_thread_blocked, id=27264, stack(0x000000921ac00000,0x000000921ad00000)]
  0x000001d5afb38000 JavaThread "jar transforms Thread 118" [_thread_blocked, id=3924, stack(0x000000921ad00000,0x000000921ae00000)]
  0x000001d5afb35000 JavaThread "jar transforms Thread 119" [_thread_blocked, id=24416, stack(0x000000921ae00000,0x000000921af00000)]
  0x000001d5afb40800 JavaThread "Memory manager" [_thread_blocked, id=18836, stack(0x000000921af00000,0x000000921b000000)]
  0x000001d5afb3f000 JavaThread "build event listener" [_thread_blocked, id=19352, stack(0x000000921b000000,0x000000921b100000)]
  0x000001d5afb41000 JavaThread "build event listener" [_thread_blocked, id=17140, stack(0x000000921b100000,0x000000921b200000)]
  0x000001d5afb3b800 JavaThread "pool-3-thread-1" [_thread_blocked, id=3232, stack(0x000000921b200000,0x000000921b300000)]
  0x000001d5afb3f800 JavaThread "build event listener" [_thread_blocked, id=23380, stack(0x000000921b300000,0x000000921b400000)]
  0x000001d5afb42000 JavaThread "Execution worker for ':'" [_thread_blocked, id=21332, stack(0x000000921b400000,0x000000921b500000)]
  0x000001d5afb43000 JavaThread "Execution worker for ':' Thread 2" [_thread_blocked, id=652, stack(0x000000921b500000,0x000000921b600000)]
  0x000001d5afb3d000 JavaThread "Execution worker for ':' Thread 3" [_thread_blocked, id=15960, stack(0x000000921b600000,0x000000921b700000)]
  0x000001d5afb3e000 JavaThread "Execution worker for ':' Thread 4" [_thread_blocked, id=24620, stack(0x000000921b700000,0x000000921b800000)]
  0x000001d5af33e000 JavaThread "Execution worker for ':' Thread 5" [_thread_blocked, id=18576, stack(0x000000921b800000,0x000000921b900000)]
  0x000001d5af33d800 JavaThread "Execution worker for ':' Thread 6" [_thread_blocked, id=25436, stack(0x000000921b900000,0x000000921ba00000)]
  0x000001d5af343000 JavaThread "Execution worker for ':' Thread 7" [_thread_blocked, id=27292, stack(0x000000921ba00000,0x000000921bb00000)]
  0x000001d5af33f000 JavaThread "Cache worker for execution history cache (C:\Android Projects\Udemy TUTORIAL\.gradle\6.7.1\executionHistory)" [_thread_blocked, id=27304, stack(0x000000921bb00000,0x000000921bc00000)]
  0x000001d5af340000 JavaThread "WorkerExecutor Queue" [_thread_blocked, id=24688, stack(0x000000921bc00000,0x000000921bd00000)]
  0x000001d5af345000 JavaThread "WorkerExecutor Queue Thread 2" [_thread_blocked, id=9948, stack(0x000000921bd00000,0x000000921be00000)]
  0x000001d5af346800 JavaThread "WorkerExecutor Queue Thread 3" [_thread_blocked, id=15236, stack(0x000000921be00000,0x000000921bf00000)]
  0x000001d5af345800 JavaThread "WorkerExecutor Queue Thread 4" [_thread_blocked, id=5520, stack(0x000000921bf00000,0x000000921c000000)]
  0x000001d5af344000 JavaThread "pool-4-thread-1" [_thread_blocked, id=22088, stack(0x000000921c000000,0x000000921c100000)]
  0x000001d5af340800 JavaThread "stderr" [_thread_blocked, id=8064, stack(0x000000921c100000,0x000000921c200000)]
  0x000001d5af347000 JavaThread "stdout" [_thread_blocked, id=20704, stack(0x000000921c200000,0x000000921c300000)]
  0x000001d5af341800 JavaThread "ForkJoinPool-1-worker-3" daemon [_thread_blocked, id=1068, stack(0x000000921c300000,0x000000921c400000)]
  0x000001d5af348000 JavaThread "ForkJoinPool-1-worker-5" daemon [_thread_blocked, id=15756, stack(0x000000921c400000,0x000000921c500000)]
  0x000001d5af342800 JavaThread "ForkJoinPool-1-worker-7" daemon [_thread_blocked, id=26112, stack(0x000000921c500000,0x000000921c600000)]
  0x000001d5af349800 JavaThread "ForkJoinPool-1-worker-9" daemon [_thread_blocked, id=19384, stack(0x000000921c600000,0x000000921c700000)]
  0x000001d5af349000 JavaThread "ForkJoinPool-1-worker-11" daemon [_thread_blocked, id=27156, stack(0x000000921c700000,0x000000921c800000)]
  0x000001d5af34a800 JavaThread "ForkJoinPool-1-worker-13" daemon [_thread_blocked, id=4288, stack(0x000000921c800000,0x000000921c900000)]
  0x000001d5af34b800 JavaThread "ForkJoinPool-1-worker-15" daemon [_thread_blocked, id=27320, stack(0x000000921c900000,0x000000921ca00000)]
  0x000001d5af34c000 JavaThread "ForkJoinPool-1-worker-1" daemon [_thread_blocked, id=20368, stack(0x000000921ca00000,0x000000921cb00000)]

Other Threads:
  0x000001d5ab33f000 VMThread "VM Thread" [stack: 0x0000009210500000,0x0000009210600000] [id=21500]
  0x000001d5abe2b800 WatcherThread [stack: 0x0000009210f00000,0x0000009211000000] [id=5444]
  0x000001d58f0b2000 GCTaskThread "GC Thread#0" [stack: 0x0000009210000000,0x0000009210100000] [id=22008]
  0x000001d5ac86b800 GCTaskThread "GC Thread#1" [stack: 0x0000009211100000,0x0000009211200000] [id=19544]
  0x000001d5ac867800 GCTaskThread "GC Thread#2" [stack: 0x0000009211200000,0x0000009211300000] [id=10656]
  0x000001d5ad5d9000 GCTaskThread "GC Thread#3" [stack: 0x0000009211e00000,0x0000009211f00000] [id=24160]
  0x000001d5ad064800 GCTaskThread "GC Thread#4" [stack: 0x0000009211f00000,0x0000009212000000] [id=9364]
  0x000001d5ae5ac000 GCTaskThread "GC Thread#5" [stack: 0x0000009212000000,0x0000009212100000] [id=24256]
  0x000001d5ad12b800 GCTaskThread "GC Thread#6" [stack: 0x0000009212100000,0x0000009212200000] [id=1156]
  0x000001d5ad11c800 GCTaskThread "GC Thread#7" [stack: 0x0000009212200000,0x0000009212300000] [id=23936]
  0x000001d58f0e3800 ConcurrentGCThread "G1 Main Marker" [stack: 0x0000009210100000,0x0000009210200000] [id=2792]
  0x000001d58f0e7000 ConcurrentGCThread "G1 Conc#0" [stack: 0x0000009210200000,0x0000009210300000] [id=19260]
  0x000001d5ae43a800 ConcurrentGCThread "G1 Conc#1" [stack: 0x0000009212500000,0x0000009212600000] [id=132]
  0x000001d5ab190800 ConcurrentGCThread "G1 Refine#0" [stack: 0x0000009210300000,0x0000009210400000] [id=24488]
  0x000001d5b3020000 ConcurrentGCThread "G1 Refine#1" [stack: 0x000000921cb00000,0x000000921cc00000] [id=16216]
  0x000001d5b5424800 ConcurrentGCThread "G1 Refine#2" [stack: 0x000000921cc00000,0x000000921cd00000] [id=4088]
  0x000001d5aef92000 ConcurrentGCThread "G1 Refine#3" [stack: 0x000000921cd00000,0x000000921ce00000] [id=11900]
  0x000001d5b1374800 ConcurrentGCThread "G1 Refine#4" [stack: 0x000000921ce00000,0x000000921cf00000] [id=23348]
  0x000001d5ae555800 ConcurrentGCThread "G1 Refine#5" [stack: 0x000000921cf00000,0x000000921d000000] [id=19364]
  0x000001d5b71da800 ConcurrentGCThread "G1 Refine#6" [stack: 0x000000921d000000,0x000000921d100000] [id=25312]
  0x000001d5ab191800 ConcurrentGCThread "G1 Young RemSet Sampling" [stack: 0x0000009210400000,0x0000009210500000] [id=25044]

Threads with active compile tasks:
C2 CompilerThread0   9175 9733       4       com.android.tools.r8.dex.n::a (913 bytes)
C2 CompilerThread1   9175 10464       4       com.android.tools.r8.graph.O::a (275 bytes)
C2 CompilerThread2   9175 10442       4       com.android.tools.r8.dex.P$g::a (35 bytes)

VM state:at safepoint (normal execution)

VM Mutex/Monitor currently owned by a thread:  ([mutex/lock_event])
[0x000001d58f095cb0] Threads_lock - owner thread: 0x000001d5ab33f000
[0x000001d58f097060] Heap_lock - owner thread: 0x000001d5af346800

Heap address: 0x0000000080000000, size: 2048 MB, Compressed Oops mode: 32-bit
Narrow klass base: 0x0000000000000000, Narrow klass shift: 3
Compressed class space size: 1073741824 Address: 0x0000000100000000

Heap:
 garbage-first heap   total 384000K, used 152519K [0x0000000080000000, 0x0000000100000000)
  region size 1024K, 3 young (3072K), 3 survivors (3072K)
 Metaspace       used 91094K, capacity 93193K, committed 93440K, reserved 1130496K
  class space    used 11888K, capacity 12680K, committed 12800K, reserved 1048576K
Heap Regions: E=young(eden), S=young(survivor), O=old, HS=humongous(starts), HC=humongous(continues), CS=collection set, F=free, A=archive, TAMS=top-at-mark-start (previous, next)
|   0|0x0000000080000000, 0x0000000080100000, 0x0000000080100000|100%| O|  |TAMS 0x0000000080100000, 0x0000000080100000| Untracked 
|   1|0x0000000080100000, 0x0000000080200000, 0x0000000080200000|100%| O|  |TAMS 0x0000000080200000, 0x0000000080200000| Untracked 
|   2|0x0000000080200000, 0x0000000080300000, 0x0000000080300000|100%| O|  |TAMS 0x0000000080300000, 0x0000000080300000| Untracked 
|   3|0x0000000080300000, 0x0000000080400000, 0x0000000080400000|100%|HS|  |TAMS 0x0000000080400000, 0x0000000080400000| Complete 
|   4|0x0000000080400000, 0x0000000080500000, 0x0000000080500000|100%|HC|  |TAMS 0x0000000080500000, 0x0000000080500000| Complete 
|   5|0x0000000080500000, 0x0000000080600000, 0x0000000080600000|100%|HC|  |TAMS 0x0000000080600000, 0x0000000080600000| Complete 
|   6|0x0000000080600000, 0x0000000080700000, 0x0000000080700000|100%| O|  |TAMS 0x0000000080700000, 0x0000000080700000| Untracked 
|   7|0x0000000080700000, 0x0000000080800000, 0x0000000080800000|100%| O|  |TAMS 0x0000000080800000, 0x0000000080800000| Untracked 
|   8|0x0000000080800000, 0x0000000080900000, 0x0000000080900000|100%| O|  |TAMS 0x0000000080900000, 0x0000000080900000| Untracked 
|   9|0x0000000080900000, 0x0000000080a00000, 0x0000000080a00000|100%| O|  |TAMS 0x0000000080a00000, 0x0000000080a00000| Untracked 
|  10|0x0000000080a00000, 0x0000000080b00000, 0x0000000080b00000|100%| O|  |TAMS 0x0000000080b00000, 0x0000000080b00000| Untracked 
|  11|0x0000000080b00000, 0x0000000080c00000, 0x0000000080c00000|100%| O|  |TAMS 0x0000000080c00000, 0x0000000080c00000| Untracked 
|  12|0x0000000080c00000, 0x0000000080d00000, 0x0000000080d00000|100%| O|  |TAMS 0x0000000080d00000, 0x0000000080d00000| Untracked 
|  13|0x0000000080d00000, 0x0000000080e00000, 0x0000000080e00000|100%| O|  |TAMS 0x0000000080e00000, 0x0000000080e00000| Untracked 
|  14|0x0000000080e00000, 0x0000000080f00000, 0x0000000080f00000|100%| O|  |TAMS 0x0000000080f00000, 0x0000000080f00000| Untracked 
|  15|0x0000000080f00000, 0x0000000081000000, 0x0000000081000000|100%| O|  |TAMS 0x0000000081000000, 0x0000000081000000| Untracked 
|  16|0x0000000081000000, 0x0000000081100000, 0x0000000081100000|100%| O|  |TAMS 0x0000000081100000, 0x0000000081100000| Untracked 
|  17|0x0000000081100000, 0x0000000081200000, 0x0000000081200000|100%| O|  |TAMS 0x0000000081200000, 0x0000000081200000| Untracked 
|  18|0x0000000081200000, 0x0000000081300000, 0x0000000081300000|100%| O|  |TAMS 0x0000000081300000, 0x0000000081300000| Untracked 
|  19|0x0000000081300000, 0x0000000081400000, 0x0000000081400000|100%| O|  |TAMS 0x0000000081400000, 0x0000000081400000| Untracked 
|  20|0x0000000081400000, 0x0000000081500000, 0x0000000081500000|100%| O|  |TAMS 0x0000000081500000, 0x0000000081500000| Untracked 
|  21|0x0000000081500000, 0x0000000081600000, 0x0000000081600000|100%| O|  |TAMS 0x0000000081600000, 0x0000000081600000| Untracked 
|  22|0x0000000081600000, 0x0000000081700000, 0x0000000081700000|100%|HS|  |TAMS 0x0000000081700000, 0x0000000081700000| Complete 
|  23|0x0000000081700000, 0x0000000081800000, 0x0000000081800000|100%|HS|  |TAMS 0x0000000081800000, 0x0000000081800000| Complete 
|  24|0x0000000081800000, 0x0000000081900000, 0x0000000081900000|100%|HS|  |TAMS 0x0000000081900000, 0x0000000081900000| Complete 
|  25|0x0000000081900000, 0x0000000081a00000, 0x0000000081a00000|100%|HC|  |TAMS 0x0000000081a00000, 0x0000000081a00000| Complete 
|  26|0x0000000081a00000, 0x0000000081b00000, 0x0000000081b00000|100%|HC|  |TAMS 0x0000000081b00000, 0x0000000081b00000| Complete 
|  27|0x0000000081b00000, 0x0000000081c00000, 0x0000000081c00000|100%|HS|  |TAMS 0x0000000081c00000, 0x0000000081c00000| Complete 
|  28|0x0000000081c00000, 0x0000000081d00000, 0x0000000081d00000|100%|HC|  |TAMS 0x0000000081d00000, 0x0000000081d00000| Complete 
|  29|0x0000000081d00000, 0x0000000081e00000, 0x0000000081e00000|100%| O|  |TAMS 0x0000000081e00000, 0x0000000081e00000| Untracked 
|  30|0x0000000081e00000, 0x0000000081f00000, 0x0000000081f00000|100%| O|  |TAMS 0x0000000081f00000, 0x0000000081f00000| Untracked 
|  31|0x0000000081f00000, 0x0000000082000000, 0x0000000082000000|100%| O|  |TAMS 0x0000000082000000, 0x0000000082000000| Untracked 
|  32|0x0000000082000000, 0x0000000082100000, 0x0000000082100000|100%| O|  |TAMS 0x0000000082100000, 0x0000000082100000| Untracked 
|  33|0x0000000082100000, 0x0000000082200000, 0x0000000082200000|100%| O|  |TAMS 0x0000000082200000, 0x0000000082200000| Untracked 
|  34|0x0000000082200000, 0x0000000082300000, 0x0000000082300000|100%| O|  |TAMS 0x0000000082300000, 0x0000000082300000| Untracked 
|  35|0x0000000082300000, 0x0000000082400000, 0x0000000082400000|100%| O|  |TAMS 0x0000000082400000, 0x0000000082400000| Untracked 
|  36|0x0000000082400000, 0x0000000082500000, 0x0000000082500000|100%| O|  |TAMS 0x0000000082500000, 0x0000000082500000| Untracked 
|  37|0x0000000082500000, 0x0000000082600000, 0x0000000082600000|100%| O|  |TAMS 0x0000000082600000, 0x0000000082600000| Untracked 
|  38|0x0000000082600000, 0x0000000082700000, 0x0000000082700000|100%| O|  |TAMS 0x0000000082700000, 0x0000000082700000| Untracked 
|  39|0x0000000082700000, 0x0000000082800000, 0x0000000082800000|100%| O|  |TAMS 0x0000000082800000, 0x0000000082800000| Untracked 
|  40|0x0000000082800000, 0x0000000082900000, 0x0000000082900000|100%| O|  |TAMS 0x0000000082900000, 0x0000000082900000| Untracked 
|  41|0x0000000082900000, 0x0000000082a00000, 0x0000000082a00000|100%| O|  |TAMS 0x0000000082a00000, 0x0000000082a00000| Untracked 
|  42|0x0000000082a00000, 0x0000000082b00000, 0x0000000082b00000|100%| O|  |TAMS 0x0000000082b00000, 0x0000000082b00000| Untracked 
|  43|0x0000000082b00000, 0x0000000082c00000, 0x0000000082c00000|100%| O|  |TAMS 0x0000000082c00000, 0x0000000082c00000| Untracked 
|  44|0x0000000082c00000, 0x0000000082d00000, 0x0000000082d00000|100%| O|  |TAMS 0x0000000082d00000, 0x0000000082d00000| Untracked 
|  45|0x0000000082d00000, 0x0000000082e00000, 0x0000000082e00000|100%| O|  |TAMS 0x0000000082e00000, 0x0000000082e00000| Untracked 
|  46|0x0000000082e00000, 0x0000000082f00000, 0x0000000082f00000|100%| O|  |TAMS 0x0000000082f00000, 0x0000000082f00000| Untracked 
|  47|0x0000000082f00000, 0x0000000083000000, 0x0000000083000000|100%| O|  |TAMS 0x0000000083000000, 0x0000000083000000| Untracked 
|  48|0x0000000083000000, 0x0000000083100000, 0x0000000083100000|100%| O|  |TAMS 0x0000000083100000, 0x0000000083100000| Untracked 
|  49|0x0000000083100000, 0x0000000083200000, 0x0000000083200000|100%| O|  |TAMS 0x0000000083200000, 0x0000000083200000| Untracked 
|  50|0x0000000083200000, 0x0000000083300000, 0x0000000083300000|100%| O|  |TAMS 0x0000000083300000, 0x0000000083300000| Untracked 
|  51|0x0000000083300000, 0x0000000083400000, 0x0000000083400000|100%| O|  |TAMS 0x0000000083400000, 0x0000000083400000| Untracked 
|  52|0x0000000083400000, 0x0000000083500000, 0x0000000083500000|100%| O|  |TAMS 0x0000000083500000, 0x0000000083500000| Untracked 
|  53|0x0000000083500000, 0x0000000083600000, 0x0000000083600000|100%| O|  |TAMS 0x0000000083600000, 0x0000000083600000| Untracked 
|  54|0x0000000083600000, 0x0000000083700000, 0x0000000083700000|100%| O|  |TAMS 0x0000000083700000, 0x0000000083700000| Untracked 
|  55|0x0000000083700000, 0x0000000083800000, 0x0000000083800000|100%| O|  |TAMS 0x0000000083800000, 0x0000000083800000| Untracked 
|  56|0x0000000083800000, 0x0000000083900000, 0x0000000083900000|100%| O|  |TAMS 0x0000000083900000, 0x0000000083900000| Untracked 
|  57|0x0000000083900000, 0x0000000083a00000, 0x0000000083a00000|100%| O|  |TAMS 0x0000000083a00000, 0x0000000083a00000| Untracked 
|  58|0x0000000083a00000, 0x0000000083b00000, 0x0000000083b00000|100%| O|  |TAMS 0x0000000083b00000, 0x0000000083b00000| Untracked 
|  59|0x0000000083b00000, 0x0000000083c00000, 0x0000000083c00000|100%| O|  |TAMS 0x0000000083c00000, 0x0000000083c00000| Untracked 
|  60|0x0000000083c00000, 0x0000000083d00000, 0x0000000083d00000|100%| O|  |TAMS 0x0000000083d00000, 0x0000000083d00000| Untracked 
|  61|0x0000000083d00000, 0x0000000083e00000, 0x0000000083e00000|100%| O|  |TAMS 0x0000000083e00000, 0x0000000083e00000| Untracked 
|  62|0x0000000083e00000, 0x0000000083f00000, 0x0000000083f00000|100%| O|  |TAMS 0x0000000083f00000, 0x0000000083f00000| Untracked 
|  63|0x0000000083f00000, 0x0000000084000000, 0x0000000084000000|100%| O|  |TAMS 0x0000000084000000, 0x0000000084000000| Untracked 
|  64|0x0000000084000000, 0x0000000084100000, 0x0000000084100000|100%|HS|  |TAMS 0x0000000084100000, 0x0000000084100000| Complete 
|  65|0x0000000084100000, 0x0000000084200000, 0x0000000084200000|100%|HC|  |TAMS 0x0000000084200000, 0x0000000084200000| Complete 
|  66|0x0000000084200000, 0x0000000084300000, 0x0000000084300000|100%|HC|  |TAMS 0x0000000084300000, 0x0000000084300000| Complete 
|  67|0x0000000084300000, 0x0000000084400000, 0x0000000084400000|100%|HS|  |TAMS 0x0000000084400000, 0x0000000084400000| Complete 
|  68|0x0000000084400000, 0x0000000084500000, 0x0000000084500000|100%|HC|  |TAMS 0x0000000084500000, 0x0000000084500000| Complete 
|  69|0x0000000084500000, 0x0000000084600000, 0x0000000084600000|100%|HS|  |TAMS 0x0000000084600000, 0x0000000084600000| Complete 
|  70|0x0000000084600000, 0x0000000084700000, 0x0000000084700000|100%|HS|  |TAMS 0x0000000084700000, 0x0000000084700000| Complete 
|  71|0x0000000084700000, 0x0000000084800000, 0x0000000084800000|100%|HS|  |TAMS 0x0000000084800000, 0x0000000084800000| Complete 
|  72|0x0000000084800000, 0x0000000084900000, 0x0000000084900000|100%| O|  |TAMS 0x0000000084900000, 0x0000000084900000| Untracked 
|  73|0x0000000084900000, 0x0000000084a00000, 0x0000000084a00000|100%| O|  |TAMS 0x0000000084a00000, 0x0000000084a00000| Untracked 
|  74|0x0000000084a00000, 0x0000000084b00000, 0x0000000084b00000|100%| O|  |TAMS 0x0000000084b00000, 0x0000000084b00000| Untracked 
|  75|0x0000000084b00000, 0x0000000084c00000, 0x0000000084c00000|100%| O|  |TAMS 0x0000000084b00000, 0x0000000084c00000| Untracked 
|  76|0x0000000084c00000, 0x0000000084d00000, 0x0000000084d00000|100%| O|  |TAMS 0x0000000084c00000, 0x0000000084d00000| Untracked 
|  77|0x0000000084d00000, 0x0000000084e00000, 0x0000000084e00000|100%| O|  |TAMS 0x0000000084d00000, 0x0000000084e00000| Untracked 
|  78|0x0000000084e00000, 0x0000000084f00000, 0x0000000084f00000|100%| O|  |TAMS 0x0000000084f00000, 0x0000000084f00000| Untracked 
|  79|0x0000000084f00000, 0x0000000085000000, 0x0000000085000000|100%| O|  |TAMS 0x0000000085000000, 0x0000000085000000| Untracked 
|  80|0x0000000085000000, 0x0000000085100000, 0x0000000085100000|100%| O|  |TAMS 0x0000000085000000, 0x0000000085100000| Untracked 
|  81|0x0000000085100000, 0x0000000085200000, 0x0000000085200000|100%| O|  |TAMS 0x0000000085100000, 0x0000000085200000| Untracked 
|  82|0x0000000085200000, 0x0000000085300000, 0x0000000085300000|100%| O|  |TAMS 0x0000000085300000, 0x0000000085300000| Untracked 
|  83|0x0000000085300000, 0x0000000085400000, 0x0000000085400000|100%| O|  |TAMS 0x0000000085300000, 0x0000000085400000| Untracked 
|  84|0x0000000085400000, 0x0000000085500000, 0x0000000085500000|100%| O|  |TAMS 0x0000000085500000, 0x0000000085500000| Untracked 
|  85|0x0000000085500000, 0x0000000085600000, 0x0000000085600000|100%| O|  |TAMS 0x0000000085500000, 0x0000000085600000| Untracked 
|  86|0x0000000085600000, 0x0000000085700000, 0x0000000085700000|100%| O|  |TAMS 0x0000000085700000, 0x0000000085700000| Untracked 
|  87|0x0000000085700000, 0x0000000085800000, 0x0000000085800000|100%| O|  |TAMS 0x0000000085700000, 0x0000000085800000| Untracked 
|  88|0x0000000085800000, 0x0000000085900000, 0x0000000085900000|100%|HS|  |TAMS 0x0000000085900000, 0x0000000085900000| Complete 
|  89|0x0000000085900000, 0x0000000085a00000, 0x0000000085a00000|100%| O|  |TAMS 0x0000000085a00000, 0x0000000085a00000| Untracked 
|  90|0x0000000085a00000, 0x0000000085b00000, 0x0000000085b00000|100%| O|  |TAMS 0x0000000085b00000, 0x0000000085b00000| Untracked 
|  91|0x0000000085b00000, 0x0000000085c00000, 0x0000000085c00000|100%| O|  |TAMS 0x0000000085c00000, 0x0000000085c00000| Untracked 
|  92|0x0000000085c00000, 0x0000000085d00000, 0x0000000085d00000|100%| O|  |TAMS 0x0000000085d00000, 0x0000000085d00000| Untracked 
|  93|0x0000000085d00000, 0x0000000085e00000, 0x0000000085e00000|100%| O|  |TAMS 0x0000000085e00000, 0x0000000085e00000| Untracked 
|  94|0x0000000085e00000, 0x0000000085f00000, 0x0000000085f00000|100%| O|  |TAMS 0x0000000085f00000, 0x0000000085f00000| Untracked 
|  95|0x0000000085f00000, 0x0000000086000000, 0x0000000086000000|100%| O|  |TAMS 0x0000000086000000, 0x0000000086000000| Untracked 
|  96|0x0000000086000000, 0x0000000086100000, 0x0000000086100000|100%| O|  |TAMS 0x0000000086100000, 0x0000000086100000| Untracked 
|  97|0x0000000086100000, 0x0000000086200000, 0x0000000086200000|100%| O|  |TAMS 0x0000000086200000, 0x0000000086200000| Untracked 
|  98|0x0000000086200000, 0x0000000086300000, 0x0000000086300000|100%| O|  |TAMS 0x0000000086300000, 0x0000000086300000| Untracked 
|  99|0x0000000086300000, 0x0000000086400000, 0x0000000086400000|100%| O|  |TAMS 0x0000000086400000, 0x0000000086400000| Untracked 
| 100|0x0000000086400000, 0x0000000086500000, 0x0000000086500000|100%| O|  |TAMS 0x0000000086500000, 0x0000000086500000| Untracked 
| 101|0x0000000086500000, 0x0000000086600000, 0x0000000086600000|100%| O|  |TAMS 0x0000000086600000, 0x0000000086600000| Untracked 
| 102|0x0000000086600000, 0x0000000086700000, 0x0000000086700000|100%| O|  |TAMS 0x0000000086700000, 0x0000000086700000| Untracked 
| 103|0x0000000086700000, 0x0000000086800000, 0x0000000086800000|100%| O|  |TAMS 0x0000000086800000, 0x0000000086800000| Untracked 
| 104|0x0000000086800000, 0x0000000086900000, 0x0000000086900000|100%| O|  |TAMS 0x0000000086900000, 0x0000000086900000| Untracked 
| 105|0x0000000086900000, 0x0000000086a00000, 0x0000000086a00000|100%| O|  |TAMS 0x0000000086a00000, 0x0000000086a00000| Untracked 
| 106|0x0000000086a00000, 0x0000000086b00000, 0x0000000086b00000|100%| O|  |TAMS 0x0000000086b00000, 0x0000000086b00000| Untracked 
| 107|0x0000000086b00000, 0x0000000086c00000, 0x0000000086c00000|100%| O|  |TAMS 0x0000000086c00000, 0x0000000086c00000| Untracked 
| 108|0x0000000086c00000, 0x0000000086d00000, 0x0000000086d00000|100%| O|  |TAMS 0x0000000086d00000, 0x0000000086d00000| Untracked 
| 109|0x0000000086d00000, 0x0000000086e00000, 0x0000000086e00000|100%| O|  |TAMS 0x0000000086e00000, 0x0000000086e00000| Untracked 
| 110|0x0000000086e00000, 0x0000000086f00000, 0x0000000086f00000|100%| O|  |TAMS 0x0000000086f00000, 0x0000000086f00000| Untracked 
| 111|0x0000000086f00000, 0x0000000087000000, 0x0000000087000000|100%| O|  |TAMS 0x0000000087000000, 0x0000000087000000| Untracked 
| 112|0x0000000087000000, 0x0000000087100000, 0x0000000087100000|100%| O|  |TAMS 0x0000000087100000, 0x0000000087100000| Untracked 
| 113|0x0000000087100000, 0x0000000087200000, 0x0000000087200000|100%| O|  |TAMS 0x0000000087200000, 0x0000000087200000| Untracked 
| 114|0x0000000087200000, 0x0000000087300000, 0x0000000087300000|100%| O|  |TAMS 0x0000000087300000, 0x0000000087300000| Untracked 
| 115|0x0000000087300000, 0x0000000087400000, 0x0000000087400000|100%| O|  |TAMS 0x0000000087400000, 0x0000000087400000| Untracked 
| 116|0x0000000087400000, 0x0000000087500000, 0x0000000087500000|100%| O|  |TAMS 0x0000000087500000, 0x0000000087500000| Untracked 
| 117|0x0000000087500000, 0x0000000087600000, 0x0000000087600000|100%| O|  |TAMS 0x0000000087500000, 0x0000000087600000| Untracked 
| 118|0x0000000087600000, 0x0000000087700000, 0x0000000087700000|100%| O|  |TAMS 0x0000000087600000, 0x0000000087700000| Untracked 
| 119|0x0000000087700000, 0x0000000087800000, 0x0000000087800000|100%| O|  |TAMS 0x0000000087700000, 0x0000000087800000| Untracked 
| 120|0x0000000087800000, 0x0000000087900000, 0x0000000087900000|100%| O|  |TAMS 0x0000000087800000, 0x0000000087900000| Untracked 
| 121|0x0000000087900000, 0x0000000087a00000, 0x0000000087a00000|100%| O|  |TAMS 0x0000000087900000, 0x0000000087a00000| Untracked 
| 122|0x0000000087a00000, 0x0000000087b00000, 0x0000000087b00000|100%| O|  |TAMS 0x0000000087a00000, 0x0000000087b00000| Untracked 
| 123|0x0000000087b00000, 0x0000000087c00000, 0x0000000087c00000|100%| O|  |TAMS 0x0000000087b00000, 0x0000000087c00000| Untracked 
| 124|0x0000000087c00000, 0x0000000087ca9e00, 0x0000000087d00000| 66%| O|  |TAMS 0x0000000087c00000, 0x0000000087ca9e00| Untracked 
| 125|0x0000000087d00000, 0x0000000087d00000, 0x0000000087e00000|  0%| F|  |TAMS 0x0000000087d00000, 0x0000000087d00000| Untracked 
| 126|0x0000000087e00000, 0x0000000087e00000, 0x0000000087f00000|  0%| F|  |TAMS 0x0000000087e00000, 0x0000000087e00000| Untracked 
| 127|0x0000000087f00000, 0x0000000087f00000, 0x0000000088000000|  0%| F|  |TAMS 0x0000000087f00000, 0x0000000087f00000| Untracked 
| 128|0x0000000088000000, 0x0000000088000000, 0x0000000088100000|  0%| F|  |TAMS 0x0000000088000000, 0x0000000088000000| Untracked 
| 129|0x0000000088100000, 0x0000000088100000, 0x0000000088200000|  0%| F|  |TAMS 0x0000000088100000, 0x0000000088100000| Untracked 
| 130|0x0000000088200000, 0x0000000088300000, 0x0000000088300000|100%| O|  |TAMS 0x0000000088300000, 0x0000000088300000| Untracked 
| 131|0x0000000088300000, 0x0000000088400000, 0x0000000088400000|100%| O|  |TAMS 0x0000000088400000, 0x0000000088400000| Untracked 
| 132|0x0000000088400000, 0x0000000088500000, 0x0000000088500000|100%| O|  |TAMS 0x0000000088500000, 0x0000000088500000| Untracked 
| 133|0x0000000088500000, 0x0000000088600000, 0x0000000088600000|100%| O|  |TAMS 0x0000000088600000, 0x0000000088600000| Untracked 
| 134|0x0000000088600000, 0x0000000088700000, 0x0000000088700000|100%| O|  |TAMS 0x0000000088700000, 0x0000000088700000| Untracked 
| 135|0x0000000088700000, 0x0000000088800000, 0x0000000088800000|100%| O|  |TAMS 0x0000000088800000, 0x0000000088800000| Untracked 
| 136|0x0000000088800000, 0x0000000088900000, 0x0000000088900000|100%| O|  |TAMS 0x0000000088900000, 0x0000000088900000| Untracked 
| 137|0x0000000088900000, 0x0000000088a00000, 0x0000000088a00000|100%| O|  |TAMS 0x0000000088a00000, 0x0000000088a00000| Untracked 
| 138|0x0000000088a00000, 0x0000000088b00000, 0x0000000088b00000|100%| O|  |TAMS 0x0000000088b00000, 0x0000000088b00000| Untracked 
| 139|0x0000000088b00000, 0x0000000088c00000, 0x0000000088c00000|100%| O|  |TAMS 0x0000000088c00000, 0x0000000088c00000| Untracked 
| 140|0x0000000088c00000, 0x0000000088d00000, 0x0000000088d00000|100%| O|  |TAMS 0x0000000088d00000, 0x0000000088d00000| Untracked 
| 141|0x0000000088d00000, 0x0000000088e00000, 0x0000000088e00000|100%| O|  |TAMS 0x0000000088e00000, 0x0000000088e00000| Untracked 
| 142|0x0000000088e00000, 0x0000000088f00000, 0x0000000088f00000|100%| O|  |TAMS 0x0000000088f00000, 0x0000000088f00000| Untracked 
| 143|0x0000000088f00000, 0x0000000089000000, 0x0000000089000000|100%| O|  |TAMS 0x0000000089000000, 0x0000000089000000| Untracked 
| 144|0x0000000089000000, 0x0000000089100000, 0x0000000089100000|100%| O|  |TAMS 0x0000000089100000, 0x0000000089100000| Untracked 
| 145|0x0000000089100000, 0x0000000089200000, 0x0000000089200000|100%| O|  |TAMS 0x0000000089200000, 0x0000000089200000| Untracked 
| 146|0x0000000089200000, 0x0000000089300000, 0x0000000089300000|100%| O|  |TAMS 0x0000000089300000, 0x0000000089300000| Untracked 
| 147|0x0000000089300000, 0x0000000089400000, 0x0000000089400000|100%| O|  |TAMS 0x0000000089364400, 0x0000000089400000| Untracked 
| 148|0x0000000089400000, 0x0000000089400000, 0x0000000089500000|  0%| F|  |TAMS 0x0000000089400000, 0x0000000089400000| Untracked 
| 149|0x0000000089500000, 0x0000000089500000, 0x0000000089600000|  0%| F|  |TAMS 0x0000000089500000, 0x0000000089500000| Untracked 
| 150|0x0000000089600000, 0x0000000089600000, 0x0000000089700000|  0%| F|  |TAMS 0x0000000089600000, 0x0000000089600000| Untracked 
| 151|0x0000000089700000, 0x0000000089700000, 0x0000000089800000|  0%| F|  |TAMS 0x0000000089700000, 0x0000000089700000| Untracked 
| 152|0x0000000089800000, 0x0000000089800000, 0x0000000089900000|  0%| F|  |TAMS 0x0000000089800000, 0x0000000089800000| Untracked 
| 153|0x0000000089900000, 0x0000000089900000, 0x0000000089a00000|  0%| F|  |TAMS 0x0000000089900000, 0x0000000089900000| Untracked 
| 154|0x0000000089a00000, 0x0000000089a00000, 0x0000000089b00000|  0%| F|  |TAMS 0x0000000089a00000, 0x0000000089a00000| Untracked 
| 155|0x0000000089b00000, 0x0000000089b00000, 0x0000000089c00000|  0%| F|  |TAMS 0x0000000089b00000, 0x0000000089b00000| Untracked 
| 156|0x0000000089c00000, 0x0000000089c00000, 0x0000000089d00000|  0%| F|  |TAMS 0x0000000089c00000, 0x0000000089c00000| Untracked 
| 157|0x0000000089d00000, 0x0000000089d00000, 0x0000000089e00000|  0%| F|  |TAMS 0x0000000089d00000, 0x0000000089d00000| Untracked 
| 158|0x0000000089e00000, 0x0000000089e00000, 0x0000000089f00000|  0%| F|  |TAMS 0x0000000089e00000, 0x0000000089e00000| Untracked 
| 159|0x0000000089f00000, 0x0000000089f00000, 0x000000008a000000|  0%| F|  |TAMS 0x0000000089f00000, 0x0000000089f00000| Untracked 
| 160|0x000000008a000000, 0x000000008a000000, 0x000000008a100000|  0%| F|  |TAMS 0x000000008a000000, 0x000000008a000000| Untracked 
| 161|0x000000008a100000, 0x000000008a100000, 0x000000008a200000|  0%| F|  |TAMS 0x000000008a100000, 0x000000008a100000| Untracked 
| 162|0x000000008a200000, 0x000000008a200000, 0x000000008a300000|  0%| F|  |TAMS 0x000000008a200000, 0x000000008a200000| Untracked 
| 163|0x000000008a300000, 0x000000008a300000, 0x000000008a400000|  0%| F|  |TAMS 0x000000008a300000, 0x000000008a300000| Untracked 
| 164|0x000000008a400000, 0x000000008a400000, 0x000000008a500000|  0%| F|  |TAMS 0x000000008a400000, 0x000000008a400000| Untracked 
| 165|0x000000008a500000, 0x000000008a500000, 0x000000008a600000|  0%| F|  |TAMS 0x000000008a500000, 0x000000008a500000| Untracked 
| 166|0x000000008a600000, 0x000000008a600000, 0x000000008a700000|  0%| F|  |TAMS 0x000000008a600000, 0x000000008a600000| Untracked 
| 167|0x000000008a700000, 0x000000008a700000, 0x000000008a800000|  0%| F|  |TAMS 0x000000008a700000, 0x000000008a700000| Untracked 
| 168|0x000000008a800000, 0x000000008a800000, 0x000000008a900000|  0%| F|  |TAMS 0x000000008a800000, 0x000000008a800000| Untracked 
| 169|0x000000008a900000, 0x000000008a900000, 0x000000008aa00000|  0%| F|  |TAMS 0x000000008a900000, 0x000000008a900000| Untracked 
| 170|0x000000008aa00000, 0x000000008aa00000, 0x000000008ab00000|  0%| F|  |TAMS 0x000000008aa00000, 0x000000008aa00000| Untracked 
| 171|0x000000008ab00000, 0x000000008ab00000, 0x000000008ac00000|  0%| F|  |TAMS 0x000000008ab00000, 0x000000008ab00000| Untracked 
| 172|0x000000008ac00000, 0x000000008ac00000, 0x000000008ad00000|  0%| F|  |TAMS 0x000000008ac00000, 0x000000008ac00000| Untracked 
| 173|0x000000008ad00000, 0x000000008ad00000, 0x000000008ae00000|  0%| F|  |TAMS 0x000000008ad00000, 0x000000008ad00000| Untracked 
| 174|0x000000008ae00000, 0x000000008ae00000, 0x000000008af00000|  0%| F|  |TAMS 0x000000008ae00000, 0x000000008ae00000| Untracked 
| 175|0x000000008af00000, 0x000000008af00000, 0x000000008b000000|  0%| F|  |TAMS 0x000000008af00000, 0x000000008af00000| Untracked 
| 176|0x000000008b000000, 0x000000008b000000, 0x000000008b100000|  0%| F|  |TAMS 0x000000008b000000, 0x000000008b000000| Untracked 
| 177|0x000000008b100000, 0x000000008b100000, 0x000000008b200000|  0%| F|  |TAMS 0x000000008b100000, 0x000000008b100000| Untracked 
| 178|0x000000008b200000, 0x000000008b200000, 0x000000008b300000|  0%| F|  |TAMS 0x000000008b200000, 0x000000008b200000| Untracked 
| 179|0x000000008b300000, 0x000000008b300000, 0x000000008b400000|  0%| F|  |TAMS 0x000000008b300000, 0x000000008b300000| Untracked 
| 180|0x000000008b400000, 0x000000008b400000, 0x000000008b500000|  0%| F|  |TAMS 0x000000008b400000, 0x000000008b400000| Untracked 
| 181|0x000000008b500000, 0x000000008b500000, 0x000000008b600000|  0%| F|  |TAMS 0x000000008b500000, 0x000000008b500000| Untracked 
| 182|0x000000008b600000, 0x000000008b600000, 0x000000008b700000|  0%| F|  |TAMS 0x000000008b600000, 0x000000008b600000| Untracked 
| 183|0x000000008b700000, 0x000000008b700000, 0x000000008b800000|  0%| F|  |TAMS 0x000000008b700000, 0x000000008b700000| Untracked 
| 184|0x000000008b800000, 0x000000008b800000, 0x000000008b900000|  0%| F|  |TAMS 0x000000008b800000, 0x000000008b800000| Untracked 
| 185|0x000000008b900000, 0x000000008b900000, 0x000000008ba00000|  0%| F|  |TAMS 0x000000008b900000, 0x000000008b900000| Untracked 
| 186|0x000000008ba00000, 0x000000008ba00000, 0x000000008bb00000|  0%| F|  |TAMS 0x000000008ba00000, 0x000000008ba00000| Untracked 
| 187|0x000000008bb00000, 0x000000008bb00000, 0x000000008bc00000|  0%| F|  |TAMS 0x000000008bb00000, 0x000000008bb00000| Untracked 
| 188|0x000000008bc00000, 0x000000008bc00000, 0x000000008bd00000|  0%| F|  |TAMS 0x000000008bc00000, 0x000000008bc00000| Untracked 
| 189|0x000000008bd00000, 0x000000008bd00000, 0x000000008be00000|  0%| F|  |TAMS 0x000000008bd00000, 0x000000008bd00000| Untracked 
| 190|0x000000008be00000, 0x000000008be00000, 0x000000008bf00000|  0%| F|  |TAMS 0x000000008be00000, 0x000000008be00000| Untracked 
| 191|0x000000008bf00000, 0x000000008bf00000, 0x000000008c000000|  0%| F|  |TAMS 0x000000008bf00000, 0x000000008bf00000| Untracked 
| 192|0x000000008c000000, 0x000000008c000000, 0x000000008c100000|  0%| F|  |TAMS 0x000000008c000000, 0x000000008c000000| Untracked 
| 193|0x000000008c100000, 0x000000008c100000, 0x000000008c200000|  0%| F|  |TAMS 0x000000008c100000, 0x000000008c100000| Untracked 
| 194|0x000000008c200000, 0x000000008c200000, 0x000000008c300000|  0%| F|  |TAMS 0x000000008c200000, 0x000000008c200000| Untracked 
| 195|0x000000008c300000, 0x000000008c300000, 0x000000008c400000|  0%| F|  |TAMS 0x000000008c300000, 0x000000008c300000| Untracked 
| 196|0x000000008c400000, 0x000000008c400000, 0x000000008c500000|  0%| F|  |TAMS 0x000000008c400000, 0x000000008c400000| Untracked 
| 197|0x000000008c500000, 0x000000008c500000, 0x000000008c600000|  0%| F|  |TAMS 0x000000008c500000, 0x000000008c500000| Untracked 
| 198|0x000000008c600000, 0x000000008c600000, 0x000000008c700000|  0%| F|  |TAMS 0x000000008c600000, 0x000000008c600000| Untracked 
| 199|0x000000008c700000, 0x000000008c700000, 0x000000008c800000|  0%| F|  |TAMS 0x000000008c700000, 0x000000008c700000| Untracked 
| 200|0x000000008c800000, 0x000000008c800000, 0x000000008c900000|  0%| F|  |TAMS 0x000000008c800000, 0x000000008c800000| Untracked 
| 201|0x000000008c900000, 0x000000008c900000, 0x000000008ca00000|  0%| F|  |TAMS 0x000000008c900000, 0x000000008c900000| Untracked 
| 202|0x000000008ca00000, 0x000000008ca00000, 0x000000008cb00000|  0%| F|  |TAMS 0x000000008ca00000, 0x000000008ca00000| Untracked 
| 203|0x000000008cb00000, 0x000000008cb00000, 0x000000008cc00000|  0%| F|  |TAMS 0x000000008cb00000, 0x000000008cb00000| Untracked 
| 204|0x000000008cc00000, 0x000000008cc00000, 0x000000008cd00000|  0%| F|  |TAMS 0x000000008cc00000, 0x000000008cc00000| Untracked 
| 205|0x000000008cd00000, 0x000000008cd48020, 0x000000008ce00000| 28%| S|CS|TAMS 0x000000008cd00000, 0x000000008cd00000| Complete 
| 206|0x000000008ce00000, 0x000000008cf00000, 0x000000008cf00000|100%| S|CS|TAMS 0x000000008ce00000, 0x000000008ce00000| Complete 
| 207|0x000000008cf00000, 0x000000008d000000, 0x000000008d000000|100%| S|CS|TAMS 0x000000008cf00000, 0x000000008cf00000| Complete 
| 208|0x000000008d000000, 0x000000008d000000, 0x000000008d100000|  0%| F|  |TAMS 0x000000008d000000, 0x000000008d000000| Untracked 
| 209|0x000000008d100000, 0x000000008d100000, 0x000000008d200000|  0%| F|  |TAMS 0x000000008d100000, 0x000000008d100000| Untracked 
| 210|0x000000008d200000, 0x000000008d200000, 0x000000008d300000|  0%| F|  |TAMS 0x000000008d200000, 0x000000008d200000| Untracked 
| 211|0x000000008d300000, 0x000000008d300000, 0x000000008d400000|  0%| F|  |TAMS 0x000000008d300000, 0x000000008d300000| Untracked 
| 212|0x000000008d400000, 0x000000008d400000, 0x000000008d500000|  0%| F|  |TAMS 0x000000008d400000, 0x000000008d400000| Untracked 
| 213|0x000000008d500000, 0x000000008d500000, 0x000000008d600000|  0%| F|  |TAMS 0x000000008d500000, 0x000000008d500000| Untracked 
| 214|0x000000008d600000, 0x000000008d600000, 0x000000008d700000|  0%| F|  |TAMS 0x000000008d600000, 0x000000008d600000| Untracked 
| 215|0x000000008d700000, 0x000000008d700000, 0x000000008d800000|  0%| F|  |TAMS 0x000000008d700000, 0x000000008d700000| Untracked 
| 216|0x000000008d800000, 0x000000008d800000, 0x000000008d900000|  0%| F|  |TAMS 0x000000008d800000, 0x000000008d800000| Untracked 
| 217|0x000000008d900000, 0x000000008d900000, 0x000000008da00000|  0%| F|  |TAMS 0x000000008d900000, 0x000000008d900000| Untracked 
| 218|0x000000008da00000, 0x000000008da00000, 0x000000008db00000|  0%| F|  |TAMS 0x000000008da00000, 0x000000008da00000| Untracked 
| 219|0x000000008db00000, 0x000000008db00000, 0x000000008dc00000|  0%| F|  |TAMS 0x000000008db00000, 0x000000008db00000| Untracked 
| 220|0x000000008dc00000, 0x000000008dc00000, 0x000000008dd00000|  0%| F|  |TAMS 0x000000008dc00000, 0x000000008dc00000| Untracked 
| 221|0x000000008dd00000, 0x000000008dd00000, 0x000000008de00000|  0%| F|  |TAMS 0x000000008dd00000, 0x000000008dd00000| Untracked 
| 222|0x000000008de00000, 0x000000008df00000, 0x000000008df00000|100%| O|  |TAMS 0x000000008df00000, 0x000000008df00000| Untracked 
| 223|0x000000008df00000, 0x000000008e000000, 0x000000008e000000|100%| O|  |TAMS 0x000000008e000000, 0x000000008e000000| Untracked 
| 224|0x000000008e000000, 0x000000008e100000, 0x000000008e100000|100%| O|  |TAMS 0x000000008e100000, 0x000000008e100000| Untracked 
| 225|0x000000008e100000, 0x000000008e200000, 0x000000008e200000|100%| O|  |TAMS 0x000000008e200000, 0x000000008e200000| Untracked 

Card table byte_map: [0x000001d5a4070000,0x000001d5a4470000] _byte_map_base: 0x000001d5a3c70000

Marking Bits (Prev, Next): (CMBitMap*) 0x000001d58f0da980, (CMBitMap*) 0x000001d58f0da948
 Prev Bits: [0x000001d5a6870000, 0x000001d5a8870000)
 Next Bits: [0x000001d5a4870000, 0x000001d5a6870000)

Polling page: 0x000001d58f180000

Metaspace:

Usage:
  Non-class:     78.63 MB capacity,    77.35 MB ( 98%) used,     1.05 MB (  1%) free+waste,   236.38 KB ( <1%) overhead. 
      Class:     12.38 MB capacity,    11.61 MB ( 94%) used,   684.34 KB (  5%) free+waste,   106.94 KB ( <1%) overhead. 
       Both:     91.01 MB capacity,    88.96 MB ( 98%) used,     1.71 MB (  2%) free+waste,   343.31 KB ( <1%) overhead. 

Virtual space:
  Non-class space:       80.00 MB reserved,      78.75 MB ( 98%) committed 
      Class space:        1.00 GB reserved,      12.50 MB (  1%) committed 
             Both:        1.08 GB reserved,      91.25 MB (  8%) committed 

Chunk freelists:
   Non-Class:  127.00 KB
       Class:  88.00 KB
        Both:  215.00 KB

MaxMetaspaceSize: 17179869184.00 GB
CompressedClassSpaceSize: 1.00 GB

CodeHeap 'non-profiled nmethods': size=120000Kb used=6004Kb max_used=6004Kb free=113995Kb
 bounds [0x000001d59bcc0000, 0x000001d59c2a0000, 0x000001d5a31f0000]
CodeHeap 'profiled nmethods': size=120000Kb used=21231Kb max_used=21231Kb free=98768Kb
 bounds [0x000001d594790000, 0x000001d595c50000, 0x000001d59bcc0000]
CodeHeap 'non-nmethods': size=5760Kb used=2272Kb max_used=2326Kb free=3487Kb
 bounds [0x000001d5941f0000, 0x000001d594460000, 0x000001d594790000]
 total_blobs=11057 nmethods=10191 adapters=777
 compilation: enabled
              stopped_count=0, restarted_count=0
 full_count=0

Compilation events (20 events):
Event: 9.096 Thread 0x000001d5ab363000 10520 %     3       java.util.IdentityHashMap::resize @ 58 (153 bytes)
Event: 9.097 Thread 0x000001d5ab363000 nmethod 10520% 0x000001d595c46a10 code [0x000001d595c46c80, 0x000001d595c47b38]
Event: 9.097 Thread 0x000001d5ab363000 10521       3       java.util.IdentityHashMap::resize (153 bytes)
Event: 9.098 Thread 0x000001d5ab363000 nmethod 10521 0x000001d595c48010 code [0x000001d595c48280, 0x000001d595c48ff8]
Event: 9.102 Thread 0x000001d5ab363000 10524       2       com.android.tools.r8.code.U0::a (1 bytes)
Event: 9.102 Thread 0x000001d5ab363000 nmethod 10524 0x000001d595c49410 code [0x000001d595c495c0, 0x000001d595c496b8]
Event: 9.102 Thread 0x000001d5ab363000 10525       2       com.android.tools.r8.code.Q3::a (1 bytes)
Event: 9.102 Thread 0x000001d5ab363000 nmethod 10525 0x000001d595c49790 code [0x000001d595c49940, 0x000001d595c49a38]
Event: 9.102 Thread 0x000001d5ab363000 10526       2       com.android.tools.r8.code.c::a (1 bytes)
Event: 9.102 Thread 0x000001d5ab363000 nmethod 10526 0x000001d595c49b10 code [0x000001d595c49cc0, 0x000001d595c49db8]
Event: 9.104 Thread 0x000001d5ab363000 10527       2       com.android.tools.r8.code.v2::a (1 bytes)
Event: 9.104 Thread 0x000001d5ab363000 nmethod 10527 0x000001d595c49e90 code [0x000001d595c4a040, 0x000001d595c4a138]
Event: 9.107 Thread 0x000001d5ab363000 10530       2       com.android.tools.r8.code.O3::a (1 bytes)
Event: 9.107 Thread 0x000001d5ab363000 nmethod 10530 0x000001d595c4a210 code [0x000001d595c4a3c0, 0x000001d595c4a4b8]
Event: 9.108 Thread 0x000001d5ab363000 10532       2       com.android.tools.r8.code.S::a (1 bytes)
Event: 9.108 Thread 0x000001d5ab363000 nmethod 10532 0x000001d595c4a590 code [0x000001d595c4a740, 0x000001d595c4a838]
Event: 9.109 Thread 0x000001d5ab363000 10533 %     3       java.util.IdentityHashMap::resize @ 104 (153 bytes)
Event: 9.110 Thread 0x000001d5ab363000 nmethod 10533% 0x000001d595c4a910 code [0x000001d595c4ab80, 0x000001d595c4ba58]
Event: 9.113 Thread 0x000001d5ab363000 10534       2       com.android.tools.r8.code.B0::a (1 bytes)
Event: 9.113 Thread 0x000001d5ab363000 nmethod 10534 0x000001d595c4bf10 code [0x000001d595c4c0c0, 0x000001d595c4c1b8]

GC Heap History (20 events):
Event: 4.126 GC heap before
{Heap before GC invocations=10 (full 0):
 garbage-first heap   total 157696K, used 106008K [0x0000000080000000, 0x0000000100000000)
  region size 1024K, 77 young (78848K), 8 survivors (8192K)
 Metaspace       used 50685K, capacity 51797K, committed 51968K, reserved 1093632K
  class space    used 6454K, capacity 6854K, committed 6912K, reserved 1048576K
}
Event: 4.133 GC heap after
{Heap after GC invocations=11 (full 0):
 garbage-first heap   total 157696K, used 44456K [0x0000000080000000, 0x0000000100000000)
  region size 1024K, 10 young (10240K), 10 survivors (10240K)
 Metaspace       used 50685K, capacity 51797K, committed 51968K, reserved 1093632K
  class space    used 6454K, capacity 6854K, committed 6912K, reserved 1048576K
}
Event: 4.765 GC heap before
{Heap before GC invocations=11 (full 0):
 garbage-first heap   total 157696K, used 109992K [0x0000000080000000, 0x0000000100000000)
  region size 1024K, 74 young (75776K), 10 survivors (10240K)
 Metaspace       used 58711K, capacity 60066K, committed 60160K, reserved 1101824K
  class space    used 7451K, capacity 7970K, committed 8064K, reserved 1048576K
}
Event: 4.784 GC heap after
{Heap after GC invocations=12 (full 0):
 garbage-first heap   total 157696K, used 51541K [0x0000000080000000, 0x0000000100000000)
  region size 1024K, 6 young (6144K), 6 survivors (6144K)
 Metaspace       used 58711K, capacity 60066K, committed 60160K, reserved 1101824K
  class space    used 7451K, capacity 7970K, committed 8064K, reserved 1048576K
}
Event: 5.282 GC heap before
{Heap before GC invocations=13 (full 0):
 garbage-first heap   total 157696K, used 116053K [0x0000000080000000, 0x0000000100000000)
  region size 1024K, 69 young (70656K), 6 survivors (6144K)
 Metaspace       used 63293K, capacity 64741K, committed 65024K, reserved 1105920K
  class space    used 8028K, capacity 8586K, committed 8704K, reserved 1048576K
}
Event: 5.293 GC heap after
{Heap after GC invocations=14 (full 0):
 garbage-first heap   total 189440K, used 55696K [0x0000000080000000, 0x0000000100000000)
  region size 1024K, 6 young (6144K), 6 survivors (6144K)
 Metaspace       used 63293K, capacity 64741K, committed 65024K, reserved 1105920K
  class space    used 8028K, capacity 8586K, committed 8704K, reserved 1048576K
}
Event: 6.044 GC heap before
{Heap before GC invocations=15 (full 0):
 garbage-first heap   total 189440K, used 131472K [0x0000000080000000, 0x0000000100000000)
  region size 1024K, 80 young (81920K), 6 survivors (6144K)
 Metaspace       used 72480K, capacity 74010K, committed 74112K, reserved 1114112K
  class space    used 9451K, capacity 10038K, committed 10112K, reserved 1048576K
}
Event: 6.051 GC heap after
{Heap after GC invocations=16 (full 0):
 garbage-first heap   total 189440K, used 59498K [0x0000000080000000, 0x0000000100000000)
  region size 1024K, 9 young (9216K), 9 survivors (9216K)
 Metaspace       used 72480K, capacity 74010K, committed 74112K, reserved 1114112K
  class space    used 9451K, capacity 10038K, committed 10112K, reserved 1048576K
}
Event: 6.817 GC heap before
{Heap before GC invocations=16 (full 0):
 garbage-first heap   total 189440K, used 141418K [0x0000000080000000, 0x0000000100000000)
  region size 1024K, 89 young (91136K), 9 survivors (9216K)
 Metaspace       used 79080K, capacity 80930K, committed 81152K, reserved 1120256K
  class space    used 10329K, capacity 11006K, committed 11008K, reserved 1048576K
}
Event: 6.827 GC heap after
{Heap after GC invocations=17 (full 0):
 garbage-first heap   total 189440K, used 65783K [0x0000000080000000, 0x0000000100000000)
  region size 1024K, 11 young (11264K), 11 survivors (11264K)
 Metaspace       used 79080K, capacity 80930K, committed 81152K, reserved 1120256K
  class space    used 10329K, capacity 11006K, committed 11008K, reserved 1048576K
}
Event: 7.378 GC heap before
{Heap before GC invocations=17 (full 0):
 garbage-first heap   total 189440K, used 143607K [0x0000000080000000, 0x0000000100000000)
  region size 1024K, 88 young (90112K), 11 survivors (11264K)
 Metaspace       used 80509K, capacity 82411K, committed 82560K, reserved 1120256K
  class space    used 10446K, capacity 11124K, committed 11136K, reserved 1048576K
}
Event: 7.392 GC heap after
{Heap after GC invocations=18 (full 0):
 garbage-first heap   total 189440K, used 70669K [0x0000000080000000, 0x0000000100000000)
  region size 1024K, 6 young (6144K), 6 survivors (6144K)
 Metaspace       used 80509K, capacity 82411K, committed 82560K, reserved 1120256K
  class space    used 10446K, capacity 11124K, committed 11136K, reserved 1048576K
}
Event: 7.756 GC heap before
{Heap before GC invocations=18 (full 0):
 garbage-first heap   total 189440K, used 146445K [0x0000000080000000, 0x0000000100000000)
  region size 1024K, 81 young (82944K), 6 survivors (6144K)
 Metaspace       used 83069K, capacity 85073K, committed 85248K, reserved 1122304K
  class space    used 10765K, capacity 11461K, committed 11520K, reserved 1048576K
}
Event: 7.766 GC heap after
{Heap after GC invocations=19 (full 0):
 garbage-first heap   total 227328K, used 73426K [0x0000000080000000, 0x0000000100000000)
  region size 1024K, 9 young (9216K), 9 survivors (9216K)
 Metaspace       used 83069K, capacity 85073K, committed 85248K, reserved 1122304K
  class space    used 10765K, capacity 11461K, committed 11520K, reserved 1048576K
}
Event: 8.318 GC heap before
{Heap before GC invocations=19 (full 0):
 garbage-first heap   total 227328K, used 192210K [0x0000000080000000, 0x0000000100000000)
  region size 1024K, 101 young (103424K), 9 survivors (9216K)
 Metaspace       used 88978K, capacity 91109K, committed 91392K, reserved 1128448K
  class space    used 11654K, capacity 12433K, committed 12544K, reserved 1048576K
}
Event: 8.346 GC heap after
{Heap after GC invocations=20 (full 0):
 garbage-first heap   total 231424K, used 119388K [0x0000000080000000, 0x0000000100000000)
  region size 1024K, 13 young (13312K), 13 survivors (13312K)
 Metaspace       used 88978K, capacity 91109K, committed 91392K, reserved 1128448K
  class space    used 11654K, capacity 12433K, committed 12544K, reserved 1048576K
}
Event: 8.567 GC heap before
{Heap before GC invocations=20 (full 0):
 garbage-first heap   total 231424K, used 176732K [0x0000000080000000, 0x0000000100000000)
  region size 1024K, 70 young (71680K), 13 survivors (13312K)
 Metaspace       used 89438K, capacity 91604K, committed 91648K, reserved 1128448K
  class space    used 11711K, capacity 12508K, committed 12544K, reserved 1048576K
}
Event: 8.663 GC heap after
{Heap after GC invocations=21 (full 0):
 garbage-first heap   total 231424K, used 150929K [0x0000000080000000, 0x0000000100000000)
  region size 1024K, 9 young (9216K), 9 survivors (9216K)
 Metaspace       used 89438K, capacity 91604K, committed 91648K, reserved 1128448K
  class space    used 11711K, capacity 12508K, committed 12544K, reserved 1048576K
}
Event: 9.006 GC heap before
{Heap before GC invocations=22 (full 0):
 garbage-first heap   total 231424K, used 172433K [0x0000000080000000, 0x0000000100000000)
  region size 1024K, 39 young (39936K), 9 survivors (9216K)
 Metaspace       used 91033K, capacity 93120K, committed 93440K, reserved 1130496K
  class space    used 11888K, capacity 12680K, committed 12800K, reserved 1048576K
}
Event: 9.022 GC heap after
{Heap after GC invocations=23 (full 0):
 garbage-first heap   total 231424K, used 149504K [0x0000000080000000, 0x0000000100000000)
  region size 1024K, 5 young (5120K), 5 survivors (5120K)
 Metaspace       used 91033K, capacity 93120K, committed 93440K, reserved 1130496K
  class space    used 11888K, capacity 12680K, committed 12800K, reserved 1048576K
}

Deoptimization events (20 events):
Event: 8.983 Thread 0x000001d5af346800 Uncommon trap: trap_request=0xffffffde fr.pc=0x000001d59c281928 relative=0x00000000000009e8
Event: 8.983 Thread 0x000001d5af346800 Uncommon trap: reason=class_check action=maybe_recompile pc=0x000001d59c281928 method=com.android.tools.r8.graph.t1.b(Ljava/util/function/Predicate;Ljava/util/function/Consumer;Lcom/android/tools/r8/graph/e0;)V @ 2 c2
Event: 8.983 Thread 0x000001d5af346800 DEOPT PACKING pc=0x000001d59c281928 sp=0x000000921befd140
Event: 8.983 Thread 0x000001d5af346800 DEOPT UNPACKING pc=0x000001d5942174af sp=0x000000921befd020 mode 2
Event: 8.983 Thread 0x000001d5af346800 Uncommon trap: trap_request=0xffffffde fr.pc=0x000001d59c281928 relative=0x00000000000009e8
Event: 8.983 Thread 0x000001d5af346800 Uncommon trap: reason=class_check action=maybe_recompile pc=0x000001d59c281928 method=com.android.tools.r8.graph.t1.b(Ljava/util/function/Predicate;Ljava/util/function/Consumer;Lcom/android/tools/r8/graph/e0;)V @ 2 c2
Event: 8.983 Thread 0x000001d5af346800 DEOPT PACKING pc=0x000001d59c281928 sp=0x000000921befd140
Event: 8.983 Thread 0x000001d5af346800 DEOPT UNPACKING pc=0x000001d5942174af sp=0x000000921befd020 mode 2
Event: 8.983 Thread 0x000001d5af346800 Uncommon trap: trap_request=0xffffffde fr.pc=0x000001d59c281928 relative=0x00000000000009e8
Event: 8.983 Thread 0x000001d5af346800 Uncommon trap: reason=class_check action=maybe_recompile pc=0x000001d59c281928 method=com.android.tools.r8.graph.t1.b(Ljava/util/function/Predicate;Ljava/util/function/Consumer;Lcom/android/tools/r8/graph/e0;)V @ 2 c2
Event: 8.983 Thread 0x000001d5af346800 DEOPT PACKING pc=0x000001d59c281928 sp=0x000000921befd140
Event: 8.983 Thread 0x000001d5af346800 DEOPT UNPACKING pc=0x000001d5942174af sp=0x000000921befd020 mode 2
Event: 8.984 Thread 0x000001d5af346800 Uncommon trap: trap_request=0xffffffde fr.pc=0x000001d59c281928 relative=0x00000000000009e8
Event: 8.984 Thread 0x000001d5af346800 Uncommon trap: reason=class_check action=maybe_recompile pc=0x000001d59c281928 method=com.android.tools.r8.graph.t1.b(Ljava/util/function/Predicate;Ljava/util/function/Consumer;Lcom/android/tools/r8/graph/e0;)V @ 2 c2
Event: 8.984 Thread 0x000001d5af346800 DEOPT PACKING pc=0x000001d59c281928 sp=0x000000921befd140
Event: 8.984 Thread 0x000001d5af346800 DEOPT UNPACKING pc=0x000001d5942174af sp=0x000000921befd020 mode 2
Event: 9.031 Thread 0x000001d5af346800 Uncommon trap: trap_request=0xffffffe4 fr.pc=0x000001d59c24444c relative=0x000000000000020c
Event: 9.031 Thread 0x000001d5af346800 Uncommon trap: reason=range_check action=make_not_entrant pc=0x000001d59c24444c method=com.android.tools.r8.graph.q0.b(Lcom/android/tools/r8/graph/q0;)I @ 9 c2
Event: 9.031 Thread 0x000001d5af346800 DEOPT PACKING pc=0x000001d59c24444c sp=0x000000921befcee0
Event: 9.031 Thread 0x000001d5af346800 DEOPT UNPACKING pc=0x000001d5942174af sp=0x000000921befce68 mode 2

Classes redefined (0 events):
No events

Internal exceptions (20 events):
Event: 7.944 Thread 0x000001d5af346800 Exception <a 'java/lang/NoSuchMethodError'{0x000000008c1b9c78}: 'java.lang.Object java.lang.invoke.DirectMethodHandle$Holder.invokeStaticInit(java.lang.Object, java.lang.Object, java.lang.Object, java.lang.Object, java.lang.Object, java.lang.Object, java.lang.Object, java.lang.Object, java.lang.Object, java.lang.Object, java.lang.Object, java.lang.Object, java.lang.Object, java.lang.Object, java.lang.Object, java.lang.Object, java.lang.Object, int, java.lang.Object)'> (0x000000008c1b9c78) thrown at [./src/
Event: 7.977 Thread 0x000001d5af340000 Exception <a 'java/lang/NoSuchMethodError'{0x000000008b9cd460}: 'void java.lang.invoke.DirectMethodHandle$Holder.invokeStatic(java.lang.Object, long)'> (0x000000008b9cd460) thrown at [./src/hotspot/share/interpreter/linkResolver.cpp, line 773]
Event: 7.977 Thread 0x000001d5af340000 Exception <a 'java/lang/NoSuchMethodError'{0x000000008b9d2678}: 'java.lang.Object java.lang.invoke.DirectMethodHandle$Holder.invokeStatic(java.lang.Object, long)'> (0x000000008b9d2678) thrown at [./src/hotspot/share/interpreter/linkResolver.cpp, line 773]
Event: 7.979 Thread 0x000001d5af340000 Exception <a 'java/lang/NoSuchMethodError'{0x000000008b86dac8}: 'java.lang.Object java.lang.invoke.DirectMethodHandle$Holder.invokeStaticInit(java.lang.Object, java.lang.Object, long, java.lang.Object)'> (0x000000008b86dac8) thrown at [./src/hotspot/share/interpreter/linkResolver.cpp, line 773]
Event: 7.979 Thread 0x000001d5af340000 Exception <a 'java/lang/NoSuchMethodError'{0x000000008b873c60}: 'java.lang.Object java.lang.invoke.DirectMethodHandle$Holder.invokeStatic(java.lang.Object, java.lang.Object, long)'> (0x000000008b873c60) thrown at [./src/hotspot/share/interpreter/linkResolver.cpp, line 773]
Event: 7.979 Thread 0x000001d5af340000 Exception <a 'java/lang/NoSuchMethodError'{0x000000008b87a1d8}: 'java.lang.Object java.lang.invoke.Invokers$Holder.linkToTargetMethod(java.lang.Object, long, java.lang.Object)'> (0x000000008b87a1d8) thrown at [./src/hotspot/share/interpreter/linkResolver.cpp, line 773]
Event: 8.072 Thread 0x000001d5af340000 Exception <a 'java/lang/NoSuchMethodError'{0x000000008a9e8ba8}: 'int java.lang.invoke.DirectMethodHandle$Holder.invokeSpecialIFC(java.lang.Object, java.lang.Object, java.lang.Object)'> (0x000000008a9e8ba8) thrown at [./src/hotspot/share/interpreter/linkResolver.cpp, line 773]
Event: 8.210 Thread 0x000001d5af349000 Exception <a 'java/lang/NoSuchMethodError'{0x00000000890049e0}: 'java.lang.Object java.lang.invoke.DirectMethodHandle$Holder.newInvokeSpecial(java.lang.Object, int)'> (0x00000000890049e0) thrown at [./src/hotspot/share/interpreter/linkResolver.cpp, line 773]
Event: 8.564 Thread 0x000001d5af346800 Exception <a 'java/lang/NoSuchMethodError'{0x000000008a5e0150}: 'void java.lang.invoke.DirectMethodHandle$Holder.invokeStatic(java.lang.Object, java.lang.Object, java.lang.Object, int)'> (0x000000008a5e0150) thrown at [./src/hotspot/share/interpreter/linkResolver.cpp, line 773]
Event: 8.565 Thread 0x000001d5af346800 Exception <a 'java/lang/IncompatibleClassChangeError'{0x000000008a5e8108}: Found class java.lang.Object, but interface was expected> (0x000000008a5e8108) thrown at [./src/hotspot/share/interpreter/linkResolver.cpp, line 839]
Event: 8.746 Thread 0x000001d5af346800 Exception <a 'java/lang/NoSuchMethodError'{0x000000008dad9710}: 'void java.lang.invoke.DirectMethodHandle$Holder.invokeStaticInit(java.lang.Object, java.lang.Object, java.lang.Object, java.lang.Object, java.lang.Object)'> (0x000000008dad9710) thrown at [./src/hotspot/share/interpreter/linkResolver.cpp, line 773]
Event: 8.752 Thread 0x000001d5af346800 Exception <a 'java/lang/NoSuchMethodError'{0x000000008d939bb0}: 'long java.lang.invoke.DirectMethodHandle$Holder.invokeStatic(java.lang.Object, java.lang.Object)'> (0x000000008d939bb0) thrown at [./src/hotspot/share/interpreter/linkResolver.cpp, line 773]
Event: 8.758 Thread 0x000001d5af34b800 Exception <a 'java/lang/NoSuchMethodError'{0x000000008d9bc138}: 'void java.lang.invoke.DirectMethodHandle$Holder.invokeSpecial(java.lang.Object, java.lang.Object, int, java.lang.Object)'> (0x000000008d9bc138) thrown at [./src/hotspot/share/interpreter/linkResolver.cpp, line 773]
Event: 8.758 Thread 0x000001d5af342800 Exception <a 'java/lang/NoSuchMethodError'{0x000000008dd731f0}: 'void java.lang.invoke.DirectMethodHandle$Holder.invokeSpecial(java.lang.Object, java.lang.Object, int, java.lang.Object)'> (0x000000008dd731f0) thrown at [./src/hotspot/share/interpreter/linkResolver.cpp, line 773]
Event: 8.758 Thread 0x000001d5af349000 Exception <a 'java/lang/NoSuchMethodError'{0x000000008d9ce818}: 'void java.lang.invoke.DirectMethodHandle$Holder.invokeSpecial(java.lang.Object, java.lang.Object, int, java.lang.Object)'> (0x000000008d9ce818) thrown at [./src/hotspot/share/interpreter/linkResolver.cpp, line 773]
Event: 8.758 Thread 0x000001d5af341800 Exception <a 'java/lang/NoSuchMethodError'{0x000000008dd248b8}: 'void java.lang.invoke.DirectMethodHandle$Holder.invokeSpecial(java.lang.Object, java.lang.Object, int, java.lang.Object)'> (0x000000008dd248b8) thrown at [./src/hotspot/share/interpreter/linkResolver.cpp, line 773]
Event: 8.758 Thread 0x000001d5af34c000 Exception <a 'java/lang/NoSuchMethodError'{0x000000008d9bfc10}: 'void java.lang.invoke.DirectMethodHandle$Holder.invokeSpecial(java.lang.Object, java.lang.Object, int, java.lang.Object)'> (0x000000008d9bfc10) thrown at [./src/hotspot/share/interpreter/linkResolver.cpp, line 773]
Event: 8.888 Thread 0x000001d5af346800 Exception <a 'java/lang/NoSuchMethodError'{0x000000008ceca3f0}: 'java.lang.Object java.lang.invoke.DirectMethodHandle$Holder.invokeSpecial(java.lang.Object, java.lang.Object, java.lang.Object, java.lang.Object, java.lang.Object, java.lang.Object, java.lang.Object, java.lang.Object, java.lang.Object, java.lang.Object)'> (0x000000008ceca3f0) thrown at [./src/hotspot/share/interpreter/linkResolver.cpp, line 773]
Event: 8.891 Thread 0x000001d5af346800 Exception <a 'java/lang/NoSuchMethodError'{0x000000008cece4e0}: 'java.lang.Object java.lang.invoke.Invokers$Holder.linkToTargetMethod(java.lang.Object, java.lang.Object, java.lang.Object, java.lang.Object, java.lang.Object, java.lang.Object, java.lang.Object, java.lang.Object, java.lang.Object)'> (0x000000008cece4e0) thrown at [./src/hotspot/share/interpreter/linkResolver.cpp, line 773]
Event: 8.921 Thread 0x000001d5af34a800 Implicit null exception at 0x000001d59c278a47 to 0x000001d59c279620

Events (20 events):
Event: 8.987 loading class com/android/tools/r8/graph/S
Event: 8.987 loading class com/android/tools/r8/graph/S done
Event: 8.987 loading class com/android/tools/r8/graph/S
Event: 8.987 loading class com/android/tools/r8/graph/S done
Event: 8.987 loading class com/android/tools/r8/graph/S
Event: 8.987 loading class com/android/tools/r8/graph/S done
Event: 8.987 loading class com/android/tools/r8/graph/S
Event: 8.987 loading class com/android/tools/r8/graph/S done
Event: 8.987 loading class com/android/tools/r8/graph/S$h
Event: 8.987 loading class com/android/tools/r8/graph/S$h done
Event: 8.988 loading class com/android/tools/r8/graph/R0$d
Event: 8.988 loading class com/android/tools/r8/graph/R0$d done
Event: 8.988 loading class com/android/tools/r8/graph/j0
Event: 8.988 loading class com/android/tools/r8/graph/j0 done
Event: 8.988 loading class com/android/tools/r8/graph/R0$f
Event: 8.988 loading class com/android/tools/r8/graph/R0$f done
Event: 8.988 loading class com/android/tools/r8/graph/R0$f
Event: 8.988 loading class com/android/tools/r8/graph/R0$f done
Event: 9.006 Executing VM operation: G1CollectForAllocation
Event: 9.022 Executing VM operation: G1CollectForAllocation done


Dynamic libraries:
0x00007ff73c920000 - 0x00007ff73c92a000 	C:\Users\Dark Knight\Desktop\Android Studio\jre\bin\java.exe
0x00007ff9b2730000 - 0x00007ff9b2925000 	C:\WINDOWS\SYSTEM32\ntdll.dll
0x00007ff9b1dc0000 - 0x00007ff9b1e7e000 	C:\WINDOWS\System32\KERNEL32.DLL
0x00007ff9b0250000 - 0x00007ff9b0518000 	C:\WINDOWS\System32\KERNELBASE.dll
0x00007ff9b0150000 - 0x00007ff9b0250000 	C:\WINDOWS\System32\ucrtbase.dll
0x00007ff9a75c0000 - 0x00007ff9a75d9000 	C:\Users\Dark Knight\Desktop\Android Studio\jre\bin\jli.dll
0x00007ff9a7300000 - 0x00007ff9a7317000 	C:\Users\Dark Knight\Desktop\Android Studio\jre\bin\VCRUNTIME140.dll
0x00007ff9b09e0000 - 0x00007ff9b0b81000 	C:\WINDOWS\System32\USER32.dll
0x00007ff9affa0000 - 0x00007ff9affc2000 	C:\WINDOWS\System32\win32u.dll
0x00007ff9b2010000 - 0x00007ff9b203b000 	C:\WINDOWS\System32\GDI32.dll
0x00007ff99a6f0000 - 0x00007ff99a98a000 	C:\WINDOWS\WinSxS\amd64_microsoft.windows.common-controls_6595b64144ccf1df_6.0.19041.1110_none_60b5254171f9507e\COMCTL32.dll
0x00007ff9b0660000 - 0x00007ff9b076d000 	C:\WINDOWS\System32\gdi32full.dll
0x00007ff9b1300000 - 0x00007ff9b139e000 	C:\WINDOWS\System32\msvcrt.dll
0x00007ff9b0000000 - 0x00007ff9b009d000 	C:\WINDOWS\System32\msvcp_win.dll
0x00007ff9b2170000 - 0x00007ff9b21a0000 	C:\WINDOWS\System32\IMM32.DLL
0x00007ff97b080000 - 0x00007ff97b11d000 	C:\Users\Dark Knight\Desktop\Android Studio\jre\bin\msvcp140.dll
0x00007ff93b770000 - 0x00007ff93c22c000 	C:\Users\Dark Knight\Desktop\Android Studio\jre\bin\server\jvm.dll
0x00007ff9b25b0000 - 0x00007ff9b265c000 	C:\WINDOWS\System32\ADVAPI32.dll
0x00007ff9b1af0000 - 0x00007ff9b1b8b000 	C:\WINDOWS\System32\sechost.dll
0x00007ff9b1120000 - 0x00007ff9b124a000 	C:\WINDOWS\System32\RPCRT4.dll
0x00007ff9b0b90000 - 0x00007ff9b0b98000 	C:\WINDOWS\System32\PSAPI.DLL
0x00007ff9a54b0000 - 0x00007ff9a54ba000 	C:\WINDOWS\SYSTEM32\VERSION.dll
0x00007ff9a54c0000 - 0x00007ff9a54c9000 	C:\WINDOWS\SYSTEM32\WSOCK32.dll
0x00007ff99c0d0000 - 0x00007ff99c0f7000 	C:\WINDOWS\SYSTEM32\WINMM.dll
0x00007ff9b1fa0000 - 0x00007ff9b200b000 	C:\WINDOWS\System32\WS2_32.dll
0x00007ff9ae6c0000 - 0x00007ff9ae6d2000 	C:\WINDOWS\SYSTEM32\kernel.appcore.dll
0x00007ff9a8e30000 - 0x00007ff9a8e41000 	C:\Users\Dark Knight\Desktop\Android Studio\jre\bin\verify.dll
0x00007ff9adae0000 - 0x00007ff9adcc4000 	C:\WINDOWS\SYSTEM32\DBGHELP.DLL
0x00007ff9982c0000 - 0x00007ff9982ec000 	C:\WINDOWS\SYSTEM32\dbgcore.DLL
0x00007ff9b05d0000 - 0x00007ff9b0652000 	C:\WINDOWS\System32\bcryptPrimitives.dll
0x00007ff99ed10000 - 0x00007ff99ed39000 	C:\Users\Dark Knight\Desktop\Android Studio\jre\bin\java.dll
0x00007ff9ab890000 - 0x00007ff9ab89b000 	C:\Users\Dark Knight\Desktop\Android Studio\jre\bin\jimage.dll
0x00007ff9a7400000 - 0x00007ff9a7418000 	C:\Users\Dark Knight\Desktop\Android Studio\jre\bin\zip.dll
0x00007ff9b13a0000 - 0x00007ff9b1ae4000 	C:\WINDOWS\System32\SHELL32.dll
0x00007ff9adf10000 - 0x00007ff9ae6a4000 	C:\WINDOWS\SYSTEM32\windows.storage.dll
0x00007ff9b21a0000 - 0x00007ff9b24f5000 	C:\WINDOWS\System32\combase.dll
0x00007ff9af7c0000 - 0x00007ff9af7ee000 	C:\WINDOWS\SYSTEM32\Wldp.dll
0x00007ff9b1250000 - 0x00007ff9b12fd000 	C:\WINDOWS\System32\SHCORE.dll
0x00007ff9b0770000 - 0x00007ff9b07c5000 	C:\WINDOWS\System32\shlwapi.dll
0x00007ff9afd80000 - 0x00007ff9afd9f000 	C:\WINDOWS\SYSTEM32\profapi.dll
0x00007ff99e660000 - 0x00007ff99e67a000 	C:\Users\Dark Knight\Desktop\Android Studio\jre\bin\net.dll
0x00007ff99e9a0000 - 0x00007ff99eaac000 	C:\WINDOWS\SYSTEM32\WINHTTP.dll
0x00007ff9af520000 - 0x00007ff9af58a000 	C:\WINDOWS\system32\mswsock.dll
0x00007ff99e520000 - 0x00007ff99e534000 	C:\Users\Dark Knight\Desktop\Android Studio\jre\bin\nio.dll
0x00007ff9a75e0000 - 0x00007ff9a7607000 	C:\Users\Dark Knight\.gradle\native\fdc75f09e3144964f2cf3f50f0aa648679c211496f362492102eb8c894070792\windows-amd64\native-platform.dll
0x00007ff96dac0000 - 0x00007ff96dc56000 	C:\Users\Dark Knight\.gradle\native\12488b8bf47d2d4c9fbf2f6322a914ad602e24e48041cd04a747c6da556b65c4\windows-amd64\native-platform-file-events.dll
0x00007ff9ab1e0000 - 0x00007ff9ab1ea000 	C:\Users\Dark Knight\Desktop\Android Studio\jre\bin\management.dll
0x00007ff9ab190000 - 0x00007ff9ab19c000 	C:\Users\Dark Knight\Desktop\Android Studio\jre\bin\management_ext.dll
0x00007ff9af710000 - 0x00007ff9af728000 	C:\WINDOWS\SYSTEM32\CRYPTSP.dll
0x00007ff9aeea0000 - 0x00007ff9aeed4000 	C:\WINDOWS\system32\rsaenh.dll
0x00007ff9affd0000 - 0x00007ff9afff7000 	C:\WINDOWS\System32\bcrypt.dll
0x00007ff9afd40000 - 0x00007ff9afd6e000 	C:\WINDOWS\SYSTEM32\USERENV.dll
0x00007ff9af730000 - 0x00007ff9af73c000 	C:\WINDOWS\SYSTEM32\CRYPTBASE.dll
0x00007ff9af210000 - 0x00007ff9af24b000 	C:\WINDOWS\SYSTEM32\IPHLPAPI.DLL
0x00007ff9b1ba0000 - 0x00007ff9b1ba8000 	C:\WINDOWS\System32\NSI.dll
0x00007ff9a14e0000 - 0x00007ff9a14f7000 	C:\WINDOWS\SYSTEM32\dhcpcsvc6.DLL
0x00007ff9a15f0000 - 0x00007ff9a160d000 	C:\WINDOWS\SYSTEM32\dhcpcsvc.DLL
0x00007ff9af250000 - 0x00007ff9af31b000 	C:\WINDOWS\SYSTEM32\DNSAPI.dll
0x00007ff9a5000000 - 0x00007ff9a500b000 	C:\WINDOWS\SYSTEM32\WINNSI.DLL

dbghelp: loaded successfully - version: 4.0.5 - missing functions: none
symbol engine: initialized successfully - sym options: 0x614 - pdb path: .;C:\Users\Dark Knight\Desktop\Android Studio\jre\bin;C:\WINDOWS\SYSTEM32;C:\WINDOWS\WinSxS\amd64_microsoft.windows.common-controls_6595b64144ccf1df_6.0.19041.1110_none_60b5254171f9507e;C:\Users\Dark Knight\Desktop\Android Studio\jre\bin\server;C:\Users\Dark Knight\.gradle\native\fdc75f09e3144964f2cf3f50f0aa648679c211496f362492102eb8c894070792\windows-amd64;C:\Users\Dark Knight\.gradle\native\12488b8bf47d2d4c9fbf2f6322a914ad602e24e48041cd04a747c6da556b65c4\windows-amd64

VM Arguments:
jvm_args: --add-opens=java.base/java.util=ALL-UNNAMED --add-opens=java.base/java.lang=ALL-UNNAMED --add-opens=java.base/java.lang.invoke=ALL-UNNAMED --add-opens=java.prefs/java.util.prefs=ALL-UNNAMED -Xmx2048m -Dfile.encoding=UTF-8 -Duser.country=IN -Duser.language=en -Duser.variant 
java_command: org.gradle.launcher.daemon.bootstrap.GradleDaemon 6.7.1
java_class_path (initial): C:\Users\Dark Knight\.gradle\wrapper\dists\gradle-6.7.1-bin\bwlcbys1h7rz3272sye1xwiv6\gradle-6.7.1\lib\gradle-launcher-6.7.1.jar
Launcher Type: SUN_STANDARD

[Global flags]
     intx CICompilerCount                          = 4                                         {product} {ergonomic}
     uint ConcGCThreads                            = 2                                         {product} {ergonomic}
     uint G1ConcRefinementThreads                  = 8                                         {product} {ergonomic}
   size_t G1HeapRegionSize                         = 1048576                                   {product} {ergonomic}
    uintx GCDrainStackTargetSize                   = 64                                        {product} {ergonomic}
   size_t InitialHeapSize                          = 134217728                                 {product} {ergonomic}
   size_t MarkStackSize                            = 4194304                                   {product} {ergonomic}
   size_t MaxHeapSize                              = 2147483648                                {product} {command line}
   size_t MaxNewSize                               = 1287651328                                {product} {ergonomic}
   size_t MinHeapDeltaBytes                        = 1048576                                   {product} {ergonomic}
    uintx NonNMethodCodeHeapSize                   = 5836300                                {pd product} {ergonomic}
    uintx NonProfiledCodeHeapSize                  = 122910970                              {pd product} {ergonomic}
    uintx ProfiledCodeHeapSize                     = 122910970                              {pd product} {ergonomic}
    uintx ReservedCodeCacheSize                    = 251658240                              {pd product} {ergonomic}
     bool SegmentedCodeCache                       = true                                      {product} {ergonomic}
     bool UseCompressedClassPointers               = true                                 {lp64_product} {ergonomic}
     bool UseCompressedOops                        = true                                 {lp64_product} {ergonomic}
     bool UseG1GC                                  = true                                      {product} {ergonomic}
     bool UseLargePagesIndividualAllocation        = false                                  {pd product} {ergonomic}

Logging:
Log output configuration:
 #0: stdout all=warning uptime,level,tags
 #1: stderr all=off uptime,level,tags

Environment Variables:
PATH=C:\Windows\system32;C:\Windows;C:\Windows\System32\Wbem;C:\Windows\System32\WindowsPowerShell\v1.0\;C:\Windows\System32\OpenSSH\;C:\Program Files (x86)\NVIDIA Corporation\PhysX\Common;C:\Program Files\NVIDIA Corporation\NVIDIA NvDLISR;C:\WINDOWS\system32;C:\WINDOWS;C:\WINDOWS\System32\Wbem;C:\WINDOWS\System32\WindowsPowerShell\v1.0\;C:\WINDOWS\System32\OpenSSH\;C:\MinGW\bin;C:\Program Files\MEGA-X;C:\WINDOWS\system32;C:\WINDOWS;C:\WINDOWS\System32\Wbem;C:\WINDOWS\System32\WindowsPowerShell\v1.0\;C:\WINDOWS\System32\OpenSSH\;C:\Program Files\Git\cmd;C:\Users\Dark Knight\AppData\Local\Microsoft\WindowsApps;C:\Users\Dark Knight\AppData\Local\atom\bin;C:\MinGW\bin;C:\Program Files (x86)\Microsoft Visual Studio\2019\BuildTools\MSBuild\Current\Bin;C:\Users\Dark Knight\AppData\Local\Microsoft\WindowsApps
USERNAME=Dark Knight
OS=Windows_NT
PROCESSOR_IDENTIFIER=Intel64 Family 6 Model 158 Stepping 10, GenuineIntel



---------------  S Y S T E M  ---------------

OS: Windows 10 , 64 bit Build 19041 (10.0.19041.1348)
OS uptime: 4 days 13:10 hours

CPU:total 8 (initial active 8) (4 cores per cpu, 2 threads per core) family 6 model 158 stepping 10, cmov, cx8, fxsr, mmx, sse, sse2, sse3, ssse3, sse4.1, sse4.2, popcnt, avx, avx2, aes, clmul, erms, 3dnowpref, lzcnt, ht, tsc, tscinvbit, bmi1, bmi2, adx, fma

Memory: 4k page, system-wide physical 8072M (521M free)
TotalPageFile size 12168M (AvailPageFile size 30M)
current process WorkingSet (physical memory assigned to process): 516M, peak: 519M
current process commit charge ("private bytes"): 558M, peak: 707M

vm_info: OpenJDK 64-Bit Server VM (11.0.8+10-b944.6842174) for windows-amd64 JRE (11.0.8+10-b944.6842174), built on Sep 19 2020 01:11:42 by "builder" with MS VC++ 14.0 (VS2015)

END.
