#
# There is insufficient memory for the Java Runtime Environment to continue.
# Native memory allocation (mmap) failed to map 35651584 bytes for Failed to commit area from 0x0000000089c00000 to 0x000000008be00000 of length 35651584.
# Possible reasons:
#   The system is out of physical RAM or swap space
#   The process is running with CompressedOops enabled, and the Java Heap may be blocking the growth of the native heap
# Possible solutions:
#   Reduce memory load on the system
#   Increase physical memory or swap space
#   Check if swap backing store is full
#   Decrease Java heap size (-Xmx/-Xms)
#   Decrease number of Java threads
#   Decrease Java thread stack sizes (-Xss)
#   Set larger code cache with -XX:ReservedCodeCacheSize=
#   JVM is running with Unscaled Compressed Oops mode in which the Java heap is
#     placed in the first 4GB address space. The Java Heap base address is the
#     maximum limit for the native heap growth. Please use -XX:HeapBaseMinAddress
#     to set the Java Heap base and to place the Java Heap above 4GB virtual address.
# This output file may be truncated or incomplete.
#
#  Out of Memory Error (./src/hotspot/os/windows/os_windows.cpp:3303), pid=17576, tid=31368
#
# JRE version: OpenJDK Runtime Environment (11.0.8+10) (build 11.0.8+10-b944.6842174)
# Java VM: OpenJDK 64-Bit Server VM (11.0.8+10-b944.6842174, mixed mode, tiered, compressed oops, g1 gc, windows-amd64)
# No core dump will be written. Minidumps are not enabled by default on client versions of Windows
#

---------------  S U M M A R Y ------------

Command Line: org.jetbrains.kotlin.cli.jvm.K2JVMCompiler @C:\Android Projects\Udemy TUTORIAL\app\build\20211226_2807751122352018520.compiler.options

Host: Intel(R) Core(TM) i5-9300H CPU @ 2.40GHz, 8 cores, 7G,  Windows 10 , 64 bit Build 19041 (10.0.19041.1348)
Time: Sun Dec 26 19:41:20 2021 India Standard Time elapsed time: 5 seconds (0d 0h 0m 5s)

---------------  T H R E A D  ---------------

Current thread (0x000001d5ac953000):  VMThread "VM Thread" [stack: 0x0000006de8f00000,0x0000006de9000000] [id=31368]

Stack: [0x0000006de8f00000,0x0000006de9000000]
[error occurred during error reporting (printing stack bounds), id 0xc0000005, EXCEPTION_ACCESS_VIOLATION (0xc0000005) at pc=0x000001d5958b0dad]

Native frames: (J=compiled Java code, j=interpreted, Vv=VM code, C=native code)
V  [jvm.dll+0x5de50a]
V  [jvm.dll+0x7122f5]
V  [jvm.dll+0x71384d]
V  [jvm.dll+0x713e65]
V  [jvm.dll+0x713e1b]
V  [jvm.dll+0x5dd958]
V  [jvm.dll+0x5de0f8]
C  [ntdll.dll+0xa20cf]
C  [ntdll.dll+0x51454]
C  [ntdll.dll+0xa0bfe]
C  0x000001d5958b0dad

VM_Operation (0x0000006de89fb8f0): G1CollectForAllocation, mode: safepoint, requested by thread 0x000001d591f2c000


---------------  P R O C E S S  ---------------

Threads class SMR info:
_java_thread_list=0x000001d5ae9bcb20, length=12, elements={
0x000001d591f2c000, 0x000001d5ac955800, 0x000001d5ac959000, 0x000001d5ad175000,
0x000001d5ad176000, 0x000001d5ad178000, 0x000001d5ad17b800, 0x000001d5ad1c2800,
0x000001d5ad328000, 0x000001d5ad34d000, 0x000001d5b3222000, 0x000001d5b02fc800
}

Java Threads: ( => current thread )
  0x000001d591f2c000 JavaThread "main" [_thread_blocked, id=29672, stack(0x0000006de8900000,0x0000006de8a00000)]
  0x000001d5ac955800 JavaThread "Reference Handler" daemon [_thread_blocked, id=14436, stack(0x0000006de9000000,0x0000006de9100000)]
  0x000001d5ac959000 JavaThread "Finalizer" daemon [_thread_blocked, id=8372, stack(0x0000006de9100000,0x0000006de9200000)]
  0x000001d5ad175000 JavaThread "Signal Dispatcher" daemon [_thread_blocked, id=29632, stack(0x0000006de9200000,0x0000006de9300000)]
  0x000001d5ad176000 JavaThread "Attach Listener" daemon [_thread_blocked, id=16572, stack(0x0000006de9300000,0x0000006de9400000)]
  0x000001d5ad178000 JavaThread "C2 CompilerThread0" daemon [_thread_in_native, id=27600, stack(0x0000006de9400000,0x0000006de9500000)]
  0x000001d5ad17b800 JavaThread "C1 CompilerThread0" daemon [_thread_blocked, id=33624, stack(0x0000006de9500000,0x0000006de9600000)]
  0x000001d5ad1c2800 JavaThread "Sweeper thread" daemon [_thread_blocked, id=28668, stack(0x0000006de9600000,0x0000006de9700000)]
  0x000001d5ad328000 JavaThread "Service Thread" daemon [_thread_blocked, id=9320, stack(0x0000006de9700000,0x0000006de9800000)]
  0x000001d5ad34d000 JavaThread "Common-Cleaner" daemon [_thread_blocked, id=21164, stack(0x0000006de9900000,0x0000006de9a00000)]
  0x000001d5b3222000 JavaThread "C2 CompilerThread1" daemon [_thread_in_native, id=20256, stack(0x0000006de9d00000,0x0000006de9e00000)]
  0x000001d5b02fc800 JavaThread "C2 CompilerThread2" daemon [_thread_blocked, id=31020, stack(0x0000006de9e00000,0x0000006de9f00000)]

Other Threads:
=>0x000001d5ac953000 VMThread "VM Thread" [stack: 0x0000006de8f00000,0x0000006de9000000] [id=31368]
  0x000001d5ad349000 WatcherThread [stack: 0x0000006de9800000,0x0000006de9900000] [id=34644]
  0x000001d591f43800 GCTaskThread "GC Thread#0" [stack: 0x0000006de8a00000,0x0000006de8b00000] [id=34420]
  0x000001d5ada4f000 GCTaskThread "GC Thread#1" [stack: 0x0000006de9b00000,0x0000006de9c00000] [id=32716]
  0x000001d5ada46000 GCTaskThread "GC Thread#2" [stack: 0x0000006de9c00000,0x0000006de9d00000] [id=34068]
  0x000001d591f73000 ConcurrentGCThread "G1 Main Marker" [stack: 0x0000006de8b00000,0x0000006de8c00000] [id=32612]
  0x000001d591f74000 ConcurrentGCThread "G1 Conc#0" [stack: 0x0000006de8c00000,0x0000006de8d00000] [id=33052]
  0x000001d5ada7a000 ConcurrentGCThread "G1 Conc#1" [stack: 0x0000006de9a00000,0x0000006de9b00000] [id=31716]
  0x000001d5ac792800 ConcurrentGCThread "G1 Refine#0" [stack: 0x0000006de8d00000,0x0000006de8e00000] [id=13748]
  0x000001d5ae72b800 ConcurrentGCThread "G1 Refine#1" [stack: 0x0000006de9f00000,0x0000006dea000000] [id=31416]
  0x000001d5ac794000 ConcurrentGCThread "G1 Young RemSet Sampling" [stack: 0x0000006de8e00000,0x0000006de8f00000] [id=23480]

Threads with active compile tasks:
C2 CompilerThread0   5715 2926       4       jdk.internal.loader.ClassLoaders$AppClassLoader::loadClass (40 bytes)
C2 CompilerThread1   5715 2817       4       java.lang.ClassLoader::loadClass (7 bytes)
C2 CompilerThread2   5715 3278       4       org.jetbrains.kotlin.parsing.AbstractKotlinParsing::at (114 bytes)

VM state:at safepoint (normal execution)

VM Mutex/Monitor currently owned by a thread:  ([mutex/lock_event])
[0x000001d591f27ee0] Threads_lock - owner thread: 0x000001d5ac953000
[0x000001d591f28000] Heap_lock - owner thread: 0x000001d591f2c000

Heap address: 0x0000000081c00000, size: 2020 MB, Compressed Oops mode: 32-bit
Narrow klass base: 0x0000000000000000, Narrow klass shift: 3
Compressed class space size: 1073741824 Address: 0x0000000100000000

Heap:
 garbage-first heap   total 165888K, used 25189K [0x0000000081c00000, 0x0000000100000000)
  region size 1024K, 5 young (5120K), 5 survivors (5120K)
 Metaspace       used 45299K, capacity 45922K, committed 45980K, reserved 1089536K
  class space    used 5378K, capacity 5616K, committed 5632K, reserved 1048576K
Heap Regions: E=young(eden), S=young(survivor), O=old, HS=humongous(starts), HC=humongous(continues), CS=collection set, F=free, A=archive, TAMS=top-at-mark-start (previous, next)
|   0|0x0000000081c00000, 0x0000000081d00000, 0x0000000081d00000|100%|HS|  |TAMS 0x0000000081d00000, 0x0000000081c00000| Complete 
|   1|0x0000000081d00000, 0x0000000081e00000, 0x0000000081e00000|100%|HC|  |TAMS 0x0000000081e00000, 0x0000000081d00000| Complete 
|   2|0x0000000081e00000, 0x0000000081f00000, 0x0000000081f00000|100%|HC|  |TAMS 0x0000000081f00000, 0x0000000081e00000| Complete 
|   3|0x0000000081f00000, 0x0000000082000000, 0x0000000082000000|100%|HS|  |TAMS 0x0000000082000000, 0x0000000081f00000| Complete 
|   4|0x0000000082000000, 0x0000000082100000, 0x0000000082100000|100%|HC|  |TAMS 0x0000000082100000, 0x0000000082000000| Complete 
|   5|0x0000000082100000, 0x0000000082200000, 0x0000000082200000|100%|HC|  |TAMS 0x0000000082200000, 0x0000000082100000| Complete 
|   6|0x0000000082200000, 0x0000000082300000, 0x0000000082300000|100%|HS|  |TAMS 0x0000000082300000, 0x0000000082200000| Complete 
|   7|0x0000000082300000, 0x0000000082400000, 0x0000000082400000|100%|HC|  |TAMS 0x0000000082400000, 0x0000000082300000| Complete 
|   8|0x0000000082400000, 0x0000000082500000, 0x0000000082500000|100%| O|  |TAMS 0x0000000082500000, 0x0000000082400000| Untracked 
|   9|0x0000000082500000, 0x0000000082600000, 0x0000000082600000|100%| O|  |TAMS 0x0000000082600000, 0x0000000082500000| Untracked 
|  10|0x0000000082600000, 0x0000000082700000, 0x0000000082700000|100%| O|  |TAMS 0x0000000082700000, 0x0000000082600000| Untracked 
|  11|0x0000000082700000, 0x0000000082800000, 0x0000000082800000|100%| O|  |TAMS 0x0000000082800000, 0x0000000082700000| Untracked 
|  12|0x0000000082800000, 0x0000000082900000, 0x0000000082900000|100%| O|  |TAMS 0x0000000082900000, 0x0000000082800000| Untracked 
|  13|0x0000000082900000, 0x0000000082a00000, 0x0000000082a00000|100%| O|  |TAMS 0x0000000082a00000, 0x0000000082900000| Untracked 
|  14|0x0000000082a00000, 0x0000000082b00000, 0x0000000082b00000|100%| O|  |TAMS 0x0000000082b00000, 0x0000000082a00000| Untracked 
|  15|0x0000000082b00000, 0x0000000082c00000, 0x0000000082c00000|100%| O|  |TAMS 0x0000000082c00000, 0x0000000082b00000| Untracked 
|  16|0x0000000082c00000, 0x0000000082d00000, 0x0000000082d00000|100%| O|  |TAMS 0x0000000082d00000, 0x0000000082c00000| Untracked 
|  17|0x0000000082d00000, 0x0000000082e00000, 0x0000000082e00000|100%| O|  |TAMS 0x0000000082e00000, 0x0000000082d00000| Untracked 
|  18|0x0000000082e00000, 0x0000000082f00000, 0x0000000082f00000|100%| O|  |TAMS 0x0000000082f00000, 0x0000000082e00000| Untracked 
|  19|0x0000000082f00000, 0x0000000082fc6800, 0x0000000083000000| 77%| O|  |TAMS 0x0000000082fc6800, 0x0000000082f00000| Untracked 
|  20|0x0000000083000000, 0x0000000083000000, 0x0000000083100000|  0%| F|  |TAMS 0x0000000083000000, 0x0000000083000000| Untracked 
|  21|0x0000000083100000, 0x0000000083100000, 0x0000000083200000|  0%| F|  |TAMS 0x0000000083100000, 0x0000000083100000| Untracked 
|  22|0x0000000083200000, 0x0000000083200000, 0x0000000083300000|  0%| F|  |TAMS 0x0000000083200000, 0x0000000083200000| Untracked 
|  23|0x0000000083300000, 0x0000000083300000, 0x0000000083400000|  0%| F|  |TAMS 0x0000000083300000, 0x0000000083300000| Untracked 
|  24|0x0000000083400000, 0x0000000083400000, 0x0000000083500000|  0%| F|  |TAMS 0x0000000083400000, 0x0000000083400000| Untracked 
|  25|0x0000000083500000, 0x0000000083500000, 0x0000000083600000|  0%| F|  |TAMS 0x0000000083500000, 0x0000000083500000| Untracked 
|  26|0x0000000083600000, 0x0000000083600000, 0x0000000083700000|  0%| F|  |TAMS 0x0000000083600000, 0x0000000083600000| Untracked 
|  27|0x0000000083700000, 0x0000000083700000, 0x0000000083800000|  0%| F|  |TAMS 0x0000000083700000, 0x0000000083700000| Untracked 
|  28|0x0000000083800000, 0x0000000083800000, 0x0000000083900000|  0%| F|  |TAMS 0x0000000083800000, 0x0000000083800000| Untracked 
|  29|0x0000000083900000, 0x0000000083900000, 0x0000000083a00000|  0%| F|  |TAMS 0x0000000083900000, 0x0000000083900000| Untracked 
|  30|0x0000000083a00000, 0x0000000083a00000, 0x0000000083b00000|  0%| F|  |TAMS 0x0000000083a00000, 0x0000000083a00000| Untracked 
|  31|0x0000000083b00000, 0x0000000083b00000, 0x0000000083c00000|  0%| F|  |TAMS 0x0000000083b00000, 0x0000000083b00000| Untracked 
|  32|0x0000000083c00000, 0x0000000083c00000, 0x0000000083d00000|  0%| F|  |TAMS 0x0000000083c00000, 0x0000000083c00000| Untracked 
|  33|0x0000000083d00000, 0x0000000083d00000, 0x0000000083e00000|  0%| F|  |TAMS 0x0000000083d00000, 0x0000000083d00000| Untracked 
|  34|0x0000000083e00000, 0x0000000083e00000, 0x0000000083f00000|  0%| F|  |TAMS 0x0000000083e00000, 0x0000000083e00000| Untracked 
|  35|0x0000000083f00000, 0x0000000083f00000, 0x0000000084000000|  0%| F|  |TAMS 0x0000000083f00000, 0x0000000083f00000| Untracked 
|  36|0x0000000084000000, 0x0000000084000000, 0x0000000084100000|  0%| F|  |TAMS 0x0000000084000000, 0x0000000084000000| Untracked 
|  37|0x0000000084100000, 0x0000000084100000, 0x0000000084200000|  0%| F|  |TAMS 0x0000000084100000, 0x0000000084100000| Untracked 
|  38|0x0000000084200000, 0x0000000084200000, 0x0000000084300000|  0%| F|  |TAMS 0x0000000084200000, 0x0000000084200000| Untracked 
|  39|0x0000000084300000, 0x0000000084300000, 0x0000000084400000|  0%| F|  |TAMS 0x0000000084300000, 0x0000000084300000| Untracked 
|  40|0x0000000084400000, 0x0000000084400000, 0x0000000084500000|  0%| F|  |TAMS 0x0000000084400000, 0x0000000084400000| Untracked 
|  41|0x0000000084500000, 0x0000000084500000, 0x0000000084600000|  0%| F|  |TAMS 0x0000000084500000, 0x0000000084500000| Untracked 
|  42|0x0000000084600000, 0x0000000084600000, 0x0000000084700000|  0%| F|  |TAMS 0x0000000084600000, 0x0000000084600000| Untracked 
|  43|0x0000000084700000, 0x0000000084700000, 0x0000000084800000|  0%| F|  |TAMS 0x0000000084700000, 0x0000000084700000| Untracked 
|  44|0x0000000084800000, 0x0000000084800000, 0x0000000084900000|  0%| F|  |TAMS 0x0000000084800000, 0x0000000084800000| Untracked 
|  45|0x0000000084900000, 0x0000000084900000, 0x0000000084a00000|  0%| F|  |TAMS 0x0000000084900000, 0x0000000084900000| Untracked 
|  46|0x0000000084a00000, 0x0000000084a00000, 0x0000000084b00000|  0%| F|  |TAMS 0x0000000084a00000, 0x0000000084a00000| Untracked 
|  47|0x0000000084b00000, 0x0000000084b00000, 0x0000000084c00000|  0%| F|  |TAMS 0x0000000084b00000, 0x0000000084b00000| Untracked 
|  48|0x0000000084c00000, 0x0000000084c00000, 0x0000000084d00000|  0%| F|  |TAMS 0x0000000084c00000, 0x0000000084c00000| Untracked 
|  49|0x0000000084d00000, 0x0000000084d00000, 0x0000000084e00000|  0%| F|  |TAMS 0x0000000084d00000, 0x0000000084d00000| Untracked 
|  50|0x0000000084e00000, 0x0000000084e00000, 0x0000000084f00000|  0%| F|  |TAMS 0x0000000084e00000, 0x0000000084e00000| Untracked 
|  51|0x0000000084f00000, 0x0000000084f00000, 0x0000000085000000|  0%| F|  |TAMS 0x0000000084f00000, 0x0000000084f00000| Untracked 
|  52|0x0000000085000000, 0x0000000085000000, 0x0000000085100000|  0%| F|  |TAMS 0x0000000085000000, 0x0000000085000000| Untracked 
|  53|0x0000000085100000, 0x0000000085100000, 0x0000000085200000|  0%| F|  |TAMS 0x0000000085100000, 0x0000000085100000| Untracked 
|  54|0x0000000085200000, 0x0000000085200000, 0x0000000085300000|  0%| F|  |TAMS 0x0000000085200000, 0x0000000085200000| Untracked 
|  55|0x0000000085300000, 0x0000000085300000, 0x0000000085400000|  0%| F|  |TAMS 0x0000000085300000, 0x0000000085300000| Untracked 
|  56|0x0000000085400000, 0x0000000085400000, 0x0000000085500000|  0%| F|  |TAMS 0x0000000085400000, 0x0000000085400000| Untracked 
|  57|0x0000000085500000, 0x0000000085500000, 0x0000000085600000|  0%| F|  |TAMS 0x0000000085500000, 0x0000000085500000| Untracked 
|  58|0x0000000085600000, 0x0000000085600000, 0x0000000085700000|  0%| F|  |TAMS 0x0000000085600000, 0x0000000085600000| Untracked 
|  59|0x0000000085700000, 0x0000000085700000, 0x0000000085800000|  0%| F|  |TAMS 0x0000000085700000, 0x0000000085700000| Untracked 
|  60|0x0000000085800000, 0x0000000085800000, 0x0000000085900000|  0%| F|  |TAMS 0x0000000085800000, 0x0000000085800000| Untracked 
|  61|0x0000000085900000, 0x0000000085900000, 0x0000000085a00000|  0%| F|  |TAMS 0x0000000085900000, 0x0000000085900000| Untracked 
|  62|0x0000000085a00000, 0x0000000085a00000, 0x0000000085b00000|  0%| F|  |TAMS 0x0000000085a00000, 0x0000000085a00000| Untracked 
|  63|0x0000000085b00000, 0x0000000085b00000, 0x0000000085c00000|  0%| F|  |TAMS 0x0000000085b00000, 0x0000000085b00000| Untracked 
|  64|0x0000000085c00000, 0x0000000085c00000, 0x0000000085d00000|  0%| F|  |TAMS 0x0000000085c00000, 0x0000000085c00000| Untracked 
|  65|0x0000000085d00000, 0x0000000085d00000, 0x0000000085e00000|  0%| F|  |TAMS 0x0000000085d00000, 0x0000000085d00000| Untracked 
|  66|0x0000000085e00000, 0x0000000085e00000, 0x0000000085f00000|  0%| F|  |TAMS 0x0000000085e00000, 0x0000000085e00000| Untracked 
|  67|0x0000000085f00000, 0x0000000085f00000, 0x0000000086000000|  0%| F|  |TAMS 0x0000000085f00000, 0x0000000085f00000| Untracked 
|  68|0x0000000086000000, 0x0000000086000000, 0x0000000086100000|  0%| F|  |TAMS 0x0000000086000000, 0x0000000086000000| Untracked 
|  69|0x0000000086100000, 0x0000000086100000, 0x0000000086200000|  0%| F|  |TAMS 0x0000000086100000, 0x0000000086100000| Untracked 
|  70|0x0000000086200000, 0x0000000086200000, 0x0000000086300000|  0%| F|  |TAMS 0x0000000086200000, 0x0000000086200000| Untracked 
|  71|0x0000000086300000, 0x0000000086300000, 0x0000000086400000|  0%| F|  |TAMS 0x0000000086300000, 0x0000000086300000| Untracked 
|  72|0x0000000086400000, 0x0000000086400000, 0x0000000086500000|  0%| F|  |TAMS 0x0000000086400000, 0x0000000086400000| Untracked 
|  73|0x0000000086500000, 0x0000000086500000, 0x0000000086600000|  0%| F|  |TAMS 0x0000000086500000, 0x0000000086500000| Untracked 
|  74|0x0000000086600000, 0x0000000086600000, 0x0000000086700000|  0%| F|  |TAMS 0x0000000086600000, 0x0000000086600000| Untracked 
|  75|0x0000000086700000, 0x0000000086700000, 0x0000000086800000|  0%| F|  |TAMS 0x0000000086700000, 0x0000000086700000| Untracked 
|  76|0x0000000086800000, 0x00000000868d2ee8, 0x0000000086900000| 82%| S|CS|TAMS 0x0000000086800000, 0x0000000086800000| Complete 
|  77|0x0000000086900000, 0x0000000086a00000, 0x0000000086a00000|100%| S|CS|TAMS 0x0000000086900000, 0x0000000086900000| Complete 
|  78|0x0000000086a00000, 0x0000000086b00000, 0x0000000086b00000|100%| S|CS|TAMS 0x0000000086a00000, 0x0000000086a00000| Complete 
|  79|0x0000000086b00000, 0x0000000086c00000, 0x0000000086c00000|100%| S|CS|TAMS 0x0000000086b00000, 0x0000000086b00000| Complete 
|  80|0x0000000086c00000, 0x0000000086d00000, 0x0000000086d00000|100%| S|CS|TAMS 0x0000000086c00000, 0x0000000086c00000| Complete 
|  81|0x0000000086d00000, 0x0000000086d00000, 0x0000000086e00000|  0%| F|  |TAMS 0x0000000086d00000, 0x0000000086d00000| Untracked 
|  82|0x0000000086e00000, 0x0000000086e00000, 0x0000000086f00000|  0%| F|  |TAMS 0x0000000086e00000, 0x0000000086e00000| Untracked 
|  83|0x0000000086f00000, 0x0000000086f00000, 0x0000000087000000|  0%| F|  |TAMS 0x0000000086f00000, 0x0000000086f00000| Untracked 
|  84|0x0000000087000000, 0x0000000087000000, 0x0000000087100000|  0%| F|  |TAMS 0x0000000087000000, 0x0000000087000000| Untracked 
|  85|0x0000000087100000, 0x0000000087100000, 0x0000000087200000|  0%| F|  |TAMS 0x0000000087100000, 0x0000000087100000| Untracked 
|  86|0x0000000087200000, 0x0000000087200000, 0x0000000087300000|  0%| F|  |TAMS 0x0000000087200000, 0x0000000087200000| Untracked 
|  87|0x0000000087300000, 0x0000000087300000, 0x0000000087400000|  0%| F|  |TAMS 0x0000000087300000, 0x0000000087300000| Untracked 
|  88|0x0000000087400000, 0x0000000087400000, 0x0000000087500000|  0%| F|  |TAMS 0x0000000087400000, 0x0000000087400000| Untracked 
|  89|0x0000000087500000, 0x0000000087500000, 0x0000000087600000|  0%| F|  |TAMS 0x0000000087500000, 0x0000000087500000| Untracked 
|  90|0x0000000087600000, 0x0000000087600000, 0x0000000087700000|  0%| F|  |TAMS 0x0000000087600000, 0x0000000087600000| Untracked 
|  91|0x0000000087700000, 0x0000000087700000, 0x0000000087800000|  0%| F|  |TAMS 0x0000000087700000, 0x0000000087700000| Untracked 
|  92|0x0000000087800000, 0x0000000087800000, 0x0000000087900000|  0%| F|  |TAMS 0x0000000087800000, 0x0000000087800000| Untracked 
|  93|0x0000000087900000, 0x0000000087900000, 0x0000000087a00000|  0%| F|  |TAMS 0x0000000087900000, 0x0000000087900000| Untracked 
|  94|0x0000000087a00000, 0x0000000087a00000, 0x0000000087b00000|  0%| F|  |TAMS 0x0000000087a00000, 0x0000000087a00000| Untracked 
|  95|0x0000000087b00000, 0x0000000087b00000, 0x0000000087c00000|  0%| F|  |TAMS 0x0000000087b00000, 0x0000000087b00000| Untracked 
|  96|0x0000000087c00000, 0x0000000087c00000, 0x0000000087d00000|  0%| F|  |TAMS 0x0000000087c00000, 0x0000000087c00000| Untracked 
|  97|0x0000000087d00000, 0x0000000087d00000, 0x0000000087e00000|  0%| F|  |TAMS 0x0000000087d00000, 0x0000000087d00000| Untracked 
|  98|0x0000000087e00000, 0x0000000087e00000, 0x0000000087f00000|  0%| F|  |TAMS 0x0000000087e00000, 0x0000000087e00000| Untracked 
|  99|0x0000000087f00000, 0x0000000087f00000, 0x0000000088000000|  0%| F|  |TAMS 0x0000000087f00000, 0x0000000087f00000| Untracked 
| 100|0x0000000088000000, 0x0000000088000000, 0x0000000088100000|  0%| F|  |TAMS 0x0000000088000000, 0x0000000088000000| Untracked 
| 101|0x0000000088100000, 0x0000000088100000, 0x0000000088200000|  0%| F|  |TAMS 0x0000000088100000, 0x0000000088100000| Untracked 
| 102|0x0000000088200000, 0x0000000088200000, 0x0000000088300000|  0%| F|  |TAMS 0x0000000088200000, 0x0000000088200000| Untracked 
| 103|0x0000000088300000, 0x0000000088300000, 0x0000000088400000|  0%| F|  |TAMS 0x0000000088300000, 0x0000000088300000| Untracked 
| 104|0x0000000088400000, 0x0000000088400000, 0x0000000088500000|  0%| F|  |TAMS 0x0000000088400000, 0x0000000088400000| Untracked 
| 105|0x0000000088500000, 0x0000000088500000, 0x0000000088600000|  0%| F|  |TAMS 0x0000000088500000, 0x0000000088500000| Untracked 
| 106|0x0000000088600000, 0x0000000088600000, 0x0000000088700000|  0%| F|  |TAMS 0x0000000088600000, 0x0000000088600000| Untracked 
| 107|0x0000000088700000, 0x0000000088700000, 0x0000000088800000|  0%| F|  |TAMS 0x0000000088700000, 0x0000000088700000| Untracked 
| 108|0x0000000088800000, 0x0000000088800000, 0x0000000088900000|  0%| F|  |TAMS 0x0000000088800000, 0x0000000088800000| Untracked 
| 109|0x0000000088900000, 0x0000000088900000, 0x0000000088a00000|  0%| F|  |TAMS 0x0000000088900000, 0x0000000088900000| Untracked 
| 110|0x0000000088a00000, 0x0000000088a00000, 0x0000000088b00000|  0%| F|  |TAMS 0x0000000088a00000, 0x0000000088a00000| Untracked 
| 111|0x0000000088b00000, 0x0000000088b00000, 0x0000000088c00000|  0%| F|  |TAMS 0x0000000088b00000, 0x0000000088b00000| Untracked 
| 112|0x0000000088c00000, 0x0000000088c00000, 0x0000000088d00000|  0%| F|  |TAMS 0x0000000088c00000, 0x0000000088c00000| Untracked 
| 113|0x0000000088d00000, 0x0000000088d00000, 0x0000000088e00000|  0%| F|  |TAMS 0x0000000088d00000, 0x0000000088d00000| Untracked 
| 114|0x0000000088e00000, 0x0000000088e00000, 0x0000000088f00000|  0%| F|  |TAMS 0x0000000088e00000, 0x0000000088e00000| Untracked 
| 115|0x0000000088f00000, 0x0000000088f00000, 0x0000000089000000|  0%| F|  |TAMS 0x0000000088f00000, 0x0000000088f00000| Untracked 
| 116|0x0000000089000000, 0x0000000089000000, 0x0000000089100000|  0%| F|  |TAMS 0x0000000089000000, 0x0000000089000000| Untracked 
| 117|0x0000000089100000, 0x0000000089100000, 0x0000000089200000|  0%| F|  |TAMS 0x0000000089100000, 0x0000000089100000| Untracked 
| 118|0x0000000089200000, 0x0000000089200000, 0x0000000089300000|  0%| F|  |TAMS 0x0000000089200000, 0x0000000089200000| Untracked 
| 119|0x0000000089300000, 0x0000000089300000, 0x0000000089400000|  0%| F|  |TAMS 0x0000000089300000, 0x0000000089300000| Untracked 
| 120|0x0000000089400000, 0x0000000089400000, 0x0000000089500000|  0%| F|  |TAMS 0x0000000089400000, 0x0000000089400000| Untracked 
| 121|0x0000000089500000, 0x0000000089500000, 0x0000000089600000|  0%| F|  |TAMS 0x0000000089500000, 0x0000000089500000| Untracked 
| 122|0x0000000089600000, 0x0000000089600000, 0x0000000089700000|  0%| F|  |TAMS 0x0000000089600000, 0x0000000089600000| Untracked 
| 123|0x0000000089700000, 0x0000000089700000, 0x0000000089800000|  0%| F|  |TAMS 0x0000000089700000, 0x0000000089700000| Untracked 
| 124|0x0000000089800000, 0x0000000089800000, 0x0000000089900000|  0%| F|  |TAMS 0x0000000089800000, 0x0000000089800000| Untracked 
| 125|0x0000000089900000, 0x0000000089900000, 0x0000000089a00000|  0%| F|  |TAMS 0x0000000089900000, 0x0000000089900000| Untracked 
| 126|0x0000000089a00000, 0x0000000089a00000, 0x0000000089b00000|  0%| F|  |TAMS 0x0000000089a00000, 0x0000000089a00000| Untracked 
| 127|0x0000000089b00000, 0x0000000089b00000, 0x0000000089c00000|  0%| F|  |TAMS 0x0000000089b00000, 0x0000000089b00000| Untracked 

Card table byte_map: [0x000001d5a5730000,0x000001d5a5b30000] _byte_map_base: 0x000001d5a5322000

Marking Bits (Prev, Next): (CMBitMap*) 0x000001d591f6a0b8, (CMBitMap*) 0x000001d591f6a0f0
 Prev Bits: [0x000001d5a5f30000, 0x000001d5a7ec0000)
 Next Bits: [0x000001d5a7ec0000, 0x000001d5a9e50000)

Polling page: 0x000001d590650000

Metaspace:

Usage:
  Non-class:     39.36 MB capacity,    38.99 MB (>99%) used,   314.15 KB ( <1%) free+waste,    70.44 KB ( <1%) overhead. 
      Class:      5.48 MB capacity,     5.25 MB ( 96%) used,   206.23 KB (  4%) free+waste,    31.56 KB ( <1%) overhead. 
       Both:     44.85 MB capacity,    44.24 MB ( 99%) used,   520.38 KB (  1%) free+waste,   102.00 KB ( <1%) overhead. 

Virtual space:
  Non-class space:       40.00 MB reserved,      39.40 MB ( 99%) committed 
      Class space:        1.00 GB reserved,       5.50 MB ( <1%) committed 
             Both:        1.04 GB reserved,      44.90 MB (  4%) committed 

Chunk freelists:
   Non-Class:  42.00 KB
       Class:  16.00 KB
        Both:  58.00 KB

MaxMetaspaceSize: 17179869184.00 GB
CompressedClassSpaceSize: 1.00 GB

CodeHeap 'non-profiled nmethods': size=120000Kb used=1256Kb max_used=1256Kb free=118743Kb
 bounds [0x000001d59d380000, 0x000001d59d5f0000, 0x000001d5a48b0000]
CodeHeap 'profiled nmethods': size=120000Kb used=6691Kb max_used=6691Kb free=113308Kb
 bounds [0x000001d595e50000, 0x000001d5964e0000, 0x000001d59d380000]
CodeHeap 'non-nmethods': size=5760Kb used=1188Kb max_used=1242Kb free=4571Kb
 bounds [0x000001d5958b0000, 0x000001d595b20000, 0x000001d595e50000]
 total_blobs=3907 nmethods=3364 adapters=454
 compilation: enabled
              stopped_count=0, restarted_count=0
 full_count=0

Compilation events (20 events):
Event: 5.605 Thread 0x000001d5ad17b800 3377       1       org.jetbrains.kotlin.com.intellij.openapi.progress.impl.NonCancelableIndicator$1::hashCode (2 bytes)
Event: 5.605 Thread 0x000001d5ad17b800 nmethod 3377 0x000001d59d4b9190 code [0x000001d59d4b9340, 0x000001d59d4b93f8]
Event: 5.605 Thread 0x000001d5ad17b800 3375       1       org.jetbrains.kotlin.it.unimi.dsi.fastutil.objects.ObjectArrayList::elements (5 bytes)
Event: 5.606 Thread 0x000001d5ad17b800 nmethod 3375 0x000001d59d4b9490 code [0x000001d59d4b9640, 0x000001d59d4b96f8]
Event: 5.606 Thread 0x000001d5ad17b800 3384       1       org.jetbrains.kotlin.name.Name::isSpecial (5 bytes)
Event: 5.606 Thread 0x000001d5ad17b800 nmethod 3384 0x000001d59d4b9790 code [0x000001d59d4b9940, 0x000001d59d4b99f8]
Event: 5.607 Thread 0x000001d5ad17b800 3391       2       org.jetbrains.kotlin.psi.KtDeclarationStub::<init> (25 bytes)
Event: 5.607 Thread 0x000001d5ad17b800 nmethod 3391 0x000001d5964d7090 code [0x000001d5964d7260, 0x000001d5964d7488]
Event: 5.607 Thread 0x000001d5ad17b800 3392       2       org.jetbrains.kotlin.psi.KtNamedDeclarationStub::<init> (14 bytes)
Event: 5.608 Thread 0x000001d5ad17b800 nmethod 3392 0x000001d5964d7590 code [0x000001d5964d7780, 0x000001d5964d79d8]
Event: 5.617 Thread 0x000001d5ad17b800 3394       2       java.util.concurrent.TimeUnit::toNanos (45 bytes)
Event: 5.617 Thread 0x000001d5ad17b800 nmethod 3394 0x000001d5964d7b10 code [0x000001d5964d7cc0, 0x000001d5964d7e38]
Event: 5.617 Thread 0x000001d5ad17b800 3393       2       java.util.concurrent.locks.ReentrantLock::tryLock (14 bytes)
Event: 5.618 Thread 0x000001d5ad17b800 nmethod 3393 0x000001d5964d7f10 code [0x000001d5964d80e0, 0x000001d5964d8238]
Event: 5.622 Thread 0x000001d5ad17b800 3395       1       org.jetbrains.kotlin.com.intellij.psi.AbstractFileViewProvider::isPhysical (5 bytes)
Event: 5.623 Thread 0x000001d5ad17b800 nmethod 3395 0x000001d59d4b9a90 code [0x000001d59d4b9c40, 0x000001d59d4b9cf8]
Event: 5.631 Thread 0x000001d5ad17b800 3396       2       org.jetbrains.kotlin.com.intellij.openapi.vfs.local.CoreLocalVirtualFile::equals (41 bytes)
Event: 5.632 Thread 0x000001d5ad17b800 nmethod 3396 0x000001d5964d8390 code [0x000001d5964d8560, 0x000001d5964d87c8]
Event: 5.632 Thread 0x000001d5ad17b800 3397       2       java.util.concurrent.atomic.AtomicInteger::incrementAndGet (14 bytes)
Event: 5.632 Thread 0x000001d5ad17b800 nmethod 3397 0x000001d5964d8990 code [0x000001d5964d8b40, 0x000001d5964d8c58]

GC Heap History (9 events):
Event: 1.134 GC heap before
{Heap before GC invocations=0 (full 0):
 garbage-first heap   total 131072K, used 27648K [0x0000000081c00000, 0x0000000100000000)
  region size 1024K, 24 young (24576K), 0 survivors (0K)
 Metaspace       used 12333K, capacity 12501K, committed 12800K, reserved 1060864K
  class space    used 1163K, capacity 1206K, committed 1280K, reserved 1048576K
}
Event: 1.141 GC heap after
{Heap after GC invocations=1 (full 0):
 garbage-first heap   total 131072K, used 5888K [0x0000000081c00000, 0x0000000100000000)
  region size 1024K, 3 young (3072K), 3 survivors (3072K)
 Metaspace       used 12333K, capacity 12501K, committed 12800K, reserved 1060864K
  class space    used 1163K, capacity 1206K, committed 1280K, reserved 1048576K
}
Event: 2.067 GC heap before
{Heap before GC invocations=1 (full 0):
 garbage-first heap   total 131072K, used 41728K [0x0000000081c00000, 0x0000000100000000)
  region size 1024K, 39 young (39936K), 3 survivors (3072K)
 Metaspace       used 20963K, capacity 21222K, committed 21248K, reserved 1069056K
  class space    used 2224K, capacity 2293K, committed 2304K, reserved 1048576K
}
Event: 2.095 GC heap after
{Heap after GC invocations=2 (full 0):
 garbage-first heap   total 131072K, used 9129K [0x0000000081c00000, 0x0000000100000000)
  region size 1024K, 6 young (6144K), 6 survivors (6144K)
 Metaspace       used 20963K, capacity 21222K, committed 21248K, reserved 1069056K
  class space    used 2224K, capacity 2293K, committed 2304K, reserved 1048576K
}
Event: 3.541 GC heap before
{Heap before GC invocations=3 (full 0):
 garbage-first heap   total 131072K, used 61353K [0x0000000081c00000, 0x0000000100000000)
  region size 1024K, 52 young (53248K), 6 survivors (6144K)
 Metaspace       used 32597K, capacity 33125K, committed 33276K, reserved 1079296K
  class space    used 4081K, capacity 4296K, committed 4352K, reserved 1048576K
}
Event: 3.563 GC heap after
{Heap after GC invocations=4 (full 0):
 garbage-first heap   total 131072K, used 19997K [0x0000000081c00000, 0x0000000100000000)
  region size 1024K, 7 young (7168K), 7 survivors (7168K)
 Metaspace       used 32597K, capacity 33125K, committed 33276K, reserved 1079296K
  class space    used 4081K, capacity 4296K, committed 4352K, reserved 1048576K
}
Event: 3.950 GC heap before
{Heap before GC invocations=4 (full 0):
 garbage-first heap   total 131072K, used 33309K [0x0000000081c00000, 0x0000000100000000)
  region size 1024K, 21 young (21504K), 7 survivors (7168K)
 Metaspace       used 35414K, capacity 35920K, committed 36048K, reserved 1081344K
  class space    used 4402K, capacity 4588K, committed 4608K, reserved 1048576K
}
Event: 3.986 GC heap after
{Heap after GC invocations=5 (full 0):
 garbage-first heap   total 131072K, used 21700K [0x0000000081c00000, 0x0000000100000000)
  region size 1024K, 2 young (2048K), 2 survivors (2048K)
 Metaspace       used 35414K, capacity 35920K, committed 36048K, reserved 1081344K
  class space    used 4402K, capacity 4588K, committed 4608K, reserved 1048576K
}
Event: 5.641 GC heap before
{Heap before GC invocations=6 (full 0):
 garbage-first heap   total 131072K, used 67780K [0x0000000081c00000, 0x0000000100000000)
  region size 1024K, 47 young (48128K), 2 survivors (2048K)
 Metaspace       used 45299K, capacity 45922K, committed 45980K, reserved 1089536K
  class space    used 5378K, capacity 5616K, committed 5632K, reserved 1048576K
}

Deoptimization events (20 events):
Event: 5.576 Thread 0x000001d591f2c000 Uncommon trap: trap_request=0xffffffde fr.pc=0x000001d59d49fdcc relative=0x000000000000016c
Event: 5.576 Thread 0x000001d591f2c000 Uncommon trap: reason=class_check action=maybe_recompile pc=0x000001d59d49fdcc method=org.jetbrains.kotlin.com.intellij.lexer.FlexAdapter.locateToken()V @ 29 c2
Event: 5.576 Thread 0x000001d591f2c000 DEOPT PACKING pc=0x000001d59d49fdcc sp=0x0000006de89fbe60
Event: 5.576 Thread 0x000001d591f2c000 DEOPT UNPACKING pc=0x000001d5958d74af sp=0x0000006de89fbe08 mode 2
Event: 5.576 Thread 0x000001d591f2c000 Uncommon trap: trap_request=0xffffffde fr.pc=0x000001d59d49fdcc relative=0x000000000000016c
Event: 5.576 Thread 0x000001d591f2c000 Uncommon trap: reason=class_check action=maybe_recompile pc=0x000001d59d49fdcc method=org.jetbrains.kotlin.com.intellij.lexer.FlexAdapter.locateToken()V @ 29 c2
Event: 5.576 Thread 0x000001d591f2c000 DEOPT PACKING pc=0x000001d59d49fdcc sp=0x0000006de89fbe60
Event: 5.576 Thread 0x000001d591f2c000 DEOPT UNPACKING pc=0x000001d5958d74af sp=0x0000006de89fbe08 mode 2
Event: 5.576 Thread 0x000001d591f2c000 Uncommon trap: trap_request=0xffffffde fr.pc=0x000001d59d49fdcc relative=0x000000000000016c
Event: 5.576 Thread 0x000001d591f2c000 Uncommon trap: reason=class_check action=maybe_recompile pc=0x000001d59d49fdcc method=org.jetbrains.kotlin.com.intellij.lexer.FlexAdapter.locateToken()V @ 29 c2
Event: 5.576 Thread 0x000001d591f2c000 DEOPT PACKING pc=0x000001d59d49fdcc sp=0x0000006de89fbe60
Event: 5.576 Thread 0x000001d591f2c000 DEOPT UNPACKING pc=0x000001d5958d74af sp=0x0000006de89fbe08 mode 2
Event: 5.576 Thread 0x000001d591f2c000 Uncommon trap: trap_request=0xffffffde fr.pc=0x000001d59d49fdcc relative=0x000000000000016c
Event: 5.576 Thread 0x000001d591f2c000 Uncommon trap: reason=class_check action=maybe_recompile pc=0x000001d59d49fdcc method=org.jetbrains.kotlin.com.intellij.lexer.FlexAdapter.locateToken()V @ 29 c2
Event: 5.576 Thread 0x000001d591f2c000 DEOPT PACKING pc=0x000001d59d49fdcc sp=0x0000006de89fbe60
Event: 5.576 Thread 0x000001d591f2c000 DEOPT UNPACKING pc=0x000001d5958d74af sp=0x0000006de89fbe08 mode 2
Event: 5.594 Thread 0x000001d591f2c000 Uncommon trap: trap_request=0xffffff4d fr.pc=0x000001d59d4b3424 relative=0x0000000000000464
Event: 5.594 Thread 0x000001d591f2c000 Uncommon trap: reason=unstable_if action=reinterpret pc=0x000001d59d4b3424 method=org.jetbrains.kotlin.com.intellij.lang.impl.PsiBuilderImpl.skipWhitespace()V @ 51 c2
Event: 5.594 Thread 0x000001d591f2c000 DEOPT PACKING pc=0x000001d59d4b3424 sp=0x0000006de89fc120
Event: 5.594 Thread 0x000001d591f2c000 DEOPT UNPACKING pc=0x000001d5958d74af sp=0x0000006de89fc0d8 mode 2

Classes redefined (0 events):
No events

Internal exceptions (20 events):
Event: 1.974 Thread 0x000001d591f2c000 Exception <a 'java/lang/NoSuchMethodError'{0x00000000878c8bb0}: 'java.lang.Object java.lang.invoke.DirectMethodHandle$Holder.invokeStaticInit(java.lang.Object, int)'> (0x00000000878c8bb0) thrown at [./src/hotspot/share/interpreter/linkResolver.cpp, line 773]
Event: 2.040 Thread 0x000001d591f2c000 Exception <a 'java/lang/NoSuchMethodError'{0x0000000087689c10}: 'long java.lang.invoke.DirectMethodHandle$Holder.invokeStatic(java.lang.Object)'> (0x0000000087689c10) thrown at [./src/hotspot/share/interpreter/linkResolver.cpp, line 773]
Event: 2.041 Thread 0x000001d591f2c000 Exception <a 'java/lang/NoSuchMethodError'{0x000000008768ca68}: 'long java.lang.invoke.DirectMethodHandle$Holder.invokeStaticInit(java.lang.Object)'> (0x000000008768ca68) thrown at [./src/hotspot/share/interpreter/linkResolver.cpp, line 773]
Event: 2.199 Thread 0x000001d591f2c000 Exception <a 'java/lang/NoSuchMethodError'{0x00000000899f5458}: 'int java.lang.invoke.DirectMethodHandle$Holder.invokeStaticInit(java.lang.Object, java.lang.Object, java.lang.Object)'> (0x00000000899f5458) thrown at [./src/hotspot/share/interpreter/linkResolver.cpp, line 773]
Event: 2.206 Thread 0x000001d591f2c000 Exception <a 'java/lang/NoSuchMethodError'{0x0000000089821578}: 'int java.lang.invoke.DirectMethodHandle$Holder.invokeStaticInit(java.lang.Object, java.lang.Object)'> (0x0000000089821578) thrown at [./src/hotspot/share/interpreter/linkResolver.cpp, line 773]
Event: 2.281 Thread 0x000001d591f2c000 Exception <a 'java/lang/NoSuchMethodError'{0x0000000089634c78}: 'void java.lang.invoke.DirectMethodHandle$Holder.invokeSpecial(java.lang.Object, java.lang.Object)'> (0x0000000089634c78) thrown at [./src/hotspot/share/interpreter/linkResolver.cpp, line 773]
Event: 2.571 Thread 0x000001d591f2c000 Exception <a 'java/lang/NoSuchMethodError'{0x0000000088e5ae78}: 'java.lang.Object java.lang.invoke.DirectMethodHandle$Holder.invokeStatic(java.lang.Object, java.lang.Object, java.lang.Object, java.lang.Object, java.lang.Object, java.lang.Object, java.lang.Object, java.lang.Object, java.lang.Object, java.lang.Object, java.lang.Object, java.lang.Object, java.lang.Object, java.lang.Object, java.lang.Object)'> (0x0000000088e5ae78) thrown at [./src/hotspot/share/interpreter/linkResolver.cpp, line 773]
Event: 2.572 Thread 0x000001d591f2c000 Exception <a 'java/lang/NoSuchMethodError'{0x0000000088e68e80}: 'java.lang.Object java.lang.invoke.DirectMethodHandle$Holder.invokeStatic(java.lang.Object, java.lang.Object, java.lang.Object, java.lang.Object, java.lang.Object, java.lang.Object, java.lang.Object, java.lang.Object, java.lang.Object, java.lang.Object, java.lang.Object, java.lang.Object, java.lang.Object, java.lang.Object, java.lang.Object, java.lang.Object)'> (0x0000000088e68e80) thrown at [./src/hotspot/share/interpreter/linkResolver.cpp, l
Event: 2.574 Thread 0x000001d591f2c000 Exception <a 'java/lang/NoSuchMethodError'{0x0000000088e76d98}: 'java.lang.Object java.lang.invoke.DirectMethodHandle$Holder.invokeSpecial(java.lang.Object, java.lang.Object, int, int, java.lang.Object, java.lang.Object, java.lang.Object)'> (0x0000000088e76d98) thrown at [./src/hotspot/share/interpreter/linkResolver.cpp, line 773]
Event: 2.574 Thread 0x000001d591f2c000 Exception <a 'java/lang/NoSuchMethodError'{0x0000000088e7a5d0}: 'java.lang.Object java.lang.invoke.DelegatingMethodHandle$Holder.reinvoke_L(java.lang.Object, int, int, java.lang.Object, java.lang.Object, java.lang.Object)'> (0x0000000088e7a5d0) thrown at [./src/hotspot/share/interpreter/linkResolver.cpp, line 773]
Event: 2.575 Thread 0x000001d591f2c000 Exception <a 'java/lang/NoSuchMethodError'{0x0000000088e7e958}: 'java.lang.Object java.lang.invoke.DirectMethodHandle$Holder.invokeStatic(java.lang.Object, java.lang.Object, java.lang.Object, java.lang.Object, int)'> (0x0000000088e7e958) thrown at [./src/hotspot/share/interpreter/linkResolver.cpp, line 773]
Event: 2.641 Thread 0x000001d591f2c000 Exception <a 'java/lang/NoSuchMethodError'{0x0000000088da31c0}: 'void java.lang.invoke.DirectMethodHandle$Holder.invokeStatic(java.lang.Object, java.lang.Object, java.lang.Object, java.lang.Object)'> (0x0000000088da31c0) thrown at [./src/hotspot/share/interpreter/linkResolver.cpp, line 773]
Event: 2.743 Thread 0x000001d591f2c000 Exception <a 'java/lang/NoSuchMethodError'{0x0000000088983e88}: 'void java.lang.invoke.DirectMethodHandle$Holder.invokeStaticInit(java.lang.Object, java.lang.Object)'> (0x0000000088983e88) thrown at [./src/hotspot/share/interpreter/linkResolver.cpp, line 773]
Event: 2.911 Thread 0x000001d591f2c000 Exception <a 'java/lang/NoSuchMethodError'{0x000000008849e930}: 'void java.lang.invoke.DirectMethodHandle$Holder.invokeVirtual(java.lang.Object, java.lang.Object)'> (0x000000008849e930) thrown at [./src/hotspot/share/interpreter/linkResolver.cpp, line 773]
Event: 2.927 Thread 0x000001d591f2c000 Exception <a 'java/lang/NoSuchMethodError'{0x0000000088323f18}: 'int java.lang.invoke.DirectMethodHandle$Holder.invokeVirtual(java.lang.Object, java.lang.Object)'> (0x0000000088323f18) thrown at [./src/hotspot/share/interpreter/linkResolver.cpp, line 773]
Event: 3.817 Thread 0x000001d591f2c000 Exception <a 'java/lang/NoSuchMethodError'{0x00000000892c6ca0}: 'java.lang.Object java.lang.invoke.DirectMethodHandle$Holder.invokeVirtual(java.lang.Object, java.lang.Object, java.lang.Object)'> (0x00000000892c6ca0) thrown at [./src/hotspot/share/interpreter/linkResolver.cpp, line 773]
Event: 5.140 Thread 0x000001d591f2c000 Exception <a 'java/lang/NoSuchMethodError'{0x0000000087565f18}: 'java.lang.Object java.lang.invoke.Invokers$Holder.linkToTargetMethod(java.lang.Object, int, java.lang.Object)'> (0x0000000087565f18) thrown at [./src/hotspot/share/interpreter/linkResolver.cpp, line 773]
Event: 5.639 Thread 0x000001d591f2c000 Exception <a 'java/lang/NoSuchMethodError'{0x0000000086deda80}: 'java.lang.Object java.lang.invoke.DirectMethodHandle$Holder.invokeStatic(java.lang.Object, java.lang.Object, java.lang.Object, int)'> (0x0000000086deda80) thrown at [./src/hotspot/share/interpreter/linkResolver.cpp, line 773]
Event: 5.640 Thread 0x000001d591f2c000 Exception <a 'java/lang/NoSuchMethodError'{0x0000000086df16f0}: 'java.lang.Object java.lang.invoke.DirectMethodHandle$Holder.invokeSpecial(java.lang.Object, java.lang.Object, java.lang.Object, java.lang.Object, int)'> (0x0000000086df16f0) thrown at [./src/hotspot/share/interpreter/linkResolver.cpp, line 773]
Event: 5.640 Thread 0x000001d591f2c000 Exception <a 'java/lang/NoSuchMethodError'{0x0000000086df4a00}: 'java.lang.Object java.lang.invoke.Invokers$Holder.linkToTargetMethod(java.lang.Object, java.lang.Object, int, java.lang.Object)'> (0x0000000086df4a00) thrown at [./src/hotspot/share/interpreter/linkResolver.cpp, line 773]

Events (20 events):
Event: 5.637 loading class org/jetbrains/kotlin/resolve/lazy/descriptors/ClassResolutionScopesSupport$scopeForMemberDeclarationResolution$1 done
Event: 5.638 loading class org/jetbrains/kotlin/resolve/lazy/descriptors/ClassResolutionScopesSupport$scopeForStaticMemberDeclarationResolution$1
Event: 5.638 loading class org/jetbrains/kotlin/resolve/lazy/descriptors/ClassResolutionScopesSupport$scopeForStaticMemberDeclarationResolution$1 done
Event: 5.638 loading class org/jetbrains/kotlin/resolve/lazy/LazyClassContext
Event: 5.638 loading class org/jetbrains/kotlin/resolve/lazy/LazyClassContext done
Event: 5.638 loading class org/jetbrains/kotlin/resolve/lazy/descriptors/LazyClassDescriptor
Event: 5.638 loading class org/jetbrains/kotlin/resolve/lazy/descriptors/LazyClassDescriptor done
Event: 5.639 loading class org/jetbrains/kotlin/resolve/lazy/data/KtClassLikeInfo
Event: 5.639 loading class org/jetbrains/kotlin/resolve/lazy/data/KtClassLikeInfo done
Event: 5.639 loading class org/jetbrains/kotlin/resolve/lazy/descriptors/LazyClassDescriptor
Event: 5.639 loading class org/jetbrains/kotlin/resolve/lazy/descriptors/LazyClassDescriptor done
Event: 5.639 loading class org/jetbrains/kotlin/resolve/lazy/LazyClassContext
Event: 5.639 loading class org/jetbrains/kotlin/resolve/lazy/LazyClassContext done
Event: 5.639 loading class org/jetbrains/kotlin/resolve/lazy/descriptors/LazyClassDescriptor
Event: 5.639 loading class org/jetbrains/kotlin/resolve/lazy/descriptors/LazyClassDescriptor done
Event: 5.640 loading class org/jetbrains/kotlin/resolve/extensions/SyntheticResolveExtension$DefaultImpls
Event: 5.640 loading class org/jetbrains/kotlin/resolve/extensions/SyntheticResolveExtension$DefaultImpls done
Event: 5.641 loading class org/jetbrains/kotlin/storage/LockBasedLazyResolveStorageManager$LockProtectedContext$get$1
Event: 5.641 loading class org/jetbrains/kotlin/storage/LockBasedLazyResolveStorageManager$LockProtectedContext$get$1 done
Event: 5.641 Executing VM operation: G1CollectForAllocation


Dynamic libraries:
0x00007ff701850000 - 0x00007ff70185a000 	C:\Users\Dark Knight\Desktop\Android Studio\jre\bin\java.exe
0x00007ff9b2730000 - 0x00007ff9b2925000 	C:\WINDOWS\SYSTEM32\ntdll.dll
0x00007ff9b1dc0000 - 0x00007ff9b1e7e000 	C:\WINDOWS\System32\KERNEL32.DLL
0x00007ff9b0250000 - 0x00007ff9b0518000 	C:\WINDOWS\System32\KERNELBASE.dll
0x00007ff9b0150000 - 0x00007ff9b0250000 	C:\WINDOWS\System32\ucrtbase.dll
0x00007ff9838b0000 - 0x00007ff9838c9000 	C:\Users\Dark Knight\Desktop\Android Studio\jre\bin\jli.dll
0x00007ff9838d0000 - 0x00007ff9838e7000 	C:\Users\Dark Knight\Desktop\Android Studio\jre\bin\VCRUNTIME140.dll
0x00007ff9b09e0000 - 0x00007ff9b0b81000 	C:\WINDOWS\System32\USER32.dll
0x00007ff9affa0000 - 0x00007ff9affc2000 	C:\WINDOWS\System32\win32u.dll
0x00007ff9b2010000 - 0x00007ff9b203b000 	C:\WINDOWS\System32\GDI32.dll
0x00007ff99a6f0000 - 0x00007ff99a98a000 	C:\WINDOWS\WinSxS\amd64_microsoft.windows.common-controls_6595b64144ccf1df_6.0.19041.1110_none_60b5254171f9507e\COMCTL32.dll
0x00007ff9b0660000 - 0x00007ff9b076d000 	C:\WINDOWS\System32\gdi32full.dll
0x00007ff9b1300000 - 0x00007ff9b139e000 	C:\WINDOWS\System32\msvcrt.dll
0x00007ff9b0000000 - 0x00007ff9b009d000 	C:\WINDOWS\System32\msvcp_win.dll
0x00007ff9b2170000 - 0x00007ff9b21a0000 	C:\WINDOWS\System32\IMM32.DLL
0x00007ff983810000 - 0x00007ff9838ad000 	C:\Users\Dark Knight\Desktop\Android Studio\jre\bin\msvcp140.dll
0x00007ff93c270000 - 0x00007ff93cd2c000 	C:\Users\Dark Knight\Desktop\Android Studio\jre\bin\server\jvm.dll
0x00007ff9b25b0000 - 0x00007ff9b265c000 	C:\WINDOWS\System32\ADVAPI32.dll
0x00007ff9b1af0000 - 0x00007ff9b1b8b000 	C:\WINDOWS\System32\sechost.dll
0x00007ff9b1120000 - 0x00007ff9b124a000 	C:\WINDOWS\System32\RPCRT4.dll
0x00007ff9b0b90000 - 0x00007ff9b0b98000 	C:\WINDOWS\System32\PSAPI.DLL
0x00007ff99d730000 - 0x00007ff99d739000 	C:\WINDOWS\SYSTEM32\WSOCK32.dll
0x00007ff99c0d0000 - 0x00007ff99c0f7000 	C:\WINDOWS\SYSTEM32\WINMM.dll
0x00007ff9a54b0000 - 0x00007ff9a54ba000 	C:\WINDOWS\SYSTEM32\VERSION.dll
0x00007ff9b1fa0000 - 0x00007ff9b200b000 	C:\WINDOWS\System32\WS2_32.dll
0x00007ff9ae6c0000 - 0x00007ff9ae6d2000 	C:\WINDOWS\SYSTEM32\kernel.appcore.dll
0x00007ff994520000 - 0x00007ff994531000 	C:\Users\Dark Knight\Desktop\Android Studio\jre\bin\verify.dll
0x00007ff9adae0000 - 0x00007ff9adcc4000 	C:\WINDOWS\SYSTEM32\DBGHELP.DLL
0x00007ff9982c0000 - 0x00007ff9982ec000 	C:\WINDOWS\SYSTEM32\dbgcore.DLL
0x00007ff9b05d0000 - 0x00007ff9b0652000 	C:\WINDOWS\System32\bcryptPrimitives.dll
0x00007ff983fa0000 - 0x00007ff983fc9000 	C:\Users\Dark Knight\Desktop\Android Studio\jre\bin\java.dll
0x00007ff9a7500000 - 0x00007ff9a750b000 	C:\Users\Dark Knight\Desktop\Android Studio\jre\bin\jimage.dll
0x00007ff98d340000 - 0x00007ff98d358000 	C:\Users\Dark Knight\Desktop\Android Studio\jre\bin\zip.dll
0x00007ff9b13a0000 - 0x00007ff9b1ae4000 	C:\WINDOWS\System32\SHELL32.dll
0x00007ff9adf10000 - 0x00007ff9ae6a4000 	C:\WINDOWS\SYSTEM32\windows.storage.dll
0x00007ff9b21a0000 - 0x00007ff9b24f5000 	C:\WINDOWS\System32\combase.dll
0x00007ff9af7c0000 - 0x00007ff9af7ee000 	C:\WINDOWS\SYSTEM32\Wldp.dll
0x00007ff9b1250000 - 0x00007ff9b12fd000 	C:\WINDOWS\System32\SHCORE.dll
0x00007ff9b0770000 - 0x00007ff9b07c5000 	C:\WINDOWS\System32\shlwapi.dll
0x00007ff9afd80000 - 0x00007ff9afd9f000 	C:\WINDOWS\SYSTEM32\profapi.dll
0x00007ff983570000 - 0x00007ff98358a000 	C:\Users\Dark Knight\Desktop\Android Studio\jre\bin\net.dll
0x00007ff99e9a0000 - 0x00007ff99eaac000 	C:\WINDOWS\SYSTEM32\WINHTTP.dll
0x00007ff9af520000 - 0x00007ff9af58a000 	C:\WINDOWS\system32\mswsock.dll
0x00007ff9829e0000 - 0x00007ff9829f4000 	C:\Users\Dark Knight\Desktop\Android Studio\jre\bin\nio.dll

dbghelp: loaded successfully - version: 4.0.5 - missing functions: none
symbol engine: initialized successfully - sym options: 0x614 - pdb path: .;C:\Users\Dark Knight\Desktop\Android Studio\jre\bin;C:\WINDOWS\SYSTEM32;C:\WINDOWS\WinSxS\amd64_microsoft.windows.common-controls_6595b64144ccf1df_6.0.19041.1110_none_60b5254171f9507e;C:\Users\Dark Knight\Desktop\Android Studio\jre\bin\server

VM Arguments:
java_command: org.jetbrains.kotlin.cli.jvm.K2JVMCompiler @C:\Android Projects\Udemy TUTORIAL\app\build\20211226_2807751122352018520.compiler.options
java_class_path (initial): C:\Users\Dark Knight\.gradle\caches\modules-2\files-2.1\org.jetbrains.kotlin\kotlin-compiler-embeddable\1.6.0\aa8da3bedc53c89219b84a0b40c7419431a13e76\kotlin-compiler-embeddable-1.6.0.jar;C:\Users\Dark Knight\.gradle\caches\modules-2\files-2.1\org.jetbrains.kotlin\kotlin-reflect\1.6.0\a215a7f914d5916dc5fd2d45cea16524e0220203\kotlin-reflect-1.6.0.jar;C:\Users\Dark Knight\.gradle\caches\modules-2\files-2.1\org.jetbrains.kotlin\kotlin-stdlib\1.6.0\a40b8b22529b733892edf4b73468ce598bb17f04\kotlin-stdlib-1.6.0.jar;C:\Users\Dark Knight\.gradle\caches\modules-2\files-2.1\org.jetbrains.kotlin\kotlin-script-runtime\1.6.0\55f72526ddcff6fc77d72cdf949c7e3d9bd95620\kotlin-script-runtime-1.6.0.jar;C:\Users\Dark Knight\.gradle\caches\modules-2\files-2.1\org.jetbrains.kotlin\kotlin-daemon-embeddable\1.6.0\d6242b37f4ce6b637d10847c7558446272ec8432\kotlin-daemon-embeddable-1.6.0.jar;C:\Users\Dark Knight\.gradle\caches\modules-2\files-2.1\org.jetbrains.intellij.deps\trove4j\1.0.20181211\216c2e14b070f334479d800987affe4054cd563f\trove4j-1.0.20181211.jar;C:\Users\Dark Knight\.gradle\caches\modules-2\files-2.1\net.java.dev.jna\jna\5.6.0\330f2244e9030119ab3030fc3fededc86713d9cc\jna-5.6.0.jar;C:\Users\Dark Knight\.gradle\caches\modules-2\files-2.1\org.jetbrains\annotations\13.0\919f0dfe192fb4e063e7dacadee7f8bb9a2672a9\annotations-13.0.jar;C:\Users\Dark Knight\.gradle\caches\modules-2\files-2.1\org.jetbrains.kotlin\kotlin-stdlib-common\1.6.0\7857e365f925cfa060f941c1357cda1f8790502c\kotlin-stdlib-common-1.6.0.jar
Launcher Type: SUN_STANDARD

[Global flags]
     intx CICompilerCount                          = 4                                         {product} {ergonomic}
     uint ConcGCThreads                            = 2                                         {product} {ergonomic}
     uint G1ConcRefinementThreads                  = 8                                         {product} {ergonomic}
   size_t G1HeapRegionSize                         = 1048576                                   {product} {ergonomic}
    uintx GCDrainStackTargetSize                   = 64                                        {product} {ergonomic}
   size_t InitialHeapSize                          = 134217728                                 {product} {ergonomic}
   size_t MarkStackSize                            = 4194304                                   {product} {ergonomic}
   size_t MaxHeapSize                              = 2118123520                                {product} {ergonomic}
   size_t MaxNewSize                               = 1270874112                                {product} {ergonomic}
   size_t MinHeapDeltaBytes                        = 1048576                                   {product} {ergonomic}
    uintx NonNMethodCodeHeapSize                   = 5836300                                {pd product} {ergonomic}
    uintx NonProfiledCodeHeapSize                  = 122910970                              {pd product} {ergonomic}
    uintx ProfiledCodeHeapSize                     = 122910970                              {pd product} {ergonomic}
    uintx ReservedCodeCacheSize                    = 251658240                              {pd product} {ergonomic}
     bool SegmentedCodeCache                       = true                                      {product} {ergonomic}
     bool UseCompressedClassPointers               = true                                 {lp64_product} {ergonomic}
     bool UseCompressedOops                        = true                                 {lp64_product} {ergonomic}
     bool UseG1GC                                  = true                                      {product} {ergonomic}
     bool UseLargePagesIndividualAllocation        = false                                  {pd product} {ergonomic}

Logging:
Log output configuration:
 #0: stdout all=warning uptime,level,tags
 #1: stderr all=off uptime,level,tags

Environment Variables:
PATH=C:\Windows\system32;C:\Windows;C:\Windows\System32\Wbem;C:\Windows\System32\WindowsPowerShell\v1.0\;C:\Windows\System32\OpenSSH\;C:\Program Files (x86)\NVIDIA Corporation\PhysX\Common;C:\Program Files\NVIDIA Corporation\NVIDIA NvDLISR;C:\WINDOWS\system32;C:\WINDOWS;C:\WINDOWS\System32\Wbem;C:\WINDOWS\System32\WindowsPowerShell\v1.0\;C:\WINDOWS\System32\OpenSSH\;C:\MinGW\bin;C:\Program Files\MEGA-X;C:\WINDOWS\system32;C:\WINDOWS;C:\WINDOWS\System32\Wbem;C:\WINDOWS\System32\WindowsPowerShell\v1.0\;C:\WINDOWS\System32\OpenSSH\;C:\Program Files\Git\cmd;C:\Users\Dark Knight\AppData\Local\Microsoft\WindowsApps;C:\Users\Dark Knight\AppData\Local\atom\bin;C:\MinGW\bin;C:\Program Files (x86)\Microsoft Visual Studio\2019\BuildTools\MSBuild\Current\Bin;C:\Users\Dark Knight\AppData\Local\Microsoft\WindowsApps
USERNAME=Dark Knight
OS=Windows_NT
PROCESSOR_IDENTIFIER=Intel64 Family 6 Model 158 Stepping 10, GenuineIntel



---------------  S Y S T E M  ---------------

OS: Windows 10 , 64 bit Build 19041 (10.0.19041.1348)
OS uptime: 8 days 9:59 hours

CPU:total 8 (initial active 8) (4 cores per cpu, 2 threads per core) family 6 model 158 stepping 10, cmov, cx8, fxsr, mmx, sse, sse2, sse3, ssse3, sse4.1, sse4.2, popcnt, avx, avx2, aes, clmul, erms, 3dnowpref, lzcnt, ht, tsc, tscinvbit, bmi1, bmi2, adx, fma

Memory: 4k page, system-wide physical 8072M (670M free)
TotalPageFile size 12168M (AvailPageFile size 11M)
current process WorkingSet (physical memory assigned to process): 256M, peak: 256M
current process commit charge ("private bytes"): 344M, peak: 361M

vm_info: OpenJDK 64-Bit Server VM (11.0.8+10-b944.6842174) for windows-amd64 JRE (11.0.8+10-b944.6842174), built on Sep 19 2020 01:11:42 by "builder" with MS VC++ 14.0 (VS2015)

END.
