#
# There is insufficient memory for the Java Runtime Environment to continue.
# Native memory allocation (malloc) failed to allocate 1048576 bytes for AllocateHeap
# Possible reasons:
#   The system is out of physical RAM or swap space
#   The process is running with CompressedOops enabled, and the Java Heap may be blocking the growth of the native heap
# Possible solutions:
#   Reduce memory load on the system
#   Increase physical memory or swap space
#   Check if swap backing store is full
#   Decrease Java heap size (-Xmx/-Xms)
#   Decrease number of Java threads
#   Decrease Java thread stack sizes (-Xss)
#   Set larger code cache with -XX:ReservedCodeCacheSize=
#   JVM is running with Unscaled Compressed Oops mode in which the Java heap is
#     placed in the first 4GB address space. The Java Heap base address is the
#     maximum limit for the native heap growth. Please use -XX:HeapBaseMinAddress
#     to set the Java Heap base and to place the Java Heap above 4GB virtual address.
# This output file may be truncated or incomplete.
#
#  Out of Memory Error (./src/hotspot/share/memory/allocation.cpp:46), pid=22944, tid=23028
#
# JRE version: OpenJDK Runtime Environment (11.0.8+10) (build 11.0.8+10-b944.6842174)
# Java VM: OpenJDK 64-Bit Server VM (11.0.8+10-b944.6842174, mixed mode, tiered, compressed oops, g1 gc, windows-amd64)
# No core dump will be written. Minidumps are not enabled by default on client versions of Windows
#

---------------  S U M M A R Y ------------

Command Line: org.jetbrains.kotlin.cli.jvm.K2JVMCompiler @C:\Android Projects\Udemy TUTORIAL\app\build\20211205_14390553421891425675.compiler.options

Host: Intel(R) Core(TM) i5-9300H CPU @ 2.40GHz, 8 cores, 7G,  Windows 10 , 64 bit Build 19041 (10.0.19041.1348)
Time: Sun Dec  5 20:32:54 2021 India Standard Time elapsed time: 3 seconds (0d 0h 0m 3s)

---------------  T H R E A D  ---------------

Current thread (0x00000204ff193000):  VMThread "VM Thread" [stack: 0x000000b583c00000,0x000000b583d00000] [id=23028]

Stack: [0x000000b583c00000,0x000000b583d00000]
[error occurred during error reporting (printing stack bounds), id 0xc0000005, EXCEPTION_ACCESS_VIOLATION (0xc0000005) at pc=0x0000020480000dad]

Native frames: (J=compiled Java code, j=interpreted, Vv=VM code, C=native code)
V  [jvm.dll+0x5de50a]
V  [jvm.dll+0x7122f5]
V  [jvm.dll+0x71384d]
V  [jvm.dll+0x713e65]
V  [jvm.dll+0x713e1b]
V  [jvm.dll+0x5dd958]
V  [jvm.dll+0x5de0f8]
C  [ntdll.dll+0xa20cf]
C  [ntdll.dll+0x51454]
C  [ntdll.dll+0xa0bfe]
C  0x0000020480000dad

VM_Operation (0x000000b5836fa0e0): CollectForMetadataAllocation, mode: safepoint, requested by thread 0x00000204f3fbc000


---------------  P R O C E S S  ---------------

Threads class SMR info:
_java_thread_list=0x0000020491785020, length=11, elements={
0x00000204f3fbc000, 0x00000204ff1b8000, 0x00000204ff1c3800, 0x00000204ffb37800,
0x00000204ffb39000, 0x00000204ffb3b000, 0x00000204ffb3c000, 0x00000204ffb40000,
0x00000204ffc86000, 0x00000204ffc90000, 0x0000020492164000
}

Java Threads: ( => current thread )
  0x00000204f3fbc000 JavaThread "main" [_thread_blocked, id=23004, stack(0x000000b583600000,0x000000b583700000)]
  0x00000204ff1b8000 JavaThread "Reference Handler" daemon [_thread_blocked, id=23032, stack(0x000000b583d00000,0x000000b583e00000)]
  0x00000204ff1c3800 JavaThread "Finalizer" daemon [_thread_blocked, id=23036, stack(0x000000b583e00000,0x000000b583f00000)]
  0x00000204ffb37800 JavaThread "Signal Dispatcher" daemon [_thread_blocked, id=23040, stack(0x000000b583f00000,0x000000b584000000)]
  0x00000204ffb39000 JavaThread "Attach Listener" daemon [_thread_blocked, id=23044, stack(0x000000b584000000,0x000000b584100000)]
  0x00000204ffb3b000 JavaThread "C2 CompilerThread0" daemon [_thread_blocked, id=23048, stack(0x000000b584100000,0x000000b584200000)]
  0x00000204ffb3c000 JavaThread "C1 CompilerThread0" daemon [_thread_blocked, id=23052, stack(0x000000b584200000,0x000000b584300000)]
  0x00000204ffb40000 JavaThread "Sweeper thread" daemon [_thread_blocked, id=23056, stack(0x000000b584300000,0x000000b584400000)]
  0x00000204ffc86000 JavaThread "Service Thread" daemon [_thread_blocked, id=23060, stack(0x000000b584400000,0x000000b584500000)]
  0x00000204ffc90000 JavaThread "Common-Cleaner" daemon [_thread_blocked, id=23068, stack(0x000000b584600000,0x000000b584700000)]
  0x0000020492164000 JavaThread "C2 CompilerThread1" daemon [_thread_blocked, id=23092, stack(0x000000b584a00000,0x000000b584b00000)]

Other Threads:
=>0x00000204ff193000 VMThread "VM Thread" [stack: 0x000000b583c00000,0x000000b583d00000] [id=23028]
  0x00000204ffc87800 WatcherThread [stack: 0x000000b584500000,0x000000b584600000] [id=23064]
  0x00000204f3fd3800 GCTaskThread "GC Thread#0" [stack: 0x000000b583700000,0x000000b583800000] [id=23008]
  0x00000204913f7000 GCTaskThread "GC Thread#1" [stack: 0x000000b584800000,0x000000b584900000] [id=23076]
  0x0000020491417000 GCTaskThread "GC Thread#2" [stack: 0x000000b584900000,0x000000b584a00000] [id=23080]
  0x00000204f4003000 ConcurrentGCThread "G1 Main Marker" [stack: 0x000000b583800000,0x000000b583900000] [id=23012]
  0x00000204f4004000 ConcurrentGCThread "G1 Conc#0" [stack: 0x000000b583900000,0x000000b583a00000] [id=23016]
  0x00000204914cd000 ConcurrentGCThread "G1 Conc#1" [stack: 0x000000b584700000,0x000000b584800000] [id=23088]
  0x00000204ff000800 ConcurrentGCThread "G1 Refine#0" [stack: 0x000000b583a00000,0x000000b583b00000] [id=23020]
  0x000002049201a800 ConcurrentGCThread "G1 Refine#1" [stack: 0x000000b584b00000,0x000000b584c00000] [id=23116]
  0x00000204f4094000 ConcurrentGCThread "G1 Young RemSet Sampling" [stack: 0x000000b583b00000,0x000000b583c00000] [id=23024]

Threads with active compile tasks:

VM state:at safepoint (normal execution)

VM Mutex/Monitor currently owned by a thread:  ([mutex/lock_event])
[0x00000204f3fb8c60] Threads_lock - owner thread: 0x00000204ff193000
[0x00000204f3fb9440] Heap_lock - owner thread: 0x00000204f3fbc000

Heap address: 0x0000000081c00000, size: 2020 MB, Compressed Oops mode: 32-bit
Narrow klass base: 0x0000000000000000, Narrow klass shift: 3
Compressed class space size: 1073741824 Address: 0x0000000100000000

Heap:
 garbage-first heap   total 163840K, used 21569K [0x0000000081c00000, 0x0000000100000000)
  region size 1024K, 2 young (2048K), 2 survivors (2048K)
 Metaspace       used 35386K, capacity 35856K, committed 36048K, reserved 1081344K
  class space    used 4401K, capacity 4588K, committed 4608K, reserved 1048576K
Heap Regions: E=young(eden), S=young(survivor), O=old, HS=humongous(starts), HC=humongous(continues), CS=collection set, F=free, A=archive, TAMS=top-at-mark-start (previous, next)
|   0|0x0000000081c00000, 0x0000000081d00000, 0x0000000081d00000|100%|HS|  |TAMS 0x0000000081d00000, 0x0000000081d00000| Complete 
|   1|0x0000000081d00000, 0x0000000081e00000, 0x0000000081e00000|100%|HC|  |TAMS 0x0000000081e00000, 0x0000000081e00000| Complete 
|   2|0x0000000081e00000, 0x0000000081f00000, 0x0000000081f00000|100%|HC|  |TAMS 0x0000000081f00000, 0x0000000081f00000| Complete 
|   3|0x0000000081f00000, 0x0000000082000000, 0x0000000082000000|100%|HS|  |TAMS 0x0000000081f00000, 0x0000000082000000| Complete 
|   4|0x0000000082000000, 0x0000000082100000, 0x0000000082100000|100%|HC|  |TAMS 0x0000000082000000, 0x0000000082100000| Complete 
|   5|0x0000000082100000, 0x0000000082200000, 0x0000000082200000|100%|HC|  |TAMS 0x0000000082100000, 0x0000000082200000| Complete 
|   6|0x0000000082200000, 0x0000000082300000, 0x0000000082300000|100%|HS|  |TAMS 0x0000000082200000, 0x0000000082300000| Complete 
|   7|0x0000000082300000, 0x0000000082400000, 0x0000000082400000|100%|HC|  |TAMS 0x0000000082300000, 0x0000000082400000| Complete 
|   8|0x0000000082400000, 0x0000000082500000, 0x0000000082500000|100%| O|  |TAMS 0x0000000082400000, 0x0000000082500000| Untracked 
|   9|0x0000000082500000, 0x0000000082600000, 0x0000000082600000|100%| O|  |TAMS 0x0000000082500000, 0x0000000082600000| Untracked 
|  10|0x0000000082600000, 0x0000000082700000, 0x0000000082700000|100%| O|  |TAMS 0x0000000082600000, 0x0000000082700000| Untracked 
|  11|0x0000000082700000, 0x0000000082800000, 0x0000000082800000|100%| O|  |TAMS 0x0000000082700000, 0x0000000082800000| Untracked 
|  12|0x0000000082800000, 0x0000000082900000, 0x0000000082900000|100%| O|  |TAMS 0x0000000082800000, 0x0000000082900000| Untracked 
|  13|0x0000000082900000, 0x0000000082a00000, 0x0000000082a00000|100%| O|  |TAMS 0x0000000082900000, 0x0000000082a00000| Untracked 
|  14|0x0000000082a00000, 0x0000000082b00000, 0x0000000082b00000|100%| O|  |TAMS 0x0000000082a00000, 0x0000000082b00000| Untracked 
|  15|0x0000000082b00000, 0x0000000082c00000, 0x0000000082c00000|100%| O|  |TAMS 0x0000000082b00000, 0x0000000082c00000| Untracked 
|  16|0x0000000082c00000, 0x0000000082d00000, 0x0000000082d00000|100%| O|  |TAMS 0x0000000082c00000, 0x0000000082d00000| Untracked 
|  17|0x0000000082d00000, 0x0000000082e00000, 0x0000000082e00000|100%| O|  |TAMS 0x0000000082d00000, 0x0000000082e00000| Untracked 
|  18|0x0000000082e00000, 0x0000000082f00000, 0x0000000082f00000|100%| O|  |TAMS 0x0000000082e00000, 0x0000000082f00000| Untracked 
|  19|0x0000000082f00000, 0x0000000082fca200, 0x0000000083000000| 78%| O|  |TAMS 0x0000000082f00000, 0x0000000082fca200| Untracked 
|  20|0x0000000083000000, 0x0000000083000000, 0x0000000083100000|  0%| F|  |TAMS 0x0000000083000000, 0x0000000083000000| Untracked 
|  21|0x0000000083100000, 0x0000000083100000, 0x0000000083200000|  0%| F|  |TAMS 0x0000000083100000, 0x0000000083100000| Untracked 
|  22|0x0000000083200000, 0x0000000083200000, 0x0000000083300000|  0%| F|  |TAMS 0x0000000083200000, 0x0000000083200000| Untracked 
|  23|0x0000000083300000, 0x0000000083300000, 0x0000000083400000|  0%| F|  |TAMS 0x0000000083300000, 0x0000000083300000| Untracked 
|  24|0x0000000083400000, 0x0000000083400000, 0x0000000083500000|  0%| F|  |TAMS 0x0000000083400000, 0x0000000083400000| Untracked 
|  25|0x0000000083500000, 0x0000000083500000, 0x0000000083600000|  0%| F|  |TAMS 0x0000000083500000, 0x0000000083500000| Untracked 
|  26|0x0000000083600000, 0x0000000083600000, 0x0000000083700000|  0%| F|  |TAMS 0x0000000083600000, 0x0000000083600000| Untracked 
|  27|0x0000000083700000, 0x0000000083700000, 0x0000000083800000|  0%| F|  |TAMS 0x0000000083700000, 0x0000000083700000| Untracked 
|  28|0x0000000083800000, 0x0000000083800000, 0x0000000083900000|  0%| F|  |TAMS 0x0000000083800000, 0x0000000083800000| Untracked 
|  29|0x0000000083900000, 0x0000000083900000, 0x0000000083a00000|  0%| F|  |TAMS 0x0000000083900000, 0x0000000083900000| Untracked 
|  30|0x0000000083a00000, 0x0000000083a00000, 0x0000000083b00000|  0%| F|  |TAMS 0x0000000083a00000, 0x0000000083a00000| Untracked 
|  31|0x0000000083b00000, 0x0000000083b00000, 0x0000000083c00000|  0%| F|  |TAMS 0x0000000083b00000, 0x0000000083b00000| Untracked 
|  32|0x0000000083c00000, 0x0000000083c00000, 0x0000000083d00000|  0%| F|  |TAMS 0x0000000083c00000, 0x0000000083c00000| Untracked 
|  33|0x0000000083d00000, 0x0000000083d00000, 0x0000000083e00000|  0%| F|  |TAMS 0x0000000083d00000, 0x0000000083d00000| Untracked 
|  34|0x0000000083e00000, 0x0000000083e00000, 0x0000000083f00000|  0%| F|  |TAMS 0x0000000083e00000, 0x0000000083e00000| Untracked 
|  35|0x0000000083f00000, 0x0000000083f00000, 0x0000000084000000|  0%| F|  |TAMS 0x0000000083f00000, 0x0000000083f00000| Untracked 
|  36|0x0000000084000000, 0x0000000084000000, 0x0000000084100000|  0%| F|  |TAMS 0x0000000084000000, 0x0000000084000000| Untracked 
|  37|0x0000000084100000, 0x0000000084100000, 0x0000000084200000|  0%| F|  |TAMS 0x0000000084100000, 0x0000000084100000| Untracked 
|  38|0x0000000084200000, 0x0000000084200000, 0x0000000084300000|  0%| F|  |TAMS 0x0000000084200000, 0x0000000084200000| Untracked 
|  39|0x0000000084300000, 0x0000000084300000, 0x0000000084400000|  0%| F|  |TAMS 0x0000000084300000, 0x0000000084300000| Untracked 
|  40|0x0000000084400000, 0x0000000084400000, 0x0000000084500000|  0%| F|  |TAMS 0x0000000084400000, 0x0000000084400000| Untracked 
|  41|0x0000000084500000, 0x0000000084500000, 0x0000000084600000|  0%| F|  |TAMS 0x0000000084500000, 0x0000000084500000| Untracked 
|  42|0x0000000084600000, 0x0000000084600000, 0x0000000084700000|  0%| F|  |TAMS 0x0000000084600000, 0x0000000084600000| Untracked 
|  43|0x0000000084700000, 0x0000000084700000, 0x0000000084800000|  0%| F|  |TAMS 0x0000000084700000, 0x0000000084700000| Untracked 
|  44|0x0000000084800000, 0x0000000084800000, 0x0000000084900000|  0%| F|  |TAMS 0x0000000084800000, 0x0000000084800000| Untracked 
|  45|0x0000000084900000, 0x0000000084900000, 0x0000000084a00000|  0%| F|  |TAMS 0x0000000084900000, 0x0000000084900000| Untracked 
|  46|0x0000000084a00000, 0x0000000084a00000, 0x0000000084b00000|  0%| F|  |TAMS 0x0000000084a00000, 0x0000000084a00000| Untracked 
|  47|0x0000000084b00000, 0x0000000084b00000, 0x0000000084c00000|  0%| F|  |TAMS 0x0000000084b00000, 0x0000000084b00000| Untracked 
|  48|0x0000000084c00000, 0x0000000084c00000, 0x0000000084d00000|  0%| F|  |TAMS 0x0000000084c00000, 0x0000000084c00000| Untracked 
|  49|0x0000000084d00000, 0x0000000084d00000, 0x0000000084e00000|  0%| F|  |TAMS 0x0000000084d00000, 0x0000000084d00000| Untracked 
|  50|0x0000000084e00000, 0x0000000084e00000, 0x0000000084f00000|  0%| F|  |TAMS 0x0000000084e00000, 0x0000000084e00000| Untracked 
|  51|0x0000000084f00000, 0x0000000084f00000, 0x0000000085000000|  0%| F|  |TAMS 0x0000000084f00000, 0x0000000084f00000| Untracked 
|  52|0x0000000085000000, 0x0000000085000000, 0x0000000085100000|  0%| F|  |TAMS 0x0000000085000000, 0x0000000085000000| Untracked 
|  53|0x0000000085100000, 0x0000000085100000, 0x0000000085200000|  0%| F|  |TAMS 0x0000000085100000, 0x0000000085100000| Untracked 
|  54|0x0000000085200000, 0x0000000085200000, 0x0000000085300000|  0%| F|  |TAMS 0x0000000085200000, 0x0000000085200000| Untracked 
|  55|0x0000000085300000, 0x0000000085300000, 0x0000000085400000|  0%| F|  |TAMS 0x0000000085300000, 0x0000000085300000| Untracked 
|  56|0x0000000085400000, 0x0000000085400000, 0x0000000085500000|  0%| F|  |TAMS 0x0000000085400000, 0x0000000085400000| Untracked 
|  57|0x0000000085500000, 0x0000000085500000, 0x0000000085600000|  0%| F|  |TAMS 0x0000000085500000, 0x0000000085500000| Untracked 
|  58|0x0000000085600000, 0x0000000085600000, 0x0000000085700000|  0%| F|  |TAMS 0x0000000085600000, 0x0000000085600000| Untracked 
|  59|0x0000000085700000, 0x0000000085700000, 0x0000000085800000|  0%| F|  |TAMS 0x0000000085700000, 0x0000000085700000| Untracked 
|  60|0x0000000085800000, 0x0000000085800000, 0x0000000085900000|  0%| F|  |TAMS 0x0000000085800000, 0x0000000085800000| Untracked 
|  61|0x0000000085900000, 0x0000000085900000, 0x0000000085a00000|  0%| F|  |TAMS 0x0000000085900000, 0x0000000085900000| Untracked 
|  62|0x0000000085a00000, 0x0000000085a00000, 0x0000000085b00000|  0%| F|  |TAMS 0x0000000085a00000, 0x0000000085a00000| Untracked 
|  63|0x0000000085b00000, 0x0000000085b00000, 0x0000000085c00000|  0%| F|  |TAMS 0x0000000085b00000, 0x0000000085b00000| Untracked 
|  64|0x0000000085c00000, 0x0000000085c00000, 0x0000000085d00000|  0%| F|  |TAMS 0x0000000085c00000, 0x0000000085c00000| Untracked 
|  65|0x0000000085d00000, 0x0000000085d00000, 0x0000000085e00000|  0%| F|  |TAMS 0x0000000085d00000, 0x0000000085d00000| Untracked 
|  66|0x0000000085e00000, 0x0000000085e00000, 0x0000000085f00000|  0%| F|  |TAMS 0x0000000085e00000, 0x0000000085e00000| Untracked 
|  67|0x0000000085f00000, 0x0000000085f00000, 0x0000000086000000|  0%| F|  |TAMS 0x0000000085f00000, 0x0000000085f00000| Untracked 
|  68|0x0000000086000000, 0x0000000086000000, 0x0000000086100000|  0%| F|  |TAMS 0x0000000086000000, 0x0000000086000000| Untracked 
|  69|0x0000000086100000, 0x0000000086100000, 0x0000000086200000|  0%| F|  |TAMS 0x0000000086100000, 0x0000000086100000| Untracked 
|  70|0x0000000086200000, 0x0000000086200000, 0x0000000086300000|  0%| F|  |TAMS 0x0000000086200000, 0x0000000086200000| Untracked 
|  71|0x0000000086300000, 0x0000000086300000, 0x0000000086400000|  0%| F|  |TAMS 0x0000000086300000, 0x0000000086300000| Untracked 
|  72|0x0000000086400000, 0x0000000086400000, 0x0000000086500000|  0%| F|  |TAMS 0x0000000086400000, 0x0000000086400000| Untracked 
|  73|0x0000000086500000, 0x0000000086500000, 0x0000000086600000|  0%| F|  |TAMS 0x0000000086500000, 0x0000000086500000| Untracked 
|  74|0x0000000086600000, 0x0000000086600000, 0x0000000086700000|  0%| F|  |TAMS 0x0000000086600000, 0x0000000086600000| Untracked 
|  75|0x0000000086700000, 0x0000000086700000, 0x0000000086800000|  0%| F|  |TAMS 0x0000000086700000, 0x0000000086700000| Untracked 
|  76|0x0000000086800000, 0x0000000086800000, 0x0000000086900000|  0%| F|  |TAMS 0x0000000086800000, 0x0000000086800000| Untracked 
|  77|0x0000000086900000, 0x0000000086900000, 0x0000000086a00000|  0%| F|  |TAMS 0x0000000086900000, 0x0000000086900000| Untracked 
|  78|0x0000000086a00000, 0x0000000086a00000, 0x0000000086b00000|  0%| F|  |TAMS 0x0000000086a00000, 0x0000000086a00000| Untracked 
|  79|0x0000000086b00000, 0x0000000086b00000, 0x0000000086c00000|  0%| F|  |TAMS 0x0000000086b00000, 0x0000000086b00000| Untracked 
|  80|0x0000000086c00000, 0x0000000086c00000, 0x0000000086d00000|  0%| F|  |TAMS 0x0000000086c00000, 0x0000000086c00000| Untracked 
|  81|0x0000000086d00000, 0x0000000086d00000, 0x0000000086e00000|  0%| F|  |TAMS 0x0000000086d00000, 0x0000000086d00000| Untracked 
|  82|0x0000000086e00000, 0x0000000086e00000, 0x0000000086f00000|  0%| F|  |TAMS 0x0000000086e00000, 0x0000000086e00000| Untracked 
|  83|0x0000000086f00000, 0x0000000086f00000, 0x0000000087000000|  0%| F|  |TAMS 0x0000000086f00000, 0x0000000086f00000| Untracked 
|  84|0x0000000087000000, 0x0000000087000000, 0x0000000087100000|  0%| F|  |TAMS 0x0000000087000000, 0x0000000087000000| Untracked 
|  85|0x0000000087100000, 0x0000000087100000, 0x0000000087200000|  0%| F|  |TAMS 0x0000000087100000, 0x0000000087100000| Untracked 
|  86|0x0000000087200000, 0x0000000087200000, 0x0000000087300000|  0%| F|  |TAMS 0x0000000087200000, 0x0000000087200000| Untracked 
|  87|0x0000000087300000, 0x0000000087300000, 0x0000000087400000|  0%| F|  |TAMS 0x0000000087300000, 0x0000000087300000| Untracked 
|  88|0x0000000087400000, 0x0000000087400000, 0x0000000087500000|  0%| F|  |TAMS 0x0000000087400000, 0x0000000087400000| Untracked 
|  89|0x0000000087500000, 0x0000000087500000, 0x0000000087600000|  0%| F|  |TAMS 0x0000000087500000, 0x0000000087500000| Untracked 
|  90|0x0000000087600000, 0x0000000087600000, 0x0000000087700000|  0%| F|  |TAMS 0x0000000087600000, 0x0000000087600000| Untracked 
|  91|0x0000000087700000, 0x0000000087700000, 0x0000000087800000|  0%| F|  |TAMS 0x0000000087700000, 0x0000000087700000| Untracked 
|  92|0x0000000087800000, 0x0000000087800000, 0x0000000087900000|  0%| F|  |TAMS 0x0000000087800000, 0x0000000087800000| Untracked 
|  93|0x0000000087900000, 0x0000000087900000, 0x0000000087a00000|  0%| F|  |TAMS 0x0000000087900000, 0x0000000087900000| Untracked 
|  94|0x0000000087a00000, 0x0000000087a00000, 0x0000000087b00000|  0%| F|  |TAMS 0x0000000087a00000, 0x0000000087a00000| Untracked 
|  95|0x0000000087b00000, 0x0000000087b00000, 0x0000000087c00000|  0%| F|  |TAMS 0x0000000087b00000, 0x0000000087b00000| Untracked 
|  96|0x0000000087c00000, 0x0000000087c00000, 0x0000000087d00000|  0%| F|  |TAMS 0x0000000087c00000, 0x0000000087c00000| Untracked 
|  97|0x0000000087d00000, 0x0000000087d00000, 0x0000000087e00000|  0%| F|  |TAMS 0x0000000087d00000, 0x0000000087d00000| Untracked 
|  98|0x0000000087e00000, 0x0000000087e00000, 0x0000000087f00000|  0%| F|  |TAMS 0x0000000087e00000, 0x0000000087e00000| Untracked 
|  99|0x0000000087f00000, 0x0000000087f00000, 0x0000000088000000|  0%| F|  |TAMS 0x0000000087f00000, 0x0000000087f00000| Untracked 
| 100|0x0000000088000000, 0x0000000088000000, 0x0000000088100000|  0%| F|  |TAMS 0x0000000088000000, 0x0000000088000000| Untracked 
| 101|0x0000000088100000, 0x0000000088100000, 0x0000000088200000|  0%| F|  |TAMS 0x0000000088100000, 0x0000000088100000| Untracked 
| 102|0x0000000088200000, 0x0000000088200000, 0x0000000088300000|  0%| F|  |TAMS 0x0000000088200000, 0x0000000088200000| Untracked 
| 103|0x0000000088300000, 0x0000000088300000, 0x0000000088400000|  0%| F|  |TAMS 0x0000000088300000, 0x0000000088300000| Untracked 
| 104|0x0000000088400000, 0x0000000088400000, 0x0000000088500000|  0%| F|  |TAMS 0x0000000088400000, 0x0000000088400000| Untracked 
| 105|0x0000000088500000, 0x0000000088500000, 0x0000000088600000|  0%| F|  |TAMS 0x0000000088500000, 0x0000000088500000| Untracked 
| 106|0x0000000088600000, 0x0000000088600000, 0x0000000088700000|  0%| F|  |TAMS 0x0000000088600000, 0x0000000088600000| Untracked 
| 107|0x0000000088700000, 0x0000000088700000, 0x0000000088800000|  0%| F|  |TAMS 0x0000000088700000, 0x0000000088700000| Untracked 
| 108|0x0000000088800000, 0x0000000088800000, 0x0000000088900000|  0%| F|  |TAMS 0x0000000088800000, 0x0000000088800000| Untracked 
| 109|0x0000000088900000, 0x0000000088900000, 0x0000000088a00000|  0%| F|  |TAMS 0x0000000088900000, 0x0000000088900000| Untracked 
| 110|0x0000000088a00000, 0x0000000088a00000, 0x0000000088b00000|  0%| F|  |TAMS 0x0000000088a00000, 0x0000000088a00000| Untracked 
| 111|0x0000000088b00000, 0x0000000088b00000, 0x0000000088c00000|  0%| F|  |TAMS 0x0000000088b00000, 0x0000000088b00000| Untracked 
| 112|0x0000000088c00000, 0x0000000088c00000, 0x0000000088d00000|  0%| F|  |TAMS 0x0000000088c00000, 0x0000000088c00000| Untracked 
| 113|0x0000000088d00000, 0x0000000088d00000, 0x0000000088e00000|  0%| F|  |TAMS 0x0000000088d00000, 0x0000000088d00000| Untracked 
| 114|0x0000000088e00000, 0x0000000088e00000, 0x0000000088f00000|  0%| F|  |TAMS 0x0000000088e00000, 0x0000000088e00000| Untracked 
| 115|0x0000000088f00000, 0x0000000088f00000, 0x0000000089000000|  0%| F|  |TAMS 0x0000000088f00000, 0x0000000088f00000| Untracked 
| 116|0x0000000089000000, 0x0000000089000000, 0x0000000089100000|  0%| F|  |TAMS 0x0000000089000000, 0x0000000089000000| Untracked 
| 117|0x0000000089100000, 0x0000000089100000, 0x0000000089200000|  0%| F|  |TAMS 0x0000000089100000, 0x0000000089100000| Untracked 
| 118|0x0000000089200000, 0x0000000089200000, 0x0000000089300000|  0%| F|  |TAMS 0x0000000089200000, 0x0000000089200000| Untracked 
| 119|0x0000000089300000, 0x0000000089300000, 0x0000000089400000|  0%| F|  |TAMS 0x0000000089300000, 0x0000000089300000| Untracked 
| 120|0x0000000089400000, 0x0000000089400000, 0x0000000089500000|  0%| F|  |TAMS 0x0000000089400000, 0x0000000089400000| Untracked 
| 121|0x0000000089500000, 0x0000000089546540, 0x0000000089600000| 27%| S|CS|TAMS 0x0000000089500000, 0x0000000089500000| Complete 
| 122|0x0000000089600000, 0x0000000089700000, 0x0000000089700000|100%| S|CS|TAMS 0x0000000089600000, 0x0000000089600000| Complete 
| 123|0x0000000089700000, 0x0000000089700000, 0x0000000089800000|  0%| F|  |TAMS 0x0000000089700000, 0x0000000089700000| Untracked 
| 124|0x0000000089800000, 0x0000000089800000, 0x0000000089900000|  0%| F|  |TAMS 0x0000000089800000, 0x0000000089800000| Untracked 
| 125|0x0000000089900000, 0x0000000089900000, 0x0000000089a00000|  0%| F|  |TAMS 0x0000000089900000, 0x0000000089900000| Untracked 
| 126|0x0000000089a00000, 0x0000000089a00000, 0x0000000089b00000|  0%| F|  |TAMS 0x0000000089a00000, 0x0000000089a00000| Untracked 
| 127|0x0000000089b00000, 0x0000000089b00000, 0x0000000089c00000|  0%| F|  |TAMS 0x0000000089b00000, 0x0000000089b00000| Untracked 
| 128|0x0000000089c00000, 0x0000000089c00000, 0x0000000089d00000|  0%| F|  |TAMS 0x0000000089c00000, 0x0000000089c00000| Untracked 
| 129|0x0000000089d00000, 0x0000000089d00000, 0x0000000089e00000|  0%| F|  |TAMS 0x0000000089d00000, 0x0000000089d00000| Untracked 
| 130|0x0000000089e00000, 0x0000000089e00000, 0x0000000089f00000|  0%| F|  |TAMS 0x0000000089e00000, 0x0000000089e00000| Untracked 
| 131|0x0000000089f00000, 0x0000000089f00000, 0x000000008a000000|  0%| F|  |TAMS 0x0000000089f00000, 0x0000000089f00000| Untracked 
| 132|0x000000008a000000, 0x000000008a000000, 0x000000008a100000|  0%| F|  |TAMS 0x000000008a000000, 0x000000008a000000| Untracked 
| 133|0x000000008a100000, 0x000000008a100000, 0x000000008a200000|  0%| F|  |TAMS 0x000000008a100000, 0x000000008a100000| Untracked 
| 134|0x000000008a200000, 0x000000008a200000, 0x000000008a300000|  0%| F|  |TAMS 0x000000008a200000, 0x000000008a200000| Untracked 
| 135|0x000000008a300000, 0x000000008a300000, 0x000000008a400000|  0%| F|  |TAMS 0x000000008a300000, 0x000000008a300000| Untracked 
| 136|0x000000008a400000, 0x000000008a400000, 0x000000008a500000|  0%| F|  |TAMS 0x000000008a400000, 0x000000008a400000| Untracked 
| 137|0x000000008a500000, 0x000000008a500000, 0x000000008a600000|  0%| F|  |TAMS 0x000000008a500000, 0x000000008a500000| Untracked 
| 138|0x000000008a600000, 0x000000008a600000, 0x000000008a700000|  0%| F|  |TAMS 0x000000008a600000, 0x000000008a600000| Untracked 
| 139|0x000000008a700000, 0x000000008a700000, 0x000000008a800000|  0%| F|  |TAMS 0x000000008a700000, 0x000000008a700000| Untracked 
| 140|0x000000008a800000, 0x000000008a800000, 0x000000008a900000|  0%| F|  |TAMS 0x000000008a800000, 0x000000008a800000| Untracked 
| 141|0x000000008a900000, 0x000000008a900000, 0x000000008aa00000|  0%| F|  |TAMS 0x000000008a900000, 0x000000008a900000| Untracked 
| 142|0x000000008aa00000, 0x000000008aa00000, 0x000000008ab00000|  0%| F|  |TAMS 0x000000008aa00000, 0x000000008aa00000| Untracked 
| 143|0x000000008ab00000, 0x000000008ab00000, 0x000000008ac00000|  0%| F|  |TAMS 0x000000008ab00000, 0x000000008ab00000| Untracked 
| 144|0x000000008ac00000, 0x000000008ac00000, 0x000000008ad00000|  0%| F|  |TAMS 0x000000008ac00000, 0x000000008ac00000| Untracked 
| 145|0x000000008ad00000, 0x000000008ad00000, 0x000000008ae00000|  0%| F|  |TAMS 0x000000008ad00000, 0x000000008ad00000| Untracked 
| 146|0x000000008ae00000, 0x000000008ae00000, 0x000000008af00000|  0%| F|  |TAMS 0x000000008ae00000, 0x000000008ae00000| Untracked 
| 147|0x000000008af00000, 0x000000008af00000, 0x000000008b000000|  0%| F|  |TAMS 0x000000008af00000, 0x000000008af00000| Untracked 
| 148|0x000000008b000000, 0x000000008b000000, 0x000000008b100000|  0%| F|  |TAMS 0x000000008b000000, 0x000000008b000000| Untracked 
| 149|0x000000008b100000, 0x000000008b100000, 0x000000008b200000|  0%| F|  |TAMS 0x000000008b100000, 0x000000008b100000| Untracked 
| 150|0x000000008b200000, 0x000000008b200000, 0x000000008b300000|  0%| F|  |TAMS 0x000000008b200000, 0x000000008b200000| Untracked 
| 151|0x000000008b300000, 0x000000008b300000, 0x000000008b400000|  0%| F|  |TAMS 0x000000008b300000, 0x000000008b300000| Untracked 
| 152|0x000000008b400000, 0x000000008b400000, 0x000000008b500000|  0%| F|  |TAMS 0x000000008b400000, 0x000000008b400000| Untracked 
| 153|0x000000008b500000, 0x000000008b500000, 0x000000008b600000|  0%| F|  |TAMS 0x000000008b500000, 0x000000008b500000| Untracked 
| 154|0x000000008b600000, 0x000000008b600000, 0x000000008b700000|  0%| F|  |TAMS 0x000000008b600000, 0x000000008b600000| Untracked 
| 155|0x000000008b700000, 0x000000008b700000, 0x000000008b800000|  0%| F|  |TAMS 0x000000008b700000, 0x000000008b700000| Untracked 
| 156|0x000000008b800000, 0x000000008b800000, 0x000000008b900000|  0%| F|  |TAMS 0x000000008b800000, 0x000000008b800000| Untracked 
| 157|0x000000008b900000, 0x000000008b900000, 0x000000008ba00000|  0%| F|  |TAMS 0x000000008b900000, 0x000000008b900000| Untracked 
| 158|0x000000008ba00000, 0x000000008ba00000, 0x000000008bb00000|  0%| F|  |TAMS 0x000000008ba00000, 0x000000008ba00000| Untracked 
| 159|0x000000008bb00000, 0x000000008bb00000, 0x000000008bc00000|  0%| F|  |TAMS 0x000000008bb00000, 0x000000008bb00000| Untracked 

Card table byte_map: [0x00000204f9fb0000,0x00000204fa3b0000] _byte_map_base: 0x00000204f9ba2000

Marking Bits (Prev, Next): (CMBitMap*) 0x00000204f3ffa0f0, (CMBitMap*) 0x00000204f3ffa0b8
 Prev Bits: [0x00000204fc740000, 0x00000204fe6d0000)
 Next Bits: [0x00000204fa7b0000, 0x00000204fc740000)

Polling page: 0x00000204f40a0000

Metaspace:

Usage:
  Non-class:     30.54 MB capacity,    30.26 MB (>99%) used,   229.76 KB ( <1%) free+waste,    53.00 KB ( <1%) overhead. 
      Class:      4.48 MB capacity,     4.30 MB ( 96%) used,   160.99 KB (  4%) free+waste,    25.44 KB ( <1%) overhead. 
       Both:     35.02 MB capacity,    34.56 MB ( 99%) used,   390.75 KB (  1%) free+waste,    78.44 KB ( <1%) overhead. 

Virtual space:
  Non-class space:       32.00 MB reserved,      30.70 MB ( 96%) committed 
      Class space:        1.00 GB reserved,       4.50 MB ( <1%) committed 
             Both:        1.03 GB reserved,      35.20 MB (  3%) committed 

Chunk freelists:
   Non-Class:  24.00 KB
       Class:  20.00 KB
        Both:  44.00 KB

MaxMetaspaceSize: 17179869184.00 GB
CompressedClassSpaceSize: 1.00 GB

CodeHeap 'non-profiled nmethods': size=120000Kb used=896Kb max_used=896Kb free=119103Kb
 bounds [0x0000020487ad0000, 0x0000020487d40000, 0x000002048f000000]
CodeHeap 'profiled nmethods': size=120000Kb used=4319Kb max_used=4319Kb free=115680Kb
 bounds [0x00000204805a0000, 0x00000204809e0000, 0x0000020487ad0000]
CodeHeap 'non-nmethods': size=5760Kb used=1170Kb max_used=1242Kb free=4589Kb
 bounds [0x0000020480000000, 0x0000020480270000, 0x00000204805a0000]
 total_blobs=2871 nmethods=2349 adapters=433
 compilation: enabled
              stopped_count=0, restarted_count=0
 full_count=0

Compilation events (20 events):
Event: 3.411 Thread 0x00000204ffb3c000 nmethod 2344 0x0000020487bae810 code [0x0000020487bae9c0, 0x0000020487baea78]
Event: 3.411 Thread 0x00000204ffb3c000 2359       1       org.jetbrains.kotlin.com.intellij.openapi.vfs.impl.jar.CoreJarVirtualFile::getChildren (5 bytes)
Event: 3.411 Thread 0x00000204ffb3c000 nmethod 2359 0x0000020487baeb10 code [0x0000020487baecc0, 0x0000020487baed78]
Event: 3.411 Thread 0x00000204ffb3c000 2351       3       org.jetbrains.kotlin.metadata.ProtoBuf$Type::hasFlexibleUpperBound (16 bytes)
Event: 3.411 Thread 0x00000204ffb3c000 nmethod 2351 0x00000204809d7110 code [0x00000204809d72c0, 0x00000204809d7418]
Event: 3.411 Thread 0x00000204ffb3c000 2352       3       org.jetbrains.kotlin.metadata.ProtoBuf$Type::hasOuterType (20 bytes)
Event: 3.411 Thread 0x00000204ffb3c000 nmethod 2352 0x00000204809d7490 code [0x00000204809d7640, 0x00000204809d77b8]
Event: 3.411 Thread 0x00000204ffb3c000 2353       3       org.jetbrains.kotlin.metadata.ProtoBuf$Type::hasAbbreviatedType (20 bytes)
Event: 3.411 Thread 0x00000204ffb3c000 nmethod 2353 0x00000204809d7890 code [0x00000204809d7a40, 0x00000204809d7bb8]
Event: 3.412 Thread 0x00000204ffb3c000 2333       1       org.jetbrains.kotlin.metadata.ProtoBuf$Class::getTypeTable (5 bytes)
Event: 3.412 Thread 0x00000204ffb3c000 nmethod 2333 0x0000020487baee10 code [0x0000020487baefc0, 0x0000020487baf078]
Event: 3.412 Thread 0x00000204ffb3c000 2360       1       org.jetbrains.kotlin.protobuf.GeneratedMessageLite$GeneratedExtension::getContainingTypeDefaultInstance (5 bytes)
Event: 3.412 Thread 0x00000204ffb3c000 nmethod 2360 0x0000020487baf110 code [0x0000020487baf2c0, 0x0000020487baf378]
Event: 3.412 Thread 0x00000204ffb3c000 2321       1       org.jetbrains.kotlin.com.intellij.util.containers.hash.LinkedHashMap$Entry::access$200 (5 bytes)
Event: 3.412 Thread 0x00000204ffb3c000 nmethod 2321 0x0000020487baf410 code [0x0000020487baf5c0, 0x0000020487baf658]
Event: 3.412 Thread 0x00000204ffb3c000 2342       1       org.jetbrains.kotlin.com.intellij.util.containers.hash.LinkedHashMap$Entry::access$100 (5 bytes)
Event: 3.412 Thread 0x00000204ffb3c000 nmethod 2342 0x0000020487baf710 code [0x0000020487baf8c0, 0x0000020487baf958]
Event: 3.412 Thread 0x00000204ffb3c000 2343       1       org.jetbrains.kotlin.com.intellij.util.containers.hash.LinkedHashMap$Entry::access$000 (5 bytes)
Event: 3.412 Thread 0x00000204ffb3c000 nmethod 2343 0x0000020487bafa10 code [0x0000020487bafbc0, 0x0000020487bafc58]
Event: 3.415 Thread 0x0000020492164000 nmethod 2347 0x0000020487bafd10 code [0x0000020487bafec0, 0x0000020487bb01e8]

GC Heap History (10 events):
Event: 0.918 GC heap before
{Heap before GC invocations=0 (full 0):
 garbage-first heap   total 131072K, used 27648K [0x0000000081c00000, 0x0000000100000000)
  region size 1024K, 24 young (24576K), 0 survivors (0K)
 Metaspace       used 12340K, capacity 12501K, committed 12800K, reserved 1060864K
  class space    used 1163K, capacity 1206K, committed 1280K, reserved 1048576K
}
Event: 0.925 GC heap after
{Heap after GC invocations=1 (full 0):
 garbage-first heap   total 131072K, used 5776K [0x0000000081c00000, 0x0000000100000000)
  region size 1024K, 3 young (3072K), 3 survivors (3072K)
 Metaspace       used 12340K, capacity 12501K, committed 12800K, reserved 1060864K
  class space    used 1163K, capacity 1206K, committed 1280K, reserved 1048576K
}
Event: 1.815 GC heap before
{Heap before GC invocations=1 (full 0):
 garbage-first heap   total 131072K, used 41616K [0x0000000081c00000, 0x0000000100000000)
  region size 1024K, 39 young (39936K), 3 survivors (3072K)
 Metaspace       used 20946K, capacity 21222K, committed 21248K, reserved 1069056K
  class space    used 2223K, capacity 2293K, committed 2304K, reserved 1048576K
}
Event: 1.831 GC heap after
{Heap after GC invocations=2 (full 0):
 garbage-first heap   total 131072K, used 9216K [0x0000000081c00000, 0x0000000100000000)
  region size 1024K, 6 young (6144K), 6 survivors (6144K)
 Metaspace       used 20946K, capacity 21222K, committed 21248K, reserved 1069056K
  class space    used 2223K, capacity 2293K, committed 2304K, reserved 1048576K
}
Event: 3.069 GC heap before
{Heap before GC invocations=3 (full 0):
 garbage-first heap   total 131072K, used 62464K [0x0000000081c00000, 0x0000000100000000)
  region size 1024K, 53 young (54272K), 6 survivors (6144K)
 Metaspace       used 32707K, capacity 33189K, committed 33276K, reserved 1079296K
  class space    used 4106K, capacity 4296K, committed 4352K, reserved 1048576K
}
Event: 3.102 GC heap after
{Heap after GC invocations=4 (full 0):
 garbage-first heap   total 131072K, used 20015K [0x0000000081c00000, 0x0000000100000000)
  region size 1024K, 7 young (7168K), 7 survivors (7168K)
 Metaspace       used 32707K, capacity 33189K, committed 33276K, reserved 1079296K
  class space    used 4106K, capacity 4296K, committed 4352K, reserved 1048576K
}
Event: 3.318 GC heap before
{Heap before GC invocations=4 (full 0):
 garbage-first heap   total 131072K, used 28207K [0x0000000081c00000, 0x0000000100000000)
  region size 1024K, 15 young (15360K), 7 survivors (7168K)
 Metaspace       used 34550K, capacity 35077K, committed 35324K, reserved 1079296K
  class space    used 4306K, capacity 4520K, committed 4608K, reserved 1048576K
}
Event: 3.340 GC heap after
{Heap after GC invocations=5 (full 0):
 garbage-first heap   total 131072K, used 21288K [0x0000000081c00000, 0x0000000100000000)
  region size 1024K, 1 young (1024K), 1 survivors (1024K)
 Metaspace       used 34550K, capacity 35077K, committed 35324K, reserved 1079296K
  class space    used 4306K, capacity 4520K, committed 4608K, reserved 1048576K
}
Event: 3.455 GC heap before
{Heap before GC invocations=5 (full 0):
 garbage-first heap   total 131072K, used 25384K [0x0000000081c00000, 0x0000000100000000)
  region size 1024K, 6 young (6144K), 1 survivors (1024K)
 Metaspace       used 35386K, capacity 35856K, committed 36048K, reserved 1081344K
  class space    used 4401K, capacity 4588K, committed 4608K, reserved 1048576K
}
Event: 3.462 GC heap after
{Heap after GC invocations=6 (full 0):
 garbage-first heap   total 163840K, used 21569K [0x0000000081c00000, 0x0000000100000000)
  region size 1024K, 2 young (2048K), 2 survivors (2048K)
 Metaspace       used 35386K, capacity 35856K, committed 36048K, reserved 1081344K
  class space    used 4401K, capacity 4588K, committed 4608K, reserved 1048576K
}

Deoptimization events (20 events):
Event: 3.387 Thread 0x00000204f3fbc000 Uncommon trap: trap_request=0xffffffde fr.pc=0x0000020487b89a10 relative=0x0000000000000070
Event: 3.387 Thread 0x00000204f3fbc000 Uncommon trap: reason=class_check action=maybe_recompile pc=0x0000020487b89a10 method=java.util.AbstractList$Itr.hasNext()Z @ 8 c2
Event: 3.387 Thread 0x00000204f3fbc000 DEOPT PACKING pc=0x0000020487b89a10 sp=0x000000b5836fdc70
Event: 3.387 Thread 0x00000204f3fbc000 DEOPT UNPACKING pc=0x00000204800274af sp=0x000000b5836fdc08 mode 2
Event: 3.387 Thread 0x00000204f3fbc000 Uncommon trap: trap_request=0xffffffde fr.pc=0x0000020487b89a10 relative=0x0000000000000070
Event: 3.387 Thread 0x00000204f3fbc000 Uncommon trap: reason=class_check action=maybe_recompile pc=0x0000020487b89a10 method=java.util.AbstractList$Itr.hasNext()Z @ 8 c2
Event: 3.387 Thread 0x00000204f3fbc000 DEOPT PACKING pc=0x0000020487b89a10 sp=0x000000b5836fdc70
Event: 3.387 Thread 0x00000204f3fbc000 DEOPT UNPACKING pc=0x00000204800274af sp=0x000000b5836fdc08 mode 2
Event: 3.387 Thread 0x00000204f3fbc000 Uncommon trap: trap_request=0xffffffde fr.pc=0x0000020487b89d94 relative=0x00000000000000d4
Event: 3.387 Thread 0x00000204f3fbc000 Uncommon trap: reason=class_check action=maybe_recompile pc=0x0000020487b89d94 method=java.util.AbstractList$Itr.next()Ljava/lang/Object; @ 14 c2
Event: 3.387 Thread 0x00000204f3fbc000 DEOPT PACKING pc=0x0000020487b89d94 sp=0x000000b5836fdc00
Event: 3.387 Thread 0x00000204f3fbc000 DEOPT UNPACKING pc=0x00000204800274af sp=0x000000b5836fdb98 mode 2
Event: 3.387 Thread 0x00000204f3fbc000 Uncommon trap: trap_request=0xffffffde fr.pc=0x0000020487b89d94 relative=0x00000000000000d4
Event: 3.387 Thread 0x00000204f3fbc000 Uncommon trap: reason=class_check action=maybe_recompile pc=0x0000020487b89d94 method=java.util.AbstractList$Itr.next()Ljava/lang/Object; @ 14 c2
Event: 3.387 Thread 0x00000204f3fbc000 DEOPT PACKING pc=0x0000020487b89d94 sp=0x000000b5836fdc00
Event: 3.387 Thread 0x00000204f3fbc000 DEOPT UNPACKING pc=0x00000204800274af sp=0x000000b5836fdb98 mode 2
Event: 3.387 Thread 0x00000204f3fbc000 Uncommon trap: trap_request=0xffffffde fr.pc=0x0000020487b89d94 relative=0x00000000000000d4
Event: 3.387 Thread 0x00000204f3fbc000 Uncommon trap: reason=class_check action=maybe_recompile pc=0x0000020487b89d94 method=java.util.AbstractList$Itr.next()Ljava/lang/Object; @ 14 c2
Event: 3.387 Thread 0x00000204f3fbc000 DEOPT PACKING pc=0x0000020487b89d94 sp=0x000000b5836fdc00
Event: 3.387 Thread 0x00000204f3fbc000 DEOPT UNPACKING pc=0x00000204800274af sp=0x000000b5836fdb98 mode 2

Classes redefined (0 events):
No events

Internal exceptions (20 events):
Event: 1.408 Thread 0x00000204f3fbc000 Exception <a 'java/lang/NoSuchMethodError'{0x00000000888f7808}: 'long java.lang.invoke.DelegatingMethodHandle$Holder.reinvoke_L(java.lang.Object, java.lang.Object, java.lang.Object)'> (0x00000000888f7808) thrown at [./src/hotspot/share/interpreter/linkResolver.cpp, line 773]
Event: 1.410 Thread 0x00000204f3fbc000 Exception <a 'java/lang/NoSuchMethodError'{0x0000000088701978}: 'int java.lang.invoke.DirectMethodHandle$Holder.invokeSpecial(java.lang.Object, java.lang.Object, java.lang.Object, java.lang.Object)'> (0x0000000088701978) thrown at [./src/hotspot/share/interpreter/linkResolver.cpp, line 773]
Event: 1.412 Thread 0x00000204f3fbc000 Exception <a 'java/lang/NoSuchMethodError'{0x0000000088710758}: 'int java.lang.invoke.DelegatingMethodHandle$Holder.reinvoke_L(java.lang.Object, java.lang.Object, java.lang.Object, long, int)'> (0x0000000088710758) thrown at [./src/hotspot/share/interpreter/linkResolver.cpp, line 773]
Event: 1.555 Thread 0x00000204f3fbc000 Exception <a 'java/lang/NoSuchMethodError'{0x000000008807c8c0}: 'int java.lang.invoke.DirectMethodHandle$Holder.invokeSpecialIFC(java.lang.Object, java.lang.Object, int)'> (0x000000008807c8c0) thrown at [./src/hotspot/share/interpreter/linkResolver.cpp, line 773]
Event: 1.761 Thread 0x00000204f3fbc000 Exception <a 'java/lang/NoSuchMethodError'{0x000000008789b710}: 'java.lang.Object java.lang.invoke.DirectMethodHandle$Holder.invokeStaticInit(java.lang.Object, int)'> (0x000000008789b710) thrown at [./src/hotspot/share/interpreter/linkResolver.cpp, line 773]
Event: 1.803 Thread 0x00000204f3fbc000 Exception <a 'java/lang/NoSuchMethodError'{0x000000008765d378}: 'long java.lang.invoke.DirectMethodHandle$Holder.invokeStatic(java.lang.Object)'> (0x000000008765d378) thrown at [./src/hotspot/share/interpreter/linkResolver.cpp, line 773]
Event: 1.803 Thread 0x00000204f3fbc000 Exception <a 'java/lang/NoSuchMethodError'{0x00000000876601d0}: 'long java.lang.invoke.DirectMethodHandle$Holder.invokeStaticInit(java.lang.Object)'> (0x00000000876601d0) thrown at [./src/hotspot/share/interpreter/linkResolver.cpp, line 773]
Event: 1.898 Thread 0x00000204f3fbc000 Exception <a 'java/lang/NoSuchMethodError'{0x0000000089806b28}: 'int java.lang.invoke.DirectMethodHandle$Holder.invokeStaticInit(java.lang.Object, java.lang.Object, java.lang.Object)'> (0x0000000089806b28) thrown at [./src/hotspot/share/interpreter/linkResolver.cpp, line 773]
Event: 1.904 Thread 0x00000204f3fbc000 Exception <a 'java/lang/NoSuchMethodError'{0x00000000898325e8}: 'int java.lang.invoke.DirectMethodHandle$Holder.invokeStaticInit(java.lang.Object, java.lang.Object)'> (0x00000000898325e8) thrown at [./src/hotspot/share/interpreter/linkResolver.cpp, line 773]
Event: 1.978 Thread 0x00000204f3fbc000 Exception <a 'java/lang/NoSuchMethodError'{0x0000000089645d48}: 'void java.lang.invoke.DirectMethodHandle$Holder.invokeSpecial(java.lang.Object, java.lang.Object)'> (0x0000000089645d48) thrown at [./src/hotspot/share/interpreter/linkResolver.cpp, line 773]
Event: 2.194 Thread 0x00000204f3fbc000 Exception <a 'java/lang/NoSuchMethodError'{0x0000000088e6c3e0}: 'java.lang.Object java.lang.invoke.DirectMethodHandle$Holder.invokeStatic(java.lang.Object, java.lang.Object, java.lang.Object, java.lang.Object, java.lang.Object, java.lang.Object, java.lang.Object, java.lang.Object, java.lang.Object, java.lang.Object, java.lang.Object, java.lang.Object, java.lang.Object, java.lang.Object, java.lang.Object)'> (0x0000000088e6c3e0) thrown at [./src/hotspot/share/interpreter/linkResolver.cpp, line 773]
Event: 2.196 Thread 0x00000204f3fbc000 Exception <a 'java/lang/NoSuchMethodError'{0x0000000088e7a3e8}: 'java.lang.Object java.lang.invoke.DirectMethodHandle$Holder.invokeStatic(java.lang.Object, java.lang.Object, java.lang.Object, java.lang.Object, java.lang.Object, java.lang.Object, java.lang.Object, java.lang.Object, java.lang.Object, java.lang.Object, java.lang.Object, java.lang.Object, java.lang.Object, java.lang.Object, java.lang.Object, java.lang.Object)'> (0x0000000088e7a3e8) thrown at [./src/hotspot/share/interpreter/linkResolver.cpp, l
Event: 2.197 Thread 0x00000204f3fbc000 Exception <a 'java/lang/NoSuchMethodError'{0x0000000088e88540}: 'java.lang.Object java.lang.invoke.DirectMethodHandle$Holder.invokeSpecial(java.lang.Object, java.lang.Object, int, int, java.lang.Object, java.lang.Object, java.lang.Object)'> (0x0000000088e88540) thrown at [./src/hotspot/share/interpreter/linkResolver.cpp, line 773]
Event: 2.198 Thread 0x00000204f3fbc000 Exception <a 'java/lang/NoSuchMethodError'{0x0000000088e8bd78}: 'java.lang.Object java.lang.invoke.DelegatingMethodHandle$Holder.reinvoke_L(java.lang.Object, int, int, java.lang.Object, java.lang.Object, java.lang.Object)'> (0x0000000088e8bd78) thrown at [./src/hotspot/share/interpreter/linkResolver.cpp, line 773]
Event: 2.199 Thread 0x00000204f3fbc000 Exception <a 'java/lang/NoSuchMethodError'{0x0000000088e90100}: 'java.lang.Object java.lang.invoke.DirectMethodHandle$Holder.invokeStatic(java.lang.Object, java.lang.Object, java.lang.Object, java.lang.Object, int)'> (0x0000000088e90100) thrown at [./src/hotspot/share/interpreter/linkResolver.cpp, line 773]
Event: 2.251 Thread 0x00000204f3fbc000 Exception <a 'java/lang/NoSuchMethodError'{0x0000000088db4f10}: 'void java.lang.invoke.DirectMethodHandle$Holder.invokeStatic(java.lang.Object, java.lang.Object, java.lang.Object, java.lang.Object)'> (0x0000000088db4f10) thrown at [./src/hotspot/share/interpreter/linkResolver.cpp, line 773]
Event: 2.352 Thread 0x00000204f3fbc000 Exception <a 'java/lang/NoSuchMethodError'{0x00000000889970d8}: 'void java.lang.invoke.DirectMethodHandle$Holder.invokeStaticInit(java.lang.Object, java.lang.Object)'> (0x00000000889970d8) thrown at [./src/hotspot/share/interpreter/linkResolver.cpp, line 773]
Event: 2.481 Thread 0x00000204f3fbc000 Exception <a 'java/lang/NoSuchMethodError'{0x00000000884b1640}: 'void java.lang.invoke.DirectMethodHandle$Holder.invokeVirtual(java.lang.Object, java.lang.Object)'> (0x00000000884b1640) thrown at [./src/hotspot/share/interpreter/linkResolver.cpp, line 773]
Event: 2.492 Thread 0x00000204f3fbc000 Exception <a 'java/lang/NoSuchMethodError'{0x0000000088336960}: 'int java.lang.invoke.DirectMethodHandle$Holder.invokeVirtual(java.lang.Object, java.lang.Object)'> (0x0000000088336960) thrown at [./src/hotspot/share/interpreter/linkResolver.cpp, line 773]
Event: 3.365 Thread 0x00000204f3fbc000 Exception <a 'java/lang/NoSuchMethodError'{0x0000000089be8da8}: 'java.lang.Object java.lang.invoke.DirectMethodHandle$Holder.invokeVirtual(java.lang.Object, java.lang.Object, java.lang.Object)'> (0x0000000089be8da8) thrown at [./src/hotspot/share/interpreter/linkResolver.cpp, line 773]

Events (20 events):
Event: 3.449 loading class org/jetbrains/kotlin/container/ComponentStorageState done
Event: 3.450 loading class org/jetbrains/kotlin/container/ComponentRegistry
Event: 3.450 loading class org/jetbrains/kotlin/container/ComponentRegistry done
Event: 3.451 loading class org/jetbrains/kotlin/resolve/PlatformConfiguratorBaseKt
Event: 3.451 loading class org/jetbrains/kotlin/resolve/PlatformConfiguratorBaseKt done
Event: 3.452 loading class org/jetbrains/kotlin/resolve/checkers/DataClassDeclarationChecker
Event: 3.452 loading class org/jetbrains/kotlin/resolve/checkers/DataClassDeclarationChecker done
Event: 3.452 loading class org/jetbrains/kotlin/resolve/checkers/ConstModifierChecker
Event: 3.452 loading class org/jetbrains/kotlin/resolve/checkers/ConstModifierChecker done
Event: 3.453 loading class org/jetbrains/kotlin/resolve/checkers/UnderscoreChecker
Event: 3.453 loading class org/jetbrains/kotlin/resolve/checkers/UnderscoreChecker done
Event: 3.453 loading class org/jetbrains/kotlin/resolve/checkers/InlineParameterChecker
Event: 3.453 loading class org/jetbrains/kotlin/resolve/checkers/InlineParameterChecker done
Event: 3.454 loading class org/jetbrains/kotlin/resolve/checkers/InfixModifierChecker
Event: 3.454 loading class org/jetbrains/kotlin/resolve/checkers/InfixModifierChecker done
Event: 3.454 loading class org/jetbrains/kotlin/resolve/checkers/SinceKotlinAnnotationValueChecker
Event: 3.454 loading class org/jetbrains/kotlin/resolve/checkers/SinceKotlinAnnotationValueChecker done
Event: 3.455 loading class org/jetbrains/kotlin/resolve/checkers/KotlinVersionStringAnnotationValueChecker
Event: 3.455 loading class org/jetbrains/kotlin/resolve/checkers/KotlinVersionStringAnnotationValueChecker done
Event: 3.455 Executing VM operation: CollectForMetadataAllocation


Dynamic libraries:
0x00007ff6f7210000 - 0x00007ff6f721a000 	C:\Users\Dark Knight\Desktop\Android Studio\jre\bin\java.exe
0x00007ffed5bd0000 - 0x00007ffed5dc5000 	C:\WINDOWS\SYSTEM32\ntdll.dll
0x00007ffed4a70000 - 0x00007ffed4b2e000 	C:\WINDOWS\System32\KERNEL32.DLL
0x00007ffed3530000 - 0x00007ffed37f8000 	C:\WINDOWS\System32\KERNELBASE.dll
0x00007ffed3800000 - 0x00007ffed3900000 	C:\WINDOWS\System32\ucrtbase.dll
0x00007ffec89e0000 - 0x00007ffec89f9000 	C:\Users\Dark Knight\Desktop\Android Studio\jre\bin\jli.dll
0x00007ffebf1a0000 - 0x00007ffebf1b7000 	C:\Users\Dark Knight\Desktop\Android Studio\jre\bin\VCRUNTIME140.dll
0x00007ffed3df0000 - 0x00007ffed3f91000 	C:\WINDOWS\System32\USER32.dll
0x00007ffed3a60000 - 0x00007ffed3a82000 	C:\WINDOWS\System32\win32u.dll
0x00007ffed49e0000 - 0x00007ffed4a0b000 	C:\WINDOWS\System32\GDI32.dll
0x00007ffeba100000 - 0x00007ffeba39a000 	C:\WINDOWS\WinSxS\amd64_microsoft.windows.common-controls_6595b64144ccf1df_6.0.19041.1110_none_60b5254171f9507e\COMCTL32.dll
0x00007ffed3ae0000 - 0x00007ffed3beb000 	C:\WINDOWS\System32\gdi32full.dll
0x00007ffed41a0000 - 0x00007ffed423e000 	C:\WINDOWS\System32\msvcrt.dll
0x00007ffed3400000 - 0x00007ffed349d000 	C:\WINDOWS\System32\msvcp_win.dll
0x00007ffed3dc0000 - 0x00007ffed3df0000 	C:\WINDOWS\System32\IMM32.DLL
0x00007ffe85720000 - 0x00007ffe857bd000 	C:\Users\Dark Knight\Desktop\Android Studio\jre\bin\msvcp140.dll
0x00007ffe612c0000 - 0x00007ffe61d7c000 	C:\Users\Dark Knight\Desktop\Android Studio\jre\bin\server\jvm.dll
0x00007ffed4bf0000 - 0x00007ffed4c9c000 	C:\WINDOWS\System32\ADVAPI32.dll
0x00007ffed4b40000 - 0x00007ffed4bdb000 	C:\WINDOWS\System32\sechost.dll
0x00007ffed58b0000 - 0x00007ffed59da000 	C:\WINDOWS\System32\RPCRT4.dll
0x00007ffed49d0000 - 0x00007ffed49d8000 	C:\WINDOWS\System32\PSAPI.DLL
0x00007ffeb8aa0000 - 0x00007ffeb8aa9000 	C:\WINDOWS\SYSTEM32\WSOCK32.dll
0x00007ffebb460000 - 0x00007ffebb487000 	C:\WINDOWS\SYSTEM32\WINMM.dll
0x00007ffeca6f0000 - 0x00007ffeca6fa000 	C:\WINDOWS\SYSTEM32\VERSION.dll
0x00007ffed4050000 - 0x00007ffed40bb000 	C:\WINDOWS\System32\WS2_32.dll
0x00007ffed13d0000 - 0x00007ffed13e2000 	C:\WINDOWS\SYSTEM32\kernel.appcore.dll
0x00007ffebe050000 - 0x00007ffebe061000 	C:\Users\Dark Knight\Desktop\Android Studio\jre\bin\verify.dll
0x00007ffed0c20000 - 0x00007ffed0e04000 	C:\WINDOWS\SYSTEM32\DBGHELP.DLL
0x00007ffec17e0000 - 0x00007ffec180c000 	C:\WINDOWS\SYSTEM32\dbgcore.DLL
0x00007ffed34a0000 - 0x00007ffed3523000 	C:\WINDOWS\System32\bcryptPrimitives.dll
0x00007ffeb1e90000 - 0x00007ffeb1eb9000 	C:\Users\Dark Knight\Desktop\Android Studio\jre\bin\java.dll
0x00007ffecb070000 - 0x00007ffecb07b000 	C:\Users\Dark Knight\Desktop\Android Studio\jre\bin\jimage.dll
0x00007ffebad60000 - 0x00007ffebad78000 	C:\Users\Dark Knight\Desktop\Android Studio\jre\bin\zip.dll
0x00007ffed5060000 - 0x00007ffed579f000 	C:\WINDOWS\System32\SHELL32.dll
0x00007ffed13f0000 - 0x00007ffed1b80000 	C:\WINDOWS\SYSTEM32\windows.storage.dll
0x00007ffed4d00000 - 0x00007ffed5055000 	C:\WINDOWS\System32\combase.dll
0x00007ffed2d40000 - 0x00007ffed2d6e000 	C:\WINDOWS\SYSTEM32\Wldp.dll
0x00007ffed57a0000 - 0x00007ffed584d000 	C:\WINDOWS\System32\SHCORE.dll
0x00007ffed47b0000 - 0x00007ffed4805000 	C:\WINDOWS\System32\shlwapi.dll
0x00007ffed3230000 - 0x00007ffed324f000 	C:\WINDOWS\SYSTEM32\profapi.dll
0x00007ffeb0f80000 - 0x00007ffeb0f9a000 	C:\Users\Dark Knight\Desktop\Android Studio\jre\bin\net.dll
0x00007ffec0730000 - 0x00007ffec083c000 	C:\WINDOWS\SYSTEM32\WINHTTP.dll
0x00007ffed2aa0000 - 0x00007ffed2b0a000 	C:\WINDOWS\system32\mswsock.dll
0x00007ffeb05e0000 - 0x00007ffeb05f4000 	C:\Users\Dark Knight\Desktop\Android Studio\jre\bin\nio.dll

dbghelp: loaded successfully - version: 4.0.5 - missing functions: none
symbol engine: initialized successfully - sym options: 0x614 - pdb path: .;C:\Users\Dark Knight\Desktop\Android Studio\jre\bin;C:\WINDOWS\SYSTEM32;C:\WINDOWS\WinSxS\amd64_microsoft.windows.common-controls_6595b64144ccf1df_6.0.19041.1110_none_60b5254171f9507e;C:\Users\Dark Knight\Desktop\Android Studio\jre\bin\server

VM Arguments:
java_command: org.jetbrains.kotlin.cli.jvm.K2JVMCompiler @C:\Android Projects\Udemy TUTORIAL\app\build\20211205_14390553421891425675.compiler.options
java_class_path (initial): C:\Users\Dark Knight\.gradle\caches\modules-2\files-2.1\org.jetbrains.kotlin\kotlin-compiler-embeddable\1.6.0\aa8da3bedc53c89219b84a0b40c7419431a13e76\kotlin-compiler-embeddable-1.6.0.jar;C:\Users\Dark Knight\.gradle\caches\modules-2\files-2.1\org.jetbrains.kotlin\kotlin-reflect\1.6.0\a215a7f914d5916dc5fd2d45cea16524e0220203\kotlin-reflect-1.6.0.jar;C:\Users\Dark Knight\.gradle\caches\modules-2\files-2.1\org.jetbrains.kotlin\kotlin-stdlib\1.6.0\a40b8b22529b733892edf4b73468ce598bb17f04\kotlin-stdlib-1.6.0.jar;C:\Users\Dark Knight\.gradle\caches\modules-2\files-2.1\org.jetbrains.kotlin\kotlin-script-runtime\1.6.0\55f72526ddcff6fc77d72cdf949c7e3d9bd95620\kotlin-script-runtime-1.6.0.jar;C:\Users\Dark Knight\.gradle\caches\modules-2\files-2.1\org.jetbrains.kotlin\kotlin-daemon-embeddable\1.6.0\d6242b37f4ce6b637d10847c7558446272ec8432\kotlin-daemon-embeddable-1.6.0.jar;C:\Users\Dark Knight\.gradle\caches\modules-2\files-2.1\org.jetbrains.intellij.deps\trove4j\1.0.20181211\216c2e14b070f334479d800987affe4054cd563f\trove4j-1.0.20181211.jar;C:\Users\Dark Knight\.gradle\caches\modules-2\files-2.1\net.java.dev.jna\jna\5.6.0\330f2244e9030119ab3030fc3fededc86713d9cc\jna-5.6.0.jar;C:\Users\Dark Knight\.gradle\caches\modules-2\files-2.1\org.jetbrains\annotations\13.0\919f0dfe192fb4e063e7dacadee7f8bb9a2672a9\annotations-13.0.jar;C:\Users\Dark Knight\.gradle\caches\modules-2\files-2.1\org.jetbrains.kotlin\kotlin-stdlib-common\1.6.0\7857e365f925cfa060f941c1357cda1f8790502c\kotlin-stdlib-common-1.6.0.jar
Launcher Type: SUN_STANDARD

[Global flags]
     intx CICompilerCount                          = 4                                         {product} {ergonomic}
     uint ConcGCThreads                            = 2                                         {product} {ergonomic}
     uint G1ConcRefinementThreads                  = 8                                         {product} {ergonomic}
   size_t G1HeapRegionSize                         = 1048576                                   {product} {ergonomic}
    uintx GCDrainStackTargetSize                   = 64                                        {product} {ergonomic}
   size_t InitialHeapSize                          = 134217728                                 {product} {ergonomic}
   size_t MarkStackSize                            = 4194304                                   {product} {ergonomic}
   size_t MaxHeapSize                              = 2118123520                                {product} {ergonomic}
   size_t MaxNewSize                               = 1270874112                                {product} {ergonomic}
   size_t MinHeapDeltaBytes                        = 1048576                                   {product} {ergonomic}
    uintx NonNMethodCodeHeapSize                   = 5836300                                {pd product} {ergonomic}
    uintx NonProfiledCodeHeapSize                  = 122910970                              {pd product} {ergonomic}
    uintx ProfiledCodeHeapSize                     = 122910970                              {pd product} {ergonomic}
    uintx ReservedCodeCacheSize                    = 251658240                              {pd product} {ergonomic}
     bool SegmentedCodeCache                       = true                                      {product} {ergonomic}
     bool UseCompressedClassPointers               = true                                 {lp64_product} {ergonomic}
     bool UseCompressedOops                        = true                                 {lp64_product} {ergonomic}
     bool UseG1GC                                  = true                                      {product} {ergonomic}
     bool UseLargePagesIndividualAllocation        = false                                  {pd product} {ergonomic}

Logging:
Log output configuration:
 #0: stdout all=warning uptime,level,tags
 #1: stderr all=off uptime,level,tags

Environment Variables:
PATH=C:\Windows\system32;C:\Windows;C:\Windows\System32\Wbem;C:\Windows\System32\WindowsPowerShell\v1.0\;C:\Windows\System32\OpenSSH\;C:\Program Files (x86)\NVIDIA Corporation\PhysX\Common;C:\Program Files\NVIDIA Corporation\NVIDIA NvDLISR;C:\WINDOWS\system32;C:\WINDOWS;C:\WINDOWS\System32\Wbem;C:\WINDOWS\System32\WindowsPowerShell\v1.0\;C:\WINDOWS\System32\OpenSSH\;C:\MinGW\bin;C:\Program Files\MEGA-X;C:\WINDOWS\system32;C:\WINDOWS;C:\WINDOWS\System32\Wbem;C:\WINDOWS\System32\WindowsPowerShell\v1.0\;C:\WINDOWS\System32\OpenSSH\;C:\Program Files\Git\cmd;C:\Users\Dark Knight\AppData\Local\Microsoft\WindowsApps;C:\Users\Dark Knight\AppData\Local\atom\bin;C:\MinGW\bin;C:\Program Files (x86)\Microsoft Visual Studio\2019\BuildTools\MSBuild\Current\Bin;C:\Users\Dark Knight\AppData\Local\Microsoft\WindowsApps
USERNAME=Dark Knight
OS=Windows_NT
PROCESSOR_IDENTIFIER=Intel64 Family 6 Model 158 Stepping 10, GenuineIntel



---------------  S Y S T E M  ---------------

OS: Windows 10 , 64 bit Build 19041 (10.0.19041.1348)
OS uptime: 1 days 9:55 hours

CPU:total 8 (initial active 8) (4 cores per cpu, 2 threads per core) family 6 model 158 stepping 10, cmov, cx8, fxsr, mmx, sse, sse2, sse3, ssse3, sse4.1, sse4.2, popcnt, avx, avx2, aes, clmul, erms, 3dnowpref, lzcnt, ht, tsc, tscinvbit, bmi1, bmi2, adx, fma

Memory: 4k page, system-wide physical 8072M (471M free)
TotalPageFile size 12168M (AvailPageFile size 5M)
current process WorkingSet (physical memory assigned to process): 205M, peak: 205M
current process commit charge ("private bytes"): 325M, peak: 326M

vm_info: OpenJDK 64-Bit Server VM (11.0.8+10-b944.6842174) for windows-amd64 JRE (11.0.8+10-b944.6842174), built on Sep 19 2020 01:11:42 by "builder" with MS VC++ 14.0 (VS2015)

END.
