#
# There is insufficient memory for the Java Runtime Environment to continue.
# Native memory allocation (malloc) failed to allocate 1411696 bytes for Chunk::new
# Possible reasons:
#   The system is out of physical RAM or swap space
#   The process is running with CompressedOops enabled, and the Java Heap may be blocking the growth of the native heap
# Possible solutions:
#   Reduce memory load on the system
#   Increase physical memory or swap space
#   Check if swap backing store is full
#   Decrease Java heap size (-Xmx/-Xms)
#   Decrease number of Java threads
#   Decrease Java thread stack sizes (-Xss)
#   Set larger code cache with -XX:ReservedCodeCacheSize=
#   JVM is running with Unscaled Compressed Oops mode in which the Java heap is
#     placed in the first 4GB address space. The Java Heap base address is the
#     maximum limit for the native heap growth. Please use -XX:HeapBaseMinAddress
#     to set the Java Heap base and to place the Java Heap above 4GB virtual address.
# This output file may be truncated or incomplete.
#
#  Out of Memory Error (./src/hotspot/share/memory/arena.cpp:197), pid=13492, tid=22520
#
# JRE version: OpenJDK Runtime Environment (11.0.8+10) (build 11.0.8+10-b944.6842174)
# Java VM: OpenJDK 64-Bit Server VM (11.0.8+10-b944.6842174, mixed mode, tiered, compressed oops, g1 gc, windows-amd64)
# No core dump will be written. Minidumps are not enabled by default on client versions of Windows
#

---------------  S U M M A R Y ------------

Command Line: --add-opens=java.base/java.util=ALL-UNNAMED --add-opens=java.base/java.lang=ALL-UNNAMED --add-opens=java.base/java.lang.invoke=ALL-UNNAMED --add-opens=java.prefs/java.util.prefs=ALL-UNNAMED -Xmx2048m -Dfile.encoding=UTF-8 -Duser.country=IN -Duser.language=en -Duser.variant org.gradle.launcher.daemon.bootstrap.GradleDaemon 6.7.1

Host: Intel(R) Core(TM) i5-9300H CPU @ 2.40GHz, 8 cores, 7G,  Windows 10 , 64 bit Build 19041 (10.0.19041.1348)
Time: Tue Dec 21 10:05:34 2021 India Standard Time elapsed time: 17 seconds (0d 0h 0m 17s)

---------------  T H R E A D  ---------------

Current thread (0x00000203133fd000):  JavaThread "C2 CompilerThread1" daemon [_thread_in_native, id=22520, stack(0x0000002914b00000,0x0000002914c00000)]


Current CompileTask:
C2:  17752 13788 %     4       com.android.tools.r8.dex.n::m @ 64 (2054 bytes)

Stack: [0x0000002914b00000,0x0000002914c00000]
Native frames: (J=compiled Java code, j=interpreted, Vv=VM code, C=native code)
V  [jvm.dll+0x5de50a]
V  [jvm.dll+0x7122f5]
V  [jvm.dll+0x71384d]
V  [jvm.dll+0x713f03]
V  [jvm.dll+0x23e728]
V  [jvm.dll+0xb899c]
V  [jvm.dll+0xb8e9c]
V  [jvm.dll+0x35020b]
V  [jvm.dll+0x31dea3]
V  [jvm.dll+0x31d39a]
V  [jvm.dll+0x1f7702]
V  [jvm.dll+0x1f68d4]
V  [jvm.dll+0x17f32c]
V  [jvm.dll+0x205047]
V  [jvm.dll+0x203891]
V  [jvm.dll+0x6dad3f]
V  [jvm.dll+0x6d3895]
V  [jvm.dll+0x5dd4a6]
C  [ucrtbase.dll+0x21bb2]
C  [KERNEL32.DLL+0x17034]
C  [ntdll.dll+0x52651]


---------------  P R O C E S S  ---------------

Threads class SMR info:
_java_thread_list=0x000002031a7a39a0, length=190, elements={
0x000002037659e000, 0x000002037f8c6800, 0x000002037f8cf000, 0x000002037f8ec800,
0x000002037f8ed800, 0x000002037f8f2800, 0x000002037f901800, 0x000002037f92e000,
0x000002037fad7800, 0x000002037fafb800, 0x0000020313133800, 0x000002037fccd000,
0x00000203134ae800, 0x000002031205c000, 0x0000020312fc9800, 0x00000203127f5000,
0x0000020312ce9800, 0x0000020312054800, 0x0000020312cf4800, 0x000002031377e000,
0x00000203133fe000, 0x00000203133ff000, 0x00000203133fc800, 0x00000203133fd000,
0x0000020314d59800, 0x0000020314d5a000, 0x0000020314d55000, 0x0000020314d57800,
0x0000020314d5b000, 0x0000020314d58800, 0x0000020314d5b800, 0x0000020314d5c800,
0x0000020314d57000, 0x0000020314d62000, 0x0000020314d63000, 0x0000020314d61800,
0x0000020314d5f000, 0x0000020314d60000, 0x0000020314d60800, 0x0000020314d5e000,
0x0000020314d5d800, 0x0000020314d64000, 0x0000020316f60800, 0x0000020316f64800,
0x0000020316f64000, 0x0000020316f60000, 0x0000020316f62000, 0x0000020316f67000,
0x0000020316f66800, 0x0000020316f61800, 0x0000020316f65800, 0x0000020316f68000,
0x0000020316f69000, 0x0000020316f63000, 0x0000020316f6d000, 0x0000020316f6b000,
0x0000020316f6c000, 0x0000020316f6d800, 0x0000020316f6e800, 0x0000020316f69800,
0x0000020316f6a800, 0x0000020317073000, 0x0000020317074000, 0x0000020317072800,
0x0000020317075000, 0x0000020317071800, 0x000002031706f000, 0x0000020317075800,
0x0000020317070000, 0x0000020317076800, 0x0000020317070800, 0x0000020317079000,
0x000002031707b800, 0x0000020317079800, 0x000002031707c000, 0x000002031707d000,
0x000002031707a800, 0x0000020317077800, 0x0000020317078000, 0x000002031707e000,
0x0000020317088000, 0x0000020317089000, 0x0000020317086800, 0x0000020317083000,
0x0000020317087000, 0x0000020317089800, 0x0000020317085000, 0x0000020317085800,
0x0000020317084000, 0x000002031708e800, 0x000002031708c000, 0x000002031708f800,
0x000002031708d800, 0x0000020317090000, 0x000002031708a800, 0x000002031708d000,
0x0000020317091000, 0x000002031708b800, 0x0000020317092000, 0x0000020314f18800,
0x0000020314f16000, 0x0000020314f19000, 0x0000020314f16800, 0x0000020314f1a000,
0x0000020314f15000, 0x0000020314f17800, 0x0000020314f1f000, 0x0000020314f1f800,
0x0000020314f1b800, 0x0000020314f1c800, 0x0000020314f1d800, 0x0000020314f20800,
0x0000020314f1e000, 0x0000020314f1b000, 0x0000020314f23000, 0x0000020314f24000,
0x0000020314f21800, 0x0000020314f22000, 0x0000020315014000, 0x0000020315011800,
0x0000020315013000, 0x0000020315015000, 0x000002031500f000, 0x0000020315015800,
0x0000020315010000, 0x0000020315016800, 0x0000020315010800, 0x0000020315017800,
0x0000020315018000, 0x0000020315012800, 0x000002031501a800, 0x000002031501d000,
0x0000020315019000, 0x0000020315019800, 0x000002031501b800, 0x000002031501c000,
0x000002031501e000, 0x0000020314bf0800, 0x0000020314bf1800, 0x0000020314bf5800,
0x0000020314bf4000, 0x0000020314bf2000, 0x0000020314bf3000, 0x0000020314bf0000,
0x0000020314bf6800, 0x0000020314bf9800, 0x0000020314bf7000, 0x0000020314bfa800,
0x0000020314bf8000, 0x0000020314bf4800, 0x0000020314bfb000, 0x0000020314bfc000,
0x0000020314bfd000, 0x0000020314bf8800, 0x0000020314bfe800, 0x0000020314bfd800,
0x0000020314c14000, 0x0000020314c10000, 0x0000020314c14800, 0x0000020314c15800,
0x0000020314c10800, 0x0000020314c16800, 0x0000020314c11800, 0x0000020314c12000,
0x0000020314c13000, 0x0000020317f9f000, 0x0000020317f9f800, 0x0000020317f9e000,
0x0000020317fa0800, 0x0000020317fa1800, 0x0000020317fa2000, 0x0000020317fa3000,
0x0000020317fa6000, 0x0000020317fa4800, 0x0000020317fa8000, 0x0000020317fa7000,
0x0000020317fa5800, 0x0000020317fa8800, 0x0000020317fa3800, 0x0000020317fab000,
0x0000020317faa800, 0x0000020317fac000, 0x000002031f0fb000, 0x000002031f0ff000,
0x000002031f0fd800, 0x000002031f0fe000, 0x000002031f0fb800, 0x000002031f0fa000,
0x000002031f0f9000, 0x000002031f101800
}

Java Threads: ( => current thread )
  0x000002037659e000 JavaThread "main" [_thread_blocked, id=4324, stack(0x0000002912300000,0x0000002912400000)]
  0x000002037f8c6800 JavaThread "Reference Handler" daemon [_thread_blocked, id=7568, stack(0x0000002912a00000,0x0000002912b00000)]
  0x000002037f8cf000 JavaThread "Finalizer" daemon [_thread_blocked, id=20856, stack(0x0000002912b00000,0x0000002912c00000)]
  0x000002037f8ec800 JavaThread "Signal Dispatcher" daemon [_thread_blocked, id=14004, stack(0x0000002912c00000,0x0000002912d00000)]
  0x000002037f8ed800 JavaThread "Attach Listener" daemon [_thread_blocked, id=18872, stack(0x0000002912d00000,0x0000002912e00000)]
  0x000002037f8f2800 JavaThread "C2 CompilerThread0" daemon [_thread_in_native, id=14904, stack(0x0000002912e00000,0x0000002912f00000)]
  0x000002037f901800 JavaThread "C1 CompilerThread0" daemon [_thread_blocked, id=10128, stack(0x0000002912f00000,0x0000002913000000)]
  0x000002037f92e000 JavaThread "Sweeper thread" daemon [_thread_blocked, id=21484, stack(0x0000002913000000,0x0000002913100000)]
  0x000002037fad7800 JavaThread "Common-Cleaner" daemon [_thread_blocked, id=24124, stack(0x0000002913100000,0x0000002913200000)]
  0x000002037fafb800 JavaThread "Service Thread" daemon [_thread_blocked, id=20952, stack(0x0000002913200000,0x0000002913300000)]
  0x0000020313133800 JavaThread "Daemon health stats" [_thread_blocked, id=2344, stack(0x0000002913800000,0x0000002913900000)]
  0x000002037fccd000 JavaThread "Incoming local TCP Connector on port 59892" [_thread_in_native, id=15236, stack(0x0000002913900000,0x0000002913a00000)]
  0x00000203134ae800 JavaThread "Daemon periodic checks" [_thread_blocked, id=21516, stack(0x0000002913a00000,0x0000002913b00000)]
  0x000002031205c000 JavaThread "Daemon" [_thread_blocked, id=14068, stack(0x0000002913b00000,0x0000002913c00000)]
  0x0000020312fc9800 JavaThread "Handler for socket connection from /127.0.0.1:59892 to /127.0.0.1:59893" [_thread_in_native, id=13944, stack(0x0000002913c00000,0x0000002913d00000)]
  0x00000203127f5000 JavaThread "Cancel handler" [_thread_blocked, id=1792, stack(0x0000002913d00000,0x0000002913e00000)]
  0x0000020312ce9800 JavaThread "Daemon worker" [_thread_blocked, id=11572, stack(0x0000002913e00000,0x0000002913f00000)]
  0x0000020312054800 JavaThread "Asynchronous log dispatcher for DefaultDaemonConnection: socket connection from /127.0.0.1:59892 to /127.0.0.1:59893" [_thread_blocked, id=11824, stack(0x0000002913f00000,0x0000002914000000)]
  0x0000020312cf4800 JavaThread "Stdin handler" [_thread_blocked, id=21184, stack(0x0000002914000000,0x0000002914100000)]
  0x000002031377e000 JavaThread "Thread-8" [_thread_blocked, id=16056, stack(0x0000002914100000,0x0000002914200000)]
  0x00000203133fe000 JavaThread "Cache worker for file hash cache (C:\Users\Dark Knight\.gradle\caches\6.7.1\fileHashes)" [_thread_blocked, id=18356, stack(0x0000002914700000,0x0000002914800000)]
  0x00000203133ff000 JavaThread "File lock request listener" [_thread_in_native, id=4564, stack(0x0000002914800000,0x0000002914900000)]
  0x00000203133fc800 JavaThread "Cache worker for journal cache (C:\Users\Dark Knight\.gradle\caches\journal-1)" [_thread_blocked, id=11908, stack(0x0000002914a00000,0x0000002914b00000)]
=>0x00000203133fd000 JavaThread "C2 CompilerThread1" daemon [_thread_in_native, id=22520, stack(0x0000002914b00000,0x0000002914c00000)]
  0x0000020314d59800 JavaThread "Cache worker for file hash cache (C:\Android Projects\Udemy TUTORIAL\.gradle\6.7.1\fileHashes)" [_thread_blocked, id=20300, stack(0x0000002914c00000,0x0000002914d00000)]
  0x0000020314d5a000 JavaThread "Cache worker for checksums cache (C:\Android Projects\Udemy TUTORIAL\.gradle\checksums)" [_thread_blocked, id=15928, stack(0x0000002914d00000,0x0000002914e00000)]
  0x0000020314d55000 JavaThread "Cache worker for cache directory md-supplier (C:\Users\Dark Knight\.gradle\caches\6.7.1\md-supplier)" [_thread_blocked, id=10996, stack(0x0000002914e00000,0x0000002914f00000)]
  0x0000020314d57800 JavaThread "Cache worker for cache directory md-rule (C:\Users\Dark Knight\.gradle\caches\6.7.1\md-rule)" [_thread_blocked, id=21624, stack(0x0000002914f00000,0x0000002915000000)]
  0x0000020314d5b000 JavaThread "Cache worker for execution history cache (C:\Users\Dark Knight\.gradle\caches\6.7.1\executionHistory)" [_thread_blocked, id=17312, stack(0x0000002915000000,0x0000002915100000)]
  0x0000020314d58800 JavaThread "jar transforms" [_thread_blocked, id=4168, stack(0x0000002915100000,0x0000002915200000)]
  0x0000020314d5b800 JavaThread "Cache worker for file content cache (C:\Users\Dark Knight\.gradle\caches\6.7.1\fileContent)" [_thread_blocked, id=24360, stack(0x0000002915200000,0x0000002915300000)]
  0x0000020314d5c800 JavaThread "Cache worker for Build Output Cleanup Cache (C:\Android Projects\Udemy TUTORIAL\.gradle\buildOutputCleanup)" [_thread_blocked, id=23600, stack(0x0000002915300000,0x0000002915400000)]
  0x0000020314d57000 JavaThread "Build operations" [_thread_blocked, id=12540, stack(0x0000002915400000,0x0000002915500000)]
  0x0000020314d62000 JavaThread "Build operations Thread 2" [_thread_blocked, id=19220, stack(0x0000002915500000,0x0000002915600000)]
  0x0000020314d63000 JavaThread "Build operations Thread 3" [_thread_blocked, id=11032, stack(0x0000002915600000,0x0000002915700000)]
  0x0000020314d61800 JavaThread "Build operations Thread 4" [_thread_blocked, id=1152, stack(0x0000002915700000,0x0000002915800000)]
  0x0000020314d5f000 JavaThread "Build operations Thread 5" [_thread_blocked, id=8300, stack(0x0000002915800000,0x0000002915900000)]
  0x0000020314d60000 JavaThread "Build operations Thread 6" [_thread_blocked, id=17848, stack(0x0000002915900000,0x0000002915a00000)]
  0x0000020314d60800 JavaThread "Build operations Thread 7" [_thread_blocked, id=11244, stack(0x0000002915a00000,0x0000002915b00000)]
  0x0000020314d5e000 JavaThread "Build operations Thread 8" [_thread_blocked, id=19540, stack(0x0000002915b00000,0x0000002915c00000)]
  0x0000020314d5d800 JavaThread "jar transforms Thread 2" [_thread_blocked, id=14636, stack(0x0000002915c00000,0x0000002915d00000)]
  0x0000020314d64000 JavaThread "jar transforms Thread 3" [_thread_blocked, id=23728, stack(0x0000002915d00000,0x0000002915e00000)]
  0x0000020316f60800 JavaThread "jar transforms Thread 4" [_thread_blocked, id=15412, stack(0x0000002915e00000,0x0000002915f00000)]
  0x0000020316f64800 JavaThread "jar transforms Thread 5" [_thread_blocked, id=9060, stack(0x0000002915f00000,0x0000002916000000)]
  0x0000020316f64000 JavaThread "jar transforms Thread 6" [_thread_blocked, id=10500, stack(0x0000002916000000,0x0000002916100000)]
  0x0000020316f60000 JavaThread "jar transforms Thread 7" [_thread_blocked, id=11904, stack(0x0000002916100000,0x0000002916200000)]
  0x0000020316f62000 JavaThread "jar transforms Thread 8" [_thread_blocked, id=18720, stack(0x0000002916200000,0x0000002916300000)]
  0x0000020316f67000 JavaThread "jar transforms Thread 9" [_thread_blocked, id=23664, stack(0x0000002916300000,0x0000002916400000)]
  0x0000020316f66800 JavaThread "jar transforms Thread 10" [_thread_blocked, id=4984, stack(0x0000002916400000,0x0000002916500000)]
  0x0000020316f61800 JavaThread "jar transforms Thread 11" [_thread_blocked, id=24184, stack(0x0000002916500000,0x0000002916600000)]
  0x0000020316f65800 JavaThread "jar transforms Thread 12" [_thread_blocked, id=21500, stack(0x0000002916600000,0x0000002916700000)]
  0x0000020316f68000 JavaThread "jar transforms Thread 13" [_thread_blocked, id=21812, stack(0x0000002916700000,0x0000002916800000)]
  0x0000020316f69000 JavaThread "jar transforms Thread 14" [_thread_blocked, id=13828, stack(0x0000002916800000,0x0000002916900000)]
  0x0000020316f63000 JavaThread "jar transforms Thread 15" [_thread_blocked, id=21292, stack(0x0000002916900000,0x0000002916a00000)]
  0x0000020316f6d000 JavaThread "jar transforms Thread 16" [_thread_blocked, id=8848, stack(0x0000002916a00000,0x0000002916b00000)]
  0x0000020316f6b000 JavaThread "jar transforms Thread 17" [_thread_blocked, id=12960, stack(0x0000002916b00000,0x0000002916c00000)]
  0x0000020316f6c000 JavaThread "jar transforms Thread 18" [_thread_blocked, id=12096, stack(0x0000002916c00000,0x0000002916d00000)]
  0x0000020316f6d800 JavaThread "jar transforms Thread 19" [_thread_blocked, id=3176, stack(0x0000002916d00000,0x0000002916e00000)]
  0x0000020316f6e800 JavaThread "jar transforms Thread 20" [_thread_blocked, id=1096, stack(0x0000002916e00000,0x0000002916f00000)]
  0x0000020316f69800 JavaThread "jar transforms Thread 21" [_thread_blocked, id=24192, stack(0x0000002916f00000,0x0000002917000000)]
  0x0000020316f6a800 JavaThread "jar transforms Thread 22" [_thread_blocked, id=3852, stack(0x0000002917000000,0x0000002917100000)]
  0x0000020317073000 JavaThread "jar transforms Thread 23" [_thread_blocked, id=20416, stack(0x0000002917100000,0x0000002917200000)]
  0x0000020317074000 JavaThread "jar transforms Thread 24" [_thread_blocked, id=15336, stack(0x0000002917200000,0x0000002917300000)]
  0x0000020317072800 JavaThread "jar transforms Thread 25" [_thread_blocked, id=23148, stack(0x0000002917300000,0x0000002917400000)]
  0x0000020317075000 JavaThread "jar transforms Thread 26" [_thread_blocked, id=14176, stack(0x0000002917400000,0x0000002917500000)]
  0x0000020317071800 JavaThread "jar transforms Thread 27" [_thread_blocked, id=14356, stack(0x0000002917500000,0x0000002917600000)]
  0x000002031706f000 JavaThread "jar transforms Thread 28" [_thread_blocked, id=14044, stack(0x0000002917600000,0x0000002917700000)]
  0x0000020317075800 JavaThread "jar transforms Thread 29" [_thread_blocked, id=13188, stack(0x0000002917700000,0x0000002917800000)]
  0x0000020317070000 JavaThread "jar transforms Thread 30" [_thread_blocked, id=2676, stack(0x0000002917800000,0x0000002917900000)]
  0x0000020317076800 JavaThread "jar transforms Thread 31" [_thread_blocked, id=16792, stack(0x0000002917900000,0x0000002917a00000)]
  0x0000020317070800 JavaThread "jar transforms Thread 32" [_thread_blocked, id=876, stack(0x0000002917a00000,0x0000002917b00000)]
  0x0000020317079000 JavaThread "jar transforms Thread 33" [_thread_blocked, id=21704, stack(0x0000002917b00000,0x0000002917c00000)]
  0x000002031707b800 JavaThread "jar transforms Thread 34" [_thread_blocked, id=12848, stack(0x0000002917c00000,0x0000002917d00000)]
  0x0000020317079800 JavaThread "jar transforms Thread 35" [_thread_blocked, id=11652, stack(0x0000002917d00000,0x0000002917e00000)]
  0x000002031707c000 JavaThread "jar transforms Thread 36" [_thread_blocked, id=20244, stack(0x0000002917e00000,0x0000002917f00000)]
  0x000002031707d000 JavaThread "jar transforms Thread 37" [_thread_blocked, id=10076, stack(0x0000002917f00000,0x0000002918000000)]
  0x000002031707a800 JavaThread "jar transforms Thread 38" [_thread_blocked, id=6696, stack(0x0000002918000000,0x0000002918100000)]
  0x0000020317077800 JavaThread "jar transforms Thread 39" [_thread_blocked, id=18584, stack(0x0000002918100000,0x0000002918200000)]
  0x0000020317078000 JavaThread "jar transforms Thread 40" [_thread_blocked, id=2520, stack(0x0000002918200000,0x0000002918300000)]
  0x000002031707e000 JavaThread "jar transforms Thread 41" [_thread_blocked, id=11676, stack(0x0000002918300000,0x0000002918400000)]
  0x0000020317088000 JavaThread "jar transforms Thread 42" [_thread_blocked, id=2672, stack(0x0000002918400000,0x0000002918500000)]
  0x0000020317089000 JavaThread "jar transforms Thread 43" [_thread_blocked, id=18484, stack(0x0000002918500000,0x0000002918600000)]
  0x0000020317086800 JavaThread "jar transforms Thread 44" [_thread_blocked, id=15964, stack(0x0000002918600000,0x0000002918700000)]
  0x0000020317083000 JavaThread "jar transforms Thread 45" [_thread_blocked, id=12880, stack(0x0000002918700000,0x0000002918800000)]
  0x0000020317087000 JavaThread "jar transforms Thread 46" [_thread_blocked, id=1576, stack(0x0000002918800000,0x0000002918900000)]
  0x0000020317089800 JavaThread "jar transforms Thread 47" [_thread_blocked, id=3920, stack(0x0000002918900000,0x0000002918a00000)]
  0x0000020317085000 JavaThread "jar transforms Thread 48" [_thread_blocked, id=17584, stack(0x0000002918a00000,0x0000002918b00000)]
  0x0000020317085800 JavaThread "jar transforms Thread 49" [_thread_blocked, id=23276, stack(0x0000002918b00000,0x0000002918c00000)]
  0x0000020317084000 JavaThread "jar transforms Thread 50" [_thread_blocked, id=22576, stack(0x0000002918c00000,0x0000002918d00000)]
  0x000002031708e800 JavaThread "jar transforms Thread 51" [_thread_blocked, id=6028, stack(0x0000002918d00000,0x0000002918e00000)]
  0x000002031708c000 JavaThread "jar transforms Thread 52" [_thread_blocked, id=14804, stack(0x0000002918e00000,0x0000002918f00000)]
  0x000002031708f800 JavaThread "jar transforms Thread 53" [_thread_blocked, id=1744, stack(0x0000002918f00000,0x0000002919000000)]
  0x000002031708d800 JavaThread "jar transforms Thread 54" [_thread_blocked, id=12080, stack(0x0000002919000000,0x0000002919100000)]
  0x0000020317090000 JavaThread "jar transforms Thread 55" [_thread_blocked, id=7108, stack(0x0000002919100000,0x0000002919200000)]
  0x000002031708a800 JavaThread "jar transforms Thread 56" [_thread_blocked, id=472, stack(0x0000002919200000,0x0000002919300000)]
  0x000002031708d000 JavaThread "jar transforms Thread 57" [_thread_blocked, id=23996, stack(0x0000002919300000,0x0000002919400000)]
  0x0000020317091000 JavaThread "jar transforms Thread 58" [_thread_blocked, id=11164, stack(0x0000002919400000,0x0000002919500000)]
  0x000002031708b800 JavaThread "jar transforms Thread 59" [_thread_blocked, id=18840, stack(0x0000002919500000,0x0000002919600000)]
  0x0000020317092000 JavaThread "jar transforms Thread 60" [_thread_blocked, id=16096, stack(0x0000002919600000,0x0000002919700000)]
  0x0000020314f18800 JavaThread "jar transforms Thread 61" [_thread_blocked, id=23972, stack(0x0000002919700000,0x0000002919800000)]
  0x0000020314f16000 JavaThread "jar transforms Thread 62" [_thread_blocked, id=15640, stack(0x0000002919800000,0x0000002919900000)]
  0x0000020314f19000 JavaThread "jar transforms Thread 63" [_thread_blocked, id=24540, stack(0x0000002919900000,0x0000002919a00000)]
  0x0000020314f16800 JavaThread "jar transforms Thread 64" [_thread_blocked, id=23652, stack(0x0000002919a00000,0x0000002919b00000)]
  0x0000020314f1a000 JavaThread "jar transforms Thread 65" [_thread_blocked, id=13780, stack(0x0000002919b00000,0x0000002919c00000)]
  0x0000020314f15000 JavaThread "jar transforms Thread 66" [_thread_blocked, id=18004, stack(0x0000002919c00000,0x0000002919d00000)]
  0x0000020314f17800 JavaThread "jar transforms Thread 67" [_thread_blocked, id=19404, stack(0x0000002919d00000,0x0000002919e00000)]
  0x0000020314f1f000 JavaThread "jar transforms Thread 68" [_thread_blocked, id=24464, stack(0x0000002919e00000,0x0000002919f00000)]
  0x0000020314f1f800 JavaThread "jar transforms Thread 69" [_thread_blocked, id=22156, stack(0x0000002919f00000,0x000000291a000000)]
  0x0000020314f1b800 JavaThread "jar transforms Thread 70" [_thread_blocked, id=4044, stack(0x000000291a000000,0x000000291a100000)]
  0x0000020314f1c800 JavaThread "jar transforms Thread 71" [_thread_blocked, id=18956, stack(0x000000291a100000,0x000000291a200000)]
  0x0000020314f1d800 JavaThread "jar transforms Thread 72" [_thread_blocked, id=19432, stack(0x000000291a200000,0x000000291a300000)]
  0x0000020314f20800 JavaThread "jar transforms Thread 73" [_thread_blocked, id=8480, stack(0x000000291a300000,0x000000291a400000)]
  0x0000020314f1e000 JavaThread "jar transforms Thread 74" [_thread_blocked, id=6352, stack(0x000000291a400000,0x000000291a500000)]
  0x0000020314f1b000 JavaThread "jar transforms Thread 75" [_thread_blocked, id=20776, stack(0x000000291a500000,0x000000291a600000)]
  0x0000020314f23000 JavaThread "jar transforms Thread 76" [_thread_blocked, id=4040, stack(0x000000291a600000,0x000000291a700000)]
  0x0000020314f24000 JavaThread "jar transforms Thread 77" [_thread_blocked, id=24068, stack(0x000000291a700000,0x000000291a800000)]
  0x0000020314f21800 JavaThread "jar transforms Thread 78" [_thread_blocked, id=14136, stack(0x000000291a800000,0x000000291a900000)]
  0x0000020314f22000 JavaThread "jar transforms Thread 79" [_thread_blocked, id=1408, stack(0x000000291a900000,0x000000291aa00000)]
  0x0000020315014000 JavaThread "jar transforms Thread 80" [_thread_blocked, id=5276, stack(0x000000291aa00000,0x000000291ab00000)]
  0x0000020315011800 JavaThread "jar transforms Thread 81" [_thread_blocked, id=20980, stack(0x000000291ab00000,0x000000291ac00000)]
  0x0000020315013000 JavaThread "jar transforms Thread 82" [_thread_blocked, id=22500, stack(0x000000291ac00000,0x000000291ad00000)]
  0x0000020315015000 JavaThread "jar transforms Thread 83" [_thread_blocked, id=23432, stack(0x000000291ad00000,0x000000291ae00000)]
  0x000002031500f000 JavaThread "jar transforms Thread 84" [_thread_blocked, id=14836, stack(0x000000291ae00000,0x000000291af00000)]
  0x0000020315015800 JavaThread "jar transforms Thread 85" [_thread_blocked, id=21700, stack(0x000000291af00000,0x000000291b000000)]
  0x0000020315010000 JavaThread "jar transforms Thread 86" [_thread_blocked, id=6100, stack(0x000000291b000000,0x000000291b100000)]
  0x0000020315016800 JavaThread "jar transforms Thread 87" [_thread_blocked, id=21064, stack(0x000000291b100000,0x000000291b200000)]
  0x0000020315010800 JavaThread "jar transforms Thread 88" [_thread_blocked, id=20516, stack(0x000000291b200000,0x000000291b300000)]
  0x0000020315017800 JavaThread "jar transforms Thread 89" [_thread_blocked, id=2764, stack(0x000000291b300000,0x000000291b400000)]
  0x0000020315018000 JavaThread "jar transforms Thread 90" [_thread_blocked, id=11432, stack(0x000000291b400000,0x000000291b500000)]
  0x0000020315012800 JavaThread "jar transforms Thread 91" [_thread_blocked, id=21772, stack(0x000000291b500000,0x000000291b600000)]
  0x000002031501a800 JavaThread "jar transforms Thread 92" [_thread_blocked, id=13220, stack(0x000000291b600000,0x000000291b700000)]
  0x000002031501d000 JavaThread "jar transforms Thread 93" [_thread_blocked, id=24292, stack(0x000000291b700000,0x000000291b800000)]
  0x0000020315019000 JavaThread "jar transforms Thread 94" [_thread_blocked, id=18772, stack(0x000000291b800000,0x000000291b900000)]
  0x0000020315019800 JavaThread "jar transforms Thread 95" [_thread_blocked, id=23392, stack(0x000000291b900000,0x000000291ba00000)]
  0x000002031501b800 JavaThread "jar transforms Thread 96" [_thread_blocked, id=14036, stack(0x000000291ba00000,0x000000291bb00000)]
  0x000002031501c000 JavaThread "jar transforms Thread 97" [_thread_blocked, id=18500, stack(0x000000291bb00000,0x000000291bc00000)]
  0x000002031501e000 JavaThread "jar transforms Thread 98" [_thread_blocked, id=24372, stack(0x000000291bc00000,0x000000291bd00000)]
  0x0000020314bf0800 JavaThread "jar transforms Thread 99" [_thread_blocked, id=23476, stack(0x000000291bd00000,0x000000291be00000)]
  0x0000020314bf1800 JavaThread "jar transforms Thread 100" [_thread_blocked, id=11884, stack(0x000000291be00000,0x000000291bf00000)]
  0x0000020314bf5800 JavaThread "jar transforms Thread 101" [_thread_blocked, id=13408, stack(0x000000291bf00000,0x000000291c000000)]
  0x0000020314bf4000 JavaThread "jar transforms Thread 102" [_thread_blocked, id=8064, stack(0x000000291c000000,0x000000291c100000)]
  0x0000020314bf2000 JavaThread "jar transforms Thread 103" [_thread_blocked, id=9372, stack(0x000000291c100000,0x000000291c200000)]
  0x0000020314bf3000 JavaThread "jar transforms Thread 104" [_thread_blocked, id=19352, stack(0x000000291c200000,0x000000291c300000)]
  0x0000020314bf0000 JavaThread "jar transforms Thread 105" [_thread_blocked, id=21792, stack(0x000000291c300000,0x000000291c400000)]
  0x0000020314bf6800 JavaThread "jar transforms Thread 106" [_thread_blocked, id=2696, stack(0x000000291c400000,0x000000291c500000)]
  0x0000020314bf9800 JavaThread "jar transforms Thread 107" [_thread_blocked, id=19336, stack(0x000000291c500000,0x000000291c600000)]
  0x0000020314bf7000 JavaThread "jar transforms Thread 108" [_thread_blocked, id=9404, stack(0x000000291c600000,0x000000291c700000)]
  0x0000020314bfa800 JavaThread "jar transforms Thread 109" [_thread_blocked, id=5444, stack(0x000000291c700000,0x000000291c800000)]
  0x0000020314bf8000 JavaThread "jar transforms Thread 110" [_thread_blocked, id=21664, stack(0x000000291c800000,0x000000291c900000)]
  0x0000020314bf4800 JavaThread "jar transforms Thread 111" [_thread_blocked, id=15264, stack(0x000000291c900000,0x000000291ca00000)]
  0x0000020314bfb000 JavaThread "jar transforms Thread 112" [_thread_blocked, id=18972, stack(0x000000291ca00000,0x000000291cb00000)]
  0x0000020314bfc000 JavaThread "jar transforms Thread 113" [_thread_blocked, id=21680, stack(0x000000291cb00000,0x000000291cc00000)]
  0x0000020314bfd000 JavaThread "jar transforms Thread 114" [_thread_blocked, id=15396, stack(0x000000291cc00000,0x000000291cd00000)]
  0x0000020314bf8800 JavaThread "jar transforms Thread 115" [_thread_blocked, id=18968, stack(0x000000291cd00000,0x000000291ce00000)]
  0x0000020314bfe800 JavaThread "jar transforms Thread 116" [_thread_blocked, id=2324, stack(0x000000291ce00000,0x000000291cf00000)]
  0x0000020314bfd800 JavaThread "jar transforms Thread 117" [_thread_blocked, id=6648, stack(0x000000291cf00000,0x000000291d000000)]
  0x0000020314c14000 JavaThread "jar transforms Thread 118" [_thread_blocked, id=13600, stack(0x000000291d000000,0x000000291d100000)]
  0x0000020314c10000 JavaThread "jar transforms Thread 119" [_thread_blocked, id=2756, stack(0x000000291d100000,0x000000291d200000)]
  0x0000020314c14800 JavaThread "Memory manager" [_thread_blocked, id=13172, stack(0x000000291d200000,0x000000291d300000)]
  0x0000020314c15800 JavaThread "build event listener" [_thread_blocked, id=24128, stack(0x000000291d300000,0x000000291d400000)]
  0x0000020314c10800 JavaThread "build event listener" [_thread_blocked, id=18588, stack(0x000000291d400000,0x000000291d500000)]
  0x0000020314c16800 JavaThread "pool-3-thread-1" [_thread_blocked, id=3632, stack(0x000000291d500000,0x000000291d600000)]
  0x0000020314c11800 JavaThread "build event listener" [_thread_blocked, id=2900, stack(0x000000291d600000,0x000000291d700000)]
  0x0000020314c12000 JavaThread "Execution worker for ':'" [_thread_blocked, id=22116, stack(0x000000291d700000,0x000000291d800000)]
  0x0000020314c13000 JavaThread "Execution worker for ':' Thread 2" [_thread_blocked, id=14800, stack(0x000000291d800000,0x000000291d900000)]
  0x0000020317f9f000 JavaThread "Execution worker for ':' Thread 3" [_thread_blocked, id=11272, stack(0x000000291d900000,0x000000291da00000)]
  0x0000020317f9f800 JavaThread "Execution worker for ':' Thread 4" [_thread_blocked, id=22752, stack(0x000000291da00000,0x000000291db00000)]
  0x0000020317f9e000 JavaThread "Execution worker for ':' Thread 5" [_thread_blocked, id=1124, stack(0x000000291db00000,0x000000291dc00000)]
  0x0000020317fa0800 JavaThread "Execution worker for ':' Thread 6" [_thread_blocked, id=24556, stack(0x000000291dc00000,0x000000291dd00000)]
  0x0000020317fa1800 JavaThread "Execution worker for ':' Thread 7" [_thread_blocked, id=19628, stack(0x000000291dd00000,0x000000291de00000)]
  0x0000020317fa2000 JavaThread "Cache worker for execution history cache (C:\Android Projects\Udemy TUTORIAL\.gradle\6.7.1\executionHistory)" [_thread_blocked, id=9148, stack(0x000000291de00000,0x000000291df00000)]
  0x0000020317fa3000 JavaThread "WorkerExecutor Queue" [_thread_blocked, id=7960, stack(0x000000291df00000,0x000000291e000000)]
  0x0000020317fa6000 JavaThread "WorkerExecutor Queue Thread 2" [_thread_in_Java, id=4300, stack(0x000000291e000000,0x000000291e100000)]
  0x0000020317fa4800 JavaThread "WorkerExecutor Queue Thread 3" [_thread_blocked, id=12336, stack(0x000000291e100000,0x000000291e200000)]
  0x0000020317fa8000 JavaThread "WorkerExecutor Queue Thread 4" [_thread_blocked, id=23756, stack(0x000000291e200000,0x000000291e300000)]
  0x0000020317fa7000 JavaThread "WorkerExecutor Queue Thread 5" [_thread_blocked, id=4444, stack(0x000000291e300000,0x000000291e400000)]
  0x0000020317fa5800 JavaThread "WorkerExecutor Queue Thread 6" [_thread_in_native, id=2500, stack(0x000000291e400000,0x000000291e500000)]
  0x0000020317fa8800 JavaThread "WorkerExecutor Queue Thread 7" [_thread_blocked, id=8624, stack(0x000000291e500000,0x000000291e600000)]
  0x0000020317fa3800 JavaThread "WorkerExecutor Queue Thread 8" [_thread_blocked, id=20560, stack(0x000000291e600000,0x000000291e700000)]
  0x0000020317fab000 JavaThread "ForkJoinPool-1-worker-3" daemon [_thread_blocked, id=4452, stack(0x000000291e700000,0x000000291e800000)]
  0x0000020317faa800 JavaThread "ForkJoinPool-1-worker-5" daemon [_thread_blocked, id=3596, stack(0x000000291e800000,0x000000291e900000)]
  0x0000020317fac000 JavaThread "ForkJoinPool-1-worker-7" daemon [_thread_blocked, id=16512, stack(0x000000291e900000,0x000000291ea00000)]
  0x000002031f0fb000 JavaThread "ForkJoinPool-1-worker-9" daemon [_thread_blocked, id=20716, stack(0x000000291ea00000,0x000000291eb00000)]
  0x000002031f0ff000 JavaThread "ForkJoinPool-1-worker-11" daemon [_thread_blocked, id=11364, stack(0x000000291eb00000,0x000000291ec00000)]
  0x000002031f0fd800 JavaThread "ForkJoinPool-1-worker-13" daemon [_thread_blocked, id=16688, stack(0x000000291ec00000,0x000000291ed00000)]
  0x000002031f0fe000 JavaThread "ForkJoinPool-1-worker-15" daemon [_thread_blocked, id=22608, stack(0x000000291ed00000,0x000000291ee00000)]
  0x000002031f0fb800 JavaThread "ForkJoinPool-1-worker-1" daemon [_thread_blocked, id=20764, stack(0x000000291ee00000,0x000000291ef00000)]
  0x000002031f0fa000 JavaThread "pool-4-thread-1" [_thread_blocked, id=2536, stack(0x000000291ef00000,0x000000291f000000)]
  0x000002031f0f9000 JavaThread "stderr" [_thread_in_native, id=1520, stack(0x000000291f000000,0x000000291f100000)]
  0x000002031f101800 JavaThread "stdout" [_thread_in_native, id=12580, stack(0x000000291f100000,0x000000291f200000)]

Other Threads:
  0x000002037f8e0800 VMThread "VM Thread" [stack: 0x0000002912900000,0x0000002912a00000] [id=23592]
  0x000002037fafc000 WatcherThread [stack: 0x0000002913300000,0x0000002913400000] [id=1076]
  0x00000203765b3000 GCTaskThread "GC Thread#0" [stack: 0x0000002912400000,0x0000002912500000] [id=22808]
  0x00000203120ec800 GCTaskThread "GC Thread#1" [stack: 0x0000002913500000,0x0000002913600000] [id=8676]
  0x0000020311bee000 GCTaskThread "GC Thread#2" [stack: 0x0000002913600000,0x0000002913700000] [id=24096]
  0x0000020313e50800 GCTaskThread "GC Thread#3" [stack: 0x0000002914200000,0x0000002914300000] [id=1428]
  0x000002031483b000 GCTaskThread "GC Thread#4" [stack: 0x0000002914300000,0x0000002914400000] [id=3408]
  0x00000203147f8000 GCTaskThread "GC Thread#5" [stack: 0x0000002914400000,0x0000002914500000] [id=9280]
  0x0000020313744800 GCTaskThread "GC Thread#6" [stack: 0x0000002914500000,0x0000002914600000] [id=12808]
  0x00000203130b6800 GCTaskThread "GC Thread#7" [stack: 0x0000002914600000,0x0000002914700000] [id=9456]
  0x00000203765e4000 ConcurrentGCThread "G1 Main Marker" [stack: 0x0000002912500000,0x0000002912600000] [id=4416]
  0x00000203765e6000 ConcurrentGCThread "G1 Conc#0" [stack: 0x0000002912600000,0x0000002912700000] [id=13428]
  0x0000020314a38800 ConcurrentGCThread "G1 Conc#1" [stack: 0x0000002914900000,0x0000002914a00000] [id=16276]
  0x000002037f6f0800 ConcurrentGCThread "G1 Refine#0" [stack: 0x0000002912700000,0x0000002912800000] [id=13608]
  0x0000020314da1800 ConcurrentGCThread "G1 Refine#1" [stack: 0x000000291f200000,0x000000291f300000] [id=14808]
  0x0000020314da2800 ConcurrentGCThread "G1 Refine#2" [stack: 0x000000291f300000,0x000000291f400000] [id=6128]
  0x0000020314d9f800 ConcurrentGCThread "G1 Refine#3" [stack: 0x000000291f400000,0x000000291f500000] [id=1344]
  0x0000020314da3000 ConcurrentGCThread "G1 Refine#4" [stack: 0x000000291f500000,0x000000291f600000] [id=10664]
  0x0000020314da4000 ConcurrentGCThread "G1 Refine#5" [stack: 0x000000291f600000,0x000000291f700000] [id=21172]
  0x0000020314da5800 ConcurrentGCThread "G1 Refine#6" [stack: 0x000000291f700000,0x000000291f800000] [id=14428]
  0x000002037f6f1800 ConcurrentGCThread "G1 Young RemSet Sampling" [stack: 0x0000002912800000,0x0000002912900000] [id=14296]

Threads with active compile tasks:
C2 CompilerThread0  17815 12846 %     4       com.android.tools.r8.ir.regalloc.a::a @ 860 (1824 bytes)
C2 CompilerThread1  17815 13788 %     4       com.android.tools.r8.dex.n::m @ 64 (2054 bytes)

VM state:not at safepoint (normal execution)

VM Mutex/Monitor currently owned by a thread: None

Heap address: 0x0000000080000000, size: 2048 MB, Compressed Oops mode: 32-bit
Narrow klass base: 0x0000000000000000, Narrow klass shift: 3
Compressed class space size: 1073741824 Address: 0x0000000100000000

Heap:
 garbage-first heap   total 245760K, used 174949K [0x0000000080000000, 0x0000000100000000)
  region size 1024K, 14 young (14336K), 6 survivors (6144K)
 Metaspace       used 99427K, capacity 101876K, committed 102016K, reserved 1138688K
  class space    used 12699K, capacity 13613K, committed 13696K, reserved 1048576K
Heap Regions: E=young(eden), S=young(survivor), O=old, HS=humongous(starts), HC=humongous(continues), CS=collection set, F=free, A=archive, TAMS=top-at-mark-start (previous, next)
|   0|0x0000000080000000, 0x0000000080100000, 0x0000000080100000|100%| O|  |TAMS 0x0000000080100000, 0x0000000080100000| Untracked 
|   1|0x0000000080100000, 0x0000000080200000, 0x0000000080200000|100%| O|  |TAMS 0x0000000080200000, 0x0000000080200000| Untracked 
|   2|0x0000000080200000, 0x0000000080300000, 0x0000000080300000|100%| O|  |TAMS 0x0000000080300000, 0x0000000080300000| Untracked 
|   3|0x0000000080300000, 0x0000000080400000, 0x0000000080400000|100%|HS|  |TAMS 0x0000000080400000, 0x0000000080400000| Complete 
|   4|0x0000000080400000, 0x0000000080500000, 0x0000000080500000|100%|HC|  |TAMS 0x0000000080500000, 0x0000000080500000| Complete 
|   5|0x0000000080500000, 0x0000000080600000, 0x0000000080600000|100%|HC|  |TAMS 0x0000000080600000, 0x0000000080600000| Complete 
|   6|0x0000000080600000, 0x0000000080700000, 0x0000000080700000|100%| O|  |TAMS 0x0000000080700000, 0x0000000080700000| Untracked 
|   7|0x0000000080700000, 0x0000000080800000, 0x0000000080800000|100%| O|  |TAMS 0x0000000080800000, 0x0000000080800000| Untracked 
|   8|0x0000000080800000, 0x0000000080900000, 0x0000000080900000|100%| O|  |TAMS 0x0000000080900000, 0x0000000080900000| Untracked 
|   9|0x0000000080900000, 0x0000000080a00000, 0x0000000080a00000|100%| O|  |TAMS 0x0000000080a00000, 0x0000000080a00000| Untracked 
|  10|0x0000000080a00000, 0x0000000080b00000, 0x0000000080b00000|100%| O|  |TAMS 0x0000000080b00000, 0x0000000080b00000| Untracked 
|  11|0x0000000080b00000, 0x0000000080c00000, 0x0000000080c00000|100%| O|  |TAMS 0x0000000080c00000, 0x0000000080c00000| Untracked 
|  12|0x0000000080c00000, 0x0000000080d00000, 0x0000000080d00000|100%| O|  |TAMS 0x0000000080d00000, 0x0000000080d00000| Untracked 
|  13|0x0000000080d00000, 0x0000000080e00000, 0x0000000080e00000|100%| O|  |TAMS 0x0000000080e00000, 0x0000000080e00000| Untracked 
|  14|0x0000000080e00000, 0x0000000080f00000, 0x0000000080f00000|100%| O|  |TAMS 0x0000000080f00000, 0x0000000080f00000| Untracked 
|  15|0x0000000080f00000, 0x0000000081000000, 0x0000000081000000|100%| O|  |TAMS 0x0000000081000000, 0x0000000081000000| Untracked 
|  16|0x0000000081000000, 0x0000000081100000, 0x0000000081100000|100%| O|  |TAMS 0x0000000081100000, 0x0000000081100000| Untracked 
|  17|0x0000000081100000, 0x0000000081200000, 0x0000000081200000|100%| O|  |TAMS 0x0000000081200000, 0x0000000081200000| Untracked 
|  18|0x0000000081200000, 0x0000000081300000, 0x0000000081300000|100%| O|  |TAMS 0x0000000081300000, 0x0000000081300000| Untracked 
|  19|0x0000000081300000, 0x0000000081400000, 0x0000000081400000|100%|HS|  |TAMS 0x0000000081400000, 0x0000000081400000| Complete 
|  20|0x0000000081400000, 0x0000000081500000, 0x0000000081500000|100%| O|  |TAMS 0x0000000081500000, 0x0000000081500000| Untracked 
|  21|0x0000000081500000, 0x0000000081600000, 0x0000000081600000|100%| O|  |TAMS 0x0000000081600000, 0x0000000081600000| Untracked 
|  22|0x0000000081600000, 0x0000000081700000, 0x0000000081700000|100%|HS|  |TAMS 0x0000000081700000, 0x0000000081700000| Complete 
|  23|0x0000000081700000, 0x0000000081800000, 0x0000000081800000|100%|HS|  |TAMS 0x0000000081800000, 0x0000000081800000| Complete 
|  24|0x0000000081800000, 0x0000000081900000, 0x0000000081900000|100%|HC|  |TAMS 0x0000000081900000, 0x0000000081900000| Complete 
|  25|0x0000000081900000, 0x0000000081a00000, 0x0000000081a00000|100%|HC|  |TAMS 0x0000000081a00000, 0x0000000081a00000| Complete 
|  26|0x0000000081a00000, 0x0000000081b00000, 0x0000000081b00000|100%|HS|  |TAMS 0x0000000081b00000, 0x0000000081b00000| Complete 
|  27|0x0000000081b00000, 0x0000000081c00000, 0x0000000081c00000|100%|HC|  |TAMS 0x0000000081c00000, 0x0000000081c00000| Complete 
|  28|0x0000000081c00000, 0x0000000081d00000, 0x0000000081d00000|100%| O|  |TAMS 0x0000000081d00000, 0x0000000081d00000| Untracked 
|  29|0x0000000081d00000, 0x0000000081e00000, 0x0000000081e00000|100%| O|  |TAMS 0x0000000081e00000, 0x0000000081e00000| Untracked 
|  30|0x0000000081e00000, 0x0000000081f00000, 0x0000000081f00000|100%| O|  |TAMS 0x0000000081f00000, 0x0000000081f00000| Untracked 
|  31|0x0000000081f00000, 0x0000000082000000, 0x0000000082000000|100%| O|  |TAMS 0x0000000082000000, 0x0000000082000000| Untracked 
|  32|0x0000000082000000, 0x0000000082100000, 0x0000000082100000|100%| O|  |TAMS 0x0000000082100000, 0x0000000082100000| Untracked 
|  33|0x0000000082100000, 0x0000000082200000, 0x0000000082200000|100%| O|  |TAMS 0x0000000082200000, 0x0000000082200000| Untracked 
|  34|0x0000000082200000, 0x0000000082300000, 0x0000000082300000|100%| O|  |TAMS 0x0000000082300000, 0x0000000082300000| Untracked 
|  35|0x0000000082300000, 0x0000000082400000, 0x0000000082400000|100%| O|  |TAMS 0x0000000082400000, 0x0000000082400000| Untracked 
|  36|0x0000000082400000, 0x0000000082500000, 0x0000000082500000|100%| O|  |TAMS 0x0000000082500000, 0x0000000082500000| Untracked 
|  37|0x0000000082500000, 0x0000000082600000, 0x0000000082600000|100%| O|  |TAMS 0x0000000082600000, 0x0000000082600000| Untracked 
|  38|0x0000000082600000, 0x0000000082700000, 0x0000000082700000|100%| O|  |TAMS 0x0000000082700000, 0x0000000082700000| Untracked 
|  39|0x0000000082700000, 0x0000000082800000, 0x0000000082800000|100%| O|  |TAMS 0x0000000082800000, 0x0000000082800000| Untracked 
|  40|0x0000000082800000, 0x0000000082900000, 0x0000000082900000|100%| O|  |TAMS 0x0000000082900000, 0x0000000082900000| Untracked 
|  41|0x0000000082900000, 0x0000000082a00000, 0x0000000082a00000|100%| O|  |TAMS 0x0000000082a00000, 0x0000000082a00000| Untracked 
|  42|0x0000000082a00000, 0x0000000082b00000, 0x0000000082b00000|100%| O|  |TAMS 0x0000000082b00000, 0x0000000082b00000| Untracked 
|  43|0x0000000082b00000, 0x0000000082c00000, 0x0000000082c00000|100%| O|  |TAMS 0x0000000082c00000, 0x0000000082c00000| Untracked 
|  44|0x0000000082c00000, 0x0000000082d00000, 0x0000000082d00000|100%| O|  |TAMS 0x0000000082d00000, 0x0000000082d00000| Untracked 
|  45|0x0000000082d00000, 0x0000000082e00000, 0x0000000082e00000|100%| O|  |TAMS 0x0000000082e00000, 0x0000000082e00000| Untracked 
|  46|0x0000000082e00000, 0x0000000082f00000, 0x0000000082f00000|100%| O|  |TAMS 0x0000000082f00000, 0x0000000082f00000| Untracked 
|  47|0x0000000082f00000, 0x0000000083000000, 0x0000000083000000|100%| O|  |TAMS 0x0000000083000000, 0x0000000083000000| Untracked 
|  48|0x0000000083000000, 0x0000000083100000, 0x0000000083100000|100%| O|  |TAMS 0x0000000083100000, 0x0000000083100000| Untracked 
|  49|0x0000000083100000, 0x0000000083200000, 0x0000000083200000|100%| O|  |TAMS 0x0000000083200000, 0x0000000083200000| Untracked 
|  50|0x0000000083200000, 0x0000000083300000, 0x0000000083300000|100%| O|  |TAMS 0x0000000083300000, 0x0000000083300000| Untracked 
|  51|0x0000000083300000, 0x0000000083400000, 0x0000000083400000|100%| O|  |TAMS 0x0000000083400000, 0x0000000083400000| Untracked 
|  52|0x0000000083400000, 0x0000000083500000, 0x0000000083500000|100%| O|  |TAMS 0x0000000083500000, 0x0000000083500000| Untracked 
|  53|0x0000000083500000, 0x0000000083600000, 0x0000000083600000|100%| O|  |TAMS 0x0000000083600000, 0x0000000083600000| Untracked 
|  54|0x0000000083600000, 0x0000000083700000, 0x0000000083700000|100%| O|  |TAMS 0x0000000083700000, 0x0000000083700000| Untracked 
|  55|0x0000000083700000, 0x0000000083800000, 0x0000000083800000|100%| O|  |TAMS 0x0000000083800000, 0x0000000083800000| Untracked 
|  56|0x0000000083800000, 0x0000000083900000, 0x0000000083900000|100%| O|  |TAMS 0x0000000083900000, 0x0000000083900000| Untracked 
|  57|0x0000000083900000, 0x0000000083a00000, 0x0000000083a00000|100%| O|  |TAMS 0x0000000083a00000, 0x0000000083a00000| Untracked 
|  58|0x0000000083a00000, 0x0000000083b00000, 0x0000000083b00000|100%| O|  |TAMS 0x0000000083b00000, 0x0000000083b00000| Untracked 
|  59|0x0000000083b00000, 0x0000000083c00000, 0x0000000083c00000|100%| O|  |TAMS 0x0000000083c00000, 0x0000000083c00000| Untracked 
|  60|0x0000000083c00000, 0x0000000083d00000, 0x0000000083d00000|100%| O|  |TAMS 0x0000000083d00000, 0x0000000083d00000| Untracked 
|  61|0x0000000083d00000, 0x0000000083e00000, 0x0000000083e00000|100%| O|  |TAMS 0x0000000083e00000, 0x0000000083e00000| Untracked 
|  62|0x0000000083e00000, 0x0000000083f00000, 0x0000000083f00000|100%| O|  |TAMS 0x0000000083f00000, 0x0000000083f00000| Untracked 
|  63|0x0000000083f00000, 0x0000000084000000, 0x0000000084000000|100%| O|  |TAMS 0x0000000084000000, 0x0000000084000000| Untracked 
|  64|0x0000000084000000, 0x0000000084100000, 0x0000000084100000|100%| O|  |TAMS 0x0000000084100000, 0x0000000084100000| Untracked 
|  65|0x0000000084100000, 0x0000000084200000, 0x0000000084200000|100%|HS|  |TAMS 0x0000000084200000, 0x0000000084200000| Complete 
|  66|0x0000000084200000, 0x0000000084300000, 0x0000000084300000|100%|HC|  |TAMS 0x0000000084300000, 0x0000000084300000| Complete 
|  67|0x0000000084300000, 0x0000000084400000, 0x0000000084400000|100%| O|  |TAMS 0x0000000084400000, 0x0000000084400000| Untracked 
|  68|0x0000000084400000, 0x0000000084500000, 0x0000000084500000|100%| O|  |TAMS 0x0000000084500000, 0x0000000084500000| Untracked 
|  69|0x0000000084500000, 0x0000000084600000, 0x0000000084600000|100%| O|  |TAMS 0x0000000084600000, 0x0000000084600000| Untracked 
|  70|0x0000000084600000, 0x0000000084700000, 0x0000000084700000|100%| O|  |TAMS 0x0000000084700000, 0x0000000084700000| Untracked 
|  71|0x0000000084700000, 0x0000000084800000, 0x0000000084800000|100%| O|  |TAMS 0x0000000084800000, 0x0000000084800000| Untracked 
|  72|0x0000000084800000, 0x0000000084900000, 0x0000000084900000|100%| O|  |TAMS 0x0000000084900000, 0x0000000084900000| Untracked 
|  73|0x0000000084900000, 0x0000000084a00000, 0x0000000084a00000|100%| O|  |TAMS 0x0000000084a00000, 0x0000000084a00000| Untracked 
|  74|0x0000000084a00000, 0x0000000084b00000, 0x0000000084b00000|100%| O|  |TAMS 0x0000000084b00000, 0x0000000084b00000| Untracked 
|  75|0x0000000084b00000, 0x0000000084c00000, 0x0000000084c00000|100%| O|  |TAMS 0x0000000084c00000, 0x0000000084c00000| Untracked 
|  76|0x0000000084c00000, 0x0000000084d00000, 0x0000000084d00000|100%| O|  |TAMS 0x0000000084d00000, 0x0000000084d00000| Untracked 
|  77|0x0000000084d00000, 0x0000000084e00000, 0x0000000084e00000|100%| O|  |TAMS 0x0000000084e00000, 0x0000000084e00000| Untracked 
|  78|0x0000000084e00000, 0x0000000084f00000, 0x0000000084f00000|100%| O|  |TAMS 0x0000000084f00000, 0x0000000084f00000| Untracked 
|  79|0x0000000084f00000, 0x0000000085000000, 0x0000000085000000|100%| O|  |TAMS 0x0000000085000000, 0x0000000085000000| Untracked 
|  80|0x0000000085000000, 0x0000000085100000, 0x0000000085100000|100%| O|  |TAMS 0x0000000085100000, 0x0000000085100000| Untracked 
|  81|0x0000000085100000, 0x0000000085200000, 0x0000000085200000|100%| O|  |TAMS 0x0000000085200000, 0x0000000085200000| Untracked 
|  82|0x0000000085200000, 0x0000000085300000, 0x0000000085300000|100%| O|  |TAMS 0x0000000085300000, 0x0000000085300000| Untracked 
|  83|0x0000000085300000, 0x0000000085400000, 0x0000000085400000|100%| O|  |TAMS 0x0000000085400000, 0x0000000085400000| Untracked 
|  84|0x0000000085400000, 0x0000000085500000, 0x0000000085500000|100%|HS|  |TAMS 0x0000000085500000, 0x0000000085500000| Complete 
|  85|0x0000000085500000, 0x0000000085600000, 0x0000000085600000|100%|HC|  |TAMS 0x0000000085600000, 0x0000000085600000| Complete 
|  86|0x0000000085600000, 0x0000000085700000, 0x0000000085700000|100%|HC|  |TAMS 0x0000000085700000, 0x0000000085700000| Complete 
|  87|0x0000000085700000, 0x0000000085800000, 0x0000000085800000|100%|HS|  |TAMS 0x0000000085800000, 0x0000000085800000| Complete 
|  88|0x0000000085800000, 0x0000000085900000, 0x0000000085900000|100%|HS|  |TAMS 0x0000000085900000, 0x0000000085900000| Complete 
|  89|0x0000000085900000, 0x0000000085a00000, 0x0000000085a00000|100%|HS|  |TAMS 0x0000000085a00000, 0x0000000085a00000| Complete 
|  90|0x0000000085a00000, 0x0000000085b00000, 0x0000000085b00000|100%| O|  |TAMS 0x0000000085b00000, 0x0000000085b00000| Untracked 
|  91|0x0000000085b00000, 0x0000000085c00000, 0x0000000085c00000|100%| O|  |TAMS 0x0000000085c00000, 0x0000000085c00000| Untracked 
|  92|0x0000000085c00000, 0x0000000085d00000, 0x0000000085d00000|100%| O|  |TAMS 0x0000000085d00000, 0x0000000085d00000| Untracked 
|  93|0x0000000085d00000, 0x0000000085e00000, 0x0000000085e00000|100%|HS|  |TAMS 0x0000000085e00000, 0x0000000085e00000| Complete 
|  94|0x0000000085e00000, 0x0000000085f00000, 0x0000000085f00000|100%|HC|  |TAMS 0x0000000085f00000, 0x0000000085f00000| Complete 
|  95|0x0000000085f00000, 0x0000000086000000, 0x0000000086000000|100%|HC|  |TAMS 0x0000000086000000, 0x0000000086000000| Complete 
|  96|0x0000000086000000, 0x0000000086100000, 0x0000000086100000|100%| O|  |TAMS 0x0000000086100000, 0x0000000086100000| Untracked 
|  97|0x0000000086100000, 0x0000000086200000, 0x0000000086200000|100%| O|  |TAMS 0x0000000086200000, 0x0000000086200000| Untracked 
|  98|0x0000000086200000, 0x0000000086300000, 0x0000000086300000|100%|HS|  |TAMS 0x0000000086300000, 0x0000000086300000| Complete 
|  99|0x0000000086300000, 0x0000000086400000, 0x0000000086400000|100%|HC|  |TAMS 0x0000000086400000, 0x0000000086400000| Complete 
| 100|0x0000000086400000, 0x0000000086500000, 0x0000000086500000|100%| O|  |TAMS 0x0000000086500000, 0x0000000086500000| Untracked 
| 101|0x0000000086500000, 0x0000000086600000, 0x0000000086600000|100%|HS|  |TAMS 0x0000000086600000, 0x0000000086600000| Complete 
| 102|0x0000000086600000, 0x0000000086700000, 0x0000000086700000|100%| O|  |TAMS 0x0000000086700000, 0x0000000086700000| Untracked 
| 103|0x0000000086700000, 0x0000000086800000, 0x0000000086800000|100%|HS|  |TAMS 0x0000000086800000, 0x0000000086800000| Complete 
| 104|0x0000000086800000, 0x0000000086900000, 0x0000000086900000|100%| O|  |TAMS 0x0000000086900000, 0x0000000086900000| Untracked 
| 105|0x0000000086900000, 0x0000000086a00000, 0x0000000086a00000|100%|HS|  |TAMS 0x0000000086a00000, 0x0000000086a00000| Complete 
| 106|0x0000000086a00000, 0x0000000086b00000, 0x0000000086b00000|100%|HS|  |TAMS 0x0000000086a00000, 0x0000000086b00000| Complete 
| 107|0x0000000086b00000, 0x0000000086c00000, 0x0000000086c00000|100%| O|  |TAMS 0x0000000086b00000, 0x0000000086c00000| Untracked 
| 108|0x0000000086c00000, 0x0000000086d00000, 0x0000000086d00000|100%| O|  |TAMS 0x0000000086c00000, 0x0000000086d00000| Untracked 
| 109|0x0000000086d00000, 0x0000000086e00000, 0x0000000086e00000|100%| O|  |TAMS 0x0000000086e00000, 0x0000000086e00000| Untracked 
| 110|0x0000000086e00000, 0x0000000086f00000, 0x0000000086f00000|100%| O|  |TAMS 0x0000000086e8fe00, 0x0000000086f00000| Untracked 
| 111|0x0000000086f00000, 0x0000000087000000, 0x0000000087000000|100%| O|  |TAMS 0x0000000086f00000, 0x0000000087000000| Untracked 
| 112|0x0000000087000000, 0x0000000087100000, 0x0000000087100000|100%| O|  |TAMS 0x0000000087000000, 0x0000000087100000| Untracked 
| 113|0x0000000087100000, 0x0000000087200000, 0x0000000087200000|100%| O|  |TAMS 0x0000000087100000, 0x0000000087200000| Untracked 
| 114|0x0000000087200000, 0x0000000087300000, 0x0000000087300000|100%| O|  |TAMS 0x0000000087200000, 0x0000000087300000| Untracked 
| 115|0x0000000087300000, 0x0000000087400000, 0x0000000087400000|100%| O|  |TAMS 0x0000000087300000, 0x0000000087400000| Untracked 
| 116|0x0000000087400000, 0x0000000087500000, 0x0000000087500000|100%| O|  |TAMS 0x0000000087400000, 0x0000000087500000| Untracked 
| 117|0x0000000087500000, 0x0000000087600000, 0x0000000087600000|100%| O|  |TAMS 0x0000000087500000, 0x0000000087600000| Untracked 
| 118|0x0000000087600000, 0x0000000087700000, 0x0000000087700000|100%| O|  |TAMS 0x0000000087600000, 0x0000000087700000| Untracked 
| 119|0x0000000087700000, 0x0000000087800000, 0x0000000087800000|100%| O|  |TAMS 0x0000000087700000, 0x0000000087800000| Untracked 
| 120|0x0000000087800000, 0x0000000087900000, 0x0000000087900000|100%| O|  |TAMS 0x0000000087800000, 0x0000000087900000| Untracked 
| 121|0x0000000087900000, 0x0000000087a00000, 0x0000000087a00000|100%| O|  |TAMS 0x0000000087900000, 0x0000000087a00000| Untracked 
| 122|0x0000000087a00000, 0x0000000087b00000, 0x0000000087b00000|100%| O|  |TAMS 0x0000000087a00000, 0x0000000087b00000| Untracked 
| 123|0x0000000087b00000, 0x0000000087c00000, 0x0000000087c00000|100%| O|  |TAMS 0x0000000087b00000, 0x0000000087c00000| Untracked 
| 124|0x0000000087c00000, 0x0000000087d00000, 0x0000000087d00000|100%| O|  |TAMS 0x0000000087c00000, 0x0000000087d00000| Untracked 
| 125|0x0000000087d00000, 0x0000000087e00000, 0x0000000087e00000|100%| O|  |TAMS 0x0000000087d00000, 0x0000000087e00000| Untracked 
| 126|0x0000000087e00000, 0x0000000087f00000, 0x0000000087f00000|100%| O|  |TAMS 0x0000000087e00000, 0x0000000087f00000| Untracked 
| 127|0x0000000087f00000, 0x0000000088000000, 0x0000000088000000|100%| O|  |TAMS 0x0000000087f00000, 0x0000000088000000| Untracked 
| 128|0x0000000088000000, 0x0000000088100000, 0x0000000088100000|100%| O|  |TAMS 0x0000000088000000, 0x0000000088100000| Untracked 
| 129|0x0000000088100000, 0x0000000088200000, 0x0000000088200000|100%| O|  |TAMS 0x0000000088100000, 0x0000000088200000| Untracked 
| 130|0x0000000088200000, 0x0000000088300000, 0x0000000088300000|100%| O|  |TAMS 0x0000000088200000, 0x0000000088300000| Untracked 
| 131|0x0000000088300000, 0x0000000088400000, 0x0000000088400000|100%| O|  |TAMS 0x0000000088300000, 0x0000000088400000| Untracked 
| 132|0x0000000088400000, 0x0000000088500000, 0x0000000088500000|100%| O|  |TAMS 0x0000000088400000, 0x0000000088500000| Untracked 
| 133|0x0000000088500000, 0x0000000088600000, 0x0000000088600000|100%| O|  |TAMS 0x0000000088500000, 0x0000000088600000| Untracked 
| 134|0x0000000088600000, 0x0000000088700000, 0x0000000088700000|100%| O|  |TAMS 0x0000000088600000, 0x0000000088700000| Untracked 
| 135|0x0000000088700000, 0x0000000088800000, 0x0000000088800000|100%| O|  |TAMS 0x0000000088700000, 0x0000000088800000| Untracked 
| 136|0x0000000088800000, 0x0000000088900000, 0x0000000088900000|100%| O|  |TAMS 0x0000000088800000, 0x0000000088900000| Untracked 
| 137|0x0000000088900000, 0x0000000088a00000, 0x0000000088a00000|100%| O|  |TAMS 0x0000000088900000, 0x0000000088a00000| Untracked 
| 138|0x0000000088a00000, 0x0000000088b00000, 0x0000000088b00000|100%| O|  |TAMS 0x0000000088a00000, 0x0000000088b00000| Untracked 
| 139|0x0000000088b00000, 0x0000000088c00000, 0x0000000088c00000|100%| O|  |TAMS 0x0000000088b00000, 0x0000000088c00000| Untracked 
| 140|0x0000000088c00000, 0x0000000088d00000, 0x0000000088d00000|100%| O|  |TAMS 0x0000000088c00000, 0x0000000088d00000| Untracked 
| 141|0x0000000088d00000, 0x0000000088e00000, 0x0000000088e00000|100%| O|  |TAMS 0x0000000088d00000, 0x0000000088e00000| Untracked 
| 142|0x0000000088e00000, 0x0000000088f00000, 0x0000000088f00000|100%| O|  |TAMS 0x0000000088e00000, 0x0000000088f00000| Untracked 
| 143|0x0000000088f00000, 0x0000000089000000, 0x0000000089000000|100%| O|  |TAMS 0x0000000088f00000, 0x0000000089000000| Untracked 
| 144|0x0000000089000000, 0x0000000089100000, 0x0000000089100000|100%| O|  |TAMS 0x0000000089000000, 0x0000000089100000| Untracked 
| 145|0x0000000089100000, 0x0000000089200000, 0x0000000089200000|100%| O|  |TAMS 0x0000000089100000, 0x0000000089200000| Untracked 
| 146|0x0000000089200000, 0x0000000089300000, 0x0000000089300000|100%| O|  |TAMS 0x0000000089200000, 0x0000000089300000| Untracked 
| 147|0x0000000089300000, 0x0000000089400000, 0x0000000089400000|100%| O|  |TAMS 0x0000000089300000, 0x0000000089400000| Untracked 
| 148|0x0000000089400000, 0x0000000089500000, 0x0000000089500000|100%| O|  |TAMS 0x0000000089400000, 0x0000000089500000| Untracked 
| 149|0x0000000089500000, 0x00000000895d9600, 0x0000000089600000| 84%| O|  |TAMS 0x0000000089500000, 0x00000000895d9600| Untracked 
| 150|0x0000000089600000, 0x0000000089600000, 0x0000000089700000|  0%| F|  |TAMS 0x0000000089600000, 0x0000000089600000| Untracked 
| 151|0x0000000089700000, 0x0000000089700000, 0x0000000089800000|  0%| F|  |TAMS 0x0000000089700000, 0x0000000089700000| Untracked 
| 152|0x0000000089800000, 0x0000000089800000, 0x0000000089900000|  0%| F|  |TAMS 0x0000000089800000, 0x0000000089800000| Untracked 
| 153|0x0000000089900000, 0x0000000089900000, 0x0000000089a00000|  0%| F|  |TAMS 0x0000000089900000, 0x0000000089900000| Untracked 
| 154|0x0000000089a00000, 0x0000000089a00000, 0x0000000089b00000|  0%| F|  |TAMS 0x0000000089a00000, 0x0000000089a00000| Untracked 
| 155|0x0000000089b00000, 0x0000000089b00000, 0x0000000089c00000|  0%| F|  |TAMS 0x0000000089b00000, 0x0000000089b00000| Untracked 
| 156|0x0000000089c00000, 0x0000000089c00000, 0x0000000089d00000|  0%| F|  |TAMS 0x0000000089c00000, 0x0000000089c00000| Untracked 
| 157|0x0000000089d00000, 0x0000000089d00000, 0x0000000089e00000|  0%| F|  |TAMS 0x0000000089d00000, 0x0000000089d00000| Untracked 
| 158|0x0000000089e00000, 0x0000000089e00000, 0x0000000089f00000|  0%| F|  |TAMS 0x0000000089e00000, 0x0000000089e00000| Untracked 
| 159|0x0000000089f00000, 0x0000000089f00000, 0x000000008a000000|  0%| F|  |TAMS 0x0000000089f00000, 0x0000000089f00000| Untracked 
| 160|0x000000008a000000, 0x000000008a000000, 0x000000008a100000|  0%| F|  |TAMS 0x000000008a000000, 0x000000008a000000| Untracked 
| 161|0x000000008a100000, 0x000000008a100000, 0x000000008a200000|  0%| F|  |TAMS 0x000000008a100000, 0x000000008a100000| Untracked 
| 162|0x000000008a200000, 0x000000008a200000, 0x000000008a300000|  0%| F|  |TAMS 0x000000008a200000, 0x000000008a200000| Untracked 
| 163|0x000000008a300000, 0x000000008a300000, 0x000000008a400000|  0%| F|  |TAMS 0x000000008a300000, 0x000000008a300000| Untracked 
| 164|0x000000008a400000, 0x000000008a400000, 0x000000008a500000|  0%| F|  |TAMS 0x000000008a400000, 0x000000008a400000| Untracked 
| 165|0x000000008a500000, 0x000000008a500000, 0x000000008a600000|  0%| F|  |TAMS 0x000000008a500000, 0x000000008a500000| Untracked 
| 166|0x000000008a600000, 0x000000008a600000, 0x000000008a700000|  0%| F|  |TAMS 0x000000008a600000, 0x000000008a600000| Untracked 
| 167|0x000000008a700000, 0x000000008a700000, 0x000000008a800000|  0%| F|  |TAMS 0x000000008a700000, 0x000000008a700000| Untracked 
| 168|0x000000008a800000, 0x000000008a800000, 0x000000008a900000|  0%| F|  |TAMS 0x000000008a800000, 0x000000008a800000| Untracked 
| 169|0x000000008a900000, 0x000000008a900000, 0x000000008aa00000|  0%| F|  |TAMS 0x000000008a900000, 0x000000008a900000| Untracked 
| 170|0x000000008aa00000, 0x000000008aa00000, 0x000000008ab00000|  0%| F|  |TAMS 0x000000008aa00000, 0x000000008aa00000| Untracked 
| 171|0x000000008ab00000, 0x000000008ab00000, 0x000000008ac00000|  0%| F|  |TAMS 0x000000008ab00000, 0x000000008ab00000| Untracked 
| 172|0x000000008ac00000, 0x000000008ac00000, 0x000000008ad00000|  0%| F|  |TAMS 0x000000008ac00000, 0x000000008ac00000| Untracked 
| 173|0x000000008ad00000, 0x000000008ad00000, 0x000000008ae00000|  0%| F|  |TAMS 0x000000008ad00000, 0x000000008ad00000| Untracked 
| 174|0x000000008ae00000, 0x000000008ae00000, 0x000000008af00000|  0%| F|  |TAMS 0x000000008ae00000, 0x000000008ae00000| Untracked 
| 175|0x000000008af00000, 0x000000008af00000, 0x000000008b000000|  0%| F|  |TAMS 0x000000008af00000, 0x000000008af00000| Untracked 
| 176|0x000000008b000000, 0x000000008b000000, 0x000000008b100000|  0%| F|  |TAMS 0x000000008b000000, 0x000000008b000000| Untracked 
| 177|0x000000008b100000, 0x000000008b100000, 0x000000008b200000|  0%| F|  |TAMS 0x000000008b100000, 0x000000008b100000| Untracked 
| 178|0x000000008b200000, 0x000000008b200000, 0x000000008b300000|  0%| F|  |TAMS 0x000000008b200000, 0x000000008b200000| Untracked 
| 179|0x000000008b300000, 0x000000008b300000, 0x000000008b400000|  0%| F|  |TAMS 0x000000008b300000, 0x000000008b300000| Untracked 
| 180|0x000000008b400000, 0x000000008b400000, 0x000000008b500000|  0%| F|  |TAMS 0x000000008b400000, 0x000000008b400000| Untracked 
| 181|0x000000008b500000, 0x000000008b500000, 0x000000008b600000|  0%| F|  |TAMS 0x000000008b500000, 0x000000008b500000| Untracked 
| 182|0x000000008b600000, 0x000000008b600000, 0x000000008b700000|  0%| F|  |TAMS 0x000000008b600000, 0x000000008b600000| Untracked 
| 183|0x000000008b700000, 0x000000008b700000, 0x000000008b800000|  0%| F|  |TAMS 0x000000008b700000, 0x000000008b700000| Untracked 
| 184|0x000000008b800000, 0x000000008b800000, 0x000000008b900000|  0%| F|  |TAMS 0x000000008b800000, 0x000000008b800000| Untracked 
| 185|0x000000008b900000, 0x000000008b900000, 0x000000008ba00000|  0%| F|  |TAMS 0x000000008b900000, 0x000000008b900000| Untracked 
| 186|0x000000008ba00000, 0x000000008ba00000, 0x000000008bb00000|  0%| F|  |TAMS 0x000000008ba00000, 0x000000008ba00000| Untracked 
| 187|0x000000008bb00000, 0x000000008bb00000, 0x000000008bc00000|  0%| F|  |TAMS 0x000000008bb00000, 0x000000008bb00000| Untracked 
| 188|0x000000008bc00000, 0x000000008bc00000, 0x000000008bd00000|  0%| F|  |TAMS 0x000000008bc00000, 0x000000008bc00000| Untracked 
| 189|0x000000008bd00000, 0x000000008bd00000, 0x000000008be00000|  0%| F|  |TAMS 0x000000008bd00000, 0x000000008bd00000| Untracked 
| 190|0x000000008be00000, 0x000000008be00000, 0x000000008bf00000|  0%| F|  |TAMS 0x000000008be00000, 0x000000008be00000| Untracked 
| 191|0x000000008bf00000, 0x000000008bf00000, 0x000000008c000000|  0%| F|  |TAMS 0x000000008bf00000, 0x000000008bf00000| Untracked 
| 192|0x000000008c000000, 0x000000008c100000, 0x000000008c100000|100%| O|  |TAMS 0x000000008c100000, 0x000000008c100000| Untracked 
| 193|0x000000008c100000, 0x000000008c200000, 0x000000008c200000|100%| O|  |TAMS 0x000000008c200000, 0x000000008c200000| Untracked 
| 194|0x000000008c200000, 0x000000008c300000, 0x000000008c300000|100%| O|  |TAMS 0x000000008c300000, 0x000000008c300000| Untracked 
| 195|0x000000008c300000, 0x000000008c400000, 0x000000008c400000|100%| O|  |TAMS 0x000000008c400000, 0x000000008c400000| Untracked 
| 196|0x000000008c400000, 0x000000008c500000, 0x000000008c500000|100%| O|  |TAMS 0x000000008c500000, 0x000000008c500000| Untracked 
| 197|0x000000008c500000, 0x000000008c600000, 0x000000008c600000|100%| O|  |TAMS 0x000000008c600000, 0x000000008c600000| Untracked 
| 198|0x000000008c600000, 0x000000008c700000, 0x000000008c700000|100%| O|  |TAMS 0x000000008c700000, 0x000000008c700000| Untracked 
| 199|0x000000008c700000, 0x000000008c800000, 0x000000008c800000|100%| O|  |TAMS 0x000000008c800000, 0x000000008c800000| Untracked 
| 200|0x000000008c800000, 0x000000008c900000, 0x000000008c900000|100%| S|CS|TAMS 0x000000008c800000, 0x000000008c800000| Complete 
| 201|0x000000008c900000, 0x000000008ca00000, 0x000000008ca00000|100%| S|CS|TAMS 0x000000008c900000, 0x000000008c900000| Complete 
| 202|0x000000008ca00000, 0x000000008cb00000, 0x000000008cb00000|100%| S|CS|TAMS 0x000000008ca00000, 0x000000008ca00000| Complete 
| 203|0x000000008cb00000, 0x000000008cc00000, 0x000000008cc00000|100%| S|CS|TAMS 0x000000008cb00000, 0x000000008cb00000| Complete 
| 204|0x000000008cc00000, 0x000000008cd00000, 0x000000008cd00000|100%| S|CS|TAMS 0x000000008cc00000, 0x000000008cc00000| Complete 
| 205|0x000000008cd00000, 0x000000008ce00000, 0x000000008ce00000|100%| S|CS|TAMS 0x000000008cd00000, 0x000000008cd00000| Complete 
| 206|0x000000008ce00000, 0x000000008ce00000, 0x000000008cf00000|  0%| F|  |TAMS 0x000000008ce00000, 0x000000008ce00000| Untracked 
| 207|0x000000008cf00000, 0x000000008cf00000, 0x000000008d000000|  0%| F|  |TAMS 0x000000008cf00000, 0x000000008cf00000| Untracked 
| 208|0x000000008d000000, 0x000000008d000000, 0x000000008d100000|  0%| F|  |TAMS 0x000000008d000000, 0x000000008d000000| Untracked 
| 209|0x000000008d100000, 0x000000008d100000, 0x000000008d200000|  0%| F|  |TAMS 0x000000008d100000, 0x000000008d100000| Untracked 
| 210|0x000000008d200000, 0x000000008d200000, 0x000000008d300000|  0%| F|  |TAMS 0x000000008d200000, 0x000000008d200000| Untracked 
| 211|0x000000008d300000, 0x000000008d300000, 0x000000008d400000|  0%| F|  |TAMS 0x000000008d300000, 0x000000008d300000| Untracked 
| 212|0x000000008d400000, 0x000000008d400000, 0x000000008d500000|  0%| F|  |TAMS 0x000000008d400000, 0x000000008d400000| Untracked 
| 213|0x000000008d500000, 0x000000008d500000, 0x000000008d600000|  0%| F|  |TAMS 0x000000008d500000, 0x000000008d500000| Untracked 
| 214|0x000000008d600000, 0x000000008d600000, 0x000000008d700000|  0%| F|  |TAMS 0x000000008d600000, 0x000000008d600000| Untracked 
| 215|0x000000008d700000, 0x000000008d700000, 0x000000008d800000|  0%| F|  |TAMS 0x000000008d700000, 0x000000008d700000| Untracked 
| 216|0x000000008d800000, 0x000000008d800000, 0x000000008d900000|  0%| F|  |TAMS 0x000000008d800000, 0x000000008d800000| Untracked 
| 217|0x000000008d900000, 0x000000008d900000, 0x000000008da00000|  0%| F|  |TAMS 0x000000008d900000, 0x000000008d900000| Untracked 
| 218|0x000000008da00000, 0x000000008da00000, 0x000000008db00000|  0%| F|  |TAMS 0x000000008da00000, 0x000000008da00000| Untracked 
| 219|0x000000008db00000, 0x000000008db00000, 0x000000008dc00000|  0%| F|  |TAMS 0x000000008db00000, 0x000000008db00000| Untracked 
| 220|0x000000008dc00000, 0x000000008dc00000, 0x000000008dd00000|  0%| F|  |TAMS 0x000000008dc00000, 0x000000008dc00000| Untracked 
| 221|0x000000008dd00000, 0x000000008dd00000, 0x000000008de00000|  0%| F|  |TAMS 0x000000008dd00000, 0x000000008dd00000| Untracked 
| 222|0x000000008de00000, 0x000000008de00000, 0x000000008df00000|  0%| F|  |TAMS 0x000000008de00000, 0x000000008de00000| Untracked 
| 223|0x000000008df00000, 0x000000008df00000, 0x000000008e000000|  0%| F|  |TAMS 0x000000008df00000, 0x000000008df00000| Untracked 
| 224|0x000000008e000000, 0x000000008e000000, 0x000000008e100000|  0%| F|  |TAMS 0x000000008e000000, 0x000000008e000000| Untracked 
| 225|0x000000008e100000, 0x000000008e100000, 0x000000008e200000|  0%| F|  |TAMS 0x000000008e100000, 0x000000008e100000| Untracked 
| 226|0x000000008e200000, 0x000000008e200000, 0x000000008e300000|  0%| F|  |TAMS 0x000000008e200000, 0x000000008e200000| Untracked 
| 227|0x000000008e300000, 0x000000008e300000, 0x000000008e400000|  0%| F|  |TAMS 0x000000008e300000, 0x000000008e300000| Untracked 
| 228|0x000000008e400000, 0x000000008e400000, 0x000000008e500000|  0%| F|  |TAMS 0x000000008e400000, 0x000000008e400000| Untracked 
| 229|0x000000008e500000, 0x000000008e500000, 0x000000008e600000|  0%| F|  |TAMS 0x000000008e500000, 0x000000008e500000| Untracked 
| 230|0x000000008e600000, 0x000000008e600000, 0x000000008e700000|  0%| F|  |TAMS 0x000000008e600000, 0x000000008e600000| Untracked 
| 231|0x000000008e700000, 0x000000008e700000, 0x000000008e800000|  0%| F|  |TAMS 0x000000008e700000, 0x000000008e700000| Untracked 
| 232|0x000000008e800000, 0x000000008e8e2148, 0x000000008e900000| 88%| E|  |TAMS 0x000000008e800000, 0x000000008e800000| Complete 
| 233|0x000000008e900000, 0x000000008ea00000, 0x000000008ea00000|100%| E|CS|TAMS 0x000000008e900000, 0x000000008e900000| Complete 
| 234|0x000000008ea00000, 0x000000008eb00000, 0x000000008eb00000|100%| E|CS|TAMS 0x000000008ea00000, 0x000000008ea00000| Complete 
| 235|0x000000008eb00000, 0x000000008ec00000, 0x000000008ec00000|100%| E|CS|TAMS 0x000000008eb00000, 0x000000008eb00000| Complete 
| 236|0x000000008ec00000, 0x000000008ed00000, 0x000000008ed00000|100%| E|CS|TAMS 0x000000008ec00000, 0x000000008ec00000| Complete 
| 237|0x000000008ed00000, 0x000000008ee00000, 0x000000008ee00000|100%| E|CS|TAMS 0x000000008ed00000, 0x000000008ed00000| Complete 
| 238|0x000000008ee00000, 0x000000008ef00000, 0x000000008ef00000|100%| E|CS|TAMS 0x000000008ee00000, 0x000000008ee00000| Complete 
| 239|0x000000008ef00000, 0x000000008f000000, 0x000000008f000000|100%| E|CS|TAMS 0x000000008ef00000, 0x000000008ef00000| Complete 

Card table byte_map: [0x000002037a660000,0x000002037aa60000] _byte_map_base: 0x000002037a260000

Marking Bits (Prev, Next): (CMBitMap*) 0x00000203765db028, (CMBitMap*) 0x00000203765db060
 Prev Bits: [0x000002037ae60000, 0x000002037ce60000)
 Next Bits: [0x000002037ce60000, 0x000002037ee60000)

Polling page: 0x0000020375d80000

Metaspace:

Usage:
  Non-class:     86.19 MB capacity,    84.70 MB ( 98%) used,     1.22 MB (  1%) free+waste,   285.94 KB ( <1%) overhead. 
      Class:     13.29 MB capacity,    12.40 MB ( 93%) used,   784.99 KB (  6%) free+waste,   128.44 KB ( <1%) overhead. 
       Both:     99.49 MB capacity,    97.10 MB ( 98%) used,     1.99 MB (  2%) free+waste,   414.38 KB ( <1%) overhead. 

Virtual space:
  Non-class space:       88.00 MB reserved,      86.25 MB ( 98%) committed 
      Class space:        1.00 GB reserved,      13.38 MB (  1%) committed 
             Both:        1.09 GB reserved,      99.63 MB (  9%) committed 

Chunk freelists:
   Non-Class:  56.00 KB
       Class:  0 bytes
        Both:  56.00 KB

MaxMetaspaceSize: 17179869184.00 GB
CompressedClassSpaceSize: 1.00 GB

CodeHeap 'non-profiled nmethods': size=120000Kb used=6937Kb max_used=6937Kb free=113062Kb
 bounds [0x0000020307ad0000, 0x00000203081a0000, 0x000002030f000000]
CodeHeap 'profiled nmethods': size=120000Kb used=33303Kb max_used=33303Kb free=86696Kb
 bounds [0x00000203005a0000, 0x0000020302630000, 0x0000020307ad0000]
CodeHeap 'non-nmethods': size=5760Kb used=2284Kb max_used=2351Kb free=3476Kb
 bounds [0x0000020300000000, 0x0000020300270000, 0x00000203005a0000]
 total_blobs=14735 nmethods=13850 adapters=794
 compilation: enabled
              stopped_count=0, restarted_count=0
 full_count=0

Compilation events (20 events):
Event: 17.715 Thread 0x000002037f901800 nmethod 14397% 0x0000020302604190 code [0x00000203026043c0, 0x0000020302604cb8]
Event: 17.715 Thread 0x000002037f901800 14398 %     3       com.android.tools.r8.graph.n0::b @ 41 (74 bytes)
Event: 17.716 Thread 0x000002037f901800 nmethod 14398% 0x0000020302605010 code [0x00000203026052a0, 0x00000203026062f8]
Event: 17.716 Thread 0x000002037f901800 14396 %     3       com.android.tools.r8.graph.v1::d @ 15 (64 bytes)
Event: 17.716 Thread 0x000002037f901800 nmethod 14396% 0x0000020302606810 code [0x0000020302606a60, 0x00000203026074d8]
Event: 17.716 Thread 0x000002037f901800 14394       2       com.android.tools.r8.ir.conversion.T$$Lambda$1047/0x0000000100c96440::<init> (15 bytes)
Event: 17.717 Thread 0x000002037f901800 nmethod 14394 0x0000020302607790 code [0x0000020302607940, 0x0000020302607a98]
Event: 17.717 Thread 0x000002037f901800 14393       2       com.android.tools.r8.ir.conversion.T$$Lambda$992/0x0000000100c45040::accept (12 bytes)
Event: 17.717 Thread 0x000002037f901800 nmethod 14393 0x0000020302607b10 code [0x0000020302607cc0, 0x0000020302607e08]
Event: 17.717 Thread 0x000002037f901800 14395       2       com.android.tools.r8.ir.conversion.T$$Lambda$1047/0x0000000100c96440::get$Lambda (10 bytes)
Event: 17.717 Thread 0x000002037f901800 nmethod 14395 0x0000020302607f10 code [0x00000203026080c0, 0x0000020302608258]
Event: 17.717 Thread 0x000002037f901800 14370       2       java.lang.invoke.VarHandleInts$FieldInstanceReadWrite::getAndBitwiseOr (23 bytes)
Event: 17.717 Thread 0x000002037f901800 nmethod 14370 0x0000020302608310 code [0x0000020302608500, 0x0000020302608888]
Event: 17.717 Thread 0x000002037f901800 14359       2       java.lang.invoke.VarHandleObjects$Array::getAcquire (41 bytes)
Event: 17.718 Thread 0x000002037f901800 nmethod 14359 0x0000020302608a90 code [0x0000020302608ca0, 0x0000020302609208]
Event: 17.718 Thread 0x000002037f901800 14367       2       java.lang.invoke.VarHandleGuards::guard_LILL_Z (74 bytes)
Event: 17.718 Thread 0x000002037f901800 nmethod 14367 0x0000020302609510 code [0x0000020302609760, 0x0000020302609da8]
Event: 17.718 Thread 0x000002037f901800 14401       3       com.android.tools.r8.graph.n0::b (74 bytes)
Event: 17.721 Thread 0x000002037f901800 nmethod 14401 0x000002030260a290 code [0x000002030260a520, 0x000002030260b4b8]
Event: 17.721 Thread 0x000002037f901800 14400 % !   3       com.android.tools.r8.ir.conversion.T::a @ 54 (565 bytes)

GC Heap History (20 events):
Event: 15.019 GC heap before
{Heap before GC invocations=26 (full 0):
 garbage-first heap   total 189440K, used 159702K [0x0000000080000000, 0x0000000100000000)
  region size 1024K, 74 young (75776K), 6 survivors (6144K)
 Metaspace       used 95954K, capacity 98233K, committed 98560K, reserved 1134592K
  class space    used 12361K, capacity 13219K, committed 13312K, reserved 1048576K
}
Event: 15.024 GC heap after
{Heap after GC invocations=27 (full 0):
 garbage-first heap   total 189440K, used 90133K [0x0000000080000000, 0x0000000100000000)
  region size 1024K, 5 young (5120K), 5 survivors (5120K)
 Metaspace       used 95954K, capacity 98233K, committed 98560K, reserved 1134592K
  class space    used 12361K, capacity 13219K, committed 13312K, reserved 1048576K
}
Event: 15.259 GC heap before
{Heap before GC invocations=27 (full 0):
 garbage-first heap   total 189440K, used 160789K [0x0000000080000000, 0x0000000100000000)
  region size 1024K, 74 young (75776K), 5 survivors (5120K)
 Metaspace       used 95978K, capacity 98233K, committed 98560K, reserved 1134592K
  class space    used 12361K, capacity 13219K, committed 13312K, reserved 1048576K
}
Event: 15.263 GC heap after
{Heap after GC invocations=28 (full 0):
 garbage-first heap   total 189440K, used 90526K [0x0000000080000000, 0x0000000100000000)
  region size 1024K, 6 young (6144K), 6 survivors (6144K)
 Metaspace       used 95978K, capacity 98233K, committed 98560K, reserved 1134592K
  class space    used 12361K, capacity 13219K, committed 13312K, reserved 1048576K
}
Event: 15.610 GC heap before
{Heap before GC invocations=29 (full 0):
 garbage-first heap   total 189440K, used 161182K [0x0000000080000000, 0x0000000100000000)
  region size 1024K, 75 young (76800K), 6 survivors (6144K)
 Metaspace       used 95817K, capacity 97969K, committed 98560K, reserved 1134592K
  class space    used 12313K, capacity 13131K, committed 13312K, reserved 1048576K
}
Event: 15.614 GC heap after
{Heap after GC invocations=30 (full 0):
 garbage-first heap   total 189440K, used 88982K [0x0000000080000000, 0x0000000100000000)
  region size 1024K, 4 young (4096K), 4 survivors (4096K)
 Metaspace       used 95817K, capacity 97969K, committed 98560K, reserved 1134592K
  class space    used 12313K, capacity 13131K, committed 13312K, reserved 1048576K
}
Event: 15.902 GC heap before
{Heap before GC invocations=30 (full 0):
 garbage-first heap   total 189440K, used 160662K [0x0000000080000000, 0x0000000100000000)
  region size 1024K, 74 young (75776K), 4 survivors (4096K)
 Metaspace       used 95818K, capacity 97969K, committed 98560K, reserved 1134592K
  class space    used 12313K, capacity 13131K, committed 13312K, reserved 1048576K
}
Event: 15.906 GC heap after
{Heap after GC invocations=31 (full 0):
 garbage-first heap   total 189440K, used 89358K [0x0000000080000000, 0x0000000100000000)
  region size 1024K, 5 young (5120K), 5 survivors (5120K)
 Metaspace       used 95818K, capacity 97969K, committed 98560K, reserved 1134592K
  class space    used 12313K, capacity 13131K, committed 13312K, reserved 1048576K
}
Event: 16.256 GC heap before
{Heap before GC invocations=32 (full 0):
 garbage-first heap   total 189440K, used 124174K [0x0000000080000000, 0x0000000100000000)
  region size 1024K, 40 young (40960K), 5 survivors (5120K)
 Metaspace       used 97066K, capacity 99277K, committed 99456K, reserved 1134592K
  class space    used 12486K, capacity 13346K, committed 13440K, reserved 1048576K
}
Event: 16.261 GC heap after
{Heap after GC invocations=33 (full 0):
 garbage-first heap   total 189440K, used 89861K [0x0000000080000000, 0x0000000100000000)
  region size 1024K, 5 young (5120K), 5 survivors (5120K)
 Metaspace       used 97066K, capacity 99277K, committed 99456K, reserved 1134592K
  class space    used 12486K, capacity 13346K, committed 13440K, reserved 1048576K
}
Event: 16.646 GC heap before
{Heap before GC invocations=34 (full 0):
 garbage-first heap   total 189440K, used 121605K [0x0000000080000000, 0x0000000100000000)
  region size 1024K, 37 young (37888K), 5 survivors (5120K)
 Metaspace       used 97616K, capacity 99949K, committed 99968K, reserved 1136640K
  class space    used 12543K, capacity 13432K, committed 13440K, reserved 1048576K
}
Event: 16.654 GC heap after
{Heap after GC invocations=35 (full 0):
 garbage-first heap   total 189440K, used 85171K [0x0000000080000000, 0x0000000100000000)
  region size 1024K, 2 young (2048K), 2 survivors (2048K)
 Metaspace       used 97616K, capacity 99949K, committed 99968K, reserved 1136640K
  class space    used 12543K, capacity 13432K, committed 13440K, reserved 1048576K
}
Event: 17.000 GC heap before
{Heap before GC invocations=36 (full 0):
 garbage-first heap   total 189440K, used 184499K [0x0000000080000000, 0x0000000100000000)
  region size 1024K, 76 young (77824K), 2 survivors (2048K)
 Metaspace       used 98216K, capacity 100556K, committed 100864K, reserved 1136640K
  class space    used 12589K, capacity 13484K, committed 13568K, reserved 1048576K
}
Event: 17.021 GC heap after
{Heap after GC invocations=37 (full 0):
 garbage-first heap   total 204800K, used 117764K [0x0000000080000000, 0x0000000100000000)
  region size 1024K, 10 young (10240K), 10 survivors (10240K)
 Metaspace       used 98216K, capacity 100556K, committed 100864K, reserved 1136640K
  class space    used 12589K, capacity 13484K, committed 13568K, reserved 1048576K
}
Event: 17.231 GC heap before
{Heap before GC invocations=37 (full 0):
 garbage-first heap   total 204800K, used 131076K [0x0000000080000000, 0x0000000100000000)
  region size 1024K, 24 young (24576K), 10 survivors (10240K)
 Metaspace       used 98501K, capacity 100791K, committed 101120K, reserved 1136640K
  class space    used 12604K, capacity 13490K, committed 13568K, reserved 1048576K
}
Event: 17.263 GC heap after
{Heap after GC invocations=38 (full 0):
 garbage-first heap   total 245760K, used 122431K [0x0000000080000000, 0x0000000100000000)
  region size 1024K, 4 young (4096K), 4 survivors (4096K)
 Metaspace       used 98501K, capacity 100791K, committed 101120K, reserved 1136640K
  class space    used 12604K, capacity 13490K, committed 13568K, reserved 1048576K
}
Event: 17.590 GC heap before
{Heap before GC invocations=39 (full 0):
 garbage-first heap   total 245760K, used 173631K [0x0000000080000000, 0x0000000100000000)
  region size 1024K, 53 young (54272K), 4 survivors (4096K)
 Metaspace       used 99319K, capacity 101678K, committed 102016K, reserved 1138688K
  class space    used 12693K, capacity 13613K, committed 13696K, reserved 1048576K
}
Event: 17.615 GC heap after
{Heap after GC invocations=40 (full 0):
 garbage-first heap   total 245760K, used 148903K [0x0000000080000000, 0x0000000100000000)
  region size 1024K, 7 young (7168K), 7 survivors (7168K)
 Metaspace       used 99319K, capacity 101678K, committed 102016K, reserved 1138688K
  class space    used 12693K, capacity 13613K, committed 13696K, reserved 1048576K
}
Event: 17.723 GC heap before
{Heap before GC invocations=40 (full 0):
 garbage-first heap   total 245760K, used 182695K [0x0000000080000000, 0x0000000100000000)
  region size 1024K, 41 young (41984K), 7 survivors (7168K)
 Metaspace       used 99418K, capacity 101875K, committed 102016K, reserved 1138688K
  class space    used 12699K, capacity 13613K, committed 13696K, reserved 1048576K
}
Event: 17.749 GC heap after
{Heap after GC invocations=41 (full 0):
 garbage-first heap   total 245760K, used 167781K [0x0000000080000000, 0x0000000100000000)
  region size 1024K, 6 young (6144K), 6 survivors (6144K)
 Metaspace       used 99418K, capacity 101875K, committed 102016K, reserved 1138688K
  class space    used 12699K, capacity 13613K, committed 13696K, reserved 1048576K
}

Deoptimization events (20 events):
Event: 17.191 Thread 0x0000020317fa0800 Uncommon trap: trap_request=0xffffffc6 fr.pc=0x0000020308133698 relative=0x0000000000000458
Event: 17.191 Thread 0x0000020317fa0800 Uncommon trap: reason=bimorphic_or_optimized_type_check action=maybe_recompile pc=0x0000020308133698 method=java.util.ArrayDeque.contains(Ljava/lang/Object;)Z @ 45 c2
Event: 17.191 Thread 0x0000020317fa0800 DEOPT PACKING pc=0x0000020308133698 sp=0x000000291dcfb200
Event: 17.191 Thread 0x0000020317fa0800 DEOPT UNPACKING pc=0x00000203000274af sp=0x000000291dcfb188 mode 2
Event: 17.191 Thread 0x0000020317fa0800 Uncommon trap: trap_request=0xffffffc6 fr.pc=0x0000020308133698 relative=0x0000000000000458
Event: 17.191 Thread 0x0000020317fa0800 Uncommon trap: reason=bimorphic_or_optimized_type_check action=maybe_recompile pc=0x0000020308133698 method=java.util.ArrayDeque.contains(Ljava/lang/Object;)Z @ 45 c2
Event: 17.191 Thread 0x0000020317fa0800 DEOPT PACKING pc=0x0000020308133698 sp=0x000000291dcfb200
Event: 17.191 Thread 0x0000020317fa0800 DEOPT UNPACKING pc=0x00000203000274af sp=0x000000291dcfb188 mode 2
Event: 17.200 Thread 0x0000020317fa0800 DEOPT PACKING pc=0x00000203018b3069 sp=0x000000291dcfcd60
Event: 17.200 Thread 0x0000020317fa0800 DEOPT UNPACKING pc=0x00000203000272ce sp=0x000000291dcfc290 mode 0
Event: 17.319 Thread 0x0000020317fa6000 DEOPT PACKING pc=0x00000203024caa9b sp=0x000000291e0fd430
Event: 17.320 Thread 0x0000020317fa6000 DEOPT UNPACKING pc=0x00000203000272ce sp=0x000000291e0fc9f0 mode 0
Event: 17.446 Thread 0x000002031f0fb000 DEOPT PACKING pc=0x000002030256ae98 sp=0x000000291eafebf0
Event: 17.446 Thread 0x000002031f0fb000 DEOPT UNPACKING pc=0x00000203000272ce sp=0x000000291eafe1d8 mode 0
Event: 17.451 Thread 0x0000020317fab000 DEOPT PACKING pc=0x000002030256ae98 sp=0x000000291e7fe8a0
Event: 17.451 Thread 0x0000020317fab000 DEOPT UNPACKING pc=0x00000203000272ce sp=0x000000291e7fde88 mode 0
Event: 17.456 Thread 0x000002031f0ff000 DEOPT PACKING pc=0x000002030256ae98 sp=0x000000291ebfecc0
Event: 17.456 Thread 0x000002031f0ff000 DEOPT UNPACKING pc=0x00000203000272ce sp=0x000000291ebfe2a8 mode 0
Event: 17.475 Thread 0x000002031f0fb800 DEOPT PACKING pc=0x0000020302564b91 sp=0x000000291eefe500
Event: 17.475 Thread 0x000002031f0fb800 DEOPT UNPACKING pc=0x00000203000272ce sp=0x000000291eefdbc0 mode 0

Classes redefined (0 events):
No events

Internal exceptions (20 events):
Event: 12.031 Thread 0x0000020314d60000 Exception <a 'java/lang/NoSuchMethodError'{0x00000000871b0080}: 'void java.lang.invoke.DirectMethodHandle$Holder.invokeSpecial(java.lang.Object, java.lang.Object, int, java.lang.Object)'> (0x00000000871b0080) thrown at [./src/hotspot/share/interpreter/linkResolver.cpp, line 773]
Event: 12.859 Thread 0x0000020314d60000 Exception <a 'java/lang/NoSuchMethodError'{0x000000008a30bad0}: 'int java.lang.invoke.DirectMethodHandle$Holder.invokeInterface(java.lang.Object, java.lang.Object, int)'> (0x000000008a30bad0) thrown at [./src/hotspot/share/interpreter/linkResolver.cpp, line 773]
Event: 15.994 Thread 0x0000020314d60000 Exception <a 'java/lang/NoSuchMethodError'{0x000000008a410bd8}: 'void java.lang.invoke.DirectMethodHandle$Holder.invokeStaticInit(java.lang.Object, java.lang.Object, java.lang.Object)'> (0x000000008a410bd8) thrown at [./src/hotspot/share/interpreter/linkResolver.cpp, line 773]
Event: 16.008 Thread 0x0000020314d60000 Exception <a 'java/lang/NoSuchMethodError'{0x000000008a44ada8}: 'void java.lang.invoke.DirectMethodHandle$Holder.invokeStatic(java.lang.Object, int, java.lang.Object)'> (0x000000008a44ada8) thrown at [./src/hotspot/share/interpreter/linkResolver.cpp, line 773]
Event: 16.085 Thread 0x0000020314d60000 Exception <a 'java/lang/NoSuchMethodError'{0x000000008a27c618}: 'java.lang.Object java.lang.invoke.DirectMethodHandle$Holder.invokeSpecial(java.lang.Object, java.lang.Object, java.lang.Object, java.lang.Object, java.lang.Object, java.lang.Object, java.lang.Object, java.lang.Object, java.lang.Object, java.lang.Object)'> (0x000000008a27c618) thrown at [./src/hotspot/share/interpreter/linkResolver.cpp, line 773]
Event: 16.085 Thread 0x0000020314d60000 Exception <a 'java/lang/NoSuchMethodError'{0x000000008a2810c8}: 'java.lang.Object java.lang.invoke.Invokers$Holder.linkToTargetMethod(java.lang.Object, java.lang.Object, java.lang.Object, java.lang.Object, java.lang.Object, java.lang.Object, java.lang.Object, java.lang.Object, java.lang.Object)'> (0x000000008a2810c8) thrown at [./src/hotspot/share/interpreter/linkResolver.cpp, line 773]
Event: 16.270 Thread 0x0000020314d60000 Exception <a 'java/lang/NoSuchMethodError'{0x000000008b639000}: 'void java.lang.invoke.DirectMethodHandle$Holder.invokeVirtual(java.lang.Object, java.lang.Object, int)'> (0x000000008b639000) thrown at [./src/hotspot/share/interpreter/linkResolver.cpp, line 773]
Event: 16.382 Thread 0x0000020314d60000 Exception <a 'sun/nio/fs/WindowsException'{0x000000008b48f320}> (0x000000008b48f320) thrown at [./src/hotspot/share/prims/jni.cpp, line 615]
Event: 16.794 Thread 0x0000020317fa6000 Exception <a 'sun/nio/fs/WindowsException'{0x000000008a636150}> (0x000000008a636150) thrown at [./src/hotspot/share/prims/jni.cpp, line 615]
Event: 16.891 Thread 0x0000020317fa0800 Exception <a 'java/lang/NoSuchMethodError'{0x0000000088d05208}: <clinit>> (0x0000000088d05208) thrown at [./src/hotspot/share/prims/jni.cpp, line 1362]
Event: 16.891 Thread 0x0000020317fa0800 Exception <a 'java/lang/NoSuchMethodError'{0x0000000088d06528}: <clinit>> (0x0000000088d06528) thrown at [./src/hotspot/share/prims/jni.cpp, line 1362]
Event: 16.891 Thread 0x0000020317fa0800 Exception <a 'java/lang/NoSuchMethodError'{0x0000000088d089f0}: <clinit>> (0x0000000088d089f0) thrown at [./src/hotspot/share/prims/jni.cpp, line 1362]
Event: 16.892 Thread 0x0000020317fa0800 Exception <a 'java/lang/NoSuchMethodError'{0x0000000088d1f5b8}: <clinit>> (0x0000000088d1f5b8) thrown at [./src/hotspot/share/prims/jni.cpp, line 1362]
Event: 16.892 Thread 0x0000020317fa0800 Exception <a 'java/lang/NoSuchMethodError'{0x0000000088d207f0}: <clinit>> (0x0000000088d207f0) thrown at [./src/hotspot/share/prims/jni.cpp, line 1362]
Event: 17.217 Thread 0x0000020317fa0800 Exception <a 'java/lang/NoSuchMethodError'{0x000000008aeb8518}: <clinit>> (0x000000008aeb8518) thrown at [./src/hotspot/share/prims/jni.cpp, line 1362]
Event: 17.219 Thread 0x0000020317fa0800 Exception <a 'java/lang/NoSuchMethodError'{0x000000008ad7a580}: <clinit>> (0x000000008ad7a580) thrown at [./src/hotspot/share/prims/jni.cpp, line 1362]
Event: 17.508 Thread 0x0000020317fa5800 Exception <a 'java/lang/NoSuchMethodError'{0x000000008d510f18}: 'void java.lang.invoke.DirectMethodHandle$Holder.invokeStatic(java.lang.Object, long)'> (0x000000008d510f18) thrown at [./src/hotspot/share/interpreter/linkResolver.cpp, line 773]
Event: 17.510 Thread 0x0000020317fa5800 Exception <a 'java/lang/NoSuchMethodError'{0x000000008d51bbc8}: 'java.lang.Object java.lang.invoke.DirectMethodHandle$Holder.invokeStaticInit(java.lang.Object, java.lang.Object, long, java.lang.Object)'> (0x000000008d51bbc8) thrown at [./src/hotspot/share/interpreter/linkResolver.cpp, line 773]
Event: 17.511 Thread 0x0000020317fa5800 Exception <a 'java/lang/NoSuchMethodError'{0x000000008d521e08}: 'java.lang.Object java.lang.invoke.DirectMethodHandle$Holder.invokeStatic(java.lang.Object, java.lang.Object, long)'> (0x000000008d521e08) thrown at [./src/hotspot/share/interpreter/linkResolver.cpp, line 773]
Event: 17.512 Thread 0x0000020317fa5800 Exception <a 'java/lang/NoSuchMethodError'{0x000000008d528380}: 'java.lang.Object java.lang.invoke.Invokers$Holder.linkToTargetMethod(java.lang.Object, long, java.lang.Object)'> (0x000000008d528380) thrown at [./src/hotspot/share/interpreter/linkResolver.cpp, line 773]

Events (20 events):
Event: 17.708 Executing coalesced safepoint VM operation: RevokeBias done
Event: 17.708 Executing VM operation: RevokeBias done
Event: 17.708 Executing VM operation: BulkRevokeBias
Event: 17.711 Executing coalesced safepoint VM operation: RevokeBias
Event: 17.711 Executing coalesced safepoint VM operation: RevokeBias done
Event: 17.711 Executing coalesced safepoint VM operation: RevokeBias
Event: 17.711 Executing coalesced safepoint VM operation: RevokeBias done
Event: 17.711 Executing coalesced safepoint VM operation: RevokeBias
Event: 17.711 Executing coalesced safepoint VM operation: RevokeBias done
Event: 17.711 Executing coalesced safepoint VM operation: RevokeBias
Event: 17.711 Executing coalesced safepoint VM operation: RevokeBias done
Event: 17.711 Executing coalesced safepoint VM operation: RevokeBias
Event: 17.711 Executing coalesced safepoint VM operation: RevokeBias done
Event: 17.711 Executing coalesced safepoint VM operation: RevokeBias
Event: 17.711 Executing coalesced safepoint VM operation: RevokeBias done
Event: 17.711 Executing coalesced safepoint VM operation: RevokeBias
Event: 17.711 Executing coalesced safepoint VM operation: RevokeBias done
Event: 17.711 Executing VM operation: BulkRevokeBias done
Event: 17.723 Executing VM operation: G1CollectForAllocation
Event: 17.749 Executing VM operation: G1CollectForAllocation done


Dynamic libraries:
0x00007ff60ff40000 - 0x00007ff60ff4a000 	C:\Users\Dark Knight\Desktop\Android Studio\jre\bin\java.exe
0x00007ff9b2730000 - 0x00007ff9b2925000 	C:\WINDOWS\SYSTEM32\ntdll.dll
0x00007ff9b1dc0000 - 0x00007ff9b1e7e000 	C:\WINDOWS\System32\KERNEL32.DLL
0x00007ff9b0250000 - 0x00007ff9b0518000 	C:\WINDOWS\System32\KERNELBASE.dll
0x00007ff9b0150000 - 0x00007ff9b0250000 	C:\WINDOWS\System32\ucrtbase.dll
0x00007ff97f360000 - 0x00007ff97f379000 	C:\Users\Dark Knight\Desktop\Android Studio\jre\bin\jli.dll
0x00007ff97f380000 - 0x00007ff97f397000 	C:\Users\Dark Knight\Desktop\Android Studio\jre\bin\VCRUNTIME140.dll
0x00007ff9b09e0000 - 0x00007ff9b0b81000 	C:\WINDOWS\System32\USER32.dll
0x00007ff9affa0000 - 0x00007ff9affc2000 	C:\WINDOWS\System32\win32u.dll
0x00007ff99a6f0000 - 0x00007ff99a98a000 	C:\WINDOWS\WinSxS\amd64_microsoft.windows.common-controls_6595b64144ccf1df_6.0.19041.1110_none_60b5254171f9507e\COMCTL32.dll
0x00007ff9b2010000 - 0x00007ff9b203b000 	C:\WINDOWS\System32\GDI32.dll
0x00007ff9b1300000 - 0x00007ff9b139e000 	C:\WINDOWS\System32\msvcrt.dll
0x00007ff9b0660000 - 0x00007ff9b076d000 	C:\WINDOWS\System32\gdi32full.dll
0x00007ff9b0000000 - 0x00007ff9b009d000 	C:\WINDOWS\System32\msvcp_win.dll
0x00007ff9b2170000 - 0x00007ff9b21a0000 	C:\WINDOWS\System32\IMM32.DLL
0x00007ff97af90000 - 0x00007ff97b02d000 	C:\Users\Dark Knight\Desktop\Android Studio\jre\bin\msvcp140.dll
0x00007ff9426a0000 - 0x00007ff94315c000 	C:\Users\Dark Knight\Desktop\Android Studio\jre\bin\server\jvm.dll
0x00007ff9b25b0000 - 0x00007ff9b265c000 	C:\WINDOWS\System32\ADVAPI32.dll
0x00007ff9b1af0000 - 0x00007ff9b1b8b000 	C:\WINDOWS\System32\sechost.dll
0x00007ff9b1120000 - 0x00007ff9b124a000 	C:\WINDOWS\System32\RPCRT4.dll
0x00007ff9b0b90000 - 0x00007ff9b0b98000 	C:\WINDOWS\System32\PSAPI.DLL
0x00007ff99c0d0000 - 0x00007ff99c0f7000 	C:\WINDOWS\SYSTEM32\WINMM.dll
0x00007ff9a7090000 - 0x00007ff9a7099000 	C:\WINDOWS\SYSTEM32\WSOCK32.dll
0x00007ff9a54b0000 - 0x00007ff9a54ba000 	C:\WINDOWS\SYSTEM32\VERSION.dll
0x00007ff9b1fa0000 - 0x00007ff9b200b000 	C:\WINDOWS\System32\WS2_32.dll
0x00007ff9ae6c0000 - 0x00007ff9ae6d2000 	C:\WINDOWS\SYSTEM32\kernel.appcore.dll
0x00007ff9745c0000 - 0x00007ff9745d1000 	C:\Users\Dark Knight\Desktop\Android Studio\jre\bin\verify.dll
0x00007ff9adae0000 - 0x00007ff9adcc4000 	C:\WINDOWS\SYSTEM32\DBGHELP.DLL
0x00007ff9982c0000 - 0x00007ff9982ec000 	C:\WINDOWS\SYSTEM32\dbgcore.DLL
0x00007ff9b05d0000 - 0x00007ff9b0652000 	C:\WINDOWS\System32\bcryptPrimitives.dll
0x00007ff961b50000 - 0x00007ff961b79000 	C:\Users\Dark Knight\Desktop\Android Studio\jre\bin\java.dll
0x00007ff98b710000 - 0x00007ff98b71b000 	C:\Users\Dark Knight\Desktop\Android Studio\jre\bin\jimage.dll
0x00007ff974470000 - 0x00007ff974488000 	C:\Users\Dark Knight\Desktop\Android Studio\jre\bin\zip.dll
0x00007ff9b13a0000 - 0x00007ff9b1ae4000 	C:\WINDOWS\System32\SHELL32.dll
0x00007ff9adf10000 - 0x00007ff9ae6a4000 	C:\WINDOWS\SYSTEM32\windows.storage.dll
0x00007ff9b21a0000 - 0x00007ff9b24f5000 	C:\WINDOWS\System32\combase.dll
0x00007ff9af7c0000 - 0x00007ff9af7ee000 	C:\WINDOWS\SYSTEM32\Wldp.dll
0x00007ff9b1250000 - 0x00007ff9b12fd000 	C:\WINDOWS\System32\SHCORE.dll
0x00007ff9b0770000 - 0x00007ff9b07c5000 	C:\WINDOWS\System32\shlwapi.dll
0x00007ff9afd80000 - 0x00007ff9afd9f000 	C:\WINDOWS\SYSTEM32\profapi.dll
0x00007ff971f80000 - 0x00007ff971f9a000 	C:\Users\Dark Knight\Desktop\Android Studio\jre\bin\net.dll
0x00007ff99e9a0000 - 0x00007ff99eaac000 	C:\WINDOWS\SYSTEM32\WINHTTP.dll
0x00007ff9af520000 - 0x00007ff9af58a000 	C:\WINDOWS\system32\mswsock.dll
0x00007ff970060000 - 0x00007ff970074000 	C:\Users\Dark Knight\Desktop\Android Studio\jre\bin\nio.dll
0x00007ff9a7500000 - 0x00007ff9a7527000 	C:\Users\Dark Knight\.gradle\native\fdc75f09e3144964f2cf3f50f0aa648679c211496f362492102eb8c894070792\windows-amd64\native-platform.dll
0x00007ff960cc0000 - 0x00007ff960e56000 	C:\Users\Dark Knight\.gradle\native\12488b8bf47d2d4c9fbf2f6322a914ad602e24e48041cd04a747c6da556b65c4\windows-amd64\native-platform-file-events.dll
0x00007ff98b6c0000 - 0x00007ff98b6ca000 	C:\Users\Dark Knight\Desktop\Android Studio\jre\bin\management.dll
0x00007ff9877a0000 - 0x00007ff9877ac000 	C:\Users\Dark Knight\Desktop\Android Studio\jre\bin\management_ext.dll
0x00007ff9af710000 - 0x00007ff9af728000 	C:\WINDOWS\SYSTEM32\CRYPTSP.dll
0x00007ff9aeea0000 - 0x00007ff9aeed4000 	C:\WINDOWS\system32\rsaenh.dll
0x00007ff9affd0000 - 0x00007ff9afff7000 	C:\WINDOWS\System32\bcrypt.dll
0x00007ff9afd40000 - 0x00007ff9afd6e000 	C:\WINDOWS\SYSTEM32\USERENV.dll
0x00007ff9af730000 - 0x00007ff9af73c000 	C:\WINDOWS\SYSTEM32\CRYPTBASE.dll
0x00007ff9af210000 - 0x00007ff9af24b000 	C:\WINDOWS\SYSTEM32\IPHLPAPI.DLL
0x00007ff9b1ba0000 - 0x00007ff9b1ba8000 	C:\WINDOWS\System32\NSI.dll
0x00007ff9a14e0000 - 0x00007ff9a14f7000 	C:\WINDOWS\SYSTEM32\dhcpcsvc6.DLL
0x00007ff9a15f0000 - 0x00007ff9a160d000 	C:\WINDOWS\SYSTEM32\dhcpcsvc.DLL
0x00007ff9af250000 - 0x00007ff9af31b000 	C:\WINDOWS\SYSTEM32\DNSAPI.dll
0x00007ff9a5000000 - 0x00007ff9a500b000 	C:\WINDOWS\SYSTEM32\WINNSI.DLL

dbghelp: loaded successfully - version: 4.0.5 - missing functions: none
symbol engine: initialized successfully - sym options: 0x614 - pdb path: .;C:\Users\Dark Knight\Desktop\Android Studio\jre\bin;C:\WINDOWS\SYSTEM32;C:\WINDOWS\WinSxS\amd64_microsoft.windows.common-controls_6595b64144ccf1df_6.0.19041.1110_none_60b5254171f9507e;C:\Users\Dark Knight\Desktop\Android Studio\jre\bin\server;C:\Users\Dark Knight\.gradle\native\fdc75f09e3144964f2cf3f50f0aa648679c211496f362492102eb8c894070792\windows-amd64;C:\Users\Dark Knight\.gradle\native\12488b8bf47d2d4c9fbf2f6322a914ad602e24e48041cd04a747c6da556b65c4\windows-amd64

VM Arguments:
jvm_args: --add-opens=java.base/java.util=ALL-UNNAMED --add-opens=java.base/java.lang=ALL-UNNAMED --add-opens=java.base/java.lang.invoke=ALL-UNNAMED --add-opens=java.prefs/java.util.prefs=ALL-UNNAMED -Xmx2048m -Dfile.encoding=UTF-8 -Duser.country=IN -Duser.language=en -Duser.variant 
java_command: org.gradle.launcher.daemon.bootstrap.GradleDaemon 6.7.1
java_class_path (initial): C:\Users\Dark Knight\.gradle\wrapper\dists\gradle-6.7.1-bin\bwlcbys1h7rz3272sye1xwiv6\gradle-6.7.1\lib\gradle-launcher-6.7.1.jar
Launcher Type: SUN_STANDARD

[Global flags]
     intx CICompilerCount                          = 4                                         {product} {ergonomic}
     uint ConcGCThreads                            = 2                                         {product} {ergonomic}
     uint G1ConcRefinementThreads                  = 8                                         {product} {ergonomic}
   size_t G1HeapRegionSize                         = 1048576                                   {product} {ergonomic}
    uintx GCDrainStackTargetSize                   = 64                                        {product} {ergonomic}
   size_t InitialHeapSize                          = 134217728                                 {product} {ergonomic}
   size_t MarkStackSize                            = 4194304                                   {product} {ergonomic}
   size_t MaxHeapSize                              = 2147483648                                {product} {command line}
   size_t MaxNewSize                               = 1287651328                                {product} {ergonomic}
   size_t MinHeapDeltaBytes                        = 1048576                                   {product} {ergonomic}
    uintx NonNMethodCodeHeapSize                   = 5836300                                {pd product} {ergonomic}
    uintx NonProfiledCodeHeapSize                  = 122910970                              {pd product} {ergonomic}
    uintx ProfiledCodeHeapSize                     = 122910970                              {pd product} {ergonomic}
    uintx ReservedCodeCacheSize                    = 251658240                              {pd product} {ergonomic}
     bool SegmentedCodeCache                       = true                                      {product} {ergonomic}
     bool UseCompressedClassPointers               = true                                 {lp64_product} {ergonomic}
     bool UseCompressedOops                        = true                                 {lp64_product} {ergonomic}
     bool UseG1GC                                  = true                                      {product} {ergonomic}
     bool UseLargePagesIndividualAllocation        = false                                  {pd product} {ergonomic}

Logging:
Log output configuration:
 #0: stdout all=warning uptime,level,tags
 #1: stderr all=off uptime,level,tags

Environment Variables:
PATH=C:\Windows\system32;C:\Windows;C:\Windows\System32\Wbem;C:\Windows\System32\WindowsPowerShell\v1.0\;C:\Windows\System32\OpenSSH\;C:\Program Files (x86)\NVIDIA Corporation\PhysX\Common;C:\Program Files\NVIDIA Corporation\NVIDIA NvDLISR;C:\WINDOWS\system32;C:\WINDOWS;C:\WINDOWS\System32\Wbem;C:\WINDOWS\System32\WindowsPowerShell\v1.0\;C:\WINDOWS\System32\OpenSSH\;C:\MinGW\bin;C:\Program Files\MEGA-X;C:\WINDOWS\system32;C:\WINDOWS;C:\WINDOWS\System32\Wbem;C:\WINDOWS\System32\WindowsPowerShell\v1.0\;C:\WINDOWS\System32\OpenSSH\;C:\Program Files\Git\cmd;C:\Users\Dark Knight\AppData\Local\Microsoft\WindowsApps;C:\Users\Dark Knight\AppData\Local\atom\bin;C:\MinGW\bin;C:\Program Files (x86)\Microsoft Visual Studio\2019\BuildTools\MSBuild\Current\Bin;C:\Users\Dark Knight\AppData\Local\Microsoft\WindowsApps
USERNAME=Dark Knight
OS=Windows_NT
PROCESSOR_IDENTIFIER=Intel64 Family 6 Model 158 Stepping 10, GenuineIntel



---------------  S Y S T E M  ---------------

OS: Windows 10 , 64 bit Build 19041 (10.0.19041.1348)
OS uptime: 3 days 0:23 hours

CPU:total 8 (initial active 8) (4 cores per cpu, 2 threads per core) family 6 model 158 stepping 10, cmov, cx8, fxsr, mmx, sse, sse2, sse3, ssse3, sse4.1, sse4.2, popcnt, avx, avx2, aes, clmul, erms, 3dnowpref, lzcnt, ht, tsc, tscinvbit, bmi1, bmi2, adx, fma

Memory: 4k page, system-wide physical 8072M (265M free)
TotalPageFile size 12168M (AvailPageFile size 0M)
current process WorkingSet (physical memory assigned to process): 518M, peak: 527M
current process commit charge ("private bytes"): 608M, peak: 614M

vm_info: OpenJDK 64-Bit Server VM (11.0.8+10-b944.6842174) for windows-amd64 JRE (11.0.8+10-b944.6842174), built on Sep 19 2020 01:11:42 by "builder" with MS VC++ 14.0 (VS2015)

END.
