#
# There is insufficient memory for the Java Runtime Environment to continue.
# Native memory allocation (malloc) failed to allocate 988176 bytes for Chunk::new
# Possible reasons:
#   The system is out of physical RAM or swap space
#   The process is running with CompressedOops enabled, and the Java Heap may be blocking the growth of the native heap
# Possible solutions:
#   Reduce memory load on the system
#   Increase physical memory or swap space
#   Check if swap backing store is full
#   Decrease Java heap size (-Xmx/-Xms)
#   Decrease number of Java threads
#   Decrease Java thread stack sizes (-Xss)
#   Set larger code cache with -XX:ReservedCodeCacheSize=
#   JVM is running with Unscaled Compressed Oops mode in which the Java heap is
#     placed in the first 4GB address space. The Java Heap base address is the
#     maximum limit for the native heap growth. Please use -XX:HeapBaseMinAddress
#     to set the Java Heap base and to place the Java Heap above 4GB virtual address.
# This output file may be truncated or incomplete.
#
#  Out of Memory Error (./src/hotspot/share/memory/arena.cpp:197), pid=31748, tid=31888
#
# JRE version: OpenJDK Runtime Environment (11.0.8+10) (build 11.0.8+10-b944.6842174)
# Java VM: OpenJDK 64-Bit Server VM (11.0.8+10-b944.6842174, mixed mode, tiered, compressed oops, g1 gc, windows-amd64)
# No core dump will be written. Minidumps are not enabled by default on client versions of Windows
#

---------------  S U M M A R Y ------------

Command Line: --add-opens=java.base/java.util=ALL-UNNAMED --add-opens=java.base/java.lang=ALL-UNNAMED --add-opens=java.base/java.lang.invoke=ALL-UNNAMED --add-opens=java.prefs/java.util.prefs=ALL-UNNAMED -Xmx2048m -Dfile.encoding=UTF-8 -Duser.country=IN -Duser.language=en -Duser.variant org.gradle.launcher.daemon.bootstrap.GradleDaemon 6.7.1

Host: Intel(R) Core(TM) i5-9300H CPU @ 2.40GHz, 8 cores, 7G,  Windows 10 , 64 bit Build 19041 (10.0.19041.1348)
Time: Sun Dec 26 23:07:56 2021 India Standard Time elapsed time: 6 seconds (0d 0h 0m 6s)

---------------  T H R E A D  ---------------

Current thread (0x00000240b4609000):  JavaThread "C2 CompilerThread1" daemon [_thread_in_native, id=31888, stack(0x0000005dac300000,0x0000005dac400000)]


Current CompileTask:
C2:   6785 4493       4       java.lang.invoke.MethodType::makeImpl (108 bytes)

Stack: [0x0000005dac300000,0x0000005dac400000]
Native frames: (J=compiled Java code, j=interpreted, Vv=VM code, C=native code)
V  [jvm.dll+0x5de50a]
V  [jvm.dll+0x7122f5]
V  [jvm.dll+0x71384d]
V  [jvm.dll+0x713f03]
V  [jvm.dll+0x23e728]
V  [jvm.dll+0xb899c]
V  [jvm.dll+0xb8e9c]
V  [jvm.dll+0x35024d]
V  [jvm.dll+0x193cbc]
V  [jvm.dll+0x1f780e]
V  [jvm.dll+0x1f68d4]
V  [jvm.dll+0x17f32c]
V  [jvm.dll+0x205047]
V  [jvm.dll+0x203891]
V  [jvm.dll+0x6dad3f]
V  [jvm.dll+0x6d3895]
V  [jvm.dll+0x5dd4a6]
C  [ucrtbase.dll+0x21bb2]
C  [KERNEL32.DLL+0x17034]
C  [ntdll.dll+0x52651]


---------------  P R O C E S S  ---------------

Threads class SMR info:
_java_thread_list=0x00000240b875f5b0, length=133, elements={
0x00000240979da000, 0x00000240b1cf8800, 0x00000240b1d05800, 0x00000240b2518800,
0x00000240b2519800, 0x00000240b251c800, 0x00000240b2529000, 0x00000240b2530800,
0x00000240b26d1800, 0x00000240b26da800, 0x00000240b3ce1000, 0x00000240b3d77000,
0x00000240b2728800, 0x00000240b3df9000, 0x00000240b410f800, 0x00000240b3890000,
0x00000240b3f78800, 0x00000240b3746800, 0x00000240b44a6800, 0x00000240b4c55800,
0x00000240b4ab4000, 0x00000240b4ab4800, 0x00000240b4ab5800, 0x00000240b4609000,
0x00000240b4ab6000, 0x00000240b4f65800, 0x00000240b4f60800, 0x00000240b4f67000,
0x00000240b4f61800, 0x00000240b4f62800, 0x00000240b4f66800, 0x00000240b3848800,
0x00000240b4f68000, 0x00000240b4f69000, 0x00000240b4f63000, 0x00000240b4f69800,
0x00000240b4f64800, 0x00000240b4f64000, 0x00000240b4f6b000, 0x00000240b4f6c000,
0x00000240b4f6f800, 0x00000240b4f6a800, 0x00000240b4f6d000, 0x00000240b4f6d800,
0x00000240b4f6e800, 0x00000240b6f2a000, 0x00000240b6f24800, 0x00000240b6f26000,
0x00000240b6f2b000, 0x00000240b6f27000, 0x00000240b6f25000, 0x00000240b6f2c800,
0x00000240b6f27800, 0x00000240b6f2e000, 0x00000240b6f28800, 0x00000240b6f33000,
0x00000240b6f2f000, 0x00000240b6f30000, 0x00000240b6f31800, 0x00000240b6f30800,
0x00000240b6f32800, 0x00000240b7a38000, 0x00000240b7a32800, 0x00000240b7a36800,
0x00000240b7a39000, 0x00000240b7a37800, 0x00000240b7a33000, 0x00000240b7a39800,
0x00000240b7a35000, 0x00000240b7a34000, 0x00000240b7a3a800, 0x00000240b7a35800,
0x00000240b7a40000, 0x00000240b7a3f800, 0x00000240b7a3b800, 0x00000240b7a3c000,
0x00000240b7a41000, 0x00000240b7a3d000, 0x00000240b7a3e000, 0x00000240b7a3e800,
0x00000240b6ef6800, 0x00000240b6ef9000, 0x00000240b6ef5000, 0x00000240b6ef7000,
0x00000240b6ef3000, 0x00000240b6ef5800, 0x00000240b6ef8000, 0x00000240b6ef9800,
0x00000240b6ef4000, 0x00000240b6efe000, 0x00000240b6efd000, 0x00000240b6efc000,
0x00000240b6efe800, 0x00000240b6efb800, 0x00000240b6eff800, 0x00000240b6f00000,
0x00000240b6efa800, 0x00000240b6f01000, 0x00000240b6f02000, 0x00000240b51e1800,
0x00000240b51e6800, 0x00000240b51e0800, 0x00000240b51e7000, 0x00000240b51e5800,
0x00000240b51e2800, 0x00000240b51e8000, 0x00000240b51e9000, 0x00000240b51e3000,
0x00000240b51e4000, 0x00000240b51e4800, 0x00000240b51eb000, 0x00000240b51ed800,
0x00000240b51ee800, 0x00000240b51ec000, 0x00000240b51ed000, 0x00000240b51ef800,
0x00000240b51e9800, 0x00000240b51ea800, 0x00000240b7912800, 0x00000240b7913800,
0x00000240b791a000, 0x00000240b7919000, 0x00000240b7918800, 0x00000240b7917800,
0x00000240b7916000, 0x00000240b7916800, 0x00000240b7914800, 0x00000240b791b000,
0x00000240b7915000, 0x00000240b791b800, 0x00000240b791c800, 0x00000240b7921800,
0x00000240b791f000
}

Java Threads: ( => current thread )
  0x00000240979da000 JavaThread "main" [_thread_blocked, id=21604, stack(0x0000005da9b00000,0x0000005da9c00000)]
  0x00000240b1cf8800 JavaThread "Reference Handler" daemon [_thread_blocked, id=13832, stack(0x0000005daa200000,0x0000005daa300000)]
  0x00000240b1d05800 JavaThread "Finalizer" daemon [_thread_blocked, id=31840, stack(0x0000005daa300000,0x0000005daa400000)]
  0x00000240b2518800 JavaThread "Signal Dispatcher" daemon [_thread_blocked, id=29196, stack(0x0000005daa400000,0x0000005daa500000)]
  0x00000240b2519800 JavaThread "Attach Listener" daemon [_thread_blocked, id=27076, stack(0x0000005daa500000,0x0000005daa600000)]
  0x00000240b251c800 JavaThread "C2 CompilerThread0" daemon [_thread_blocked, id=29380, stack(0x0000005daa600000,0x0000005daa700000)]
  0x00000240b2529000 JavaThread "C1 CompilerThread0" daemon [_thread_in_native, id=14640, stack(0x0000005daa700000,0x0000005daa800000)]
  0x00000240b2530800 JavaThread "Sweeper thread" daemon [_thread_blocked, id=11560, stack(0x0000005daa800000,0x0000005daa900000)]
  0x00000240b26d1800 JavaThread "Common-Cleaner" daemon [_thread_blocked, id=18576, stack(0x0000005daa900000,0x0000005daaa00000)]
  0x00000240b26da800 JavaThread "Service Thread" daemon [_thread_blocked, id=34284, stack(0x0000005daaa00000,0x0000005daab00000)]
  0x00000240b3ce1000 JavaThread "Daemon health stats" [_thread_blocked, id=22004, stack(0x0000005dab000000,0x0000005dab100000)]
  0x00000240b3d77000 JavaThread "Incoming local TCP Connector on port 59480" [_thread_in_native, id=17716, stack(0x0000005dab100000,0x0000005dab200000)]
  0x00000240b2728800 JavaThread "Daemon periodic checks" [_thread_blocked, id=12076, stack(0x0000005dab200000,0x0000005dab300000)]
  0x00000240b3df9000 JavaThread "Daemon" [_thread_blocked, id=30572, stack(0x0000005dab300000,0x0000005dab400000)]
  0x00000240b410f800 JavaThread "Handler for socket connection from /127.0.0.1:59480 to /127.0.0.1:59481" [_thread_in_native, id=15264, stack(0x0000005dab400000,0x0000005dab500000)]
  0x00000240b3890000 JavaThread "Cancel handler" [_thread_blocked, id=34280, stack(0x0000005dab500000,0x0000005dab600000)]
  0x00000240b3f78800 JavaThread "Daemon worker" [_thread_in_Java, id=22456, stack(0x0000005dab600000,0x0000005dab700000)]
  0x00000240b3746800 JavaThread "Asynchronous log dispatcher for DefaultDaemonConnection: socket connection from /127.0.0.1:59480 to /127.0.0.1:59481" [_thread_blocked, id=33016, stack(0x0000005dab700000,0x0000005dab800000)]
  0x00000240b44a6800 JavaThread "Stdin handler" [_thread_blocked, id=21056, stack(0x0000005dab800000,0x0000005dab900000)]
  0x00000240b4c55800 JavaThread "Thread-8" [_thread_blocked, id=4488, stack(0x0000005dab900000,0x0000005daba00000)]
  0x00000240b4ab4000 JavaThread "Cache worker for file hash cache (C:\Users\Dark Knight\.gradle\caches\6.7.1\fileHashes)" [_thread_blocked, id=2780, stack(0x0000005dabf00000,0x0000005dac000000)]
  0x00000240b4ab4800 JavaThread "File lock request listener" [_thread_in_native, id=10736, stack(0x0000005dac000000,0x0000005dac100000)]
  0x00000240b4ab5800 JavaThread "Cache worker for journal cache (C:\Users\Dark Knight\.gradle\caches\journal-1)" [_thread_blocked, id=32324, stack(0x0000005dac200000,0x0000005dac300000)]
=>0x00000240b4609000 JavaThread "C2 CompilerThread1" daemon [_thread_in_native, id=31888, stack(0x0000005dac300000,0x0000005dac400000)]
  0x00000240b4ab6000 JavaThread "Cache worker for file hash cache (C:\Android Projects\Udemy TUTORIAL\.gradle\6.7.1\fileHashes)" [_thread_blocked, id=664, stack(0x0000005dac400000,0x0000005dac500000)]
  0x00000240b4f65800 JavaThread "jar transforms" [_thread_blocked, id=19872, stack(0x0000005dac500000,0x0000005dac600000)]
  0x00000240b4f60800 JavaThread "jar transforms Thread 2" [_thread_blocked, id=20764, stack(0x0000005dac600000,0x0000005dac700000)]
  0x00000240b4f67000 JavaThread "jar transforms Thread 3" [_thread_blocked, id=33424, stack(0x0000005dac700000,0x0000005dac800000)]
  0x00000240b4f61800 JavaThread "jar transforms Thread 4" [_thread_blocked, id=10632, stack(0x0000005dac800000,0x0000005dac900000)]
  0x00000240b4f62800 JavaThread "jar transforms Thread 5" [_thread_blocked, id=18204, stack(0x0000005dac900000,0x0000005daca00000)]
  0x00000240b4f66800 JavaThread "jar transforms Thread 6" [_thread_blocked, id=4780, stack(0x0000005daca00000,0x0000005dacb00000)]
  0x00000240b3848800 JavaThread "C2 CompilerThread2" daemon [_thread_blocked, id=22580, stack(0x0000005dacb00000,0x0000005dacc00000)]
  0x00000240b4f68000 JavaThread "jar transforms Thread 7" [_thread_blocked, id=31076, stack(0x0000005dacc00000,0x0000005dacd00000)]
  0x00000240b4f69000 JavaThread "jar transforms Thread 8" [_thread_blocked, id=34360, stack(0x0000005dacd00000,0x0000005dace00000)]
  0x00000240b4f63000 JavaThread "jar transforms Thread 9" [_thread_blocked, id=36668, stack(0x0000005dace00000,0x0000005dacf00000)]
  0x00000240b4f69800 JavaThread "jar transforms Thread 10" [_thread_blocked, id=27256, stack(0x0000005dacf00000,0x0000005dad000000)]
  0x00000240b4f64800 JavaThread "jar transforms Thread 11" [_thread_blocked, id=24268, stack(0x0000005dad000000,0x0000005dad100000)]
  0x00000240b4f64000 JavaThread "jar transforms Thread 12" [_thread_blocked, id=13328, stack(0x0000005dad100000,0x0000005dad200000)]
  0x00000240b4f6b000 JavaThread "jar transforms Thread 13" [_thread_blocked, id=27324, stack(0x0000005dad200000,0x0000005dad300000)]
  0x00000240b4f6c000 JavaThread "jar transforms Thread 14" [_thread_blocked, id=2336, stack(0x0000005dad300000,0x0000005dad400000)]
  0x00000240b4f6f800 JavaThread "jar transforms Thread 15" [_thread_blocked, id=22712, stack(0x0000005dad400000,0x0000005dad500000)]
  0x00000240b4f6a800 JavaThread "jar transforms Thread 16" [_thread_blocked, id=23656, stack(0x0000005dad500000,0x0000005dad600000)]
  0x00000240b4f6d000 JavaThread "jar transforms Thread 17" [_thread_blocked, id=28568, stack(0x0000005dad600000,0x0000005dad700000)]
  0x00000240b4f6d800 JavaThread "jar transforms Thread 18" [_thread_blocked, id=4228, stack(0x0000005dad700000,0x0000005dad800000)]
  0x00000240b4f6e800 JavaThread "jar transforms Thread 19" [_thread_blocked, id=4796, stack(0x0000005dad800000,0x0000005dad900000)]
  0x00000240b6f2a000 JavaThread "jar transforms Thread 20" [_thread_blocked, id=26036, stack(0x0000005dad900000,0x0000005dada00000)]
  0x00000240b6f24800 JavaThread "jar transforms Thread 21" [_thread_blocked, id=28844, stack(0x0000005dada00000,0x0000005dadb00000)]
  0x00000240b6f26000 JavaThread "Cache worker for checksums cache (C:\Android Projects\Udemy TUTORIAL\.gradle\checksums)" [_thread_blocked, id=30276, stack(0x0000005dadb00000,0x0000005dadc00000)]
  0x00000240b6f2b000 JavaThread "Cache worker for cache directory md-supplier (C:\Users\Dark Knight\.gradle\caches\6.7.1\md-supplier)" [_thread_blocked, id=36056, stack(0x0000005dadc00000,0x0000005dadd00000)]
  0x00000240b6f27000 JavaThread "Cache worker for cache directory md-rule (C:\Users\Dark Knight\.gradle\caches\6.7.1\md-rule)" [_thread_blocked, id=28560, stack(0x0000005dadd00000,0x0000005dade00000)]
  0x00000240b6f25000 JavaThread "Cache worker for execution history cache (C:\Users\Dark Knight\.gradle\caches\6.7.1\executionHistory)" [_thread_blocked, id=36436, stack(0x0000005dade00000,0x0000005dadf00000)]
  0x00000240b6f2c800 JavaThread "Cache worker for file content cache (C:\Users\Dark Knight\.gradle\caches\6.7.1\fileContent)" [_thread_blocked, id=21988, stack(0x0000005dadf00000,0x0000005dae000000)]
  0x00000240b6f27800 JavaThread "Cache worker for Build Output Cleanup Cache (C:\Android Projects\Udemy TUTORIAL\.gradle\buildOutputCleanup)" [_thread_blocked, id=30488, stack(0x0000005dae000000,0x0000005dae100000)]
  0x00000240b6f2e000 JavaThread "Build operations" [_thread_blocked, id=11996, stack(0x0000005dae100000,0x0000005dae200000)]
  0x00000240b6f28800 JavaThread "Build operations Thread 2" [_thread_blocked, id=32928, stack(0x0000005dae200000,0x0000005dae300000)]
  0x00000240b6f33000 JavaThread "Build operations Thread 3" [_thread_blocked, id=13132, stack(0x0000005dae300000,0x0000005dae400000)]
  0x00000240b6f2f000 JavaThread "Build operations Thread 4" [_thread_blocked, id=8884, stack(0x0000005dae400000,0x0000005dae500000)]
  0x00000240b6f30000 JavaThread "Build operations Thread 5" [_thread_blocked, id=35084, stack(0x0000005dae500000,0x0000005dae600000)]
  0x00000240b6f31800 JavaThread "Build operations Thread 6" [_thread_blocked, id=15448, stack(0x0000005dae600000,0x0000005dae700000)]
  0x00000240b6f30800 JavaThread "Build operations Thread 7" [_thread_blocked, id=24692, stack(0x0000005dae700000,0x0000005dae800000)]
  0x00000240b6f32800 JavaThread "Build operations Thread 8" [_thread_blocked, id=27944, stack(0x0000005dae800000,0x0000005dae900000)]
  0x00000240b7a38000 JavaThread "jar transforms Thread 22" [_thread_blocked, id=25672, stack(0x0000005dae900000,0x0000005daea00000)]
  0x00000240b7a32800 JavaThread "jar transforms Thread 23" [_thread_blocked, id=23316, stack(0x0000005daea00000,0x0000005daeb00000)]
  0x00000240b7a36800 JavaThread "jar transforms Thread 24" [_thread_blocked, id=25196, stack(0x0000005daeb00000,0x0000005daec00000)]
  0x00000240b7a39000 JavaThread "jar transforms Thread 25" [_thread_blocked, id=31796, stack(0x0000005daec00000,0x0000005daed00000)]
  0x00000240b7a37800 JavaThread "jar transforms Thread 26" [_thread_blocked, id=23064, stack(0x0000005daed00000,0x0000005daee00000)]
  0x00000240b7a33000 JavaThread "jar transforms Thread 27" [_thread_blocked, id=4548, stack(0x0000005daee00000,0x0000005daef00000)]
  0x00000240b7a39800 JavaThread "jar transforms Thread 28" [_thread_blocked, id=19264, stack(0x0000005daef00000,0x0000005daf000000)]
  0x00000240b7a35000 JavaThread "jar transforms Thread 29" [_thread_blocked, id=30608, stack(0x0000005daf000000,0x0000005daf100000)]
  0x00000240b7a34000 JavaThread "jar transforms Thread 30" [_thread_blocked, id=11244, stack(0x0000005daf100000,0x0000005daf200000)]
  0x00000240b7a3a800 JavaThread "jar transforms Thread 31" [_thread_blocked, id=32448, stack(0x0000005daf200000,0x0000005daf300000)]
  0x00000240b7a35800 JavaThread "jar transforms Thread 32" [_thread_blocked, id=17704, stack(0x0000005daf300000,0x0000005daf400000)]
  0x00000240b7a40000 JavaThread "jar transforms Thread 33" [_thread_blocked, id=32776, stack(0x0000005daf400000,0x0000005daf500000)]
  0x00000240b7a3f800 JavaThread "jar transforms Thread 34" [_thread_blocked, id=32200, stack(0x0000005daf500000,0x0000005daf600000)]
  0x00000240b7a3b800 JavaThread "jar transforms Thread 35" [_thread_blocked, id=25492, stack(0x0000005daf600000,0x0000005daf700000)]
  0x00000240b7a3c000 JavaThread "jar transforms Thread 36" [_thread_blocked, id=10168, stack(0x0000005daf700000,0x0000005daf800000)]
  0x00000240b7a41000 JavaThread "jar transforms Thread 37" [_thread_blocked, id=19984, stack(0x0000005daf800000,0x0000005daf900000)]
  0x00000240b7a3d000 JavaThread "jar transforms Thread 38" [_thread_blocked, id=30152, stack(0x0000005daf900000,0x0000005dafa00000)]
  0x00000240b7a3e000 JavaThread "jar transforms Thread 39" [_thread_blocked, id=23680, stack(0x0000005dafa00000,0x0000005dafb00000)]
  0x00000240b7a3e800 JavaThread "jar transforms Thread 40" [_thread_blocked, id=17084, stack(0x0000005dafb00000,0x0000005dafc00000)]
  0x00000240b6ef6800 JavaThread "jar transforms Thread 41" [_thread_blocked, id=3044, stack(0x0000005dafc00000,0x0000005dafd00000)]
  0x00000240b6ef9000 JavaThread "jar transforms Thread 42" [_thread_blocked, id=26052, stack(0x0000005dafd00000,0x0000005dafe00000)]
  0x00000240b6ef5000 JavaThread "jar transforms Thread 43" [_thread_blocked, id=3060, stack(0x0000005dafe00000,0x0000005daff00000)]
  0x00000240b6ef7000 JavaThread "jar transforms Thread 44" [_thread_blocked, id=11272, stack(0x0000005daff00000,0x0000005db0000000)]
  0x00000240b6ef3000 JavaThread "jar transforms Thread 45" [_thread_blocked, id=25232, stack(0x0000005db0000000,0x0000005db0100000)]
  0x00000240b6ef5800 JavaThread "jar transforms Thread 46" [_thread_blocked, id=18944, stack(0x0000005db0100000,0x0000005db0200000)]
  0x00000240b6ef8000 JavaThread "jar transforms Thread 47" [_thread_blocked, id=19788, stack(0x0000005db0200000,0x0000005db0300000)]
  0x00000240b6ef9800 JavaThread "jar transforms Thread 48" [_thread_blocked, id=3680, stack(0x0000005db0300000,0x0000005db0400000)]
  0x00000240b6ef4000 JavaThread "jar transforms Thread 49" [_thread_blocked, id=35136, stack(0x0000005db0400000,0x0000005db0500000)]
  0x00000240b6efe000 JavaThread "jar transforms Thread 50" [_thread_blocked, id=13568, stack(0x0000005db0500000,0x0000005db0600000)]
  0x00000240b6efd000 JavaThread "jar transforms Thread 51" [_thread_blocked, id=33712, stack(0x0000005db0600000,0x0000005db0700000)]
  0x00000240b6efc000 JavaThread "jar transforms Thread 52" [_thread_blocked, id=36680, stack(0x0000005db0700000,0x0000005db0800000)]
  0x00000240b6efe800 JavaThread "jar transforms Thread 53" [_thread_blocked, id=14056, stack(0x0000005db0800000,0x0000005db0900000)]
  0x00000240b6efb800 JavaThread "jar transforms Thread 54" [_thread_blocked, id=15260, stack(0x0000005db0900000,0x0000005db0a00000)]
  0x00000240b6eff800 JavaThread "jar transforms Thread 55" [_thread_blocked, id=35028, stack(0x0000005db0a00000,0x0000005db0b00000)]
  0x00000240b6f00000 JavaThread "jar transforms Thread 56" [_thread_blocked, id=35032, stack(0x0000005db0b00000,0x0000005db0c00000)]
  0x00000240b6efa800 JavaThread "jar transforms Thread 57" [_thread_blocked, id=19332, stack(0x0000005db0c00000,0x0000005db0d00000)]
  0x00000240b6f01000 JavaThread "jar transforms Thread 58" [_thread_blocked, id=31696, stack(0x0000005db0d00000,0x0000005db0e00000)]
  0x00000240b6f02000 JavaThread "jar transforms Thread 59" [_thread_blocked, id=2856, stack(0x0000005db0e00000,0x0000005db0f00000)]
  0x00000240b51e1800 JavaThread "jar transforms Thread 60" [_thread_blocked, id=26744, stack(0x0000005db0f00000,0x0000005db1000000)]
  0x00000240b51e6800 JavaThread "jar transforms Thread 61" [_thread_blocked, id=30432, stack(0x0000005db1000000,0x0000005db1100000)]
  0x00000240b51e0800 JavaThread "jar transforms Thread 62" [_thread_blocked, id=19212, stack(0x0000005db1100000,0x0000005db1200000)]
  0x00000240b51e7000 JavaThread "jar transforms Thread 63" [_thread_blocked, id=14304, stack(0x0000005db1200000,0x0000005db1300000)]
  0x00000240b51e5800 JavaThread "jar transforms Thread 64" [_thread_blocked, id=26688, stack(0x0000005db1300000,0x0000005db1400000)]
  0x00000240b51e2800 JavaThread "jar transforms Thread 65" [_thread_blocked, id=20028, stack(0x0000005db1400000,0x0000005db1500000)]
  0x00000240b51e8000 JavaThread "jar transforms Thread 66" [_thread_blocked, id=28872, stack(0x0000005db1500000,0x0000005db1600000)]
  0x00000240b51e9000 JavaThread "jar transforms Thread 67" [_thread_blocked, id=31104, stack(0x0000005db1600000,0x0000005db1700000)]
  0x00000240b51e3000 JavaThread "jar transforms Thread 68" [_thread_blocked, id=18828, stack(0x0000005db1700000,0x0000005db1800000)]
  0x00000240b51e4000 JavaThread "jar transforms Thread 69" [_thread_blocked, id=21956, stack(0x0000005db1800000,0x0000005db1900000)]
  0x00000240b51e4800 JavaThread "jar transforms Thread 70" [_thread_blocked, id=20768, stack(0x0000005db1900000,0x0000005db1a00000)]
  0x00000240b51eb000 JavaThread "jar transforms Thread 71" [_thread_blocked, id=21340, stack(0x0000005db1a00000,0x0000005db1b00000)]
  0x00000240b51ed800 JavaThread "jar transforms Thread 72" [_thread_blocked, id=34464, stack(0x0000005db1b00000,0x0000005db1c00000)]
  0x00000240b51ee800 JavaThread "jar transforms Thread 73" [_thread_blocked, id=24264, stack(0x0000005db1c00000,0x0000005db1d00000)]
  0x00000240b51ec000 JavaThread "jar transforms Thread 74" [_thread_blocked, id=33452, stack(0x0000005db1d00000,0x0000005db1e00000)]
  0x00000240b51ed000 JavaThread "jar transforms Thread 75" [_thread_blocked, id=15088, stack(0x0000005db1e00000,0x0000005db1f00000)]
  0x00000240b51ef800 JavaThread "jar transforms Thread 76" [_thread_blocked, id=8820, stack(0x0000005db1f00000,0x0000005db2000000)]
  0x00000240b51e9800 JavaThread "jar transforms Thread 77" [_thread_blocked, id=34968, stack(0x0000005db2000000,0x0000005db2100000)]
  0x00000240b51ea800 JavaThread "jar transforms Thread 78" [_thread_blocked, id=18236, stack(0x0000005db2100000,0x0000005db2200000)]
  0x00000240b7912800 JavaThread "jar transforms Thread 79" [_thread_blocked, id=36412, stack(0x0000005db2200000,0x0000005db2300000)]
  0x00000240b7913800 JavaThread "jar transforms Thread 80" [_thread_blocked, id=12836, stack(0x0000005db2300000,0x0000005db2400000)]
  0x00000240b791a000 JavaThread "jar transforms Thread 81" [_thread_blocked, id=28140, stack(0x0000005db2400000,0x0000005db2500000)]
  0x00000240b7919000 JavaThread "jar transforms Thread 82" [_thread_blocked, id=28436, stack(0x0000005db2500000,0x0000005db2600000)]
  0x00000240b7918800 JavaThread "jar transforms Thread 83" [_thread_blocked, id=30912, stack(0x0000005db2600000,0x0000005db2700000)]
  0x00000240b7917800 JavaThread "jar transforms Thread 84" [_thread_blocked, id=34672, stack(0x0000005db2700000,0x0000005db2800000)]
  0x00000240b7916000 JavaThread "jar transforms Thread 85" [_thread_blocked, id=25540, stack(0x0000005db2800000,0x0000005db2900000)]
  0x00000240b7916800 JavaThread "jar transforms Thread 86" [_thread_blocked, id=14836, stack(0x0000005db2900000,0x0000005db2a00000)]
  0x00000240b7914800 JavaThread "jar transforms Thread 87" [_thread_blocked, id=31236, stack(0x0000005db2a00000,0x0000005db2b00000)]
  0x00000240b791b000 JavaThread "jar transforms Thread 88" [_thread_blocked, id=5440, stack(0x0000005db2b00000,0x0000005db2c00000)]
  0x00000240b7915000 JavaThread "jar transforms Thread 89" [_thread_blocked, id=36208, stack(0x0000005db2c00000,0x0000005db2d00000)]
  0x00000240b791b800 JavaThread "jar transforms Thread 90" [_thread_blocked, id=34452, stack(0x0000005db2d00000,0x0000005db2e00000)]
  0x00000240b791c800 JavaThread "jar transforms Thread 91" [_thread_blocked, id=11396, stack(0x0000005db2e00000,0x0000005db2f00000)]
  0x00000240b7921800 JavaThread "jar transforms Thread 92" [_thread_blocked, id=29568, stack(0x0000005db2f00000,0x0000005db3000000)]
  0x00000240b791f000 JavaThread "jar transforms Thread 93" [_thread_blocked, id=15892, stack(0x0000005db3000000,0x0000005db3100000)]

Other Threads:
  0x00000240b1cb3800 VMThread "VM Thread" [stack: 0x0000005daa100000,0x0000005daa200000] [id=25584]
  0x00000240b26fc000 WatcherThread [stack: 0x0000005daab00000,0x0000005daac00000] [id=20348]
  0x00000240979f2000 GCTaskThread "GC Thread#0" [stack: 0x0000005da9c00000,0x0000005da9d00000] [id=32356]
  0x00000240b3171800 GCTaskThread "GC Thread#1" [stack: 0x0000005daad00000,0x0000005daae00000] [id=26636]
  0x00000240b320e000 GCTaskThread "GC Thread#2" [stack: 0x0000005daae00000,0x0000005daaf00000] [id=11584]
  0x00000240b44da800 GCTaskThread "GC Thread#3" [stack: 0x0000005daba00000,0x0000005dabb00000] [id=27864]
  0x00000240b41d9800 GCTaskThread "GC Thread#4" [stack: 0x0000005dabb00000,0x0000005dabc00000] [id=3936]
  0x00000240b4456000 GCTaskThread "GC Thread#5" [stack: 0x0000005dabc00000,0x0000005dabd00000] [id=22544]
  0x00000240b3b9c000 GCTaskThread "GC Thread#6" [stack: 0x0000005dabd00000,0x0000005dabe00000] [id=28156]
  0x00000240b39ad800 GCTaskThread "GC Thread#7" [stack: 0x0000005dabe00000,0x0000005dabf00000] [id=33876]
  0x0000024097a23000 ConcurrentGCThread "G1 Main Marker" [stack: 0x0000005da9d00000,0x0000005da9e00000] [id=1568]
  0x0000024097a25800 ConcurrentGCThread "G1 Conc#0" [stack: 0x0000005da9e00000,0x0000005da9f00000] [id=32132]
  0x00000240b3d63000 ConcurrentGCThread "G1 Conc#1" [stack: 0x0000005dac100000,0x0000005dac200000] [id=23720]
  0x00000240b1b20800 ConcurrentGCThread "G1 Refine#0" [stack: 0x0000005da9f00000,0x0000005daa000000] [id=24112]
  0x00000240b1b21000 ConcurrentGCThread "G1 Young RemSet Sampling" [stack: 0x0000005daa000000,0x0000005daa100000] [id=33032]

Threads with active compile tasks:
C2 CompilerThread0   6817 4759       4       org.gradle.internal.logging.text.AbstractLineChoppingStyledTextOutput::doAppend (43 bytes)
C2 CompilerThread1   6817 4493       4       java.lang.invoke.MethodType::makeImpl (108 bytes)
C2 CompilerThread2   6817 4758       4       org.gradle.internal.logging.text.AbstractLineChoppingStyledTextOutput$1::execute (9 bytes)

VM state:not at safepoint (normal execution)

VM Mutex/Monitor currently owned by a thread: None

OutOfMemory and StackOverflow Exception counts:
OutOfMemoryError java_heap_errors=1
LinkageErrors=111

Heap address: 0x0000000080000000, size: 2048 MB, Compressed Oops mode: 32-bit
Narrow klass base: 0x0000000000000000, Narrow klass shift: 3
Compressed class space size: 1073741824 Address: 0x0000000100000000

Heap:
 garbage-first heap   total 157696K, used 61698K [0x0000000080000000, 0x0000000100000000)
  region size 1024K, 16 young (16384K), 4 survivors (4096K)
 Metaspace       used 47072K, capacity 48339K, committed 48636K, reserved 1091584K
  class space    used 6030K, capacity 6460K, committed 6528K, reserved 1048576K
Heap Regions: E=young(eden), S=young(survivor), O=old, HS=humongous(starts), HC=humongous(continues), CS=collection set, F=free, A=archive, TAMS=top-at-mark-start (previous, next)
|   0|0x0000000080000000, 0x0000000080100000, 0x0000000080100000|100%| O|  |TAMS 0x0000000080100000, 0x0000000080000000| Untracked 
|   1|0x0000000080100000, 0x0000000080200000, 0x0000000080200000|100%| O|  |TAMS 0x0000000080200000, 0x0000000080100000| Untracked 
|   2|0x0000000080200000, 0x0000000080300000, 0x0000000080300000|100%| O|  |TAMS 0x0000000080300000, 0x0000000080200000| Untracked 
|   3|0x0000000080300000, 0x0000000080400000, 0x0000000080400000|100%|HS|  |TAMS 0x0000000080400000, 0x0000000080300000| Complete 
|   4|0x0000000080400000, 0x0000000080500000, 0x0000000080500000|100%|HC|  |TAMS 0x0000000080500000, 0x0000000080400000| Complete 
|   5|0x0000000080500000, 0x0000000080600000, 0x0000000080600000|100%|HC|  |TAMS 0x0000000080600000, 0x0000000080500000| Complete 
|   6|0x0000000080600000, 0x0000000080700000, 0x0000000080700000|100%| O|  |TAMS 0x0000000080700000, 0x0000000080600000| Untracked 
|   7|0x0000000080700000, 0x0000000080800000, 0x0000000080800000|100%| O|  |TAMS 0x0000000080800000, 0x0000000080700000| Untracked 
|   8|0x0000000080800000, 0x0000000080900000, 0x0000000080900000|100%| O|  |TAMS 0x0000000080900000, 0x0000000080800000| Untracked 
|   9|0x0000000080900000, 0x0000000080a00000, 0x0000000080a00000|100%| O|  |TAMS 0x0000000080a00000, 0x0000000080900000| Untracked 
|  10|0x0000000080a00000, 0x0000000080b00000, 0x0000000080b00000|100%| O|  |TAMS 0x0000000080b00000, 0x0000000080a00000| Untracked 
|  11|0x0000000080b00000, 0x0000000080c00000, 0x0000000080c00000|100%| O|  |TAMS 0x0000000080c00000, 0x0000000080b00000| Untracked 
|  12|0x0000000080c00000, 0x0000000080d00000, 0x0000000080d00000|100%| O|  |TAMS 0x0000000080d00000, 0x0000000080c00000| Untracked 
|  13|0x0000000080d00000, 0x0000000080e00000, 0x0000000080e00000|100%| O|  |TAMS 0x0000000080e00000, 0x0000000080d00000| Untracked 
|  14|0x0000000080e00000, 0x0000000080f00000, 0x0000000080f00000|100%| O|  |TAMS 0x0000000080f00000, 0x0000000080e00000| Untracked 
|  15|0x0000000080f00000, 0x0000000081000000, 0x0000000081000000|100%| O|  |TAMS 0x0000000081000000, 0x0000000080f00000| Untracked 
|  16|0x0000000081000000, 0x0000000081100000, 0x0000000081100000|100%|HS|  |TAMS 0x0000000081100000, 0x0000000081000000| Complete 
|  17|0x0000000081100000, 0x0000000081200000, 0x0000000081200000|100%|HC|  |TAMS 0x0000000081200000, 0x0000000081100000| Complete 
|  18|0x0000000081200000, 0x0000000081300000, 0x0000000081300000|100%|HS|  |TAMS 0x0000000081300000, 0x0000000081200000| Complete 
|  19|0x0000000081300000, 0x0000000081400000, 0x0000000081400000|100%|HC|  |TAMS 0x0000000081400000, 0x0000000081300000| Complete 
|  20|0x0000000081400000, 0x0000000081500000, 0x0000000081500000|100%|HC|  |TAMS 0x0000000081500000, 0x0000000081400000| Complete 
|  21|0x0000000081500000, 0x0000000081600000, 0x0000000081600000|100%|HS|  |TAMS 0x0000000081600000, 0x0000000081500000| Complete 
|  22|0x0000000081600000, 0x0000000081700000, 0x0000000081700000|100%|HC|  |TAMS 0x0000000081700000, 0x0000000081600000| Complete 
|  23|0x0000000081700000, 0x0000000081800000, 0x0000000081800000|100%|HC|  |TAMS 0x0000000081800000, 0x0000000081700000| Complete 
|  24|0x0000000081800000, 0x0000000081900000, 0x0000000081900000|100%|HC|  |TAMS 0x0000000081900000, 0x0000000081800000| Complete 
|  25|0x0000000081900000, 0x0000000081a00000, 0x0000000081a00000|100%| O|  |TAMS 0x0000000081a00000, 0x0000000081900000| Untracked 
|  26|0x0000000081a00000, 0x0000000081b00000, 0x0000000081b00000|100%| O|  |TAMS 0x0000000081b00000, 0x0000000081a00000| Untracked 
|  27|0x0000000081b00000, 0x0000000081c00000, 0x0000000081c00000|100%| O|  |TAMS 0x0000000081c00000, 0x0000000081b00000| Untracked 
|  28|0x0000000081c00000, 0x0000000081d00000, 0x0000000081d00000|100%| O|  |TAMS 0x0000000081d00000, 0x0000000081c00000| Untracked 
|  29|0x0000000081d00000, 0x0000000081e00000, 0x0000000081e00000|100%| O|  |TAMS 0x0000000081e00000, 0x0000000081d00000| Untracked 
|  30|0x0000000081e00000, 0x0000000081f00000, 0x0000000081f00000|100%| O|  |TAMS 0x0000000081ee9e00, 0x0000000081e00000| Untracked 
|  31|0x0000000081f00000, 0x0000000082000000, 0x0000000082000000|100%|HS|  |TAMS 0x0000000081f00000, 0x0000000081f00000| Complete 
|  32|0x0000000082000000, 0x0000000082100000, 0x0000000082100000|100%|HC|  |TAMS 0x0000000082000000, 0x0000000082000000| Complete 
|  33|0x0000000082100000, 0x0000000082200000, 0x0000000082200000|100%|HC|  |TAMS 0x0000000082100000, 0x0000000082100000| Complete 
|  34|0x0000000082200000, 0x0000000082300000, 0x0000000082300000|100%|HC|  |TAMS 0x0000000082200000, 0x0000000082200000| Complete 
|  35|0x0000000082300000, 0x0000000082400000, 0x0000000082400000|100%|HS|  |TAMS 0x0000000082300000, 0x0000000082300000| Complete 
|  36|0x0000000082400000, 0x0000000082500000, 0x0000000082500000|100%|HC|  |TAMS 0x0000000082400000, 0x0000000082400000| Complete 
|  37|0x0000000082500000, 0x0000000082600000, 0x0000000082600000|100%|HC|  |TAMS 0x0000000082500000, 0x0000000082500000| Complete 
|  38|0x0000000082600000, 0x0000000082700000, 0x0000000082700000|100%| O|  |TAMS 0x0000000082600000, 0x0000000082600000| Untracked 
|  39|0x0000000082700000, 0x0000000082800000, 0x0000000082800000|100%| O|  |TAMS 0x0000000082700000, 0x0000000082700000| Untracked 
|  40|0x0000000082800000, 0x0000000082900000, 0x0000000082900000|100%| O|  |TAMS 0x0000000082800000, 0x0000000082800000| Untracked 
|  41|0x0000000082900000, 0x0000000082a00000, 0x0000000082a00000|100%| O|  |TAMS 0x0000000082900000, 0x0000000082900000| Untracked 
|  42|0x0000000082a00000, 0x0000000082b00000, 0x0000000082b00000|100%| O|  |TAMS 0x0000000082a00000, 0x0000000082a00000| Untracked 
|  43|0x0000000082b00000, 0x0000000082c00000, 0x0000000082c00000|100%| O|  |TAMS 0x0000000082b00000, 0x0000000082b00000| Untracked 
|  44|0x0000000082c00000, 0x0000000082d00000, 0x0000000082d00000|100%| O|  |TAMS 0x0000000082c00000, 0x0000000082c00000| Untracked 
|  45|0x0000000082d00000, 0x0000000082e00000, 0x0000000082e00000|100%| O|  |TAMS 0x0000000082d00000, 0x0000000082d00000| Untracked 
|  46|0x0000000082e00000, 0x0000000082f00000, 0x0000000082f00000|100%| O|  |TAMS 0x0000000082e00000, 0x0000000082e00000| Untracked 
|  47|0x0000000082f00000, 0x0000000082f23400, 0x0000000083000000| 13%| O|  |TAMS 0x0000000082f00000, 0x0000000082f00000| Untracked 
|  48|0x0000000083000000, 0x0000000083000000, 0x0000000083100000|  0%| F|  |TAMS 0x0000000083000000, 0x0000000083000000| Untracked 
|  49|0x0000000083100000, 0x0000000083100000, 0x0000000083200000|  0%| F|  |TAMS 0x0000000083100000, 0x0000000083100000| Untracked 
|  50|0x0000000083200000, 0x0000000083200000, 0x0000000083300000|  0%| F|  |TAMS 0x0000000083200000, 0x0000000083200000| Untracked 
|  51|0x0000000083300000, 0x0000000083300000, 0x0000000083400000|  0%| F|  |TAMS 0x0000000083300000, 0x0000000083300000| Untracked 
|  52|0x0000000083400000, 0x0000000083400000, 0x0000000083500000|  0%| F|  |TAMS 0x0000000083400000, 0x0000000083400000| Untracked 
|  53|0x0000000083500000, 0x0000000083500000, 0x0000000083600000|  0%| F|  |TAMS 0x0000000083500000, 0x0000000083500000| Untracked 
|  54|0x0000000083600000, 0x0000000083600000, 0x0000000083700000|  0%| F|  |TAMS 0x0000000083600000, 0x0000000083600000| Untracked 
|  55|0x0000000083700000, 0x0000000083700000, 0x0000000083800000|  0%| F|  |TAMS 0x0000000083700000, 0x0000000083700000| Untracked 
|  56|0x0000000083800000, 0x0000000083800000, 0x0000000083900000|  0%| F|  |TAMS 0x0000000083800000, 0x0000000083800000| Untracked 
|  57|0x0000000083900000, 0x0000000083900000, 0x0000000083a00000|  0%| F|  |TAMS 0x0000000083900000, 0x0000000083900000| Untracked 
|  58|0x0000000083a00000, 0x0000000083a00000, 0x0000000083b00000|  0%| F|  |TAMS 0x0000000083a00000, 0x0000000083a00000| Untracked 
|  59|0x0000000083b00000, 0x0000000083b00000, 0x0000000083c00000|  0%| F|  |TAMS 0x0000000083b00000, 0x0000000083b00000| Untracked 
|  60|0x0000000083c00000, 0x0000000083c00000, 0x0000000083d00000|  0%| F|  |TAMS 0x0000000083c00000, 0x0000000083c00000| Untracked 
|  61|0x0000000083d00000, 0x0000000083d00000, 0x0000000083e00000|  0%| F|  |TAMS 0x0000000083d00000, 0x0000000083d00000| Untracked 
|  62|0x0000000083e00000, 0x0000000083e00000, 0x0000000083f00000|  0%| F|  |TAMS 0x0000000083e00000, 0x0000000083e00000| Untracked 
|  63|0x0000000083f00000, 0x0000000083f00000, 0x0000000084000000|  0%| F|  |TAMS 0x0000000083f00000, 0x0000000083f00000| Untracked 
|  64|0x0000000084000000, 0x0000000084000000, 0x0000000084100000|  0%| F|  |TAMS 0x0000000084000000, 0x0000000084000000| Untracked 
|  65|0x0000000084100000, 0x0000000084100000, 0x0000000084200000|  0%| F|  |TAMS 0x0000000084100000, 0x0000000084100000| Untracked 
|  66|0x0000000084200000, 0x0000000084200000, 0x0000000084300000|  0%| F|  |TAMS 0x0000000084200000, 0x0000000084200000| Untracked 
|  67|0x0000000084300000, 0x0000000084300000, 0x0000000084400000|  0%| F|  |TAMS 0x0000000084300000, 0x0000000084300000| Untracked 
|  68|0x0000000084400000, 0x0000000084400000, 0x0000000084500000|  0%| F|  |TAMS 0x0000000084400000, 0x0000000084400000| Untracked 
|  69|0x0000000084500000, 0x0000000084500000, 0x0000000084600000|  0%| F|  |TAMS 0x0000000084500000, 0x0000000084500000| Untracked 
|  70|0x0000000084600000, 0x0000000084600000, 0x0000000084700000|  0%| F|  |TAMS 0x0000000084600000, 0x0000000084600000| Untracked 
|  71|0x0000000084700000, 0x0000000084700000, 0x0000000084800000|  0%| F|  |TAMS 0x0000000084700000, 0x0000000084700000| Untracked 
|  72|0x0000000084800000, 0x0000000084800000, 0x0000000084900000|  0%| F|  |TAMS 0x0000000084800000, 0x0000000084800000| Untracked 
|  73|0x0000000084900000, 0x0000000084900000, 0x0000000084a00000|  0%| F|  |TAMS 0x0000000084900000, 0x0000000084900000| Untracked 
|  74|0x0000000084a00000, 0x0000000084a00000, 0x0000000084b00000|  0%| F|  |TAMS 0x0000000084a00000, 0x0000000084a00000| Untracked 
|  75|0x0000000084b00000, 0x0000000084b00000, 0x0000000084c00000|  0%| F|  |TAMS 0x0000000084b00000, 0x0000000084b00000| Untracked 
|  76|0x0000000084c00000, 0x0000000084c00000, 0x0000000084d00000|  0%| F|  |TAMS 0x0000000084c00000, 0x0000000084c00000| Untracked 
|  77|0x0000000084d00000, 0x0000000084d00000, 0x0000000084e00000|  0%| F|  |TAMS 0x0000000084d00000, 0x0000000084d00000| Untracked 
|  78|0x0000000084e00000, 0x0000000084e00000, 0x0000000084f00000|  0%| F|  |TAMS 0x0000000084e00000, 0x0000000084e00000| Untracked 
|  79|0x0000000084f00000, 0x0000000084f00000, 0x0000000085000000|  0%| F|  |TAMS 0x0000000084f00000, 0x0000000084f00000| Untracked 
|  80|0x0000000085000000, 0x0000000085000000, 0x0000000085100000|  0%| F|  |TAMS 0x0000000085000000, 0x0000000085000000| Untracked 
|  81|0x0000000085100000, 0x0000000085100000, 0x0000000085200000|  0%| F|  |TAMS 0x0000000085100000, 0x0000000085100000| Untracked 
|  82|0x0000000085200000, 0x0000000085200000, 0x0000000085300000|  0%| F|  |TAMS 0x0000000085200000, 0x0000000085200000| Untracked 
|  83|0x0000000085300000, 0x0000000085300000, 0x0000000085400000|  0%| F|  |TAMS 0x0000000085300000, 0x0000000085300000| Untracked 
|  84|0x0000000085400000, 0x0000000085400000, 0x0000000085500000|  0%| F|  |TAMS 0x0000000085400000, 0x0000000085400000| Untracked 
|  85|0x0000000085500000, 0x0000000085500000, 0x0000000085600000|  0%| F|  |TAMS 0x0000000085500000, 0x0000000085500000| Untracked 
|  86|0x0000000085600000, 0x0000000085600000, 0x0000000085700000|  0%| F|  |TAMS 0x0000000085600000, 0x0000000085600000| Untracked 
|  87|0x0000000085700000, 0x0000000085700000, 0x0000000085800000|  0%| F|  |TAMS 0x0000000085700000, 0x0000000085700000| Untracked 
|  88|0x0000000085800000, 0x0000000085800000, 0x0000000085900000|  0%| F|  |TAMS 0x0000000085800000, 0x0000000085800000| Untracked 
|  89|0x0000000085900000, 0x0000000085900000, 0x0000000085a00000|  0%| F|  |TAMS 0x0000000085900000, 0x0000000085900000| Untracked 
|  90|0x0000000085a00000, 0x0000000085a00000, 0x0000000085b00000|  0%| F|  |TAMS 0x0000000085a00000, 0x0000000085a00000| Untracked 
|  91|0x0000000085b00000, 0x0000000085b00000, 0x0000000085c00000|  0%| F|  |TAMS 0x0000000085b00000, 0x0000000085b00000| Untracked 
|  92|0x0000000085c00000, 0x0000000085c00000, 0x0000000085d00000|  0%| F|  |TAMS 0x0000000085c00000, 0x0000000085c00000| Untracked 
|  93|0x0000000085d00000, 0x0000000085d00000, 0x0000000085e00000|  0%| F|  |TAMS 0x0000000085d00000, 0x0000000085d00000| Untracked 
|  94|0x0000000085e00000, 0x0000000085e00000, 0x0000000085f00000|  0%| F|  |TAMS 0x0000000085e00000, 0x0000000085e00000| Untracked 
|  95|0x0000000085f00000, 0x0000000085f1d4f8, 0x0000000086000000| 11%| S|CS|TAMS 0x0000000085f00000, 0x0000000085f00000| Complete 
|  96|0x0000000086000000, 0x0000000086100000, 0x0000000086100000|100%| S|CS|TAMS 0x0000000086000000, 0x0000000086000000| Complete 
|  97|0x0000000086100000, 0x0000000086100000, 0x0000000086200000|  0%| F|  |TAMS 0x0000000086100000, 0x0000000086100000| Untracked 
|  98|0x0000000086200000, 0x0000000086200000, 0x0000000086300000|  0%| F|  |TAMS 0x0000000086200000, 0x0000000086200000| Untracked 
|  99|0x0000000086300000, 0x0000000086300000, 0x0000000086400000|  0%| F|  |TAMS 0x0000000086300000, 0x0000000086300000| Untracked 
| 100|0x0000000086400000, 0x0000000086400000, 0x0000000086500000|  0%| F|  |TAMS 0x0000000086400000, 0x0000000086400000| Untracked 
| 101|0x0000000086500000, 0x0000000086500000, 0x0000000086600000|  0%| F|  |TAMS 0x0000000086500000, 0x0000000086500000| Untracked 
| 102|0x0000000086600000, 0x0000000086600000, 0x0000000086700000|  0%| F|  |TAMS 0x0000000086600000, 0x0000000086600000| Untracked 
| 103|0x0000000086700000, 0x0000000086700000, 0x0000000086800000|  0%| F|  |TAMS 0x0000000086700000, 0x0000000086700000| Untracked 
| 104|0x0000000086800000, 0x0000000086900000, 0x0000000086900000|100%| S|CS|TAMS 0x0000000086800000, 0x0000000086800000| Complete 
| 105|0x0000000086900000, 0x0000000086a00000, 0x0000000086a00000|100%| S|CS|TAMS 0x0000000086900000, 0x0000000086900000| Complete 
| 106|0x0000000086a00000, 0x0000000086a00000, 0x0000000086b00000|  0%| F|  |TAMS 0x0000000086a00000, 0x0000000086a00000| Untracked 
| 107|0x0000000086b00000, 0x0000000086b00000, 0x0000000086c00000|  0%| F|  |TAMS 0x0000000086b00000, 0x0000000086b00000| Untracked 
| 108|0x0000000086c00000, 0x0000000086c00000, 0x0000000086d00000|  0%| F|  |TAMS 0x0000000086c00000, 0x0000000086c00000| Untracked 
| 109|0x0000000086d00000, 0x0000000086d00000, 0x0000000086e00000|  0%| F|  |TAMS 0x0000000086d00000, 0x0000000086d00000| Untracked 
| 110|0x0000000086e00000, 0x0000000086e00000, 0x0000000086f00000|  0%| F|  |TAMS 0x0000000086e00000, 0x0000000086e00000| Untracked 
| 111|0x0000000086f00000, 0x0000000086f00000, 0x0000000087000000|  0%| F|  |TAMS 0x0000000086f00000, 0x0000000086f00000| Untracked 
| 112|0x0000000087000000, 0x0000000087000000, 0x0000000087100000|  0%| F|  |TAMS 0x0000000087000000, 0x0000000087000000| Untracked 
| 113|0x0000000087100000, 0x0000000087100000, 0x0000000087200000|  0%| F|  |TAMS 0x0000000087100000, 0x0000000087100000| Untracked 
| 114|0x0000000087200000, 0x0000000087200000, 0x0000000087300000|  0%| F|  |TAMS 0x0000000087200000, 0x0000000087200000| Untracked 
| 115|0x0000000087300000, 0x0000000087300000, 0x0000000087400000|  0%| F|  |TAMS 0x0000000087300000, 0x0000000087300000| Untracked 
| 116|0x0000000087400000, 0x0000000087400000, 0x0000000087500000|  0%| F|  |TAMS 0x0000000087400000, 0x0000000087400000| Untracked 
| 117|0x0000000087500000, 0x0000000087500000, 0x0000000087600000|  0%| F|  |TAMS 0x0000000087500000, 0x0000000087500000| Untracked 
| 118|0x0000000087600000, 0x0000000087600000, 0x0000000087700000|  0%| F|  |TAMS 0x0000000087600000, 0x0000000087600000| Untracked 
| 119|0x0000000087700000, 0x0000000087700000, 0x0000000087800000|  0%| F|  |TAMS 0x0000000087700000, 0x0000000087700000| Untracked 
| 120|0x0000000087800000, 0x0000000087800000, 0x0000000087900000|  0%| F|  |TAMS 0x0000000087800000, 0x0000000087800000| Untracked 
| 121|0x0000000087900000, 0x0000000087900000, 0x0000000087a00000|  0%| F|  |TAMS 0x0000000087900000, 0x0000000087900000| Untracked 
| 122|0x0000000087a00000, 0x0000000087a00000, 0x0000000087b00000|  0%| F|  |TAMS 0x0000000087a00000, 0x0000000087a00000| Untracked 
| 123|0x0000000087b00000, 0x0000000087b00000, 0x0000000087c00000|  0%| F|  |TAMS 0x0000000087b00000, 0x0000000087b00000| Untracked 
| 124|0x0000000087c00000, 0x0000000087c00000, 0x0000000087d00000|  0%| F|  |TAMS 0x0000000087c00000, 0x0000000087c00000| Untracked 
| 125|0x0000000087d00000, 0x0000000087d00000, 0x0000000087e00000|  0%| F|  |TAMS 0x0000000087d00000, 0x0000000087d00000| Untracked 
| 126|0x0000000087e00000, 0x0000000087e00000, 0x0000000087f00000|  0%| F|  |TAMS 0x0000000087e00000, 0x0000000087e00000| Untracked 
| 127|0x0000000087f00000, 0x0000000087f00000, 0x0000000088000000|  0%| F|  |TAMS 0x0000000087f00000, 0x0000000087f00000| Untracked 
| 128|0x0000000088000000, 0x0000000088000000, 0x0000000088100000|  0%| F|  |TAMS 0x0000000088000000, 0x0000000088000000| Untracked 
| 129|0x0000000088100000, 0x0000000088100000, 0x0000000088200000|  0%| F|  |TAMS 0x0000000088100000, 0x0000000088100000| Untracked 
| 130|0x0000000088200000, 0x0000000088200000, 0x0000000088300000|  0%| F|  |TAMS 0x0000000088200000, 0x0000000088200000| Untracked 
| 131|0x0000000088300000, 0x0000000088300000, 0x0000000088400000|  0%| F|  |TAMS 0x0000000088300000, 0x0000000088300000| Untracked 
| 132|0x0000000088400000, 0x0000000088400000, 0x0000000088500000|  0%| F|  |TAMS 0x0000000088400000, 0x0000000088400000| Untracked 
| 133|0x0000000088500000, 0x0000000088500000, 0x0000000088600000|  0%| F|  |TAMS 0x0000000088500000, 0x0000000088500000| Untracked 
| 134|0x0000000088600000, 0x0000000088600000, 0x0000000088700000|  0%| F|  |TAMS 0x0000000088600000, 0x0000000088600000| Untracked 
| 135|0x0000000088700000, 0x0000000088700000, 0x0000000088800000|  0%| F|  |TAMS 0x0000000088700000, 0x0000000088700000| Untracked 
| 136|0x0000000088800000, 0x0000000088800000, 0x0000000088900000|  0%| F|  |TAMS 0x0000000088800000, 0x0000000088800000| Untracked 
| 137|0x0000000088900000, 0x0000000088900000, 0x0000000088a00000|  0%| F|  |TAMS 0x0000000088900000, 0x0000000088900000| Untracked 
| 138|0x0000000088a00000, 0x0000000088a00000, 0x0000000088b00000|  0%| F|  |TAMS 0x0000000088a00000, 0x0000000088a00000| Untracked 
| 139|0x0000000088b00000, 0x0000000088b00000, 0x0000000088c00000|  0%| F|  |TAMS 0x0000000088b00000, 0x0000000088b00000| Untracked 
| 140|0x0000000088c00000, 0x0000000088c00000, 0x0000000088d00000|  0%| F|  |TAMS 0x0000000088c00000, 0x0000000088c00000| Untracked 
| 141|0x0000000088d00000, 0x0000000088d00000, 0x0000000088e00000|  0%| F|  |TAMS 0x0000000088d00000, 0x0000000088d00000| Untracked 
| 142|0x0000000088e00000, 0x0000000088f00000, 0x0000000088f00000|100%| E|  |TAMS 0x0000000088e00000, 0x0000000088e00000| Complete 
| 143|0x0000000088f00000, 0x0000000089000000, 0x0000000089000000|100%| E|CS|TAMS 0x0000000088f00000, 0x0000000088f00000| Complete 
| 144|0x0000000089000000, 0x0000000089100000, 0x0000000089100000|100%| E|CS|TAMS 0x0000000089000000, 0x0000000089000000| Complete 
| 145|0x0000000089100000, 0x0000000089200000, 0x0000000089200000|100%| E|CS|TAMS 0x0000000089100000, 0x0000000089100000| Complete 
| 146|0x0000000089200000, 0x0000000089300000, 0x0000000089300000|100%| E|CS|TAMS 0x0000000089200000, 0x0000000089200000| Complete 
| 147|0x0000000089300000, 0x0000000089400000, 0x0000000089400000|100%| E|CS|TAMS 0x0000000089300000, 0x0000000089300000| Complete 
| 148|0x0000000089400000, 0x0000000089500000, 0x0000000089500000|100%| E|CS|TAMS 0x0000000089400000, 0x0000000089400000| Complete 
| 149|0x0000000089500000, 0x0000000089600000, 0x0000000089600000|100%| E|CS|TAMS 0x0000000089500000, 0x0000000089500000| Complete 
| 150|0x0000000089600000, 0x0000000089700000, 0x0000000089700000|100%| E|  |TAMS 0x0000000089600000, 0x0000000089600000| Complete 
| 151|0x0000000089700000, 0x0000000089800000, 0x0000000089800000|100%| E|CS|TAMS 0x0000000089700000, 0x0000000089700000| Complete 
| 152|0x0000000089800000, 0x0000000089900000, 0x0000000089900000|100%| E|CS|TAMS 0x0000000089800000, 0x0000000089800000| Complete 
| 153|0x0000000089900000, 0x0000000089a00000, 0x0000000089a00000|100%| E|CS|TAMS 0x0000000089900000, 0x0000000089900000| Complete 

Card table byte_map: [0x00000240aaa90000,0x00000240aae90000] _byte_map_base: 0x00000240aa690000

Marking Bits (Prev, Next): (CMBitMap*) 0x0000024097a1a338, (CMBitMap*) 0x0000024097a1a370
 Prev Bits: [0x00000240ab290000, 0x00000240ad290000)
 Next Bits: [0x00000240ad290000, 0x00000240af290000)

Polling page: 0x0000024095980000

Metaspace:

Usage:
  Non-class:     40.96 MB capacity,    40.09 MB ( 98%) used,   782.88 KB (  2%) free+waste,   108.75 KB ( <1%) overhead. 
      Class:      6.31 MB capacity,     5.89 MB ( 93%) used,   376.62 KB (  6%) free+waste,    52.44 KB ( <1%) overhead. 
       Both:     47.27 MB capacity,    45.98 MB ( 97%) used,     1.13 MB (  2%) free+waste,   161.19 KB ( <1%) overhead. 

Virtual space:
  Non-class space:       42.00 MB reserved,      41.12 MB ( 98%) committed 
      Class space:        1.00 GB reserved,       6.38 MB ( <1%) committed 
             Both:        1.04 GB reserved,      47.50 MB (  4%) committed 

Chunk freelists:
   Non-Class:  37.00 KB
       Class:  4.00 KB
        Both:  41.00 KB

MaxMetaspaceSize: 17179869184.00 GB
CompressedClassSpaceSize: 1.00 GB

CodeHeap 'non-profiled nmethods': size=120000Kb used=2645Kb max_used=2645Kb free=117354Kb
 bounds [0x00000240a2e30000, 0x00000240a30d0000, 0x00000240aa360000]
CodeHeap 'profiled nmethods': size=120000Kb used=9518Kb max_used=9518Kb free=110481Kb
 bounds [0x000002409b900000, 0x000002409c250000, 0x00000240a2e30000]
CodeHeap 'non-nmethods': size=5760Kb used=2206Kb max_used=2251Kb free=3553Kb
 bounds [0x000002409b360000, 0x000002409b5d0000, 0x000002409b900000]
 total_blobs=5313 nmethods=4539 adapters=685
 compilation: enabled
              stopped_count=0, restarted_count=0
 full_count=0

Compilation events (20 events):
Event: 6.778 Thread 0x00000240b3848800 4698       4       org.gradle.internal.snapshot.PathUtil::compareCharsIgnoringCase (46 bytes)
Event: 6.779 Thread 0x00000240b251c800 nmethod 4696 0x00000240a30bfd90 code [0x00000240a30bff20, 0x00000240a30bfff8]
Event: 6.779 Thread 0x00000240b2529000 nmethod 4693 0x000002409c22bb10 code [0x000002409c22bda0, 0x000002409c22c9c8]
Event: 6.779 Thread 0x00000240b2529000 4694       3       org.gradle.internal.snapshot.VfsRelativePath::of (14 bytes)
Event: 6.780 Thread 0x00000240b2529000 nmethod 4694 0x000002409c22ce90 code [0x000002409c22d100, 0x000002409c22db48]
Event: 6.780 Thread 0x00000240b2529000 4699       3       jdk.internal.misc.Unsafe::getAndAddLong (27 bytes)
Event: 6.780 Thread 0x00000240b2529000 nmethod 4699 0x000002409c22df10 code [0x000002409c22e0c0, 0x000002409c22e318]
Event: 6.780 Thread 0x00000240b2529000 4697       3       jdk.internal.misc.Unsafe::weakCompareAndSetLong (11 bytes)
Event: 6.780 Thread 0x00000240b2529000 nmethod 4697 0x000002409c22e410 code [0x000002409c22e5c0, 0x000002409c22e6d8]
Event: 6.781 Thread 0x00000240b2529000 4700       3       org.gradle.internal.snapshot.SnapshotUtil$$Lambda$271/0x000000010055a040::compareTo (16 bytes)
Event: 6.781 Thread 0x00000240b2529000 nmethod 4700 0x000002409c22e790 code [0x000002409c22e980, 0x000002409c22ecf8]
Event: 6.781 Thread 0x00000240b2529000 4701       3       org.gradle.internal.snapshot.SnapshotUtil::lambda$getMetadataFromChildren$0 (12 bytes)
Event: 6.781 Thread 0x00000240b2529000 nmethod 4701 0x000002409c22ee90 code [0x000002409c22f060, 0x000002409c22f258]
Event: 6.781 Thread 0x00000240b2529000 4702       1       org.gradle.internal.snapshot.AbstractCompleteFileSystemLocationSnapshot::getAbsolutePath (5 bytes)
Event: 6.781 Thread 0x00000240b2529000 nmethod 4702 0x00000240a30c0110 code [0x00000240a30c02c0, 0x00000240a30c0378]
Event: 6.782 Thread 0x00000240b2529000 4703       1       org.gradle.cache.internal.CrossProcessSynchronizingCache::access$000 (5 bytes)
Event: 6.782 Thread 0x00000240b3848800 nmethod 4698 0x00000240a30c0410 code [0x00000240a30c05c0, 0x00000240a30c0918]
Event: 6.782 Thread 0x00000240b2529000 nmethod 4703 0x00000240a30c0d10 code [0x00000240a30c0ec0, 0x00000240a30c0f58]
Event: 6.783 Thread 0x00000240b2529000 4704       1       org.gradle.cache.internal.InMemoryDecoratedCache::access$000 (5 bytes)
Event: 6.783 Thread 0x00000240b2529000 nmethod 4704 0x00000240a30c1010 code [0x00000240a30c11c0, 0x00000240a30c1258]

GC Heap History (18 events):
Event: 0.834 GC heap before
{Heap before GC invocations=0 (full 0):
 garbage-first heap   total 131072K, used 29696K [0x0000000080000000, 0x0000000100000000)
  region size 1024K, 24 young (24576K), 0 survivors (0K)
 Metaspace       used 10463K, capacity 10677K, committed 11008K, reserved 1058816K
  class space    used 1097K, capacity 1195K, committed 1280K, reserved 1048576K
}
Event: 0.840 GC heap after
{Heap after GC invocations=1 (full 0):
 garbage-first heap   total 131072K, used 8724K [0x0000000080000000, 0x0000000100000000)
  region size 1024K, 3 young (3072K), 3 survivors (3072K)
 Metaspace       used 10463K, capacity 10677K, committed 11008K, reserved 1058816K
  class space    used 1097K, capacity 1195K, committed 1280K, reserved 1048576K
}
Event: 2.632 GC heap before
{Heap before GC invocations=1 (full 0):
 garbage-first heap   total 131072K, used 82452K [0x0000000080000000, 0x0000000100000000)
  region size 1024K, 76 young (77824K), 3 survivors (3072K)
 Metaspace       used 18917K, capacity 19280K, committed 19328K, reserved 1067008K
  class space    used 2278K, capacity 2405K, committed 2432K, reserved 1048576K
}
Event: 2.642 GC heap after
{Heap after GC invocations=2 (full 0):
 garbage-first heap   total 131072K, used 16123K [0x0000000080000000, 0x0000000100000000)
  region size 1024K, 10 young (10240K), 10 survivors (10240K)
 Metaspace       used 18917K, capacity 19280K, committed 19328K, reserved 1067008K
  class space    used 2278K, capacity 2405K, committed 2432K, reserved 1048576K
}
Event: 2.923 GC heap before
{Heap before GC invocations=2 (full 0):
 garbage-first heap   total 131072K, used 28411K [0x0000000080000000, 0x0000000100000000)
  region size 1024K, 23 young (23552K), 10 survivors (10240K)
 Metaspace       used 20588K, capacity 21139K, committed 21296K, reserved 1069056K
  class space    used 2516K, capacity 2688K, committed 2688K, reserved 1048576K
}
Event: 2.932 GC heap after
{Heap after GC invocations=3 (full 0):
 garbage-first heap   total 131072K, used 16094K [0x0000000080000000, 0x0000000100000000)
  region size 1024K, 1 young (1024K), 1 survivors (1024K)
 Metaspace       used 20588K, capacity 21139K, committed 21296K, reserved 1069056K
  class space    used 2516K, capacity 2688K, committed 2688K, reserved 1048576K
}
Event: 3.606 GC heap before
{Heap before GC invocations=4 (full 0):
 garbage-first heap   total 131072K, used 61150K [0x0000000080000000, 0x0000000100000000)
  region size 1024K, 46 young (47104K), 1 survivors (1024K)
 Metaspace       used 25828K, capacity 26461K, committed 26672K, reserved 1073152K
  class space    used 3362K, capacity 3594K, committed 3712K, reserved 1048576K
}
Event: 3.609 GC heap after
{Heap after GC invocations=5 (full 0):
 garbage-first heap   total 131072K, used 17985K [0x0000000080000000, 0x0000000100000000)
  region size 1024K, 3 young (3072K), 3 survivors (3072K)
 Metaspace       used 25828K, capacity 26461K, committed 26672K, reserved 1073152K
  class space    used 3362K, capacity 3594K, committed 3712K, reserved 1048576K
}
Event: 4.136 GC heap before
{Heap before GC invocations=5 (full 0):
 garbage-first heap   total 131072K, used 77377K [0x0000000080000000, 0x0000000100000000)
  region size 1024K, 53 young (54272K), 3 survivors (3072K)
 Metaspace       used 31246K, capacity 32040K, committed 32304K, reserved 1077248K
  class space    used 4197K, capacity 4471K, committed 4480K, reserved 1048576K
}
Event: 4.140 GC heap after
{Heap after GC invocations=6 (full 0):
 garbage-first heap   total 131072K, used 31916K [0x0000000080000000, 0x0000000100000000)
  region size 1024K, 7 young (7168K), 7 survivors (7168K)
 Metaspace       used 31246K, capacity 32040K, committed 32304K, reserved 1077248K
  class space    used 4197K, capacity 4471K, committed 4480K, reserved 1048576K
}
Event: 4.301 GC heap before
{Heap before GC invocations=6 (full 0):
 garbage-first heap   total 131072K, used 40108K [0x0000000080000000, 0x0000000100000000)
  region size 1024K, 17 young (17408K), 7 survivors (7168K)
 Metaspace       used 34861K, capacity 35647K, committed 35708K, reserved 1081344K
  class space    used 4541K, capacity 4844K, committed 4864K, reserved 1048576K
}
Event: 4.309 GC heap after
{Heap after GC invocations=7 (full 0):
 garbage-first heap   total 131072K, used 33663K [0x0000000080000000, 0x0000000100000000)
  region size 1024K, 2 young (2048K), 2 survivors (2048K)
 Metaspace       used 34861K, capacity 35647K, committed 35708K, reserved 1081344K
  class space    used 4541K, capacity 4844K, committed 4864K, reserved 1048576K
}
Event: 4.855 GC heap before
{Heap before GC invocations=8 (full 0):
 garbage-first heap   total 131072K, used 75647K [0x0000000080000000, 0x0000000100000000)
  region size 1024K, 41 young (41984K), 2 survivors (2048K)
 Metaspace       used 39475K, capacity 40463K, committed 40700K, reserved 1085440K
  class space    used 5082K, capacity 5471K, committed 5504K, reserved 1048576K
}
Event: 4.859 GC heap after
{Heap after GC invocations=9 (full 0):
 garbage-first heap   total 157696K, used 35478K [0x0000000080000000, 0x0000000100000000)
  region size 1024K, 4 young (4096K), 4 survivors (4096K)
 Metaspace       used 39475K, capacity 40463K, committed 40700K, reserved 1085440K
  class space    used 5082K, capacity 5471K, committed 5504K, reserved 1048576K
}
Event: 5.728 GC heap before
{Heap before GC invocations=9 (full 0):
 garbage-first heap   total 157696K, used 93846K [0x0000000080000000, 0x0000000100000000)
  region size 1024K, 54 young (55296K), 4 survivors (4096K)
 Metaspace       used 43671K, capacity 44753K, committed 45052K, reserved 1089536K
  class space    used 5559K, capacity 5934K, committed 6016K, reserved 1048576K
}
Event: 5.735 GC heap after
{Heap after GC invocations=10 (full 0):
 garbage-first heap   total 157696K, used 48312K [0x0000000080000000, 0x0000000100000000)
  region size 1024K, 7 young (7168K), 7 survivors (7168K)
 Metaspace       used 43671K, capacity 44753K, committed 45052K, reserved 1089536K
  class space    used 5559K, capacity 5934K, committed 6016K, reserved 1048576K
}
Event: 6.601 GC heap before
{Heap before GC invocations=10 (full 0):
 garbage-first heap   total 157696K, used 97464K [0x0000000080000000, 0x0000000100000000)
  region size 1024K, 55 young (56320K), 7 survivors (7168K)
 Metaspace       used 46820K, capacity 48170K, committed 48380K, reserved 1091584K
  class space    used 6013K, capacity 6426K, committed 6528K, reserved 1048576K
}
Event: 6.610 GC heap after
{Heap after GC invocations=11 (full 0):
 garbage-first heap   total 157696K, used 51458K [0x0000000080000000, 0x0000000100000000)
  region size 1024K, 4 young (4096K), 4 survivors (4096K)
 Metaspace       used 46820K, capacity 48170K, committed 48380K, reserved 1091584K
  class space    used 6013K, capacity 6426K, committed 6528K, reserved 1048576K
}

Deoptimization events (20 events):
Event: 6.575 Thread 0x00000240b6f31800 Uncommon trap: trap_request=0xffffff4d fr.pc=0x00000240a2eda850 relative=0x0000000000000170
Event: 6.575 Thread 0x00000240b6f31800 Uncommon trap: reason=unstable_if action=reinterpret pc=0x00000240a2eda850 method=java.util.concurrent.ConcurrentHashMap.addCount(JI)V @ 34 c2
Event: 6.575 Thread 0x00000240b6f31800 DEOPT PACKING pc=0x00000240a2eda850 sp=0x0000005dae6fe320
Event: 6.575 Thread 0x00000240b6f31800 DEOPT UNPACKING pc=0x000002409b3874af sp=0x0000005dae6fe280 mode 2
Event: 6.575 Thread 0x00000240b6f30000 Uncommon trap: trap_request=0xffffff5c fr.pc=0x00000240a304ef34 relative=0x00000000000040d4
Event: 6.575 Thread 0x00000240b6f30000 Uncommon trap: reason=speculate_null_assert action=make_not_entrant pc=0x00000240a304ef34 method=java.lang.invoke.MethodType$ConcurrentWeakInternSet.add(Ljava/lang/Object;)Ljava/lang/Object; @ 47 c2
Event: 6.575 Thread 0x00000240b6f30000 DEOPT PACKING pc=0x00000240a304ef34 sp=0x0000005dae5fd2d0
Event: 6.575 Thread 0x00000240b6f30000 DEOPT UNPACKING pc=0x000002409b3874af sp=0x0000005dae5fd288 mode 2
Event: 6.576 Thread 0x00000240b6f2f000 Uncommon trap: trap_request=0xffffff5c fr.pc=0x00000240a304ef34 relative=0x00000000000040d4
Event: 6.576 Thread 0x00000240b6f2f000 Uncommon trap: reason=speculate_null_assert action=make_not_entrant pc=0x00000240a304ef34 method=java.lang.invoke.MethodType$ConcurrentWeakInternSet.add(Ljava/lang/Object;)Ljava/lang/Object; @ 47 c2
Event: 6.576 Thread 0x00000240b6f2f000 DEOPT PACKING pc=0x00000240a304ef34 sp=0x0000005dae4fd2d0
Event: 6.576 Thread 0x00000240b6f2f000 DEOPT UNPACKING pc=0x000002409b3874af sp=0x0000005dae4fd288 mode 2
Event: 6.576 Thread 0x00000240b6f32800 Uncommon trap: trap_request=0xffffff5c fr.pc=0x00000240a304ef34 relative=0x00000000000040d4
Event: 6.576 Thread 0x00000240b6f32800 Uncommon trap: reason=speculate_null_assert action=make_not_entrant pc=0x00000240a304ef34 method=java.lang.invoke.MethodType$ConcurrentWeakInternSet.add(Ljava/lang/Object;)Ljava/lang/Object; @ 47 c2
Event: 6.576 Thread 0x00000240b6f32800 DEOPT PACKING pc=0x00000240a304ef34 sp=0x0000005dae8fddd0
Event: 6.576 Thread 0x00000240b6f32800 DEOPT UNPACKING pc=0x000002409b3874af sp=0x0000005dae8fdd88 mode 2
Event: 6.580 Thread 0x00000240b6f30000 Uncommon trap: trap_request=0xffffff4d fr.pc=0x00000240a3084754 relative=0x0000000000000b94
Event: 6.580 Thread 0x00000240b6f30000 Uncommon trap: reason=unstable_if action=reinterpret pc=0x00000240a3084754 method=com.esotericsoftware.kryo.io.Input.readUtf8Length(I)I @ 9 c2
Event: 6.580 Thread 0x00000240b6f30000 DEOPT PACKING pc=0x00000240a3084754 sp=0x0000005dae5fd510
Event: 6.580 Thread 0x00000240b6f30000 DEOPT UNPACKING pc=0x000002409b3874af sp=0x0000005dae5fd400 mode 2

Classes redefined (0 events):
No events

Internal exceptions (20 events):
Event: 5.973 Thread 0x00000240b3f78800 Exception <a 'java/lang/ClassNotFoundException'{0x000000008894ed50}: org/gradle/api/internal/artifacts/dsl/DefaultRepositoryHandler_DecoratedBeanInfo> (0x000000008894ed50) thrown at [./src/hotspot/share/classfile/systemDictionary.cpp, line 231]
Event: 5.974 Thread 0x00000240b3f78800 Exception <a 'java/lang/ClassNotFoundException'{0x000000008897f468}: org/gradle/api/internal/artifacts/dsl/DefaultRepositoryHandlerBeanInfo> (0x000000008897f468) thrown at [./src/hotspot/share/classfile/systemDictionary.cpp, line 231]
Event: 5.975 Thread 0x00000240b3f78800 Exception <a 'java/lang/ClassNotFoundException'{0x00000000889b20f0}: org/gradle/api/internal/artifacts/DefaultArtifactRepositoryContainerBeanInfo> (0x00000000889b20f0) thrown at [./src/hotspot/share/classfile/systemDictionary.cpp, line 231]
Event: 5.976 Thread 0x00000240b3f78800 Exception <a 'java/lang/ClassNotFoundException'{0x00000000889d4f20}: org/gradle/api/internal/DefaultNamedDomainObjectListBeanInfo> (0x00000000889d4f20) thrown at [./src/hotspot/share/classfile/systemDictionary.cpp, line 231]
Event: 5.976 Thread 0x00000240b3f78800 Exception <a 'java/lang/ClassNotFoundException'{0x00000000889f8ae8}: org/gradle/api/internal/DefaultNamedDomainObjectCollectionBeanInfo> (0x00000000889f8ae8) thrown at [./src/hotspot/share/classfile/systemDictionary.cpp, line 231]
Event: 5.977 Thread 0x00000240b3f78800 Exception <a 'java/lang/ClassNotFoundException'{0x000000008881be28}: org/gradle/api/internal/DefaultDomainObjectCollectionBeanInfo> (0x000000008881be28) thrown at [./src/hotspot/share/classfile/systemDictionary.cpp, line 231]
Event: 5.978 Thread 0x00000240b3f78800 Exception <a 'java/lang/ClassNotFoundException'{0x000000008883eda0}: org/gradle/api/internal/DefaultDomainObjectCollectionCustomizer> (0x000000008883eda0) thrown at [./src/hotspot/share/classfile/systemDictionary.cpp, line 231]
Event: 5.980 Thread 0x00000240b3f78800 Exception <a 'java/lang/ClassNotFoundException'{0x000000008887fd80}: org/gradle/api/internal/DefaultNamedDomainObjectCollectionCustomizer> (0x000000008887fd80) thrown at [./src/hotspot/share/classfile/systemDictionary.cpp, line 231]
Event: 5.982 Thread 0x00000240b3f78800 Exception <a 'java/lang/ClassNotFoundException'{0x00000000888cf8d0}: org/gradle/api/internal/DefaultNamedDomainObjectListCustomizer> (0x00000000888cf8d0) thrown at [./src/hotspot/share/classfile/systemDictionary.cpp, line 231]
Event: 5.984 Thread 0x00000240b3f78800 Exception <a 'java/lang/ClassNotFoundException'{0x000000008871b7e0}: org/gradle/api/internal/artifacts/DefaultArtifactRepositoryContainerCustomizer> (0x000000008871b7e0) thrown at [./src/hotspot/share/classfile/systemDictionary.cpp, line 231]
Event: 5.986 Thread 0x00000240b3f78800 Exception <a 'java/lang/ClassNotFoundException'{0x000000008875d2f8}: org/gradle/api/internal/artifacts/dsl/DefaultRepositoryHandlerCustomizer> (0x000000008875d2f8) thrown at [./src/hotspot/share/classfile/systemDictionary.cpp, line 231]
Event: 5.988 Thread 0x00000240b3f78800 Exception <a 'java/lang/ClassNotFoundException'{0x00000000887b0b48}: org/gradle/api/internal/artifacts/dsl/DefaultRepositoryHandler_DecoratedCustomizer> (0x00000000887b0b48) thrown at [./src/hotspot/share/classfile/systemDictionary.cpp, line 231]
Event: 6.026 Thread 0x00000240b3f78800 Exception <a 'java/lang/NoSuchMethodError'{0x000000008830fa48}: 'int java.lang.invoke.DirectMethodHandle$Holder.invokeStaticInit(java.lang.Object, java.lang.Object, java.lang.Object, java.lang.Object)'> (0x000000008830fa48) thrown at [./src/hotspot/share/interpreter/linkResolver.cpp, line 773]
Event: 6.047 Thread 0x00000240b3f78800 Exception <a 'java/lang/ClassNotFoundException'{0x0000000088290f30}: groovy/lang/GString$1BeanInfo> (0x0000000088290f30) thrown at [./src/hotspot/share/classfile/systemDictionary.cpp, line 231]
Event: 6.047 Thread 0x00000240b3f78800 Exception <a 'java/lang/ClassNotFoundException'{0x00000000882acb40}: groovy/lang/GStringBeanInfo> (0x00000000882acb40) thrown at [./src/hotspot/share/classfile/systemDictionary.cpp, line 231]
Event: 6.048 Thread 0x00000240b3f78800 Exception <a 'java/lang/ClassNotFoundException'{0x00000000882c8208}: groovy/lang/GStringCustomizer> (0x00000000882c8208) thrown at [./src/hotspot/share/classfile/systemDictionary.cpp, line 231]
Event: 6.049 Thread 0x00000240b3f78800 Exception <a 'java/lang/ClassNotFoundException'{0x00000000882ecdd8}: groovy/lang/GString$1Customizer> (0x00000000882ecdd8) thrown at [./src/hotspot/share/classfile/systemDictionary.cpp, line 231]
Event: 6.054 Thread 0x00000240b3f78800 Exception <a 'java/lang/ClassNotFoundException'{0x00000000881880f0}: org/codehaus/groovy/runtime/GStringImplBeanInfo> (0x00000000881880f0) thrown at [./src/hotspot/share/classfile/systemDictionary.cpp, line 231]
Event: 6.054 Thread 0x00000240b3f78800 Exception <a 'java/lang/ClassNotFoundException'{0x00000000881a61c8}: org/codehaus/groovy/runtime/GStringImplCustomizer> (0x00000000881a61c8) thrown at [./src/hotspot/share/classfile/systemDictionary.cpp, line 231]
Event: 6.558 Thread 0x00000240b3f78800 Exception <a 'java/lang/NoSuchMethodError'{0x0000000086cf0d50}: 'void java.lang.invoke.DirectMethodHandle$Holder.invokeStatic(java.lang.Object, java.lang.Object, java.lang.Object, int, java.lang.Object)'> (0x0000000086cf0d50) thrown at [./src/hotspot/share/interpreter/linkResolver.cpp, line 773]

Events (20 events):
Event: 6.771 Thread 0x00000240b7a3d000 Thread added: 0x00000240b7a3d000
Event: 6.772 Thread 0x00000240b7a3e000 Thread added: 0x00000240b7a3e000
Event: 6.772 Thread 0x00000240b7a3e800 Thread added: 0x00000240b7a3e800
Event: 6.773 Thread 0x00000240b6ef6800 Thread added: 0x00000240b6ef6800
Event: 6.773 Thread 0x00000240b6ef9000 Thread added: 0x00000240b6ef9000
Event: 6.774 Thread 0x00000240b6ef5000 Thread added: 0x00000240b6ef5000
Event: 6.775 Thread 0x00000240b6ef7000 Thread added: 0x00000240b6ef7000
Event: 6.776 Thread 0x00000240b6ef3000 Thread added: 0x00000240b6ef3000
Event: 6.777 Thread 0x00000240b6ef5800 Thread added: 0x00000240b6ef5800
Event: 6.777 Thread 0x00000240b6ef8000 Thread added: 0x00000240b6ef8000
Event: 6.778 Thread 0x00000240b6ef9800 Thread added: 0x00000240b6ef9800
Event: 6.779 Thread 0x00000240b6ef4000 Thread added: 0x00000240b6ef4000
Event: 6.780 Thread 0x00000240b6efe000 Thread added: 0x00000240b6efe000
Event: 6.780 Thread 0x00000240b6efd000 Thread added: 0x00000240b6efd000
Event: 6.781 Thread 0x00000240b6efc000 Thread added: 0x00000240b6efc000
Event: 6.781 Thread 0x00000240b6efe800 Thread added: 0x00000240b6efe800
Event: 6.782 Thread 0x00000240b6efb800 Thread added: 0x00000240b6efb800
Event: 6.782 Thread 0x00000240b6eff800 Thread added: 0x00000240b6eff800
Event: 6.783 Thread 0x00000240b6f00000 Thread added: 0x00000240b6f00000
Event: 6.784 Thread 0x00000240b6efa800 Thread added: 0x00000240b6efa800


Dynamic libraries:
0x00007ff6991b0000 - 0x00007ff6991ba000 	C:\Users\Dark Knight\Desktop\Android Studio\jre\bin\java.exe
0x00007ff9b2730000 - 0x00007ff9b2925000 	C:\WINDOWS\SYSTEM32\ntdll.dll
0x00007ff9b1dc0000 - 0x00007ff9b1e7e000 	C:\WINDOWS\System32\KERNEL32.DLL
0x00007ff9b0250000 - 0x00007ff9b0518000 	C:\WINDOWS\System32\KERNELBASE.dll
0x00007ff9b0150000 - 0x00007ff9b0250000 	C:\WINDOWS\System32\ucrtbase.dll
0x00007ff99e650000 - 0x00007ff99e669000 	C:\Users\Dark Knight\Desktop\Android Studio\jre\bin\jli.dll
0x00007ff9935a0000 - 0x00007ff9935b7000 	C:\Users\Dark Knight\Desktop\Android Studio\jre\bin\VCRUNTIME140.dll
0x00007ff9b09e0000 - 0x00007ff9b0b81000 	C:\WINDOWS\System32\USER32.dll
0x00007ff9affa0000 - 0x00007ff9affc2000 	C:\WINDOWS\System32\win32u.dll
0x00007ff9b2010000 - 0x00007ff9b203b000 	C:\WINDOWS\System32\GDI32.dll
0x00007ff9b0660000 - 0x00007ff9b076d000 	C:\WINDOWS\System32\gdi32full.dll
0x00007ff9b0000000 - 0x00007ff9b009d000 	C:\WINDOWS\System32\msvcp_win.dll
0x00007ff99a6f0000 - 0x00007ff99a98a000 	C:\WINDOWS\WinSxS\amd64_microsoft.windows.common-controls_6595b64144ccf1df_6.0.19041.1110_none_60b5254171f9507e\COMCTL32.dll
0x00007ff9b1300000 - 0x00007ff9b139e000 	C:\WINDOWS\System32\msvcrt.dll
0x00007ff9b2170000 - 0x00007ff9b21a0000 	C:\WINDOWS\System32\IMM32.DLL
0x00007ff9782c0000 - 0x00007ff97835d000 	C:\Users\Dark Knight\Desktop\Android Studio\jre\bin\msvcp140.dll
0x00007ff9558c0000 - 0x00007ff95637c000 	C:\Users\Dark Knight\Desktop\Android Studio\jre\bin\server\jvm.dll
0x00007ff9b25b0000 - 0x00007ff9b265c000 	C:\WINDOWS\System32\ADVAPI32.dll
0x00007ff9b1af0000 - 0x00007ff9b1b8b000 	C:\WINDOWS\System32\sechost.dll
0x00007ff9b1120000 - 0x00007ff9b124a000 	C:\WINDOWS\System32\RPCRT4.dll
0x00007ff9b0b90000 - 0x00007ff9b0b98000 	C:\WINDOWS\System32\PSAPI.DLL
0x00007ff9ab1d0000 - 0x00007ff9ab1d9000 	C:\WINDOWS\SYSTEM32\WSOCK32.dll
0x00007ff99c0d0000 - 0x00007ff99c0f7000 	C:\WINDOWS\SYSTEM32\WINMM.dll
0x00007ff9b1fa0000 - 0x00007ff9b200b000 	C:\WINDOWS\System32\WS2_32.dll
0x00007ff9a54b0000 - 0x00007ff9a54ba000 	C:\WINDOWS\SYSTEM32\VERSION.dll
0x00007ff9ae6c0000 - 0x00007ff9ae6d2000 	C:\WINDOWS\SYSTEM32\kernel.appcore.dll
0x00007ff9a73c0000 - 0x00007ff9a73d1000 	C:\Users\Dark Knight\Desktop\Android Studio\jre\bin\verify.dll
0x00007ff9adae0000 - 0x00007ff9adcc4000 	C:\WINDOWS\SYSTEM32\DBGHELP.DLL
0x00007ff9982c0000 - 0x00007ff9982ec000 	C:\WINDOWS\SYSTEM32\dbgcore.DLL
0x00007ff9b05d0000 - 0x00007ff9b0652000 	C:\WINDOWS\System32\bcryptPrimitives.dll
0x00007ff9912a0000 - 0x00007ff9912c9000 	C:\Users\Dark Knight\Desktop\Android Studio\jre\bin\java.dll
0x00007ff9a8c00000 - 0x00007ff9a8c0b000 	C:\Users\Dark Knight\Desktop\Android Studio\jre\bin\jimage.dll
0x00007ff983840000 - 0x00007ff983858000 	C:\Users\Dark Knight\Desktop\Android Studio\jre\bin\zip.dll
0x00007ff9b13a0000 - 0x00007ff9b1ae4000 	C:\WINDOWS\System32\SHELL32.dll
0x00007ff9adf10000 - 0x00007ff9ae6a4000 	C:\WINDOWS\SYSTEM32\windows.storage.dll
0x00007ff9b21a0000 - 0x00007ff9b24f5000 	C:\WINDOWS\System32\combase.dll
0x00007ff9af7c0000 - 0x00007ff9af7ee000 	C:\WINDOWS\SYSTEM32\Wldp.dll
0x00007ff9b1250000 - 0x00007ff9b12fd000 	C:\WINDOWS\System32\SHCORE.dll
0x00007ff9b0770000 - 0x00007ff9b07c5000 	C:\WINDOWS\System32\shlwapi.dll
0x00007ff9afd80000 - 0x00007ff9afd9f000 	C:\WINDOWS\SYSTEM32\profapi.dll
0x00007ff983820000 - 0x00007ff98383a000 	C:\Users\Dark Knight\Desktop\Android Studio\jre\bin\net.dll
0x00007ff99e9a0000 - 0x00007ff99eaac000 	C:\WINDOWS\SYSTEM32\WINHTTP.dll
0x00007ff9af520000 - 0x00007ff9af58a000 	C:\WINDOWS\system32\mswsock.dll
0x00007ff982700000 - 0x00007ff982714000 	C:\Users\Dark Knight\Desktop\Android Studio\jre\bin\nio.dll
0x00007ff998310000 - 0x00007ff998337000 	C:\Users\Dark Knight\.gradle\native\fdc75f09e3144964f2cf3f50f0aa648679c211496f362492102eb8c894070792\windows-amd64\native-platform.dll
0x00007ff96d220000 - 0x00007ff96d3b6000 	C:\Users\Dark Knight\.gradle\native\12488b8bf47d2d4c9fbf2f6322a914ad602e24e48041cd04a747c6da556b65c4\windows-amd64\native-platform-file-events.dll
0x00007ff9a7560000 - 0x00007ff9a756a000 	C:\Users\Dark Knight\Desktop\Android Studio\jre\bin\management.dll
0x00007ff9a6fa0000 - 0x00007ff9a6fac000 	C:\Users\Dark Knight\Desktop\Android Studio\jre\bin\management_ext.dll
0x00007ff9af710000 - 0x00007ff9af728000 	C:\WINDOWS\SYSTEM32\CRYPTSP.dll
0x00007ff9aeea0000 - 0x00007ff9aeed4000 	C:\WINDOWS\system32\rsaenh.dll
0x00007ff9affd0000 - 0x00007ff9afff7000 	C:\WINDOWS\System32\bcrypt.dll
0x00007ff9afd40000 - 0x00007ff9afd6e000 	C:\WINDOWS\SYSTEM32\USERENV.dll
0x00007ff9af730000 - 0x00007ff9af73c000 	C:\WINDOWS\SYSTEM32\CRYPTBASE.dll
0x00007ff9af210000 - 0x00007ff9af24b000 	C:\WINDOWS\SYSTEM32\IPHLPAPI.DLL
0x00007ff9b1ba0000 - 0x00007ff9b1ba8000 	C:\WINDOWS\System32\NSI.dll
0x00007ff9a14e0000 - 0x00007ff9a14f7000 	C:\WINDOWS\SYSTEM32\dhcpcsvc6.DLL
0x00007ff9a15f0000 - 0x00007ff9a160d000 	C:\WINDOWS\SYSTEM32\dhcpcsvc.DLL
0x00007ff9af250000 - 0x00007ff9af31b000 	C:\WINDOWS\SYSTEM32\DNSAPI.dll
0x00007ff9a5000000 - 0x00007ff9a500b000 	C:\WINDOWS\SYSTEM32\WINNSI.DLL

dbghelp: loaded successfully - version: 4.0.5 - missing functions: none
symbol engine: initialized successfully - sym options: 0x614 - pdb path: .;C:\Users\Dark Knight\Desktop\Android Studio\jre\bin;C:\WINDOWS\SYSTEM32;C:\WINDOWS\WinSxS\amd64_microsoft.windows.common-controls_6595b64144ccf1df_6.0.19041.1110_none_60b5254171f9507e;C:\Users\Dark Knight\Desktop\Android Studio\jre\bin\server;C:\Users\Dark Knight\.gradle\native\fdc75f09e3144964f2cf3f50f0aa648679c211496f362492102eb8c894070792\windows-amd64;C:\Users\Dark Knight\.gradle\native\12488b8bf47d2d4c9fbf2f6322a914ad602e24e48041cd04a747c6da556b65c4\windows-amd64

VM Arguments:
jvm_args: --add-opens=java.base/java.util=ALL-UNNAMED --add-opens=java.base/java.lang=ALL-UNNAMED --add-opens=java.base/java.lang.invoke=ALL-UNNAMED --add-opens=java.prefs/java.util.prefs=ALL-UNNAMED -Xmx2048m -Dfile.encoding=UTF-8 -Duser.country=IN -Duser.language=en -Duser.variant 
java_command: org.gradle.launcher.daemon.bootstrap.GradleDaemon 6.7.1
java_class_path (initial): C:\Users\Dark Knight\.gradle\wrapper\dists\gradle-6.7.1-bin\bwlcbys1h7rz3272sye1xwiv6\gradle-6.7.1\lib\gradle-launcher-6.7.1.jar
Launcher Type: SUN_STANDARD

[Global flags]
     intx CICompilerCount                          = 4                                         {product} {ergonomic}
     uint ConcGCThreads                            = 2                                         {product} {ergonomic}
     uint G1ConcRefinementThreads                  = 8                                         {product} {ergonomic}
   size_t G1HeapRegionSize                         = 1048576                                   {product} {ergonomic}
    uintx GCDrainStackTargetSize                   = 64                                        {product} {ergonomic}
   size_t InitialHeapSize                          = 134217728                                 {product} {ergonomic}
   size_t MarkStackSize                            = 4194304                                   {product} {ergonomic}
   size_t MaxHeapSize                              = 2147483648                                {product} {command line}
   size_t MaxNewSize                               = 1287651328                                {product} {ergonomic}
   size_t MinHeapDeltaBytes                        = 1048576                                   {product} {ergonomic}
    uintx NonNMethodCodeHeapSize                   = 5836300                                {pd product} {ergonomic}
    uintx NonProfiledCodeHeapSize                  = 122910970                              {pd product} {ergonomic}
    uintx ProfiledCodeHeapSize                     = 122910970                              {pd product} {ergonomic}
    uintx ReservedCodeCacheSize                    = 251658240                              {pd product} {ergonomic}
     bool SegmentedCodeCache                       = true                                      {product} {ergonomic}
     bool UseCompressedClassPointers               = true                                 {lp64_product} {ergonomic}
     bool UseCompressedOops                        = true                                 {lp64_product} {ergonomic}
     bool UseG1GC                                  = true                                      {product} {ergonomic}
     bool UseLargePagesIndividualAllocation        = false                                  {pd product} {ergonomic}

Logging:
Log output configuration:
 #0: stdout all=warning uptime,level,tags
 #1: stderr all=off uptime,level,tags

Environment Variables:
PATH=C:\Windows\system32;C:\Windows;C:\Windows\System32\Wbem;C:\Windows\System32\WindowsPowerShell\v1.0\;C:\Windows\System32\OpenSSH\;C:\Program Files (x86)\NVIDIA Corporation\PhysX\Common;C:\Program Files\NVIDIA Corporation\NVIDIA NvDLISR;C:\WINDOWS\system32;C:\WINDOWS;C:\WINDOWS\System32\Wbem;C:\WINDOWS\System32\WindowsPowerShell\v1.0\;C:\WINDOWS\System32\OpenSSH\;C:\MinGW\bin;C:\Program Files\MEGA-X;C:\WINDOWS\system32;C:\WINDOWS;C:\WINDOWS\System32\Wbem;C:\WINDOWS\System32\WindowsPowerShell\v1.0\;C:\WINDOWS\System32\OpenSSH\;C:\Program Files\Git\cmd;C:\Users\Dark Knight\AppData\Local\Microsoft\WindowsApps;C:\Users\Dark Knight\AppData\Local\atom\bin;C:\MinGW\bin;C:\Program Files (x86)\Microsoft Visual Studio\2019\BuildTools\MSBuild\Current\Bin;C:\Users\Dark Knight\AppData\Local\Microsoft\WindowsApps
USERNAME=Dark Knight
OS=Windows_NT
PROCESSOR_IDENTIFIER=Intel64 Family 6 Model 158 Stepping 10, GenuineIntel



---------------  S Y S T E M  ---------------

OS: Windows 10 , 64 bit Build 19041 (10.0.19041.1348)
OS uptime: 8 days 13:26 hours

CPU:total 8 (initial active 8) (4 cores per cpu, 2 threads per core) family 6 model 158 stepping 10, cmov, cx8, fxsr, mmx, sse, sse2, sse3, ssse3, sse4.1, sse4.2, popcnt, avx, avx2, aes, clmul, erms, 3dnowpref, lzcnt, ht, tsc, tscinvbit, bmi1, bmi2, adx, fma

Memory: 4k page, system-wide physical 8072M (585M free)
TotalPageFile size 12168M (AvailPageFile size 3M)
current process WorkingSet (physical memory assigned to process): 332M, peak: 332M
current process commit charge ("private bytes"): 374M, peak: 374M

vm_info: OpenJDK 64-Bit Server VM (11.0.8+10-b944.6842174) for windows-amd64 JRE (11.0.8+10-b944.6842174), built on Sep 19 2020 01:11:42 by "builder" with MS VC++ 14.0 (VS2015)

END.
