#
# There is insufficient memory for the Java Runtime Environment to continue.
# Native memory allocation (malloc) failed to allocate 1102576 bytes for Chunk::new
# Possible reasons:
#   The system is out of physical RAM or swap space
#   The process is running with CompressedOops enabled, and the Java Heap may be blocking the growth of the native heap
# Possible solutions:
#   Reduce memory load on the system
#   Increase physical memory or swap space
#   Check if swap backing store is full
#   Decrease Java heap size (-Xmx/-Xms)
#   Decrease number of Java threads
#   Decrease Java thread stack sizes (-Xss)
#   Set larger code cache with -XX:ReservedCodeCacheSize=
#   JVM is running with Unscaled Compressed Oops mode in which the Java heap is
#     placed in the first 4GB address space. The Java Heap base address is the
#     maximum limit for the native heap growth. Please use -XX:HeapBaseMinAddress
#     to set the Java Heap base and to place the Java Heap above 4GB virtual address.
# This output file may be truncated or incomplete.
#
#  Out of Memory Error (./src/hotspot/share/memory/arena.cpp:197), pid=24336, tid=16444
#
# JRE version: OpenJDK Runtime Environment (11.0.8+10) (build 11.0.8+10-b944.6842174)
# Java VM: OpenJDK 64-Bit Server VM (11.0.8+10-b944.6842174, mixed mode, tiered, compressed oops, g1 gc, windows-amd64)
# No core dump will be written. Minidumps are not enabled by default on client versions of Windows
#

---------------  S U M M A R Y ------------

Command Line: --add-opens=java.base/java.util=ALL-UNNAMED --add-opens=java.base/java.lang=ALL-UNNAMED --add-opens=java.base/java.lang.invoke=ALL-UNNAMED --add-opens=java.prefs/java.util.prefs=ALL-UNNAMED -Xmx2048m -Dfile.encoding=UTF-8 -Duser.country=IN -Duser.language=en -Duser.variant org.gradle.launcher.daemon.bootstrap.GradleDaemon 6.7.1

Host: Intel(R) Core(TM) i5-9300H CPU @ 2.40GHz, 8 cores, 7G,  Windows 10 , 64 bit Build 19041 (10.0.19041.1348)
Time: Wed Dec 22 22:54:40 2021 India Standard Time elapsed time: 13 seconds (0d 0h 0m 13s)

---------------  T H R E A D  ---------------

Current thread (0x00000237bf2fb800):  JavaThread "C2 CompilerThread0" daemon [_thread_in_native, id=16444, stack(0x000000ed1c200000,0x000000ed1c300000)]


Current CompileTask:
C2:  13382 9436 %     4       com.android.tools.r8.dex.n::m @ 64 (2054 bytes)

Stack: [0x000000ed1c200000,0x000000ed1c300000]
Native frames: (J=compiled Java code, j=interpreted, Vv=VM code, C=native code)
V  [jvm.dll+0x5de50a]
V  [jvm.dll+0x7122f5]
V  [jvm.dll+0x71384d]
V  [jvm.dll+0x713f03]
V  [jvm.dll+0x23e728]
V  [jvm.dll+0xb899c]
V  [jvm.dll+0xb8e9c]
V  [jvm.dll+0x35020b]
V  [jvm.dll+0x193cbc]
V  [jvm.dll+0x1f780e]
V  [jvm.dll+0x1f68d4]
V  [jvm.dll+0x17f32c]
V  [jvm.dll+0x205047]
V  [jvm.dll+0x203891]
V  [jvm.dll+0x6dad3f]
V  [jvm.dll+0x6d3895]
V  [jvm.dll+0x5dd4a6]
C  [ucrtbase.dll+0x21bb2]
C  [KERNEL32.DLL+0x17034]
C  [ntdll.dll+0x52651]


---------------  P R O C E S S  ---------------

Threads class SMR info:
_java_thread_list=0x00000237c024daf0, length=187, elements={
0x00000237a2ebc000, 0x00000237bf2e1000, 0x00000237bf2ea800, 0x00000237bfc62800,
0x00000237bf2f7800, 0x00000237bf2fb800, 0x00000237bf2fe800, 0x00000237bf300800,
0x00000237bfdb3000, 0x00000237bfdb4000, 0x00000237c15a1800, 0x00000237c151e800,
0x00000237c1c7a000, 0x00000237c12c3000, 0x00000237c12c4000, 0x00000237c0a5d000,
0x00000237c0d81000, 0x00000237c0d82000, 0x00000237c0f97800, 0x00000237c0f98800,
0x00000237c20b6000, 0x00000237c20b8000, 0x00000237c20b2000, 0x00000237c2426000,
0x00000237c20b4000, 0x00000237c20b8800, 0x00000237c20b7000, 0x00000237c20b3000,
0x00000237c20b4800, 0x00000237c296c800, 0x00000237c20b5800, 0x00000237c6d18800,
0x00000237c6d1a000, 0x00000237c6d1d800, 0x00000237c6d1f000, 0x00000237c6d1b000,
0x00000237c6d1f800, 0x00000237c6d20800, 0x00000237c6d1b800, 0x00000237c6d21800,
0x00000237c6d1c800, 0x00000237c6d22000, 0x00000237c6d23000, 0x00000237c6d24000,
0x00000237c6d1e000, 0x00000237c6d27000, 0x00000237c6d24800, 0x00000237c6d25800,
0x00000237c6d26800, 0x00000237c1562000, 0x00000237c155f800, 0x00000237c1562800,
0x00000237c1561000, 0x00000237c1563800, 0x00000237c1560800, 0x00000237c1565000,
0x00000237c1564800, 0x00000237c156b800, 0x00000237c156a000, 0x00000237c1566000,
0x00000237c156c800, 0x00000237c156b000, 0x00000237c1567000, 0x00000237c156d800,
0x00000237c1567800, 0x00000237c1569800, 0x00000237c156e000, 0x00000237c1568800,
0x00000237c645d000, 0x00000237c645e800, 0x00000237c645f000, 0x00000237c645d800,
0x00000237c6460000, 0x00000237c6461000, 0x00000237c645b000, 0x00000237c645c000,
0x00000237c6462800, 0x00000237c6466000, 0x00000237c6466800, 0x00000237c6463800,
0x00000237c6467800, 0x00000237c6461800, 0x00000237c6468000, 0x00000237c6469000,
0x00000237c646a000, 0x00000237c6465000, 0x00000237c6464000, 0x00000237c0902000,
0x00000237c0907000, 0x00000237c0904000, 0x00000237c0906800, 0x00000237c0908800,
0x00000237c0904800, 0x00000237c0905800, 0x00000237c0908000, 0x00000237c0903000,
0x00000237c090f800, 0x00000237c090d800, 0x00000237c0909800, 0x00000237c090b000,
0x00000237c0910000, 0x00000237c090a800, 0x00000237c0911000, 0x00000237c090e800,
0x00000237c090d000, 0x00000237c090c000, 0x00000237c5828000, 0x00000237c582b800,
0x00000237c582e800, 0x00000237c582e000, 0x00000237c582c000, 0x00000237c5829000,
0x00000237c5829800, 0x00000237c582f800, 0x00000237c582a800, 0x00000237c5830000,
0x00000237c5831000, 0x00000237c5832000, 0x00000237c5832800, 0x00000237c582d000,
0x00000237c5835000, 0x00000237c5836000, 0x00000237c5837000, 0x00000237c5833800,
0x00000237c5834800, 0x00000237c5ff4000, 0x00000237c5ff5000, 0x00000237c5ff6800,
0x00000237c5ff6000, 0x00000237c5ff7800, 0x00000237c5ff1800, 0x00000237c5ff8000,
0x00000237c5ff2800, 0x00000237c5ff9000, 0x00000237c5ff3800, 0x00000237c5ffb800,
0x00000237c5ffe000, 0x00000237c5ffe800, 0x00000237c5fff800, 0x00000237c5ffa000,
0x00000237c6000800, 0x00000237c5ffc800, 0x00000237c5ffd000, 0x00000237c5ffa800,
0x00000237c5eea800, 0x00000237c5eed800, 0x00000237c5eed000, 0x00000237c5ee9800,
0x00000237c5eec000, 0x00000237c5eee800, 0x00000237c5eef000, 0x00000237c5ef0000,
0x00000237c5ef1000, 0x00000237c5eeb000, 0x00000237c5ef7800, 0x00000237c5ef6000,
0x00000237c5ef3800, 0x00000237c5ef5000, 0x00000237c5ef1800, 0x00000237c5ef6800,
0x00000237c5ef4000, 0x00000237c5ef8000, 0x00000237c5ef2800, 0x00000237c38a4800,
0x00000237c38a2800, 0x00000237c38a4000, 0x00000237c389f000, 0x00000237c38a3000,
0x00000237c38a5800, 0x00000237c38a0000, 0x00000237c38a1800, 0x00000237c38a6800,
0x00000237c38a0800, 0x00000237c38a8000, 0x00000237c38ad000, 0x00000237c38aa800,
0x00000237c38ab000, 0x00000237c38ac000, 0x00000237c38a7000, 0x00000237c38a9000,
0x00000237c38ad800, 0x00000237c38a9800, 0x00000237cb084800, 0x00000237cb088800,
0x00000237cb08a000, 0x00000237cb08b000, 0x00000237cb089800
}

Java Threads: ( => current thread )
  0x00000237a2ebc000 JavaThread "main" [_thread_blocked, id=8016, stack(0x000000ed1b700000,0x000000ed1b800000)]
  0x00000237bf2e1000 JavaThread "Reference Handler" daemon [_thread_blocked, id=25680, stack(0x000000ed1be00000,0x000000ed1bf00000)]
  0x00000237bf2ea800 JavaThread "Finalizer" daemon [_thread_blocked, id=26636, stack(0x000000ed1bf00000,0x000000ed1c000000)]
  0x00000237bfc62800 JavaThread "Signal Dispatcher" daemon [_thread_blocked, id=22544, stack(0x000000ed1c000000,0x000000ed1c100000)]
  0x00000237bf2f7800 JavaThread "Attach Listener" daemon [_thread_blocked, id=15260, stack(0x000000ed1c100000,0x000000ed1c200000)]
=>0x00000237bf2fb800 JavaThread "C2 CompilerThread0" daemon [_thread_in_native, id=16444, stack(0x000000ed1c200000,0x000000ed1c300000)]
  0x00000237bf2fe800 JavaThread "C1 CompilerThread0" daemon [_thread_blocked, id=26564, stack(0x000000ed1c300000,0x000000ed1c400000)]
  0x00000237bf300800 JavaThread "Sweeper thread" daemon [_thread_blocked, id=9328, stack(0x000000ed1c400000,0x000000ed1c500000)]
  0x00000237bfdb3000 JavaThread "Common-Cleaner" daemon [_thread_blocked, id=26056, stack(0x000000ed1c500000,0x000000ed1c600000)]
  0x00000237bfdb4000 JavaThread "Service Thread" daemon [_thread_blocked, id=13376, stack(0x000000ed1c600000,0x000000ed1c700000)]
  0x00000237c15a1800 JavaThread "Daemon health stats" [_thread_blocked, id=19928, stack(0x000000ed1cc00000,0x000000ed1cd00000)]
  0x00000237c151e800 JavaThread "Incoming local TCP Connector on port 51860" [_thread_in_native, id=25828, stack(0x000000ed1cd00000,0x000000ed1ce00000)]
  0x00000237c1c7a000 JavaThread "Daemon periodic checks" [_thread_blocked, id=18616, stack(0x000000ed1ce00000,0x000000ed1cf00000)]
  0x00000237c12c3000 JavaThread "Daemon" [_thread_blocked, id=11876, stack(0x000000ed1cf00000,0x000000ed1d000000)]
  0x00000237c12c4000 JavaThread "Handler for socket connection from /127.0.0.1:51860 to /127.0.0.1:51861" [_thread_in_native, id=14008, stack(0x000000ed1d000000,0x000000ed1d100000)]
  0x00000237c0a5d000 JavaThread "Cancel handler" [_thread_blocked, id=24948, stack(0x000000ed1d100000,0x000000ed1d200000)]
  0x00000237c0d81000 JavaThread "Daemon worker" [_thread_blocked, id=18968, stack(0x000000ed1d200000,0x000000ed1d300000)]
  0x00000237c0d82000 JavaThread "Asynchronous log dispatcher for DefaultDaemonConnection: socket connection from /127.0.0.1:51860 to /127.0.0.1:51861" [_thread_blocked, id=23240, stack(0x000000ed1d300000,0x000000ed1d400000)]
  0x00000237c0f97800 JavaThread "Stdin handler" [_thread_blocked, id=18636, stack(0x000000ed1d400000,0x000000ed1d500000)]
  0x00000237c0f98800 JavaThread "Thread-8" [_thread_blocked, id=25580, stack(0x000000ed1d500000,0x000000ed1d600000)]
  0x00000237c20b6000 JavaThread "Cache worker for file hash cache (C:\Users\Dark Knight\.gradle\caches\6.7.1\fileHashes)" [_thread_blocked, id=7436, stack(0x000000ed1db00000,0x000000ed1dc00000)]
  0x00000237c20b8000 JavaThread "File lock request listener" [_thread_in_native, id=15812, stack(0x000000ed1dc00000,0x000000ed1dd00000)]
  0x00000237c20b2000 JavaThread "Cache worker for journal cache (C:\Users\Dark Knight\.gradle\caches\journal-1)" [_thread_blocked, id=27144, stack(0x000000ed1de00000,0x000000ed1df00000)]
  0x00000237c2426000 JavaThread "C2 CompilerThread1" daemon [_thread_in_native, id=22068, stack(0x000000ed1df00000,0x000000ed1e000000)]
  0x00000237c20b4000 JavaThread "Cache worker for file hash cache (C:\Android Projects\Udemy TUTORIAL\.gradle\6.7.1\fileHashes)" [_thread_blocked, id=26168, stack(0x000000ed1e000000,0x000000ed1e100000)]
  0x00000237c20b8800 JavaThread "Cache worker for checksums cache (C:\Android Projects\Udemy TUTORIAL\.gradle\checksums)" [_thread_blocked, id=26680, stack(0x000000ed1e100000,0x000000ed1e200000)]
  0x00000237c20b7000 JavaThread "Cache worker for cache directory md-supplier (C:\Users\Dark Knight\.gradle\caches\6.7.1\md-supplier)" [_thread_blocked, id=3564, stack(0x000000ed1e200000,0x000000ed1e300000)]
  0x00000237c20b3000 JavaThread "Cache worker for cache directory md-rule (C:\Users\Dark Knight\.gradle\caches\6.7.1\md-rule)" [_thread_blocked, id=12428, stack(0x000000ed1e300000,0x000000ed1e400000)]
  0x00000237c20b4800 JavaThread "Cache worker for execution history cache (C:\Users\Dark Knight\.gradle\caches\6.7.1\executionHistory)" [_thread_blocked, id=27240, stack(0x000000ed1e400000,0x000000ed1e500000)]
  0x00000237c296c800 JavaThread "C2 CompilerThread2" daemon [_thread_in_native, id=11696, stack(0x000000ed1e500000,0x000000ed1e600000)]
  0x00000237c20b5800 JavaThread "jar transforms" [_thread_blocked, id=23148, stack(0x000000ed1e600000,0x000000ed1e700000)]
  0x00000237c6d18800 JavaThread "Cache worker for file content cache (C:\Users\Dark Knight\.gradle\caches\6.7.1\fileContent)" [_thread_blocked, id=23088, stack(0x000000ed1e700000,0x000000ed1e800000)]
  0x00000237c6d1a000 JavaThread "Cache worker for Build Output Cleanup Cache (C:\Android Projects\Udemy TUTORIAL\.gradle\buildOutputCleanup)" [_thread_blocked, id=3216, stack(0x000000ed1e800000,0x000000ed1e900000)]
  0x00000237c6d1d800 JavaThread "Build operations" [_thread_blocked, id=19876, stack(0x000000ed1e900000,0x000000ed1ea00000)]
  0x00000237c6d1f000 JavaThread "Build operations Thread 2" [_thread_blocked, id=21660, stack(0x000000ed1ea00000,0x000000ed1eb00000)]
  0x00000237c6d1b000 JavaThread "Build operations Thread 3" [_thread_blocked, id=3248, stack(0x000000ed1eb00000,0x000000ed1ec00000)]
  0x00000237c6d1f800 JavaThread "Build operations Thread 4" [_thread_blocked, id=2896, stack(0x000000ed1ec00000,0x000000ed1ed00000)]
  0x00000237c6d20800 JavaThread "Build operations Thread 5" [_thread_blocked, id=15888, stack(0x000000ed1ed00000,0x000000ed1ee00000)]
  0x00000237c6d1b800 JavaThread "Build operations Thread 6" [_thread_blocked, id=10236, stack(0x000000ed1ee00000,0x000000ed1ef00000)]
  0x00000237c6d21800 JavaThread "Build operations Thread 7" [_thread_blocked, id=12424, stack(0x000000ed1ef00000,0x000000ed1f000000)]
  0x00000237c6d1c800 JavaThread "Build operations Thread 8" [_thread_blocked, id=27164, stack(0x000000ed1f000000,0x000000ed1f100000)]
  0x00000237c6d22000 JavaThread "jar transforms Thread 2" [_thread_blocked, id=11548, stack(0x000000ed1f100000,0x000000ed1f200000)]
  0x00000237c6d23000 JavaThread "jar transforms Thread 3" [_thread_blocked, id=22708, stack(0x000000ed1f200000,0x000000ed1f300000)]
  0x00000237c6d24000 JavaThread "jar transforms Thread 4" [_thread_blocked, id=4172, stack(0x000000ed1f300000,0x000000ed1f400000)]
  0x00000237c6d1e000 JavaThread "jar transforms Thread 5" [_thread_blocked, id=21444, stack(0x000000ed1f400000,0x000000ed1f500000)]
  0x00000237c6d27000 JavaThread "jar transforms Thread 6" [_thread_blocked, id=22032, stack(0x000000ed1f500000,0x000000ed1f600000)]
  0x00000237c6d24800 JavaThread "jar transforms Thread 7" [_thread_blocked, id=20004, stack(0x000000ed1f600000,0x000000ed1f700000)]
  0x00000237c6d25800 JavaThread "jar transforms Thread 8" [_thread_blocked, id=8376, stack(0x000000ed1f700000,0x000000ed1f800000)]
  0x00000237c6d26800 JavaThread "jar transforms Thread 9" [_thread_blocked, id=26268, stack(0x000000ed1f800000,0x000000ed1f900000)]
  0x00000237c1562000 JavaThread "jar transforms Thread 10" [_thread_blocked, id=1252, stack(0x000000ed1f900000,0x000000ed1fa00000)]
  0x00000237c155f800 JavaThread "jar transforms Thread 11" [_thread_blocked, id=13172, stack(0x000000ed1fa00000,0x000000ed1fb00000)]
  0x00000237c1562800 JavaThread "jar transforms Thread 12" [_thread_blocked, id=18288, stack(0x000000ed1fb00000,0x000000ed1fc00000)]
  0x00000237c1561000 JavaThread "jar transforms Thread 13" [_thread_blocked, id=26340, stack(0x000000ed1fc00000,0x000000ed1fd00000)]
  0x00000237c1563800 JavaThread "jar transforms Thread 14" [_thread_blocked, id=10460, stack(0x000000ed1fd00000,0x000000ed1fe00000)]
  0x00000237c1560800 JavaThread "jar transforms Thread 15" [_thread_blocked, id=21468, stack(0x000000ed1fe00000,0x000000ed1ff00000)]
  0x00000237c1565000 JavaThread "jar transforms Thread 16" [_thread_blocked, id=14824, stack(0x000000ed1ff00000,0x000000ed20000000)]
  0x00000237c1564800 JavaThread "jar transforms Thread 17" [_thread_blocked, id=3788, stack(0x000000ed20000000,0x000000ed20100000)]
  0x00000237c156b800 JavaThread "jar transforms Thread 18" [_thread_blocked, id=27536, stack(0x000000ed20100000,0x000000ed20200000)]
  0x00000237c156a000 JavaThread "jar transforms Thread 19" [_thread_blocked, id=14856, stack(0x000000ed20200000,0x000000ed20300000)]
  0x00000237c1566000 JavaThread "jar transforms Thread 20" [_thread_blocked, id=25464, stack(0x000000ed20300000,0x000000ed20400000)]
  0x00000237c156c800 JavaThread "jar transforms Thread 21" [_thread_blocked, id=20188, stack(0x000000ed20400000,0x000000ed20500000)]
  0x00000237c156b000 JavaThread "jar transforms Thread 22" [_thread_blocked, id=9196, stack(0x000000ed20500000,0x000000ed20600000)]
  0x00000237c1567000 JavaThread "jar transforms Thread 23" [_thread_blocked, id=24876, stack(0x000000ed20600000,0x000000ed20700000)]
  0x00000237c156d800 JavaThread "jar transforms Thread 24" [_thread_blocked, id=23544, stack(0x000000ed20700000,0x000000ed20800000)]
  0x00000237c1567800 JavaThread "jar transforms Thread 25" [_thread_blocked, id=27328, stack(0x000000ed20800000,0x000000ed20900000)]
  0x00000237c1569800 JavaThread "jar transforms Thread 26" [_thread_blocked, id=4564, stack(0x000000ed20900000,0x000000ed20a00000)]
  0x00000237c156e000 JavaThread "jar transforms Thread 27" [_thread_blocked, id=10548, stack(0x000000ed20a00000,0x000000ed20b00000)]
  0x00000237c1568800 JavaThread "jar transforms Thread 28" [_thread_blocked, id=23524, stack(0x000000ed20b00000,0x000000ed20c00000)]
  0x00000237c645d000 JavaThread "jar transforms Thread 29" [_thread_blocked, id=10852, stack(0x000000ed20c00000,0x000000ed20d00000)]
  0x00000237c645e800 JavaThread "jar transforms Thread 30" [_thread_blocked, id=14312, stack(0x000000ed20d00000,0x000000ed20e00000)]
  0x00000237c645f000 JavaThread "jar transforms Thread 31" [_thread_blocked, id=7912, stack(0x000000ed20e00000,0x000000ed20f00000)]
  0x00000237c645d800 JavaThread "jar transforms Thread 32" [_thread_blocked, id=11052, stack(0x000000ed20f00000,0x000000ed21000000)]
  0x00000237c6460000 JavaThread "jar transforms Thread 33" [_thread_blocked, id=13412, stack(0x000000ed21000000,0x000000ed21100000)]
  0x00000237c6461000 JavaThread "jar transforms Thread 34" [_thread_blocked, id=24216, stack(0x000000ed21100000,0x000000ed21200000)]
  0x00000237c645b000 JavaThread "jar transforms Thread 35" [_thread_blocked, id=22776, stack(0x000000ed21200000,0x000000ed21300000)]
  0x00000237c645c000 JavaThread "jar transforms Thread 36" [_thread_blocked, id=21568, stack(0x000000ed21300000,0x000000ed21400000)]
  0x00000237c6462800 JavaThread "jar transforms Thread 37" [_thread_blocked, id=25884, stack(0x000000ed21400000,0x000000ed21500000)]
  0x00000237c6466000 JavaThread "jar transforms Thread 38" [_thread_blocked, id=22380, stack(0x000000ed21500000,0x000000ed21600000)]
  0x00000237c6466800 JavaThread "jar transforms Thread 39" [_thread_blocked, id=13264, stack(0x000000ed21600000,0x000000ed21700000)]
  0x00000237c6463800 JavaThread "jar transforms Thread 40" [_thread_blocked, id=25360, stack(0x000000ed21700000,0x000000ed21800000)]
  0x00000237c6467800 JavaThread "jar transforms Thread 41" [_thread_blocked, id=6540, stack(0x000000ed21800000,0x000000ed21900000)]
  0x00000237c6461800 JavaThread "jar transforms Thread 42" [_thread_blocked, id=26844, stack(0x000000ed21900000,0x000000ed21a00000)]
  0x00000237c6468000 JavaThread "jar transforms Thread 43" [_thread_blocked, id=22696, stack(0x000000ed21a00000,0x000000ed21b00000)]
  0x00000237c6469000 JavaThread "jar transforms Thread 44" [_thread_blocked, id=23188, stack(0x000000ed21b00000,0x000000ed21c00000)]
  0x00000237c646a000 JavaThread "jar transforms Thread 45" [_thread_blocked, id=23688, stack(0x000000ed21c00000,0x000000ed21d00000)]
  0x00000237c6465000 JavaThread "jar transforms Thread 46" [_thread_blocked, id=1836, stack(0x000000ed21d00000,0x000000ed21e00000)]
  0x00000237c6464000 JavaThread "jar transforms Thread 47" [_thread_blocked, id=2696, stack(0x000000ed21e00000,0x000000ed21f00000)]
  0x00000237c0902000 JavaThread "jar transforms Thread 48" [_thread_blocked, id=19960, stack(0x000000ed21f00000,0x000000ed22000000)]
  0x00000237c0907000 JavaThread "jar transforms Thread 49" [_thread_blocked, id=23184, stack(0x000000ed22000000,0x000000ed22100000)]
  0x00000237c0904000 JavaThread "jar transforms Thread 50" [_thread_blocked, id=12212, stack(0x000000ed22100000,0x000000ed22200000)]
  0x00000237c0906800 JavaThread "jar transforms Thread 51" [_thread_blocked, id=21668, stack(0x000000ed22200000,0x000000ed22300000)]
  0x00000237c0908800 JavaThread "jar transforms Thread 52" [_thread_blocked, id=13044, stack(0x000000ed22300000,0x000000ed22400000)]
  0x00000237c0904800 JavaThread "jar transforms Thread 53" [_thread_blocked, id=19872, stack(0x000000ed22400000,0x000000ed22500000)]
  0x00000237c0905800 JavaThread "jar transforms Thread 54" [_thread_blocked, id=21724, stack(0x000000ed22500000,0x000000ed22600000)]
  0x00000237c0908000 JavaThread "jar transforms Thread 55" [_thread_blocked, id=11796, stack(0x000000ed22600000,0x000000ed22700000)]
  0x00000237c0903000 JavaThread "jar transforms Thread 56" [_thread_blocked, id=16572, stack(0x000000ed22700000,0x000000ed22800000)]
  0x00000237c090f800 JavaThread "jar transforms Thread 57" [_thread_blocked, id=26088, stack(0x000000ed22800000,0x000000ed22900000)]
  0x00000237c090d800 JavaThread "jar transforms Thread 58" [_thread_blocked, id=4840, stack(0x000000ed22900000,0x000000ed22a00000)]
  0x00000237c0909800 JavaThread "jar transforms Thread 59" [_thread_blocked, id=25880, stack(0x000000ed22a00000,0x000000ed22b00000)]
  0x00000237c090b000 JavaThread "jar transforms Thread 60" [_thread_blocked, id=18384, stack(0x000000ed22b00000,0x000000ed22c00000)]
  0x00000237c0910000 JavaThread "jar transforms Thread 61" [_thread_blocked, id=17412, stack(0x000000ed22c00000,0x000000ed22d00000)]
  0x00000237c090a800 JavaThread "jar transforms Thread 62" [_thread_blocked, id=22520, stack(0x000000ed22d00000,0x000000ed22e00000)]
  0x00000237c0911000 JavaThread "jar transforms Thread 63" [_thread_blocked, id=24936, stack(0x000000ed22e00000,0x000000ed22f00000)]
  0x00000237c090e800 JavaThread "jar transforms Thread 64" [_thread_blocked, id=4760, stack(0x000000ed22f00000,0x000000ed23000000)]
  0x00000237c090d000 JavaThread "jar transforms Thread 65" [_thread_blocked, id=23496, stack(0x000000ed23000000,0x000000ed23100000)]
  0x00000237c090c000 JavaThread "jar transforms Thread 66" [_thread_blocked, id=5324, stack(0x000000ed23100000,0x000000ed23200000)]
  0x00000237c5828000 JavaThread "jar transforms Thread 67" [_thread_blocked, id=17952, stack(0x000000ed23200000,0x000000ed23300000)]
  0x00000237c582b800 JavaThread "jar transforms Thread 68" [_thread_blocked, id=25536, stack(0x000000ed23300000,0x000000ed23400000)]
  0x00000237c582e800 JavaThread "jar transforms Thread 69" [_thread_blocked, id=23948, stack(0x000000ed23400000,0x000000ed23500000)]
  0x00000237c582e000 JavaThread "jar transforms Thread 70" [_thread_blocked, id=19868, stack(0x000000ed23500000,0x000000ed23600000)]
  0x00000237c582c000 JavaThread "jar transforms Thread 71" [_thread_blocked, id=15792, stack(0x000000ed23600000,0x000000ed23700000)]
  0x00000237c5829000 JavaThread "jar transforms Thread 72" [_thread_blocked, id=8200, stack(0x000000ed23700000,0x000000ed23800000)]
  0x00000237c5829800 JavaThread "jar transforms Thread 73" [_thread_blocked, id=4628, stack(0x000000ed23800000,0x000000ed23900000)]
  0x00000237c582f800 JavaThread "jar transforms Thread 74" [_thread_blocked, id=21588, stack(0x000000ed23900000,0x000000ed23a00000)]
  0x00000237c582a800 JavaThread "jar transforms Thread 75" [_thread_blocked, id=20880, stack(0x000000ed23a00000,0x000000ed23b00000)]
  0x00000237c5830000 JavaThread "jar transforms Thread 76" [_thread_blocked, id=25628, stack(0x000000ed23b00000,0x000000ed23c00000)]
  0x00000237c5831000 JavaThread "jar transforms Thread 77" [_thread_blocked, id=26508, stack(0x000000ed23c00000,0x000000ed23d00000)]
  0x00000237c5832000 JavaThread "jar transforms Thread 78" [_thread_blocked, id=19888, stack(0x000000ed23d00000,0x000000ed23e00000)]
  0x00000237c5832800 JavaThread "jar transforms Thread 79" [_thread_blocked, id=4320, stack(0x000000ed23e00000,0x000000ed23f00000)]
  0x00000237c582d000 JavaThread "jar transforms Thread 80" [_thread_blocked, id=3300, stack(0x000000ed23f00000,0x000000ed24000000)]
  0x00000237c5835000 JavaThread "jar transforms Thread 81" [_thread_blocked, id=25072, stack(0x000000ed24000000,0x000000ed24100000)]
  0x00000237c5836000 JavaThread "jar transforms Thread 82" [_thread_blocked, id=12960, stack(0x000000ed24100000,0x000000ed24200000)]
  0x00000237c5837000 JavaThread "jar transforms Thread 83" [_thread_blocked, id=27384, stack(0x000000ed24200000,0x000000ed24300000)]
  0x00000237c5833800 JavaThread "jar transforms Thread 84" [_thread_blocked, id=4228, stack(0x000000ed24300000,0x000000ed24400000)]
  0x00000237c5834800 JavaThread "jar transforms Thread 85" [_thread_blocked, id=15296, stack(0x000000ed24400000,0x000000ed24500000)]
  0x00000237c5ff4000 JavaThread "jar transforms Thread 86" [_thread_blocked, id=13828, stack(0x000000ed24500000,0x000000ed24600000)]
  0x00000237c5ff5000 JavaThread "jar transforms Thread 87" [_thread_blocked, id=18784, stack(0x000000ed24600000,0x000000ed24700000)]
  0x00000237c5ff6800 JavaThread "jar transforms Thread 88" [_thread_blocked, id=25900, stack(0x000000ed24700000,0x000000ed24800000)]
  0x00000237c5ff6000 JavaThread "jar transforms Thread 89" [_thread_blocked, id=9232, stack(0x000000ed24800000,0x000000ed24900000)]
  0x00000237c5ff7800 JavaThread "jar transforms Thread 90" [_thread_blocked, id=25456, stack(0x000000ed24900000,0x000000ed24a00000)]
  0x00000237c5ff1800 JavaThread "jar transforms Thread 91" [_thread_blocked, id=25712, stack(0x000000ed24a00000,0x000000ed24b00000)]
  0x00000237c5ff8000 JavaThread "jar transforms Thread 92" [_thread_blocked, id=19560, stack(0x000000ed24b00000,0x000000ed24c00000)]
  0x00000237c5ff2800 JavaThread "jar transforms Thread 93" [_thread_blocked, id=21288, stack(0x000000ed24c00000,0x000000ed24d00000)]
  0x00000237c5ff9000 JavaThread "jar transforms Thread 94" [_thread_blocked, id=26672, stack(0x000000ed24d00000,0x000000ed24e00000)]
  0x00000237c5ff3800 JavaThread "jar transforms Thread 95" [_thread_blocked, id=11508, stack(0x000000ed24e00000,0x000000ed24f00000)]
  0x00000237c5ffb800 JavaThread "jar transforms Thread 96" [_thread_blocked, id=3632, stack(0x000000ed24f00000,0x000000ed25000000)]
  0x00000237c5ffe000 JavaThread "jar transforms Thread 97" [_thread_blocked, id=27052, stack(0x000000ed25000000,0x000000ed25100000)]
  0x00000237c5ffe800 JavaThread "jar transforms Thread 98" [_thread_blocked, id=23704, stack(0x000000ed25100000,0x000000ed25200000)]
  0x00000237c5fff800 JavaThread "jar transforms Thread 99" [_thread_blocked, id=9996, stack(0x000000ed25200000,0x000000ed25300000)]
  0x00000237c5ffa000 JavaThread "jar transforms Thread 100" [_thread_blocked, id=22364, stack(0x000000ed25300000,0x000000ed25400000)]
  0x00000237c6000800 JavaThread "jar transforms Thread 101" [_thread_blocked, id=27564, stack(0x000000ed25400000,0x000000ed25500000)]
  0x00000237c5ffc800 JavaThread "jar transforms Thread 102" [_thread_blocked, id=4632, stack(0x000000ed25500000,0x000000ed25600000)]
  0x00000237c5ffd000 JavaThread "jar transforms Thread 103" [_thread_blocked, id=19444, stack(0x000000ed25600000,0x000000ed25700000)]
  0x00000237c5ffa800 JavaThread "jar transforms Thread 104" [_thread_blocked, id=6232, stack(0x000000ed25700000,0x000000ed25800000)]
  0x00000237c5eea800 JavaThread "jar transforms Thread 105" [_thread_blocked, id=12916, stack(0x000000ed25800000,0x000000ed25900000)]
  0x00000237c5eed800 JavaThread "jar transforms Thread 106" [_thread_blocked, id=24120, stack(0x000000ed25900000,0x000000ed25a00000)]
  0x00000237c5eed000 JavaThread "jar transforms Thread 107" [_thread_blocked, id=8292, stack(0x000000ed25a00000,0x000000ed25b00000)]
  0x00000237c5ee9800 JavaThread "jar transforms Thread 108" [_thread_blocked, id=17120, stack(0x000000ed25b00000,0x000000ed25c00000)]
  0x00000237c5eec000 JavaThread "jar transforms Thread 109" [_thread_blocked, id=26516, stack(0x000000ed25c00000,0x000000ed25d00000)]
  0x00000237c5eee800 JavaThread "jar transforms Thread 110" [_thread_blocked, id=15628, stack(0x000000ed25d00000,0x000000ed25e00000)]
  0x00000237c5eef000 JavaThread "jar transforms Thread 111" [_thread_blocked, id=11644, stack(0x000000ed25e00000,0x000000ed25f00000)]
  0x00000237c5ef0000 JavaThread "jar transforms Thread 112" [_thread_blocked, id=20548, stack(0x000000ed25f00000,0x000000ed26000000)]
  0x00000237c5ef1000 JavaThread "jar transforms Thread 113" [_thread_blocked, id=17112, stack(0x000000ed26000000,0x000000ed26100000)]
  0x00000237c5eeb000 JavaThread "jar transforms Thread 114" [_thread_blocked, id=15288, stack(0x000000ed26100000,0x000000ed26200000)]
  0x00000237c5ef7800 JavaThread "jar transforms Thread 115" [_thread_blocked, id=10576, stack(0x000000ed26200000,0x000000ed26300000)]
  0x00000237c5ef6000 JavaThread "jar transforms Thread 116" [_thread_blocked, id=22052, stack(0x000000ed26300000,0x000000ed26400000)]
  0x00000237c5ef3800 JavaThread "jar transforms Thread 117" [_thread_blocked, id=26948, stack(0x000000ed26400000,0x000000ed26500000)]
  0x00000237c5ef5000 JavaThread "jar transforms Thread 118" [_thread_blocked, id=18664, stack(0x000000ed26500000,0x000000ed26600000)]
  0x00000237c5ef1800 JavaThread "jar transforms Thread 119" [_thread_blocked, id=23836, stack(0x000000ed26600000,0x000000ed26700000)]
  0x00000237c5ef6800 JavaThread "Memory manager" [_thread_blocked, id=14276, stack(0x000000ed26700000,0x000000ed26800000)]
  0x00000237c5ef4000 JavaThread "build event listener" [_thread_blocked, id=26996, stack(0x000000ed26800000,0x000000ed26900000)]
  0x00000237c5ef8000 JavaThread "build event listener" [_thread_blocked, id=26960, stack(0x000000ed26900000,0x000000ed26a00000)]
  0x00000237c5ef2800 JavaThread "pool-3-thread-1" [_thread_blocked, id=24748, stack(0x000000ed26a00000,0x000000ed26b00000)]
  0x00000237c38a4800 JavaThread "build event listener" [_thread_blocked, id=27180, stack(0x000000ed26b00000,0x000000ed26c00000)]
  0x00000237c38a2800 JavaThread "Execution worker for ':'" [_thread_blocked, id=17068, stack(0x000000ed26c00000,0x000000ed26d00000)]
  0x00000237c38a4000 JavaThread "Execution worker for ':' Thread 2" [_thread_blocked, id=15104, stack(0x000000ed26d00000,0x000000ed26e00000)]
  0x00000237c389f000 JavaThread "Execution worker for ':' Thread 3" [_thread_blocked, id=17136, stack(0x000000ed26e00000,0x000000ed26f00000)]
  0x00000237c38a3000 JavaThread "Execution worker for ':' Thread 4" [_thread_blocked, id=20976, stack(0x000000ed26f00000,0x000000ed27000000)]
  0x00000237c38a5800 JavaThread "Execution worker for ':' Thread 5" [_thread_blocked, id=21820, stack(0x000000ed27000000,0x000000ed27100000)]
  0x00000237c38a0000 JavaThread "Execution worker for ':' Thread 6" [_thread_blocked, id=26512, stack(0x000000ed27100000,0x000000ed27200000)]
  0x00000237c38a1800 JavaThread "Execution worker for ':' Thread 7" [_thread_blocked, id=17404, stack(0x000000ed27200000,0x000000ed27300000)]
  0x00000237c38a6800 JavaThread "Cache worker for execution history cache (C:\Android Projects\Udemy TUTORIAL\.gradle\6.7.1\executionHistory)" [_thread_blocked, id=22608, stack(0x000000ed27300000,0x000000ed27400000)]
  0x00000237c38a0800 JavaThread "WorkerExecutor Queue" [_thread_blocked, id=17716, stack(0x000000ed27400000,0x000000ed27500000)]
  0x00000237c38a8000 JavaThread "WorkerExecutor Queue Thread 2" [_thread_blocked, id=14036, stack(0x000000ed27500000,0x000000ed27600000)]
  0x00000237c38ad000 JavaThread "WorkerExecutor Queue Thread 3" [_thread_blocked, id=22020, stack(0x000000ed27600000,0x000000ed27700000)]
  0x00000237c38aa800 JavaThread "WorkerExecutor Queue Thread 4" [_thread_blocked, id=21268, stack(0x000000ed27700000,0x000000ed27800000)]
  0x00000237c38ab000 JavaThread "pool-4-thread-1" [_thread_blocked, id=412, stack(0x000000ed27800000,0x000000ed27900000)]
  0x00000237c38ac000 JavaThread "stderr" [_thread_in_native, id=22092, stack(0x000000ed27900000,0x000000ed27a00000)]
  0x00000237c38a7000 JavaThread "stdout" [_thread_in_native, id=20348, stack(0x000000ed27a00000,0x000000ed27b00000)]
  0x00000237c38a9000 JavaThread "ForkJoinPool-1-worker-3" daemon [_thread_blocked, id=26220, stack(0x000000ed27b00000,0x000000ed27c00000)]
  0x00000237c38ad800 JavaThread "ForkJoinPool-1-worker-5" daemon [_thread_blocked, id=1360, stack(0x000000ed27c00000,0x000000ed27d00000)]
  0x00000237c38a9800 JavaThread "ForkJoinPool-1-worker-7" daemon [_thread_in_Java, id=11408, stack(0x000000ed27d00000,0x000000ed27e00000)]
  0x00000237cb084800 JavaThread "ForkJoinPool-1-worker-9" daemon [_thread_blocked, id=26480, stack(0x000000ed27e00000,0x000000ed27f00000)]
  0x00000237cb088800 JavaThread "ForkJoinPool-1-worker-11" daemon [_thread_in_Java, id=21140, stack(0x000000ed27f00000,0x000000ed28000000)]
  0x00000237cb08a000 JavaThread "ForkJoinPool-1-worker-13" daemon [_thread_in_Java, id=21204, stack(0x000000ed28000000,0x000000ed28100000)]
  0x00000237cb08b000 JavaThread "ForkJoinPool-1-worker-15" daemon [_thread_in_Java, id=14904, stack(0x000000ed28100000,0x000000ed28200000)]
  0x00000237cb089800 JavaThread "ForkJoinPool-1-worker-1" daemon [_thread_blocked, id=24484, stack(0x000000ed28200000,0x000000ed28300000)]

Other Threads:
  0x00000237bf2df800 VMThread "VM Thread" [stack: 0x000000ed1bd00000,0x000000ed1be00000] [id=24776]
  0x00000237bfdb5000 WatcherThread [stack: 0x000000ed1c700000,0x000000ed1c800000] [id=17152]
  0x00000237a5004000 GCTaskThread "GC Thread#0" [stack: 0x000000ed1b800000,0x000000ed1b900000] [id=25332]
  0x00000237c088f800 GCTaskThread "GC Thread#1" [stack: 0x000000ed1ca00000,0x000000ed1cb00000] [id=27192]
  0x00000237c0890800 GCTaskThread "GC Thread#2" [stack: 0x000000ed1cb00000,0x000000ed1cc00000] [id=4780]
  0x00000237c1d17000 GCTaskThread "GC Thread#3" [stack: 0x000000ed1d600000,0x000000ed1d700000] [id=26376]
  0x00000237c1b9b000 GCTaskThread "GC Thread#4" [stack: 0x000000ed1d700000,0x000000ed1d800000] [id=25228]
  0x00000237c043d000 GCTaskThread "GC Thread#5" [stack: 0x000000ed1d800000,0x000000ed1d900000] [id=24136]
  0x00000237c16d7000 GCTaskThread "GC Thread#6" [stack: 0x000000ed1d900000,0x000000ed1da00000] [id=14372]
  0x00000237c11a7000 GCTaskThread "GC Thread#7" [stack: 0x000000ed1da00000,0x000000ed1db00000] [id=11948]
  0x00000237a5035000 ConcurrentGCThread "G1 Main Marker" [stack: 0x000000ed1b900000,0x000000ed1ba00000] [id=24020]
  0x00000237a5037800 ConcurrentGCThread "G1 Conc#0" [stack: 0x000000ed1ba00000,0x000000ed1bb00000] [id=24668]
  0x00000237c1f92800 ConcurrentGCThread "G1 Conc#1" [stack: 0x000000ed1dd00000,0x000000ed1de00000] [id=11620]
  0x00000237bf130800 ConcurrentGCThread "G1 Refine#0" [stack: 0x000000ed1bb00000,0x000000ed1bc00000] [id=23432]
  0x00000237c7075000 ConcurrentGCThread "G1 Refine#1" [stack: 0x000000ed28300000,0x000000ed28400000] [id=26240]
  0x00000237c7078000 ConcurrentGCThread "G1 Refine#2" [stack: 0x000000ed28400000,0x000000ed28500000] [id=17484]
  0x00000237c7077000 ConcurrentGCThread "G1 Refine#3" [stack: 0x000000ed28500000,0x000000ed28600000] [id=3644]
  0x00000237c7078800 ConcurrentGCThread "G1 Refine#4" [stack: 0x000000ed28600000,0x000000ed28700000] [id=17248]
  0x00000237c7075800 ConcurrentGCThread "G1 Refine#5" [stack: 0x000000ed28700000,0x000000ed28800000] [id=13728]
  0x00000237bf131000 ConcurrentGCThread "G1 Young RemSet Sampling" [stack: 0x000000ed1bc00000,0x000000ed1bd00000] [id=15028]

Threads with active compile tasks:
C2 CompilerThread0  13440 9436 %     4       com.android.tools.r8.dex.n::m @ 64 (2054 bytes)
C2 CompilerThread1  13440 9915       4       com.android.tools.r8.dex.n$d::a (102 bytes)
C2 CompilerThread2  13440 9728       4       com.android.tools.r8.code.x1::a (4137 bytes)

VM state:not at safepoint (normal execution)

VM Mutex/Monitor currently owned by a thread: None

Heap address: 0x0000000080000000, size: 2048 MB, Compressed Oops mode: 32-bit
Narrow klass base: 0x0000000000000000, Narrow klass shift: 3
Compressed class space size: 1073741824 Address: 0x0000000100000000

Heap:
 garbage-first heap   total 235520K, used 147341K [0x0000000080000000, 0x0000000100000000)
  region size 1024K, 25 young (25600K), 6 survivors (6144K)
 Metaspace       used 88905K, capacity 90905K, committed 91212K, reserved 1128448K
  class space    used 11600K, capacity 12320K, committed 12416K, reserved 1048576K
Heap Regions: E=young(eden), S=young(survivor), O=old, HS=humongous(starts), HC=humongous(continues), CS=collection set, F=free, A=archive, TAMS=top-at-mark-start (previous, next)
|   0|0x0000000080000000, 0x0000000080100000, 0x0000000080100000|100%| O|  |TAMS 0x0000000080100000, 0x0000000080000000| Untracked 
|   1|0x0000000080100000, 0x0000000080200000, 0x0000000080200000|100%| O|  |TAMS 0x0000000080200000, 0x0000000080100000| Untracked 
|   2|0x0000000080200000, 0x0000000080300000, 0x0000000080300000|100%| O|  |TAMS 0x0000000080300000, 0x0000000080200000| Untracked 
|   3|0x0000000080300000, 0x0000000080400000, 0x0000000080400000|100%|HS|  |TAMS 0x0000000080400000, 0x0000000080300000| Complete 
|   4|0x0000000080400000, 0x0000000080500000, 0x0000000080500000|100%|HC|  |TAMS 0x0000000080500000, 0x0000000080400000| Complete 
|   5|0x0000000080500000, 0x0000000080600000, 0x0000000080600000|100%|HC|  |TAMS 0x0000000080600000, 0x0000000080500000| Complete 
|   6|0x0000000080600000, 0x0000000080700000, 0x0000000080700000|100%| O|  |TAMS 0x0000000080700000, 0x0000000080600000| Untracked 
|   7|0x0000000080700000, 0x0000000080800000, 0x0000000080800000|100%| O|  |TAMS 0x0000000080800000, 0x0000000080700000| Untracked 
|   8|0x0000000080800000, 0x0000000080900000, 0x0000000080900000|100%| O|  |TAMS 0x0000000080900000, 0x0000000080800000| Untracked 
|   9|0x0000000080900000, 0x0000000080a00000, 0x0000000080a00000|100%| O|  |TAMS 0x0000000080a00000, 0x0000000080900000| Untracked 
|  10|0x0000000080a00000, 0x0000000080b00000, 0x0000000080b00000|100%| O|  |TAMS 0x0000000080b00000, 0x0000000080a00000| Untracked 
|  11|0x0000000080b00000, 0x0000000080c00000, 0x0000000080c00000|100%| O|  |TAMS 0x0000000080c00000, 0x0000000080b00000| Untracked 
|  12|0x0000000080c00000, 0x0000000080d00000, 0x0000000080d00000|100%| O|  |TAMS 0x0000000080d00000, 0x0000000080c00000| Untracked 
|  13|0x0000000080d00000, 0x0000000080e00000, 0x0000000080e00000|100%| O|  |TAMS 0x0000000080e00000, 0x0000000080d00000| Untracked 
|  14|0x0000000080e00000, 0x0000000080f00000, 0x0000000080f00000|100%| O|  |TAMS 0x0000000080f00000, 0x0000000080e00000| Untracked 
|  15|0x0000000080f00000, 0x0000000081000000, 0x0000000081000000|100%| O|  |TAMS 0x0000000081000000, 0x0000000080f00000| Untracked 
|  16|0x0000000081000000, 0x0000000081100000, 0x0000000081100000|100%| O|  |TAMS 0x0000000081100000, 0x0000000081000000| Untracked 
|  17|0x0000000081100000, 0x0000000081200000, 0x0000000081200000|100%| O|  |TAMS 0x0000000081200000, 0x0000000081100000| Untracked 
|  18|0x0000000081200000, 0x0000000081300000, 0x0000000081300000|100%|HS|  |TAMS 0x0000000081300000, 0x0000000081200000| Complete 
|  19|0x0000000081300000, 0x0000000081400000, 0x0000000081400000|100%| O|  |TAMS 0x0000000081400000, 0x0000000081300000| Untracked 
|  20|0x0000000081400000, 0x0000000081500000, 0x0000000081500000|100%| O|  |TAMS 0x0000000081500000, 0x0000000081400000| Untracked 
|  21|0x0000000081500000, 0x0000000081600000, 0x0000000081600000|100%| O|  |TAMS 0x0000000081600000, 0x0000000081500000| Untracked 
|  22|0x0000000081600000, 0x0000000081700000, 0x0000000081700000|100%|HS|  |TAMS 0x0000000081700000, 0x0000000081600000| Complete 
|  23|0x0000000081700000, 0x0000000081800000, 0x0000000081800000|100%|HS|  |TAMS 0x0000000081800000, 0x0000000081700000| Complete 
|  24|0x0000000081800000, 0x0000000081900000, 0x0000000081900000|100%|HC|  |TAMS 0x0000000081900000, 0x0000000081800000| Complete 
|  25|0x0000000081900000, 0x0000000081a00000, 0x0000000081a00000|100%|HC|  |TAMS 0x0000000081a00000, 0x0000000081900000| Complete 
|  26|0x0000000081a00000, 0x0000000081b00000, 0x0000000081b00000|100%|HS|  |TAMS 0x0000000081b00000, 0x0000000081a00000| Complete 
|  27|0x0000000081b00000, 0x0000000081c00000, 0x0000000081c00000|100%|HC|  |TAMS 0x0000000081c00000, 0x0000000081b00000| Complete 
|  28|0x0000000081c00000, 0x0000000081d00000, 0x0000000081d00000|100%| O|  |TAMS 0x0000000081d00000, 0x0000000081c00000| Untracked 
|  29|0x0000000081d00000, 0x0000000081e00000, 0x0000000081e00000|100%| O|  |TAMS 0x0000000081e00000, 0x0000000081d00000| Untracked 
|  30|0x0000000081e00000, 0x0000000081f00000, 0x0000000081f00000|100%| O|  |TAMS 0x0000000081f00000, 0x0000000081e00000| Untracked 
|  31|0x0000000081f00000, 0x0000000082000000, 0x0000000082000000|100%| O|  |TAMS 0x0000000082000000, 0x0000000081f00000| Untracked 
|  32|0x0000000082000000, 0x0000000082100000, 0x0000000082100000|100%| O|  |TAMS 0x0000000082100000, 0x0000000082000000| Untracked 
|  33|0x0000000082100000, 0x0000000082200000, 0x0000000082200000|100%| O|  |TAMS 0x0000000082200000, 0x0000000082100000| Untracked 
|  34|0x0000000082200000, 0x0000000082300000, 0x0000000082300000|100%| O|  |TAMS 0x0000000082300000, 0x0000000082200000| Untracked 
|  35|0x0000000082300000, 0x0000000082400000, 0x0000000082400000|100%| O|  |TAMS 0x0000000082400000, 0x0000000082300000| Untracked 
|  36|0x0000000082400000, 0x0000000082500000, 0x0000000082500000|100%| O|  |TAMS 0x0000000082500000, 0x0000000082400000| Untracked 
|  37|0x0000000082500000, 0x0000000082600000, 0x0000000082600000|100%| O|  |TAMS 0x0000000082600000, 0x0000000082500000| Untracked 
|  38|0x0000000082600000, 0x0000000082700000, 0x0000000082700000|100%| O|  |TAMS 0x0000000082700000, 0x0000000082600000| Untracked 
|  39|0x0000000082700000, 0x0000000082800000, 0x0000000082800000|100%| O|  |TAMS 0x0000000082800000, 0x0000000082700000| Untracked 
|  40|0x0000000082800000, 0x0000000082900000, 0x0000000082900000|100%| O|  |TAMS 0x0000000082900000, 0x0000000082800000| Untracked 
|  41|0x0000000082900000, 0x0000000082a00000, 0x0000000082a00000|100%| O|  |TAMS 0x0000000082a00000, 0x0000000082900000| Untracked 
|  42|0x0000000082a00000, 0x0000000082b00000, 0x0000000082b00000|100%| O|  |TAMS 0x0000000082b00000, 0x0000000082a00000| Untracked 
|  43|0x0000000082b00000, 0x0000000082c00000, 0x0000000082c00000|100%| O|  |TAMS 0x0000000082c00000, 0x0000000082b00000| Untracked 
|  44|0x0000000082c00000, 0x0000000082d00000, 0x0000000082d00000|100%| O|  |TAMS 0x0000000082d00000, 0x0000000082c00000| Untracked 
|  45|0x0000000082d00000, 0x0000000082e00000, 0x0000000082e00000|100%| O|  |TAMS 0x0000000082e00000, 0x0000000082d00000| Untracked 
|  46|0x0000000082e00000, 0x0000000082f00000, 0x0000000082f00000|100%| O|  |TAMS 0x0000000082f00000, 0x0000000082e00000| Untracked 
|  47|0x0000000082f00000, 0x0000000083000000, 0x0000000083000000|100%| O|  |TAMS 0x0000000083000000, 0x0000000082f00000| Untracked 
|  48|0x0000000083000000, 0x0000000083100000, 0x0000000083100000|100%| O|  |TAMS 0x0000000083100000, 0x0000000083000000| Untracked 
|  49|0x0000000083100000, 0x0000000083200000, 0x0000000083200000|100%| O|  |TAMS 0x0000000083200000, 0x0000000083100000| Untracked 
|  50|0x0000000083200000, 0x0000000083300000, 0x0000000083300000|100%| O|  |TAMS 0x0000000083300000, 0x0000000083200000| Untracked 
|  51|0x0000000083300000, 0x0000000083400000, 0x0000000083400000|100%| O|  |TAMS 0x0000000083400000, 0x0000000083300000| Untracked 
|  52|0x0000000083400000, 0x0000000083500000, 0x0000000083500000|100%| O|  |TAMS 0x0000000083500000, 0x0000000083400000| Untracked 
|  53|0x0000000083500000, 0x0000000083600000, 0x0000000083600000|100%| O|  |TAMS 0x0000000083600000, 0x0000000083500000| Untracked 
|  54|0x0000000083600000, 0x0000000083700000, 0x0000000083700000|100%| O|  |TAMS 0x0000000083700000, 0x0000000083600000| Untracked 
|  55|0x0000000083700000, 0x0000000083800000, 0x0000000083800000|100%| O|  |TAMS 0x0000000083800000, 0x0000000083700000| Untracked 
|  56|0x0000000083800000, 0x0000000083900000, 0x0000000083900000|100%| O|  |TAMS 0x0000000083900000, 0x0000000083800000| Untracked 
|  57|0x0000000083900000, 0x0000000083a00000, 0x0000000083a00000|100%| O|  |TAMS 0x0000000083a00000, 0x0000000083900000| Untracked 
|  58|0x0000000083a00000, 0x0000000083b00000, 0x0000000083b00000|100%| O|  |TAMS 0x0000000083b00000, 0x0000000083a00000| Untracked 
|  59|0x0000000083b00000, 0x0000000083c00000, 0x0000000083c00000|100%| O|  |TAMS 0x0000000083c00000, 0x0000000083b00000| Untracked 
|  60|0x0000000083c00000, 0x0000000083d00000, 0x0000000083d00000|100%| O|  |TAMS 0x0000000083d00000, 0x0000000083c00000| Untracked 
|  61|0x0000000083d00000, 0x0000000083e00000, 0x0000000083e00000|100%| O|  |TAMS 0x0000000083e00000, 0x0000000083d00000| Untracked 
|  62|0x0000000083e00000, 0x0000000083f00000, 0x0000000083f00000|100%|HS|  |TAMS 0x0000000083f00000, 0x0000000083e00000| Complete 
|  63|0x0000000083f00000, 0x0000000084000000, 0x0000000084000000|100%|HC|  |TAMS 0x0000000084000000, 0x0000000083f00000| Complete 
|  64|0x0000000084000000, 0x0000000084100000, 0x0000000084100000|100%|HC|  |TAMS 0x0000000084100000, 0x0000000084000000| Complete 
|  65|0x0000000084100000, 0x0000000084200000, 0x0000000084200000|100%|HS|  |TAMS 0x0000000084200000, 0x0000000084100000| Complete 
|  66|0x0000000084200000, 0x0000000084300000, 0x0000000084300000|100%|HC|  |TAMS 0x0000000084300000, 0x0000000084200000| Complete 
|  67|0x0000000084300000, 0x0000000084400000, 0x0000000084400000|100%|HS|  |TAMS 0x0000000084400000, 0x0000000084300000| Complete 
|  68|0x0000000084400000, 0x0000000084500000, 0x0000000084500000|100%|HS|  |TAMS 0x0000000084500000, 0x0000000084400000| Complete 
|  69|0x0000000084500000, 0x0000000084600000, 0x0000000084600000|100%|HS|  |TAMS 0x0000000084600000, 0x0000000084500000| Complete 
|  70|0x0000000084600000, 0x0000000084700000, 0x0000000084700000|100%|HS|  |TAMS 0x0000000084700000, 0x0000000084600000| Complete 
|  71|0x0000000084700000, 0x0000000084800000, 0x0000000084800000|100%|HS|  |TAMS 0x0000000084700000, 0x0000000084700000| Complete 
|  72|0x0000000084800000, 0x0000000084900000, 0x0000000084900000|100%|HS|  |TAMS 0x0000000084900000, 0x0000000084800000| Complete 
|  73|0x0000000084900000, 0x0000000084a00000, 0x0000000084a00000|100%|HS|  |TAMS 0x0000000084a00000, 0x0000000084900000| Complete 
|  74|0x0000000084a00000, 0x0000000084b00000, 0x0000000084b00000|100%|HC|  |TAMS 0x0000000084b00000, 0x0000000084a00000| Complete 
|  75|0x0000000084b00000, 0x0000000084c00000, 0x0000000084c00000|100%|HC|  |TAMS 0x0000000084c00000, 0x0000000084b00000| Complete 
|  76|0x0000000084c00000, 0x0000000084d00000, 0x0000000084d00000|100%| O|  |TAMS 0x0000000084d00000, 0x0000000084c00000| Untracked 
|  77|0x0000000084d00000, 0x0000000084e00000, 0x0000000084e00000|100%| O|  |TAMS 0x0000000084e00000, 0x0000000084d00000| Untracked 
|  78|0x0000000084e00000, 0x0000000084f00000, 0x0000000084f00000|100%|HS|  |TAMS 0x0000000084f00000, 0x0000000084e00000| Complete 
|  79|0x0000000084f00000, 0x0000000085000000, 0x0000000085000000|100%|HC|  |TAMS 0x0000000085000000, 0x0000000084f00000| Complete 
|  80|0x0000000085000000, 0x0000000085100000, 0x0000000085100000|100%| O|  |TAMS 0x0000000085100000, 0x0000000085000000| Untracked 
|  81|0x0000000085100000, 0x0000000085200000, 0x0000000085200000|100%|HS|  |TAMS 0x0000000085200000, 0x0000000085100000| Complete 
|  82|0x0000000085200000, 0x0000000085300000, 0x0000000085300000|100%| O|  |TAMS 0x0000000085200000, 0x0000000085200000| Untracked 
|  83|0x0000000085300000, 0x0000000085400000, 0x0000000085400000|100%| O|  |TAMS 0x0000000085400000, 0x0000000085300000| Untracked 
|  84|0x0000000085400000, 0x0000000085500000, 0x0000000085500000|100%| O|  |TAMS 0x0000000085500000, 0x0000000085400000| Untracked 
|  85|0x0000000085500000, 0x0000000085600000, 0x0000000085600000|100%| O|  |TAMS 0x0000000085600000, 0x0000000085500000| Untracked 
|  86|0x0000000085600000, 0x0000000085700000, 0x0000000085700000|100%| O|  |TAMS 0x0000000085700000, 0x0000000085600000| Untracked 
|  87|0x0000000085700000, 0x0000000085800000, 0x0000000085800000|100%| O|  |TAMS 0x0000000085800000, 0x0000000085700000| Untracked 
|  88|0x0000000085800000, 0x0000000085900000, 0x0000000085900000|100%| O|  |TAMS 0x0000000085900000, 0x0000000085800000| Untracked 
|  89|0x0000000085900000, 0x0000000085a00000, 0x0000000085a00000|100%| O|  |TAMS 0x0000000085a00000, 0x0000000085900000| Untracked 
|  90|0x0000000085a00000, 0x0000000085b00000, 0x0000000085b00000|100%| O|  |TAMS 0x0000000085b00000, 0x0000000085a00000| Untracked 
|  91|0x0000000085b00000, 0x0000000085c00000, 0x0000000085c00000|100%| O|  |TAMS 0x0000000085c00000, 0x0000000085b00000| Untracked 
|  92|0x0000000085c00000, 0x0000000085d00000, 0x0000000085d00000|100%| O|  |TAMS 0x0000000085d00000, 0x0000000085c00000| Untracked 
|  93|0x0000000085d00000, 0x0000000085e00000, 0x0000000085e00000|100%| O|  |TAMS 0x0000000085e00000, 0x0000000085d00000| Untracked 
|  94|0x0000000085e00000, 0x0000000085f00000, 0x0000000085f00000|100%| O|  |TAMS 0x0000000085f00000, 0x0000000085e00000| Untracked 
|  95|0x0000000085f00000, 0x0000000086000000, 0x0000000086000000|100%| O|  |TAMS 0x0000000086000000, 0x0000000085f00000| Untracked 
|  96|0x0000000086000000, 0x0000000086100000, 0x0000000086100000|100%| O|  |TAMS 0x0000000086100000, 0x0000000086000000| Untracked 
|  97|0x0000000086100000, 0x0000000086200000, 0x0000000086200000|100%| O|  |TAMS 0x0000000086200000, 0x0000000086100000| Untracked 
|  98|0x0000000086200000, 0x0000000086300000, 0x0000000086300000|100%| O|  |TAMS 0x0000000086300000, 0x0000000086200000| Untracked 
|  99|0x0000000086300000, 0x0000000086400000, 0x0000000086400000|100%| O|  |TAMS 0x0000000086400000, 0x0000000086300000| Untracked 
| 100|0x0000000086400000, 0x0000000086500000, 0x0000000086500000|100%| O|  |TAMS 0x0000000086500000, 0x0000000086400000| Untracked 
| 101|0x0000000086500000, 0x0000000086600000, 0x0000000086600000|100%| O|  |TAMS 0x0000000086539000, 0x0000000086500000| Untracked 
| 102|0x0000000086600000, 0x0000000086700000, 0x0000000086700000|100%| O|  |TAMS 0x0000000086600000, 0x0000000086600000| Untracked 
| 103|0x0000000086700000, 0x0000000086800000, 0x0000000086800000|100%| O|  |TAMS 0x0000000086700000, 0x0000000086700000| Untracked 
| 104|0x0000000086800000, 0x0000000086900000, 0x0000000086900000|100%| O|  |TAMS 0x0000000086800000, 0x0000000086800000| Untracked 
| 105|0x0000000086900000, 0x0000000086a00000, 0x0000000086a00000|100%| O|  |TAMS 0x0000000086900000, 0x0000000086900000| Untracked 
| 106|0x0000000086a00000, 0x0000000086b00000, 0x0000000086b00000|100%| O|  |TAMS 0x0000000086a00000, 0x0000000086a00000| Untracked 
| 107|0x0000000086b00000, 0x0000000086c00000, 0x0000000086c00000|100%| O|  |TAMS 0x0000000086b00000, 0x0000000086b00000| Untracked 
| 108|0x0000000086c00000, 0x0000000086d00000, 0x0000000086d00000|100%| O|  |TAMS 0x0000000086c00000, 0x0000000086c00000| Untracked 
| 109|0x0000000086d00000, 0x0000000086e00000, 0x0000000086e00000|100%| O|  |TAMS 0x0000000086d00000, 0x0000000086d00000| Untracked 
| 110|0x0000000086e00000, 0x0000000086f00000, 0x0000000086f00000|100%| O|  |TAMS 0x0000000086e00000, 0x0000000086e00000| Untracked 
| 111|0x0000000086f00000, 0x0000000087000000, 0x0000000087000000|100%| O|  |TAMS 0x0000000086f00000, 0x0000000086f00000| Untracked 
| 112|0x0000000087000000, 0x0000000087100000, 0x0000000087100000|100%| O|  |TAMS 0x0000000087000000, 0x0000000087000000| Untracked 
| 113|0x0000000087100000, 0x0000000087200000, 0x0000000087200000|100%| O|  |TAMS 0x0000000087100000, 0x0000000087100000| Untracked 
| 114|0x0000000087200000, 0x0000000087300000, 0x0000000087300000|100%| O|  |TAMS 0x0000000087200000, 0x0000000087200000| Untracked 
| 115|0x0000000087300000, 0x0000000087400000, 0x0000000087400000|100%| O|  |TAMS 0x0000000087300000, 0x0000000087300000| Untracked 
| 116|0x0000000087400000, 0x0000000087500000, 0x0000000087500000|100%| O|  |TAMS 0x0000000087400000, 0x0000000087400000| Untracked 
| 117|0x0000000087500000, 0x0000000087600000, 0x0000000087600000|100%| O|  |TAMS 0x0000000087500000, 0x0000000087500000| Untracked 
| 118|0x0000000087600000, 0x0000000087700000, 0x0000000087700000|100%| O|  |TAMS 0x0000000087600000, 0x0000000087600000| Untracked 
| 119|0x0000000087700000, 0x00000000877e3600, 0x0000000087800000| 88%| O|  |TAMS 0x0000000087700000, 0x0000000087700000| Untracked 
| 120|0x0000000087800000, 0x0000000087800000, 0x0000000087900000|  0%| F|  |TAMS 0x0000000087800000, 0x0000000087800000| Untracked 
| 121|0x0000000087900000, 0x0000000087900000, 0x0000000087a00000|  0%| F|  |TAMS 0x0000000087900000, 0x0000000087900000| Untracked 
| 122|0x0000000087a00000, 0x0000000087a00000, 0x0000000087b00000|  0%| F|  |TAMS 0x0000000087a00000, 0x0000000087a00000| Untracked 
| 123|0x0000000087b00000, 0x0000000087b00000, 0x0000000087c00000|  0%| F|  |TAMS 0x0000000087b00000, 0x0000000087b00000| Untracked 
| 124|0x0000000087c00000, 0x0000000087c00000, 0x0000000087d00000|  0%| F|  |TAMS 0x0000000087c00000, 0x0000000087c00000| Untracked 
| 125|0x0000000087d00000, 0x0000000087d00000, 0x0000000087e00000|  0%| F|  |TAMS 0x0000000087d00000, 0x0000000087d00000| Untracked 
| 126|0x0000000087e00000, 0x0000000087e00000, 0x0000000087f00000|  0%| F|  |TAMS 0x0000000087e00000, 0x0000000087e00000| Untracked 
| 127|0x0000000087f00000, 0x0000000087f00000, 0x0000000088000000|  0%| F|  |TAMS 0x0000000087f00000, 0x0000000087f00000| Untracked 
| 128|0x0000000088000000, 0x0000000088000000, 0x0000000088100000|  0%| F|  |TAMS 0x0000000088000000, 0x0000000088000000| Untracked 
| 129|0x0000000088100000, 0x0000000088100000, 0x0000000088200000|  0%| F|  |TAMS 0x0000000088100000, 0x0000000088100000| Untracked 
| 130|0x0000000088200000, 0x0000000088200000, 0x0000000088300000|  0%| F|  |TAMS 0x0000000088200000, 0x0000000088200000| Untracked 
| 131|0x0000000088300000, 0x0000000088300000, 0x0000000088400000|  0%| F|  |TAMS 0x0000000088300000, 0x0000000088300000| Untracked 
| 132|0x0000000088400000, 0x0000000088400000, 0x0000000088500000|  0%| F|  |TAMS 0x0000000088400000, 0x0000000088400000| Untracked 
| 133|0x0000000088500000, 0x0000000088600000, 0x0000000088600000|100%| S|CS|TAMS 0x0000000088500000, 0x0000000088500000| Complete 
| 134|0x0000000088600000, 0x0000000088700000, 0x0000000088700000|100%| S|CS|TAMS 0x0000000088600000, 0x0000000088600000| Complete 
| 135|0x0000000088700000, 0x0000000088800000, 0x0000000088800000|100%| S|CS|TAMS 0x0000000088700000, 0x0000000088700000| Complete 
| 136|0x0000000088800000, 0x0000000088900000, 0x0000000088900000|100%| S|CS|TAMS 0x0000000088800000, 0x0000000088800000| Complete 
| 137|0x0000000088900000, 0x0000000088900000, 0x0000000088a00000|  0%| F|  |TAMS 0x0000000088900000, 0x0000000088900000| Untracked 
| 138|0x0000000088a00000, 0x0000000088a00000, 0x0000000088b00000|  0%| F|  |TAMS 0x0000000088a00000, 0x0000000088a00000| Untracked 
| 139|0x0000000088b00000, 0x0000000088b00000, 0x0000000088c00000|  0%| F|  |TAMS 0x0000000088b00000, 0x0000000088b00000| Untracked 
| 140|0x0000000088c00000, 0x0000000088c00000, 0x0000000088d00000|  0%| F|  |TAMS 0x0000000088c00000, 0x0000000088c00000| Untracked 
| 141|0x0000000088d00000, 0x0000000088d00000, 0x0000000088e00000|  0%| F|  |TAMS 0x0000000088d00000, 0x0000000088d00000| Untracked 
| 142|0x0000000088e00000, 0x0000000088e00000, 0x0000000088f00000|  0%| F|  |TAMS 0x0000000088e00000, 0x0000000088e00000| Untracked 
| 143|0x0000000088f00000, 0x0000000088f00000, 0x0000000089000000|  0%| F|  |TAMS 0x0000000088f00000, 0x0000000088f00000| Untracked 
| 144|0x0000000089000000, 0x0000000089000000, 0x0000000089100000|  0%| F|  |TAMS 0x0000000089000000, 0x0000000089000000| Untracked 
| 145|0x0000000089100000, 0x0000000089100000, 0x0000000089200000|  0%| F|  |TAMS 0x0000000089100000, 0x0000000089100000| Untracked 
| 146|0x0000000089200000, 0x0000000089300000, 0x0000000089300000|100%| S|CS|TAMS 0x0000000089200000, 0x0000000089200000| Complete 
| 147|0x0000000089300000, 0x0000000089400000, 0x0000000089400000|100%| S|CS|TAMS 0x0000000089300000, 0x0000000089300000| Complete 
| 148|0x0000000089400000, 0x0000000089400000, 0x0000000089500000|  0%| F|  |TAMS 0x0000000089400000, 0x0000000089400000| Untracked 
| 149|0x0000000089500000, 0x0000000089500000, 0x0000000089600000|  0%| F|  |TAMS 0x0000000089500000, 0x0000000089500000| Untracked 
| 150|0x0000000089600000, 0x0000000089600000, 0x0000000089700000|  0%| F|  |TAMS 0x0000000089600000, 0x0000000089600000| Untracked 
| 151|0x0000000089700000, 0x0000000089700000, 0x0000000089800000|  0%| F|  |TAMS 0x0000000089700000, 0x0000000089700000| Untracked 
| 152|0x0000000089800000, 0x0000000089800000, 0x0000000089900000|  0%| F|  |TAMS 0x0000000089800000, 0x0000000089800000| Untracked 
| 153|0x0000000089900000, 0x0000000089900000, 0x0000000089a00000|  0%| F|  |TAMS 0x0000000089900000, 0x0000000089900000| Untracked 
| 154|0x0000000089a00000, 0x0000000089a00000, 0x0000000089b00000|  0%| F|  |TAMS 0x0000000089a00000, 0x0000000089a00000| Untracked 
| 155|0x0000000089b00000, 0x0000000089b00000, 0x0000000089c00000|  0%| F|  |TAMS 0x0000000089b00000, 0x0000000089b00000| Untracked 
| 156|0x0000000089c00000, 0x0000000089c00000, 0x0000000089d00000|  0%| F|  |TAMS 0x0000000089c00000, 0x0000000089c00000| Untracked 
| 157|0x0000000089d00000, 0x0000000089d00000, 0x0000000089e00000|  0%| F|  |TAMS 0x0000000089d00000, 0x0000000089d00000| Untracked 
| 158|0x0000000089e00000, 0x0000000089e00000, 0x0000000089f00000|  0%| F|  |TAMS 0x0000000089e00000, 0x0000000089e00000| Untracked 
| 159|0x0000000089f00000, 0x0000000089f00000, 0x000000008a000000|  0%| F|  |TAMS 0x0000000089f00000, 0x0000000089f00000| Untracked 
| 160|0x000000008a000000, 0x000000008a000000, 0x000000008a100000|  0%| F|  |TAMS 0x000000008a000000, 0x000000008a000000| Untracked 
| 161|0x000000008a100000, 0x000000008a100000, 0x000000008a200000|  0%| F|  |TAMS 0x000000008a100000, 0x000000008a100000| Untracked 
| 162|0x000000008a200000, 0x000000008a200000, 0x000000008a300000|  0%| F|  |TAMS 0x000000008a200000, 0x000000008a200000| Untracked 
| 163|0x000000008a300000, 0x000000008a300000, 0x000000008a400000|  0%| F|  |TAMS 0x000000008a300000, 0x000000008a300000| Untracked 
| 164|0x000000008a400000, 0x000000008a400000, 0x000000008a500000|  0%| F|  |TAMS 0x000000008a400000, 0x000000008a400000| Untracked 
| 165|0x000000008a500000, 0x000000008a500000, 0x000000008a600000|  0%| F|  |TAMS 0x000000008a500000, 0x000000008a500000| Untracked 
| 166|0x000000008a600000, 0x000000008a600000, 0x000000008a700000|  0%| F|  |TAMS 0x000000008a600000, 0x000000008a600000| Untracked 
| 167|0x000000008a700000, 0x000000008a700000, 0x000000008a800000|  0%| F|  |TAMS 0x000000008a700000, 0x000000008a700000| Untracked 
| 168|0x000000008a800000, 0x000000008a800000, 0x000000008a900000|  0%| F|  |TAMS 0x000000008a800000, 0x000000008a800000| Untracked 
| 169|0x000000008a900000, 0x000000008a900000, 0x000000008aa00000|  0%| F|  |TAMS 0x000000008a900000, 0x000000008a900000| Untracked 
| 170|0x000000008aa00000, 0x000000008aa00000, 0x000000008ab00000|  0%| F|  |TAMS 0x000000008aa00000, 0x000000008aa00000| Untracked 
| 171|0x000000008ab00000, 0x000000008ab00000, 0x000000008ac00000|  0%| F|  |TAMS 0x000000008ab00000, 0x000000008ab00000| Untracked 
| 172|0x000000008ac00000, 0x000000008ac00000, 0x000000008ad00000|  0%| F|  |TAMS 0x000000008ac00000, 0x000000008ac00000| Untracked 
| 173|0x000000008ad00000, 0x000000008ad00000, 0x000000008ae00000|  0%| F|  |TAMS 0x000000008ad00000, 0x000000008ad00000| Untracked 
| 174|0x000000008ae00000, 0x000000008ae00000, 0x000000008af00000|  0%| F|  |TAMS 0x000000008ae00000, 0x000000008ae00000| Untracked 
| 175|0x000000008af00000, 0x000000008af00000, 0x000000008b000000|  0%| F|  |TAMS 0x000000008af00000, 0x000000008af00000| Untracked 
| 176|0x000000008b000000, 0x000000008b000000, 0x000000008b100000|  0%| F|  |TAMS 0x000000008b000000, 0x000000008b000000| Untracked 
| 177|0x000000008b100000, 0x000000008b100000, 0x000000008b200000|  0%| F|  |TAMS 0x000000008b100000, 0x000000008b100000| Untracked 
| 178|0x000000008b200000, 0x000000008b200000, 0x000000008b300000|  0%| F|  |TAMS 0x000000008b200000, 0x000000008b200000| Untracked 
| 179|0x000000008b300000, 0x000000008b300000, 0x000000008b400000|  0%| F|  |TAMS 0x000000008b300000, 0x000000008b300000| Untracked 
| 180|0x000000008b400000, 0x000000008b400000, 0x000000008b500000|  0%| F|  |TAMS 0x000000008b400000, 0x000000008b400000| Untracked 
| 181|0x000000008b500000, 0x000000008b500000, 0x000000008b600000|  0%| F|  |TAMS 0x000000008b500000, 0x000000008b500000| Untracked 
| 182|0x000000008b600000, 0x000000008b600000, 0x000000008b700000|  0%| F|  |TAMS 0x000000008b600000, 0x000000008b600000| Untracked 
| 183|0x000000008b700000, 0x000000008b700000, 0x000000008b800000|  0%| F|  |TAMS 0x000000008b700000, 0x000000008b700000| Untracked 
| 184|0x000000008b800000, 0x000000008b800000, 0x000000008b900000|  0%| F|  |TAMS 0x000000008b800000, 0x000000008b800000| Untracked 
| 185|0x000000008b900000, 0x000000008b900000, 0x000000008ba00000|  0%| F|  |TAMS 0x000000008b900000, 0x000000008b900000| Untracked 
| 186|0x000000008ba00000, 0x000000008ba00000, 0x000000008bb00000|  0%| F|  |TAMS 0x000000008ba00000, 0x000000008ba00000| Untracked 
| 187|0x000000008bb00000, 0x000000008bb00000, 0x000000008bc00000|  0%| F|  |TAMS 0x000000008bb00000, 0x000000008bb00000| Untracked 
| 188|0x000000008bc00000, 0x000000008bc00000, 0x000000008bd00000|  0%| F|  |TAMS 0x000000008bc00000, 0x000000008bc00000| Untracked 
| 189|0x000000008bd00000, 0x000000008bd00000, 0x000000008be00000|  0%| F|  |TAMS 0x000000008bd00000, 0x000000008bd00000| Untracked 
| 190|0x000000008be00000, 0x000000008be00000, 0x000000008bf00000|  0%| F|  |TAMS 0x000000008be00000, 0x000000008be00000| Untracked 
| 191|0x000000008bf00000, 0x000000008bf00000, 0x000000008c000000|  0%| F|  |TAMS 0x000000008bf00000, 0x000000008bf00000| Untracked 
| 192|0x000000008c000000, 0x000000008c000000, 0x000000008c100000|  0%| F|  |TAMS 0x000000008c000000, 0x000000008c000000| Untracked 
| 193|0x000000008c100000, 0x000000008c100000, 0x000000008c200000|  0%| F|  |TAMS 0x000000008c100000, 0x000000008c100000| Untracked 
| 194|0x000000008c200000, 0x000000008c200000, 0x000000008c300000|  0%| F|  |TAMS 0x000000008c200000, 0x000000008c200000| Untracked 
| 195|0x000000008c300000, 0x000000008c300000, 0x000000008c400000|  0%| F|  |TAMS 0x000000008c300000, 0x000000008c300000| Untracked 
| 196|0x000000008c400000, 0x000000008c400000, 0x000000008c500000|  0%| F|  |TAMS 0x000000008c400000, 0x000000008c400000| Untracked 
| 197|0x000000008c500000, 0x000000008c500000, 0x000000008c600000|  0%| F|  |TAMS 0x000000008c500000, 0x000000008c500000| Untracked 
| 198|0x000000008c600000, 0x000000008c600000, 0x000000008c700000|  0%| F|  |TAMS 0x000000008c600000, 0x000000008c600000| Untracked 
| 199|0x000000008c700000, 0x000000008c700000, 0x000000008c800000|  0%| F|  |TAMS 0x000000008c700000, 0x000000008c700000| Untracked 
| 200|0x000000008c800000, 0x000000008c800000, 0x000000008c900000|  0%| F|  |TAMS 0x000000008c800000, 0x000000008c800000| Untracked 
| 201|0x000000008c900000, 0x000000008c900000, 0x000000008ca00000|  0%| F|  |TAMS 0x000000008c900000, 0x000000008c900000| Untracked 
| 202|0x000000008ca00000, 0x000000008ca00000, 0x000000008cb00000|  0%| F|  |TAMS 0x000000008ca00000, 0x000000008ca00000| Untracked 
| 203|0x000000008cb00000, 0x000000008cb00000, 0x000000008cc00000|  0%| F|  |TAMS 0x000000008cb00000, 0x000000008cb00000| Untracked 
| 204|0x000000008cc00000, 0x000000008cc00000, 0x000000008cd00000|  0%| F|  |TAMS 0x000000008cc00000, 0x000000008cc00000| Untracked 
| 205|0x000000008cd00000, 0x000000008cd00000, 0x000000008ce00000|  0%| F|  |TAMS 0x000000008cd00000, 0x000000008cd00000| Untracked 
| 206|0x000000008ce00000, 0x000000008ce00000, 0x000000008cf00000|  0%| F|  |TAMS 0x000000008ce00000, 0x000000008ce00000| Untracked 
| 207|0x000000008cf00000, 0x000000008cf00000, 0x000000008d000000|  0%| F|  |TAMS 0x000000008cf00000, 0x000000008cf00000| Untracked 
| 208|0x000000008d000000, 0x000000008d000000, 0x000000008d100000|  0%| F|  |TAMS 0x000000008d000000, 0x000000008d000000| Untracked 
| 209|0x000000008d100000, 0x000000008d200000, 0x000000008d200000|100%| E|CS|TAMS 0x000000008d100000, 0x000000008d100000| Complete 
| 210|0x000000008d200000, 0x000000008d300000, 0x000000008d300000|100%| E|CS|TAMS 0x000000008d200000, 0x000000008d200000| Complete 
| 211|0x000000008d300000, 0x000000008d400000, 0x000000008d400000|100%| E|CS|TAMS 0x000000008d300000, 0x000000008d300000| Complete 
| 212|0x000000008d400000, 0x000000008d500000, 0x000000008d500000|100%| E|CS|TAMS 0x000000008d400000, 0x000000008d400000| Complete 
| 213|0x000000008d500000, 0x000000008d600000, 0x000000008d600000|100%| E|CS|TAMS 0x000000008d500000, 0x000000008d500000| Complete 
| 214|0x000000008d600000, 0x000000008d700000, 0x000000008d700000|100%| E|CS|TAMS 0x000000008d600000, 0x000000008d600000| Complete 
| 215|0x000000008d700000, 0x000000008d800000, 0x000000008d800000|100%| E|CS|TAMS 0x000000008d700000, 0x000000008d700000| Complete 
| 216|0x000000008d800000, 0x000000008d900000, 0x000000008d900000|100%| E|CS|TAMS 0x000000008d800000, 0x000000008d800000| Complete 
| 217|0x000000008d900000, 0x000000008da00000, 0x000000008da00000|100%| E|CS|TAMS 0x000000008d900000, 0x000000008d900000| Complete 
| 218|0x000000008da00000, 0x000000008db00000, 0x000000008db00000|100%| E|CS|TAMS 0x000000008da00000, 0x000000008da00000| Complete 
| 219|0x000000008db00000, 0x000000008dc00000, 0x000000008dc00000|100%| E|CS|TAMS 0x000000008db00000, 0x000000008db00000| Complete 
| 220|0x000000008dc00000, 0x000000008dd00000, 0x000000008dd00000|100%| E|CS|TAMS 0x000000008dc00000, 0x000000008dc00000| Complete 
| 221|0x000000008dd00000, 0x000000008de00000, 0x000000008de00000|100%| E|CS|TAMS 0x000000008dd00000, 0x000000008dd00000| Complete 
| 222|0x000000008de00000, 0x000000008df00000, 0x000000008df00000|100%| E|CS|TAMS 0x000000008de00000, 0x000000008de00000| Complete 
| 223|0x000000008df00000, 0x000000008e000000, 0x000000008e000000|100%| E|CS|TAMS 0x000000008df00000, 0x000000008df00000| Complete 
| 224|0x000000008e000000, 0x000000008e100000, 0x000000008e100000|100%| E|CS|TAMS 0x000000008e000000, 0x000000008e000000| Complete 
| 225|0x000000008e100000, 0x000000008e200000, 0x000000008e200000|100%| E|CS|TAMS 0x000000008e100000, 0x000000008e100000| Complete 
| 226|0x000000008e200000, 0x000000008e300000, 0x000000008e300000|100%| E|CS|TAMS 0x000000008e200000, 0x000000008e200000| Complete 
| 227|0x000000008e300000, 0x000000008e400000, 0x000000008e400000|100%| E|CS|TAMS 0x000000008e300000, 0x000000008e300000| Complete 
| 228|0x000000008e400000, 0x000000008e500000, 0x000000008e500000|100%| E|CS|TAMS 0x000000008e400000, 0x000000008e400000| Complete 
| 229|0x000000008e500000, 0x000000008e600000, 0x000000008e600000|100%| E|CS|TAMS 0x000000008e500000, 0x000000008e500000| Complete 

Card table byte_map: [0x00000237b80a0000,0x00000237b84a0000] _byte_map_base: 0x00000237b7ca0000

Marking Bits (Prev, Next): (CMBitMap*) 0x00000237a502c2a0, (CMBitMap*) 0x00000237a502c268
 Prev Bits: [0x00000237ba8a0000, 0x00000237bc8a0000)
 Next Bits: [0x00000237b88a0000, 0x00000237ba8a0000)

Polling page: 0x00000237a47d0000

Metaspace:

Usage:
  Non-class:     76.74 MB capacity,    75.49 MB ( 98%) used,     1.04 MB (  1%) free+waste,   218.06 KB ( <1%) overhead. 
      Class:     12.03 MB capacity,    11.33 MB ( 94%) used,   621.30 KB (  5%) free+waste,    98.00 KB ( <1%) overhead. 
       Both:     88.77 MB capacity,    86.82 MB ( 98%) used,     1.64 MB (  2%) free+waste,   316.06 KB ( <1%) overhead. 

Virtual space:
  Non-class space:       78.00 MB reserved,      76.95 MB ( 99%) committed 
      Class space:        1.00 GB reserved,      12.13 MB (  1%) committed 
             Both:        1.08 GB reserved,      89.07 MB (  8%) committed 

Chunk freelists:
   Non-Class:  83.00 KB
       Class:  64.00 KB
        Both:  147.00 KB

MaxMetaspaceSize: 17179869184.00 GB
CompressedClassSpaceSize: 1.00 GB

CodeHeap 'non-profiled nmethods': size=120000Kb used=5596Kb max_used=5596Kb free=114403Kb
 bounds [0x00000237b0440000, 0x00000237b09c0000, 0x00000237b7970000]
CodeHeap 'profiled nmethods': size=120000Kb used=20586Kb max_used=20586Kb free=99413Kb
 bounds [0x00000237a8f10000, 0x00000237aa330000, 0x00000237b0440000]
CodeHeap 'non-nmethods': size=5760Kb used=2271Kb max_used=2310Kb free=3488Kb
 bounds [0x00000237a8970000, 0x00000237a8be0000, 0x00000237a8f10000]
 total_blobs=10507 nmethods=9642 adapters=776
 compilation: enabled
              stopped_count=0, restarted_count=0
 full_count=0

Compilation events (20 events):
Event: 13.367 Thread 0x00000237c2426000 9915       4       com.android.tools.r8.dex.n$d::a (102 bytes)
Event: 13.367 Thread 0x00000237bf2fe800 9919 %     3       com.android.tools.r8.w.a.a.a.f.X::d @ 68 (188 bytes)
Event: 13.368 Thread 0x00000237bf2fe800 nmethod 9919% 0x00000237aa30b690 code [0x00000237aa30b940, 0x00000237aa30c788]
Event: 13.368 Thread 0x00000237bf2fe800 9924       2       java.util.Arrays::hashCode (44 bytes)
Event: 13.369 Thread 0x00000237bf2fe800 nmethod 9924 0x00000237aa30cd10 code [0x00000237aa30cec0, 0x00000237aa30d038]
Event: 13.369 Thread 0x00000237bf2fe800 9923       2       com.android.tools.r8.code.P3::<init> (7 bytes)
Event: 13.369 Thread 0x00000237bf2fe800 nmethod 9923 0x00000237aa30d110 code [0x00000237aa30d2c0, 0x00000237aa30d418]
Event: 13.369 Thread 0x00000237bf2fe800 9920       2       com.android.tools.r8.r.e$$Lambda$811/0x0000000100a61c40::applyAsInt (8 bytes)
Event: 13.369 Thread 0x00000237bf2fe800 nmethod 9920 0x00000237aa30d510 code [0x00000237aa30d6c0, 0x00000237aa30d7f8]
Event: 13.369 Thread 0x00000237bf2fe800 9921       2       com.android.tools.r8.r.e::b (8 bytes)
Event: 13.369 Thread 0x00000237bf2fe800 nmethod 9921 0x00000237aa30d910 code [0x00000237aa30dac0, 0x00000237aa30dbb8]
Event: 13.375 Thread 0x00000237bf2fe800 9927       2       com.android.tools.r8.code.T0::hashCode (21 bytes)
Event: 13.376 Thread 0x00000237bf2fe800 nmethod 9927 0x00000237aa30dc90 code [0x00000237aa30de40, 0x00000237aa30df88]
Event: 13.378 Thread 0x00000237bf2fe800 9930       2       com.android.tools.r8.graph.t0$d::l (2 bytes)
Event: 13.378 Thread 0x00000237bf2fe800 nmethod 9930 0x00000237aa30e010 code [0x00000237aa30e1c0, 0x00000237aa30e2b8]
Event: 13.378 Thread 0x00000237bf2fe800 9931       2       com.android.tools.r8.graph.B::d (73 bytes)
Event: 13.379 Thread 0x00000237bf2fe800 nmethod 9931 0x00000237aa30e390 code [0x00000237aa30e5c0, 0x00000237aa30ead8]
Event: 13.379 Thread 0x00000237bf2fe800 9933       2       com.android.tools.r8.code.v2::<init> (7 bytes)
Event: 13.380 Thread 0x00000237bf2fe800 nmethod 9933 0x00000237aa30ee90 code [0x00000237aa30f040, 0x00000237aa30f198]
Event: 13.380 Thread 0x00000237bf2fe800 9932       2       com.android.tools.r8.code.O3::<init> (7 bytes)

GC Heap History (20 events):
Event: 7.126 GC heap before
{Heap before GC invocations=9 (full 0):
 garbage-first heap   total 157696K, used 108434K [0x0000000080000000, 0x0000000100000000)
  region size 1024K, 80 young (81920K), 8 survivors (8192K)
 Metaspace       used 51233K, capacity 52520K, committed 52812K, reserved 1095680K
  class space    used 6536K, capacity 6946K, committed 7040K, reserved 1048576K
}
Event: 7.138 GC heap after
{Heap after GC invocations=10 (full 0):
 garbage-first heap   total 157696K, used 44227K [0x0000000080000000, 0x0000000100000000)
  region size 1024K, 10 young (10240K), 10 survivors (10240K)
 Metaspace       used 51233K, capacity 52520K, committed 52812K, reserved 1095680K
  class space    used 6536K, capacity 6946K, committed 7040K, reserved 1048576K
}
Event: 7.996 GC heap before
{Heap before GC invocations=10 (full 0):
 garbage-first heap   total 157696K, used 104643K [0x0000000080000000, 0x0000000100000000)
  region size 1024K, 70 young (71680K), 10 survivors (10240K)
 Metaspace       used 58668K, capacity 60116K, committed 60236K, reserved 1101824K
  class space    used 7442K, capacity 7966K, committed 8064K, reserved 1048576K
}
Event: 8.023 GC heap after
{Heap after GC invocations=11 (full 0):
 garbage-first heap   total 157696K, used 50603K [0x0000000080000000, 0x0000000100000000)
  region size 1024K, 6 young (6144K), 6 survivors (6144K)
 Metaspace       used 58668K, capacity 60116K, committed 60236K, reserved 1101824K
  class space    used 7442K, capacity 7966K, committed 8064K, reserved 1048576K
}
Event: 8.774 GC heap before
{Heap before GC invocations=12 (full 0):
 garbage-first heap   total 157696K, used 114091K [0x0000000080000000, 0x0000000100000000)
  region size 1024K, 68 young (69632K), 6 survivors (6144K)
 Metaspace       used 63171K, capacity 64631K, committed 64844K, reserved 1105920K
  class space    used 8006K, capacity 8550K, committed 8576K, reserved 1048576K
}
Event: 8.785 GC heap after
{Heap after GC invocations=13 (full 0):
 garbage-first heap   total 157696K, used 54545K [0x0000000080000000, 0x0000000100000000)
  region size 1024K, 5 young (5120K), 5 survivors (5120K)
 Metaspace       used 63171K, capacity 64631K, committed 64844K, reserved 1105920K
  class space    used 8006K, capacity 8550K, committed 8576K, reserved 1048576K
}
Event: 9.698 GC heap before
{Heap before GC invocations=13 (full 0):
 garbage-first heap   total 157696K, used 117009K [0x0000000080000000, 0x0000000100000000)
  region size 1024K, 66 young (67584K), 5 survivors (5120K)
 Metaspace       used 71143K, capacity 72836K, committed 73036K, reserved 1112064K
  class space    used 9228K, capacity 9825K, committed 9856K, reserved 1048576K
}
Event: 9.709 GC heap after
{Heap after GC invocations=14 (full 0):
 garbage-first heap   total 189440K, used 58713K [0x0000000080000000, 0x0000000100000000)
  region size 1024K, 5 young (5120K), 5 survivors (5120K)
 Metaspace       used 71143K, capacity 72836K, committed 73036K, reserved 1112064K
  class space    used 9228K, capacity 9825K, committed 9856K, reserved 1048576K
}
Event: 10.776 GC heap before
{Heap before GC invocations=14 (full 0):
 garbage-first heap   total 189440K, used 132441K [0x0000000080000000, 0x0000000100000000)
  region size 1024K, 77 young (78848K), 5 survivors (5120K)
 Metaspace       used 78317K, capacity 80053K, committed 80204K, reserved 1118208K
  class space    used 10190K, capacity 10803K, committed 10880K, reserved 1048576K
}
Event: 10.786 GC heap after
{Heap after GC invocations=15 (full 0):
 garbage-first heap   total 189440K, used 63167K [0x0000000080000000, 0x0000000100000000)
  region size 1024K, 9 young (9216K), 9 survivors (9216K)
 Metaspace       used 78317K, capacity 80053K, committed 80204K, reserved 1118208K
  class space    used 10190K, capacity 10803K, committed 10880K, reserved 1048576K
}
Event: 11.609 GC heap before
{Heap before GC invocations=15 (full 0):
 garbage-first heap   total 189440K, used 135871K [0x0000000080000000, 0x0000000100000000)
  region size 1024K, 81 young (82944K), 9 survivors (9216K)
 Metaspace       used 79716K, capacity 81609K, committed 81868K, reserved 1120256K
  class space    used 10337K, capacity 11002K, committed 11008K, reserved 1048576K
}
Event: 11.621 GC heap after
{Heap after GC invocations=16 (full 0):
 garbage-first heap   total 189440K, used 68535K [0x0000000080000000, 0x0000000100000000)
  region size 1024K, 11 young (11264K), 11 survivors (11264K)
 Metaspace       used 79716K, capacity 81609K, committed 81868K, reserved 1120256K
  class space    used 10337K, capacity 11002K, committed 11008K, reserved 1048576K
}
Event: 12.136 GC heap before
{Heap before GC invocations=16 (full 0):
 garbage-first heap   total 189440K, used 141239K [0x0000000080000000, 0x0000000100000000)
  region size 1024K, 83 young (84992K), 11 survivors (11264K)
 Metaspace       used 81602K, capacity 83546K, committed 83660K, reserved 1122304K
  class space    used 10562K, capacity 11238K, committed 11264K, reserved 1048576K
}
Event: 12.150 GC heap after
{Heap after GC invocations=17 (full 0):
 garbage-first heap   total 189440K, used 72112K [0x0000000080000000, 0x0000000100000000)
  region size 1024K, 9 young (9216K), 9 survivors (9216K)
 Metaspace       used 81602K, capacity 83546K, committed 83660K, reserved 1122304K
  class space    used 10562K, capacity 11238K, committed 11264K, reserved 1048576K
}
Event: 12.551 GC heap before
{Heap before GC invocations=17 (full 0):
 garbage-first heap   total 189440K, used 153008K [0x0000000080000000, 0x0000000100000000)
  region size 1024K, 69 young (70656K), 9 survivors (9216K)
 Metaspace       used 86211K, capacity 88306K, committed 88524K, reserved 1126400K
  class space    used 11167K, capacity 11925K, committed 12032K, reserved 1048576K
}
Event: 12.566 GC heap after
{Heap after GC invocations=18 (full 0):
 garbage-first heap   total 189440K, used 94929K [0x0000000080000000, 0x0000000100000000)
  region size 1024K, 11 young (11264K), 11 survivors (11264K)
 Metaspace       used 86211K, capacity 88306K, committed 88524K, reserved 1126400K
  class space    used 11167K, capacity 11925K, committed 12032K, reserved 1048576K
}
Event: 12.890 GC heap before
{Heap before GC invocations=19 (full 0):
 garbage-first heap   total 189440K, used 135889K [0x0000000080000000, 0x0000000100000000)
  region size 1024K, 50 young (51200K), 11 survivors (11264K)
 Metaspace       used 87006K, capacity 89047K, committed 89420K, reserved 1126400K
  class space    used 11270K, capacity 12004K, committed 12160K, reserved 1048576K
}
Event: 12.950 GC heap after
{Heap after GC invocations=20 (full 0):
 garbage-first heap   total 189440K, used 110820K [0x0000000080000000, 0x0000000100000000)
  region size 1024K, 9 young (9216K), 9 survivors (9216K)
 Metaspace       used 87006K, capacity 89047K, committed 89420K, reserved 1126400K
  class space    used 11270K, capacity 12004K, committed 12160K, reserved 1048576K
}
Event: 13.320 GC heap before
{Heap before GC invocations=21 (full 0):
 garbage-first heap   total 189440K, used 149732K [0x0000000080000000, 0x0000000100000000)
  region size 1024K, 46 young (47104K), 9 survivors (9216K)
 Metaspace       used 88883K, capacity 90838K, committed 91212K, reserved 1128448K
  class space    used 11600K, capacity 12320K, committed 12416K, reserved 1048576K
}
Event: 13.354 GC heap after
{Heap after GC invocations=22 (full 0):
 garbage-first heap   total 235520K, used 128909K [0x0000000080000000, 0x0000000100000000)
  region size 1024K, 6 young (6144K), 6 survivors (6144K)
 Metaspace       used 88883K, capacity 90838K, committed 91212K, reserved 1128448K
  class space    used 11600K, capacity 12320K, committed 12416K, reserved 1048576K
}

Deoptimization events (20 events):
Event: 13.358 Thread 0x00000237cb089800 Uncommon trap: trap_request=0xffffffbe fr.pc=0x00000237b09b4b74 relative=0x0000000000000e94
Event: 13.358 Thread 0x00000237cb089800 Uncommon trap: reason=profile_predicate action=maybe_recompile pc=0x00000237b09b4b74 method=com.android.tools.r8.graph.o0.a(Lcom/android/tools/r8/graph/o0;)I @ 45 c2
Event: 13.358 Thread 0x00000237cb089800 DEOPT PACKING pc=0x00000237b09b4b74 sp=0x000000ed282fed40
Event: 13.358 Thread 0x00000237cb089800 DEOPT UNPACKING pc=0x00000237a89974af sp=0x000000ed282febb0 mode 2
Event: 13.358 Thread 0x00000237cb089800 Uncommon trap: trap_request=0xffffffbe fr.pc=0x00000237b09b4b74 relative=0x0000000000000e94
Event: 13.358 Thread 0x00000237cb089800 Uncommon trap: reason=profile_predicate action=maybe_recompile pc=0x00000237b09b4b74 method=com.android.tools.r8.graph.o0.a(Lcom/android/tools/r8/graph/o0;)I @ 45 c2
Event: 13.358 Thread 0x00000237cb089800 DEOPT PACKING pc=0x00000237b09b4b74 sp=0x000000ed282fed40
Event: 13.358 Thread 0x00000237cb089800 DEOPT UNPACKING pc=0x00000237a89974af sp=0x000000ed282febb0 mode 2
Event: 13.358 Thread 0x00000237cb089800 Uncommon trap: trap_request=0xffffffbe fr.pc=0x00000237b09b4b74 relative=0x0000000000000e94
Event: 13.358 Thread 0x00000237cb089800 Uncommon trap: reason=profile_predicate action=maybe_recompile pc=0x00000237b09b4b74 method=com.android.tools.r8.graph.o0.a(Lcom/android/tools/r8/graph/o0;)I @ 45 c2
Event: 13.358 Thread 0x00000237cb089800 DEOPT PACKING pc=0x00000237b09b4b74 sp=0x000000ed282fed50
Event: 13.358 Thread 0x00000237cb089800 DEOPT UNPACKING pc=0x00000237a89974af sp=0x000000ed282febc0 mode 2
Event: 13.358 Thread 0x00000237cb089800 Uncommon trap: trap_request=0xffffffbe fr.pc=0x00000237b09b4b74 relative=0x0000000000000e94
Event: 13.358 Thread 0x00000237cb089800 Uncommon trap: reason=profile_predicate action=maybe_recompile pc=0x00000237b09b4b74 method=com.android.tools.r8.graph.o0.a(Lcom/android/tools/r8/graph/o0;)I @ 45 c2
Event: 13.358 Thread 0x00000237cb089800 DEOPT PACKING pc=0x00000237b09b4b74 sp=0x000000ed282fed40
Event: 13.358 Thread 0x00000237cb089800 DEOPT UNPACKING pc=0x00000237a89974af sp=0x000000ed282febb0 mode 2
Event: 13.368 Thread 0x00000237cb088800 Uncommon trap: trap_request=0xffffff4d fr.pc=0x00000237b08e7170 relative=0x0000000000000050
Event: 13.368 Thread 0x00000237cb088800 Uncommon trap: reason=unstable_if action=reinterpret pc=0x00000237b08e7170 method=java.lang.Float.isNaN(F)Z @ 3 c2
Event: 13.368 Thread 0x00000237cb088800 DEOPT PACKING pc=0x00000237b08e7170 sp=0x000000ed27ffe380
Event: 13.368 Thread 0x00000237cb088800 DEOPT UNPACKING pc=0x00000237a89974af sp=0x000000ed27ffe310 mode 2

Classes redefined (0 events):
No events

Internal exceptions (20 events):
Event: 11.800 Thread 0x00000237c389f000 Exception <a 'sun/nio/fs/WindowsException'{0x000000008a2b1520}> (0x000000008a2b1520) thrown at [./src/hotspot/share/prims/jni.cpp, line 615]
Event: 11.801 Thread 0x00000237c389f000 Exception <a 'sun/nio/fs/WindowsException'{0x000000008a2b17e0}> (0x000000008a2b17e0) thrown at [./src/hotspot/share/prims/jni.cpp, line 615]
Event: 11.801 Thread 0x00000237c389f000 Exception <a 'sun/nio/fs/WindowsException'{0x000000008a2b23a8}> (0x000000008a2b23a8) thrown at [./src/hotspot/share/prims/jni.cpp, line 615]
Event: 11.815 Thread 0x00000237c389f000 Exception <a 'java/lang/NoSuchMethodError'{0x000000008a014b00}: <clinit>> (0x000000008a014b00) thrown at [./src/hotspot/share/prims/jni.cpp, line 1362]
Event: 11.818 Thread 0x00000237c389f000 Exception <a 'java/lang/NoSuchMethodError'{0x000000008a047d88}: <clinit>> (0x000000008a047d88) thrown at [./src/hotspot/share/prims/jni.cpp, line 1362]
Event: 11.820 Thread 0x00000237c389f000 Exception <a 'java/lang/NoSuchMethodError'{0x000000008a0758f8}: <clinit>> (0x000000008a0758f8) thrown at [./src/hotspot/share/prims/jni.cpp, line 1362]
Event: 11.922 Thread 0x00000237c38a1800 Exception <a 'java/lang/NoSuchMethodError'{0x00000000895728d8}: 'void java.lang.invoke.DirectMethodHandle$Holder.invokeStatic(java.lang.Object, java.lang.Object, java.lang.Object, java.lang.Object, int, java.lang.Object)'> (0x00000000895728d8) thrown at [./src/hotspot/share/interpreter/linkResolver.cpp, line 773]
Event: 12.353 Thread 0x00000237c38a4000 Exception <a 'java/lang/NoSuchMethodError'{0x000000008941db50}: 'int java.lang.invoke.DirectMethodHandle$Holder.invokeSpecial(java.lang.Object, java.lang.Object, java.lang.Object, java.lang.Object, java.lang.Object)'> (0x000000008941db50) thrown at [./src/hotspot/share/interpreter/linkResolver.cpp, line 773]
Event: 12.422 Thread 0x00000237c38ad000 Exception <a 'sun/nio/fs/WindowsException'{0x0000000088df45b0}> (0x0000000088df45b0) thrown at [./src/hotspot/share/prims/jni.cpp, line 615]
Event: 12.479 Thread 0x00000237c38ad000 Exception <a 'java/lang/NoSuchMethodError'{0x00000000886b6cf0}: 'int java.lang.invoke.DirectMethodHandle$Holder.invokeVirtual(java.lang.Object, java.lang.Object, java.lang.Object)'> (0x00000000886b6cf0) thrown at [./src/hotspot/share/interpreter/linkResolver.cpp, line 773]
Event: 12.526 Thread 0x00000237c38ad000 Exception <a 'java/lang/NoSuchMethodError'{0x0000000088006860}: 'int java.lang.invoke.DirectMethodHandle$Holder.invokeVirtual(java.lang.Object, java.lang.Object)'> (0x0000000088006860) thrown at [./src/hotspot/share/interpreter/linkResolver.cpp, line 773]
Event: 12.527 Thread 0x00000237c38ad000 Exception <a 'java/lang/NoSuchMethodError'{0x000000008800bf90}: 'java.lang.Object java.lang.invoke.DirectMethodHandle$Holder.invokeStatic(java.lang.Object, java.lang.Object, java.lang.Object, java.lang.Object, java.lang.Object, java.lang.Object, java.lang.Object, java.lang.Object, java.lang.Object, java.lang.Object, java.lang.Object, java.lang.Object, java.lang.Object, java.lang.Object, java.lang.Object, java.lang.Object, java.lang.Object, int, java.lang.Object)'> (0x000000008800bf90) thrown at [./src/hots
Event: 12.527 Thread 0x00000237c38ad000 Exception <a 'java/lang/NoSuchMethodError'{0x0000000088032248}: 'java.lang.Object java.lang.invoke.DirectMethodHandle$Holder.invokeStaticInit(java.lang.Object, java.lang.Object, java.lang.Object, java.lang.Object, java.lang.Object, java.lang.Object, java.lang.Object, java.lang.Object, java.lang.Object, java.lang.Object, java.lang.Object, java.lang.Object, java.lang.Object, java.lang.Object, java.lang.Object, java.lang.Object, java.lang.Object, int, java.lang.Object)'> (0x0000000088032248) thrown at [./src/
Event: 12.638 Thread 0x00000237c38a0800 Exception <a 'java/lang/NoSuchMethodError'{0x000000008af541e0}: 'void java.lang.invoke.DirectMethodHandle$Holder.invokeStatic(java.lang.Object, long)'> (0x000000008af541e0) thrown at [./src/hotspot/share/interpreter/linkResolver.cpp, line 773]
Event: 12.638 Thread 0x00000237c38a0800 Exception <a 'java/lang/NoSuchMethodError'{0x000000008af593f8}: 'java.lang.Object java.lang.invoke.DirectMethodHandle$Holder.invokeStatic(java.lang.Object, long)'> (0x000000008af593f8) thrown at [./src/hotspot/share/interpreter/linkResolver.cpp, line 773]
Event: 12.641 Thread 0x00000237c38a0800 Exception <a 'java/lang/NoSuchMethodError'{0x000000008af67760}: 'java.lang.Object java.lang.invoke.DirectMethodHandle$Holder.invokeStaticInit(java.lang.Object, java.lang.Object, long, java.lang.Object)'> (0x000000008af67760) thrown at [./src/hotspot/share/interpreter/linkResolver.cpp, line 773]
Event: 12.641 Thread 0x00000237c38a0800 Exception <a 'java/lang/NoSuchMethodError'{0x000000008af6d8f8}: 'java.lang.Object java.lang.invoke.DirectMethodHandle$Holder.invokeStatic(java.lang.Object, java.lang.Object, long)'> (0x000000008af6d8f8) thrown at [./src/hotspot/share/interpreter/linkResolver.cpp, line 773]
Event: 12.642 Thread 0x00000237c38a0800 Exception <a 'java/lang/NoSuchMethodError'{0x000000008af73e70}: 'java.lang.Object java.lang.invoke.Invokers$Holder.linkToTargetMethod(java.lang.Object, long, java.lang.Object)'> (0x000000008af73e70) thrown at [./src/hotspot/share/interpreter/linkResolver.cpp, line 773]
Event: 12.797 Thread 0x00000237c38a0800 Exception <a 'java/lang/NoSuchMethodError'{0x000000008a0f2878}: 'int java.lang.invoke.DirectMethodHandle$Holder.invokeSpecialIFC(java.lang.Object, java.lang.Object, java.lang.Object)'> (0x000000008a0f2878) thrown at [./src/hotspot/share/interpreter/linkResolver.cpp, line 773]
Event: 13.033 Thread 0x00000237cb08a000 Exception <a 'java/lang/NoSuchMethodError'{0x000000008b0b13b8}: 'java.lang.Object java.lang.invoke.DirectMethodHandle$Holder.newInvokeSpecial(java.lang.Object, int)'> (0x000000008b0b13b8) thrown at [./src/hotspot/share/interpreter/linkResolver.cpp, line 773]

Events (20 events):
Event: 13.143 loading class com/android/tools/r8/w/a/a/a/h/f0$f
Event: 13.143 loading class com/android/tools/r8/w/a/a/a/h/f0$f done
Event: 13.144 loading class com/android/tools/r8/s/a/a/a/s$a
Event: 13.144 loading class com/android/tools/r8/s/a/a/a/s$a done
Event: 13.144 loading class com/android/tools/r8/w/a/a/a/h/h0
Event: 13.144 loading class com/android/tools/r8/w/a/a/a/h/h0 done
Event: 13.144 loading class com/android/tools/r8/graph/v1
Event: 13.144 loading class com/android/tools/r8/graph/v1 done
Event: 13.145 loading class com/android/tools/r8/w/a/a/a/h/f0$d
Event: 13.145 loading class com/android/tools/r8/w/a/a/a/h/f0$d done
Event: 13.145 loading class com/android/tools/r8/w/a/a/a/h/g0
Event: 13.145 loading class com/android/tools/r8/w/a/a/a/h/g0 done
Event: 13.155 loading class com/android/tools/r8/v/a/t/k
Event: 13.155 loading class com/android/tools/r8/v/a/t/k done
Event: 13.165 loading class com/android/tools/r8/v/a/t/i
Event: 13.165 loading class com/android/tools/r8/v/a/t/i done
Event: 13.167 Executing VM operation: CGC_Operation
Event: 13.168 Executing VM operation: CGC_Operation done
Event: 13.319 Executing VM operation: G1CollectForAllocation
Event: 13.354 Executing VM operation: G1CollectForAllocation done


Dynamic libraries:
0x00007ff73c920000 - 0x00007ff73c92a000 	C:\Users\Dark Knight\Desktop\Android Studio\jre\bin\java.exe
0x00007ff9b2730000 - 0x00007ff9b2925000 	C:\WINDOWS\SYSTEM32\ntdll.dll
0x00007ff9b1dc0000 - 0x00007ff9b1e7e000 	C:\WINDOWS\System32\KERNEL32.DLL
0x00007ff9b0250000 - 0x00007ff9b0518000 	C:\WINDOWS\System32\KERNELBASE.dll
0x00007ff9b0150000 - 0x00007ff9b0250000 	C:\WINDOWS\System32\ucrtbase.dll
0x00007ff9a75c0000 - 0x00007ff9a75d9000 	C:\Users\Dark Knight\Desktop\Android Studio\jre\bin\jli.dll
0x00007ff9a7300000 - 0x00007ff9a7317000 	C:\Users\Dark Knight\Desktop\Android Studio\jre\bin\VCRUNTIME140.dll
0x00007ff9b09e0000 - 0x00007ff9b0b81000 	C:\WINDOWS\System32\USER32.dll
0x00007ff9affa0000 - 0x00007ff9affc2000 	C:\WINDOWS\System32\win32u.dll
0x00007ff9b2010000 - 0x00007ff9b203b000 	C:\WINDOWS\System32\GDI32.dll
0x00007ff99a6f0000 - 0x00007ff99a98a000 	C:\WINDOWS\WinSxS\amd64_microsoft.windows.common-controls_6595b64144ccf1df_6.0.19041.1110_none_60b5254171f9507e\COMCTL32.dll
0x00007ff9b0660000 - 0x00007ff9b076d000 	C:\WINDOWS\System32\gdi32full.dll
0x00007ff9b1300000 - 0x00007ff9b139e000 	C:\WINDOWS\System32\msvcrt.dll
0x00007ff9b0000000 - 0x00007ff9b009d000 	C:\WINDOWS\System32\msvcp_win.dll
0x00007ff9b2170000 - 0x00007ff9b21a0000 	C:\WINDOWS\System32\IMM32.DLL
0x00007ff97b080000 - 0x00007ff97b11d000 	C:\Users\Dark Knight\Desktop\Android Studio\jre\bin\msvcp140.dll
0x00007ff93b770000 - 0x00007ff93c22c000 	C:\Users\Dark Knight\Desktop\Android Studio\jre\bin\server\jvm.dll
0x00007ff9b25b0000 - 0x00007ff9b265c000 	C:\WINDOWS\System32\ADVAPI32.dll
0x00007ff9b1af0000 - 0x00007ff9b1b8b000 	C:\WINDOWS\System32\sechost.dll
0x00007ff9b1120000 - 0x00007ff9b124a000 	C:\WINDOWS\System32\RPCRT4.dll
0x00007ff9b0b90000 - 0x00007ff9b0b98000 	C:\WINDOWS\System32\PSAPI.DLL
0x00007ff9a54c0000 - 0x00007ff9a54c9000 	C:\WINDOWS\SYSTEM32\WSOCK32.dll
0x00007ff99c0d0000 - 0x00007ff99c0f7000 	C:\WINDOWS\SYSTEM32\WINMM.dll
0x00007ff9b1fa0000 - 0x00007ff9b200b000 	C:\WINDOWS\System32\WS2_32.dll
0x00007ff9a54b0000 - 0x00007ff9a54ba000 	C:\WINDOWS\SYSTEM32\VERSION.dll
0x00007ff9ae6c0000 - 0x00007ff9ae6d2000 	C:\WINDOWS\SYSTEM32\kernel.appcore.dll
0x00007ff9a8e30000 - 0x00007ff9a8e41000 	C:\Users\Dark Knight\Desktop\Android Studio\jre\bin\verify.dll
0x00007ff9adae0000 - 0x00007ff9adcc4000 	C:\WINDOWS\SYSTEM32\DBGHELP.DLL
0x00007ff9982c0000 - 0x00007ff9982ec000 	C:\WINDOWS\SYSTEM32\dbgcore.DLL
0x00007ff9b05d0000 - 0x00007ff9b0652000 	C:\WINDOWS\System32\bcryptPrimitives.dll
0x00007ff99ed10000 - 0x00007ff99ed39000 	C:\Users\Dark Knight\Desktop\Android Studio\jre\bin\java.dll
0x00007ff9ab890000 - 0x00007ff9ab89b000 	C:\Users\Dark Knight\Desktop\Android Studio\jre\bin\jimage.dll
0x00007ff9a7400000 - 0x00007ff9a7418000 	C:\Users\Dark Knight\Desktop\Android Studio\jre\bin\zip.dll
0x00007ff9b13a0000 - 0x00007ff9b1ae4000 	C:\WINDOWS\System32\SHELL32.dll
0x00007ff9adf10000 - 0x00007ff9ae6a4000 	C:\WINDOWS\SYSTEM32\windows.storage.dll
0x00007ff9b21a0000 - 0x00007ff9b24f5000 	C:\WINDOWS\System32\combase.dll
0x00007ff9af7c0000 - 0x00007ff9af7ee000 	C:\WINDOWS\SYSTEM32\Wldp.dll
0x00007ff9b1250000 - 0x00007ff9b12fd000 	C:\WINDOWS\System32\SHCORE.dll
0x00007ff9b0770000 - 0x00007ff9b07c5000 	C:\WINDOWS\System32\shlwapi.dll
0x00007ff9afd80000 - 0x00007ff9afd9f000 	C:\WINDOWS\SYSTEM32\profapi.dll
0x00007ff99e660000 - 0x00007ff99e67a000 	C:\Users\Dark Knight\Desktop\Android Studio\jre\bin\net.dll
0x00007ff99e9a0000 - 0x00007ff99eaac000 	C:\WINDOWS\SYSTEM32\WINHTTP.dll
0x00007ff9af520000 - 0x00007ff9af58a000 	C:\WINDOWS\system32\mswsock.dll
0x00007ff99e520000 - 0x00007ff99e534000 	C:\Users\Dark Knight\Desktop\Android Studio\jre\bin\nio.dll
0x00007ff9a75e0000 - 0x00007ff9a7607000 	C:\Users\Dark Knight\.gradle\native\fdc75f09e3144964f2cf3f50f0aa648679c211496f362492102eb8c894070792\windows-amd64\native-platform.dll
0x00007ff96dac0000 - 0x00007ff96dc56000 	C:\Users\Dark Knight\.gradle\native\12488b8bf47d2d4c9fbf2f6322a914ad602e24e48041cd04a747c6da556b65c4\windows-amd64\native-platform-file-events.dll
0x00007ff9ab1e0000 - 0x00007ff9ab1ea000 	C:\Users\Dark Knight\Desktop\Android Studio\jre\bin\management.dll
0x00007ff9ab190000 - 0x00007ff9ab19c000 	C:\Users\Dark Knight\Desktop\Android Studio\jre\bin\management_ext.dll
0x00007ff9af710000 - 0x00007ff9af728000 	C:\WINDOWS\SYSTEM32\CRYPTSP.dll
0x00007ff9aeea0000 - 0x00007ff9aeed4000 	C:\WINDOWS\system32\rsaenh.dll
0x00007ff9affd0000 - 0x00007ff9afff7000 	C:\WINDOWS\System32\bcrypt.dll
0x00007ff9afd40000 - 0x00007ff9afd6e000 	C:\WINDOWS\SYSTEM32\USERENV.dll
0x00007ff9af730000 - 0x00007ff9af73c000 	C:\WINDOWS\SYSTEM32\CRYPTBASE.dll
0x00007ff9af210000 - 0x00007ff9af24b000 	C:\WINDOWS\SYSTEM32\IPHLPAPI.DLL
0x00007ff9b1ba0000 - 0x00007ff9b1ba8000 	C:\WINDOWS\System32\NSI.dll
0x00007ff9a14e0000 - 0x00007ff9a14f7000 	C:\WINDOWS\SYSTEM32\dhcpcsvc6.DLL
0x00007ff9a15f0000 - 0x00007ff9a160d000 	C:\WINDOWS\SYSTEM32\dhcpcsvc.DLL
0x00007ff9af250000 - 0x00007ff9af31b000 	C:\WINDOWS\SYSTEM32\DNSAPI.dll
0x00007ff9a5000000 - 0x00007ff9a500b000 	C:\WINDOWS\SYSTEM32\WINNSI.DLL

dbghelp: loaded successfully - version: 4.0.5 - missing functions: none
symbol engine: initialized successfully - sym options: 0x614 - pdb path: .;C:\Users\Dark Knight\Desktop\Android Studio\jre\bin;C:\WINDOWS\SYSTEM32;C:\WINDOWS\WinSxS\amd64_microsoft.windows.common-controls_6595b64144ccf1df_6.0.19041.1110_none_60b5254171f9507e;C:\Users\Dark Knight\Desktop\Android Studio\jre\bin\server;C:\Users\Dark Knight\.gradle\native\fdc75f09e3144964f2cf3f50f0aa648679c211496f362492102eb8c894070792\windows-amd64;C:\Users\Dark Knight\.gradle\native\12488b8bf47d2d4c9fbf2f6322a914ad602e24e48041cd04a747c6da556b65c4\windows-amd64

VM Arguments:
jvm_args: --add-opens=java.base/java.util=ALL-UNNAMED --add-opens=java.base/java.lang=ALL-UNNAMED --add-opens=java.base/java.lang.invoke=ALL-UNNAMED --add-opens=java.prefs/java.util.prefs=ALL-UNNAMED -Xmx2048m -Dfile.encoding=UTF-8 -Duser.country=IN -Duser.language=en -Duser.variant 
java_command: org.gradle.launcher.daemon.bootstrap.GradleDaemon 6.7.1
java_class_path (initial): C:\Users\Dark Knight\.gradle\wrapper\dists\gradle-6.7.1-bin\bwlcbys1h7rz3272sye1xwiv6\gradle-6.7.1\lib\gradle-launcher-6.7.1.jar
Launcher Type: SUN_STANDARD

[Global flags]
     intx CICompilerCount                          = 4                                         {product} {ergonomic}
     uint ConcGCThreads                            = 2                                         {product} {ergonomic}
     uint G1ConcRefinementThreads                  = 8                                         {product} {ergonomic}
   size_t G1HeapRegionSize                         = 1048576                                   {product} {ergonomic}
    uintx GCDrainStackTargetSize                   = 64                                        {product} {ergonomic}
   size_t InitialHeapSize                          = 134217728                                 {product} {ergonomic}
   size_t MarkStackSize                            = 4194304                                   {product} {ergonomic}
   size_t MaxHeapSize                              = 2147483648                                {product} {command line}
   size_t MaxNewSize                               = 1287651328                                {product} {ergonomic}
   size_t MinHeapDeltaBytes                        = 1048576                                   {product} {ergonomic}
    uintx NonNMethodCodeHeapSize                   = 5836300                                {pd product} {ergonomic}
    uintx NonProfiledCodeHeapSize                  = 122910970                              {pd product} {ergonomic}
    uintx ProfiledCodeHeapSize                     = 122910970                              {pd product} {ergonomic}
    uintx ReservedCodeCacheSize                    = 251658240                              {pd product} {ergonomic}
     bool SegmentedCodeCache                       = true                                      {product} {ergonomic}
     bool UseCompressedClassPointers               = true                                 {lp64_product} {ergonomic}
     bool UseCompressedOops                        = true                                 {lp64_product} {ergonomic}
     bool UseG1GC                                  = true                                      {product} {ergonomic}
     bool UseLargePagesIndividualAllocation        = false                                  {pd product} {ergonomic}

Logging:
Log output configuration:
 #0: stdout all=warning uptime,level,tags
 #1: stderr all=off uptime,level,tags

Environment Variables:
PATH=C:\Windows\system32;C:\Windows;C:\Windows\System32\Wbem;C:\Windows\System32\WindowsPowerShell\v1.0\;C:\Windows\System32\OpenSSH\;C:\Program Files (x86)\NVIDIA Corporation\PhysX\Common;C:\Program Files\NVIDIA Corporation\NVIDIA NvDLISR;C:\WINDOWS\system32;C:\WINDOWS;C:\WINDOWS\System32\Wbem;C:\WINDOWS\System32\WindowsPowerShell\v1.0\;C:\WINDOWS\System32\OpenSSH\;C:\MinGW\bin;C:\Program Files\MEGA-X;C:\WINDOWS\system32;C:\WINDOWS;C:\WINDOWS\System32\Wbem;C:\WINDOWS\System32\WindowsPowerShell\v1.0\;C:\WINDOWS\System32\OpenSSH\;C:\Program Files\Git\cmd;C:\Users\Dark Knight\AppData\Local\Microsoft\WindowsApps;C:\Users\Dark Knight\AppData\Local\atom\bin;C:\MinGW\bin;C:\Program Files (x86)\Microsoft Visual Studio\2019\BuildTools\MSBuild\Current\Bin;C:\Users\Dark Knight\AppData\Local\Microsoft\WindowsApps
USERNAME=Dark Knight
OS=Windows_NT
PROCESSOR_IDENTIFIER=Intel64 Family 6 Model 158 Stepping 10, GenuineIntel



---------------  S Y S T E M  ---------------

OS: Windows 10 , 64 bit Build 19041 (10.0.19041.1348)
OS uptime: 4 days 13:12 hours

CPU:total 8 (initial active 8) (4 cores per cpu, 2 threads per core) family 6 model 158 stepping 10, cmov, cx8, fxsr, mmx, sse, sse2, sse3, ssse3, sse4.1, sse4.2, popcnt, avx, avx2, aes, clmul, erms, 3dnowpref, lzcnt, ht, tsc, tscinvbit, bmi1, bmi2, adx, fma

Memory: 4k page, system-wide physical 8072M (526M free)
TotalPageFile size 12168M (AvailPageFile size 5M)
current process WorkingSet (physical memory assigned to process): 487M, peak: 487M
current process commit charge ("private bytes"): 547M, peak: 549M

vm_info: OpenJDK 64-Bit Server VM (11.0.8+10-b944.6842174) for windows-amd64 JRE (11.0.8+10-b944.6842174), built on Sep 19 2020 01:11:42 by "builder" with MS VC++ 14.0 (VS2015)

END.
