#
# There is insufficient memory for the Java Runtime Environment to continue.
# Native memory allocation (malloc) failed to allocate 1886976 bytes for Chunk::new
# Possible reasons:
#   The system is out of physical RAM or swap space
#   The process is running with CompressedOops enabled, and the Java Heap may be blocking the growth of the native heap
# Possible solutions:
#   Reduce memory load on the system
#   Increase physical memory or swap space
#   Check if swap backing store is full
#   Decrease Java heap size (-Xmx/-Xms)
#   Decrease number of Java threads
#   Decrease Java thread stack sizes (-Xss)
#   Set larger code cache with -XX:ReservedCodeCacheSize=
#   JVM is running with Unscaled Compressed Oops mode in which the Java heap is
#     placed in the first 4GB address space. The Java Heap base address is the
#     maximum limit for the native heap growth. Please use -XX:HeapBaseMinAddress
#     to set the Java Heap base and to place the Java Heap above 4GB virtual address.
# This output file may be truncated or incomplete.
#
#  Out of Memory Error (./src/hotspot/share/memory/arena.cpp:197), pid=14764, tid=20064
#
# JRE version: OpenJDK Runtime Environment (11.0.8+10) (build 11.0.8+10-b944.6842174)
# Java VM: OpenJDK 64-Bit Server VM (11.0.8+10-b944.6842174, mixed mode, tiered, compressed oops, g1 gc, windows-amd64)
# No core dump will be written. Minidumps are not enabled by default on client versions of Windows
#

---------------  S U M M A R Y ------------

Command Line: --add-opens=java.base/java.util=ALL-UNNAMED --add-opens=java.base/java.lang=ALL-UNNAMED --add-opens=java.base/java.lang.invoke=ALL-UNNAMED --add-opens=java.prefs/java.util.prefs=ALL-UNNAMED -Xmx2048m -Dfile.encoding=UTF-8 -Duser.country=IN -Duser.language=en -Duser.variant org.gradle.launcher.daemon.bootstrap.GradleDaemon 6.7.1

Host: Intel(R) Core(TM) i5-9300H CPU @ 2.40GHz, 8 cores, 7G,  Windows 10 , 64 bit Build 19041 (10.0.19041.1348)
Time: Wed Dec 22 22:58:22 2021 India Standard Time elapsed time: 14 seconds (0d 0h 0m 14s)

---------------  T H R E A D  ---------------

Current thread (0x000001def94e4800):  JavaThread "C2 CompilerThread0" daemon [_thread_in_native, id=20064, stack(0x000000262f300000,0x000000262f400000)]


Current CompileTask:
C2:  14221 9784 %     4       com.android.tools.r8.dex.n::a @ 315 (913 bytes)

Stack: [0x000000262f300000,0x000000262f400000]
Native frames: (J=compiled Java code, j=interpreted, Vv=VM code, C=native code)
V  [jvm.dll+0x5de50a]
V  [jvm.dll+0x7122f5]
V  [jvm.dll+0x71384d]
V  [jvm.dll+0x713f03]
V  [jvm.dll+0x23e728]
V  [jvm.dll+0xb899c]
V  [jvm.dll+0xb8e9c]
V  [jvm.dll+0x2b20e4]
V  [jvm.dll+0x502098]
V  [jvm.dll+0x1ff393]
V  [jvm.dll+0x1f917c]
V  [jvm.dll+0x1f685f]
V  [jvm.dll+0x17f32c]
V  [jvm.dll+0x205047]
V  [jvm.dll+0x203891]
V  [jvm.dll+0x6dad3f]
V  [jvm.dll+0x6d3895]
V  [jvm.dll+0x5dd4a6]
C  [ucrtbase.dll+0x21bb2]
C  [KERNEL32.DLL+0x17034]
C  [ntdll.dll+0x52651]


---------------  P R O C E S S  ---------------

Threads class SMR info:
_java_thread_list=0x000001de91e1d3c0, length=186, elements={
0x000001deeb89c000, 0x000001def8c70000, 0x000001def8c7a000, 0x000001def8c82800,
0x000001def94e0800, 0x000001def94e4800, 0x000001def94e9000, 0x000001def94f4800,
0x000001def964a800, 0x000001def965c800, 0x000001defaa0b000, 0x000001def9888800,
0x000001def985d000, 0x000001defaf1c000, 0x000001defa8f9000, 0x000001defa8a6000,
0x000001defb98e800, 0x000001defaa69000, 0x000001defb830000, 0x000001defb607000,
0x000001defba50000, 0x000001defac48800, 0x000001defac45800, 0x000001defac47800,
0x000001defac49800, 0x000001defac46000, 0x000001defac44800, 0x000001defac4b000,
0x000001defac4a000, 0x000001defac47000, 0x000001defbea5000, 0x000001defbe9f800,
0x000001defbea6000, 0x000001defbea2800, 0x000001defbea1000, 0x000001defbea0800,
0x000001defbea8800, 0x000001defbeab800, 0x000001defbeac800, 0x000001defbea7000,
0x000001defbeab000, 0x000001defbea9000, 0x000001defbeaa000, 0x000001defbead800,
0x000001defbea7800, 0x000001defbeae000, 0x000001defeedb800, 0x000001defeedc000,
0x000001defeedd000, 0x000001defeed7000, 0x000001defeede000, 0x000001defeed8000,
0x000001defeede800, 0x000001defeed9000, 0x000001defeeda800, 0x000001defeedf800,
0x000001defeed9800, 0x000001defeee2800, 0x000001defeee1000, 0x000001defeee5000,
0x000001defeee6000, 0x000001defeee3800, 0x000001defeee0000, 0x000001defeee4800,
0x000001defeee2000, 0x000001defe155800, 0x000001defe157800, 0x000001defe157000,
0x000001defe156000, 0x000001defe15d800, 0x000001defe15e800, 0x000001defe158800,
0x000001defe15f000, 0x000001defe159800, 0x000001defe15c000, 0x000001defe15b000,
0x000001defe160000, 0x000001defe15a000, 0x000001defe160800, 0x000001defe162800,
0x000001defe15c800, 0x000001defe161800, 0x000001defe163000, 0x000001defe164000,
0x000001defd5af800, 0x000001defd5af000, 0x000001defd5ad000, 0x000001defd5b0800,
0x000001defd5b1000, 0x000001defd5b2000, 0x000001defd5ac800, 0x000001defd5b3000,
0x000001defd5b3800, 0x000001defd5ae000, 0x000001defd5ba000, 0x000001defd5b8000,
0x000001defd5b9800, 0x000001defd5b7000, 0x000001defd5b5800, 0x000001defd5b6000,
0x000001defd5b8800, 0x000001defd5b4800, 0x000001defd5bb000, 0x000001defd889000,
0x000001defd88b800, 0x000001defd88e000, 0x000001defd88f000, 0x000001defd88f800,
0x000001defd88c800, 0x000001defd88d000, 0x000001defd88a000, 0x000001defd890800,
0x000001defd88b000, 0x000001defd894800, 0x000001defd893000, 0x000001defd897000,
0x000001defd895800, 0x000001defd892000, 0x000001defd894000, 0x000001defd896000,
0x000001defd891800, 0x000001defd898000, 0x000001defddf1800, 0x000001defddf2000,
0x000001defdded800, 0x000001defddf3000, 0x000001defddf4000, 0x000001defddee000,
0x000001defddf4800, 0x000001defddef000, 0x000001defddf0800, 0x000001defddef800,
0x000001defddf8000, 0x000001defddf8800, 0x000001defddfb000, 0x000001defddf6800,
0x000001defddf5800, 0x000001defddfc000, 0x000001defddfa800, 0x000001defddf7000,
0x000001defddf9800, 0x000001defdb8e000, 0x000001defdb8c000, 0x000001defdb8d000,
0x000001defdb8e800, 0x000001defdb8f800, 0x000001defdb90000, 0x000001defdb8b800,
0x000001defdb8a800, 0x000001defdb91000, 0x000001defdd43000, 0x000001defdd3f800,
0x000001defdd44800, 0x000001defdd40800, 0x000001defdd42000, 0x000001defdd45800,
0x000001defdd46000, 0x000001defdd43800, 0x000001defefa8800, 0x000001defdd47000,
0x000001defdd48000, 0x000001defdd4d800, 0x000001defdd4b000, 0x000001defdd4e800,
0x000001defdd48800, 0x000001defdd49800, 0x000001defdd4c800, 0x000001defdd4a000,
0x000001defdd4c000, 0x000001deffcc6000, 0x000001deffcc4800, 0x000001deffcc5800,
0x000001deffcc7000, 0x000001deffcc8000, 0x000001deffcc3000, 0x000001deffcc8800,
0x000001deffcc9800, 0x000001deffcc3800, 0x000001deffccd800, 0x000001deffcce800,
0x000001deffccb000, 0x000001deffcd0000, 0x000001deffccf000, 0x000001deffccc800,
0x000001deffccc000, 0x000001deffcca800
}

Java Threads: ( => current thread )
  0x000001deeb89c000 JavaThread "main" [_thread_blocked, id=856, stack(0x000000262e800000,0x000000262e900000)]
  0x000001def8c70000 JavaThread "Reference Handler" daemon [_thread_blocked, id=25032, stack(0x000000262ef00000,0x000000262f000000)]
  0x000001def8c7a000 JavaThread "Finalizer" daemon [_thread_blocked, id=13352, stack(0x000000262f000000,0x000000262f100000)]
  0x000001def8c82800 JavaThread "Signal Dispatcher" daemon [_thread_blocked, id=16328, stack(0x000000262f100000,0x000000262f200000)]
  0x000001def94e0800 JavaThread "Attach Listener" daemon [_thread_blocked, id=27616, stack(0x000000262f200000,0x000000262f300000)]
=>0x000001def94e4800 JavaThread "C2 CompilerThread0" daemon [_thread_in_native, id=20064, stack(0x000000262f300000,0x000000262f400000)]
  0x000001def94e9000 JavaThread "C1 CompilerThread0" daemon [_thread_blocked, id=20336, stack(0x000000262f400000,0x000000262f500000)]
  0x000001def94f4800 JavaThread "Sweeper thread" daemon [_thread_blocked, id=2652, stack(0x000000262f500000,0x000000262f600000)]
  0x000001def964a800 JavaThread "Common-Cleaner" daemon [_thread_blocked, id=19312, stack(0x000000262f600000,0x000000262f700000)]
  0x000001def965c800 JavaThread "Service Thread" daemon [_thread_blocked, id=19036, stack(0x000000262f700000,0x000000262f800000)]
  0x000001defaa0b000 JavaThread "Daemon health stats" [_thread_blocked, id=14060, stack(0x000000262fd00000,0x000000262fe00000)]
  0x000001def9888800 JavaThread "Incoming local TCP Connector on port 58895" [_thread_in_native, id=3724, stack(0x000000262fe00000,0x000000262ff00000)]
  0x000001def985d000 JavaThread "C2 CompilerThread1" daemon [_thread_in_native, id=24088, stack(0x000000262ff00000,0x0000002630000000)]
  0x000001defaf1c000 JavaThread "Daemon periodic checks" [_thread_blocked, id=22552, stack(0x0000002630000000,0x0000002630100000)]
  0x000001defa8f9000 JavaThread "Daemon" [_thread_blocked, id=17680, stack(0x0000002630100000,0x0000002630200000)]
  0x000001defa8a6000 JavaThread "Handler for socket connection from /127.0.0.1:58895 to /127.0.0.1:58896" [_thread_in_native, id=21124, stack(0x0000002630200000,0x0000002630300000)]
  0x000001defb98e800 JavaThread "Cancel handler" [_thread_blocked, id=11508, stack(0x0000002630300000,0x0000002630400000)]
  0x000001defaa69000 JavaThread "Daemon worker" [_thread_blocked, id=22020, stack(0x0000002630400000,0x0000002630500000)]
  0x000001defb830000 JavaThread "Asynchronous log dispatcher for DefaultDaemonConnection: socket connection from /127.0.0.1:58895 to /127.0.0.1:58896" [_thread_blocked, id=21624, stack(0x0000002630500000,0x0000002630600000)]
  0x000001defb607000 JavaThread "Stdin handler" [_thread_blocked, id=15632, stack(0x0000002630600000,0x0000002630700000)]
  0x000001defba50000 JavaThread "Thread-8" [_thread_blocked, id=11988, stack(0x0000002630700000,0x0000002630800000)]
  0x000001defac48800 JavaThread "Cache worker for file hash cache (C:\Users\Dark Knight\.gradle\caches\6.7.1\fileHashes)" [_thread_blocked, id=10220, stack(0x0000002630d00000,0x0000002630e00000)]
  0x000001defac45800 JavaThread "File lock request listener" [_thread_in_native, id=3572, stack(0x0000002630e00000,0x0000002630f00000)]
  0x000001defac47800 JavaThread "Cache worker for journal cache (C:\Users\Dark Knight\.gradle\caches\journal-1)" [_thread_blocked, id=6712, stack(0x0000002631000000,0x0000002631100000)]
  0x000001defac49800 JavaThread "Cache worker for file hash cache (C:\Android Projects\Udemy TUTORIAL\.gradle\6.7.1\fileHashes)" [_thread_blocked, id=10276, stack(0x0000002631100000,0x0000002631200000)]
  0x000001defac46000 JavaThread "Cache worker for checksums cache (C:\Android Projects\Udemy TUTORIAL\.gradle\checksums)" [_thread_blocked, id=6516, stack(0x0000002631200000,0x0000002631300000)]
  0x000001defac44800 JavaThread "Cache worker for cache directory md-supplier (C:\Users\Dark Knight\.gradle\caches\6.7.1\md-supplier)" [_thread_blocked, id=14592, stack(0x0000002631300000,0x0000002631400000)]
  0x000001defac4b000 JavaThread "Cache worker for cache directory md-rule (C:\Users\Dark Knight\.gradle\caches\6.7.1\md-rule)" [_thread_blocked, id=25568, stack(0x0000002631400000,0x0000002631500000)]
  0x000001defac4a000 JavaThread "Cache worker for execution history cache (C:\Users\Dark Knight\.gradle\caches\6.7.1\executionHistory)" [_thread_blocked, id=3024, stack(0x0000002631500000,0x0000002631600000)]
  0x000001defac47000 JavaThread "jar transforms" [_thread_blocked, id=21996, stack(0x0000002631600000,0x0000002631700000)]
  0x000001defbea5000 JavaThread "Cache worker for file content cache (C:\Users\Dark Knight\.gradle\caches\6.7.1\fileContent)" [_thread_blocked, id=21364, stack(0x0000002631700000,0x0000002631800000)]
  0x000001defbe9f800 JavaThread "Cache worker for Build Output Cleanup Cache (C:\Android Projects\Udemy TUTORIAL\.gradle\buildOutputCleanup)" [_thread_blocked, id=1612, stack(0x0000002631800000,0x0000002631900000)]
  0x000001defbea6000 JavaThread "Build operations" [_thread_blocked, id=4268, stack(0x0000002631900000,0x0000002631a00000)]
  0x000001defbea2800 JavaThread "Build operations Thread 2" [_thread_blocked, id=10616, stack(0x0000002631a00000,0x0000002631b00000)]
  0x000001defbea1000 JavaThread "Build operations Thread 3" [_thread_blocked, id=27248, stack(0x0000002631b00000,0x0000002631c00000)]
  0x000001defbea0800 JavaThread "Build operations Thread 4" [_thread_blocked, id=15624, stack(0x0000002631c00000,0x0000002631d00000)]
  0x000001defbea8800 JavaThread "Build operations Thread 5" [_thread_blocked, id=27516, stack(0x0000002631d00000,0x0000002631e00000)]
  0x000001defbeab800 JavaThread "Build operations Thread 6" [_thread_blocked, id=1032, stack(0x0000002631e00000,0x0000002631f00000)]
  0x000001defbeac800 JavaThread "Build operations Thread 7" [_thread_blocked, id=26840, stack(0x0000002631f00000,0x0000002632000000)]
  0x000001defbea7000 JavaThread "Build operations Thread 8" [_thread_blocked, id=24256, stack(0x0000002632000000,0x0000002632100000)]
  0x000001defbeab000 JavaThread "jar transforms Thread 2" [_thread_blocked, id=16220, stack(0x0000002632100000,0x0000002632200000)]
  0x000001defbea9000 JavaThread "jar transforms Thread 3" [_thread_blocked, id=2792, stack(0x0000002632200000,0x0000002632300000)]
  0x000001defbeaa000 JavaThread "jar transforms Thread 4" [_thread_blocked, id=27172, stack(0x0000002632300000,0x0000002632400000)]
  0x000001defbead800 JavaThread "jar transforms Thread 5" [_thread_blocked, id=1496, stack(0x0000002632400000,0x0000002632500000)]
  0x000001defbea7800 JavaThread "jar transforms Thread 6" [_thread_blocked, id=25944, stack(0x0000002632500000,0x0000002632600000)]
  0x000001defbeae000 JavaThread "jar transforms Thread 7" [_thread_blocked, id=24516, stack(0x0000002632600000,0x0000002632700000)]
  0x000001defeedb800 JavaThread "jar transforms Thread 8" [_thread_blocked, id=20696, stack(0x0000002632700000,0x0000002632800000)]
  0x000001defeedc000 JavaThread "jar transforms Thread 9" [_thread_blocked, id=23796, stack(0x0000002632800000,0x0000002632900000)]
  0x000001defeedd000 JavaThread "jar transforms Thread 10" [_thread_blocked, id=16984, stack(0x0000002632900000,0x0000002632a00000)]
  0x000001defeed7000 JavaThread "jar transforms Thread 11" [_thread_blocked, id=27136, stack(0x0000002632a00000,0x0000002632b00000)]
  0x000001defeede000 JavaThread "jar transforms Thread 12" [_thread_blocked, id=22516, stack(0x0000002632b00000,0x0000002632c00000)]
  0x000001defeed8000 JavaThread "jar transforms Thread 13" [_thread_blocked, id=27504, stack(0x0000002632c00000,0x0000002632d00000)]
  0x000001defeede800 JavaThread "jar transforms Thread 14" [_thread_blocked, id=25652, stack(0x0000002632d00000,0x0000002632e00000)]
  0x000001defeed9000 JavaThread "jar transforms Thread 15" [_thread_blocked, id=11100, stack(0x0000002632e00000,0x0000002632f00000)]
  0x000001defeeda800 JavaThread "jar transforms Thread 16" [_thread_blocked, id=26152, stack(0x0000002632f00000,0x0000002633000000)]
  0x000001defeedf800 JavaThread "jar transforms Thread 17" [_thread_blocked, id=15068, stack(0x0000002633000000,0x0000002633100000)]
  0x000001defeed9800 JavaThread "jar transforms Thread 18" [_thread_blocked, id=21456, stack(0x0000002633100000,0x0000002633200000)]
  0x000001defeee2800 JavaThread "jar transforms Thread 19" [_thread_blocked, id=24148, stack(0x0000002633200000,0x0000002633300000)]
  0x000001defeee1000 JavaThread "jar transforms Thread 20" [_thread_blocked, id=26928, stack(0x0000002633300000,0x0000002633400000)]
  0x000001defeee5000 JavaThread "jar transforms Thread 21" [_thread_blocked, id=17732, stack(0x0000002633400000,0x0000002633500000)]
  0x000001defeee6000 JavaThread "jar transforms Thread 22" [_thread_blocked, id=2324, stack(0x0000002633500000,0x0000002633600000)]
  0x000001defeee3800 JavaThread "jar transforms Thread 23" [_thread_blocked, id=25856, stack(0x0000002633600000,0x0000002633700000)]
  0x000001defeee0000 JavaThread "jar transforms Thread 24" [_thread_blocked, id=15248, stack(0x0000002633700000,0x0000002633800000)]
  0x000001defeee4800 JavaThread "jar transforms Thread 25" [_thread_blocked, id=20716, stack(0x0000002633800000,0x0000002633900000)]
  0x000001defeee2000 JavaThread "jar transforms Thread 26" [_thread_blocked, id=22804, stack(0x0000002633900000,0x0000002633a00000)]
  0x000001defe155800 JavaThread "jar transforms Thread 27" [_thread_blocked, id=16492, stack(0x0000002633a00000,0x0000002633b00000)]
  0x000001defe157800 JavaThread "jar transforms Thread 28" [_thread_blocked, id=19980, stack(0x0000002633b00000,0x0000002633c00000)]
  0x000001defe157000 JavaThread "jar transforms Thread 29" [_thread_blocked, id=27020, stack(0x0000002633c00000,0x0000002633d00000)]
  0x000001defe156000 JavaThread "jar transforms Thread 30" [_thread_blocked, id=10632, stack(0x0000002633d00000,0x0000002633e00000)]
  0x000001defe15d800 JavaThread "jar transforms Thread 31" [_thread_blocked, id=21340, stack(0x0000002633e00000,0x0000002633f00000)]
  0x000001defe15e800 JavaThread "jar transforms Thread 32" [_thread_blocked, id=18572, stack(0x0000002633f00000,0x0000002634000000)]
  0x000001defe158800 JavaThread "jar transforms Thread 33" [_thread_blocked, id=9200, stack(0x0000002634000000,0x0000002634100000)]
  0x000001defe15f000 JavaThread "jar transforms Thread 34" [_thread_blocked, id=10888, stack(0x0000002634100000,0x0000002634200000)]
  0x000001defe159800 JavaThread "jar transforms Thread 35" [_thread_blocked, id=19520, stack(0x0000002634200000,0x0000002634300000)]
  0x000001defe15c000 JavaThread "jar transforms Thread 36" [_thread_blocked, id=15664, stack(0x0000002634300000,0x0000002634400000)]
  0x000001defe15b000 JavaThread "jar transforms Thread 37" [_thread_blocked, id=26932, stack(0x0000002634400000,0x0000002634500000)]
  0x000001defe160000 JavaThread "jar transforms Thread 38" [_thread_blocked, id=23004, stack(0x0000002634500000,0x0000002634600000)]
  0x000001defe15a000 JavaThread "jar transforms Thread 39" [_thread_blocked, id=20896, stack(0x0000002634600000,0x0000002634700000)]
  0x000001defe160800 JavaThread "jar transforms Thread 40" [_thread_blocked, id=26432, stack(0x0000002634700000,0x0000002634800000)]
  0x000001defe162800 JavaThread "jar transforms Thread 41" [_thread_blocked, id=10108, stack(0x0000002634800000,0x0000002634900000)]
  0x000001defe15c800 JavaThread "jar transforms Thread 42" [_thread_blocked, id=26972, stack(0x0000002634900000,0x0000002634a00000)]
  0x000001defe161800 JavaThread "jar transforms Thread 43" [_thread_blocked, id=20484, stack(0x0000002634a00000,0x0000002634b00000)]
  0x000001defe163000 JavaThread "jar transforms Thread 44" [_thread_blocked, id=1792, stack(0x0000002634b00000,0x0000002634c00000)]
  0x000001defe164000 JavaThread "jar transforms Thread 45" [_thread_blocked, id=26148, stack(0x0000002634c00000,0x0000002634d00000)]
  0x000001defd5af800 JavaThread "jar transforms Thread 46" [_thread_blocked, id=26040, stack(0x0000002634d00000,0x0000002634e00000)]
  0x000001defd5af000 JavaThread "jar transforms Thread 47" [_thread_blocked, id=6496, stack(0x0000002634e00000,0x0000002634f00000)]
  0x000001defd5ad000 JavaThread "jar transforms Thread 48" [_thread_blocked, id=21292, stack(0x0000002634f00000,0x0000002635000000)]
  0x000001defd5b0800 JavaThread "jar transforms Thread 49" [_thread_blocked, id=11616, stack(0x0000002635000000,0x0000002635100000)]
  0x000001defd5b1000 JavaThread "jar transforms Thread 50" [_thread_blocked, id=26604, stack(0x0000002635100000,0x0000002635200000)]
  0x000001defd5b2000 JavaThread "jar transforms Thread 51" [_thread_blocked, id=10380, stack(0x0000002635200000,0x0000002635300000)]
  0x000001defd5ac800 JavaThread "jar transforms Thread 52" [_thread_blocked, id=8268, stack(0x0000002635300000,0x0000002635400000)]
  0x000001defd5b3000 JavaThread "jar transforms Thread 53" [_thread_blocked, id=13736, stack(0x0000002635400000,0x0000002635500000)]
  0x000001defd5b3800 JavaThread "jar transforms Thread 54" [_thread_blocked, id=26452, stack(0x0000002635500000,0x0000002635600000)]
  0x000001defd5ae000 JavaThread "jar transforms Thread 55" [_thread_blocked, id=4172, stack(0x0000002635600000,0x0000002635700000)]
  0x000001defd5ba000 JavaThread "jar transforms Thread 56" [_thread_blocked, id=25216, stack(0x0000002635700000,0x0000002635800000)]
  0x000001defd5b8000 JavaThread "jar transforms Thread 57" [_thread_blocked, id=13344, stack(0x0000002635800000,0x0000002635900000)]
  0x000001defd5b9800 JavaThread "jar transforms Thread 58" [_thread_blocked, id=2104, stack(0x0000002635900000,0x0000002635a00000)]
  0x000001defd5b7000 JavaThread "jar transforms Thread 59" [_thread_blocked, id=27388, stack(0x0000002635a00000,0x0000002635b00000)]
  0x000001defd5b5800 JavaThread "jar transforms Thread 60" [_thread_blocked, id=8684, stack(0x0000002635b00000,0x0000002635c00000)]
  0x000001defd5b6000 JavaThread "jar transforms Thread 61" [_thread_blocked, id=23212, stack(0x0000002635c00000,0x0000002635d00000)]
  0x000001defd5b8800 JavaThread "jar transforms Thread 62" [_thread_blocked, id=2148, stack(0x0000002635d00000,0x0000002635e00000)]
  0x000001defd5b4800 JavaThread "jar transforms Thread 63" [_thread_blocked, id=13176, stack(0x0000002635e00000,0x0000002635f00000)]
  0x000001defd5bb000 JavaThread "jar transforms Thread 64" [_thread_blocked, id=20552, stack(0x0000002635f00000,0x0000002636000000)]
  0x000001defd889000 JavaThread "jar transforms Thread 65" [_thread_blocked, id=16520, stack(0x0000002636000000,0x0000002636100000)]
  0x000001defd88b800 JavaThread "jar transforms Thread 66" [_thread_blocked, id=8528, stack(0x0000002636100000,0x0000002636200000)]
  0x000001defd88e000 JavaThread "jar transforms Thread 67" [_thread_blocked, id=9040, stack(0x0000002636200000,0x0000002636300000)]
  0x000001defd88f000 JavaThread "jar transforms Thread 68" [_thread_blocked, id=15320, stack(0x0000002636300000,0x0000002636400000)]
  0x000001defd88f800 JavaThread "jar transforms Thread 69" [_thread_blocked, id=8116, stack(0x0000002636400000,0x0000002636500000)]
  0x000001defd88c800 JavaThread "jar transforms Thread 70" [_thread_blocked, id=14068, stack(0x0000002636500000,0x0000002636600000)]
  0x000001defd88d000 JavaThread "jar transforms Thread 71" [_thread_blocked, id=16096, stack(0x0000002636600000,0x0000002636700000)]
  0x000001defd88a000 JavaThread "jar transforms Thread 72" [_thread_blocked, id=19956, stack(0x0000002636700000,0x0000002636800000)]
  0x000001defd890800 JavaThread "jar transforms Thread 73" [_thread_blocked, id=2636, stack(0x0000002636800000,0x0000002636900000)]
  0x000001defd88b000 JavaThread "jar transforms Thread 74" [_thread_blocked, id=11428, stack(0x0000002636900000,0x0000002636a00000)]
  0x000001defd894800 JavaThread "jar transforms Thread 75" [_thread_blocked, id=7652, stack(0x0000002636a00000,0x0000002636b00000)]
  0x000001defd893000 JavaThread "jar transforms Thread 76" [_thread_blocked, id=25244, stack(0x0000002636b00000,0x0000002636c00000)]
  0x000001defd897000 JavaThread "jar transforms Thread 77" [_thread_blocked, id=21756, stack(0x0000002636c00000,0x0000002636d00000)]
  0x000001defd895800 JavaThread "jar transforms Thread 78" [_thread_blocked, id=3060, stack(0x0000002636d00000,0x0000002636e00000)]
  0x000001defd892000 JavaThread "jar transforms Thread 79" [_thread_blocked, id=25596, stack(0x0000002636e00000,0x0000002636f00000)]
  0x000001defd894000 JavaThread "jar transforms Thread 80" [_thread_blocked, id=26376, stack(0x0000002636f00000,0x0000002637000000)]
  0x000001defd896000 JavaThread "jar transforms Thread 81" [_thread_blocked, id=18636, stack(0x0000002637000000,0x0000002637100000)]
  0x000001defd891800 JavaThread "jar transforms Thread 82" [_thread_blocked, id=18968, stack(0x0000002637100000,0x0000002637200000)]
  0x000001defd898000 JavaThread "jar transforms Thread 83" [_thread_blocked, id=25580, stack(0x0000002637200000,0x0000002637300000)]
  0x000001defddf1800 JavaThread "jar transforms Thread 84" [_thread_blocked, id=23088, stack(0x0000002637300000,0x0000002637400000)]
  0x000001defddf2000 JavaThread "jar transforms Thread 85" [_thread_blocked, id=3216, stack(0x0000002637400000,0x0000002637500000)]
  0x000001defdded800 JavaThread "jar transforms Thread 86" [_thread_blocked, id=9152, stack(0x0000002637500000,0x0000002637600000)]
  0x000001defddf3000 JavaThread "jar transforms Thread 87" [_thread_blocked, id=20224, stack(0x0000002637600000,0x0000002637700000)]
  0x000001defddf4000 JavaThread "jar transforms Thread 88" [_thread_blocked, id=23172, stack(0x0000002637700000,0x0000002637800000)]
  0x000001defddee000 JavaThread "jar transforms Thread 89" [_thread_blocked, id=26340, stack(0x0000002637800000,0x0000002637900000)]
  0x000001defddf4800 JavaThread "jar transforms Thread 90" [_thread_blocked, id=13172, stack(0x0000002637900000,0x0000002637a00000)]
  0x000001defddef000 JavaThread "jar transforms Thread 91" [_thread_blocked, id=18288, stack(0x0000002637a00000,0x0000002637b00000)]
  0x000001defddf0800 JavaThread "jar transforms Thread 92" [_thread_blocked, id=10908, stack(0x0000002637b00000,0x0000002637c00000)]
  0x000001defddef800 JavaThread "jar transforms Thread 93" [_thread_blocked, id=23592, stack(0x0000002637c00000,0x0000002637d00000)]
  0x000001defddf8000 JavaThread "jar transforms Thread 94" [_thread_blocked, id=12648, stack(0x0000002637d00000,0x0000002637e00000)]
  0x000001defddf8800 JavaThread "jar transforms Thread 95" [_thread_blocked, id=14312, stack(0x0000002637e00000,0x0000002637f00000)]
  0x000001defddfb000 JavaThread "jar transforms Thread 96" [_thread_blocked, id=22960, stack(0x0000002637f00000,0x0000002638000000)]
  0x000001defddf6800 JavaThread "jar transforms Thread 97" [_thread_blocked, id=25212, stack(0x0000002638000000,0x0000002638100000)]
  0x000001defddf5800 JavaThread "jar transforms Thread 98" [_thread_blocked, id=14316, stack(0x0000002638100000,0x0000002638200000)]
  0x000001defddfc000 JavaThread "jar transforms Thread 99" [_thread_blocked, id=26596, stack(0x0000002638200000,0x0000002638300000)]
  0x000001defddfa800 JavaThread "jar transforms Thread 100" [_thread_blocked, id=25708, stack(0x0000002638300000,0x0000002638400000)]
  0x000001defddf7000 JavaThread "jar transforms Thread 101" [_thread_blocked, id=21492, stack(0x0000002638400000,0x0000002638500000)]
  0x000001defddf9800 JavaThread "jar transforms Thread 102" [_thread_blocked, id=22188, stack(0x0000002638500000,0x0000002638600000)]
  0x000001defdb8e000 JavaThread "jar transforms Thread 103" [_thread_blocked, id=18120, stack(0x0000002638600000,0x0000002638700000)]
  0x000001defdb8c000 JavaThread "jar transforms Thread 104" [_thread_blocked, id=19536, stack(0x0000002638700000,0x0000002638800000)]
  0x000001defdb8d000 JavaThread "jar transforms Thread 105" [_thread_blocked, id=13928, stack(0x0000002638800000,0x0000002638900000)]
  0x000001defdb8e800 JavaThread "jar transforms Thread 106" [_thread_blocked, id=13820, stack(0x0000002638900000,0x0000002638a00000)]
  0x000001defdb8f800 JavaThread "jar transforms Thread 107" [_thread_blocked, id=19888, stack(0x0000002638a00000,0x0000002638b00000)]
  0x000001defdb90000 JavaThread "jar transforms Thread 108" [_thread_blocked, id=15736, stack(0x0000002638b00000,0x0000002638c00000)]
  0x000001defdb8b800 JavaThread "jar transforms Thread 109" [_thread_blocked, id=24312, stack(0x0000002638c00000,0x0000002638d00000)]
  0x000001defdb8a800 JavaThread "jar transforms Thread 110" [_thread_blocked, id=27396, stack(0x0000002638d00000,0x0000002638e00000)]
  0x000001defdb91000 JavaThread "jar transforms Thread 111" [_thread_blocked, id=26940, stack(0x0000002638e00000,0x0000002638f00000)]
  0x000001defdd43000 JavaThread "jar transforms Thread 112" [_thread_blocked, id=24896, stack(0x0000002638f00000,0x0000002639000000)]
  0x000001defdd3f800 JavaThread "jar transforms Thread 113" [_thread_blocked, id=17880, stack(0x0000002639000000,0x0000002639100000)]
  0x000001defdd44800 JavaThread "jar transforms Thread 114" [_thread_blocked, id=26628, stack(0x0000002639100000,0x0000002639200000)]
  0x000001defdd40800 JavaThread "jar transforms Thread 115" [_thread_blocked, id=23820, stack(0x0000002639200000,0x0000002639300000)]
  0x000001defdd42000 JavaThread "jar transforms Thread 116" [_thread_blocked, id=18828, stack(0x0000002639300000,0x0000002639400000)]
  0x000001defdd45800 JavaThread "jar transforms Thread 117" [_thread_blocked, id=27096, stack(0x0000002639400000,0x0000002639500000)]
  0x000001defdd46000 JavaThread "jar transforms Thread 118" [_thread_blocked, id=27028, stack(0x0000002639500000,0x0000002639600000)]
  0x000001defdd43800 JavaThread "jar transforms Thread 119" [_thread_blocked, id=19368, stack(0x0000002639600000,0x0000002639700000)]
  0x000001defefa8800 JavaThread "C2 CompilerThread2" daemon [_thread_in_native, id=15264, stack(0x0000002639700000,0x0000002639800000)]
  0x000001defdd47000 JavaThread "Memory manager" [_thread_blocked, id=1388, stack(0x0000002639800000,0x0000002639900000)]
  0x000001defdd48000 JavaThread "build event listener" [_thread_blocked, id=9736, stack(0x0000002639900000,0x0000002639a00000)]
  0x000001defdd4d800 JavaThread "build event listener" [_thread_blocked, id=27292, stack(0x0000002639a00000,0x0000002639b00000)]
  0x000001defdd4b000 JavaThread "pool-3-thread-1" [_thread_blocked, id=27304, stack(0x0000002639b00000,0x0000002639c00000)]
  0x000001defdd4e800 JavaThread "build event listener" [_thread_blocked, id=20104, stack(0x0000002639c00000,0x0000002639d00000)]
  0x000001defdd48800 JavaThread "Execution worker for ':'" [_thread_blocked, id=3764, stack(0x0000002639d00000,0x0000002639e00000)]
  0x000001defdd49800 JavaThread "Execution worker for ':' Thread 2" [_thread_blocked, id=22288, stack(0x0000002639e00000,0x0000002639f00000)]
  0x000001defdd4c800 JavaThread "Execution worker for ':' Thread 3" [_thread_blocked, id=23664, stack(0x0000002639f00000,0x000000263a000000)]
  0x000001defdd4a000 JavaThread "Execution worker for ':' Thread 4" [_thread_blocked, id=20372, stack(0x000000263a000000,0x000000263a100000)]
  0x000001defdd4c000 JavaThread "Execution worker for ':' Thread 5" [_thread_blocked, id=15588, stack(0x000000263a100000,0x000000263a200000)]
  0x000001deffcc6000 JavaThread "Execution worker for ':' Thread 6" [_thread_blocked, id=1812, stack(0x000000263a200000,0x000000263a300000)]
  0x000001deffcc4800 JavaThread "Execution worker for ':' Thread 7" [_thread_blocked, id=26320, stack(0x000000263a300000,0x000000263a400000)]
  0x000001deffcc5800 JavaThread "Cache worker for execution history cache (C:\Android Projects\Udemy TUTORIAL\.gradle\6.7.1\executionHistory)" [_thread_blocked, id=26640, stack(0x000000263a400000,0x000000263a500000)]
  0x000001deffcc7000 JavaThread "WorkerExecutor Queue" [_thread_blocked, id=20604, stack(0x000000263a500000,0x000000263a600000)]
  0x000001deffcc8000 JavaThread "WorkerExecutor Queue Thread 2" [_thread_blocked, id=27608, stack(0x000000263a600000,0x000000263a700000)]
  0x000001deffcc3000 JavaThread "WorkerExecutor Queue Thread 3" [_thread_in_Java, id=24424, stack(0x000000263a700000,0x000000263a800000)]
  0x000001deffcc8800 JavaThread "pool-4-thread-1" [_thread_blocked, id=9820, stack(0x000000263a800000,0x000000263a900000)]
  0x000001deffcc9800 JavaThread "stderr" [_thread_in_native, id=8908, stack(0x000000263a900000,0x000000263aa00000)]
  0x000001deffcc3800 JavaThread "stdout" [_thread_in_native, id=8100, stack(0x000000263aa00000,0x000000263ab00000)]
  0x000001deffccd800 JavaThread "ForkJoinPool-1-worker-3" daemon [_thread_blocked, id=23012, stack(0x000000263ab00000,0x000000263ac00000)]
  0x000001deffcce800 JavaThread "ForkJoinPool-1-worker-5" daemon [_thread_blocked, id=27032, stack(0x000000263ac00000,0x000000263ad00000)]
  0x000001deffccb000 JavaThread "ForkJoinPool-1-worker-7" daemon [_thread_blocked, id=5452, stack(0x000000263ad00000,0x000000263ae00000)]
  0x000001deffcd0000 JavaThread "ForkJoinPool-1-worker-11" daemon [_thread_blocked, id=25004, stack(0x000000263ae00000,0x000000263af00000)]
  0x000001deffccf000 JavaThread "ForkJoinPool-1-worker-13" daemon [_thread_blocked, id=11204, stack(0x000000263af00000,0x000000263b000000)]
  0x000001deffccc800 JavaThread "ForkJoinPool-1-worker-9" daemon [_thread_blocked, id=14416, stack(0x000000263b000000,0x000000263b100000)]
  0x000001deffccc000 JavaThread "ForkJoinPool-1-worker-15" daemon [_thread_blocked, id=23888, stack(0x000000263b100000,0x000000263b200000)]
  0x000001deffcca800 JavaThread "ForkJoinPool-1-worker-1" daemon [_thread_blocked, id=24264, stack(0x000000263b200000,0x000000263b300000)]

Other Threads:
  0x000001def9498000 VMThread "VM Thread" [stack: 0x000000262ee00000,0x000000262ef00000] [id=24392]
  0x000001def9670000 WatcherThread [stack: 0x000000262f800000,0x000000262f900000] [id=27164]
  0x000001deed964000 GCTaskThread "GC Thread#0" [stack: 0x000000262e900000,0x000000262ea00000] [id=24724]
  0x000001defa29b800 GCTaskThread "GC Thread#1" [stack: 0x000000262fb00000,0x000000262fc00000] [id=14248]
  0x000001def9efa800 GCTaskThread "GC Thread#2" [stack: 0x000000262fc00000,0x000000262fd00000] [id=18436]
  0x000001defbe76000 GCTaskThread "GC Thread#3" [stack: 0x0000002630800000,0x0000002630900000] [id=16944]
  0x000001defbd15800 GCTaskThread "GC Thread#4" [stack: 0x0000002630900000,0x0000002630a00000] [id=14072]
  0x000001defa910000 GCTaskThread "GC Thread#5" [stack: 0x0000002630a00000,0x0000002630b00000] [id=2988]
  0x000001defac3b800 GCTaskThread "GC Thread#6" [stack: 0x0000002630b00000,0x0000002630c00000] [id=24500]
  0x000001defaa1a800 GCTaskThread "GC Thread#7" [stack: 0x0000002630c00000,0x0000002630d00000] [id=22700]
  0x000001deed995000 ConcurrentGCThread "G1 Main Marker" [stack: 0x000000262ea00000,0x000000262eb00000] [id=1548]
  0x000001deed997800 ConcurrentGCThread "G1 Conc#0" [stack: 0x000000262eb00000,0x000000262ec00000] [id=11696]
  0x000001defbe3d800 ConcurrentGCThread "G1 Conc#1" [stack: 0x0000002630f00000,0x0000002631000000] [id=20820]
  0x000001def8ac1800 ConcurrentGCThread "G1 Refine#0" [stack: 0x000000262ec00000,0x000000262ed00000] [id=12428]
  0x000001de91f09000 ConcurrentGCThread "G1 Refine#1" [stack: 0x000000263b300000,0x000000263b400000] [id=4984]
  0x000001de94334000 ConcurrentGCThread "G1 Refine#2" [stack: 0x000000263b400000,0x000000263b500000] [id=21312]
  0x000001de92405800 ConcurrentGCThread "G1 Refine#3" [stack: 0x000000263b500000,0x000000263b600000] [id=26088]
  0x000001de90fe1000 ConcurrentGCThread "G1 Refine#4" [stack: 0x000000263b600000,0x000000263b700000] [id=20880]
  0x000001def8ac4000 ConcurrentGCThread "G1 Young RemSet Sampling" [stack: 0x000000262ed00000,0x000000262ee00000] [id=10236]

Threads with active compile tasks:
C2 CompilerThread0  14275 9784 %     4       com.android.tools.r8.dex.n::a @ 315 (913 bytes)
C2 CompilerThread1  14276 10549       4       com.android.tools.r8.dex.P$g::a (35 bytes)
C2 CompilerThread2  14276 10566       4       com.android.tools.r8.graph.O::a (275 bytes)

VM state:not at safepoint (normal execution)

VM Mutex/Monitor currently owned by a thread: None

Heap address: 0x0000000080000000, size: 2048 MB, Compressed Oops mode: 32-bit
Narrow klass base: 0x0000000000000000, Narrow klass shift: 3
Compressed class space size: 1073741824 Address: 0x0000000100000000

Heap:
 garbage-first heap   total 229376K, used 175509K [0x0000000080000000, 0x0000000100000000)
  region size 1024K, 12 young (12288K), 3 survivors (3072K)
 Metaspace       used 91237K, capacity 93338K, committed 93568K, reserved 1130496K
  class space    used 11894K, capacity 12661K, committed 12672K, reserved 1048576K
Heap Regions: E=young(eden), S=young(survivor), O=old, HS=humongous(starts), HC=humongous(continues), CS=collection set, F=free, A=archive, TAMS=top-at-mark-start (previous, next)
|   0|0x0000000080000000, 0x0000000080100000, 0x0000000080100000|100%| O|  |TAMS 0x0000000080100000, 0x0000000080100000| Untracked 
|   1|0x0000000080100000, 0x0000000080200000, 0x0000000080200000|100%| O|  |TAMS 0x0000000080200000, 0x0000000080200000| Untracked 
|   2|0x0000000080200000, 0x0000000080300000, 0x0000000080300000|100%| O|  |TAMS 0x0000000080300000, 0x0000000080300000| Untracked 
|   3|0x0000000080300000, 0x0000000080400000, 0x0000000080400000|100%|HS|  |TAMS 0x0000000080400000, 0x0000000080400000| Complete 
|   4|0x0000000080400000, 0x0000000080500000, 0x0000000080500000|100%|HC|  |TAMS 0x0000000080500000, 0x0000000080500000| Complete 
|   5|0x0000000080500000, 0x0000000080600000, 0x0000000080600000|100%|HC|  |TAMS 0x0000000080600000, 0x0000000080600000| Complete 
|   6|0x0000000080600000, 0x0000000080700000, 0x0000000080700000|100%| O|  |TAMS 0x0000000080700000, 0x0000000080700000| Untracked 
|   7|0x0000000080700000, 0x0000000080800000, 0x0000000080800000|100%| O|  |TAMS 0x0000000080800000, 0x0000000080800000| Untracked 
|   8|0x0000000080800000, 0x0000000080900000, 0x0000000080900000|100%| O|  |TAMS 0x0000000080900000, 0x0000000080900000| Untracked 
|   9|0x0000000080900000, 0x0000000080a00000, 0x0000000080a00000|100%| O|  |TAMS 0x0000000080a00000, 0x0000000080a00000| Untracked 
|  10|0x0000000080a00000, 0x0000000080b00000, 0x0000000080b00000|100%| O|  |TAMS 0x0000000080b00000, 0x0000000080b00000| Untracked 
|  11|0x0000000080b00000, 0x0000000080c00000, 0x0000000080c00000|100%| O|  |TAMS 0x0000000080c00000, 0x0000000080c00000| Untracked 
|  12|0x0000000080c00000, 0x0000000080d00000, 0x0000000080d00000|100%| O|  |TAMS 0x0000000080d00000, 0x0000000080d00000| Untracked 
|  13|0x0000000080d00000, 0x0000000080e00000, 0x0000000080e00000|100%| O|  |TAMS 0x0000000080e00000, 0x0000000080e00000| Untracked 
|  14|0x0000000080e00000, 0x0000000080f00000, 0x0000000080f00000|100%| O|  |TAMS 0x0000000080f00000, 0x0000000080f00000| Untracked 
|  15|0x0000000080f00000, 0x0000000081000000, 0x0000000081000000|100%| O|  |TAMS 0x0000000081000000, 0x0000000081000000| Untracked 
|  16|0x0000000081000000, 0x0000000081100000, 0x0000000081100000|100%| O|  |TAMS 0x0000000081100000, 0x0000000081100000| Untracked 
|  17|0x0000000081100000, 0x0000000081200000, 0x0000000081200000|100%| O|  |TAMS 0x0000000081200000, 0x0000000081200000| Untracked 
|  18|0x0000000081200000, 0x0000000081300000, 0x0000000081300000|100%| O|  |TAMS 0x0000000081300000, 0x0000000081300000| Untracked 
|  19|0x0000000081300000, 0x0000000081400000, 0x0000000081400000|100%|HS|  |TAMS 0x0000000081400000, 0x0000000081400000| Complete 
|  20|0x0000000081400000, 0x0000000081500000, 0x0000000081500000|100%| O|  |TAMS 0x0000000081500000, 0x0000000081500000| Untracked 
|  21|0x0000000081500000, 0x0000000081600000, 0x0000000081600000|100%| O|  |TAMS 0x0000000081600000, 0x0000000081600000| Untracked 
|  22|0x0000000081600000, 0x0000000081700000, 0x0000000081700000|100%|HS|  |TAMS 0x0000000081700000, 0x0000000081700000| Complete 
|  23|0x0000000081700000, 0x0000000081800000, 0x0000000081800000|100%|HS|  |TAMS 0x0000000081800000, 0x0000000081800000| Complete 
|  24|0x0000000081800000, 0x0000000081900000, 0x0000000081900000|100%|HC|  |TAMS 0x0000000081900000, 0x0000000081900000| Complete 
|  25|0x0000000081900000, 0x0000000081a00000, 0x0000000081a00000|100%|HC|  |TAMS 0x0000000081a00000, 0x0000000081a00000| Complete 
|  26|0x0000000081a00000, 0x0000000081b00000, 0x0000000081b00000|100%|HS|  |TAMS 0x0000000081b00000, 0x0000000081b00000| Complete 
|  27|0x0000000081b00000, 0x0000000081c00000, 0x0000000081c00000|100%|HC|  |TAMS 0x0000000081c00000, 0x0000000081c00000| Complete 
|  28|0x0000000081c00000, 0x0000000081d00000, 0x0000000081d00000|100%| O|  |TAMS 0x0000000081d00000, 0x0000000081d00000| Untracked 
|  29|0x0000000081d00000, 0x0000000081e00000, 0x0000000081e00000|100%| O|  |TAMS 0x0000000081e00000, 0x0000000081e00000| Untracked 
|  30|0x0000000081e00000, 0x0000000081f00000, 0x0000000081f00000|100%| O|  |TAMS 0x0000000081f00000, 0x0000000081f00000| Untracked 
|  31|0x0000000081f00000, 0x0000000082000000, 0x0000000082000000|100%| O|  |TAMS 0x0000000082000000, 0x0000000082000000| Untracked 
|  32|0x0000000082000000, 0x0000000082100000, 0x0000000082100000|100%| O|  |TAMS 0x0000000082100000, 0x0000000082100000| Untracked 
|  33|0x0000000082100000, 0x0000000082200000, 0x0000000082200000|100%| O|  |TAMS 0x0000000082200000, 0x0000000082200000| Untracked 
|  34|0x0000000082200000, 0x0000000082300000, 0x0000000082300000|100%| O|  |TAMS 0x0000000082300000, 0x0000000082300000| Untracked 
|  35|0x0000000082300000, 0x0000000082400000, 0x0000000082400000|100%| O|  |TAMS 0x0000000082400000, 0x0000000082400000| Untracked 
|  36|0x0000000082400000, 0x0000000082500000, 0x0000000082500000|100%| O|  |TAMS 0x0000000082500000, 0x0000000082500000| Untracked 
|  37|0x0000000082500000, 0x0000000082600000, 0x0000000082600000|100%| O|  |TAMS 0x0000000082600000, 0x0000000082600000| Untracked 
|  38|0x0000000082600000, 0x0000000082700000, 0x0000000082700000|100%| O|  |TAMS 0x0000000082700000, 0x0000000082700000| Untracked 
|  39|0x0000000082700000, 0x0000000082800000, 0x0000000082800000|100%| O|  |TAMS 0x0000000082800000, 0x0000000082800000| Untracked 
|  40|0x0000000082800000, 0x0000000082900000, 0x0000000082900000|100%| O|  |TAMS 0x0000000082900000, 0x0000000082900000| Untracked 
|  41|0x0000000082900000, 0x0000000082a00000, 0x0000000082a00000|100%| O|  |TAMS 0x0000000082a00000, 0x0000000082a00000| Untracked 
|  42|0x0000000082a00000, 0x0000000082b00000, 0x0000000082b00000|100%| O|  |TAMS 0x0000000082b00000, 0x0000000082b00000| Untracked 
|  43|0x0000000082b00000, 0x0000000082c00000, 0x0000000082c00000|100%| O|  |TAMS 0x0000000082c00000, 0x0000000082c00000| Untracked 
|  44|0x0000000082c00000, 0x0000000082d00000, 0x0000000082d00000|100%| O|  |TAMS 0x0000000082d00000, 0x0000000082d00000| Untracked 
|  45|0x0000000082d00000, 0x0000000082e00000, 0x0000000082e00000|100%| O|  |TAMS 0x0000000082e00000, 0x0000000082e00000| Untracked 
|  46|0x0000000082e00000, 0x0000000082f00000, 0x0000000082f00000|100%| O|  |TAMS 0x0000000082f00000, 0x0000000082f00000| Untracked 
|  47|0x0000000082f00000, 0x0000000083000000, 0x0000000083000000|100%| O|  |TAMS 0x0000000083000000, 0x0000000083000000| Untracked 
|  48|0x0000000083000000, 0x0000000083100000, 0x0000000083100000|100%| O|  |TAMS 0x0000000083100000, 0x0000000083100000| Untracked 
|  49|0x0000000083100000, 0x0000000083200000, 0x0000000083200000|100%| O|  |TAMS 0x0000000083200000, 0x0000000083200000| Untracked 
|  50|0x0000000083200000, 0x0000000083300000, 0x0000000083300000|100%| O|  |TAMS 0x0000000083300000, 0x0000000083300000| Untracked 
|  51|0x0000000083300000, 0x0000000083400000, 0x0000000083400000|100%| O|  |TAMS 0x0000000083400000, 0x0000000083400000| Untracked 
|  52|0x0000000083400000, 0x0000000083500000, 0x0000000083500000|100%| O|  |TAMS 0x0000000083500000, 0x0000000083500000| Untracked 
|  53|0x0000000083500000, 0x0000000083600000, 0x0000000083600000|100%| O|  |TAMS 0x0000000083600000, 0x0000000083600000| Untracked 
|  54|0x0000000083600000, 0x0000000083700000, 0x0000000083700000|100%| O|  |TAMS 0x0000000083700000, 0x0000000083700000| Untracked 
|  55|0x0000000083700000, 0x0000000083800000, 0x0000000083800000|100%| O|  |TAMS 0x0000000083800000, 0x0000000083800000| Untracked 
|  56|0x0000000083800000, 0x0000000083900000, 0x0000000083900000|100%| O|  |TAMS 0x0000000083900000, 0x0000000083900000| Untracked 
|  57|0x0000000083900000, 0x0000000083a00000, 0x0000000083a00000|100%| O|  |TAMS 0x0000000083a00000, 0x0000000083a00000| Untracked 
|  58|0x0000000083a00000, 0x0000000083b00000, 0x0000000083b00000|100%| O|  |TAMS 0x0000000083b00000, 0x0000000083b00000| Untracked 
|  59|0x0000000083b00000, 0x0000000083c00000, 0x0000000083c00000|100%| O|  |TAMS 0x0000000083c00000, 0x0000000083c00000| Untracked 
|  60|0x0000000083c00000, 0x0000000083d00000, 0x0000000083d00000|100%| O|  |TAMS 0x0000000083d00000, 0x0000000083d00000| Untracked 
|  61|0x0000000083d00000, 0x0000000083e00000, 0x0000000083e00000|100%| O|  |TAMS 0x0000000083e00000, 0x0000000083e00000| Untracked 
|  62|0x0000000083e00000, 0x0000000083f00000, 0x0000000083f00000|100%| O|  |TAMS 0x0000000083f00000, 0x0000000083f00000| Untracked 
|  63|0x0000000083f00000, 0x0000000084000000, 0x0000000084000000|100%|HS|  |TAMS 0x0000000084000000, 0x0000000084000000| Complete 
|  64|0x0000000084000000, 0x0000000084100000, 0x0000000084100000|100%|HC|  |TAMS 0x0000000084100000, 0x0000000084100000| Complete 
|  65|0x0000000084100000, 0x0000000084200000, 0x0000000084200000|100%|HC|  |TAMS 0x0000000084200000, 0x0000000084200000| Complete 
|  66|0x0000000084200000, 0x0000000084300000, 0x0000000084300000|100%|HS|  |TAMS 0x0000000084300000, 0x0000000084300000| Complete 
|  67|0x0000000084300000, 0x0000000084400000, 0x0000000084400000|100%|HC|  |TAMS 0x0000000084400000, 0x0000000084400000| Complete 
|  68|0x0000000084400000, 0x0000000084500000, 0x0000000084500000|100%|HS|  |TAMS 0x0000000084500000, 0x0000000084500000| Complete 
|  69|0x0000000084500000, 0x0000000084600000, 0x0000000084600000|100%|HS|  |TAMS 0x0000000084600000, 0x0000000084600000| Complete 
|  70|0x0000000084600000, 0x0000000084700000, 0x0000000084700000|100%|HS|  |TAMS 0x0000000084700000, 0x0000000084700000| Complete 
|  71|0x0000000084700000, 0x0000000084800000, 0x0000000084800000|100%|HS|  |TAMS 0x0000000084800000, 0x0000000084800000| Complete 
|  72|0x0000000084800000, 0x0000000084900000, 0x0000000084900000|100%|HS|  |TAMS 0x0000000084900000, 0x0000000084900000| Complete 
|  73|0x0000000084900000, 0x0000000084a00000, 0x0000000084a00000|100%| O|  |TAMS 0x0000000084a00000, 0x0000000084a00000| Untracked 
|  74|0x0000000084a00000, 0x0000000084b00000, 0x0000000084b00000|100%|HS|  |TAMS 0x0000000084b00000, 0x0000000084b00000| Complete 
|  75|0x0000000084b00000, 0x0000000084c00000, 0x0000000084c00000|100%|HC|  |TAMS 0x0000000084c00000, 0x0000000084c00000| Complete 
|  76|0x0000000084c00000, 0x0000000084d00000, 0x0000000084d00000|100%|HC|  |TAMS 0x0000000084d00000, 0x0000000084d00000| Complete 
|  77|0x0000000084d00000, 0x0000000084e00000, 0x0000000084e00000|100%|HS|  |TAMS 0x0000000084e00000, 0x0000000084e00000| Complete 
|  78|0x0000000084e00000, 0x0000000084f00000, 0x0000000084f00000|100%| O|  |TAMS 0x0000000084f00000, 0x0000000084f00000| Untracked 
|  79|0x0000000084f00000, 0x0000000085000000, 0x0000000085000000|100%|HS|  |TAMS 0x0000000085000000, 0x0000000085000000| Complete 
|  80|0x0000000085000000, 0x0000000085100000, 0x0000000085100000|100%|HC|  |TAMS 0x0000000085100000, 0x0000000085100000| Complete 
|  81|0x0000000085100000, 0x0000000085200000, 0x0000000085200000|100%| O|  |TAMS 0x0000000085200000, 0x0000000085200000| Untracked 
|  82|0x0000000085200000, 0x0000000085300000, 0x0000000085300000|100%|HS|  |TAMS 0x0000000085300000, 0x0000000085300000| Complete 
|  83|0x0000000085300000, 0x0000000085400000, 0x0000000085400000|100%| O|  |TAMS 0x0000000085400000, 0x0000000085400000| Untracked 
|  84|0x0000000085400000, 0x0000000085500000, 0x0000000085500000|100%| O|  |TAMS 0x0000000085500000, 0x0000000085500000| Untracked 
|  85|0x0000000085500000, 0x0000000085600000, 0x0000000085600000|100%| O|  |TAMS 0x0000000085600000, 0x0000000085600000| Untracked 
|  86|0x0000000085600000, 0x0000000085700000, 0x0000000085700000|100%| O|  |TAMS 0x0000000085700000, 0x0000000085700000| Untracked 
|  87|0x0000000085700000, 0x0000000085800000, 0x0000000085800000|100%| O|  |TAMS 0x0000000085800000, 0x0000000085800000| Untracked 
|  88|0x0000000085800000, 0x0000000085900000, 0x0000000085900000|100%| O|  |TAMS 0x0000000085900000, 0x0000000085900000| Untracked 
|  89|0x0000000085900000, 0x0000000085a00000, 0x0000000085a00000|100%| O|  |TAMS 0x0000000085a00000, 0x0000000085a00000| Untracked 
|  90|0x0000000085a00000, 0x0000000085b00000, 0x0000000085b00000|100%| O|  |TAMS 0x0000000085b00000, 0x0000000085b00000| Untracked 
|  91|0x0000000085b00000, 0x0000000085c00000, 0x0000000085c00000|100%| O|  |TAMS 0x0000000085c00000, 0x0000000085c00000| Untracked 
|  92|0x0000000085c00000, 0x0000000085d00000, 0x0000000085d00000|100%| O|  |TAMS 0x0000000085d00000, 0x0000000085d00000| Untracked 
|  93|0x0000000085d00000, 0x0000000085e00000, 0x0000000085e00000|100%| O|  |TAMS 0x0000000085e00000, 0x0000000085e00000| Untracked 
|  94|0x0000000085e00000, 0x0000000085f00000, 0x0000000085f00000|100%| O|  |TAMS 0x0000000085f00000, 0x0000000085f00000| Untracked 
|  95|0x0000000085f00000, 0x0000000086000000, 0x0000000086000000|100%| O|  |TAMS 0x0000000086000000, 0x0000000086000000| Untracked 
|  96|0x0000000086000000, 0x0000000086100000, 0x0000000086100000|100%| O|  |TAMS 0x0000000086100000, 0x0000000086100000| Untracked 
|  97|0x0000000086100000, 0x0000000086200000, 0x0000000086200000|100%| O|  |TAMS 0x0000000086200000, 0x0000000086200000| Untracked 
|  98|0x0000000086200000, 0x0000000086300000, 0x0000000086300000|100%| O|  |TAMS 0x0000000086300000, 0x0000000086300000| Untracked 
|  99|0x0000000086300000, 0x0000000086400000, 0x0000000086400000|100%| O|  |TAMS 0x0000000086400000, 0x0000000086400000| Untracked 
| 100|0x0000000086400000, 0x0000000086500000, 0x0000000086500000|100%| O|  |TAMS 0x0000000086500000, 0x0000000086500000| Untracked 
| 101|0x0000000086500000, 0x0000000086600000, 0x0000000086600000|100%| O|  |TAMS 0x0000000086600000, 0x0000000086600000| Untracked 
| 102|0x0000000086600000, 0x0000000086700000, 0x0000000086700000|100%| O|  |TAMS 0x0000000086700000, 0x0000000086700000| Untracked 
| 103|0x0000000086700000, 0x0000000086800000, 0x0000000086800000|100%| O|  |TAMS 0x0000000086800000, 0x0000000086800000| Untracked 
| 104|0x0000000086800000, 0x0000000086900000, 0x0000000086900000|100%| O|  |TAMS 0x0000000086900000, 0x0000000086900000| Untracked 
| 105|0x0000000086900000, 0x0000000086a00000, 0x0000000086a00000|100%| O|  |TAMS 0x0000000086a00000, 0x0000000086a00000| Untracked 
| 106|0x0000000086a00000, 0x0000000086b00000, 0x0000000086b00000|100%| O|  |TAMS 0x0000000086b00000, 0x0000000086b00000| Untracked 
| 107|0x0000000086b00000, 0x0000000086c00000, 0x0000000086c00000|100%| O|  |TAMS 0x0000000086c00000, 0x0000000086c00000| Untracked 
| 108|0x0000000086c00000, 0x0000000086d00000, 0x0000000086d00000|100%| O|  |TAMS 0x0000000086d00000, 0x0000000086d00000| Untracked 
| 109|0x0000000086d00000, 0x0000000086e00000, 0x0000000086e00000|100%| O|  |TAMS 0x0000000086e00000, 0x0000000086e00000| Untracked 
| 110|0x0000000086e00000, 0x0000000086f00000, 0x0000000086f00000|100%| O|  |TAMS 0x0000000086f00000, 0x0000000086f00000| Untracked 
| 111|0x0000000086f00000, 0x0000000087000000, 0x0000000087000000|100%| O|  |TAMS 0x0000000087000000, 0x0000000087000000| Untracked 
| 112|0x0000000087000000, 0x0000000087100000, 0x0000000087100000|100%| O|  |TAMS 0x0000000087100000, 0x0000000087100000| Untracked 
| 113|0x0000000087100000, 0x0000000087200000, 0x0000000087200000|100%| O|  |TAMS 0x0000000087200000, 0x0000000087200000| Untracked 
| 114|0x0000000087200000, 0x0000000087300000, 0x0000000087300000|100%| O|  |TAMS 0x0000000087300000, 0x0000000087300000| Untracked 
| 115|0x0000000087300000, 0x0000000087400000, 0x0000000087400000|100%| O|  |TAMS 0x0000000087400000, 0x0000000087400000| Untracked 
| 116|0x0000000087400000, 0x0000000087500000, 0x0000000087500000|100%| O|  |TAMS 0x0000000087500000, 0x0000000087500000| Untracked 
| 117|0x0000000087500000, 0x0000000087600000, 0x0000000087600000|100%| O|  |TAMS 0x0000000087600000, 0x0000000087600000| Untracked 
| 118|0x0000000087600000, 0x0000000087700000, 0x0000000087700000|100%| O|  |TAMS 0x0000000087700000, 0x0000000087700000| Untracked 
| 119|0x0000000087700000, 0x0000000087800000, 0x0000000087800000|100%| O|  |TAMS 0x0000000087800000, 0x0000000087800000| Untracked 
| 120|0x0000000087800000, 0x0000000087900000, 0x0000000087900000|100%| O|  |TAMS 0x0000000087900000, 0x0000000087900000| Untracked 
| 121|0x0000000087900000, 0x0000000087a00000, 0x0000000087a00000|100%| O|  |TAMS 0x0000000087a00000, 0x0000000087a00000| Untracked 
| 122|0x0000000087a00000, 0x0000000087b00000, 0x0000000087b00000|100%| O|  |TAMS 0x0000000087b00000, 0x0000000087b00000| Untracked 
| 123|0x0000000087b00000, 0x0000000087c00000, 0x0000000087c00000|100%| O|  |TAMS 0x0000000087c00000, 0x0000000087c00000| Untracked 
| 124|0x0000000087c00000, 0x0000000087d00000, 0x0000000087d00000|100%| O|  |TAMS 0x0000000087d00000, 0x0000000087d00000| Untracked 
| 125|0x0000000087d00000, 0x0000000087e00000, 0x0000000087e00000|100%| O|  |TAMS 0x0000000087e00000, 0x0000000087e00000| Untracked 
| 126|0x0000000087e00000, 0x0000000087f00000, 0x0000000087f00000|100%| O|  |TAMS 0x0000000087f00000, 0x0000000087f00000| Untracked 
| 127|0x0000000087f00000, 0x0000000088000000, 0x0000000088000000|100%| O|  |TAMS 0x0000000088000000, 0x0000000088000000| Untracked 
| 128|0x0000000088000000, 0x0000000088100000, 0x0000000088100000|100%| O|  |TAMS 0x0000000088100000, 0x0000000088100000| Untracked 
| 129|0x0000000088100000, 0x0000000088200000, 0x0000000088200000|100%| O|  |TAMS 0x0000000088200000, 0x0000000088200000| Untracked 
| 130|0x0000000088200000, 0x0000000088300000, 0x0000000088300000|100%| O|  |TAMS 0x0000000088300000, 0x0000000088300000| Untracked 
| 131|0x0000000088300000, 0x0000000088400000, 0x0000000088400000|100%| O|  |TAMS 0x0000000088400000, 0x0000000088400000| Untracked 
| 132|0x0000000088400000, 0x0000000088500000, 0x0000000088500000|100%| O|  |TAMS 0x0000000088500000, 0x0000000088500000| Untracked 
| 133|0x0000000088500000, 0x0000000088600000, 0x0000000088600000|100%| O|  |TAMS 0x0000000088500000, 0x0000000088600000| Untracked 
| 134|0x0000000088600000, 0x0000000088700000, 0x0000000088700000|100%| O|  |TAMS 0x0000000088600000, 0x0000000088700000| Untracked 
| 135|0x0000000088700000, 0x0000000088800000, 0x0000000088800000|100%| O|  |TAMS 0x0000000088700000, 0x0000000088800000| Untracked 
| 136|0x0000000088800000, 0x0000000088900000, 0x0000000088900000|100%| O|  |TAMS 0x0000000088800000, 0x0000000088900000| Untracked 
| 137|0x0000000088900000, 0x0000000088a00000, 0x0000000088a00000|100%| O|  |TAMS 0x0000000088900000, 0x0000000088a00000| Untracked 
| 138|0x0000000088a00000, 0x0000000088b00000, 0x0000000088b00000|100%| O|  |TAMS 0x0000000088a00000, 0x0000000088b00000| Untracked 
| 139|0x0000000088b00000, 0x0000000088c00000, 0x0000000088c00000|100%| O|  |TAMS 0x0000000088c00000, 0x0000000088c00000| Untracked 
| 140|0x0000000088c00000, 0x0000000088d00000, 0x0000000088d00000|100%| O|  |TAMS 0x0000000088d00000, 0x0000000088d00000| Untracked 
| 141|0x0000000088d00000, 0x0000000088e00000, 0x0000000088e00000|100%| O|  |TAMS 0x0000000088e00000, 0x0000000088e00000| Untracked 
| 142|0x0000000088e00000, 0x0000000088f00000, 0x0000000088f00000|100%| O|  |TAMS 0x0000000088f00000, 0x0000000088f00000| Untracked 
| 143|0x0000000088f00000, 0x0000000089000000, 0x0000000089000000|100%| O|  |TAMS 0x0000000089000000, 0x0000000089000000| Untracked 
| 144|0x0000000089000000, 0x0000000089100000, 0x0000000089100000|100%| O|  |TAMS 0x0000000089100000, 0x0000000089100000| Untracked 
| 145|0x0000000089100000, 0x0000000089200000, 0x0000000089200000|100%| O|  |TAMS 0x0000000089200000, 0x0000000089200000| Untracked 
| 146|0x0000000089200000, 0x0000000089300000, 0x0000000089300000|100%| O|  |TAMS 0x0000000089300000, 0x0000000089300000| Untracked 
| 147|0x0000000089300000, 0x0000000089400000, 0x0000000089400000|100%| O|  |TAMS 0x0000000089400000, 0x0000000089400000| Untracked 
| 148|0x0000000089400000, 0x0000000089500000, 0x0000000089500000|100%| O|  |TAMS 0x0000000089500000, 0x0000000089500000| Untracked 
| 149|0x0000000089500000, 0x0000000089600000, 0x0000000089600000|100%| O|  |TAMS 0x0000000089600000, 0x0000000089600000| Untracked 
| 150|0x0000000089600000, 0x0000000089700000, 0x0000000089700000|100%| O|  |TAMS 0x0000000089700000, 0x0000000089700000| Untracked 
| 151|0x0000000089700000, 0x0000000089800000, 0x0000000089800000|100%| O|  |TAMS 0x0000000089700000, 0x0000000089800000| Untracked 
| 152|0x0000000089800000, 0x0000000089900000, 0x0000000089900000|100%| O|  |TAMS 0x0000000089800000, 0x0000000089900000| Untracked 
| 153|0x0000000089900000, 0x0000000089a00000, 0x0000000089a00000|100%| O|  |TAMS 0x0000000089900000, 0x0000000089a00000| Untracked 
| 154|0x0000000089a00000, 0x0000000089b00000, 0x0000000089b00000|100%| O|  |TAMS 0x0000000089a00000, 0x0000000089b00000| Untracked 
| 155|0x0000000089b00000, 0x0000000089c00000, 0x0000000089c00000|100%| O|  |TAMS 0x0000000089b00000, 0x0000000089c00000| Untracked 
| 156|0x0000000089c00000, 0x0000000089d00000, 0x0000000089d00000|100%| O|  |TAMS 0x0000000089c00000, 0x0000000089d00000| Untracked 
| 157|0x0000000089d00000, 0x0000000089e00000, 0x0000000089e00000|100%| O|  |TAMS 0x0000000089d00000, 0x0000000089e00000| Untracked 
| 158|0x0000000089e00000, 0x0000000089e82200, 0x0000000089f00000| 50%| O|  |TAMS 0x0000000089e00000, 0x0000000089e82200| Untracked 
| 159|0x0000000089f00000, 0x000000008a000000, 0x000000008a000000|100%|HS|  |TAMS 0x0000000089f00000, 0x0000000089f00000| Complete 
| 160|0x000000008a000000, 0x000000008a100000, 0x000000008a100000|100%|HS|  |TAMS 0x000000008a000000, 0x000000008a000000| Complete 
| 161|0x000000008a100000, 0x000000008a100000, 0x000000008a200000|  0%| F|  |TAMS 0x000000008a100000, 0x000000008a100000| Untracked 
| 162|0x000000008a200000, 0x000000008a200000, 0x000000008a300000|  0%| F|  |TAMS 0x000000008a200000, 0x000000008a200000| Untracked 
| 163|0x000000008a300000, 0x000000008a300000, 0x000000008a400000|  0%| F|  |TAMS 0x000000008a300000, 0x000000008a300000| Untracked 
| 164|0x000000008a400000, 0x000000008a400000, 0x000000008a500000|  0%| F|  |TAMS 0x000000008a400000, 0x000000008a400000| Untracked 
| 165|0x000000008a500000, 0x000000008a500000, 0x000000008a600000|  0%| F|  |TAMS 0x000000008a500000, 0x000000008a500000| Untracked 
| 166|0x000000008a600000, 0x000000008a600000, 0x000000008a700000|  0%| F|  |TAMS 0x000000008a600000, 0x000000008a600000| Untracked 
| 167|0x000000008a700000, 0x000000008a700000, 0x000000008a800000|  0%| F|  |TAMS 0x000000008a700000, 0x000000008a700000| Untracked 
| 168|0x000000008a800000, 0x000000008a800000, 0x000000008a900000|  0%| F|  |TAMS 0x000000008a800000, 0x000000008a800000| Untracked 
| 169|0x000000008a900000, 0x000000008a900000, 0x000000008aa00000|  0%| F|  |TAMS 0x000000008a900000, 0x000000008a900000| Untracked 
| 170|0x000000008aa00000, 0x000000008aa00000, 0x000000008ab00000|  0%| F|  |TAMS 0x000000008aa00000, 0x000000008aa00000| Untracked 
| 171|0x000000008ab00000, 0x000000008ab00000, 0x000000008ac00000|  0%| F|  |TAMS 0x000000008ab00000, 0x000000008ab00000| Untracked 
| 172|0x000000008ac00000, 0x000000008ac00000, 0x000000008ad00000|  0%| F|  |TAMS 0x000000008ac00000, 0x000000008ac00000| Untracked 
| 173|0x000000008ad00000, 0x000000008ad00000, 0x000000008ae00000|  0%| F|  |TAMS 0x000000008ad00000, 0x000000008ad00000| Untracked 
| 174|0x000000008ae00000, 0x000000008ae00000, 0x000000008af00000|  0%| F|  |TAMS 0x000000008ae00000, 0x000000008ae00000| Untracked 
| 175|0x000000008af00000, 0x000000008af00000, 0x000000008b000000|  0%| F|  |TAMS 0x000000008af00000, 0x000000008af00000| Untracked 
| 176|0x000000008b000000, 0x000000008b000000, 0x000000008b100000|  0%| F|  |TAMS 0x000000008b000000, 0x000000008b000000| Untracked 
| 177|0x000000008b100000, 0x000000008b100000, 0x000000008b200000|  0%| F|  |TAMS 0x000000008b100000, 0x000000008b100000| Untracked 
| 178|0x000000008b200000, 0x000000008b200000, 0x000000008b300000|  0%| F|  |TAMS 0x000000008b200000, 0x000000008b200000| Untracked 
| 179|0x000000008b300000, 0x000000008b300000, 0x000000008b400000|  0%| F|  |TAMS 0x000000008b300000, 0x000000008b300000| Untracked 
| 180|0x000000008b400000, 0x000000008b400000, 0x000000008b500000|  0%| F|  |TAMS 0x000000008b400000, 0x000000008b400000| Untracked 
| 181|0x000000008b500000, 0x000000008b500000, 0x000000008b600000|  0%| F|  |TAMS 0x000000008b500000, 0x000000008b500000| Untracked 
| 182|0x000000008b600000, 0x000000008b600000, 0x000000008b700000|  0%| F|  |TAMS 0x000000008b600000, 0x000000008b600000| Untracked 
| 183|0x000000008b700000, 0x000000008b700000, 0x000000008b800000|  0%| F|  |TAMS 0x000000008b700000, 0x000000008b700000| Untracked 
| 184|0x000000008b800000, 0x000000008b800000, 0x000000008b900000|  0%| F|  |TAMS 0x000000008b800000, 0x000000008b800000| Untracked 
| 185|0x000000008b900000, 0x000000008b900000, 0x000000008ba00000|  0%| F|  |TAMS 0x000000008b900000, 0x000000008b900000| Untracked 
| 186|0x000000008ba00000, 0x000000008ba00000, 0x000000008bb00000|  0%| F|  |TAMS 0x000000008ba00000, 0x000000008ba00000| Untracked 
| 187|0x000000008bb00000, 0x000000008bb00000, 0x000000008bc00000|  0%| F|  |TAMS 0x000000008bb00000, 0x000000008bb00000| Untracked 
| 188|0x000000008bc00000, 0x000000008bc00000, 0x000000008bd00000|  0%| F|  |TAMS 0x000000008bc00000, 0x000000008bc00000| Untracked 
| 189|0x000000008bd00000, 0x000000008bd00000, 0x000000008be00000|  0%| F|  |TAMS 0x000000008bd00000, 0x000000008bd00000| Untracked 
| 190|0x000000008be00000, 0x000000008be00000, 0x000000008bf00000|  0%| F|  |TAMS 0x000000008be00000, 0x000000008be00000| Untracked 
| 191|0x000000008bf00000, 0x000000008bf00000, 0x000000008c000000|  0%| F|  |TAMS 0x000000008bf00000, 0x000000008bf00000| Untracked 
| 192|0x000000008c000000, 0x000000008c000000, 0x000000008c100000|  0%| F|  |TAMS 0x000000008c000000, 0x000000008c000000| Untracked 
| 193|0x000000008c100000, 0x000000008c100000, 0x000000008c200000|  0%| F|  |TAMS 0x000000008c100000, 0x000000008c100000| Untracked 
| 194|0x000000008c200000, 0x000000008c200000, 0x000000008c300000|  0%| F|  |TAMS 0x000000008c200000, 0x000000008c200000| Untracked 
| 195|0x000000008c300000, 0x000000008c3e3280, 0x000000008c400000| 88%| S|CS|TAMS 0x000000008c300000, 0x000000008c300000| Complete 
| 196|0x000000008c400000, 0x000000008c400000, 0x000000008c500000|  0%| F|  |TAMS 0x000000008c400000, 0x000000008c400000| Untracked 
| 197|0x000000008c500000, 0x000000008c500000, 0x000000008c600000|  0%| F|  |TAMS 0x000000008c500000, 0x000000008c500000| Untracked 
| 198|0x000000008c600000, 0x000000008c600000, 0x000000008c700000|  0%| F|  |TAMS 0x000000008c600000, 0x000000008c600000| Untracked 
| 199|0x000000008c700000, 0x000000008c700000, 0x000000008c800000|  0%| F|  |TAMS 0x000000008c700000, 0x000000008c700000| Untracked 
| 200|0x000000008c800000, 0x000000008c900000, 0x000000008c900000|100%| S|CS|TAMS 0x000000008c800000, 0x000000008c800000| Complete 
| 201|0x000000008c900000, 0x000000008ca00000, 0x000000008ca00000|100%| S|CS|TAMS 0x000000008c900000, 0x000000008c900000| Complete 
| 202|0x000000008ca00000, 0x000000008ca00000, 0x000000008cb00000|  0%| F|  |TAMS 0x000000008ca00000, 0x000000008ca00000| Untracked 
| 203|0x000000008cb00000, 0x000000008cb00000, 0x000000008cc00000|  0%| F|  |TAMS 0x000000008cb00000, 0x000000008cb00000| Untracked 
| 204|0x000000008cc00000, 0x000000008cc00000, 0x000000008cd00000|  0%| F|  |TAMS 0x000000008cc00000, 0x000000008cc00000| Untracked 
| 205|0x000000008cd00000, 0x000000008cd00000, 0x000000008ce00000|  0%| F|  |TAMS 0x000000008cd00000, 0x000000008cd00000| Untracked 
| 206|0x000000008ce00000, 0x000000008ce00000, 0x000000008cf00000|  0%| F|  |TAMS 0x000000008ce00000, 0x000000008ce00000| Untracked 
| 207|0x000000008cf00000, 0x000000008cf00000, 0x000000008d000000|  0%| F|  |TAMS 0x000000008cf00000, 0x000000008cf00000| Untracked 
| 208|0x000000008d000000, 0x000000008d000000, 0x000000008d100000|  0%| F|  |TAMS 0x000000008d000000, 0x000000008d000000| Untracked 
| 209|0x000000008d100000, 0x000000008d100000, 0x000000008d200000|  0%| F|  |TAMS 0x000000008d100000, 0x000000008d100000| Untracked 
| 210|0x000000008d200000, 0x000000008d200000, 0x000000008d300000|  0%| F|  |TAMS 0x000000008d200000, 0x000000008d200000| Untracked 
| 211|0x000000008d300000, 0x000000008d300000, 0x000000008d400000|  0%| F|  |TAMS 0x000000008d300000, 0x000000008d300000| Untracked 
| 212|0x000000008d400000, 0x000000008d400000, 0x000000008d500000|  0%| F|  |TAMS 0x000000008d400000, 0x000000008d400000| Untracked 
| 213|0x000000008d500000, 0x000000008d500000, 0x000000008d600000|  0%| F|  |TAMS 0x000000008d500000, 0x000000008d500000| Untracked 
| 214|0x000000008d600000, 0x000000008d6893c8, 0x000000008d700000| 53%| E|  |TAMS 0x000000008d600000, 0x000000008d600000| Complete 
| 215|0x000000008d700000, 0x000000008d800000, 0x000000008d800000|100%| E|CS|TAMS 0x000000008d700000, 0x000000008d700000| Complete 
| 216|0x000000008d800000, 0x000000008d900000, 0x000000008d900000|100%| E|CS|TAMS 0x000000008d800000, 0x000000008d800000| Complete 
| 217|0x000000008d900000, 0x000000008da00000, 0x000000008da00000|100%| E|CS|TAMS 0x000000008d900000, 0x000000008d900000| Complete 
| 218|0x000000008da00000, 0x000000008db00000, 0x000000008db00000|100%| E|CS|TAMS 0x000000008da00000, 0x000000008da00000| Complete 
| 219|0x000000008db00000, 0x000000008dc00000, 0x000000008dc00000|100%| E|CS|TAMS 0x000000008db00000, 0x000000008db00000| Complete 
| 220|0x000000008dc00000, 0x000000008dd00000, 0x000000008dd00000|100%| E|CS|TAMS 0x000000008dc00000, 0x000000008dc00000| Complete 
| 221|0x000000008dd00000, 0x000000008de00000, 0x000000008de00000|100%| E|CS|TAMS 0x000000008dd00000, 0x000000008dd00000| Complete 
| 222|0x000000008de00000, 0x000000008df00000, 0x000000008df00000|100%| E|CS|TAMS 0x000000008de00000, 0x000000008de00000| Complete 
| 223|0x000000008df00000, 0x000000008e000000, 0x000000008e000000|100%| E|CS|TAMS 0x000000008df00000, 0x000000008df00000| Complete 

Card table byte_map: [0x000001def1a10000,0x000001def1e10000] _byte_map_base: 0x000001def1610000

Marking Bits (Prev, Next): (CMBitMap*) 0x000001deed98c2a0, (CMBitMap*) 0x000001deed98c268
 Prev Bits: [0x000001def4210000, 0x000001def6210000)
 Next Bits: [0x000001def2210000, 0x000001def4210000)

Polling page: 0x000001deeb760000

Metaspace:

Usage:
  Non-class:     78.79 MB capacity,    77.48 MB ( 98%) used,     1.07 MB (  1%) free+waste,   234.44 KB ( <1%) overhead. 
      Class:     12.36 MB capacity,    11.62 MB ( 94%) used,   660.28 KB (  5%) free+waste,   105.75 KB ( <1%) overhead. 
       Both:     91.15 MB capacity,    89.10 MB ( 98%) used,     1.72 MB (  2%) free+waste,   340.19 KB ( <1%) overhead. 

Virtual space:
  Non-class space:       80.00 MB reserved,      79.00 MB ( 99%) committed 
      Class space:        1.00 GB reserved,      12.38 MB (  1%) committed 
             Both:        1.08 GB reserved,      91.38 MB (  8%) committed 

Chunk freelists:
   Non-Class:  27.00 KB
       Class:  11.00 KB
        Both:  38.00 KB

MaxMetaspaceSize: 17179869184.00 GB
CompressedClassSpaceSize: 1.00 GB

CodeHeap 'non-profiled nmethods': size=120000Kb used=5820Kb max_used=5820Kb free=114179Kb
 bounds [0x000001de87ad0000, 0x000001de88080000, 0x000001de8f000000]
CodeHeap 'profiled nmethods': size=120000Kb used=21575Kb max_used=21575Kb free=98424Kb
 bounds [0x000001de805a0000, 0x000001de81ac0000, 0x000001de87ad0000]
CodeHeap 'non-nmethods': size=5760Kb used=2282Kb max_used=2331Kb free=3477Kb
 bounds [0x000001de80000000, 0x000001de80270000, 0x000001de805a0000]
 total_blobs=11142 nmethods=10255 adapters=798
 compilation: enabled
              stopped_count=0, restarted_count=0
 full_count=0

Compilation events (20 events):
Event: 14.113 Thread 0x000001def94e9000 10655       2       com.android.tools.r8.dex.P$g$$Lambda$950/0x0000000100c51440::get$Lambda (9 bytes)
Event: 14.113 Thread 0x000001def94e9000 nmethod 10655 0x000001de81aaf990 code [0x000001de81aafb40, 0x000001de81aafcb8]
Event: 14.114 Thread 0x000001def94e9000 10656       2       com.android.tools.r8.code.W::a (13 bytes)
Event: 14.114 Thread 0x000001def94e9000 nmethod 10656 0x000001de81aafd90 code [0x000001de81aaff80, 0x000001de81ab0198]
Event: 14.114 Thread 0x000001def94e9000 10657       2       com.android.tools.r8.code.W::D (8 bytes)
Event: 14.114 Thread 0x000001def94e9000 nmethod 10657 0x000001de81ab0390 code [0x000001de81ab0540, 0x000001de81ab0678]
Event: 14.115 Thread 0x000001def94e9000 10658       2       com.android.tools.r8.code.f2::a (1 bytes)
Event: 14.115 Thread 0x000001def94e9000 nmethod 10658 0x000001de81ab0710 code [0x000001de81ab08c0, 0x000001de81ab09b8]
Event: 14.153 Thread 0x000001def94e9000 10660       2       com.android.tools.r8.code.m0::a (1 bytes)
Event: 14.153 Thread 0x000001def94e9000 nmethod 10660 0x000001de81ab0a90 code [0x000001de81ab0c40, 0x000001de81ab0d38]
Event: 14.198 Thread 0x000001def94e9000 10663       2       com.android.tools.r8.code.h3::a (1 bytes)
Event: 14.198 Thread 0x000001def94e9000 nmethod 10663 0x000001de81ab0e10 code [0x000001de81ab0fc0, 0x000001de81ab10b8]
Event: 14.198 Thread 0x000001def94e9000 10664       2       com.android.tools.r8.code.H1::D (4 bytes)
Event: 14.199 Thread 0x000001def94e9000 nmethod 10664 0x000001de81ab1190 code [0x000001de81ab1340, 0x000001de81ab1438]
Event: 14.199 Thread 0x000001def94e9000 10665       2       com.android.tools.r8.code.c0::a (1 bytes)
Event: 14.199 Thread 0x000001def94e9000 nmethod 10665 0x000001de81ab1510 code [0x000001de81ab16c0, 0x000001de81ab17b8]
Event: 14.200 Thread 0x000001def94e9000 10666       2       com.android.tools.r8.code.f::a (1 bytes)
Event: 14.200 Thread 0x000001def94e9000 nmethod 10666 0x000001de81ab1890 code [0x000001de81ab1a40, 0x000001de81ab1b38]
Event: 14.218 Thread 0x000001def94e9000 10667       2       com.android.tools.r8.graph.t0$i::a (12 bytes)
Event: 14.218 Thread 0x000001def94e9000 nmethod 10667 0x000001de81ab1c10 code [0x000001de81ab1dc0, 0x000001de81ab1f08]

GC Heap History (20 events):
Event: 9.347 GC heap before
{Heap before GC invocations=14 (full 0):
 garbage-first heap   total 157696K, used 117281K [0x0000000080000000, 0x0000000100000000)
  region size 1024K, 66 young (67584K), 6 survivors (6144K)
 Metaspace       used 71009K, capacity 72669K, committed 72832K, reserved 1112064K
  class space    used 9194K, capacity 9769K, committed 9856K, reserved 1048576K
}
Event: 9.358 GC heap after
{Heap after GC invocations=15 (full 0):
 garbage-first heap   total 189440K, used 59853K [0x0000000080000000, 0x0000000100000000)
  region size 1024K, 5 young (5120K), 5 survivors (5120K)
 Metaspace       used 71009K, capacity 72669K, committed 72832K, reserved 1112064K
  class space    used 9194K, capacity 9769K, committed 9856K, reserved 1048576K
}
Event: 10.505 GC heap before
{Heap before GC invocations=15 (full 0):
 garbage-first heap   total 189440K, used 135629K [0x0000000080000000, 0x0000000100000000)
  region size 1024K, 80 young (81920K), 5 survivors (5120K)
 Metaspace       used 78443K, capacity 80154K, committed 80256K, reserved 1118208K
  class space    used 10216K, capacity 10858K, committed 10880K, reserved 1048576K
}
Event: 10.516 GC heap after
{Heap after GC invocations=16 (full 0):
 garbage-first heap   total 189440K, used 64430K [0x0000000080000000, 0x0000000100000000)
  region size 1024K, 9 young (9216K), 9 survivors (9216K)
 Metaspace       used 78443K, capacity 80154K, committed 80256K, reserved 1118208K
  class space    used 10216K, capacity 10858K, committed 10880K, reserved 1048576K
}
Event: 11.267 GC heap before
{Heap before GC invocations=16 (full 0):
 garbage-first heap   total 189440K, used 141230K [0x0000000080000000, 0x0000000100000000)
  region size 1024K, 85 young (87040K), 9 survivors (9216K)
 Metaspace       used 79705K, capacity 81611K, committed 81792K, reserved 1120256K
  class space    used 10340K, capacity 11024K, committed 11136K, reserved 1048576K
}
Event: 11.279 GC heap after
{Heap after GC invocations=17 (full 0):
 garbage-first heap   total 189440K, used 69737K [0x0000000080000000, 0x0000000100000000)
  region size 1024K, 10 young (10240K), 10 survivors (10240K)
 Metaspace       used 79705K, capacity 81611K, committed 81792K, reserved 1120256K
  class space    used 10340K, capacity 11024K, committed 11136K, reserved 1048576K
}
Event: 11.862 GC heap before
{Heap before GC invocations=17 (full 0):
 garbage-first heap   total 189440K, used 144489K [0x0000000080000000, 0x0000000100000000)
  region size 1024K, 84 young (86016K), 10 survivors (10240K)
 Metaspace       used 82076K, capacity 84081K, committed 84352K, reserved 1122304K
  class space    used 10627K, capacity 11324K, committed 11392K, reserved 1048576K
}
Event: 11.873 GC heap after
{Heap after GC invocations=18 (full 0):
 garbage-first heap   total 189440K, used 73401K [0x0000000080000000, 0x0000000100000000)
  region size 1024K, 9 young (9216K), 9 survivors (9216K)
 Metaspace       used 82076K, capacity 84081K, committed 84352K, reserved 1122304K
  class space    used 10627K, capacity 11324K, committed 11392K, reserved 1048576K
}
Event: 12.360 GC heap before
{Heap before GC invocations=18 (full 0):
 garbage-first heap   total 189440K, used 147129K [0x0000000080000000, 0x0000000100000000)
  region size 1024K, 63 young (64512K), 9 survivors (9216K)
 Metaspace       used 86592K, capacity 88648K, committed 88832K, reserved 1126400K
  class space    used 11211K, capacity 11947K, committed 12032K, reserved 1048576K
}
Event: 12.374 GC heap after
{Heap after GC invocations=19 (full 0):
 garbage-first heap   total 189440K, used 95232K [0x0000000080000000, 0x0000000100000000)
  region size 1024K, 11 young (11264K), 11 survivors (11264K)
 Metaspace       used 86592K, capacity 88648K, committed 88832K, reserved 1126400K
  class space    used 11211K, capacity 11947K, committed 12032K, reserved 1048576K
}
Event: 12.720 GC heap before
{Heap before GC invocations=20 (full 0):
 garbage-first heap   total 189440K, used 135168K [0x0000000080000000, 0x0000000100000000)
  region size 1024K, 48 young (49152K), 11 survivors (11264K)
 Metaspace       used 87107K, capacity 89173K, committed 89344K, reserved 1126400K
  class space    used 11285K, capacity 12018K, committed 12032K, reserved 1048576K
}
Event: 12.775 GC heap after
{Heap after GC invocations=21 (full 0):
 garbage-first heap   total 189440K, used 111517K [0x0000000080000000, 0x0000000100000000)
  region size 1024K, 9 young (9216K), 9 survivors (9216K)
 Metaspace       used 87107K, capacity 89173K, committed 89344K, reserved 1126400K
  class space    used 11285K, capacity 12018K, committed 12032K, reserved 1048576K
}
Event: 13.141 GC heap before
{Heap before GC invocations=22 (full 0):
 garbage-first heap   total 189440K, used 149405K [0x0000000080000000, 0x0000000100000000)
  region size 1024K, 46 young (47104K), 9 survivors (9216K)
 Metaspace       used 88950K, capacity 90923K, committed 91264K, reserved 1128448K
  class space    used 11609K, capacity 12322K, committed 12416K, reserved 1048576K
}
Event: 13.172 GC heap after
{Heap after GC invocations=23 (full 0):
 garbage-first heap   total 229376K, used 130048K [0x0000000080000000, 0x0000000100000000)
  region size 1024K, 6 young (6144K), 6 survivors (6144K)
 Metaspace       used 88950K, capacity 90923K, committed 91264K, reserved 1128448K
  class space    used 11609K, capacity 12322K, committed 12416K, reserved 1048576K
}
Event: 13.350 GC heap before
{Heap before GC invocations=23 (full 0):
 garbage-first heap   total 229376K, used 171008K [0x0000000080000000, 0x0000000100000000)
  region size 1024K, 46 young (47104K), 6 survivors (6144K)
 Metaspace       used 88981K, capacity 90991K, committed 91264K, reserved 1128448K
  class space    used 11609K, capacity 12322K, committed 12416K, reserved 1048576K
}
Event: 13.386 GC heap after
{Heap after GC invocations=24 (full 0):
 garbage-first heap   total 229376K, used 154624K [0x0000000080000000, 0x0000000100000000)
  region size 1024K, 6 young (6144K), 6 survivors (6144K)
 Metaspace       used 88981K, capacity 90991K, committed 91264K, reserved 1128448K
  class space    used 11609K, capacity 12322K, committed 12416K, reserved 1048576K
}
Event: 13.862 GC heap before
{Heap before GC invocations=25 (full 0):
 garbage-first heap   total 229376K, used 178176K [0x0000000080000000, 0x0000000100000000)
  region size 1024K, 30 young (30720K), 6 survivors (6144K)
 Metaspace       used 90985K, capacity 93078K, committed 93312K, reserved 1130496K
  class space    used 11875K, capacity 12622K, committed 12672K, reserved 1048576K
}
Event: 13.882 GC heap after
{Heap after GC invocations=26 (full 0):
 garbage-first heap   total 229376K, used 161344K [0x0000000080000000, 0x0000000100000000)
  region size 1024K, 4 young (4096K), 4 survivors (4096K)
 Metaspace       used 90985K, capacity 93078K, committed 93312K, reserved 1130496K
  class space    used 11875K, capacity 12622K, committed 12672K, reserved 1048576K
}
Event: 14.117 GC heap before
{Heap before GC invocations=26 (full 0):
 garbage-first heap   total 229376K, used 182848K [0x0000000080000000, 0x0000000100000000)
  region size 1024K, 26 young (26624K), 4 survivors (4096K)
 Metaspace       used 91232K, capacity 93338K, committed 93568K, reserved 1130496K
  class space    used 11894K, capacity 12661K, committed 12672K, reserved 1048576K
}
Event: 14.133 GC heap after
{Heap after GC invocations=27 (full 0):
 garbage-first heap   total 229376K, used 165269K [0x0000000080000000, 0x0000000100000000)
  region size 1024K, 3 young (3072K), 3 survivors (3072K)
 Metaspace       used 91232K, capacity 93338K, committed 93568K, reserved 1130496K
  class space    used 11894K, capacity 12661K, committed 12672K, reserved 1048576K
}

Deoptimization events (20 events):
Event: 13.912 Thread 0x000001deffcc3000 Uncommon trap: trap_request=0xffffffde fr.pc=0x000001de8805399c relative=0x000000000000077c
Event: 13.912 Thread 0x000001deffcc3000 Uncommon trap: reason=class_check action=maybe_recompile pc=0x000001de8805399c method=com.android.tools.r8.graph.t1.b(Ljava/util/function/Predicate;Ljava/util/function/Consumer;Lcom/android/tools/r8/graph/e0;)V @ 2 c2
Event: 13.912 Thread 0x000001deffcc3000 DEOPT PACKING pc=0x000001de8805399c sp=0x000000263a7fd2a0
Event: 13.912 Thread 0x000001deffcc3000 DEOPT UNPACKING pc=0x000001de800274af sp=0x000000263a7fd1f8 mode 2
Event: 13.912 Thread 0x000001deffcc3000 Uncommon trap: trap_request=0xffffffde fr.pc=0x000001de8805399c relative=0x000000000000077c
Event: 13.912 Thread 0x000001deffcc3000 Uncommon trap: reason=class_check action=maybe_recompile pc=0x000001de8805399c method=com.android.tools.r8.graph.t1.b(Ljava/util/function/Predicate;Ljava/util/function/Consumer;Lcom/android/tools/r8/graph/e0;)V @ 2 c2
Event: 13.912 Thread 0x000001deffcc3000 DEOPT PACKING pc=0x000001de8805399c sp=0x000000263a7fd2a0
Event: 13.912 Thread 0x000001deffcc3000 DEOPT UNPACKING pc=0x000001de800274af sp=0x000000263a7fd1f8 mode 2
Event: 13.912 Thread 0x000001deffcc3000 Uncommon trap: trap_request=0xffffffde fr.pc=0x000001de8805399c relative=0x000000000000077c
Event: 13.912 Thread 0x000001deffcc3000 Uncommon trap: reason=class_check action=maybe_recompile pc=0x000001de8805399c method=com.android.tools.r8.graph.t1.b(Ljava/util/function/Predicate;Ljava/util/function/Consumer;Lcom/android/tools/r8/graph/e0;)V @ 2 c2
Event: 13.912 Thread 0x000001deffcc3000 DEOPT PACKING pc=0x000001de8805399c sp=0x000000263a7fd2a0
Event: 13.912 Thread 0x000001deffcc3000 DEOPT UNPACKING pc=0x000001de800274af sp=0x000000263a7fd1f8 mode 2
Event: 13.912 Thread 0x000001deffcc3000 Uncommon trap: trap_request=0xffffffde fr.pc=0x000001de8805399c relative=0x000000000000077c
Event: 13.912 Thread 0x000001deffcc3000 Uncommon trap: reason=class_check action=maybe_recompile pc=0x000001de8805399c method=com.android.tools.r8.graph.t1.b(Ljava/util/function/Predicate;Ljava/util/function/Consumer;Lcom/android/tools/r8/graph/e0;)V @ 2 c2
Event: 13.912 Thread 0x000001deffcc3000 DEOPT PACKING pc=0x000001de8805399c sp=0x000000263a7fd2a0
Event: 13.912 Thread 0x000001deffcc3000 DEOPT UNPACKING pc=0x000001de800274af sp=0x000000263a7fd1f8 mode 2
Event: 13.958 Thread 0x000001deffcc3000 Uncommon trap: trap_request=0xffffffe4 fr.pc=0x000001de8801d34c relative=0x000000000000020c
Event: 13.958 Thread 0x000001deffcc3000 Uncommon trap: reason=range_check action=make_not_entrant pc=0x000001de8801d34c method=com.android.tools.r8.graph.q0.b(Lcom/android/tools/r8/graph/q0;)I @ 9 c2
Event: 13.958 Thread 0x000001deffcc3000 DEOPT PACKING pc=0x000001de8801d34c sp=0x000000263a7fce90
Event: 13.958 Thread 0x000001deffcc3000 DEOPT UNPACKING pc=0x000001de800274af sp=0x000000263a7fce18 mode 2

Classes redefined (0 events):
No events

Internal exceptions (20 events):
Event: 12.375 Thread 0x000001deffcc7000 Exception <a 'java/lang/NoSuchMethodError'{0x000000008b8016d0}: 'void java.lang.invoke.DirectMethodHandle$Holder.invokeStatic(java.lang.Object, long)'> (0x000000008b8016d0) thrown at [./src/hotspot/share/interpreter/linkResolver.cpp, line 773]
Event: 12.375 Thread 0x000001deffcc7000 Exception <a 'java/lang/NoSuchMethodError'{0x000000008b8068e8}: 'java.lang.Object java.lang.invoke.DirectMethodHandle$Holder.invokeStatic(java.lang.Object, long)'> (0x000000008b8068e8) thrown at [./src/hotspot/share/interpreter/linkResolver.cpp, line 773]
Event: 12.378 Thread 0x000001deffcc7000 Exception <a 'java/lang/NoSuchMethodError'{0x000000008b814c50}: 'java.lang.Object java.lang.invoke.DirectMethodHandle$Holder.invokeStaticInit(java.lang.Object, java.lang.Object, long, java.lang.Object)'> (0x000000008b814c50) thrown at [./src/hotspot/share/interpreter/linkResolver.cpp, line 773]
Event: 12.379 Thread 0x000001deffcc7000 Exception <a 'java/lang/NoSuchMethodError'{0x000000008b81ade8}: 'java.lang.Object java.lang.invoke.DirectMethodHandle$Holder.invokeStatic(java.lang.Object, java.lang.Object, long)'> (0x000000008b81ade8) thrown at [./src/hotspot/share/interpreter/linkResolver.cpp, line 773]
Event: 12.379 Thread 0x000001deffcc7000 Exception <a 'java/lang/NoSuchMethodError'{0x000000008b821360}: 'java.lang.Object java.lang.invoke.Invokers$Holder.linkToTargetMethod(java.lang.Object, long, java.lang.Object)'> (0x000000008b821360) thrown at [./src/hotspot/share/interpreter/linkResolver.cpp, line 773]
Event: 12.613 Thread 0x000001deffcc7000 Exception <a 'java/lang/NoSuchMethodError'{0x000000008a5f5e88}: 'int java.lang.invoke.DirectMethodHandle$Holder.invokeSpecialIFC(java.lang.Object, java.lang.Object, java.lang.Object)'> (0x000000008a5f5e88) thrown at [./src/hotspot/share/interpreter/linkResolver.cpp, line 773]
Event: 12.850 Thread 0x000001deffccd800 Exception <a 'java/lang/NoSuchMethodError'{0x000000008b1ee1e8}: 'java.lang.Object java.lang.invoke.DirectMethodHandle$Holder.newInvokeSpecial(java.lang.Object, int)'> (0x000000008b1ee1e8) thrown at [./src/hotspot/share/interpreter/linkResolver.cpp, line 773]
Event: 13.446 Thread 0x000001deffcc3000 Exception <a 'java/lang/NoSuchMethodError'{0x000000008ddb2e88}: 'void java.lang.invoke.DirectMethodHandle$Holder.invokeStatic(java.lang.Object, java.lang.Object, java.lang.Object, int)'> (0x000000008ddb2e88) thrown at [./src/hotspot/share/interpreter/linkResolver.cpp, line 773]
Event: 13.447 Thread 0x000001deffcc3000 Exception <a 'java/lang/IncompatibleClassChangeError'{0x000000008ddbae40}: Found class java.lang.Object, but interface was expected> (0x000000008ddbae40) thrown at [./src/hotspot/share/interpreter/linkResolver.cpp, line 839]
Event: 13.570 Thread 0x000001deffcc3000 Exception <a 'java/lang/NoSuchMethodError'{0x000000008d9be268}: 'void java.lang.invoke.DirectMethodHandle$Holder.invokeStaticInit(java.lang.Object, java.lang.Object, java.lang.Object, java.lang.Object, java.lang.Object)'> (0x000000008d9be268) thrown at [./src/hotspot/share/interpreter/linkResolver.cpp, line 773]
Event: 13.582 Thread 0x000001deffcc3000 Exception <a 'java/lang/NoSuchMethodError'{0x000000008d81e908}: 'long java.lang.invoke.DirectMethodHandle$Holder.invokeStatic(java.lang.Object, java.lang.Object)'> (0x000000008d81e908) thrown at [./src/hotspot/share/interpreter/linkResolver.cpp, line 773]
Event: 13.592 Thread 0x000001deffccc000 Exception <a 'java/lang/NoSuchMethodError'{0x000000008dc8c000}: 'void java.lang.invoke.DirectMethodHandle$Holder.invokeSpecial(java.lang.Object, java.lang.Object, int, java.lang.Object)'> (0x000000008dc8c000) thrown at [./src/hotspot/share/interpreter/linkResolver.cpp, line 773]
Event: 13.592 Thread 0x000001deffccf000 Exception <a 'java/lang/NoSuchMethodError'{0x000000008d8a6300}: 'void java.lang.invoke.DirectMethodHandle$Holder.invokeSpecial(java.lang.Object, java.lang.Object, int, java.lang.Object)'> (0x000000008d8a6300) thrown at [./src/hotspot/share/interpreter/linkResolver.cpp, line 773]
Event: 13.592 Thread 0x000001deffcd0000 Exception <a 'java/lang/NoSuchMethodError'{0x000000008ddeaf30}: 'void java.lang.invoke.DirectMethodHandle$Holder.invokeSpecial(java.lang.Object, java.lang.Object, int, java.lang.Object)'> (0x000000008ddeaf30) thrown at [./src/hotspot/share/interpreter/linkResolver.cpp, line 773]
Event: 13.593 Thread 0x000001deffcca800 Exception <a 'java/lang/NoSuchMethodError'{0x000000008dc99298}: 'void java.lang.invoke.DirectMethodHandle$Holder.invokeSpecial(java.lang.Object, java.lang.Object, int, java.lang.Object)'> (0x000000008dc99298) thrown at [./src/hotspot/share/interpreter/linkResolver.cpp, line 773]
Event: 13.593 Thread 0x000001deffcce800 Exception <a 'java/lang/NoSuchMethodError'{0x000000008dcb9940}: 'void java.lang.invoke.DirectMethodHandle$Holder.invokeSpecial(java.lang.Object, java.lang.Object, int, java.lang.Object)'> (0x000000008dcb9940) thrown at [./src/hotspot/share/interpreter/linkResolver.cpp, line 773]
Event: 13.598 Thread 0x000001deffccd800 Exception <a 'java/lang/NoSuchMethodError'{0x000000008ddf5818}: 'void java.lang.invoke.DirectMethodHandle$Holder.invokeSpecial(java.lang.Object, java.lang.Object, int, java.lang.Object)'> (0x000000008ddf5818) thrown at [./src/hotspot/share/interpreter/linkResolver.cpp, line 773]
Event: 13.761 Thread 0x000001deffcc3000 Exception <a 'java/lang/NoSuchMethodError'{0x000000008cdb5170}: 'java.lang.Object java.lang.invoke.DirectMethodHandle$Holder.invokeSpecial(java.lang.Object, java.lang.Object, java.lang.Object, java.lang.Object, java.lang.Object, java.lang.Object, java.lang.Object, java.lang.Object, java.lang.Object, java.lang.Object)'> (0x000000008cdb5170) thrown at [./src/hotspot/share/interpreter/linkResolver.cpp, line 773]
Event: 13.761 Thread 0x000001deffcc3000 Exception <a 'java/lang/NoSuchMethodError'{0x000000008cdb9260}: 'java.lang.Object java.lang.invoke.Invokers$Holder.linkToTargetMethod(java.lang.Object, java.lang.Object, java.lang.Object, java.lang.Object, java.lang.Object, java.lang.Object, java.lang.Object, java.lang.Object, java.lang.Object)'> (0x000000008cdb9260) thrown at [./src/hotspot/share/interpreter/linkResolver.cpp, line 773]
Event: 13.804 Thread 0x000001deffcd0000 Implicit null exception at 0x000001de8804f34a to 0x000001de8804fee0

Events (20 events):
Event: 13.919 loading class com/android/tools/r8/graph/S
Event: 13.919 loading class com/android/tools/r8/graph/S done
Event: 13.919 loading class com/android/tools/r8/graph/S
Event: 13.919 loading class com/android/tools/r8/graph/S done
Event: 13.920 loading class com/android/tools/r8/graph/S
Event: 13.920 loading class com/android/tools/r8/graph/S done
Event: 13.920 loading class com/android/tools/r8/graph/S
Event: 13.920 loading class com/android/tools/r8/graph/S done
Event: 13.920 loading class com/android/tools/r8/graph/S$h
Event: 13.920 loading class com/android/tools/r8/graph/S$h done
Event: 13.921 loading class com/android/tools/r8/graph/R0$d
Event: 13.921 loading class com/android/tools/r8/graph/R0$d done
Event: 13.921 loading class com/android/tools/r8/graph/j0
Event: 13.921 loading class com/android/tools/r8/graph/j0 done
Event: 13.921 loading class com/android/tools/r8/graph/R0$f
Event: 13.921 loading class com/android/tools/r8/graph/R0$f done
Event: 13.921 loading class com/android/tools/r8/graph/R0$f
Event: 13.921 loading class com/android/tools/r8/graph/R0$f done
Event: 14.116 Executing VM operation: G1CollectForAllocation
Event: 14.133 Executing VM operation: G1CollectForAllocation done


Dynamic libraries:
0x00007ff73c920000 - 0x00007ff73c92a000 	C:\Users\Dark Knight\Desktop\Android Studio\jre\bin\java.exe
0x00007ff9b2730000 - 0x00007ff9b2925000 	C:\WINDOWS\SYSTEM32\ntdll.dll
0x00007ff9b1dc0000 - 0x00007ff9b1e7e000 	C:\WINDOWS\System32\KERNEL32.DLL
0x00007ff9b0250000 - 0x00007ff9b0518000 	C:\WINDOWS\System32\KERNELBASE.dll
0x00007ff9b0150000 - 0x00007ff9b0250000 	C:\WINDOWS\System32\ucrtbase.dll
0x00007ff9a75c0000 - 0x00007ff9a75d9000 	C:\Users\Dark Knight\Desktop\Android Studio\jre\bin\jli.dll
0x00007ff9a7300000 - 0x00007ff9a7317000 	C:\Users\Dark Knight\Desktop\Android Studio\jre\bin\VCRUNTIME140.dll
0x00007ff9b09e0000 - 0x00007ff9b0b81000 	C:\WINDOWS\System32\USER32.dll
0x00007ff9affa0000 - 0x00007ff9affc2000 	C:\WINDOWS\System32\win32u.dll
0x00007ff9b2010000 - 0x00007ff9b203b000 	C:\WINDOWS\System32\GDI32.dll
0x00007ff99a6f0000 - 0x00007ff99a98a000 	C:\WINDOWS\WinSxS\amd64_microsoft.windows.common-controls_6595b64144ccf1df_6.0.19041.1110_none_60b5254171f9507e\COMCTL32.dll
0x00007ff9b0660000 - 0x00007ff9b076d000 	C:\WINDOWS\System32\gdi32full.dll
0x00007ff9b1300000 - 0x00007ff9b139e000 	C:\WINDOWS\System32\msvcrt.dll
0x00007ff9b0000000 - 0x00007ff9b009d000 	C:\WINDOWS\System32\msvcp_win.dll
0x00007ff9b2170000 - 0x00007ff9b21a0000 	C:\WINDOWS\System32\IMM32.DLL
0x00007ff97b080000 - 0x00007ff97b11d000 	C:\Users\Dark Knight\Desktop\Android Studio\jre\bin\msvcp140.dll
0x00007ff93b770000 - 0x00007ff93c22c000 	C:\Users\Dark Knight\Desktop\Android Studio\jre\bin\server\jvm.dll
0x00007ff9b25b0000 - 0x00007ff9b265c000 	C:\WINDOWS\System32\ADVAPI32.dll
0x00007ff9b1af0000 - 0x00007ff9b1b8b000 	C:\WINDOWS\System32\sechost.dll
0x00007ff9b1120000 - 0x00007ff9b124a000 	C:\WINDOWS\System32\RPCRT4.dll
0x00007ff9b0b90000 - 0x00007ff9b0b98000 	C:\WINDOWS\System32\PSAPI.DLL
0x00007ff9a54c0000 - 0x00007ff9a54c9000 	C:\WINDOWS\SYSTEM32\WSOCK32.dll
0x00007ff99c0d0000 - 0x00007ff99c0f7000 	C:\WINDOWS\SYSTEM32\WINMM.dll
0x00007ff9a54b0000 - 0x00007ff9a54ba000 	C:\WINDOWS\SYSTEM32\VERSION.dll
0x00007ff9b1fa0000 - 0x00007ff9b200b000 	C:\WINDOWS\System32\WS2_32.dll
0x00007ff9ae6c0000 - 0x00007ff9ae6d2000 	C:\WINDOWS\SYSTEM32\kernel.appcore.dll
0x00007ff9a8e30000 - 0x00007ff9a8e41000 	C:\Users\Dark Knight\Desktop\Android Studio\jre\bin\verify.dll
0x00007ff9adae0000 - 0x00007ff9adcc4000 	C:\WINDOWS\SYSTEM32\DBGHELP.DLL
0x00007ff9982c0000 - 0x00007ff9982ec000 	C:\WINDOWS\SYSTEM32\dbgcore.DLL
0x00007ff9b05d0000 - 0x00007ff9b0652000 	C:\WINDOWS\System32\bcryptPrimitives.dll
0x00007ff99ed10000 - 0x00007ff99ed39000 	C:\Users\Dark Knight\Desktop\Android Studio\jre\bin\java.dll
0x00007ff9ab890000 - 0x00007ff9ab89b000 	C:\Users\Dark Knight\Desktop\Android Studio\jre\bin\jimage.dll
0x00007ff9a7400000 - 0x00007ff9a7418000 	C:\Users\Dark Knight\Desktop\Android Studio\jre\bin\zip.dll
0x00007ff9b13a0000 - 0x00007ff9b1ae4000 	C:\WINDOWS\System32\SHELL32.dll
0x00007ff9adf10000 - 0x00007ff9ae6a4000 	C:\WINDOWS\SYSTEM32\windows.storage.dll
0x00007ff9b21a0000 - 0x00007ff9b24f5000 	C:\WINDOWS\System32\combase.dll
0x00007ff9af7c0000 - 0x00007ff9af7ee000 	C:\WINDOWS\SYSTEM32\Wldp.dll
0x00007ff9b1250000 - 0x00007ff9b12fd000 	C:\WINDOWS\System32\SHCORE.dll
0x00007ff9b0770000 - 0x00007ff9b07c5000 	C:\WINDOWS\System32\shlwapi.dll
0x00007ff9afd80000 - 0x00007ff9afd9f000 	C:\WINDOWS\SYSTEM32\profapi.dll
0x00007ff99e660000 - 0x00007ff99e67a000 	C:\Users\Dark Knight\Desktop\Android Studio\jre\bin\net.dll
0x00007ff99e9a0000 - 0x00007ff99eaac000 	C:\WINDOWS\SYSTEM32\WINHTTP.dll
0x00007ff9af520000 - 0x00007ff9af58a000 	C:\WINDOWS\system32\mswsock.dll
0x00007ff99e520000 - 0x00007ff99e534000 	C:\Users\Dark Knight\Desktop\Android Studio\jre\bin\nio.dll
0x00007ff9a75e0000 - 0x00007ff9a7607000 	C:\Users\Dark Knight\.gradle\native\fdc75f09e3144964f2cf3f50f0aa648679c211496f362492102eb8c894070792\windows-amd64\native-platform.dll
0x00007ff96dac0000 - 0x00007ff96dc56000 	C:\Users\Dark Knight\.gradle\native\12488b8bf47d2d4c9fbf2f6322a914ad602e24e48041cd04a747c6da556b65c4\windows-amd64\native-platform-file-events.dll
0x00007ff9ab1e0000 - 0x00007ff9ab1ea000 	C:\Users\Dark Knight\Desktop\Android Studio\jre\bin\management.dll
0x00007ff9ab190000 - 0x00007ff9ab19c000 	C:\Users\Dark Knight\Desktop\Android Studio\jre\bin\management_ext.dll
0x00007ff9af710000 - 0x00007ff9af728000 	C:\WINDOWS\SYSTEM32\CRYPTSP.dll
0x00007ff9aeea0000 - 0x00007ff9aeed4000 	C:\WINDOWS\system32\rsaenh.dll
0x00007ff9affd0000 - 0x00007ff9afff7000 	C:\WINDOWS\System32\bcrypt.dll
0x00007ff9afd40000 - 0x00007ff9afd6e000 	C:\WINDOWS\SYSTEM32\USERENV.dll
0x00007ff9af730000 - 0x00007ff9af73c000 	C:\WINDOWS\SYSTEM32\CRYPTBASE.dll
0x00007ff9af210000 - 0x00007ff9af24b000 	C:\WINDOWS\SYSTEM32\IPHLPAPI.DLL
0x00007ff9b1ba0000 - 0x00007ff9b1ba8000 	C:\WINDOWS\System32\NSI.dll
0x00007ff9a14e0000 - 0x00007ff9a14f7000 	C:\WINDOWS\SYSTEM32\dhcpcsvc6.DLL
0x00007ff9a15f0000 - 0x00007ff9a160d000 	C:\WINDOWS\SYSTEM32\dhcpcsvc.DLL
0x00007ff9af250000 - 0x00007ff9af31b000 	C:\WINDOWS\SYSTEM32\DNSAPI.dll
0x00007ff9a5000000 - 0x00007ff9a500b000 	C:\WINDOWS\SYSTEM32\WINNSI.DLL

dbghelp: loaded successfully - version: 4.0.5 - missing functions: none
symbol engine: initialized successfully - sym options: 0x614 - pdb path: .;C:\Users\Dark Knight\Desktop\Android Studio\jre\bin;C:\WINDOWS\SYSTEM32;C:\WINDOWS\WinSxS\amd64_microsoft.windows.common-controls_6595b64144ccf1df_6.0.19041.1110_none_60b5254171f9507e;C:\Users\Dark Knight\Desktop\Android Studio\jre\bin\server;C:\Users\Dark Knight\.gradle\native\fdc75f09e3144964f2cf3f50f0aa648679c211496f362492102eb8c894070792\windows-amd64;C:\Users\Dark Knight\.gradle\native\12488b8bf47d2d4c9fbf2f6322a914ad602e24e48041cd04a747c6da556b65c4\windows-amd64

VM Arguments:
jvm_args: --add-opens=java.base/java.util=ALL-UNNAMED --add-opens=java.base/java.lang=ALL-UNNAMED --add-opens=java.base/java.lang.invoke=ALL-UNNAMED --add-opens=java.prefs/java.util.prefs=ALL-UNNAMED -Xmx2048m -Dfile.encoding=UTF-8 -Duser.country=IN -Duser.language=en -Duser.variant 
java_command: org.gradle.launcher.daemon.bootstrap.GradleDaemon 6.7.1
java_class_path (initial): C:\Users\Dark Knight\.gradle\wrapper\dists\gradle-6.7.1-bin\bwlcbys1h7rz3272sye1xwiv6\gradle-6.7.1\lib\gradle-launcher-6.7.1.jar
Launcher Type: SUN_STANDARD

[Global flags]
     intx CICompilerCount                          = 4                                         {product} {ergonomic}
     uint ConcGCThreads                            = 2                                         {product} {ergonomic}
     uint G1ConcRefinementThreads                  = 8                                         {product} {ergonomic}
   size_t G1HeapRegionSize                         = 1048576                                   {product} {ergonomic}
    uintx GCDrainStackTargetSize                   = 64                                        {product} {ergonomic}
   size_t InitialHeapSize                          = 134217728                                 {product} {ergonomic}
   size_t MarkStackSize                            = 4194304                                   {product} {ergonomic}
   size_t MaxHeapSize                              = 2147483648                                {product} {command line}
   size_t MaxNewSize                               = 1287651328                                {product} {ergonomic}
   size_t MinHeapDeltaBytes                        = 1048576                                   {product} {ergonomic}
    uintx NonNMethodCodeHeapSize                   = 5836300                                {pd product} {ergonomic}
    uintx NonProfiledCodeHeapSize                  = 122910970                              {pd product} {ergonomic}
    uintx ProfiledCodeHeapSize                     = 122910970                              {pd product} {ergonomic}
    uintx ReservedCodeCacheSize                    = 251658240                              {pd product} {ergonomic}
     bool SegmentedCodeCache                       = true                                      {product} {ergonomic}
     bool UseCompressedClassPointers               = true                                 {lp64_product} {ergonomic}
     bool UseCompressedOops                        = true                                 {lp64_product} {ergonomic}
     bool UseG1GC                                  = true                                      {product} {ergonomic}
     bool UseLargePagesIndividualAllocation        = false                                  {pd product} {ergonomic}

Logging:
Log output configuration:
 #0: stdout all=warning uptime,level,tags
 #1: stderr all=off uptime,level,tags

Environment Variables:
PATH=C:\Windows\system32;C:\Windows;C:\Windows\System32\Wbem;C:\Windows\System32\WindowsPowerShell\v1.0\;C:\Windows\System32\OpenSSH\;C:\Program Files (x86)\NVIDIA Corporation\PhysX\Common;C:\Program Files\NVIDIA Corporation\NVIDIA NvDLISR;C:\WINDOWS\system32;C:\WINDOWS;C:\WINDOWS\System32\Wbem;C:\WINDOWS\System32\WindowsPowerShell\v1.0\;C:\WINDOWS\System32\OpenSSH\;C:\MinGW\bin;C:\Program Files\MEGA-X;C:\WINDOWS\system32;C:\WINDOWS;C:\WINDOWS\System32\Wbem;C:\WINDOWS\System32\WindowsPowerShell\v1.0\;C:\WINDOWS\System32\OpenSSH\;C:\Program Files\Git\cmd;C:\Users\Dark Knight\AppData\Local\Microsoft\WindowsApps;C:\Users\Dark Knight\AppData\Local\atom\bin;C:\MinGW\bin;C:\Program Files (x86)\Microsoft Visual Studio\2019\BuildTools\MSBuild\Current\Bin;C:\Users\Dark Knight\AppData\Local\Microsoft\WindowsApps
USERNAME=Dark Knight
OS=Windows_NT
PROCESSOR_IDENTIFIER=Intel64 Family 6 Model 158 Stepping 10, GenuineIntel



---------------  S Y S T E M  ---------------

OS: Windows 10 , 64 bit Build 19041 (10.0.19041.1348)
OS uptime: 4 days 13:16 hours

CPU:total 8 (initial active 8) (4 cores per cpu, 2 threads per core) family 6 model 158 stepping 10, cmov, cx8, fxsr, mmx, sse, sse2, sse3, ssse3, sse4.1, sse4.2, popcnt, avx, avx2, aes, clmul, erms, 3dnowpref, lzcnt, ht, tsc, tscinvbit, bmi1, bmi2, adx, fma

Memory: 4k page, system-wide physical 8072M (500M free)
TotalPageFile size 12168M (AvailPageFile size 7M)
current process WorkingSet (physical memory assigned to process): 514M, peak: 516M
current process commit charge ("private bytes"): 554M, peak: 557M

vm_info: OpenJDK 64-Bit Server VM (11.0.8+10-b944.6842174) for windows-amd64 JRE (11.0.8+10-b944.6842174), built on Sep 19 2020 01:11:42 by "builder" with MS VC++ 14.0 (VS2015)

END.
