#
# There is insufficient memory for the Java Runtime Environment to continue.
# Native memory allocation (malloc) failed to allocate 1438256 bytes for Chunk::new
# Possible reasons:
#   The system is out of physical RAM or swap space
#   The process is running with CompressedOops enabled, and the Java Heap may be blocking the growth of the native heap
# Possible solutions:
#   Reduce memory load on the system
#   Increase physical memory or swap space
#   Check if swap backing store is full
#   Decrease Java heap size (-Xmx/-Xms)
#   Decrease number of Java threads
#   Decrease Java thread stack sizes (-Xss)
#   Set larger code cache with -XX:ReservedCodeCacheSize=
#   JVM is running with Unscaled Compressed Oops mode in which the Java heap is
#     placed in the first 4GB address space. The Java Heap base address is the
#     maximum limit for the native heap growth. Please use -XX:HeapBaseMinAddress
#     to set the Java Heap base and to place the Java Heap above 4GB virtual address.
# This output file may be truncated or incomplete.
#
#  Out of Memory Error (./src/hotspot/share/memory/arena.cpp:197), pid=7192, tid=24848
#
# JRE version: OpenJDK Runtime Environment (11.0.8+10) (build 11.0.8+10-b944.6842174)
# Java VM: OpenJDK 64-Bit Server VM (11.0.8+10-b944.6842174, mixed mode, tiered, compressed oops, g1 gc, windows-amd64)
# No core dump will be written. Minidumps are not enabled by default on client versions of Windows
#

---------------  S U M M A R Y ------------

Command Line: --add-opens=java.base/java.util=ALL-UNNAMED --add-opens=java.base/java.lang=ALL-UNNAMED --add-opens=java.base/java.lang.invoke=ALL-UNNAMED --add-opens=java.prefs/java.util.prefs=ALL-UNNAMED -Xmx2048m -Dfile.encoding=UTF-8 -Duser.country=IN -Duser.language=en -Duser.variant org.gradle.launcher.daemon.bootstrap.GradleDaemon 6.7.1

Host: Intel(R) Core(TM) i5-9300H CPU @ 2.40GHz, 8 cores, 7G,  Windows 10 , 64 bit Build 19041 (10.0.19041.1348)
Time: Wed Dec 22 22:50:53 2021 India Standard Time elapsed time: 14 seconds (0d 0h 0m 14s)

---------------  T H R E A D  ---------------

Current thread (0x00000206c6366000):  JavaThread "C2 CompilerThread0" daemon [_thread_in_native, id=24848, stack(0x000000d2fae00000,0x000000d2faf00000)]


Current CompileTask:
C2:  14701 10545       4       com.android.tools.r8.graph.O::a (275 bytes)

Stack: [0x000000d2fae00000,0x000000d2faf00000]
Native frames: (J=compiled Java code, j=interpreted, Vv=VM code, C=native code)
V  [jvm.dll+0x5de50a]
V  [jvm.dll+0x7122f5]
V  [jvm.dll+0x71384d]
V  [jvm.dll+0x713f03]
V  [jvm.dll+0x23e728]
V  [jvm.dll+0xb899c]
V  [jvm.dll+0xb8e9c]
V  [jvm.dll+0x35024d]
V  [jvm.dll+0x193cbc]
V  [jvm.dll+0x1f780e]
V  [jvm.dll+0x1f68d4]
V  [jvm.dll+0x17f32c]
V  [jvm.dll+0x205047]
V  [jvm.dll+0x203891]
V  [jvm.dll+0x6dad3f]
V  [jvm.dll+0x6d3895]
V  [jvm.dll+0x5dd4a6]
C  [ucrtbase.dll+0x21bb2]
C  [KERNEL32.DLL+0x17034]
C  [ntdll.dll+0x52651]


---------------  P R O C E S S  ---------------

Threads class SMR info:
_java_thread_list=0x00000206c66849b0, length=186, elements={
0x00000206ab6dd800, 0x00000206c59e1000, 0x00000206c59ea000, 0x00000206c6363800,
0x00000206c6365000, 0x00000206c6366000, 0x00000206c636a000, 0x00000206c636d000,
0x00000206c64c3800, 0x00000206c64f3800, 0x00000206c7cce800, 0x00000206c7670000,
0x00000206c66e0000, 0x00000206c6780800, 0x00000206c7b32800, 0x00000206c7bb6000,
0x00000206c820c800, 0x00000206c81aa800, 0x00000206c7602800, 0x00000206c7603000,
0x00000206c81cd800, 0x00000206c81d0000, 0x00000206c81ce000, 0x00000206c8ba7000,
0x00000206c81cf000, 0x00000206c81d0800, 0x00000206c81d1800, 0x00000206c81d2000,
0x00000206c81cc800, 0x00000206ca934000, 0x00000206c81d3000, 0x00000206ca4b2800,
0x00000206ca4ad000, 0x00000206ca4b1000, 0x00000206ca4b3800, 0x00000206ca4b2000,
0x00000206ca4ae000, 0x00000206ca4b5000, 0x00000206ca4b6000, 0x00000206ca4b6800,
0x00000206ca4ba000, 0x00000206ca4b7800, 0x00000206ca4b9000, 0x00000206ca4b8800,
0x00000206ca4b4800, 0x00000206ca4bb000, 0x00000206ca4bb800, 0x00000206c86c2800,
0x00000206c86c3000, 0x00000206c86c6800, 0x00000206c86c4800, 0x00000206c86c4000,
0x00000206c86c7000, 0x00000206c86c1800, 0x00000206c86cb800, 0x00000206c86c5800,
0x00000206c86cd800, 0x00000206c86c9000, 0x00000206c86cc000, 0x00000206c86cd000,
0x00000206c86c8000, 0x00000206c86ce800, 0x00000206c86cf800, 0x00000206c86c9800,
0x00000206c86d0000, 0x00000206c86ca800, 0x00000206c7ec7000, 0x00000206c7ec8000,
0x00000206c7ec6800, 0x00000206c7ec8800, 0x00000206c7ec3000, 0x00000206c7ec4800,
0x00000206c7ec9800, 0x00000206c7ec5800, 0x00000206c7ec4000, 0x00000206c7ece800,
0x00000206c7eca800, 0x00000206c7ecf800, 0x00000206c7ed0000, 0x00000206c7ecc000,
0x00000206c7ecd800, 0x00000206c7ed1000, 0x00000206c7ecb000, 0x00000206c7ed1800,
0x00000206c7ecd000, 0x00000206c707e800, 0x00000206c7083000, 0x00000206c7080800,
0x00000206c707f800, 0x00000206c7081000, 0x00000206c707e000, 0x00000206c7085000,
0x00000206c7082000, 0x00000206c7084800, 0x00000206c7083800, 0x00000206c7086000,
0x00000206c708c000, 0x00000206c708a000, 0x00000206c7087800, 0x00000206c708c800,
0x00000206c7088800, 0x00000206c7089800, 0x00000206c708b000, 0x00000206c7087000,
0x00000206c7def800, 0x00000206c7df0800, 0x00000206c7deb800, 0x00000206c7def000,
0x00000206c7dec800, 0x00000206c7ded000, 0x00000206c7deb000, 0x00000206c7df1800,
0x00000206c7dee000, 0x00000206c7df6000, 0x00000206c7df3000, 0x00000206c7df2000,
0x00000206c7df4800, 0x00000206c7df7000, 0x00000206c7df8000, 0x00000206c7df8800,
0x00000206c7df9800, 0x00000206c7df3800, 0x00000206c7df5800, 0x00000206c8fcf800,
0x00000206c8fd3800, 0x00000206c8fd4800, 0x00000206c8fd5800, 0x00000206c8fd6000,
0x00000206c8fd0800, 0x00000206c8fd7000, 0x00000206c8fd1800, 0x00000206c8fd2000,
0x00000206c8fd8000, 0x00000206c8fd8800, 0x00000206c8fd3000, 0x00000206c8fdb000,
0x00000206c8fdc800, 0x00000206c8fdd800, 0x00000206c8fda800, 0x00000206c8fd9800,
0x00000206c8fdc000, 0x00000206c8fde800, 0x00000206c6aee000, 0x00000206c6ae8000,
0x00000206c6aeb800, 0x00000206c6aec000, 0x00000206c6aed000, 0x00000206c6ae9000,
0x00000206c6aee800, 0x00000206c6aea000, 0x00000206c6aef800, 0x00000206c6af0800,
0x00000206c6aea800, 0x00000206c6af3000, 0x00000206c6af4800, 0x00000206c6af1000,
0x00000206c6af5000, 0x00000206c6af2000, 0x00000206c6af3800, 0x00000206c6af6000,
0x00000206c6af7000, 0x00000206ccd3a800, 0x00000206ccd3b800, 0x00000206ccd39000,
0x00000206ccd3c800, 0x00000206ccd38000, 0x00000206ccd3e000, 0x00000206ccd3d000,
0x00000206ccd3a000, 0x00000206ccd3e800, 0x00000206ca46d000, 0x00000206ca46d800,
0x00000206ca474800, 0x00000206ca472800, 0x00000206ca471000, 0x00000206ca46e800,
0x00000206ca475000, 0x00000206ca46f800, 0x00000206ca472000, 0x00000206ca476000,
0x00000206ca470000, 0x00000206ca47b000, 0x00000206ca476800, 0x00000206ca47a000,
0x00000206ca479000, 0x00000206ca477800
}

Java Threads: ( => current thread )
  0x00000206ab6dd800 JavaThread "main" [_thread_blocked, id=18644, stack(0x000000d2fa300000,0x000000d2fa400000)]
  0x00000206c59e1000 JavaThread "Reference Handler" daemon [_thread_blocked, id=9152, stack(0x000000d2faa00000,0x000000d2fab00000)]
  0x00000206c59ea000 JavaThread "Finalizer" daemon [_thread_blocked, id=11156, stack(0x000000d2fab00000,0x000000d2fac00000)]
  0x00000206c6363800 JavaThread "Signal Dispatcher" daemon [_thread_blocked, id=9428, stack(0x000000d2fac00000,0x000000d2fad00000)]
  0x00000206c6365000 JavaThread "Attach Listener" daemon [_thread_blocked, id=4228, stack(0x000000d2fad00000,0x000000d2fae00000)]
=>0x00000206c6366000 JavaThread "C2 CompilerThread0" daemon [_thread_in_native, id=24848, stack(0x000000d2fae00000,0x000000d2faf00000)]
  0x00000206c636a000 JavaThread "C1 CompilerThread0" daemon [_thread_blocked, id=23632, stack(0x000000d2faf00000,0x000000d2fb000000)]
  0x00000206c636d000 JavaThread "Sweeper thread" daemon [_thread_blocked, id=15396, stack(0x000000d2fb000000,0x000000d2fb100000)]
  0x00000206c64c3800 JavaThread "Common-Cleaner" daemon [_thread_blocked, id=15736, stack(0x000000d2fb100000,0x000000d2fb200000)]
  0x00000206c64f3800 JavaThread "Service Thread" daemon [_thread_blocked, id=14832, stack(0x000000d2fb200000,0x000000d2fb300000)]
  0x00000206c7cce800 JavaThread "Daemon health stats" [_thread_blocked, id=2636, stack(0x000000d2fb800000,0x000000d2fb900000)]
  0x00000206c7670000 JavaThread "Incoming local TCP Connector on port 63869" [_thread_in_native, id=19368, stack(0x000000d2fb900000,0x000000d2fba00000)]
  0x00000206c66e0000 JavaThread "Daemon periodic checks" [_thread_blocked, id=20896, stack(0x000000d2fba00000,0x000000d2fbb00000)]
  0x00000206c6780800 JavaThread "Daemon" [_thread_blocked, id=26432, stack(0x000000d2fbb00000,0x000000d2fbc00000)]
  0x00000206c7b32800 JavaThread "Handler for socket connection from /127.0.0.1:63869 to /127.0.0.1:63870" [_thread_in_native, id=21436, stack(0x000000d2fbc00000,0x000000d2fbd00000)]
  0x00000206c7bb6000 JavaThread "Cancel handler" [_thread_blocked, id=26896, stack(0x000000d2fbd00000,0x000000d2fbe00000)]
  0x00000206c820c800 JavaThread "Daemon worker" [_thread_blocked, id=18528, stack(0x000000d2fbe00000,0x000000d2fbf00000)]
  0x00000206c81aa800 JavaThread "Asynchronous log dispatcher for DefaultDaemonConnection: socket connection from /127.0.0.1:63869 to /127.0.0.1:63870" [_thread_blocked, id=3788, stack(0x000000d2fbf00000,0x000000d2fc000000)]
  0x00000206c7602800 JavaThread "Stdin handler" [_thread_blocked, id=20696, stack(0x000000d2fc000000,0x000000d2fc100000)]
  0x00000206c7603000 JavaThread "Thread-8" [_thread_blocked, id=6540, stack(0x000000d2fc100000,0x000000d2fc200000)]
  0x00000206c81cd800 JavaThread "Cache worker for file hash cache (C:\Users\Dark Knight\.gradle\caches\6.7.1\fileHashes)" [_thread_blocked, id=24180, stack(0x000000d2fc700000,0x000000d2fc800000)]
  0x00000206c81d0000 JavaThread "File lock request listener" [_thread_in_native, id=19536, stack(0x000000d2fc800000,0x000000d2fc900000)]
  0x00000206c81ce000 JavaThread "Cache worker for journal cache (C:\Users\Dark Knight\.gradle\caches\journal-1)" [_thread_blocked, id=13912, stack(0x000000d2fca00000,0x000000d2fcb00000)]
  0x00000206c8ba7000 JavaThread "C2 CompilerThread1" daemon [_thread_in_native, id=25644, stack(0x000000d2fcb00000,0x000000d2fcc00000)]
  0x00000206c81cf000 JavaThread "Cache worker for file hash cache (C:\Android Projects\Udemy TUTORIAL\.gradle\6.7.1\fileHashes)" [_thread_blocked, id=14824, stack(0x000000d2fcc00000,0x000000d2fcd00000)]
  0x00000206c81d0800 JavaThread "Cache worker for checksums cache (C:\Android Projects\Udemy TUTORIAL\.gradle\checksums)" [_thread_blocked, id=21468, stack(0x000000d2fcd00000,0x000000d2fce00000)]
  0x00000206c81d1800 JavaThread "Cache worker for cache directory md-supplier (C:\Users\Dark Knight\.gradle\caches\6.7.1\md-supplier)" [_thread_blocked, id=26460, stack(0x000000d2fce00000,0x000000d2fcf00000)]
  0x00000206c81d2000 JavaThread "Cache worker for cache directory md-rule (C:\Users\Dark Knight\.gradle\caches\6.7.1\md-rule)" [_thread_blocked, id=23876, stack(0x000000d2fcf00000,0x000000d2fd000000)]
  0x00000206c81cc800 JavaThread "Cache worker for execution history cache (C:\Users\Dark Knight\.gradle\caches\6.7.1\executionHistory)" [_thread_blocked, id=9456, stack(0x000000d2fd000000,0x000000d2fd100000)]
  0x00000206ca934000 JavaThread "C2 CompilerThread2" daemon [_thread_in_native, id=9432, stack(0x000000d2fd100000,0x000000d2fd200000)]
  0x00000206c81d3000 JavaThread "jar transforms" [_thread_blocked, id=22960, stack(0x000000d2fd200000,0x000000d2fd300000)]
  0x00000206ca4b2800 JavaThread "Cache worker for file content cache (C:\Users\Dark Knight\.gradle\caches\6.7.1\fileContent)" [_thread_blocked, id=23068, stack(0x000000d2fd300000,0x000000d2fd400000)]
  0x00000206ca4ad000 JavaThread "Cache worker for Build Output Cleanup Cache (C:\Android Projects\Udemy TUTORIAL\.gradle\buildOutputCleanup)" [_thread_blocked, id=25360, stack(0x000000d2fd400000,0x000000d2fd500000)]
  0x00000206ca4b1000 JavaThread "Build operations" [_thread_blocked, id=21124, stack(0x000000d2fd500000,0x000000d2fd600000)]
  0x00000206ca4b3800 JavaThread "Build operations Thread 2" [_thread_blocked, id=20672, stack(0x000000d2fd600000,0x000000d2fd700000)]
  0x00000206ca4b2000 JavaThread "Build operations Thread 3" [_thread_blocked, id=19168, stack(0x000000d2fd700000,0x000000d2fd800000)]
  0x00000206ca4ae000 JavaThread "Build operations Thread 4" [_thread_blocked, id=21704, stack(0x000000d2fd800000,0x000000d2fd900000)]
  0x00000206ca4b5000 JavaThread "Build operations Thread 5" [_thread_blocked, id=18980, stack(0x000000d2fd900000,0x000000d2fda00000)]
  0x00000206ca4b6000 JavaThread "Build operations Thread 6" [_thread_blocked, id=18616, stack(0x000000d2fda00000,0x000000d2fdb00000)]
  0x00000206ca4b6800 JavaThread "Build operations Thread 7" [_thread_blocked, id=10548, stack(0x000000d2fdb00000,0x000000d2fdc00000)]
  0x00000206ca4ba000 JavaThread "Build operations Thread 8" [_thread_blocked, id=24876, stack(0x000000d2fdc00000,0x000000d2fdd00000)]
  0x00000206ca4b7800 JavaThread "jar transforms Thread 2" [_thread_blocked, id=18144, stack(0x000000d2fdd00000,0x000000d2fde00000)]
  0x00000206ca4b9000 JavaThread "jar transforms Thread 3" [_thread_blocked, id=25640, stack(0x000000d2fde00000,0x000000d2fdf00000)]
  0x00000206ca4b8800 JavaThread "jar transforms Thread 4" [_thread_blocked, id=21820, stack(0x000000d2fdf00000,0x000000d2fe000000)]
  0x00000206ca4b4800 JavaThread "jar transforms Thread 5" [_thread_blocked, id=408, stack(0x000000d2fe000000,0x000000d2fe100000)]
  0x00000206ca4bb000 JavaThread "jar transforms Thread 6" [_thread_blocked, id=23828, stack(0x000000d2fe100000,0x000000d2fe200000)]
  0x00000206ca4bb800 JavaThread "jar transforms Thread 7" [_thread_blocked, id=17196, stack(0x000000d2fe200000,0x000000d2fe300000)]
  0x00000206c86c2800 JavaThread "jar transforms Thread 8" [_thread_blocked, id=24600, stack(0x000000d2fe300000,0x000000d2fe400000)]
  0x00000206c86c3000 JavaThread "jar transforms Thread 9" [_thread_blocked, id=26940, stack(0x000000d2fe400000,0x000000d2fe500000)]
  0x00000206c86c6800 JavaThread "jar transforms Thread 10" [_thread_blocked, id=24668, stack(0x000000d2fe500000,0x000000d2fe600000)]
  0x00000206c86c4800 JavaThread "jar transforms Thread 11" [_thread_blocked, id=27380, stack(0x000000d2fe600000,0x000000d2fe700000)]
  0x00000206c86c4000 JavaThread "jar transforms Thread 12" [_thread_blocked, id=24368, stack(0x000000d2fe700000,0x000000d2fe800000)]
  0x00000206c86c7000 JavaThread "jar transforms Thread 13" [_thread_blocked, id=15028, stack(0x000000d2fe800000,0x000000d2fe900000)]
  0x00000206c86c1800 JavaThread "jar transforms Thread 14" [_thread_blocked, id=25332, stack(0x000000d2fe900000,0x000000d2fea00000)]
  0x00000206c86cb800 JavaThread "jar transforms Thread 15" [_thread_blocked, id=8016, stack(0x000000d2fea00000,0x000000d2feb00000)]
  0x00000206c86c5800 JavaThread "jar transforms Thread 16" [_thread_blocked, id=17136, stack(0x000000d2feb00000,0x000000d2fec00000)]
  0x00000206c86cd800 JavaThread "jar transforms Thread 17" [_thread_blocked, id=24748, stack(0x000000d2fec00000,0x000000d2fed00000)]
  0x00000206c86c9000 JavaThread "jar transforms Thread 18" [_thread_blocked, id=19928, stack(0x000000d2fed00000,0x000000d2fee00000)]
  0x00000206c86cc000 JavaThread "jar transforms Thread 19" [_thread_blocked, id=24776, stack(0x000000d2fee00000,0x000000d2fef00000)]
  0x00000206c86cd000 JavaThread "jar transforms Thread 20" [_thread_blocked, id=25796, stack(0x000000d2fef00000,0x000000d2ff000000)]
  0x00000206c86c8000 JavaThread "jar transforms Thread 21" [_thread_blocked, id=24336, stack(0x000000d2ff000000,0x000000d2ff100000)]
  0x00000206c86ce800 JavaThread "jar transforms Thread 22" [_thread_blocked, id=8912, stack(0x000000d2ff100000,0x000000d2ff200000)]
  0x00000206c86cf800 JavaThread "jar transforms Thread 23" [_thread_blocked, id=7460, stack(0x000000d2ff200000,0x000000d2ff300000)]
  0x00000206c86c9800 JavaThread "jar transforms Thread 24" [_thread_blocked, id=10552, stack(0x000000d2ff300000,0x000000d2ff400000)]
  0x00000206c86d0000 JavaThread "jar transforms Thread 25" [_thread_blocked, id=2696, stack(0x000000d2ff400000,0x000000d2ff500000)]
  0x00000206c86ca800 JavaThread "jar transforms Thread 26" [_thread_blocked, id=22608, stack(0x000000d2ff500000,0x000000d2ff600000)]
  0x00000206c7ec7000 JavaThread "jar transforms Thread 27" [_thread_blocked, id=22628, stack(0x000000d2ff600000,0x000000d2ff700000)]
  0x00000206c7ec8000 JavaThread "jar transforms Thread 28" [_thread_blocked, id=26532, stack(0x000000d2ff700000,0x000000d2ff800000)]
  0x00000206c7ec6800 JavaThread "jar transforms Thread 29" [_thread_blocked, id=19804, stack(0x000000d2ff800000,0x000000d2ff900000)]
  0x00000206c7ec8800 JavaThread "jar transforms Thread 30" [_thread_blocked, id=25036, stack(0x000000d2ff900000,0x000000d2ffa00000)]
  0x00000206c7ec3000 JavaThread "jar transforms Thread 31" [_thread_blocked, id=20148, stack(0x000000d2ffa00000,0x000000d2ffb00000)]
  0x00000206c7ec4800 JavaThread "jar transforms Thread 32" [_thread_blocked, id=21936, stack(0x000000d2ffb00000,0x000000d2ffc00000)]
  0x00000206c7ec9800 JavaThread "jar transforms Thread 33" [_thread_blocked, id=10760, stack(0x000000d2ffc00000,0x000000d2ffd00000)]
  0x00000206c7ec5800 JavaThread "jar transforms Thread 34" [_thread_blocked, id=26204, stack(0x000000d2ffd00000,0x000000d2ffe00000)]
  0x00000206c7ec4000 JavaThread "jar transforms Thread 35" [_thread_blocked, id=1548, stack(0x000000d2ffe00000,0x000000d2fff00000)]
  0x00000206c7ece800 JavaThread "jar transforms Thread 36" [_thread_blocked, id=19816, stack(0x000000d2fff00000,0x000000d300000000)]
  0x00000206c7eca800 JavaThread "jar transforms Thread 37" [_thread_blocked, id=9128, stack(0x000000d280000000,0x000000d280100000)]
  0x00000206c7ecf800 JavaThread "jar transforms Thread 38" [_thread_blocked, id=27544, stack(0x000000d280100000,0x000000d280200000)]
  0x00000206c7ed0000 JavaThread "jar transforms Thread 39" [_thread_blocked, id=8100, stack(0x000000d280200000,0x000000d280300000)]
  0x00000206c7ecc000 JavaThread "jar transforms Thread 40" [_thread_blocked, id=24132, stack(0x000000d280300000,0x000000d280400000)]
  0x00000206c7ecd800 JavaThread "jar transforms Thread 41" [_thread_blocked, id=21148, stack(0x000000d280400000,0x000000d280500000)]
  0x00000206c7ed1000 JavaThread "jar transforms Thread 42" [_thread_blocked, id=2140, stack(0x000000d280500000,0x000000d280600000)]
  0x00000206c7ecb000 JavaThread "jar transforms Thread 43" [_thread_blocked, id=21324, stack(0x000000d280600000,0x000000d280700000)]
  0x00000206c7ed1800 JavaThread "jar transforms Thread 44" [_thread_blocked, id=18040, stack(0x000000d280700000,0x000000d280800000)]
  0x00000206c7ecd000 JavaThread "jar transforms Thread 45" [_thread_blocked, id=17880, stack(0x000000d280800000,0x000000d280900000)]
  0x00000206c707e800 JavaThread "jar transforms Thread 46" [_thread_blocked, id=5220, stack(0x000000d280900000,0x000000d280a00000)]
  0x00000206c7083000 JavaThread "jar transforms Thread 47" [_thread_blocked, id=10132, stack(0x000000d280a00000,0x000000d280b00000)]
  0x00000206c7080800 JavaThread "jar transforms Thread 48" [_thread_blocked, id=23656, stack(0x000000d280b00000,0x000000d280c00000)]
  0x00000206c707f800 JavaThread "jar transforms Thread 49" [_thread_blocked, id=17732, stack(0x000000d280c00000,0x000000d280d00000)]
  0x00000206c7081000 JavaThread "jar transforms Thread 50" [_thread_blocked, id=24496, stack(0x000000d280d00000,0x000000d280e00000)]
  0x00000206c707e000 JavaThread "jar transforms Thread 51" [_thread_blocked, id=15220, stack(0x000000d280e00000,0x000000d280f00000)]
  0x00000206c7085000 JavaThread "jar transforms Thread 52" [_thread_blocked, id=14416, stack(0x000000d280f00000,0x000000d281000000)]
  0x00000206c7082000 JavaThread "jar transforms Thread 53" [_thread_blocked, id=21336, stack(0x000000d281000000,0x000000d281100000)]
  0x00000206c7084800 JavaThread "jar transforms Thread 54" [_thread_blocked, id=18972, stack(0x000000d281100000,0x000000d281200000)]
  0x00000206c7083800 JavaThread "jar transforms Thread 55" [_thread_blocked, id=23008, stack(0x000000d281200000,0x000000d281300000)]
  0x00000206c7086000 JavaThread "jar transforms Thread 56" [_thread_blocked, id=26376, stack(0x000000d281300000,0x000000d281400000)]
  0x00000206c708c000 JavaThread "jar transforms Thread 57" [_thread_blocked, id=24724, stack(0x000000d281400000,0x000000d281500000)]
  0x00000206c708a000 JavaThread "jar transforms Thread 58" [_thread_blocked, id=4268, stack(0x000000d281500000,0x000000d281600000)]
  0x00000206c7087800 JavaThread "jar transforms Thread 59" [_thread_blocked, id=26676, stack(0x000000d281600000,0x000000d281700000)]
  0x00000206c708c800 JavaThread "jar transforms Thread 60" [_thread_blocked, id=25580, stack(0x000000d281700000,0x000000d281800000)]
  0x00000206c7088800 JavaThread "jar transforms Thread 61" [_thread_blocked, id=25228, stack(0x000000d281800000,0x000000d281900000)]
  0x00000206c7089800 JavaThread "jar transforms Thread 62" [_thread_blocked, id=25304, stack(0x000000d281900000,0x000000d281a00000)]
  0x00000206c708b000 JavaThread "jar transforms Thread 63" [_thread_blocked, id=27396, stack(0x000000d281a00000,0x000000d281b00000)]
  0x00000206c7087000 JavaThread "jar transforms Thread 64" [_thread_blocked, id=19980, stack(0x000000d281b00000,0x000000d281c00000)]
  0x00000206c7def800 JavaThread "jar transforms Thread 65" [_thread_blocked, id=24264, stack(0x000000d281c00000,0x000000d281d00000)]
  0x00000206c7df0800 JavaThread "jar transforms Thread 66" [_thread_blocked, id=4184, stack(0x000000d281d00000,0x000000d281e00000)]
  0x00000206c7deb800 JavaThread "jar transforms Thread 67" [_thread_blocked, id=7812, stack(0x000000d281e00000,0x000000d281f00000)]
  0x00000206c7def000 JavaThread "jar transforms Thread 68" [_thread_blocked, id=15320, stack(0x000000d281f00000,0x000000d282000000)]
  0x00000206c7dec800 JavaThread "jar transforms Thread 69" [_thread_blocked, id=25884, stack(0x000000d282000000,0x000000d282100000)]
  0x00000206c7ded000 JavaThread "jar transforms Thread 70" [_thread_blocked, id=26420, stack(0x000000d282100000,0x000000d282200000)]
  0x00000206c7deb000 JavaThread "jar transforms Thread 71" [_thread_blocked, id=25324, stack(0x000000d282200000,0x000000d282300000)]
  0x00000206c7df1800 JavaThread "jar transforms Thread 72" [_thread_blocked, id=21248, stack(0x000000d282300000,0x000000d282400000)]
  0x00000206c7dee000 JavaThread "jar transforms Thread 73" [_thread_blocked, id=25388, stack(0x000000d282400000,0x000000d282500000)]
  0x00000206c7df6000 JavaThread "jar transforms Thread 74" [_thread_blocked, id=804, stack(0x000000d282500000,0x000000d282600000)]
  0x00000206c7df3000 JavaThread "jar transforms Thread 75" [_thread_blocked, id=25828, stack(0x000000d282600000,0x000000d282700000)]
  0x00000206c7df2000 JavaThread "jar transforms Thread 76" [_thread_blocked, id=26856, stack(0x000000d282700000,0x000000d282800000)]
  0x00000206c7df4800 JavaThread "jar transforms Thread 77" [_thread_blocked, id=24252, stack(0x000000d282800000,0x000000d282900000)]
  0x00000206c7df7000 JavaThread "jar transforms Thread 78" [_thread_blocked, id=24136, stack(0x000000d282900000,0x000000d282a00000)]
  0x00000206c7df8000 JavaThread "jar transforms Thread 79" [_thread_blocked, id=1156, stack(0x000000d282a00000,0x000000d282b00000)]
  0x00000206c7df8800 JavaThread "jar transforms Thread 80" [_thread_blocked, id=20544, stack(0x000000d282b00000,0x000000d282c00000)]
  0x00000206c7df9800 JavaThread "jar transforms Thread 81" [_thread_blocked, id=20156, stack(0x000000d282c00000,0x000000d282d00000)]
  0x00000206c7df3800 JavaThread "jar transforms Thread 82" [_thread_blocked, id=26668, stack(0x000000d282d00000,0x000000d282e00000)]
  0x00000206c7df5800 JavaThread "jar transforms Thread 83" [_thread_blocked, id=22756, stack(0x000000d282e00000,0x000000d282f00000)]
  0x00000206c8fcf800 JavaThread "jar transforms Thread 84" [_thread_blocked, id=2852, stack(0x000000d282f00000,0x000000d283000000)]
  0x00000206c8fd3800 JavaThread "jar transforms Thread 85" [_thread_blocked, id=15632, stack(0x000000d283000000,0x000000d283100000)]
  0x00000206c8fd4800 JavaThread "jar transforms Thread 86" [_thread_blocked, id=24824, stack(0x000000d283100000,0x000000d283200000)]
  0x00000206c8fd5800 JavaThread "jar transforms Thread 87" [_thread_blocked, id=21904, stack(0x000000d283200000,0x000000d283300000)]
  0x00000206c8fd6000 JavaThread "jar transforms Thread 88" [_thread_blocked, id=25704, stack(0x000000d283300000,0x000000d283400000)]
  0x00000206c8fd0800 JavaThread "jar transforms Thread 89" [_thread_blocked, id=5296, stack(0x000000d283400000,0x000000d283500000)]
  0x00000206c8fd7000 JavaThread "jar transforms Thread 90" [_thread_blocked, id=27328, stack(0x000000d283500000,0x000000d283600000)]
  0x00000206c8fd1800 JavaThread "jar transforms Thread 91" [_thread_blocked, id=23888, stack(0x000000d283600000,0x000000d283700000)]
  0x00000206c8fd2000 JavaThread "jar transforms Thread 92" [_thread_blocked, id=1124, stack(0x000000d283700000,0x000000d283800000)]
  0x00000206c8fd8000 JavaThread "jar transforms Thread 93" [_thread_blocked, id=3996, stack(0x000000d283800000,0x000000d283900000)]
  0x00000206c8fd8800 JavaThread "jar transforms Thread 94" [_thread_blocked, id=21604, stack(0x000000d283900000,0x000000d283a00000)]
  0x00000206c8fd3000 JavaThread "jar transforms Thread 95" [_thread_blocked, id=21756, stack(0x000000d283a00000,0x000000d283b00000)]
  0x00000206c8fdb000 JavaThread "jar transforms Thread 96" [_thread_blocked, id=27184, stack(0x000000d283b00000,0x000000d283c00000)]
  0x00000206c8fdc800 JavaThread "jar transforms Thread 97" [_thread_blocked, id=23592, stack(0x000000d283c00000,0x000000d283d00000)]
  0x00000206c8fdd800 JavaThread "jar transforms Thread 98" [_thread_blocked, id=19840, stack(0x000000d283d00000,0x000000d283e00000)]
  0x00000206c8fda800 JavaThread "jar transforms Thread 99" [_thread_blocked, id=24796, stack(0x000000d283e00000,0x000000d283f00000)]
  0x00000206c8fd9800 JavaThread "jar transforms Thread 100" [_thread_blocked, id=17484, stack(0x000000d283f00000,0x000000d284000000)]
  0x00000206c8fdc000 JavaThread "jar transforms Thread 101" [_thread_blocked, id=9824, stack(0x000000d284000000,0x000000d284100000)]
  0x00000206c8fde800 JavaThread "jar transforms Thread 102" [_thread_blocked, id=20976, stack(0x000000d284100000,0x000000d284200000)]
  0x00000206c6aee000 JavaThread "jar transforms Thread 103" [_thread_blocked, id=23240, stack(0x000000d284200000,0x000000d284300000)]
  0x00000206c6ae8000 JavaThread "jar transforms Thread 104" [_thread_blocked, id=25660, stack(0x000000d284300000,0x000000d284400000)]
  0x00000206c6aeb800 JavaThread "jar transforms Thread 105" [_thread_blocked, id=18636, stack(0x000000d284400000,0x000000d284500000)]
  0x00000206c6aec000 JavaThread "jar transforms Thread 106" [_thread_blocked, id=21140, stack(0x000000d284500000,0x000000d284600000)]
  0x00000206c6aed000 JavaThread "jar transforms Thread 107" [_thread_blocked, id=24484, stack(0x000000d284600000,0x000000d284700000)]
  0x00000206c6ae9000 JavaThread "jar transforms Thread 108" [_thread_blocked, id=18784, stack(0x000000d284700000,0x000000d284800000)]
  0x00000206c6aee800 JavaThread "jar transforms Thread 109" [_thread_blocked, id=14904, stack(0x000000d284800000,0x000000d284900000)]
  0x00000206c6aea000 JavaThread "jar transforms Thread 110" [_thread_blocked, id=3572, stack(0x000000d284900000,0x000000d284a00000)]
  0x00000206c6aef800 JavaThread "jar transforms Thread 111" [_thread_blocked, id=20332, stack(0x000000d284a00000,0x000000d284b00000)]
  0x00000206c6af0800 JavaThread "jar transforms Thread 112" [_thread_blocked, id=4188, stack(0x000000d284b00000,0x000000d284c00000)]
  0x00000206c6aea800 JavaThread "jar transforms Thread 113" [_thread_blocked, id=26480, stack(0x000000d284c00000,0x000000d284d00000)]
  0x00000206c6af3000 JavaThread "jar transforms Thread 114" [_thread_blocked, id=14060, stack(0x000000d284d00000,0x000000d284e00000)]
  0x00000206c6af4800 JavaThread "jar transforms Thread 115" [_thread_blocked, id=24020, stack(0x000000d284e00000,0x000000d284f00000)]
  0x00000206c6af1000 JavaThread "jar transforms Thread 116" [_thread_blocked, id=19660, stack(0x000000d284f00000,0x000000d285000000)]
  0x00000206c6af5000 JavaThread "jar transforms Thread 117" [_thread_blocked, id=13456, stack(0x000000d285000000,0x000000d285100000)]
  0x00000206c6af2000 JavaThread "jar transforms Thread 118" [_thread_blocked, id=20044, stack(0x000000d285100000,0x000000d285200000)]
  0x00000206c6af3800 JavaThread "jar transforms Thread 119" [_thread_blocked, id=14844, stack(0x000000d285200000,0x000000d285300000)]
  0x00000206c6af6000 JavaThread "Memory manager" [_thread_blocked, id=8048, stack(0x000000d285300000,0x000000d285400000)]
  0x00000206c6af7000 JavaThread "build event listener" [_thread_blocked, id=21188, stack(0x000000d285400000,0x000000d285500000)]
  0x00000206ccd3a800 JavaThread "build event listener" [_thread_blocked, id=3548, stack(0x000000d285500000,0x000000d285600000)]
  0x00000206ccd3b800 JavaThread "pool-3-thread-1" [_thread_blocked, id=24312, stack(0x000000d285600000,0x000000d285700000)]
  0x00000206ccd39000 JavaThread "build event listener" [_thread_blocked, id=13356, stack(0x000000d285700000,0x000000d285800000)]
  0x00000206ccd3c800 JavaThread "Execution worker for ':'" [_thread_blocked, id=23252, stack(0x000000d285800000,0x000000d285900000)]
  0x00000206ccd38000 JavaThread "Execution worker for ':' Thread 2" [_thread_blocked, id=11712, stack(0x000000d285900000,0x000000d285a00000)]
  0x00000206ccd3e000 JavaThread "Execution worker for ':' Thread 3" [_thread_blocked, id=27316, stack(0x000000d285a00000,0x000000d285b00000)]
  0x00000206ccd3d000 JavaThread "Execution worker for ':' Thread 4" [_thread_blocked, id=3764, stack(0x000000d285b00000,0x000000d285c00000)]
  0x00000206ccd3a000 JavaThread "Execution worker for ':' Thread 5" [_thread_blocked, id=25556, stack(0x000000d285c00000,0x000000d285d00000)]
  0x00000206ccd3e800 JavaThread "Execution worker for ':' Thread 6" [_thread_blocked, id=24128, stack(0x000000d285d00000,0x000000d285e00000)]
  0x00000206ca46d000 JavaThread "Execution worker for ':' Thread 7" [_thread_blocked, id=26340, stack(0x000000d285e00000,0x000000d285f00000)]
  0x00000206ca46d800 JavaThread "Cache worker for execution history cache (C:\Android Projects\Udemy TUTORIAL\.gradle\6.7.1\executionHistory)" [_thread_blocked, id=25216, stack(0x000000d285f00000,0x000000d286000000)]
  0x00000206ca474800 JavaThread "WorkerExecutor Queue" [_thread_blocked, id=27192, stack(0x000000d286000000,0x000000d286100000)]
  0x00000206ca472800 JavaThread "WorkerExecutor Queue Thread 2" [_thread_blocked, id=9012, stack(0x000000d286100000,0x000000d286200000)]
  0x00000206ca471000 JavaThread "WorkerExecutor Queue Thread 3" [_thread_in_Java, id=13072, stack(0x000000d286200000,0x000000d286300000)]
  0x00000206ca46e800 JavaThread "pool-4-thread-1" [_thread_blocked, id=17628, stack(0x000000d286400000,0x000000d286500000)]
  0x00000206ca475000 JavaThread "stderr" [_thread_in_native, id=22996, stack(0x000000d286500000,0x000000d286600000)]
  0x00000206ca46f800 JavaThread "stdout" [_thread_in_native, id=17404, stack(0x000000d286600000,0x000000d286700000)]
  0x00000206ca472000 JavaThread "ForkJoinPool-1-worker-3" daemon [_thread_blocked, id=4780, stack(0x000000d286700000,0x000000d286800000)]
  0x00000206ca476000 JavaThread "ForkJoinPool-1-worker-5" daemon [_thread_blocked, id=23432, stack(0x000000d286800000,0x000000d286900000)]
  0x00000206ca470000 JavaThread "ForkJoinPool-1-worker-7" daemon [_thread_blocked, id=19964, stack(0x000000d286900000,0x000000d286a00000)]
  0x00000206ca47b000 JavaThread "ForkJoinPool-1-worker-9" daemon [_thread_blocked, id=1432, stack(0x000000d286a00000,0x000000d286b00000)]
  0x00000206ca476800 JavaThread "ForkJoinPool-1-worker-11" daemon [_thread_blocked, id=11772, stack(0x000000d286b00000,0x000000d286c00000)]
  0x00000206ca47a000 JavaThread "ForkJoinPool-1-worker-13" daemon [_thread_blocked, id=20252, stack(0x000000d286c00000,0x000000d286d00000)]
  0x00000206ca479000 JavaThread "ForkJoinPool-1-worker-15" daemon [_thread_blocked, id=24500, stack(0x000000d286d00000,0x000000d286e00000)]
  0x00000206ca477800 JavaThread "ForkJoinPool-1-worker-1" daemon [_thread_blocked, id=12488, stack(0x000000d286e00000,0x000000d286f00000)]

Other Threads:
  0x00000206c59dd000 VMThread "VM Thread" [stack: 0x000000d2fa900000,0x000000d2faa00000] [id=13376]
  0x00000206c64f4800 WatcherThread [stack: 0x000000d2fb300000,0x000000d2fb400000] [id=16540]
  0x00000206ab6f2800 GCTaskThread "GC Thread#0" [stack: 0x000000d2fa400000,0x000000d2fa500000] [id=10424]
  0x00000206c6f52800 GCTaskThread "GC Thread#1" [stack: 0x000000d2fb600000,0x000000d2fb700000] [id=13952]
  0x00000206c71bc000 GCTaskThread "GC Thread#2" [stack: 0x000000d2fb700000,0x000000d2fb800000] [id=12404]
  0x00000206c81ab800 GCTaskThread "GC Thread#3" [stack: 0x000000d2fc200000,0x000000d2fc300000] [id=17160]
  0x00000206c8ae9000 GCTaskThread "GC Thread#4" [stack: 0x000000d2fc300000,0x000000d2fc400000] [id=19540]
  0x00000206c8aeb800 GCTaskThread "GC Thread#5" [stack: 0x000000d2fc400000,0x000000d2fc500000] [id=18360]
  0x00000206c8208800 GCTaskThread "GC Thread#6" [stack: 0x000000d2fc500000,0x000000d2fc600000] [id=26980]
  0x00000206c814a800 GCTaskThread "GC Thread#7" [stack: 0x000000d2fc600000,0x000000d2fc700000] [id=20372]
  0x00000206ab723800 ConcurrentGCThread "G1 Main Marker" [stack: 0x000000d2fa500000,0x000000d2fa600000] [id=23408]
  0x00000206ab725800 ConcurrentGCThread "G1 Conc#0" [stack: 0x000000d2fa600000,0x000000d2fa700000] [id=12104]
  0x00000206c8abd000 ConcurrentGCThread "G1 Conc#1" [stack: 0x000000d2fc900000,0x000000d2fca00000] [id=24648]
  0x00000206c5830800 ConcurrentGCThread "G1 Refine#0" [stack: 0x000000d2fa700000,0x000000d2fa800000] [id=26056]
  0x00000206cfb29800 ConcurrentGCThread "G1 Refine#1" [stack: 0x000000d286f00000,0x000000d287000000] [id=18752]
  0x00000206cb19a800 ConcurrentGCThread "G1 Refine#2" [stack: 0x000000d287000000,0x000000d287100000] [id=27368]
  0x00000206cad0f000 ConcurrentGCThread "G1 Refine#3" [stack: 0x000000d287100000,0x000000d287200000] [id=18120]
  0x00000206cf481800 ConcurrentGCThread "G1 Refine#4" [stack: 0x000000d287200000,0x000000d287300000] [id=13820]
  0x00000206cbd2b800 ConcurrentGCThread "G1 Refine#5" [stack: 0x000000d287300000,0x000000d287400000] [id=23624]
  0x00000206c5831000 ConcurrentGCThread "G1 Young RemSet Sampling" [stack: 0x000000d2fa800000,0x000000d2fa900000] [id=9328]

Threads with active compile tasks:
C2 CompilerThread0  14765 10545       4       com.android.tools.r8.graph.O::a (275 bytes)
C2 CompilerThread1  14765 9794 %     4       com.android.tools.r8.dex.n::a @ 315 (913 bytes)
C2 CompilerThread2  14766 10533       4       com.android.tools.r8.dex.P$g::a (35 bytes)

VM state:not at safepoint (normal execution)

VM Mutex/Monitor currently owned by a thread: None

Heap address: 0x0000000080000000, size: 2048 MB, Compressed Oops mode: 32-bit
Narrow klass base: 0x0000000000000000, Narrow klass shift: 3
Compressed class space size: 1073741824 Address: 0x0000000100000000

Heap:
 garbage-first heap   total 237568K, used 168969K [0x0000000080000000, 0x0000000100000000)
  region size 1024K, 15 young (15360K), 3 survivors (3072K)
 Metaspace       used 91254K, capacity 93375K, committed 93568K, reserved 1130496K
  class space    used 11895K, capacity 12672K, committed 12672K, reserved 1048576K
Heap Regions: E=young(eden), S=young(survivor), O=old, HS=humongous(starts), HC=humongous(continues), CS=collection set, F=free, A=archive, TAMS=top-at-mark-start (previous, next)
|   0|0x0000000080000000, 0x0000000080100000, 0x0000000080100000|100%| O|  |TAMS 0x0000000080100000, 0x0000000080100000| Untracked 
|   1|0x0000000080100000, 0x0000000080200000, 0x0000000080200000|100%| O|  |TAMS 0x0000000080200000, 0x0000000080200000| Untracked 
|   2|0x0000000080200000, 0x0000000080300000, 0x0000000080300000|100%| O|  |TAMS 0x0000000080300000, 0x0000000080300000| Untracked 
|   3|0x0000000080300000, 0x0000000080400000, 0x0000000080400000|100%|HS|  |TAMS 0x0000000080400000, 0x0000000080400000| Complete 
|   4|0x0000000080400000, 0x0000000080500000, 0x0000000080500000|100%|HC|  |TAMS 0x0000000080500000, 0x0000000080500000| Complete 
|   5|0x0000000080500000, 0x0000000080600000, 0x0000000080600000|100%|HC|  |TAMS 0x0000000080600000, 0x0000000080600000| Complete 
|   6|0x0000000080600000, 0x0000000080700000, 0x0000000080700000|100%| O|  |TAMS 0x0000000080700000, 0x0000000080700000| Untracked 
|   7|0x0000000080700000, 0x0000000080800000, 0x0000000080800000|100%| O|  |TAMS 0x0000000080800000, 0x0000000080800000| Untracked 
|   8|0x0000000080800000, 0x0000000080900000, 0x0000000080900000|100%| O|  |TAMS 0x0000000080900000, 0x0000000080900000| Untracked 
|   9|0x0000000080900000, 0x0000000080a00000, 0x0000000080a00000|100%| O|  |TAMS 0x0000000080a00000, 0x0000000080a00000| Untracked 
|  10|0x0000000080a00000, 0x0000000080b00000, 0x0000000080b00000|100%| O|  |TAMS 0x0000000080b00000, 0x0000000080b00000| Untracked 
|  11|0x0000000080b00000, 0x0000000080c00000, 0x0000000080c00000|100%| O|  |TAMS 0x0000000080c00000, 0x0000000080c00000| Untracked 
|  12|0x0000000080c00000, 0x0000000080d00000, 0x0000000080d00000|100%| O|  |TAMS 0x0000000080d00000, 0x0000000080d00000| Untracked 
|  13|0x0000000080d00000, 0x0000000080e00000, 0x0000000080e00000|100%| O|  |TAMS 0x0000000080e00000, 0x0000000080e00000| Untracked 
|  14|0x0000000080e00000, 0x0000000080f00000, 0x0000000080f00000|100%| O|  |TAMS 0x0000000080f00000, 0x0000000080f00000| Untracked 
|  15|0x0000000080f00000, 0x0000000081000000, 0x0000000081000000|100%| O|  |TAMS 0x0000000081000000, 0x0000000081000000| Untracked 
|  16|0x0000000081000000, 0x0000000081100000, 0x0000000081100000|100%| O|  |TAMS 0x0000000081100000, 0x0000000081100000| Untracked 
|  17|0x0000000081100000, 0x0000000081200000, 0x0000000081200000|100%| O|  |TAMS 0x0000000081200000, 0x0000000081200000| Untracked 
|  18|0x0000000081200000, 0x0000000081300000, 0x0000000081300000|100%| O|  |TAMS 0x0000000081300000, 0x0000000081300000| Untracked 
|  19|0x0000000081300000, 0x0000000081400000, 0x0000000081400000|100%|HS|  |TAMS 0x0000000081400000, 0x0000000081400000| Complete 
|  20|0x0000000081400000, 0x0000000081500000, 0x0000000081500000|100%| O|  |TAMS 0x0000000081500000, 0x0000000081500000| Untracked 
|  21|0x0000000081500000, 0x0000000081600000, 0x0000000081600000|100%| O|  |TAMS 0x0000000081600000, 0x0000000081600000| Untracked 
|  22|0x0000000081600000, 0x0000000081700000, 0x0000000081700000|100%|HS|  |TAMS 0x0000000081700000, 0x0000000081700000| Complete 
|  23|0x0000000081700000, 0x0000000081800000, 0x0000000081800000|100%|HS|  |TAMS 0x0000000081800000, 0x0000000081800000| Complete 
|  24|0x0000000081800000, 0x0000000081900000, 0x0000000081900000|100%|HC|  |TAMS 0x0000000081900000, 0x0000000081900000| Complete 
|  25|0x0000000081900000, 0x0000000081a00000, 0x0000000081a00000|100%|HC|  |TAMS 0x0000000081a00000, 0x0000000081a00000| Complete 
|  26|0x0000000081a00000, 0x0000000081b00000, 0x0000000081b00000|100%|HS|  |TAMS 0x0000000081b00000, 0x0000000081b00000| Complete 
|  27|0x0000000081b00000, 0x0000000081c00000, 0x0000000081c00000|100%|HC|  |TAMS 0x0000000081c00000, 0x0000000081c00000| Complete 
|  28|0x0000000081c00000, 0x0000000081d00000, 0x0000000081d00000|100%| O|  |TAMS 0x0000000081d00000, 0x0000000081d00000| Untracked 
|  29|0x0000000081d00000, 0x0000000081e00000, 0x0000000081e00000|100%| O|  |TAMS 0x0000000081e00000, 0x0000000081e00000| Untracked 
|  30|0x0000000081e00000, 0x0000000081f00000, 0x0000000081f00000|100%| O|  |TAMS 0x0000000081f00000, 0x0000000081f00000| Untracked 
|  31|0x0000000081f00000, 0x0000000082000000, 0x0000000082000000|100%| O|  |TAMS 0x0000000082000000, 0x0000000082000000| Untracked 
|  32|0x0000000082000000, 0x0000000082100000, 0x0000000082100000|100%| O|  |TAMS 0x0000000082100000, 0x0000000082100000| Untracked 
|  33|0x0000000082100000, 0x0000000082200000, 0x0000000082200000|100%| O|  |TAMS 0x0000000082200000, 0x0000000082200000| Untracked 
|  34|0x0000000082200000, 0x0000000082300000, 0x0000000082300000|100%| O|  |TAMS 0x0000000082300000, 0x0000000082300000| Untracked 
|  35|0x0000000082300000, 0x0000000082400000, 0x0000000082400000|100%| O|  |TAMS 0x0000000082400000, 0x0000000082400000| Untracked 
|  36|0x0000000082400000, 0x0000000082500000, 0x0000000082500000|100%| O|  |TAMS 0x0000000082500000, 0x0000000082500000| Untracked 
|  37|0x0000000082500000, 0x0000000082600000, 0x0000000082600000|100%| O|  |TAMS 0x0000000082600000, 0x0000000082600000| Untracked 
|  38|0x0000000082600000, 0x0000000082700000, 0x0000000082700000|100%| O|  |TAMS 0x0000000082700000, 0x0000000082700000| Untracked 
|  39|0x0000000082700000, 0x0000000082800000, 0x0000000082800000|100%| O|  |TAMS 0x0000000082800000, 0x0000000082800000| Untracked 
|  40|0x0000000082800000, 0x0000000082900000, 0x0000000082900000|100%| O|  |TAMS 0x0000000082900000, 0x0000000082900000| Untracked 
|  41|0x0000000082900000, 0x0000000082a00000, 0x0000000082a00000|100%| O|  |TAMS 0x0000000082a00000, 0x0000000082a00000| Untracked 
|  42|0x0000000082a00000, 0x0000000082b00000, 0x0000000082b00000|100%| O|  |TAMS 0x0000000082b00000, 0x0000000082b00000| Untracked 
|  43|0x0000000082b00000, 0x0000000082c00000, 0x0000000082c00000|100%| O|  |TAMS 0x0000000082c00000, 0x0000000082c00000| Untracked 
|  44|0x0000000082c00000, 0x0000000082d00000, 0x0000000082d00000|100%| O|  |TAMS 0x0000000082d00000, 0x0000000082d00000| Untracked 
|  45|0x0000000082d00000, 0x0000000082e00000, 0x0000000082e00000|100%| O|  |TAMS 0x0000000082e00000, 0x0000000082e00000| Untracked 
|  46|0x0000000082e00000, 0x0000000082f00000, 0x0000000082f00000|100%| O|  |TAMS 0x0000000082f00000, 0x0000000082f00000| Untracked 
|  47|0x0000000082f00000, 0x0000000083000000, 0x0000000083000000|100%| O|  |TAMS 0x0000000083000000, 0x0000000083000000| Untracked 
|  48|0x0000000083000000, 0x0000000083100000, 0x0000000083100000|100%| O|  |TAMS 0x0000000083100000, 0x0000000083100000| Untracked 
|  49|0x0000000083100000, 0x0000000083200000, 0x0000000083200000|100%| O|  |TAMS 0x0000000083200000, 0x0000000083200000| Untracked 
|  50|0x0000000083200000, 0x0000000083300000, 0x0000000083300000|100%| O|  |TAMS 0x0000000083300000, 0x0000000083300000| Untracked 
|  51|0x0000000083300000, 0x0000000083400000, 0x0000000083400000|100%| O|  |TAMS 0x0000000083400000, 0x0000000083400000| Untracked 
|  52|0x0000000083400000, 0x0000000083500000, 0x0000000083500000|100%| O|  |TAMS 0x0000000083500000, 0x0000000083500000| Untracked 
|  53|0x0000000083500000, 0x0000000083600000, 0x0000000083600000|100%| O|  |TAMS 0x0000000083600000, 0x0000000083600000| Untracked 
|  54|0x0000000083600000, 0x0000000083700000, 0x0000000083700000|100%| O|  |TAMS 0x0000000083700000, 0x0000000083700000| Untracked 
|  55|0x0000000083700000, 0x0000000083800000, 0x0000000083800000|100%| O|  |TAMS 0x0000000083800000, 0x0000000083800000| Untracked 
|  56|0x0000000083800000, 0x0000000083900000, 0x0000000083900000|100%| O|  |TAMS 0x0000000083900000, 0x0000000083900000| Untracked 
|  57|0x0000000083900000, 0x0000000083a00000, 0x0000000083a00000|100%| O|  |TAMS 0x0000000083a00000, 0x0000000083a00000| Untracked 
|  58|0x0000000083a00000, 0x0000000083b00000, 0x0000000083b00000|100%| O|  |TAMS 0x0000000083b00000, 0x0000000083b00000| Untracked 
|  59|0x0000000083b00000, 0x0000000083c00000, 0x0000000083c00000|100%| O|  |TAMS 0x0000000083c00000, 0x0000000083c00000| Untracked 
|  60|0x0000000083c00000, 0x0000000083d00000, 0x0000000083d00000|100%| O|  |TAMS 0x0000000083d00000, 0x0000000083d00000| Untracked 
|  61|0x0000000083d00000, 0x0000000083e00000, 0x0000000083e00000|100%| O|  |TAMS 0x0000000083e00000, 0x0000000083e00000| Untracked 
|  62|0x0000000083e00000, 0x0000000083f00000, 0x0000000083f00000|100%|HS|  |TAMS 0x0000000083f00000, 0x0000000083f00000| Complete 
|  63|0x0000000083f00000, 0x0000000084000000, 0x0000000084000000|100%|HC|  |TAMS 0x0000000084000000, 0x0000000084000000| Complete 
|  64|0x0000000084000000, 0x0000000084100000, 0x0000000084100000|100%|HC|  |TAMS 0x0000000084100000, 0x0000000084100000| Complete 
|  65|0x0000000084100000, 0x0000000084200000, 0x0000000084200000|100%|HS|  |TAMS 0x0000000084200000, 0x0000000084200000| Complete 
|  66|0x0000000084200000, 0x0000000084300000, 0x0000000084300000|100%|HC|  |TAMS 0x0000000084300000, 0x0000000084300000| Complete 
|  67|0x0000000084300000, 0x0000000084400000, 0x0000000084400000|100%|HS|  |TAMS 0x0000000084400000, 0x0000000084400000| Complete 
|  68|0x0000000084400000, 0x0000000084500000, 0x0000000084500000|100%|HS|  |TAMS 0x0000000084500000, 0x0000000084500000| Complete 
|  69|0x0000000084500000, 0x0000000084600000, 0x0000000084600000|100%|HS|  |TAMS 0x0000000084600000, 0x0000000084600000| Complete 
|  70|0x0000000084600000, 0x0000000084700000, 0x0000000084700000|100%| O|  |TAMS 0x0000000084600000, 0x0000000084700000| Untracked 
|  71|0x0000000084700000, 0x0000000084800000, 0x0000000084800000|100%|HS|  |TAMS 0x0000000084800000, 0x0000000084800000| Complete 
|  72|0x0000000084800000, 0x0000000084900000, 0x0000000084900000|100%| O|  |TAMS 0x0000000084800000, 0x0000000084900000| Untracked 
|  73|0x0000000084900000, 0x0000000084a00000, 0x0000000084a00000|100%| O|  |TAMS 0x0000000084900000, 0x0000000084a00000| Untracked 
|  74|0x0000000084a00000, 0x0000000084b00000, 0x0000000084b00000|100%| O|  |TAMS 0x0000000084a00000, 0x0000000084b00000| Untracked 
|  75|0x0000000084b00000, 0x0000000084c00000, 0x0000000084c00000|100%| O|  |TAMS 0x0000000084b00000, 0x0000000084c00000| Untracked 
|  76|0x0000000084c00000, 0x0000000084d00000, 0x0000000084d00000|100%| O|  |TAMS 0x0000000084d00000, 0x0000000084d00000| Untracked 
|  77|0x0000000084d00000, 0x0000000084e00000, 0x0000000084e00000|100%| O|  |TAMS 0x0000000084e00000, 0x0000000084e00000| Untracked 
|  78|0x0000000084e00000, 0x0000000084f00000, 0x0000000084f00000|100%| O|  |TAMS 0x0000000084e00000, 0x0000000084f00000| Untracked 
|  79|0x0000000084f00000, 0x0000000085000000, 0x0000000085000000|100%| O|  |TAMS 0x0000000084f00000, 0x0000000085000000| Untracked 
|  80|0x0000000085000000, 0x0000000085100000, 0x0000000085100000|100%| O|  |TAMS 0x0000000085100000, 0x0000000085100000| Untracked 
|  81|0x0000000085100000, 0x0000000085200000, 0x0000000085200000|100%| O|  |TAMS 0x0000000085100000, 0x0000000085200000| Untracked 
|  82|0x0000000085200000, 0x0000000085300000, 0x0000000085300000|100%| O|  |TAMS 0x0000000085300000, 0x0000000085300000| Untracked 
|  83|0x0000000085300000, 0x0000000085400000, 0x0000000085400000|100%| O|  |TAMS 0x0000000085400000, 0x0000000085400000| Untracked 
|  84|0x0000000085400000, 0x0000000085500000, 0x0000000085500000|100%| O|  |TAMS 0x0000000085500000, 0x0000000085500000| Untracked 
|  85|0x0000000085500000, 0x0000000085600000, 0x0000000085600000|100%| O|  |TAMS 0x0000000085600000, 0x0000000085600000| Untracked 
|  86|0x0000000085600000, 0x0000000085700000, 0x0000000085700000|100%| O|  |TAMS 0x0000000085700000, 0x0000000085700000| Untracked 
|  87|0x0000000085700000, 0x0000000085800000, 0x0000000085800000|100%| O|  |TAMS 0x0000000085800000, 0x0000000085800000| Untracked 
|  88|0x0000000085800000, 0x0000000085900000, 0x0000000085900000|100%| O|  |TAMS 0x0000000085900000, 0x0000000085900000| Untracked 
|  89|0x0000000085900000, 0x0000000085a00000, 0x0000000085a00000|100%| O|  |TAMS 0x0000000085a00000, 0x0000000085a00000| Untracked 
|  90|0x0000000085a00000, 0x0000000085b00000, 0x0000000085b00000|100%| O|  |TAMS 0x0000000085b00000, 0x0000000085b00000| Untracked 
|  91|0x0000000085b00000, 0x0000000085c00000, 0x0000000085c00000|100%| O|  |TAMS 0x0000000085c00000, 0x0000000085c00000| Untracked 
|  92|0x0000000085c00000, 0x0000000085d00000, 0x0000000085d00000|100%| O|  |TAMS 0x0000000085d00000, 0x0000000085d00000| Untracked 
|  93|0x0000000085d00000, 0x0000000085e00000, 0x0000000085e00000|100%| O|  |TAMS 0x0000000085e00000, 0x0000000085e00000| Untracked 
|  94|0x0000000085e00000, 0x0000000085f00000, 0x0000000085f00000|100%| O|  |TAMS 0x0000000085f00000, 0x0000000085f00000| Untracked 
|  95|0x0000000085f00000, 0x0000000086000000, 0x0000000086000000|100%| O|  |TAMS 0x0000000086000000, 0x0000000086000000| Untracked 
|  96|0x0000000086000000, 0x0000000086100000, 0x0000000086100000|100%| O|  |TAMS 0x0000000086100000, 0x0000000086100000| Untracked 
|  97|0x0000000086100000, 0x0000000086200000, 0x0000000086200000|100%| O|  |TAMS 0x0000000086200000, 0x0000000086200000| Untracked 
|  98|0x0000000086200000, 0x0000000086300000, 0x0000000086300000|100%| O|  |TAMS 0x0000000086300000, 0x0000000086300000| Untracked 
|  99|0x0000000086300000, 0x0000000086400000, 0x0000000086400000|100%| O|  |TAMS 0x0000000086400000, 0x0000000086400000| Untracked 
| 100|0x0000000086400000, 0x0000000086500000, 0x0000000086500000|100%| O|  |TAMS 0x0000000086500000, 0x0000000086500000| Untracked 
| 101|0x0000000086500000, 0x0000000086600000, 0x0000000086600000|100%| O|  |TAMS 0x0000000086600000, 0x0000000086600000| Untracked 
| 102|0x0000000086600000, 0x0000000086700000, 0x0000000086700000|100%| O|  |TAMS 0x0000000086700000, 0x0000000086700000| Untracked 
| 103|0x0000000086700000, 0x0000000086800000, 0x0000000086800000|100%| O|  |TAMS 0x0000000086800000, 0x0000000086800000| Untracked 
| 104|0x0000000086800000, 0x0000000086900000, 0x0000000086900000|100%| O|  |TAMS 0x0000000086900000, 0x0000000086900000| Untracked 
| 105|0x0000000086900000, 0x0000000086a00000, 0x0000000086a00000|100%| O|  |TAMS 0x0000000086a00000, 0x0000000086a00000| Untracked 
| 106|0x0000000086a00000, 0x0000000086b00000, 0x0000000086b00000|100%| O|  |TAMS 0x0000000086b00000, 0x0000000086b00000| Untracked 
| 107|0x0000000086b00000, 0x0000000086c00000, 0x0000000086c00000|100%| O|  |TAMS 0x0000000086c00000, 0x0000000086c00000| Untracked 
| 108|0x0000000086c00000, 0x0000000086d00000, 0x0000000086d00000|100%| O|  |TAMS 0x0000000086d00000, 0x0000000086d00000| Untracked 
| 109|0x0000000086d00000, 0x0000000086e00000, 0x0000000086e00000|100%| O|  |TAMS 0x0000000086e00000, 0x0000000086e00000| Untracked 
| 110|0x0000000086e00000, 0x0000000086f00000, 0x0000000086f00000|100%| O|  |TAMS 0x0000000086f00000, 0x0000000086f00000| Untracked 
| 111|0x0000000086f00000, 0x0000000087000000, 0x0000000087000000|100%| O|  |TAMS 0x0000000087000000, 0x0000000087000000| Untracked 
| 112|0x0000000087000000, 0x0000000087100000, 0x0000000087100000|100%| O|  |TAMS 0x0000000087100000, 0x0000000087100000| Untracked 
| 113|0x0000000087100000, 0x0000000087200000, 0x0000000087200000|100%| O|  |TAMS 0x0000000087200000, 0x0000000087200000| Untracked 
| 114|0x0000000087200000, 0x0000000087300000, 0x0000000087300000|100%| O|  |TAMS 0x0000000087300000, 0x0000000087300000| Untracked 
| 115|0x0000000087300000, 0x0000000087400000, 0x0000000087400000|100%| O|  |TAMS 0x0000000087400000, 0x0000000087400000| Untracked 
| 116|0x0000000087400000, 0x0000000087500000, 0x0000000087500000|100%| O|  |TAMS 0x0000000087500000, 0x0000000087500000| Untracked 
| 117|0x0000000087500000, 0x0000000087600000, 0x0000000087600000|100%| O|  |TAMS 0x0000000087600000, 0x0000000087600000| Untracked 
| 118|0x0000000087600000, 0x0000000087700000, 0x0000000087700000|100%| O|  |TAMS 0x0000000087700000, 0x0000000087700000| Untracked 
| 119|0x0000000087700000, 0x0000000087800000, 0x0000000087800000|100%| O|  |TAMS 0x0000000087800000, 0x0000000087800000| Untracked 
| 120|0x0000000087800000, 0x0000000087900000, 0x0000000087900000|100%| O|  |TAMS 0x0000000087900000, 0x0000000087900000| Untracked 
| 121|0x0000000087900000, 0x0000000087a00000, 0x0000000087a00000|100%| O|  |TAMS 0x0000000087a00000, 0x0000000087a00000| Untracked 
| 122|0x0000000087a00000, 0x0000000087b00000, 0x0000000087b00000|100%| O|  |TAMS 0x0000000087b00000, 0x0000000087b00000| Untracked 
| 123|0x0000000087b00000, 0x0000000087c00000, 0x0000000087c00000|100%| O|  |TAMS 0x0000000087c00000, 0x0000000087c00000| Untracked 
| 124|0x0000000087c00000, 0x0000000087d00000, 0x0000000087d00000|100%| O|  |TAMS 0x0000000087d00000, 0x0000000087d00000| Untracked 
| 125|0x0000000087d00000, 0x0000000087e00000, 0x0000000087e00000|100%| O|  |TAMS 0x0000000087e00000, 0x0000000087e00000| Untracked 
| 126|0x0000000087e00000, 0x0000000087f00000, 0x0000000087f00000|100%| O|  |TAMS 0x0000000087f00000, 0x0000000087f00000| Untracked 
| 127|0x0000000087f00000, 0x0000000088000000, 0x0000000088000000|100%| O|  |TAMS 0x0000000088000000, 0x0000000088000000| Untracked 
| 128|0x0000000088000000, 0x0000000088100000, 0x0000000088100000|100%| O|  |TAMS 0x0000000088100000, 0x0000000088100000| Untracked 
| 129|0x0000000088100000, 0x0000000088200000, 0x0000000088200000|100%| O|  |TAMS 0x0000000088200000, 0x0000000088200000| Untracked 
| 130|0x0000000088200000, 0x0000000088300000, 0x0000000088300000|100%| O|  |TAMS 0x0000000088300000, 0x0000000088300000| Untracked 
| 131|0x0000000088300000, 0x0000000088400000, 0x0000000088400000|100%| O|  |TAMS 0x0000000088400000, 0x0000000088400000| Untracked 
| 132|0x0000000088400000, 0x0000000088500000, 0x0000000088500000|100%| O|  |TAMS 0x0000000088400000, 0x0000000088500000| Untracked 
| 133|0x0000000088500000, 0x0000000088600000, 0x0000000088600000|100%| O|  |TAMS 0x0000000088500000, 0x0000000088600000| Untracked 
| 134|0x0000000088600000, 0x0000000088700000, 0x0000000088700000|100%| O|  |TAMS 0x0000000088600000, 0x0000000088700000| Untracked 
| 135|0x0000000088700000, 0x0000000088800000, 0x0000000088800000|100%| O|  |TAMS 0x0000000088700000, 0x0000000088800000| Untracked 
| 136|0x0000000088800000, 0x0000000088900000, 0x0000000088900000|100%| O|  |TAMS 0x0000000088800000, 0x0000000088900000| Untracked 
| 137|0x0000000088900000, 0x00000000889ba600, 0x0000000088a00000| 72%| O|  |TAMS 0x0000000088900000, 0x00000000889ba600| Untracked 
| 138|0x0000000088a00000, 0x0000000088b00000, 0x0000000088b00000|100%| O|  |TAMS 0x0000000088b00000, 0x0000000088b00000| Untracked 
| 139|0x0000000088b00000, 0x0000000088c00000, 0x0000000088c00000|100%| O|  |TAMS 0x0000000088c00000, 0x0000000088c00000| Untracked 
| 140|0x0000000088c00000, 0x0000000088d00000, 0x0000000088d00000|100%| O|  |TAMS 0x0000000088d00000, 0x0000000088d00000| Untracked 
| 141|0x0000000088d00000, 0x0000000088e00000, 0x0000000088e00000|100%| O|  |TAMS 0x0000000088e00000, 0x0000000088e00000| Untracked 
| 142|0x0000000088e00000, 0x0000000088f00000, 0x0000000088f00000|100%| O|  |TAMS 0x0000000088f00000, 0x0000000088f00000| Untracked 
| 143|0x0000000088f00000, 0x0000000089000000, 0x0000000089000000|100%| O|  |TAMS 0x0000000089000000, 0x0000000089000000| Untracked 
| 144|0x0000000089000000, 0x0000000089100000, 0x0000000089100000|100%| O|  |TAMS 0x0000000089100000, 0x0000000089100000| Untracked 
| 145|0x0000000089100000, 0x0000000089200000, 0x0000000089200000|100%| O|  |TAMS 0x0000000089200000, 0x0000000089200000| Untracked 
| 146|0x0000000089200000, 0x0000000089300000, 0x0000000089300000|100%| O|  |TAMS 0x0000000089300000, 0x0000000089300000| Untracked 
| 147|0x0000000089300000, 0x0000000089400000, 0x0000000089400000|100%| O|  |TAMS 0x0000000089400000, 0x0000000089400000| Untracked 
| 148|0x0000000089400000, 0x0000000089500000, 0x0000000089500000|100%| O|  |TAMS 0x0000000089500000, 0x0000000089500000| Untracked 
| 149|0x0000000089500000, 0x0000000089600000, 0x0000000089600000|100%| O|  |TAMS 0x00000000895d0200, 0x0000000089600000| Untracked 
| 150|0x0000000089600000, 0x0000000089700000, 0x0000000089700000|100%|HS|  |TAMS 0x0000000089600000, 0x0000000089600000| Complete 
| 151|0x0000000089700000, 0x0000000089800000, 0x0000000089800000|100%|HS|  |TAMS 0x0000000089700000, 0x0000000089700000| Complete 
| 152|0x0000000089800000, 0x0000000089800000, 0x0000000089900000|  0%| F|  |TAMS 0x0000000089800000, 0x0000000089800000| Untracked 
| 153|0x0000000089900000, 0x0000000089900000, 0x0000000089a00000|  0%| F|  |TAMS 0x0000000089900000, 0x0000000089900000| Untracked 
| 154|0x0000000089a00000, 0x0000000089a00000, 0x0000000089b00000|  0%| F|  |TAMS 0x0000000089a00000, 0x0000000089a00000| Untracked 
| 155|0x0000000089b00000, 0x0000000089b00000, 0x0000000089c00000|  0%| F|  |TAMS 0x0000000089b00000, 0x0000000089b00000| Untracked 
| 156|0x0000000089c00000, 0x0000000089c00000, 0x0000000089d00000|  0%| F|  |TAMS 0x0000000089c00000, 0x0000000089c00000| Untracked 
| 157|0x0000000089d00000, 0x0000000089d00000, 0x0000000089e00000|  0%| F|  |TAMS 0x0000000089d00000, 0x0000000089d00000| Untracked 
| 158|0x0000000089e00000, 0x0000000089e00000, 0x0000000089f00000|  0%| F|  |TAMS 0x0000000089e00000, 0x0000000089e00000| Untracked 
| 159|0x0000000089f00000, 0x0000000089f00000, 0x000000008a000000|  0%| F|  |TAMS 0x0000000089f00000, 0x0000000089f00000| Untracked 
| 160|0x000000008a000000, 0x000000008a000000, 0x000000008a100000|  0%| F|  |TAMS 0x000000008a000000, 0x000000008a000000| Untracked 
| 161|0x000000008a100000, 0x000000008a100000, 0x000000008a200000|  0%| F|  |TAMS 0x000000008a100000, 0x000000008a100000| Untracked 
| 162|0x000000008a200000, 0x000000008a200000, 0x000000008a300000|  0%| F|  |TAMS 0x000000008a200000, 0x000000008a200000| Untracked 
| 163|0x000000008a300000, 0x000000008a300000, 0x000000008a400000|  0%| F|  |TAMS 0x000000008a300000, 0x000000008a300000| Untracked 
| 164|0x000000008a400000, 0x000000008a400000, 0x000000008a500000|  0%| F|  |TAMS 0x000000008a400000, 0x000000008a400000| Untracked 
| 165|0x000000008a500000, 0x000000008a500000, 0x000000008a600000|  0%| F|  |TAMS 0x000000008a500000, 0x000000008a500000| Untracked 
| 166|0x000000008a600000, 0x000000008a600000, 0x000000008a700000|  0%| F|  |TAMS 0x000000008a600000, 0x000000008a600000| Untracked 
| 167|0x000000008a700000, 0x000000008a700000, 0x000000008a800000|  0%| F|  |TAMS 0x000000008a700000, 0x000000008a700000| Untracked 
| 168|0x000000008a800000, 0x000000008a800000, 0x000000008a900000|  0%| F|  |TAMS 0x000000008a800000, 0x000000008a800000| Untracked 
| 169|0x000000008a900000, 0x000000008a900000, 0x000000008aa00000|  0%| F|  |TAMS 0x000000008a900000, 0x000000008a900000| Untracked 
| 170|0x000000008aa00000, 0x000000008aa00000, 0x000000008ab00000|  0%| F|  |TAMS 0x000000008aa00000, 0x000000008aa00000| Untracked 
| 171|0x000000008ab00000, 0x000000008ab00000, 0x000000008ac00000|  0%| F|  |TAMS 0x000000008ab00000, 0x000000008ab00000| Untracked 
| 172|0x000000008ac00000, 0x000000008ac00000, 0x000000008ad00000|  0%| F|  |TAMS 0x000000008ac00000, 0x000000008ac00000| Untracked 
| 173|0x000000008ad00000, 0x000000008ad00000, 0x000000008ae00000|  0%| F|  |TAMS 0x000000008ad00000, 0x000000008ad00000| Untracked 
| 174|0x000000008ae00000, 0x000000008ae00000, 0x000000008af00000|  0%| F|  |TAMS 0x000000008ae00000, 0x000000008ae00000| Untracked 
| 175|0x000000008af00000, 0x000000008af00000, 0x000000008b000000|  0%| F|  |TAMS 0x000000008af00000, 0x000000008af00000| Untracked 
| 176|0x000000008b000000, 0x000000008b000000, 0x000000008b100000|  0%| F|  |TAMS 0x000000008b000000, 0x000000008b000000| Untracked 
| 177|0x000000008b100000, 0x000000008b100000, 0x000000008b200000|  0%| F|  |TAMS 0x000000008b100000, 0x000000008b100000| Untracked 
| 178|0x000000008b200000, 0x000000008b200000, 0x000000008b300000|  0%| F|  |TAMS 0x000000008b200000, 0x000000008b200000| Untracked 
| 179|0x000000008b300000, 0x000000008b300000, 0x000000008b400000|  0%| F|  |TAMS 0x000000008b300000, 0x000000008b300000| Untracked 
| 180|0x000000008b400000, 0x000000008b400000, 0x000000008b500000|  0%| F|  |TAMS 0x000000008b400000, 0x000000008b400000| Untracked 
| 181|0x000000008b500000, 0x000000008b500000, 0x000000008b600000|  0%| F|  |TAMS 0x000000008b500000, 0x000000008b500000| Untracked 
| 182|0x000000008b600000, 0x000000008b600000, 0x000000008b700000|  0%| F|  |TAMS 0x000000008b600000, 0x000000008b600000| Untracked 
| 183|0x000000008b700000, 0x000000008b700000, 0x000000008b800000|  0%| F|  |TAMS 0x000000008b700000, 0x000000008b700000| Untracked 
| 184|0x000000008b800000, 0x000000008b800000, 0x000000008b900000|  0%| F|  |TAMS 0x000000008b800000, 0x000000008b800000| Untracked 
| 185|0x000000008b900000, 0x000000008b900000, 0x000000008ba00000|  0%| F|  |TAMS 0x000000008b900000, 0x000000008b900000| Untracked 
| 186|0x000000008ba00000, 0x000000008ba00000, 0x000000008bb00000|  0%| F|  |TAMS 0x000000008ba00000, 0x000000008ba00000| Untracked 
| 187|0x000000008bb00000, 0x000000008bb00000, 0x000000008bc00000|  0%| F|  |TAMS 0x000000008bb00000, 0x000000008bb00000| Untracked 
| 188|0x000000008bc00000, 0x000000008bc00000, 0x000000008bd00000|  0%| F|  |TAMS 0x000000008bc00000, 0x000000008bc00000| Untracked 
| 189|0x000000008bd00000, 0x000000008bd00000, 0x000000008be00000|  0%| F|  |TAMS 0x000000008bd00000, 0x000000008bd00000| Untracked 
| 190|0x000000008be00000, 0x000000008be00000, 0x000000008bf00000|  0%| F|  |TAMS 0x000000008be00000, 0x000000008be00000| Untracked 
| 191|0x000000008bf00000, 0x000000008bf00000, 0x000000008c000000|  0%| F|  |TAMS 0x000000008bf00000, 0x000000008bf00000| Untracked 
| 192|0x000000008c000000, 0x000000008c000000, 0x000000008c100000|  0%| F|  |TAMS 0x000000008c000000, 0x000000008c000000| Untracked 
| 193|0x000000008c100000, 0x000000008c100000, 0x000000008c200000|  0%| F|  |TAMS 0x000000008c100000, 0x000000008c100000| Untracked 
| 194|0x000000008c200000, 0x000000008c200000, 0x000000008c300000|  0%| F|  |TAMS 0x000000008c200000, 0x000000008c200000| Untracked 
| 195|0x000000008c300000, 0x000000008c300000, 0x000000008c400000|  0%| F|  |TAMS 0x000000008c300000, 0x000000008c300000| Untracked 
| 196|0x000000008c400000, 0x000000008c400000, 0x000000008c500000|  0%| F|  |TAMS 0x000000008c400000, 0x000000008c400000| Untracked 
| 197|0x000000008c500000, 0x000000008c500000, 0x000000008c600000|  0%| F|  |TAMS 0x000000008c500000, 0x000000008c500000| Untracked 
| 198|0x000000008c600000, 0x000000008c600000, 0x000000008c700000|  0%| F|  |TAMS 0x000000008c600000, 0x000000008c600000| Untracked 
| 199|0x000000008c700000, 0x000000008c700000, 0x000000008c800000|  0%| F|  |TAMS 0x000000008c700000, 0x000000008c700000| Untracked 
| 200|0x000000008c800000, 0x000000008c800000, 0x000000008c900000|  0%| F|  |TAMS 0x000000008c800000, 0x000000008c800000| Untracked 
| 201|0x000000008c900000, 0x000000008c900000, 0x000000008ca00000|  0%| F|  |TAMS 0x000000008c900000, 0x000000008c900000| Untracked 
| 202|0x000000008ca00000, 0x000000008ca00000, 0x000000008cb00000|  0%| F|  |TAMS 0x000000008ca00000, 0x000000008ca00000| Untracked 
| 203|0x000000008cb00000, 0x000000008cb00000, 0x000000008cc00000|  0%| F|  |TAMS 0x000000008cb00000, 0x000000008cb00000| Untracked 
| 204|0x000000008cc00000, 0x000000008cc00000, 0x000000008cd00000|  0%| F|  |TAMS 0x000000008cc00000, 0x000000008cc00000| Untracked 
| 205|0x000000008cd00000, 0x000000008cd00000, 0x000000008ce00000|  0%| F|  |TAMS 0x000000008cd00000, 0x000000008cd00000| Untracked 
| 206|0x000000008ce00000, 0x000000008ce00000, 0x000000008cf00000|  0%| F|  |TAMS 0x000000008ce00000, 0x000000008ce00000| Untracked 
| 207|0x000000008cf00000, 0x000000008cf00000, 0x000000008d000000|  0%| F|  |TAMS 0x000000008cf00000, 0x000000008cf00000| Untracked 
| 208|0x000000008d000000, 0x000000008d000000, 0x000000008d100000|  0%| F|  |TAMS 0x000000008d000000, 0x000000008d000000| Untracked 
| 209|0x000000008d100000, 0x000000008d100000, 0x000000008d200000|  0%| F|  |TAMS 0x000000008d100000, 0x000000008d100000| Untracked 
| 210|0x000000008d200000, 0x000000008d200000, 0x000000008d300000|  0%| F|  |TAMS 0x000000008d200000, 0x000000008d200000| Untracked 
| 211|0x000000008d300000, 0x000000008d300000, 0x000000008d400000|  0%| F|  |TAMS 0x000000008d300000, 0x000000008d300000| Untracked 
| 212|0x000000008d400000, 0x000000008d400000, 0x000000008d500000|  0%| F|  |TAMS 0x000000008d400000, 0x000000008d400000| Untracked 
| 213|0x000000008d500000, 0x000000008d500000, 0x000000008d600000|  0%| F|  |TAMS 0x000000008d500000, 0x000000008d500000| Untracked 
| 214|0x000000008d600000, 0x000000008d600000, 0x000000008d700000|  0%| F|  |TAMS 0x000000008d600000, 0x000000008d600000| Untracked 
| 215|0x000000008d700000, 0x000000008d700000, 0x000000008d800000|  0%| F|  |TAMS 0x000000008d700000, 0x000000008d700000| Untracked 
| 216|0x000000008d800000, 0x000000008d87be80, 0x000000008d900000| 48%| E|  |TAMS 0x000000008d800000, 0x000000008d800000| Complete 
| 217|0x000000008d900000, 0x000000008da00000, 0x000000008da00000|100%| E|CS|TAMS 0x000000008d900000, 0x000000008d900000| Complete 
| 218|0x000000008da00000, 0x000000008da48020, 0x000000008db00000| 28%| S|CS|TAMS 0x000000008da00000, 0x000000008da00000| Complete 
| 219|0x000000008db00000, 0x000000008dc00000, 0x000000008dc00000|100%| S|CS|TAMS 0x000000008db00000, 0x000000008db00000| Complete 
| 220|0x000000008dc00000, 0x000000008dd00000, 0x000000008dd00000|100%| S|CS|TAMS 0x000000008dc00000, 0x000000008dc00000| Complete 
| 221|0x000000008dd00000, 0x000000008de00000, 0x000000008de00000|100%| E|CS|TAMS 0x000000008dd00000, 0x000000008dd00000| Complete 
| 222|0x000000008de00000, 0x000000008df00000, 0x000000008df00000|100%| E|CS|TAMS 0x000000008de00000, 0x000000008de00000| Complete 
| 223|0x000000008df00000, 0x000000008e000000, 0x000000008e000000|100%| E|CS|TAMS 0x000000008df00000, 0x000000008df00000| Complete 
| 224|0x000000008e000000, 0x000000008e100000, 0x000000008e100000|100%| E|CS|TAMS 0x000000008e000000, 0x000000008e000000| Complete 
| 225|0x000000008e100000, 0x000000008e200000, 0x000000008e200000|100%| E|CS|TAMS 0x000000008e100000, 0x000000008e100000| Complete 
| 226|0x000000008e200000, 0x000000008e300000, 0x000000008e300000|100%| E|CS|TAMS 0x000000008e200000, 0x000000008e200000| Complete 
| 227|0x000000008e300000, 0x000000008e400000, 0x000000008e400000|100%| E|CS|TAMS 0x000000008e300000, 0x000000008e300000| Complete 
| 228|0x000000008e400000, 0x000000008e500000, 0x000000008e500000|100%| E|CS|TAMS 0x000000008e400000, 0x000000008e400000| Complete 
| 229|0x000000008e500000, 0x000000008e600000, 0x000000008e600000|100%| E|CS|TAMS 0x000000008e500000, 0x000000008e500000| Complete 
| 230|0x000000008e600000, 0x000000008e700000, 0x000000008e700000|100%| E|CS|TAMS 0x000000008e600000, 0x000000008e600000| Complete 
| 231|0x000000008e700000, 0x000000008e800000, 0x000000008e800000|100%| E|CS|TAMS 0x000000008e700000, 0x000000008e700000| Complete 

Card table byte_map: [0x00000206be790000,0x00000206beb90000] _byte_map_base: 0x00000206be390000

Marking Bits (Prev, Next): (CMBitMap*) 0x00000206ab71a888, (CMBitMap*) 0x00000206ab71a8c0
 Prev Bits: [0x00000206bef90000, 0x00000206c0f90000)
 Next Bits: [0x00000206c0f90000, 0x00000206c2f90000)

Polling page: 0x00000206a9680000

Metaspace:

Usage:
  Non-class:     78.81 MB capacity,    77.50 MB ( 98%) used,     1.08 MB (  1%) free+waste,   236.06 KB ( <1%) overhead. 
      Class:     12.38 MB capacity,    11.62 MB ( 94%) used,   670.18 KB (  5%) free+waste,   106.44 KB ( <1%) overhead. 
       Both:     91.19 MB capacity,    89.12 MB ( 98%) used,     1.74 MB (  2%) free+waste,   342.50 KB ( <1%) overhead. 

Virtual space:
  Non-class space:       80.00 MB reserved,      79.00 MB ( 99%) committed 
      Class space:        1.00 GB reserved,      12.38 MB (  1%) committed 
             Both:        1.08 GB reserved,      91.38 MB (  8%) committed 

Chunk freelists:
   Non-Class:  1.00 KB
       Class:  0 bytes
        Both:  1.00 KB

MaxMetaspaceSize: 17179869184.00 GB
CompressedClassSpaceSize: 1.00 GB

CodeHeap 'non-profiled nmethods': size=120000Kb used=5774Kb max_used=5774Kb free=114226Kb
 bounds [0x00000206b6b30000, 0x00000206b70e0000, 0x00000206be060000]
CodeHeap 'profiled nmethods': size=120000Kb used=21523Kb max_used=21523Kb free=98476Kb
 bounds [0x00000206af600000, 0x00000206b0b10000, 0x00000206b6b30000]
CodeHeap 'non-nmethods': size=5760Kb used=2271Kb max_used=2324Kb free=3488Kb
 bounds [0x00000206af060000, 0x00000206af2d0000, 0x00000206af600000]
 total_blobs=11120 nmethods=10253 adapters=778
 compilation: enabled
              stopped_count=0, restarted_count=0
 full_count=0

Compilation events (20 events):
Event: 14.642 Thread 0x00000206c636a000 10644       2       com.android.tools.r8.code.c0::a (1 bytes)
Event: 14.643 Thread 0x00000206c636a000 nmethod 10644 0x00000206b0b02c90 code [0x00000206b0b02e40, 0x00000206b0b02f38]
Event: 14.643 Thread 0x00000206c636a000 10645       2       com.android.tools.r8.code.f::a (1 bytes)
Event: 14.643 Thread 0x00000206c636a000 nmethod 10645 0x00000206b0b03010 code [0x00000206b0b031c0, 0x00000206b0b032b8]
Event: 14.660 Thread 0x00000206c636a000 10646       2       com.android.tools.r8.graph.t0$i::a (12 bytes)
Event: 14.660 Thread 0x00000206c636a000 nmethod 10646 0x00000206b0b03390 code [0x00000206b0b03540, 0x00000206b0b03688]
Event: 14.662 Thread 0x00000206c636a000 10648       2       java.util.Collections$EmptyList::spliterator (4 bytes)
Event: 14.662 Thread 0x00000206c636a000 nmethod 10648 0x00000206b0b03790 code [0x00000206b0b03940, 0x00000206b0b03a38]
Event: 14.662 Thread 0x00000206c636a000 10649       1       javax.management.ObjectName::getCanonicalName (5 bytes)
Event: 14.662 Thread 0x00000206c636a000 nmethod 10649 0x00000206b70cb990 code [0x00000206b70cbb40, 0x00000206b70cbbf8]
Event: 14.662 Thread 0x00000206c636a000 10650       2       sun.management.spi.PlatformMBeanProvider$PlatformComponent::getMBeans (87 bytes)
Event: 14.663 Thread 0x00000206c636a000 nmethod 10650 0x00000206b0b03b10 code [0x00000206b0b03da0, 0x00000206b0b04478]
Event: 14.663 Thread 0x00000206c636a000 10651       2       com.android.tools.r8.graph.t0$o::a (12 bytes)
Event: 14.664 Thread 0x00000206c636a000 nmethod 10651 0x00000206b0b04810 code [0x00000206b0b049c0, 0x00000206b0b04b08]
Event: 14.673 Thread 0x00000206c636a000 10652 %     3       com.android.tools.r8.graph.t0$d::a @ 10 (29 bytes)
Event: 14.673 Thread 0x00000206c636a000 nmethod 10652% 0x00000206b0b04c10 code [0x00000206b0b04de0, 0x00000206b0b05108]
Event: 14.683 Thread 0x00000206c636a000 10653       2       com.android.tools.r8.code.N3::a (1 bytes)
Event: 14.683 Thread 0x00000206c636a000 nmethod 10653 0x00000206b0b05290 code [0x00000206b0b05440, 0x00000206b0b05538]
Event: 14.687 Thread 0x00000206c636a000 10654       2       com.android.tools.r8.code.P1::D (4 bytes)
Event: 14.687 Thread 0x00000206c636a000 nmethod 10654 0x00000206b0b05610 code [0x00000206b0b057c0, 0x00000206b0b058b8]

GC Heap History (20 events):
Event: 9.859 GC heap before
{Heap before GC invocations=14 (full 0):
 garbage-first heap   total 157696K, used 119600K [0x0000000080000000, 0x0000000100000000)
  region size 1024K, 68 young (69632K), 5 survivors (5120K)
 Metaspace       used 71471K, capacity 72989K, committed 73088K, reserved 1112064K
  class space    used 9264K, capacity 9833K, committed 9856K, reserved 1048576K
}
Event: 9.868 GC heap after
{Heap after GC invocations=15 (full 0):
 garbage-first heap   total 157696K, used 58887K [0x0000000080000000, 0x0000000100000000)
  region size 1024K, 4 young (4096K), 4 survivors (4096K)
 Metaspace       used 71471K, capacity 72989K, committed 73088K, reserved 1112064K
  class space    used 9264K, capacity 9833K, committed 9856K, reserved 1048576K
}
Event: 10.790 GC heap before
{Heap before GC invocations=15 (full 0):
 garbage-first heap   total 157696K, used 122375K [0x0000000080000000, 0x0000000100000000)
  region size 1024K, 66 young (67584K), 4 survivors (4096K)
 Metaspace       used 77301K, capacity 78996K, committed 79232K, reserved 1118208K
  class space    used 10025K, capacity 10613K, committed 10624K, reserved 1048576K
}
Event: 10.799 GC heap after
{Heap after GC invocations=16 (full 0):
 garbage-first heap   total 189440K, used 62728K [0x0000000080000000, 0x0000000100000000)
  region size 1024K, 8 young (8192K), 8 survivors (8192K)
 Metaspace       used 77301K, capacity 78996K, committed 79232K, reserved 1118208K
  class space    used 10025K, capacity 10613K, committed 10624K, reserved 1048576K
}
Event: 11.646 GC heap before
{Heap before GC invocations=16 (full 0):
 garbage-first heap   total 189440K, used 136456K [0x0000000080000000, 0x0000000100000000)
  region size 1024K, 81 young (82944K), 8 survivors (8192K)
 Metaspace       used 79592K, capacity 81430K, committed 81792K, reserved 1120256K
  class space    used 10338K, capacity 11014K, committed 11136K, reserved 1048576K
}
Event: 11.658 GC heap after
{Heap after GC invocations=17 (full 0):
 garbage-first heap   total 189440K, used 67956K [0x0000000080000000, 0x0000000100000000)
  region size 1024K, 10 young (10240K), 10 survivors (10240K)
 Metaspace       used 79592K, capacity 81430K, committed 81792K, reserved 1120256K
  class space    used 10338K, capacity 11014K, committed 11136K, reserved 1048576K
}
Event: 12.292 GC heap before
{Heap before GC invocations=17 (full 0):
 garbage-first heap   total 189440K, used 140660K [0x0000000080000000, 0x0000000100000000)
  region size 1024K, 82 young (83968K), 10 survivors (10240K)
 Metaspace       used 81825K, capacity 83701K, committed 83840K, reserved 1122304K
  class space    used 10610K, capacity 11291K, committed 11392K, reserved 1048576K
}
Event: 12.306 GC heap after
{Heap after GC invocations=18 (full 0):
 garbage-first heap   total 189440K, used 72227K [0x0000000080000000, 0x0000000100000000)
  region size 1024K, 10 young (10240K), 10 survivors (10240K)
 Metaspace       used 81825K, capacity 83701K, committed 83840K, reserved 1122304K
  class space    used 10610K, capacity 11291K, committed 11392K, reserved 1048576K
}
Event: 12.823 GC heap before
{Heap before GC invocations=18 (full 0):
 garbage-first heap   total 189440K, used 161315K [0x0000000080000000, 0x0000000100000000)
  region size 1024K, 78 young (79872K), 10 survivors (10240K)
 Metaspace       used 86613K, capacity 88678K, committed 88832K, reserved 1126400K
  class space    used 11219K, capacity 11978K, committed 12032K, reserved 1048576K
}
Event: 12.838 GC heap after
{Heap after GC invocations=19 (full 0):
 garbage-first heap   total 189440K, used 94704K [0x0000000080000000, 0x0000000100000000)
  region size 1024K, 11 young (11264K), 11 survivors (11264K)
 Metaspace       used 86613K, capacity 88678K, committed 88832K, reserved 1126400K
  class space    used 11219K, capacity 11978K, committed 12032K, reserved 1048576K
}
Event: 13.217 GC heap before
{Heap before GC invocations=20 (full 0):
 garbage-first heap   total 189440K, used 134640K [0x0000000080000000, 0x0000000100000000)
  region size 1024K, 49 young (50176K), 11 survivors (11264K)
 Metaspace       used 87163K, capacity 89267K, committed 89472K, reserved 1126400K
  class space    used 11297K, capacity 12049K, committed 12160K, reserved 1048576K
}
Event: 13.273 GC heap after
{Heap after GC invocations=21 (full 0):
 garbage-first heap   total 189440K, used 110015K [0x0000000080000000, 0x0000000100000000)
  region size 1024K, 9 young (9216K), 9 survivors (9216K)
 Metaspace       used 87163K, capacity 89267K, committed 89472K, reserved 1126400K
  class space    used 11297K, capacity 12049K, committed 12160K, reserved 1048576K
}
Event: 13.638 GC heap before
{Heap before GC invocations=22 (full 0):
 garbage-first heap   total 189440K, used 148927K [0x0000000080000000, 0x0000000100000000)
  region size 1024K, 47 young (48128K), 9 survivors (9216K)
 Metaspace       used 88976K, capacity 90950K, committed 91264K, reserved 1128448K
  class space    used 11609K, capacity 12331K, committed 12416K, reserved 1048576K
}
Event: 13.670 GC heap after
{Heap after GC invocations=23 (full 0):
 garbage-first heap   total 237568K, used 128990K [0x0000000080000000, 0x0000000100000000)
  region size 1024K, 6 young (6144K), 6 survivors (6144K)
 Metaspace       used 88976K, capacity 90950K, committed 91264K, reserved 1128448K
  class space    used 11609K, capacity 12331K, committed 12416K, reserved 1048576K
}
Event: 13.980 GC heap before
{Heap before GC invocations=23 (full 0):
 garbage-first heap   total 237568K, used 175070K [0x0000000080000000, 0x0000000100000000)
  region size 1024K, 52 young (53248K), 6 survivors (6144K)
 Metaspace       used 90420K, capacity 92470K, committed 92800K, reserved 1130496K
  class space    used 11791K, capacity 12518K, committed 12672K, reserved 1048576K
}
Event: 14.013 GC heap after
{Heap after GC invocations=24 (full 0):
 garbage-first heap   total 237568K, used 154432K [0x0000000080000000, 0x0000000100000000)
  region size 1024K, 7 young (7168K), 7 survivors (7168K)
 Metaspace       used 90420K, capacity 92470K, committed 92800K, reserved 1130496K
  class space    used 11791K, capacity 12518K, committed 12672K, reserved 1048576K
}
Event: 14.437 GC heap before
{Heap before GC invocations=25 (full 0):
 garbage-first heap   total 237568K, used 174912K [0x0000000080000000, 0x0000000100000000)
  region size 1024K, 36 young (36864K), 7 survivors (7168K)
 Metaspace       used 91221K, capacity 93308K, committed 93312K, reserved 1130496K
  class space    used 11895K, capacity 12672K, committed 12672K, reserved 1048576K
}
Event: 14.456 GC heap after
{Heap after GC invocations=26 (full 0):
 garbage-first heap   total 237568K, used 153088K [0x0000000080000000, 0x0000000100000000)
  region size 1024K, 5 young (5120K), 5 survivors (5120K)
 Metaspace       used 91221K, capacity 93308K, committed 93312K, reserved 1130496K
  class space    used 11895K, capacity 12672K, committed 12672K, reserved 1048576K
}
Event: 14.581 GC heap before
{Heap before GC invocations=26 (full 0):
 garbage-first heap   total 237568K, used 162304K [0x0000000080000000, 0x0000000100000000)
  region size 1024K, 16 young (16384K), 5 survivors (5120K)
 Metaspace       used 91246K, capacity 93373K, committed 93568K, reserved 1130496K
  class space    used 11895K, capacity 12672K, committed 12672K, reserved 1048576K
}
Event: 14.595 GC heap after
{Heap after GC invocations=27 (full 0):
 garbage-first heap   total 237568K, used 155657K [0x0000000080000000, 0x0000000100000000)
  region size 1024K, 3 young (3072K), 3 survivors (3072K)
 Metaspace       used 91246K, capacity 93373K, committed 93568K, reserved 1130496K
  class space    used 11895K, capacity 12672K, committed 12672K, reserved 1048576K
}

Deoptimization events (20 events):
Event: 14.167 Thread 0x00000206ca471000 DEOPT PACKING pc=0x00000206b7061e10 sp=0x000000d2862fd4d0
Event: 14.167 Thread 0x00000206ca471000 DEOPT UNPACKING pc=0x00000206af0874af sp=0x000000d2862fd480 mode 2
Event: 14.255 Thread 0x00000206ca476800 DEOPT PACKING pc=0x00000206b0aa2ddc sp=0x000000d286bfe760
Event: 14.255 Thread 0x00000206ca476800 DEOPT UNPACKING pc=0x00000206af0872ce sp=0x000000d286bfdc30 mode 0
Event: 14.280 Thread 0x00000206ca470000 Uncommon trap: trap_request=0xffffff4d fr.pc=0x00000206b70b5f70 relative=0x0000000000000c50
Event: 14.280 Thread 0x00000206ca47a000 Uncommon trap: trap_request=0xffffff4d fr.pc=0x00000206b70b5f70 relative=0x0000000000000c50
Event: 14.280 Thread 0x00000206ca470000 Uncommon trap: reason=unstable_if action=reinterpret pc=0x00000206b70b5f70 method=com.android.tools.r8.s.a.a.b.M0.hasNext()Z @ 52 c2
Event: 14.280 Thread 0x00000206ca47a000 Uncommon trap: reason=unstable_if action=reinterpret pc=0x00000206b70b5f70 method=com.android.tools.r8.s.a.a.b.M0.hasNext()Z @ 52 c2
Event: 14.280 Thread 0x00000206ca470000 DEOPT PACKING pc=0x00000206b70b5f70 sp=0x000000d2869fee30
Event: 14.280 Thread 0x00000206ca476000 Uncommon trap: trap_request=0xffffff4d fr.pc=0x00000206b70b5f70 relative=0x0000000000000c50
Event: 14.280 Thread 0x00000206ca476000 Uncommon trap: reason=unstable_if action=reinterpret pc=0x00000206b70b5f70 method=com.android.tools.r8.s.a.a.b.M0.hasNext()Z @ 52 c2
Event: 14.280 Thread 0x00000206ca470000 DEOPT UNPACKING pc=0x00000206af0874af sp=0x000000d2869fee08 mode 2
Event: 14.280 Thread 0x00000206ca476000 DEOPT PACKING pc=0x00000206b70b5f70 sp=0x000000d2868fe9e0
Event: 14.281 Thread 0x00000206ca476000 DEOPT UNPACKING pc=0x00000206af0874af sp=0x000000d2868fe9b8 mode 2
Event: 14.288 Thread 0x00000206ca47a000 DEOPT PACKING pc=0x00000206b70b5f70 sp=0x000000d286cfecf0
Event: 14.288 Thread 0x00000206ca47a000 DEOPT UNPACKING pc=0x00000206af0874af sp=0x000000d286cfecc8 mode 2
Event: 14.400 Thread 0x00000206ca471000 Uncommon trap: trap_request=0xffffffe4 fr.pc=0x00000206b7073478 relative=0x0000000000000238
Event: 14.400 Thread 0x00000206ca471000 Uncommon trap: reason=range_check action=make_not_entrant pc=0x00000206b7073478 method=com.android.tools.r8.graph.q0.b(Lcom/android/tools/r8/graph/q0;)I @ 9 c2
Event: 14.400 Thread 0x00000206ca471000 DEOPT PACKING pc=0x00000206b7073478 sp=0x000000d2862fccc0
Event: 14.400 Thread 0x00000206ca471000 DEOPT UNPACKING pc=0x00000206af0874af sp=0x000000d2862fcc48 mode 2

Classes redefined (0 events):
No events

Internal exceptions (20 events):
Event: 12.804 Thread 0x00000206ca471000 Exception <a 'java/lang/NoSuchMethodError'{0x0000000087762100}: 'java.lang.Object java.lang.invoke.DirectMethodHandle$Holder.invokeStaticInit(java.lang.Object, java.lang.Object, java.lang.Object, java.lang.Object, java.lang.Object, java.lang.Object, java.lang.Object, java.lang.Object, java.lang.Object, java.lang.Object, java.lang.Object, java.lang.Object, java.lang.Object, java.lang.Object, java.lang.Object, java.lang.Object, java.lang.Object, int, java.lang.Object)'> (0x0000000087762100) thrown at [./src/
Event: 12.854 Thread 0x00000206ca474800 Exception <a 'java/lang/NoSuchMethodError'{0x000000008b830a90}: 'void java.lang.invoke.DirectMethodHandle$Holder.invokeStatic(java.lang.Object, long)'> (0x000000008b830a90) thrown at [./src/hotspot/share/interpreter/linkResolver.cpp, line 773]
Event: 12.855 Thread 0x00000206ca474800 Exception <a 'java/lang/NoSuchMethodError'{0x000000008b835ca8}: 'java.lang.Object java.lang.invoke.DirectMethodHandle$Holder.invokeStatic(java.lang.Object, long)'> (0x000000008b835ca8) thrown at [./src/hotspot/share/interpreter/linkResolver.cpp, line 773]
Event: 12.857 Thread 0x00000206ca474800 Exception <a 'java/lang/NoSuchMethodError'{0x000000008b4ed1b0}: 'java.lang.Object java.lang.invoke.DirectMethodHandle$Holder.invokeStaticInit(java.lang.Object, java.lang.Object, long, java.lang.Object)'> (0x000000008b4ed1b0) thrown at [./src/hotspot/share/interpreter/linkResolver.cpp, line 773]
Event: 12.857 Thread 0x00000206ca474800 Exception <a 'java/lang/NoSuchMethodError'{0x000000008b4f3348}: 'java.lang.Object java.lang.invoke.DirectMethodHandle$Holder.invokeStatic(java.lang.Object, java.lang.Object, long)'> (0x000000008b4f3348) thrown at [./src/hotspot/share/interpreter/linkResolver.cpp, line 773]
Event: 12.858 Thread 0x00000206ca474800 Exception <a 'java/lang/NoSuchMethodError'{0x000000008b204dc8}: 'java.lang.Object java.lang.invoke.Invokers$Holder.linkToTargetMethod(java.lang.Object, long, java.lang.Object)'> (0x000000008b204dc8) thrown at [./src/hotspot/share/interpreter/linkResolver.cpp, line 773]
Event: 13.025 Thread 0x00000206ca474800 Exception <a 'java/lang/NoSuchMethodError'{0x000000008a7e2540}: 'int java.lang.invoke.DirectMethodHandle$Holder.invokeSpecialIFC(java.lang.Object, java.lang.Object, java.lang.Object)'> (0x000000008a7e2540) thrown at [./src/hotspot/share/interpreter/linkResolver.cpp, line 773]
Event: 13.355 Thread 0x00000206ca47b000 Exception <a 'java/lang/NoSuchMethodError'{0x000000008b06d2d8}: 'java.lang.Object java.lang.invoke.DirectMethodHandle$Holder.newInvokeSpecial(java.lang.Object, int)'> (0x000000008b06d2d8) thrown at [./src/hotspot/share/interpreter/linkResolver.cpp, line 773]
Event: 13.872 Thread 0x00000206ca471000 Exception <a 'java/lang/NoSuchMethodError'{0x000000008bd18928}: 'void java.lang.invoke.DirectMethodHandle$Holder.invokeStatic(java.lang.Object, java.lang.Object, java.lang.Object, int)'> (0x000000008bd18928) thrown at [./src/hotspot/share/interpreter/linkResolver.cpp, line 773]
Event: 13.873 Thread 0x00000206ca471000 Exception <a 'java/lang/IncompatibleClassChangeError'{0x000000008bd20a70}: Found class java.lang.Object, but interface was expected> (0x000000008bd20a70) thrown at [./src/hotspot/share/interpreter/linkResolver.cpp, line 839]
Event: 14.016 Thread 0x00000206ca471000 Exception <a 'java/lang/NoSuchMethodError'{0x000000008e70fc88}: 'void java.lang.invoke.DirectMethodHandle$Holder.invokeStaticInit(java.lang.Object, java.lang.Object, java.lang.Object, java.lang.Object, java.lang.Object)'> (0x000000008e70fc88) thrown at [./src/hotspot/share/interpreter/linkResolver.cpp, line 773]
Event: 14.029 Thread 0x00000206ca471000 Exception <a 'java/lang/NoSuchMethodError'{0x000000008e771a08}: 'long java.lang.invoke.DirectMethodHandle$Holder.invokeStatic(java.lang.Object, java.lang.Object)'> (0x000000008e771a08) thrown at [./src/hotspot/share/interpreter/linkResolver.cpp, line 773]
Event: 14.044 Thread 0x00000206ca472000 Exception <a 'java/lang/NoSuchMethodError'{0x000000008e657a70}: 'void java.lang.invoke.DirectMethodHandle$Holder.invokeSpecial(java.lang.Object, java.lang.Object, int, java.lang.Object)'> (0x000000008e657a70) thrown at [./src/hotspot/share/interpreter/linkResolver.cpp, line 773]
Event: 14.044 Thread 0x00000206ca477800 Exception <a 'java/lang/NoSuchMethodError'{0x000000008e64be50}: 'void java.lang.invoke.DirectMethodHandle$Holder.invokeSpecial(java.lang.Object, java.lang.Object, int, java.lang.Object)'> (0x000000008e64be50) thrown at [./src/hotspot/share/interpreter/linkResolver.cpp, line 773]
Event: 14.045 Thread 0x00000206ca47b000 Exception <a 'java/lang/NoSuchMethodError'{0x000000008e7b9e50}: 'void java.lang.invoke.DirectMethodHandle$Holder.invokeSpecial(java.lang.Object, java.lang.Object, int, java.lang.Object)'> (0x000000008e7b9e50) thrown at [./src/hotspot/share/interpreter/linkResolver.cpp, line 773]
Event: 14.206 Thread 0x00000206ca471000 Exception <a 'java/lang/NoSuchMethodError'{0x000000008db20938}: 'java.lang.Object java.lang.invoke.DirectMethodHandle$Holder.invokeSpecial(java.lang.Object, java.lang.Object, java.lang.Object, java.lang.Object, java.lang.Object, java.lang.Object, java.lang.Object, java.lang.Object, java.lang.Object, java.lang.Object)'> (0x000000008db20938) thrown at [./src/hotspot/share/interpreter/linkResolver.cpp, line 773]
Event: 14.206 Thread 0x00000206ca471000 Exception <a 'java/lang/NoSuchMethodError'{0x000000008db24a28}: 'java.lang.Object java.lang.invoke.Invokers$Holder.linkToTargetMethod(java.lang.Object, java.lang.Object, java.lang.Object, java.lang.Object, java.lang.Object, java.lang.Object, java.lang.Object, java.lang.Object, java.lang.Object)'> (0x000000008db24a28) thrown at [./src/hotspot/share/interpreter/linkResolver.cpp, line 773]
Event: 14.280 Thread 0x00000206ca470000 Implicit null exception at 0x00000206b70b53ca to 0x00000206b70b5f64
Event: 14.280 Thread 0x00000206ca47a000 Implicit null exception at 0x00000206b70b53ca to 0x00000206b70b5f64
Event: 14.280 Thread 0x00000206ca476000 Implicit null exception at 0x00000206b70b53ca to 0x00000206b70b5f64

Events (20 events):
Event: 14.363 loading class com/android/tools/r8/graph/S done
Event: 14.364 loading class com/android/tools/r8/graph/S$h
Event: 14.364 loading class com/android/tools/r8/graph/S$h done
Event: 14.365 loading class com/android/tools/r8/graph/R0$d
Event: 14.365 loading class com/android/tools/r8/graph/R0$d done
Event: 14.365 loading class com/android/tools/r8/graph/j0
Event: 14.365 loading class com/android/tools/r8/graph/j0 done
Event: 14.365 loading class com/android/tools/r8/graph/R0$f
Event: 14.365 loading class com/android/tools/r8/graph/R0$f done
Event: 14.365 loading class com/android/tools/r8/graph/R0$f
Event: 14.365 loading class com/android/tools/r8/graph/R0$f done
Event: 14.424 Executing VM operation: CGC_Operation
Event: 14.424 Executing VM operation: CGC_Operation done
Event: 14.437 Executing VM operation: G1CollectForAllocation
Event: 14.456 Executing VM operation: G1CollectForAllocation done
Event: 14.558 Executing VM operation: RevokeBias
Event: 14.558 Executing VM operation: RevokeBias done
Event: 14.558 Thread 0x00000206ca473800 Thread exited: 0x00000206ca473800
Event: 14.580 Executing VM operation: G1CollectForAllocation
Event: 14.595 Executing VM operation: G1CollectForAllocation done


Dynamic libraries:
0x00007ff73c920000 - 0x00007ff73c92a000 	C:\Users\Dark Knight\Desktop\Android Studio\jre\bin\java.exe
0x00007ff9b2730000 - 0x00007ff9b2925000 	C:\WINDOWS\SYSTEM32\ntdll.dll
0x00007ff9b1dc0000 - 0x00007ff9b1e7e000 	C:\WINDOWS\System32\KERNEL32.DLL
0x00007ff9b0250000 - 0x00007ff9b0518000 	C:\WINDOWS\System32\KERNELBASE.dll
0x00007ff9b0150000 - 0x00007ff9b0250000 	C:\WINDOWS\System32\ucrtbase.dll
0x00007ff9a75c0000 - 0x00007ff9a75d9000 	C:\Users\Dark Knight\Desktop\Android Studio\jre\bin\jli.dll
0x00007ff9a7300000 - 0x00007ff9a7317000 	C:\Users\Dark Knight\Desktop\Android Studio\jre\bin\VCRUNTIME140.dll
0x00007ff9b09e0000 - 0x00007ff9b0b81000 	C:\WINDOWS\System32\USER32.dll
0x00007ff9affa0000 - 0x00007ff9affc2000 	C:\WINDOWS\System32\win32u.dll
0x00007ff9b2010000 - 0x00007ff9b203b000 	C:\WINDOWS\System32\GDI32.dll
0x00007ff99a6f0000 - 0x00007ff99a98a000 	C:\WINDOWS\WinSxS\amd64_microsoft.windows.common-controls_6595b64144ccf1df_6.0.19041.1110_none_60b5254171f9507e\COMCTL32.dll
0x00007ff9b0660000 - 0x00007ff9b076d000 	C:\WINDOWS\System32\gdi32full.dll
0x00007ff9b1300000 - 0x00007ff9b139e000 	C:\WINDOWS\System32\msvcrt.dll
0x00007ff9b0000000 - 0x00007ff9b009d000 	C:\WINDOWS\System32\msvcp_win.dll
0x00007ff9b2170000 - 0x00007ff9b21a0000 	C:\WINDOWS\System32\IMM32.DLL
0x00007ff97b080000 - 0x00007ff97b11d000 	C:\Users\Dark Knight\Desktop\Android Studio\jre\bin\msvcp140.dll
0x00007ff93b770000 - 0x00007ff93c22c000 	C:\Users\Dark Knight\Desktop\Android Studio\jre\bin\server\jvm.dll
0x00007ff9b25b0000 - 0x00007ff9b265c000 	C:\WINDOWS\System32\ADVAPI32.dll
0x00007ff9b1af0000 - 0x00007ff9b1b8b000 	C:\WINDOWS\System32\sechost.dll
0x00007ff9b1120000 - 0x00007ff9b124a000 	C:\WINDOWS\System32\RPCRT4.dll
0x00007ff9b0b90000 - 0x00007ff9b0b98000 	C:\WINDOWS\System32\PSAPI.DLL
0x00007ff99c0d0000 - 0x00007ff99c0f7000 	C:\WINDOWS\SYSTEM32\WINMM.dll
0x00007ff9a54b0000 - 0x00007ff9a54ba000 	C:\WINDOWS\SYSTEM32\VERSION.dll
0x00007ff9a54c0000 - 0x00007ff9a54c9000 	C:\WINDOWS\SYSTEM32\WSOCK32.dll
0x00007ff9b1fa0000 - 0x00007ff9b200b000 	C:\WINDOWS\System32\WS2_32.dll
0x00007ff9ae6c0000 - 0x00007ff9ae6d2000 	C:\WINDOWS\SYSTEM32\kernel.appcore.dll
0x00007ff9a8e30000 - 0x00007ff9a8e41000 	C:\Users\Dark Knight\Desktop\Android Studio\jre\bin\verify.dll
0x00007ff9adae0000 - 0x00007ff9adcc4000 	C:\WINDOWS\SYSTEM32\DBGHELP.DLL
0x00007ff9982c0000 - 0x00007ff9982ec000 	C:\WINDOWS\SYSTEM32\dbgcore.DLL
0x00007ff9b05d0000 - 0x00007ff9b0652000 	C:\WINDOWS\System32\bcryptPrimitives.dll
0x00007ff99ed10000 - 0x00007ff99ed39000 	C:\Users\Dark Knight\Desktop\Android Studio\jre\bin\java.dll
0x00007ff9ab890000 - 0x00007ff9ab89b000 	C:\Users\Dark Knight\Desktop\Android Studio\jre\bin\jimage.dll
0x00007ff9a7400000 - 0x00007ff9a7418000 	C:\Users\Dark Knight\Desktop\Android Studio\jre\bin\zip.dll
0x00007ff9b13a0000 - 0x00007ff9b1ae4000 	C:\WINDOWS\System32\SHELL32.dll
0x00007ff9adf10000 - 0x00007ff9ae6a4000 	C:\WINDOWS\SYSTEM32\windows.storage.dll
0x00007ff9b21a0000 - 0x00007ff9b24f5000 	C:\WINDOWS\System32\combase.dll
0x00007ff9af7c0000 - 0x00007ff9af7ee000 	C:\WINDOWS\SYSTEM32\Wldp.dll
0x00007ff9b1250000 - 0x00007ff9b12fd000 	C:\WINDOWS\System32\SHCORE.dll
0x00007ff9b0770000 - 0x00007ff9b07c5000 	C:\WINDOWS\System32\shlwapi.dll
0x00007ff9afd80000 - 0x00007ff9afd9f000 	C:\WINDOWS\SYSTEM32\profapi.dll
0x00007ff99e660000 - 0x00007ff99e67a000 	C:\Users\Dark Knight\Desktop\Android Studio\jre\bin\net.dll
0x00007ff99e9a0000 - 0x00007ff99eaac000 	C:\WINDOWS\SYSTEM32\WINHTTP.dll
0x00007ff9af520000 - 0x00007ff9af58a000 	C:\WINDOWS\system32\mswsock.dll
0x00007ff99e520000 - 0x00007ff99e534000 	C:\Users\Dark Knight\Desktop\Android Studio\jre\bin\nio.dll
0x00007ff9a75e0000 - 0x00007ff9a7607000 	C:\Users\Dark Knight\.gradle\native\fdc75f09e3144964f2cf3f50f0aa648679c211496f362492102eb8c894070792\windows-amd64\native-platform.dll
0x00007ff96dac0000 - 0x00007ff96dc56000 	C:\Users\Dark Knight\.gradle\native\12488b8bf47d2d4c9fbf2f6322a914ad602e24e48041cd04a747c6da556b65c4\windows-amd64\native-platform-file-events.dll
0x00007ff9ab1e0000 - 0x00007ff9ab1ea000 	C:\Users\Dark Knight\Desktop\Android Studio\jre\bin\management.dll
0x00007ff9ab190000 - 0x00007ff9ab19c000 	C:\Users\Dark Knight\Desktop\Android Studio\jre\bin\management_ext.dll
0x00007ff9af710000 - 0x00007ff9af728000 	C:\WINDOWS\SYSTEM32\CRYPTSP.dll
0x00007ff9aeea0000 - 0x00007ff9aeed4000 	C:\WINDOWS\system32\rsaenh.dll
0x00007ff9affd0000 - 0x00007ff9afff7000 	C:\WINDOWS\System32\bcrypt.dll
0x00007ff9afd40000 - 0x00007ff9afd6e000 	C:\WINDOWS\SYSTEM32\USERENV.dll
0x00007ff9af730000 - 0x00007ff9af73c000 	C:\WINDOWS\SYSTEM32\CRYPTBASE.dll
0x00007ff9af210000 - 0x00007ff9af24b000 	C:\WINDOWS\SYSTEM32\IPHLPAPI.DLL
0x00007ff9b1ba0000 - 0x00007ff9b1ba8000 	C:\WINDOWS\System32\NSI.dll
0x00007ff9a14e0000 - 0x00007ff9a14f7000 	C:\WINDOWS\SYSTEM32\dhcpcsvc6.DLL
0x00007ff9a15f0000 - 0x00007ff9a160d000 	C:\WINDOWS\SYSTEM32\dhcpcsvc.DLL
0x00007ff9af250000 - 0x00007ff9af31b000 	C:\WINDOWS\SYSTEM32\DNSAPI.dll
0x00007ff9a5000000 - 0x00007ff9a500b000 	C:\WINDOWS\SYSTEM32\WINNSI.DLL

dbghelp: loaded successfully - version: 4.0.5 - missing functions: none
symbol engine: initialized successfully - sym options: 0x614 - pdb path: .;C:\Users\Dark Knight\Desktop\Android Studio\jre\bin;C:\WINDOWS\SYSTEM32;C:\WINDOWS\WinSxS\amd64_microsoft.windows.common-controls_6595b64144ccf1df_6.0.19041.1110_none_60b5254171f9507e;C:\Users\Dark Knight\Desktop\Android Studio\jre\bin\server;C:\Users\Dark Knight\.gradle\native\fdc75f09e3144964f2cf3f50f0aa648679c211496f362492102eb8c894070792\windows-amd64;C:\Users\Dark Knight\.gradle\native\12488b8bf47d2d4c9fbf2f6322a914ad602e24e48041cd04a747c6da556b65c4\windows-amd64

VM Arguments:
jvm_args: --add-opens=java.base/java.util=ALL-UNNAMED --add-opens=java.base/java.lang=ALL-UNNAMED --add-opens=java.base/java.lang.invoke=ALL-UNNAMED --add-opens=java.prefs/java.util.prefs=ALL-UNNAMED -Xmx2048m -Dfile.encoding=UTF-8 -Duser.country=IN -Duser.language=en -Duser.variant 
java_command: org.gradle.launcher.daemon.bootstrap.GradleDaemon 6.7.1
java_class_path (initial): C:\Users\Dark Knight\.gradle\wrapper\dists\gradle-6.7.1-bin\bwlcbys1h7rz3272sye1xwiv6\gradle-6.7.1\lib\gradle-launcher-6.7.1.jar
Launcher Type: SUN_STANDARD

[Global flags]
     intx CICompilerCount                          = 4                                         {product} {ergonomic}
     uint ConcGCThreads                            = 2                                         {product} {ergonomic}
     uint G1ConcRefinementThreads                  = 8                                         {product} {ergonomic}
   size_t G1HeapRegionSize                         = 1048576                                   {product} {ergonomic}
    uintx GCDrainStackTargetSize                   = 64                                        {product} {ergonomic}
   size_t InitialHeapSize                          = 134217728                                 {product} {ergonomic}
   size_t MarkStackSize                            = 4194304                                   {product} {ergonomic}
   size_t MaxHeapSize                              = 2147483648                                {product} {command line}
   size_t MaxNewSize                               = 1287651328                                {product} {ergonomic}
   size_t MinHeapDeltaBytes                        = 1048576                                   {product} {ergonomic}
    uintx NonNMethodCodeHeapSize                   = 5836300                                {pd product} {ergonomic}
    uintx NonProfiledCodeHeapSize                  = 122910970                              {pd product} {ergonomic}
    uintx ProfiledCodeHeapSize                     = 122910970                              {pd product} {ergonomic}
    uintx ReservedCodeCacheSize                    = 251658240                              {pd product} {ergonomic}
     bool SegmentedCodeCache                       = true                                      {product} {ergonomic}
     bool UseCompressedClassPointers               = true                                 {lp64_product} {ergonomic}
     bool UseCompressedOops                        = true                                 {lp64_product} {ergonomic}
     bool UseG1GC                                  = true                                      {product} {ergonomic}
     bool UseLargePagesIndividualAllocation        = false                                  {pd product} {ergonomic}

Logging:
Log output configuration:
 #0: stdout all=warning uptime,level,tags
 #1: stderr all=off uptime,level,tags

Environment Variables:
PATH=C:\Windows\system32;C:\Windows;C:\Windows\System32\Wbem;C:\Windows\System32\WindowsPowerShell\v1.0\;C:\Windows\System32\OpenSSH\;C:\Program Files (x86)\NVIDIA Corporation\PhysX\Common;C:\Program Files\NVIDIA Corporation\NVIDIA NvDLISR;C:\WINDOWS\system32;C:\WINDOWS;C:\WINDOWS\System32\Wbem;C:\WINDOWS\System32\WindowsPowerShell\v1.0\;C:\WINDOWS\System32\OpenSSH\;C:\MinGW\bin;C:\Program Files\MEGA-X;C:\WINDOWS\system32;C:\WINDOWS;C:\WINDOWS\System32\Wbem;C:\WINDOWS\System32\WindowsPowerShell\v1.0\;C:\WINDOWS\System32\OpenSSH\;C:\Program Files\Git\cmd;C:\Users\Dark Knight\AppData\Local\Microsoft\WindowsApps;C:\Users\Dark Knight\AppData\Local\atom\bin;C:\MinGW\bin;C:\Program Files (x86)\Microsoft Visual Studio\2019\BuildTools\MSBuild\Current\Bin;C:\Users\Dark Knight\AppData\Local\Microsoft\WindowsApps
USERNAME=Dark Knight
OS=Windows_NT
PROCESSOR_IDENTIFIER=Intel64 Family 6 Model 158 Stepping 10, GenuineIntel



---------------  S Y S T E M  ---------------

OS: Windows 10 , 64 bit Build 19041 (10.0.19041.1348)
OS uptime: 4 days 13:08 hours

CPU:total 8 (initial active 8) (4 cores per cpu, 2 threads per core) family 6 model 158 stepping 10, cmov, cx8, fxsr, mmx, sse, sse2, sse3, ssse3, sse4.1, sse4.2, popcnt, avx, avx2, aes, clmul, erms, 3dnowpref, lzcnt, ht, tsc, tscinvbit, bmi1, bmi2, adx, fma

Memory: 4k page, system-wide physical 8072M (485M free)
TotalPageFile size 12168M (AvailPageFile size 6M)
current process WorkingSet (physical memory assigned to process): 531M, peak: 532M
current process commit charge ("private bytes"): 574M, peak: 576M

vm_info: OpenJDK 64-Bit Server VM (11.0.8+10-b944.6842174) for windows-amd64 JRE (11.0.8+10-b944.6842174), built on Sep 19 2020 01:11:42 by "builder" with MS VC++ 14.0 (VS2015)

END.
