#
# There is insufficient memory for the Java Runtime Environment to continue.
# Native memory allocation (mmap) failed to map 27262976 bytes for Failed to commit area from 0x0000000089c00000 to 0x000000008b600000 of length 27262976.
# Possible reasons:
#   The system is out of physical RAM or swap space
#   The process is running with CompressedOops enabled, and the Java Heap may be blocking the growth of the native heap
# Possible solutions:
#   Reduce memory load on the system
#   Increase physical memory or swap space
#   Check if swap backing store is full
#   Decrease Java heap size (-Xmx/-Xms)
#   Decrease number of Java threads
#   Decrease Java thread stack sizes (-Xss)
#   Set larger code cache with -XX:ReservedCodeCacheSize=
#   JVM is running with Unscaled Compressed Oops mode in which the Java heap is
#     placed in the first 4GB address space. The Java Heap base address is the
#     maximum limit for the native heap growth. Please use -XX:HeapBaseMinAddress
#     to set the Java Heap base and to place the Java Heap above 4GB virtual address.
# This output file may be truncated or incomplete.
#
#  Out of Memory Error (./src/hotspot/os/windows/os_windows.cpp:3303), pid=29156, tid=25364
#
# JRE version: OpenJDK Runtime Environment (11.0.8+10) (build 11.0.8+10-b944.6842174)
# Java VM: OpenJDK 64-Bit Server VM (11.0.8+10-b944.6842174, mixed mode, tiered, compressed oops, g1 gc, windows-amd64)
# No core dump will be written. Minidumps are not enabled by default on client versions of Windows
#

---------------  S U M M A R Y ------------

Command Line: org.jetbrains.kotlin.cli.jvm.K2JVMCompiler @C:\Android Projects\Udemy TUTORIAL\app\build\20211226_9730018683150248696.compiler.options

Host: Intel(R) Core(TM) i5-9300H CPU @ 2.40GHz, 8 cores, 7G,  Windows 10 , 64 bit Build 19041 (10.0.19041.1348)
Time: Sun Dec 26 12:33:44 2021 India Standard Time elapsed time: 2 seconds (0d 0h 0m 2s)

---------------  T H R E A D  ---------------

Current thread (0x00000240405f5000):  VMThread "VM Thread" [stack: 0x0000004cc6b00000,0x0000004cc6c00000] [id=25364]

Stack: [0x0000004cc6b00000,0x0000004cc6c00000]
[error occurred during error reporting (printing stack bounds), id 0xc0000005, EXCEPTION_ACCESS_VIOLATION (0xc0000005) at pc=0x0000024029580dad]

Native frames: (J=compiled Java code, j=interpreted, Vv=VM code, C=native code)
V  [jvm.dll+0x5de50a]
V  [jvm.dll+0x7122f5]
V  [jvm.dll+0x71384d]
V  [jvm.dll+0x713e65]
V  [jvm.dll+0x713e1b]
V  [jvm.dll+0x5dd958]
V  [jvm.dll+0x5de0f8]
C  [ntdll.dll+0xa20cf]
C  [ntdll.dll+0x51454]
C  [ntdll.dll+0xa0bfe]
C  0x0000024029580dad

VM_Operation (0x0000004cc65fd2f0): G1CollectForAllocation, mode: safepoint, requested by thread 0x0000024025bf9000


---------------  P R O C E S S  ---------------

Threads class SMR info:
_java_thread_list=0x0000024042d573f0, length=12, elements={
0x0000024025bf9000, 0x00000240405f7000, 0x0000024040600800, 0x0000024040610800,
0x0000024040615000, 0x0000024040617000, 0x0000024040622000, 0x0000024040626800,
0x0000024041109000, 0x000002404110f000, 0x000002404112a000, 0x00000240430b2000
}

Java Threads: ( => current thread )
  0x0000024025bf9000 JavaThread "main" [_thread_blocked, id=34312, stack(0x0000004cc6500000,0x0000004cc6600000)]
  0x00000240405f7000 JavaThread "Reference Handler" daemon [_thread_blocked, id=1476, stack(0x0000004cc6c00000,0x0000004cc6d00000)]
  0x0000024040600800 JavaThread "Finalizer" daemon [_thread_blocked, id=1080, stack(0x0000004cc6d00000,0x0000004cc6e00000)]
  0x0000024040610800 JavaThread "Signal Dispatcher" daemon [_thread_blocked, id=30528, stack(0x0000004cc6e00000,0x0000004cc6f00000)]
  0x0000024040615000 JavaThread "Attach Listener" daemon [_thread_blocked, id=12880, stack(0x0000004cc6f00000,0x0000004cc7000000)]
  0x0000024040617000 JavaThread "C2 CompilerThread0" daemon [_thread_blocked, id=11448, stack(0x0000004cc7000000,0x0000004cc7100000)]
  0x0000024040622000 JavaThread "C1 CompilerThread0" daemon [_thread_blocked, id=31208, stack(0x0000004cc7100000,0x0000004cc7200000)]
  0x0000024040626800 JavaThread "Sweeper thread" daemon [_thread_blocked, id=1160, stack(0x0000004cc7200000,0x0000004cc7300000)]
  0x0000024041109000 JavaThread "Service Thread" daemon [_thread_blocked, id=5248, stack(0x0000004cc7300000,0x0000004cc7400000)]
  0x000002404110f000 JavaThread "Common-Cleaner" daemon [_thread_blocked, id=30296, stack(0x0000004cc7500000,0x0000004cc7600000)]
  0x000002404112a000 JavaThread "C2 CompilerThread1" daemon [_thread_in_native, id=22464, stack(0x0000004cc7600000,0x0000004cc7700000)]
  0x00000240430b2000 JavaThread "C2 CompilerThread2" daemon [_thread_in_native, id=4868, stack(0x0000004cc7700000,0x0000004cc7800000)]

Other Threads:
=>0x00000240405f5000 VMThread "VM Thread" [stack: 0x0000004cc6b00000,0x0000004cc6c00000] [id=25364]
  0x0000024041109800 WatcherThread [stack: 0x0000004cc7400000,0x0000004cc7500000] [id=24988]
  0x0000024025c12000 GCTaskThread "GC Thread#0" [stack: 0x0000004cc6600000,0x0000004cc6700000] [id=15940]
  0x00000240417dc000 GCTaskThread "GC Thread#1" [stack: 0x0000004cc7800000,0x0000004cc7900000] [id=25524]
  0x00000240417b9800 GCTaskThread "GC Thread#2" [stack: 0x0000004cc7900000,0x0000004cc7a00000] [id=30364]
  0x0000024025c41000 ConcurrentGCThread "G1 Main Marker" [stack: 0x0000004cc6700000,0x0000004cc6800000] [id=13080]
  0x0000024025c42800 ConcurrentGCThread "G1 Conc#0" [stack: 0x0000004cc6800000,0x0000004cc6900000] [id=14140]
  0x0000024041a74000 ConcurrentGCThread "G1 Conc#1" [stack: 0x0000004cc7a00000,0x0000004cc7b00000] [id=33124]
  0x0000024040440800 ConcurrentGCThread "G1 Refine#0" [stack: 0x0000004cc6900000,0x0000004cc6a00000] [id=25464]
  0x0000024045b97000 ConcurrentGCThread "G1 Refine#1" [stack: 0x0000004cc7b00000,0x0000004cc7c00000] [id=11204]
  0x0000024040441800 ConcurrentGCThread "G1 Young RemSet Sampling" [stack: 0x0000004cc6a00000,0x0000004cc6b00000] [id=10000]

Threads with active compile tasks:
C2 CompilerThread0   2810 3333       4       org.jetbrains.kotlin.parsing.AbstractKotlinParsing::at (114 bytes)
C2 CompilerThread1   2810 2847       4       java.lang.ClassLoader::loadClass (7 bytes)
C2 CompilerThread2   2810 2959       4       jdk.internal.loader.ClassLoaders$AppClassLoader::loadClass (40 bytes)

VM state:at safepoint (normal execution)

VM Mutex/Monitor currently owned by a thread:  ([mutex/lock_event])
[0x0000024025bf6150] Threads_lock - owner thread: 0x00000240405f5000
[0x0000024025bf53d0] Heap_lock - owner thread: 0x0000024025bf9000

Heap address: 0x0000000081c00000, size: 2020 MB, Compressed Oops mode: 32-bit
Narrow klass base: 0x0000000000000000, Narrow klass shift: 3
Compressed class space size: 1073741824 Address: 0x0000000100000000

Heap:
 garbage-first heap   total 157696K, used 25142K [0x0000000081c00000, 0x0000000100000000)
  region size 1024K, 5 young (5120K), 5 survivors (5120K)
 Metaspace       used 45302K, capacity 45917K, committed 45980K, reserved 1089536K
  class space    used 5385K, capacity 5615K, committed 5632K, reserved 1048576K
Heap Regions: E=young(eden), S=young(survivor), O=old, HS=humongous(starts), HC=humongous(continues), CS=collection set, F=free, A=archive, TAMS=top-at-mark-start (previous, next)
|   0|0x0000000081c00000, 0x0000000081d00000, 0x0000000081d00000|100%|HS|  |TAMS 0x0000000081d00000, 0x0000000081c00000| Complete 
|   1|0x0000000081d00000, 0x0000000081e00000, 0x0000000081e00000|100%|HC|  |TAMS 0x0000000081e00000, 0x0000000081d00000| Complete 
|   2|0x0000000081e00000, 0x0000000081f00000, 0x0000000081f00000|100%|HC|  |TAMS 0x0000000081f00000, 0x0000000081e00000| Complete 
|   3|0x0000000081f00000, 0x0000000082000000, 0x0000000082000000|100%|HS|  |TAMS 0x0000000082000000, 0x0000000081f00000| Complete 
|   4|0x0000000082000000, 0x0000000082100000, 0x0000000082100000|100%|HC|  |TAMS 0x0000000082100000, 0x0000000082000000| Complete 
|   5|0x0000000082100000, 0x0000000082200000, 0x0000000082200000|100%|HC|  |TAMS 0x0000000082200000, 0x0000000082100000| Complete 
|   6|0x0000000082200000, 0x0000000082300000, 0x0000000082300000|100%|HS|  |TAMS 0x0000000082300000, 0x0000000082200000| Complete 
|   7|0x0000000082300000, 0x0000000082400000, 0x0000000082400000|100%|HC|  |TAMS 0x0000000082400000, 0x0000000082300000| Complete 
|   8|0x0000000082400000, 0x0000000082500000, 0x0000000082500000|100%| O|  |TAMS 0x0000000082500000, 0x0000000082400000| Untracked 
|   9|0x0000000082500000, 0x0000000082600000, 0x0000000082600000|100%| O|  |TAMS 0x0000000082600000, 0x0000000082500000| Untracked 
|  10|0x0000000082600000, 0x0000000082700000, 0x0000000082700000|100%| O|  |TAMS 0x0000000082700000, 0x0000000082600000| Untracked 
|  11|0x0000000082700000, 0x0000000082800000, 0x0000000082800000|100%| O|  |TAMS 0x0000000082800000, 0x0000000082700000| Untracked 
|  12|0x0000000082800000, 0x0000000082900000, 0x0000000082900000|100%| O|  |TAMS 0x0000000082900000, 0x0000000082800000| Untracked 
|  13|0x0000000082900000, 0x0000000082a00000, 0x0000000082a00000|100%| O|  |TAMS 0x0000000082a00000, 0x0000000082900000| Untracked 
|  14|0x0000000082a00000, 0x0000000082b00000, 0x0000000082b00000|100%| O|  |TAMS 0x0000000082b00000, 0x0000000082a00000| Untracked 
|  15|0x0000000082b00000, 0x0000000082c00000, 0x0000000082c00000|100%| O|  |TAMS 0x0000000082c00000, 0x0000000082b00000| Untracked 
|  16|0x0000000082c00000, 0x0000000082d00000, 0x0000000082d00000|100%| O|  |TAMS 0x0000000082d00000, 0x0000000082c00000| Untracked 
|  17|0x0000000082d00000, 0x0000000082e00000, 0x0000000082e00000|100%| O|  |TAMS 0x0000000082e00000, 0x0000000082d00000| Untracked 
|  18|0x0000000082e00000, 0x0000000082f00000, 0x0000000082f00000|100%| O|  |TAMS 0x0000000082f00000, 0x0000000082e00000| Untracked 
|  19|0x0000000082f00000, 0x0000000082ff1000, 0x0000000083000000| 94%| O|  |TAMS 0x0000000082ff1000, 0x0000000082f00000| Untracked 
|  20|0x0000000083000000, 0x0000000083000000, 0x0000000083100000|  0%| F|  |TAMS 0x0000000083000000, 0x0000000083000000| Untracked 
|  21|0x0000000083100000, 0x0000000083100000, 0x0000000083200000|  0%| F|  |TAMS 0x0000000083100000, 0x0000000083100000| Untracked 
|  22|0x0000000083200000, 0x0000000083200000, 0x0000000083300000|  0%| F|  |TAMS 0x0000000083200000, 0x0000000083200000| Untracked 
|  23|0x0000000083300000, 0x0000000083300000, 0x0000000083400000|  0%| F|  |TAMS 0x0000000083300000, 0x0000000083300000| Untracked 
|  24|0x0000000083400000, 0x0000000083400000, 0x0000000083500000|  0%| F|  |TAMS 0x0000000083400000, 0x0000000083400000| Untracked 
|  25|0x0000000083500000, 0x0000000083500000, 0x0000000083600000|  0%| F|  |TAMS 0x0000000083500000, 0x0000000083500000| Untracked 
|  26|0x0000000083600000, 0x0000000083600000, 0x0000000083700000|  0%| F|  |TAMS 0x0000000083600000, 0x0000000083600000| Untracked 
|  27|0x0000000083700000, 0x0000000083700000, 0x0000000083800000|  0%| F|  |TAMS 0x0000000083700000, 0x0000000083700000| Untracked 
|  28|0x0000000083800000, 0x0000000083800000, 0x0000000083900000|  0%| F|  |TAMS 0x0000000083800000, 0x0000000083800000| Untracked 
|  29|0x0000000083900000, 0x0000000083900000, 0x0000000083a00000|  0%| F|  |TAMS 0x0000000083900000, 0x0000000083900000| Untracked 
|  30|0x0000000083a00000, 0x0000000083a00000, 0x0000000083b00000|  0%| F|  |TAMS 0x0000000083a00000, 0x0000000083a00000| Untracked 
|  31|0x0000000083b00000, 0x0000000083b00000, 0x0000000083c00000|  0%| F|  |TAMS 0x0000000083b00000, 0x0000000083b00000| Untracked 
|  32|0x0000000083c00000, 0x0000000083c00000, 0x0000000083d00000|  0%| F|  |TAMS 0x0000000083c00000, 0x0000000083c00000| Untracked 
|  33|0x0000000083d00000, 0x0000000083d00000, 0x0000000083e00000|  0%| F|  |TAMS 0x0000000083d00000, 0x0000000083d00000| Untracked 
|  34|0x0000000083e00000, 0x0000000083e00000, 0x0000000083f00000|  0%| F|  |TAMS 0x0000000083e00000, 0x0000000083e00000| Untracked 
|  35|0x0000000083f00000, 0x0000000083f00000, 0x0000000084000000|  0%| F|  |TAMS 0x0000000083f00000, 0x0000000083f00000| Untracked 
|  36|0x0000000084000000, 0x0000000084000000, 0x0000000084100000|  0%| F|  |TAMS 0x0000000084000000, 0x0000000084000000| Untracked 
|  37|0x0000000084100000, 0x0000000084100000, 0x0000000084200000|  0%| F|  |TAMS 0x0000000084100000, 0x0000000084100000| Untracked 
|  38|0x0000000084200000, 0x0000000084200000, 0x0000000084300000|  0%| F|  |TAMS 0x0000000084200000, 0x0000000084200000| Untracked 
|  39|0x0000000084300000, 0x0000000084300000, 0x0000000084400000|  0%| F|  |TAMS 0x0000000084300000, 0x0000000084300000| Untracked 
|  40|0x0000000084400000, 0x0000000084400000, 0x0000000084500000|  0%| F|  |TAMS 0x0000000084400000, 0x0000000084400000| Untracked 
|  41|0x0000000084500000, 0x0000000084500000, 0x0000000084600000|  0%| F|  |TAMS 0x0000000084500000, 0x0000000084500000| Untracked 
|  42|0x0000000084600000, 0x0000000084600000, 0x0000000084700000|  0%| F|  |TAMS 0x0000000084600000, 0x0000000084600000| Untracked 
|  43|0x0000000084700000, 0x0000000084700000, 0x0000000084800000|  0%| F|  |TAMS 0x0000000084700000, 0x0000000084700000| Untracked 
|  44|0x0000000084800000, 0x0000000084800000, 0x0000000084900000|  0%| F|  |TAMS 0x0000000084800000, 0x0000000084800000| Untracked 
|  45|0x0000000084900000, 0x0000000084900000, 0x0000000084a00000|  0%| F|  |TAMS 0x0000000084900000, 0x0000000084900000| Untracked 
|  46|0x0000000084a00000, 0x0000000084a00000, 0x0000000084b00000|  0%| F|  |TAMS 0x0000000084a00000, 0x0000000084a00000| Untracked 
|  47|0x0000000084b00000, 0x0000000084b00000, 0x0000000084c00000|  0%| F|  |TAMS 0x0000000084b00000, 0x0000000084b00000| Untracked 
|  48|0x0000000084c00000, 0x0000000084c00000, 0x0000000084d00000|  0%| F|  |TAMS 0x0000000084c00000, 0x0000000084c00000| Untracked 
|  49|0x0000000084d00000, 0x0000000084d00000, 0x0000000084e00000|  0%| F|  |TAMS 0x0000000084d00000, 0x0000000084d00000| Untracked 
|  50|0x0000000084e00000, 0x0000000084e00000, 0x0000000084f00000|  0%| F|  |TAMS 0x0000000084e00000, 0x0000000084e00000| Untracked 
|  51|0x0000000084f00000, 0x0000000084f00000, 0x0000000085000000|  0%| F|  |TAMS 0x0000000084f00000, 0x0000000084f00000| Untracked 
|  52|0x0000000085000000, 0x0000000085000000, 0x0000000085100000|  0%| F|  |TAMS 0x0000000085000000, 0x0000000085000000| Untracked 
|  53|0x0000000085100000, 0x0000000085100000, 0x0000000085200000|  0%| F|  |TAMS 0x0000000085100000, 0x0000000085100000| Untracked 
|  54|0x0000000085200000, 0x0000000085200000, 0x0000000085300000|  0%| F|  |TAMS 0x0000000085200000, 0x0000000085200000| Untracked 
|  55|0x0000000085300000, 0x0000000085300000, 0x0000000085400000|  0%| F|  |TAMS 0x0000000085300000, 0x0000000085300000| Untracked 
|  56|0x0000000085400000, 0x0000000085400000, 0x0000000085500000|  0%| F|  |TAMS 0x0000000085400000, 0x0000000085400000| Untracked 
|  57|0x0000000085500000, 0x0000000085500000, 0x0000000085600000|  0%| F|  |TAMS 0x0000000085500000, 0x0000000085500000| Untracked 
|  58|0x0000000085600000, 0x0000000085600000, 0x0000000085700000|  0%| F|  |TAMS 0x0000000085600000, 0x0000000085600000| Untracked 
|  59|0x0000000085700000, 0x0000000085700000, 0x0000000085800000|  0%| F|  |TAMS 0x0000000085700000, 0x0000000085700000| Untracked 
|  60|0x0000000085800000, 0x0000000085800000, 0x0000000085900000|  0%| F|  |TAMS 0x0000000085800000, 0x0000000085800000| Untracked 
|  61|0x0000000085900000, 0x0000000085900000, 0x0000000085a00000|  0%| F|  |TAMS 0x0000000085900000, 0x0000000085900000| Untracked 
|  62|0x0000000085a00000, 0x0000000085a00000, 0x0000000085b00000|  0%| F|  |TAMS 0x0000000085a00000, 0x0000000085a00000| Untracked 
|  63|0x0000000085b00000, 0x0000000085b00000, 0x0000000085c00000|  0%| F|  |TAMS 0x0000000085b00000, 0x0000000085b00000| Untracked 
|  64|0x0000000085c00000, 0x0000000085c00000, 0x0000000085d00000|  0%| F|  |TAMS 0x0000000085c00000, 0x0000000085c00000| Untracked 
|  65|0x0000000085d00000, 0x0000000085d00000, 0x0000000085e00000|  0%| F|  |TAMS 0x0000000085d00000, 0x0000000085d00000| Untracked 
|  66|0x0000000085e00000, 0x0000000085e00000, 0x0000000085f00000|  0%| F|  |TAMS 0x0000000085e00000, 0x0000000085e00000| Untracked 
|  67|0x0000000085f00000, 0x0000000085f00000, 0x0000000086000000|  0%| F|  |TAMS 0x0000000085f00000, 0x0000000085f00000| Untracked 
|  68|0x0000000086000000, 0x0000000086000000, 0x0000000086100000|  0%| F|  |TAMS 0x0000000086000000, 0x0000000086000000| Untracked 
|  69|0x0000000086100000, 0x0000000086100000, 0x0000000086200000|  0%| F|  |TAMS 0x0000000086100000, 0x0000000086100000| Untracked 
|  70|0x0000000086200000, 0x0000000086200000, 0x0000000086300000|  0%| F|  |TAMS 0x0000000086200000, 0x0000000086200000| Untracked 
|  71|0x0000000086300000, 0x0000000086300000, 0x0000000086400000|  0%| F|  |TAMS 0x0000000086300000, 0x0000000086300000| Untracked 
|  72|0x0000000086400000, 0x0000000086400000, 0x0000000086500000|  0%| F|  |TAMS 0x0000000086400000, 0x0000000086400000| Untracked 
|  73|0x0000000086500000, 0x0000000086500000, 0x0000000086600000|  0%| F|  |TAMS 0x0000000086500000, 0x0000000086500000| Untracked 
|  74|0x0000000086600000, 0x0000000086600000, 0x0000000086700000|  0%| F|  |TAMS 0x0000000086600000, 0x0000000086600000| Untracked 
|  75|0x0000000086700000, 0x0000000086700000, 0x0000000086800000|  0%| F|  |TAMS 0x0000000086700000, 0x0000000086700000| Untracked 
|  76|0x0000000086800000, 0x0000000086800000, 0x0000000086900000|  0%| F|  |TAMS 0x0000000086800000, 0x0000000086800000| Untracked 
|  77|0x0000000086900000, 0x000000008699ca00, 0x0000000086a00000| 61%| S|CS|TAMS 0x0000000086900000, 0x0000000086900000| Complete 
|  78|0x0000000086a00000, 0x0000000086b00000, 0x0000000086b00000|100%| S|CS|TAMS 0x0000000086a00000, 0x0000000086a00000| Complete 
|  79|0x0000000086b00000, 0x0000000086c00000, 0x0000000086c00000|100%| S|CS|TAMS 0x0000000086b00000, 0x0000000086b00000| Complete 
|  80|0x0000000086c00000, 0x0000000086d00000, 0x0000000086d00000|100%| S|CS|TAMS 0x0000000086c00000, 0x0000000086c00000| Complete 
|  81|0x0000000086d00000, 0x0000000086e00000, 0x0000000086e00000|100%| S|CS|TAMS 0x0000000086d00000, 0x0000000086d00000| Complete 
|  82|0x0000000086e00000, 0x0000000086e00000, 0x0000000086f00000|  0%| F|  |TAMS 0x0000000086e00000, 0x0000000086e00000| Untracked 
|  83|0x0000000086f00000, 0x0000000086f00000, 0x0000000087000000|  0%| F|  |TAMS 0x0000000086f00000, 0x0000000086f00000| Untracked 
|  84|0x0000000087000000, 0x0000000087000000, 0x0000000087100000|  0%| F|  |TAMS 0x0000000087000000, 0x0000000087000000| Untracked 
|  85|0x0000000087100000, 0x0000000087100000, 0x0000000087200000|  0%| F|  |TAMS 0x0000000087100000, 0x0000000087100000| Untracked 
|  86|0x0000000087200000, 0x0000000087200000, 0x0000000087300000|  0%| F|  |TAMS 0x0000000087200000, 0x0000000087200000| Untracked 
|  87|0x0000000087300000, 0x0000000087300000, 0x0000000087400000|  0%| F|  |TAMS 0x0000000087300000, 0x0000000087300000| Untracked 
|  88|0x0000000087400000, 0x0000000087400000, 0x0000000087500000|  0%| F|  |TAMS 0x0000000087400000, 0x0000000087400000| Untracked 
|  89|0x0000000087500000, 0x0000000087500000, 0x0000000087600000|  0%| F|  |TAMS 0x0000000087500000, 0x0000000087500000| Untracked 
|  90|0x0000000087600000, 0x0000000087600000, 0x0000000087700000|  0%| F|  |TAMS 0x0000000087600000, 0x0000000087600000| Untracked 
|  91|0x0000000087700000, 0x0000000087700000, 0x0000000087800000|  0%| F|  |TAMS 0x0000000087700000, 0x0000000087700000| Untracked 
|  92|0x0000000087800000, 0x0000000087800000, 0x0000000087900000|  0%| F|  |TAMS 0x0000000087800000, 0x0000000087800000| Untracked 
|  93|0x0000000087900000, 0x0000000087900000, 0x0000000087a00000|  0%| F|  |TAMS 0x0000000087900000, 0x0000000087900000| Untracked 
|  94|0x0000000087a00000, 0x0000000087a00000, 0x0000000087b00000|  0%| F|  |TAMS 0x0000000087a00000, 0x0000000087a00000| Untracked 
|  95|0x0000000087b00000, 0x0000000087b00000, 0x0000000087c00000|  0%| F|  |TAMS 0x0000000087b00000, 0x0000000087b00000| Untracked 
|  96|0x0000000087c00000, 0x0000000087c00000, 0x0000000087d00000|  0%| F|  |TAMS 0x0000000087c00000, 0x0000000087c00000| Untracked 
|  97|0x0000000087d00000, 0x0000000087d00000, 0x0000000087e00000|  0%| F|  |TAMS 0x0000000087d00000, 0x0000000087d00000| Untracked 
|  98|0x0000000087e00000, 0x0000000087e00000, 0x0000000087f00000|  0%| F|  |TAMS 0x0000000087e00000, 0x0000000087e00000| Untracked 
|  99|0x0000000087f00000, 0x0000000087f00000, 0x0000000088000000|  0%| F|  |TAMS 0x0000000087f00000, 0x0000000087f00000| Untracked 
| 100|0x0000000088000000, 0x0000000088000000, 0x0000000088100000|  0%| F|  |TAMS 0x0000000088000000, 0x0000000088000000| Untracked 
| 101|0x0000000088100000, 0x0000000088100000, 0x0000000088200000|  0%| F|  |TAMS 0x0000000088100000, 0x0000000088100000| Untracked 
| 102|0x0000000088200000, 0x0000000088200000, 0x0000000088300000|  0%| F|  |TAMS 0x0000000088200000, 0x0000000088200000| Untracked 
| 103|0x0000000088300000, 0x0000000088300000, 0x0000000088400000|  0%| F|  |TAMS 0x0000000088300000, 0x0000000088300000| Untracked 
| 104|0x0000000088400000, 0x0000000088400000, 0x0000000088500000|  0%| F|  |TAMS 0x0000000088400000, 0x0000000088400000| Untracked 
| 105|0x0000000088500000, 0x0000000088500000, 0x0000000088600000|  0%| F|  |TAMS 0x0000000088500000, 0x0000000088500000| Untracked 
| 106|0x0000000088600000, 0x0000000088600000, 0x0000000088700000|  0%| F|  |TAMS 0x0000000088600000, 0x0000000088600000| Untracked 
| 107|0x0000000088700000, 0x0000000088700000, 0x0000000088800000|  0%| F|  |TAMS 0x0000000088700000, 0x0000000088700000| Untracked 
| 108|0x0000000088800000, 0x0000000088800000, 0x0000000088900000|  0%| F|  |TAMS 0x0000000088800000, 0x0000000088800000| Untracked 
| 109|0x0000000088900000, 0x0000000088900000, 0x0000000088a00000|  0%| F|  |TAMS 0x0000000088900000, 0x0000000088900000| Untracked 
| 110|0x0000000088a00000, 0x0000000088a00000, 0x0000000088b00000|  0%| F|  |TAMS 0x0000000088a00000, 0x0000000088a00000| Untracked 
| 111|0x0000000088b00000, 0x0000000088b00000, 0x0000000088c00000|  0%| F|  |TAMS 0x0000000088b00000, 0x0000000088b00000| Untracked 
| 112|0x0000000088c00000, 0x0000000088c00000, 0x0000000088d00000|  0%| F|  |TAMS 0x0000000088c00000, 0x0000000088c00000| Untracked 
| 113|0x0000000088d00000, 0x0000000088d00000, 0x0000000088e00000|  0%| F|  |TAMS 0x0000000088d00000, 0x0000000088d00000| Untracked 
| 114|0x0000000088e00000, 0x0000000088e00000, 0x0000000088f00000|  0%| F|  |TAMS 0x0000000088e00000, 0x0000000088e00000| Untracked 
| 115|0x0000000088f00000, 0x0000000088f00000, 0x0000000089000000|  0%| F|  |TAMS 0x0000000088f00000, 0x0000000088f00000| Untracked 
| 116|0x0000000089000000, 0x0000000089000000, 0x0000000089100000|  0%| F|  |TAMS 0x0000000089000000, 0x0000000089000000| Untracked 
| 117|0x0000000089100000, 0x0000000089100000, 0x0000000089200000|  0%| F|  |TAMS 0x0000000089100000, 0x0000000089100000| Untracked 
| 118|0x0000000089200000, 0x0000000089200000, 0x0000000089300000|  0%| F|  |TAMS 0x0000000089200000, 0x0000000089200000| Untracked 
| 119|0x0000000089300000, 0x0000000089300000, 0x0000000089400000|  0%| F|  |TAMS 0x0000000089300000, 0x0000000089300000| Untracked 
| 120|0x0000000089400000, 0x0000000089400000, 0x0000000089500000|  0%| F|  |TAMS 0x0000000089400000, 0x0000000089400000| Untracked 
| 121|0x0000000089500000, 0x0000000089500000, 0x0000000089600000|  0%| F|  |TAMS 0x0000000089500000, 0x0000000089500000| Untracked 
| 122|0x0000000089600000, 0x0000000089600000, 0x0000000089700000|  0%| F|  |TAMS 0x0000000089600000, 0x0000000089600000| Untracked 
| 123|0x0000000089700000, 0x0000000089700000, 0x0000000089800000|  0%| F|  |TAMS 0x0000000089700000, 0x0000000089700000| Untracked 
| 124|0x0000000089800000, 0x0000000089800000, 0x0000000089900000|  0%| F|  |TAMS 0x0000000089800000, 0x0000000089800000| Untracked 
| 125|0x0000000089900000, 0x0000000089900000, 0x0000000089a00000|  0%| F|  |TAMS 0x0000000089900000, 0x0000000089900000| Untracked 
| 126|0x0000000089a00000, 0x0000000089a00000, 0x0000000089b00000|  0%| F|  |TAMS 0x0000000089a00000, 0x0000000089a00000| Untracked 
| 127|0x0000000089b00000, 0x0000000089b00000, 0x0000000089c00000|  0%| F|  |TAMS 0x0000000089b00000, 0x0000000089b00000| Untracked 

Card table byte_map: [0x0000024039400000,0x0000024039800000] _byte_map_base: 0x0000024038ff2000

Marking Bits (Prev, Next): (CMBitMap*) 0x0000024025c38788, (CMBitMap*) 0x0000024025c387c0
 Prev Bits: [0x0000024039c00000, 0x000002403bb90000)
 Next Bits: [0x000002403bb90000, 0x000002403db20000)

Polling page: 0x0000024024410000

Metaspace:

Usage:
  Non-class:     39.36 MB capacity,    38.98 MB (>99%) used,   314.82 KB ( <1%) free+waste,    70.38 KB ( <1%) overhead. 
      Class:      5.48 MB capacity,     5.26 MB ( 96%) used,   197.97 KB (  4%) free+waste,    31.50 KB ( <1%) overhead. 
       Both:     44.84 MB capacity,    44.24 MB ( 99%) used,   512.79 KB (  1%) free+waste,   101.88 KB ( <1%) overhead. 

Virtual space:
  Non-class space:       40.00 MB reserved,      39.40 MB ( 99%) committed 
      Class space:        1.00 GB reserved,       5.50 MB ( <1%) committed 
             Both:        1.04 GB reserved,      44.90 MB (  4%) committed 

Chunk freelists:
   Non-Class:  46.00 KB
       Class:  17.00 KB
        Both:  63.00 KB

MaxMetaspaceSize: 17179869184.00 GB
CompressedClassSpaceSize: 1.00 GB

CodeHeap 'non-profiled nmethods': size=120000Kb used=1283Kb max_used=1283Kb free=118716Kb
 bounds [0x0000024031050000, 0x00000240312c0000, 0x0000024038580000]
CodeHeap 'profiled nmethods': size=120000Kb used=6730Kb max_used=6730Kb free=113269Kb
 bounds [0x0000024029b20000, 0x000002402a1c0000, 0x0000024031050000]
CodeHeap 'non-nmethods': size=5760Kb used=1187Kb max_used=1229Kb free=4572Kb
 bounds [0x0000024029580000, 0x00000240297f0000, 0x0000024029b20000]
 total_blobs=3918 nmethods=3375 adapters=454
 compilation: enabled
              stopped_count=0, restarted_count=0
 full_count=0

Compilation events (20 events):
Event: 2.754 Thread 0x0000024040622000 3387       2       java.util.AbstractList::rangeCheckForAdd (26 bytes)
Event: 2.754 Thread 0x0000024040622000 nmethod 3387 0x000002402a1af690 code [0x000002402a1af8c0, 0x000002402a1afc28]
Event: 2.754 Thread 0x0000024040622000 3388       2       java.util.AbstractList$ListItr::<init> (16 bytes)
Event: 2.754 Thread 0x0000024040622000 nmethod 3388 0x000002402a1afe90 code [0x000002402a1b0040, 0x000002402a1b0218]
Event: 2.769 Thread 0x0000024040622000 3390       2       jdk.internal.org.objectweb.asm.ClassWriter::newFieldItem (77 bytes)
Event: 2.770 Thread 0x0000024040622000 nmethod 3390 0x000002402a1b0310 code [0x000002402a1b0520, 0x000002402a1b0838]
Event: 2.773 Thread 0x0000024040622000 3391       2       java.util.concurrent.atomic.AtomicInteger::incrementAndGet (14 bytes)
Event: 2.773 Thread 0x0000024040622000 nmethod 3391 0x000002402a1b0b10 code [0x000002402a1b0cc0, 0x000002402a1b0dd8]
Event: 2.777 Thread 0x0000024040622000 3395       2       org.jetbrains.kotlin.com.intellij.psi.tree.IElementType::find (46 bytes)
Event: 2.777 Thread 0x0000024040622000 nmethod 3395 0x000002402a1b0e90 code [0x000002402a1b10a0, 0x000002402a1b1518]
Event: 2.780 Thread 0x0000024040622000 3396       1       org.jetbrains.kotlin.name.Name::isSpecial (5 bytes)
Event: 2.781 Thread 0x0000024040622000 nmethod 3396 0x0000024031190c10 code [0x0000024031190dc0, 0x0000024031190e78]
Event: 2.781 Thread 0x0000024040622000 3397       2       org.jetbrains.kotlin.psi.KtNamedDeclarationStub::getNameAsName (18 bytes)
Event: 2.781 Thread 0x0000024040622000 nmethod 3397 0x000002402a1b1790 code [0x000002402a1b1960, 0x000002402a1b1bc8]
Event: 2.781 Thread 0x0000024040622000 3398       2       java.lang.invoke.ConstantCallSite::getTarget (20 bytes)
Event: 2.781 Thread 0x0000024040622000 nmethod 3398 0x000002402a1b1d10 code [0x000002402a1b1ec0, 0x000002402a1b2088]
Event: 2.781 Thread 0x0000024040622000 3399       2       org.jetbrains.kotlin.com.intellij.openapi.util.RecursionManager::markStack (22 bytes)
Event: 2.782 Thread 0x0000024040622000 nmethod 3399 0x000002402a1b2190 code [0x000002402a1b2340, 0x000002402a1b24c8]
Event: 2.782 Thread 0x0000024040622000 3400       2       org.jetbrains.kotlin.com.intellij.openapi.util.RecursionManager$2::<init> (10 bytes)
Event: 2.782 Thread 0x0000024040622000 nmethod 3400 0x000002402a1b2610 code [0x000002402a1b27c0, 0x000002402a1b28b8]

GC Heap History (9 events):
Event: 0.519 GC heap before
{Heap before GC invocations=0 (full 0):
 garbage-first heap   total 131072K, used 27648K [0x0000000081c00000, 0x0000000100000000)
  region size 1024K, 24 young (24576K), 0 survivors (0K)
 Metaspace       used 12338K, capacity 12501K, committed 12800K, reserved 1060864K
  class space    used 1163K, capacity 1206K, committed 1280K, reserved 1048576K
}
Event: 0.523 GC heap after
{Heap after GC invocations=1 (full 0):
 garbage-first heap   total 131072K, used 5721K [0x0000000081c00000, 0x0000000100000000)
  region size 1024K, 3 young (3072K), 3 survivors (3072K)
 Metaspace       used 12338K, capacity 12501K, committed 12800K, reserved 1060864K
  class space    used 1163K, capacity 1206K, committed 1280K, reserved 1048576K
}
Event: 1.087 GC heap before
{Heap before GC invocations=1 (full 0):
 garbage-first heap   total 131072K, used 41561K [0x0000000081c00000, 0x0000000100000000)
  region size 1024K, 39 young (39936K), 3 survivors (3072K)
 Metaspace       used 20960K, capacity 21222K, committed 21248K, reserved 1069056K
  class space    used 2224K, capacity 2293K, committed 2304K, reserved 1048576K
}
Event: 1.097 GC heap after
{Heap after GC invocations=2 (full 0):
 garbage-first heap   total 131072K, used 9099K [0x0000000081c00000, 0x0000000100000000)
  region size 1024K, 6 young (6144K), 6 survivors (6144K)
 Metaspace       used 20960K, capacity 21222K, committed 21248K, reserved 1069056K
  class space    used 2224K, capacity 2293K, committed 2304K, reserved 1048576K
}
Event: 1.941 GC heap before
{Heap before GC invocations=3 (full 0):
 garbage-first heap   total 131072K, used 63371K [0x0000000081c00000, 0x0000000100000000)
  region size 1024K, 54 young (55296K), 6 survivors (6144K)
 Metaspace       used 33110K, capacity 33637K, committed 33916K, reserved 1079296K
  class space    used 4152K, capacity 4360K, committed 4480K, reserved 1048576K
}
Event: 1.959 GC heap after
{Heap after GC invocations=4 (full 0):
 garbage-first heap   total 131072K, used 20096K [0x0000000081c00000, 0x0000000100000000)
  region size 1024K, 7 young (7168K), 7 survivors (7168K)
 Metaspace       used 33110K, capacity 33637K, committed 33916K, reserved 1079296K
  class space    used 4152K, capacity 4360K, committed 4480K, reserved 1048576K
}
Event: 2.133 GC heap before
{Heap before GC invocations=4 (full 0):
 garbage-first heap   total 131072K, used 30336K [0x0000000081c00000, 0x0000000100000000)
  region size 1024K, 18 young (18432K), 7 survivors (7168K)
 Metaspace       used 35433K, capacity 35920K, committed 36048K, reserved 1081344K
  class space    used 4402K, capacity 4588K, committed 4608K, reserved 1048576K
}
Event: 2.143 GC heap after
{Heap after GC invocations=5 (full 0):
 garbage-first heap   total 131072K, used 21866K [0x0000000081c00000, 0x0000000100000000)
  region size 1024K, 2 young (2048K), 2 survivors (2048K)
 Metaspace       used 35433K, capacity 35920K, committed 36048K, reserved 1081344K
  class space    used 4402K, capacity 4588K, committed 4608K, reserved 1048576K
}
Event: 2.782 GC heap before
{Heap before GC invocations=6 (full 0):
 garbage-first heap   total 131072K, used 66922K [0x0000000081c00000, 0x0000000100000000)
  region size 1024K, 46 young (47104K), 2 survivors (2048K)
 Metaspace       used 45302K, capacity 45917K, committed 45980K, reserved 1089536K
  class space    used 5385K, capacity 5615K, committed 5632K, reserved 1048576K
}

Deoptimization events (20 events):
Event: 2.737 Thread 0x0000024025bf9000 Uncommon trap: trap_request=0xffffff4d fr.pc=0x0000024031180674 relative=0x00000000000004b4
Event: 2.737 Thread 0x0000024025bf9000 Uncommon trap: reason=unstable_if action=reinterpret pc=0x0000024031180674 method=org.jetbrains.kotlin.com.intellij.lang.impl.PsiBuilderImpl.skipWhitespace()V @ 51 c2
Event: 2.737 Thread 0x0000024025bf9000 DEOPT PACKING pc=0x0000024031180674 sp=0x0000004cc65fc290
Event: 2.737 Thread 0x0000024025bf9000 DEOPT UNPACKING pc=0x00000240295a74af sp=0x0000004cc65fc1f8 mode 2
Event: 2.744 Thread 0x0000024025bf9000 Uncommon trap: trap_request=0xffffffde fr.pc=0x000002403117424c relative=0x000000000000016c
Event: 2.744 Thread 0x0000024025bf9000 Uncommon trap: reason=class_check action=maybe_recompile pc=0x000002403117424c method=org.jetbrains.kotlin.com.intellij.lexer.FlexAdapter.locateToken()V @ 29 c2
Event: 2.744 Thread 0x0000024025bf9000 DEOPT PACKING pc=0x000002403117424c sp=0x0000004cc65fbfa0
Event: 2.744 Thread 0x0000024025bf9000 DEOPT UNPACKING pc=0x00000240295a74af sp=0x0000004cc65fbf48 mode 2
Event: 2.744 Thread 0x0000024025bf9000 Uncommon trap: trap_request=0xffffffde fr.pc=0x000002403117424c relative=0x000000000000016c
Event: 2.744 Thread 0x0000024025bf9000 Uncommon trap: reason=class_check action=maybe_recompile pc=0x000002403117424c method=org.jetbrains.kotlin.com.intellij.lexer.FlexAdapter.locateToken()V @ 29 c2
Event: 2.744 Thread 0x0000024025bf9000 DEOPT PACKING pc=0x000002403117424c sp=0x0000004cc65fbfa0
Event: 2.744 Thread 0x0000024025bf9000 DEOPT UNPACKING pc=0x00000240295a74af sp=0x0000004cc65fbf48 mode 2
Event: 2.744 Thread 0x0000024025bf9000 Uncommon trap: trap_request=0xffffffde fr.pc=0x000002403117424c relative=0x000000000000016c
Event: 2.744 Thread 0x0000024025bf9000 Uncommon trap: reason=class_check action=maybe_recompile pc=0x000002403117424c method=org.jetbrains.kotlin.com.intellij.lexer.FlexAdapter.locateToken()V @ 29 c2
Event: 2.744 Thread 0x0000024025bf9000 DEOPT PACKING pc=0x000002403117424c sp=0x0000004cc65fbfa0
Event: 2.744 Thread 0x0000024025bf9000 DEOPT UNPACKING pc=0x00000240295a74af sp=0x0000004cc65fbf48 mode 2
Event: 2.744 Thread 0x0000024025bf9000 Uncommon trap: trap_request=0xffffffde fr.pc=0x000002403117424c relative=0x000000000000016c
Event: 2.744 Thread 0x0000024025bf9000 Uncommon trap: reason=class_check action=maybe_recompile pc=0x000002403117424c method=org.jetbrains.kotlin.com.intellij.lexer.FlexAdapter.locateToken()V @ 29 c2
Event: 2.744 Thread 0x0000024025bf9000 DEOPT PACKING pc=0x000002403117424c sp=0x0000004cc65fbfa0
Event: 2.744 Thread 0x0000024025bf9000 DEOPT UNPACKING pc=0x00000240295a74af sp=0x0000004cc65fbf48 mode 2

Classes redefined (0 events):
No events

Internal exceptions (20 events):
Event: 1.057 Thread 0x0000024025bf9000 Exception <a 'java/lang/NoSuchMethodError'{0x00000000878c8bb0}: 'java.lang.Object java.lang.invoke.DirectMethodHandle$Holder.invokeStaticInit(java.lang.Object, int)'> (0x00000000878c8bb0) thrown at [./src/hotspot/share/interpreter/linkResolver.cpp, line 773]
Event: 1.078 Thread 0x0000024025bf9000 Exception <a 'java/lang/NoSuchMethodError'{0x0000000087689c10}: 'long java.lang.invoke.DirectMethodHandle$Holder.invokeStatic(java.lang.Object)'> (0x0000000087689c10) thrown at [./src/hotspot/share/interpreter/linkResolver.cpp, line 773]
Event: 1.078 Thread 0x0000024025bf9000 Exception <a 'java/lang/NoSuchMethodError'{0x000000008768ca68}: 'long java.lang.invoke.DirectMethodHandle$Holder.invokeStaticInit(java.lang.Object)'> (0x000000008768ca68) thrown at [./src/hotspot/share/interpreter/linkResolver.cpp, line 773]
Event: 1.136 Thread 0x0000024025bf9000 Exception <a 'java/lang/NoSuchMethodError'{0x00000000899f5458}: 'int java.lang.invoke.DirectMethodHandle$Holder.invokeStaticInit(java.lang.Object, java.lang.Object, java.lang.Object)'> (0x00000000899f5458) thrown at [./src/hotspot/share/interpreter/linkResolver.cpp, line 773]
Event: 1.139 Thread 0x0000024025bf9000 Exception <a 'java/lang/NoSuchMethodError'{0x0000000089821578}: 'int java.lang.invoke.DirectMethodHandle$Holder.invokeStaticInit(java.lang.Object, java.lang.Object)'> (0x0000000089821578) thrown at [./src/hotspot/share/interpreter/linkResolver.cpp, line 773]
Event: 1.183 Thread 0x0000024025bf9000 Exception <a 'java/lang/NoSuchMethodError'{0x0000000089634c78}: 'void java.lang.invoke.DirectMethodHandle$Holder.invokeSpecial(java.lang.Object, java.lang.Object)'> (0x0000000089634c78) thrown at [./src/hotspot/share/interpreter/linkResolver.cpp, line 773]
Event: 1.327 Thread 0x0000024025bf9000 Exception <a 'java/lang/NoSuchMethodError'{0x0000000088e5a8f0}: 'java.lang.Object java.lang.invoke.DirectMethodHandle$Holder.invokeStatic(java.lang.Object, java.lang.Object, java.lang.Object, java.lang.Object, java.lang.Object, java.lang.Object, java.lang.Object, java.lang.Object, java.lang.Object, java.lang.Object, java.lang.Object, java.lang.Object, java.lang.Object, java.lang.Object, java.lang.Object)'> (0x0000000088e5a8f0) thrown at [./src/hotspot/share/interpreter/linkResolver.cpp, line 773]
Event: 1.328 Thread 0x0000024025bf9000 Exception <a 'java/lang/NoSuchMethodError'{0x0000000088e68930}: 'java.lang.Object java.lang.invoke.DirectMethodHandle$Holder.invokeStatic(java.lang.Object, java.lang.Object, java.lang.Object, java.lang.Object, java.lang.Object, java.lang.Object, java.lang.Object, java.lang.Object, java.lang.Object, java.lang.Object, java.lang.Object, java.lang.Object, java.lang.Object, java.lang.Object, java.lang.Object, java.lang.Object)'> (0x0000000088e68930) thrown at [./src/hotspot/share/interpreter/linkResolver.cpp, l
Event: 1.329 Thread 0x0000024025bf9000 Exception <a 'java/lang/NoSuchMethodError'{0x0000000088e76848}: 'java.lang.Object java.lang.invoke.DirectMethodHandle$Holder.invokeSpecial(java.lang.Object, java.lang.Object, int, int, java.lang.Object, java.lang.Object, java.lang.Object)'> (0x0000000088e76848) thrown at [./src/hotspot/share/interpreter/linkResolver.cpp, line 773]
Event: 1.329 Thread 0x0000024025bf9000 Exception <a 'java/lang/NoSuchMethodError'{0x0000000088e7a080}: 'java.lang.Object java.lang.invoke.DelegatingMethodHandle$Holder.reinvoke_L(java.lang.Object, int, int, java.lang.Object, java.lang.Object, java.lang.Object)'> (0x0000000088e7a080) thrown at [./src/hotspot/share/interpreter/linkResolver.cpp, line 773]
Event: 1.330 Thread 0x0000024025bf9000 Exception <a 'java/lang/NoSuchMethodError'{0x0000000088e7e408}: 'java.lang.Object java.lang.invoke.DirectMethodHandle$Holder.invokeStatic(java.lang.Object, java.lang.Object, java.lang.Object, java.lang.Object, int)'> (0x0000000088e7e408) thrown at [./src/hotspot/share/interpreter/linkResolver.cpp, line 773]
Event: 1.363 Thread 0x0000024025bf9000 Exception <a 'java/lang/NoSuchMethodError'{0x0000000088da2478}: 'void java.lang.invoke.DirectMethodHandle$Holder.invokeStatic(java.lang.Object, java.lang.Object, java.lang.Object, java.lang.Object)'> (0x0000000088da2478) thrown at [./src/hotspot/share/interpreter/linkResolver.cpp, line 773]
Event: 1.417 Thread 0x0000024025bf9000 Exception <a 'java/lang/NoSuchMethodError'{0x0000000088985630}: 'void java.lang.invoke.DirectMethodHandle$Holder.invokeStaticInit(java.lang.Object, java.lang.Object)'> (0x0000000088985630) thrown at [./src/hotspot/share/interpreter/linkResolver.cpp, line 773]
Event: 1.512 Thread 0x0000024025bf9000 Exception <a 'java/lang/NoSuchMethodError'{0x000000008849e930}: 'void java.lang.invoke.DirectMethodHandle$Holder.invokeVirtual(java.lang.Object, java.lang.Object)'> (0x000000008849e930) thrown at [./src/hotspot/share/interpreter/linkResolver.cpp, line 773]
Event: 1.519 Thread 0x0000024025bf9000 Exception <a 'java/lang/NoSuchMethodError'{0x0000000088323f18}: 'int java.lang.invoke.DirectMethodHandle$Holder.invokeVirtual(java.lang.Object, java.lang.Object)'> (0x0000000088323f18) thrown at [./src/hotspot/share/interpreter/linkResolver.cpp, line 773]
Event: 2.088 Thread 0x0000024025bf9000 Exception <a 'java/lang/NoSuchMethodError'{0x000000008946cd30}: 'java.lang.Object java.lang.invoke.DirectMethodHandle$Holder.invokeVirtual(java.lang.Object, java.lang.Object, java.lang.Object)'> (0x000000008946cd30) thrown at [./src/hotspot/share/interpreter/linkResolver.cpp, line 773]
Event: 2.550 Thread 0x0000024025bf9000 Exception <a 'java/lang/NoSuchMethodError'{0x0000000087694678}: 'java.lang.Object java.lang.invoke.Invokers$Holder.linkToTargetMethod(java.lang.Object, int, java.lang.Object)'> (0x0000000087694678) thrown at [./src/hotspot/share/interpreter/linkResolver.cpp, line 773]
Event: 2.775 Thread 0x0000024025bf9000 Exception <a 'java/lang/NoSuchMethodError'{0x0000000086eb8b80}: 'java.lang.Object java.lang.invoke.DirectMethodHandle$Holder.invokeStatic(java.lang.Object, java.lang.Object, java.lang.Object, int)'> (0x0000000086eb8b80) thrown at [./src/hotspot/share/interpreter/linkResolver.cpp, line 773]
Event: 2.776 Thread 0x0000024025bf9000 Exception <a 'java/lang/NoSuchMethodError'{0x0000000086ebc7f0}: 'java.lang.Object java.lang.invoke.DirectMethodHandle$Holder.invokeSpecial(java.lang.Object, java.lang.Object, java.lang.Object, java.lang.Object, int)'> (0x0000000086ebc7f0) thrown at [./src/hotspot/share/interpreter/linkResolver.cpp, line 773]
Event: 2.776 Thread 0x0000024025bf9000 Exception <a 'java/lang/NoSuchMethodError'{0x0000000086ebfb00}: 'java.lang.Object java.lang.invoke.Invokers$Holder.linkToTargetMethod(java.lang.Object, java.lang.Object, int, java.lang.Object)'> (0x0000000086ebfb00) thrown at [./src/hotspot/share/interpreter/linkResolver.cpp, line 773]

Events (20 events):
Event: 2.779 loading class org/jetbrains/kotlin/resolve/lazy/descriptors/LazyClassMemberScope$allClassifierDescriptors$1 done
Event: 2.779 loading class org/jetbrains/kotlin/resolve/lazy/descriptors/LazyClassMemberScope$supertypes$2
Event: 2.779 loading class org/jetbrains/kotlin/resolve/lazy/descriptors/LazyClassMemberScope$supertypes$2 done
Event: 2.779 loading class org/jetbrains/kotlin/resolve/lazy/descriptors/LazyClassMemberScope$_variableNames$2
Event: 2.779 loading class org/jetbrains/kotlin/resolve/lazy/descriptors/LazyClassMemberScope$_variableNames$2 done
Event: 2.779 loading class org/jetbrains/kotlin/resolve/lazy/descriptors/LazyClassMemberScope$_functionNames$2
Event: 2.779 loading class org/jetbrains/kotlin/resolve/lazy/descriptors/LazyClassMemberScope$_functionNames$2 done
Event: 2.780 loading class org/jetbrains/kotlin/resolve/lazy/descriptors/LazyClassMemberScope$_classifierNames$2
Event: 2.780 loading class org/jetbrains/kotlin/resolve/lazy/descriptors/LazyClassMemberScope$_classifierNames$2 done
Event: 2.780 loading class org/jetbrains/kotlin/resolve/lazy/descriptors/LazyClassMemberScope$_allNames$2
Event: 2.780 loading class org/jetbrains/kotlin/resolve/lazy/descriptors/LazyClassMemberScope$_allNames$2 done
Event: 2.780 loading class org/jetbrains/kotlin/resolve/lazy/descriptors/LazyClassMemberScope$primaryConstructor$1
Event: 2.780 loading class org/jetbrains/kotlin/resolve/lazy/descriptors/LazyClassMemberScope$primaryConstructor$1 done
Event: 2.780 loading class org/jetbrains/kotlin/resolve/lazy/descriptors/LazyClassMemberScope$secondaryConstructors$1
Event: 2.780 loading class org/jetbrains/kotlin/resolve/lazy/descriptors/LazyClassMemberScope$secondaryConstructors$1 done
Event: 2.781 loading class org/jetbrains/kotlin/descriptors/Modality
Event: 2.781 loading class org/jetbrains/kotlin/descriptors/Modality done
Event: 2.781 loading class kotlin/jvm/functions/Function0
Event: 2.781 loading class kotlin/jvm/functions/Function0 done
Event: 2.782 Executing VM operation: G1CollectForAllocation


Dynamic libraries:
0x00007ff6bc380000 - 0x00007ff6bc38a000 	C:\Users\Dark Knight\Desktop\Android Studio\jre\bin\java.exe
0x00007ff9b2730000 - 0x00007ff9b2925000 	C:\WINDOWS\SYSTEM32\ntdll.dll
0x00007ff9b1dc0000 - 0x00007ff9b1e7e000 	C:\WINDOWS\System32\KERNEL32.DLL
0x00007ff9b0250000 - 0x00007ff9b0518000 	C:\WINDOWS\System32\KERNELBASE.dll
0x00007ff9b0150000 - 0x00007ff9b0250000 	C:\WINDOWS\System32\ucrtbase.dll
0x00007ff99f8a0000 - 0x00007ff99f8b7000 	C:\Users\Dark Knight\Desktop\Android Studio\jre\bin\VCRUNTIME140.dll
0x00007ff99e430000 - 0x00007ff99e449000 	C:\Users\Dark Knight\Desktop\Android Studio\jre\bin\jli.dll
0x00007ff9b09e0000 - 0x00007ff9b0b81000 	C:\WINDOWS\System32\USER32.dll
0x00007ff9affa0000 - 0x00007ff9affc2000 	C:\WINDOWS\System32\win32u.dll
0x00007ff99a6f0000 - 0x00007ff99a98a000 	C:\WINDOWS\WinSxS\amd64_microsoft.windows.common-controls_6595b64144ccf1df_6.0.19041.1110_none_60b5254171f9507e\COMCTL32.dll
0x00007ff9b2010000 - 0x00007ff9b203b000 	C:\WINDOWS\System32\GDI32.dll
0x00007ff9b1300000 - 0x00007ff9b139e000 	C:\WINDOWS\System32\msvcrt.dll
0x00007ff9b0660000 - 0x00007ff9b076d000 	C:\WINDOWS\System32\gdi32full.dll
0x00007ff9b0000000 - 0x00007ff9b009d000 	C:\WINDOWS\System32\msvcp_win.dll
0x00007ff9b2170000 - 0x00007ff9b21a0000 	C:\WINDOWS\System32\IMM32.DLL
0x00007ff97ad00000 - 0x00007ff97ad9d000 	C:\Users\Dark Knight\Desktop\Android Studio\jre\bin\msvcp140.dll
0x00007ff954280000 - 0x00007ff954d3c000 	C:\Users\Dark Knight\Desktop\Android Studio\jre\bin\server\jvm.dll
0x00007ff9b25b0000 - 0x00007ff9b265c000 	C:\WINDOWS\System32\ADVAPI32.dll
0x00007ff9b1af0000 - 0x00007ff9b1b8b000 	C:\WINDOWS\System32\sechost.dll
0x00007ff9b1120000 - 0x00007ff9b124a000 	C:\WINDOWS\System32\RPCRT4.dll
0x00007ff9b0b90000 - 0x00007ff9b0b98000 	C:\WINDOWS\System32\PSAPI.DLL
0x00007ff9a54b0000 - 0x00007ff9a54ba000 	C:\WINDOWS\SYSTEM32\VERSION.dll
0x00007ff9ab1c0000 - 0x00007ff9ab1c9000 	C:\WINDOWS\SYSTEM32\WSOCK32.dll
0x00007ff99c0d0000 - 0x00007ff99c0f7000 	C:\WINDOWS\SYSTEM32\WINMM.dll
0x00007ff9b1fa0000 - 0x00007ff9b200b000 	C:\WINDOWS\System32\WS2_32.dll
0x00007ff9ae6c0000 - 0x00007ff9ae6d2000 	C:\WINDOWS\SYSTEM32\kernel.appcore.dll
0x00007ff9a6ee0000 - 0x00007ff9a6ef1000 	C:\Users\Dark Knight\Desktop\Android Studio\jre\bin\verify.dll
0x00007ff9adae0000 - 0x00007ff9adcc4000 	C:\WINDOWS\SYSTEM32\DBGHELP.DLL
0x00007ff9982c0000 - 0x00007ff9982ec000 	C:\WINDOWS\SYSTEM32\dbgcore.DLL
0x00007ff9b05d0000 - 0x00007ff9b0652000 	C:\WINDOWS\System32\bcryptPrimitives.dll
0x00007ff974db0000 - 0x00007ff974dd9000 	C:\Users\Dark Knight\Desktop\Android Studio\jre\bin\java.dll
0x00007ff9a72f0000 - 0x00007ff9a72fb000 	C:\Users\Dark Knight\Desktop\Android Studio\jre\bin\jimage.dll
0x00007ff9a54c0000 - 0x00007ff9a54d8000 	C:\Users\Dark Knight\Desktop\Android Studio\jre\bin\zip.dll
0x00007ff9b13a0000 - 0x00007ff9b1ae4000 	C:\WINDOWS\System32\SHELL32.dll
0x00007ff9adf10000 - 0x00007ff9ae6a4000 	C:\WINDOWS\SYSTEM32\windows.storage.dll
0x00007ff9b21a0000 - 0x00007ff9b24f5000 	C:\WINDOWS\System32\combase.dll
0x00007ff9af7c0000 - 0x00007ff9af7ee000 	C:\WINDOWS\SYSTEM32\Wldp.dll
0x00007ff9b1250000 - 0x00007ff9b12fd000 	C:\WINDOWS\System32\SHCORE.dll
0x00007ff9b0770000 - 0x00007ff9b07c5000 	C:\WINDOWS\System32\shlwapi.dll
0x00007ff9afd80000 - 0x00007ff9afd9f000 	C:\WINDOWS\SYSTEM32\profapi.dll
0x00007ff982670000 - 0x00007ff98268a000 	C:\Users\Dark Knight\Desktop\Android Studio\jre\bin\net.dll
0x00007ff99e9a0000 - 0x00007ff99eaac000 	C:\WINDOWS\SYSTEM32\WINHTTP.dll
0x00007ff9af520000 - 0x00007ff9af58a000 	C:\WINDOWS\system32\mswsock.dll
0x00007ff9817a0000 - 0x00007ff9817b4000 	C:\Users\Dark Knight\Desktop\Android Studio\jre\bin\nio.dll

dbghelp: loaded successfully - version: 4.0.5 - missing functions: none
symbol engine: initialized successfully - sym options: 0x614 - pdb path: .;C:\Users\Dark Knight\Desktop\Android Studio\jre\bin;C:\WINDOWS\SYSTEM32;C:\WINDOWS\WinSxS\amd64_microsoft.windows.common-controls_6595b64144ccf1df_6.0.19041.1110_none_60b5254171f9507e;C:\Users\Dark Knight\Desktop\Android Studio\jre\bin\server

VM Arguments:
java_command: org.jetbrains.kotlin.cli.jvm.K2JVMCompiler @C:\Android Projects\Udemy TUTORIAL\app\build\20211226_9730018683150248696.compiler.options
java_class_path (initial): C:\Users\Dark Knight\.gradle\caches\modules-2\files-2.1\org.jetbrains.kotlin\kotlin-compiler-embeddable\1.6.0\aa8da3bedc53c89219b84a0b40c7419431a13e76\kotlin-compiler-embeddable-1.6.0.jar;C:\Users\Dark Knight\.gradle\caches\modules-2\files-2.1\org.jetbrains.kotlin\kotlin-reflect\1.6.0\a215a7f914d5916dc5fd2d45cea16524e0220203\kotlin-reflect-1.6.0.jar;C:\Users\Dark Knight\.gradle\caches\modules-2\files-2.1\org.jetbrains.kotlin\kotlin-stdlib\1.6.0\a40b8b22529b733892edf4b73468ce598bb17f04\kotlin-stdlib-1.6.0.jar;C:\Users\Dark Knight\.gradle\caches\modules-2\files-2.1\org.jetbrains.kotlin\kotlin-script-runtime\1.6.0\55f72526ddcff6fc77d72cdf949c7e3d9bd95620\kotlin-script-runtime-1.6.0.jar;C:\Users\Dark Knight\.gradle\caches\modules-2\files-2.1\org.jetbrains.kotlin\kotlin-daemon-embeddable\1.6.0\d6242b37f4ce6b637d10847c7558446272ec8432\kotlin-daemon-embeddable-1.6.0.jar;C:\Users\Dark Knight\.gradle\caches\modules-2\files-2.1\org.jetbrains.intellij.deps\trove4j\1.0.20181211\216c2e14b070f334479d800987affe4054cd563f\trove4j-1.0.20181211.jar;C:\Users\Dark Knight\.gradle\caches\modules-2\files-2.1\net.java.dev.jna\jna\5.6.0\330f2244e9030119ab3030fc3fededc86713d9cc\jna-5.6.0.jar;C:\Users\Dark Knight\.gradle\caches\modules-2\files-2.1\org.jetbrains\annotations\13.0\919f0dfe192fb4e063e7dacadee7f8bb9a2672a9\annotations-13.0.jar;C:\Users\Dark Knight\.gradle\caches\modules-2\files-2.1\org.jetbrains.kotlin\kotlin-stdlib-common\1.6.0\7857e365f925cfa060f941c1357cda1f8790502c\kotlin-stdlib-common-1.6.0.jar
Launcher Type: SUN_STANDARD

[Global flags]
     intx CICompilerCount                          = 4                                         {product} {ergonomic}
     uint ConcGCThreads                            = 2                                         {product} {ergonomic}
     uint G1ConcRefinementThreads                  = 8                                         {product} {ergonomic}
   size_t G1HeapRegionSize                         = 1048576                                   {product} {ergonomic}
    uintx GCDrainStackTargetSize                   = 64                                        {product} {ergonomic}
   size_t InitialHeapSize                          = 134217728                                 {product} {ergonomic}
   size_t MarkStackSize                            = 4194304                                   {product} {ergonomic}
   size_t MaxHeapSize                              = 2118123520                                {product} {ergonomic}
   size_t MaxNewSize                               = 1270874112                                {product} {ergonomic}
   size_t MinHeapDeltaBytes                        = 1048576                                   {product} {ergonomic}
    uintx NonNMethodCodeHeapSize                   = 5836300                                {pd product} {ergonomic}
    uintx NonProfiledCodeHeapSize                  = 122910970                              {pd product} {ergonomic}
    uintx ProfiledCodeHeapSize                     = 122910970                              {pd product} {ergonomic}
    uintx ReservedCodeCacheSize                    = 251658240                              {pd product} {ergonomic}
     bool SegmentedCodeCache                       = true                                      {product} {ergonomic}
     bool UseCompressedClassPointers               = true                                 {lp64_product} {ergonomic}
     bool UseCompressedOops                        = true                                 {lp64_product} {ergonomic}
     bool UseG1GC                                  = true                                      {product} {ergonomic}
     bool UseLargePagesIndividualAllocation        = false                                  {pd product} {ergonomic}

Logging:
Log output configuration:
 #0: stdout all=warning uptime,level,tags
 #1: stderr all=off uptime,level,tags

Environment Variables:
PATH=C:\Windows\system32;C:\Windows;C:\Windows\System32\Wbem;C:\Windows\System32\WindowsPowerShell\v1.0\;C:\Windows\System32\OpenSSH\;C:\Program Files (x86)\NVIDIA Corporation\PhysX\Common;C:\Program Files\NVIDIA Corporation\NVIDIA NvDLISR;C:\WINDOWS\system32;C:\WINDOWS;C:\WINDOWS\System32\Wbem;C:\WINDOWS\System32\WindowsPowerShell\v1.0\;C:\WINDOWS\System32\OpenSSH\;C:\MinGW\bin;C:\Program Files\MEGA-X;C:\WINDOWS\system32;C:\WINDOWS;C:\WINDOWS\System32\Wbem;C:\WINDOWS\System32\WindowsPowerShell\v1.0\;C:\WINDOWS\System32\OpenSSH\;C:\Program Files\Git\cmd;C:\Users\Dark Knight\AppData\Local\Microsoft\WindowsApps;C:\Users\Dark Knight\AppData\Local\atom\bin;C:\MinGW\bin;C:\Program Files (x86)\Microsoft Visual Studio\2019\BuildTools\MSBuild\Current\Bin;C:\Users\Dark Knight\AppData\Local\Microsoft\WindowsApps
USERNAME=Dark Knight
OS=Windows_NT
PROCESSOR_IDENTIFIER=Intel64 Family 6 Model 158 Stepping 10, GenuineIntel



---------------  S Y S T E M  ---------------

OS: Windows 10 , 64 bit Build 19041 (10.0.19041.1348)
OS uptime: 8 days 2:51 hours

CPU:total 8 (initial active 8) (4 cores per cpu, 2 threads per core) family 6 model 158 stepping 10, cmov, cx8, fxsr, mmx, sse, sse2, sse3, ssse3, sse4.1, sse4.2, popcnt, avx, avx2, aes, clmul, erms, 3dnowpref, lzcnt, ht, tsc, tscinvbit, bmi1, bmi2, adx, fma

Memory: 4k page, system-wide physical 8072M (766M free)
TotalPageFile size 12168M (AvailPageFile size 5M)
current process WorkingSet (physical memory assigned to process): 257M, peak: 257M
current process commit charge ("private bytes"): 342M, peak: 360M

vm_info: OpenJDK 64-Bit Server VM (11.0.8+10-b944.6842174) for windows-amd64 JRE (11.0.8+10-b944.6842174), built on Sep 19 2020 01:11:42 by "builder" with MS VC++ 14.0 (VS2015)

END.
