#
# There is insufficient memory for the Java Runtime Environment to continue.
# Native memory allocation (mmap) failed to map 108003328 bytes for Failed to commit area from 0x000000008de00000 to 0x0000000094500000 of length 108003328.
# Possible reasons:
#   The system is out of physical RAM or swap space
#   The process is running with CompressedOops enabled, and the Java Heap may be blocking the growth of the native heap
# Possible solutions:
#   Reduce memory load on the system
#   Increase physical memory or swap space
#   Check if swap backing store is full
#   Decrease Java heap size (-Xmx/-Xms)
#   Decrease number of Java threads
#   Decrease Java thread stack sizes (-Xss)
#   Set larger code cache with -XX:ReservedCodeCacheSize=
#   JVM is running with Unscaled Compressed Oops mode in which the Java heap is
#     placed in the first 4GB address space. The Java Heap base address is the
#     maximum limit for the native heap growth. Please use -XX:HeapBaseMinAddress
#     to set the Java Heap base and to place the Java Heap above 4GB virtual address.
# This output file may be truncated or incomplete.
#
#  Out of Memory Error (./src/hotspot/os/windows/os_windows.cpp:3303), pid=25076, tid=27616
#
# JRE version: OpenJDK Runtime Environment (11.0.8+10) (build 11.0.8+10-b944.6842174)
# Java VM: OpenJDK 64-Bit Server VM (11.0.8+10-b944.6842174, mixed mode, tiered, compressed oops, g1 gc, windows-amd64)
# No core dump will be written. Minidumps are not enabled by default on client versions of Windows
#

---------------  S U M M A R Y ------------

Command Line: --add-opens=java.base/java.util=ALL-UNNAMED --add-opens=java.base/java.lang=ALL-UNNAMED --add-opens=java.base/java.lang.invoke=ALL-UNNAMED --add-opens=java.prefs/java.util.prefs=ALL-UNNAMED -Xmx2048m -Dfile.encoding=UTF-8 -Duser.country=IN -Duser.language=en -Duser.variant org.gradle.launcher.daemon.bootstrap.GradleDaemon 6.7.1

Host: Intel(R) Core(TM) i5-9300H CPU @ 2.40GHz, 8 cores, 7G,  Windows 10 , 64 bit Build 19041 (10.0.19041.1348)
Time: Wed Dec 22 22:50:17 2021 India Standard Time elapsed time: 14 seconds (0d 0h 0m 14s)

---------------  T H R E A D  ---------------

Current thread (0x0000016537900000):  VMThread "VM Thread" [stack: 0x0000003a39400000,0x0000003a39500000] [id=27616]

Stack: [0x0000003a39400000,0x0000003a39500000]
[error occurred during error reporting (printing stack bounds), id 0xc0000005, EXCEPTION_ACCESS_VIOLATION (0xc0000005) at pc=0x0000016520f80dad]

Native frames: (J=compiled Java code, j=interpreted, Vv=VM code, C=native code)
V  [jvm.dll+0x5de50a]
V  [jvm.dll+0x7122f5]
V  [jvm.dll+0x71384d]
V  [jvm.dll+0x713e65]
V  [jvm.dll+0x713e1b]
V  [jvm.dll+0x5dd958]
V  [jvm.dll+0x5de0f8]
C  [ntdll.dll+0xa20cf]
C  [ntdll.dll+0x51454]
C  [ntdll.dll+0xa0bfe]
C  0x0000016520f80dad

VM_Operation (0x0000003a44dfcaa0): G1CollectForAllocation, mode: safepoint, requested by thread 0x000001653eaca000


---------------  P R O C E S S  ---------------

Threads class SMR info:
_java_thread_list=0x000001653cce8120, length=187, elements={
0x000001651d5fb000, 0x0000016537903000, 0x0000016537904000, 0x0000016538283000,
0x0000016537916800, 0x000001653791a800, 0x0000016537926800, 0x000001653792c000,
0x00000165383d6000, 0x00000165383e1000, 0x000001653aa4a800, 0x0000016539d52800,
0x00000165390bd000, 0x0000016538513000, 0x0000016539b38000, 0x00000165395fd000,
0x000001653aa46800, 0x000001653a3f8000, 0x000001653a0fb000, 0x000001653a5c4800,
0x000001653a251800, 0x000001653a24c000, 0x000001653a252800, 0x000001653ae19000,
0x000001653af38000, 0x000001653a250000, 0x000001653a24c800, 0x000001653a250800,
0x000001653a24f000, 0x000001653a24d800, 0x000001653a24e000, 0x000001653d2e6000,
0x000001653d2eb000, 0x000001653d2e9000, 0x000001653d2ea000, 0x000001653d2e5000,
0x000001653d2eb800, 0x000001653d2e7800, 0x000001653d2e7000, 0x000001653c1da000,
0x000001653c1d4800, 0x000001653c1d6000, 0x000001653c1d9800, 0x000001653c1db000,
0x000001653c1d5000, 0x000001653c1dc000, 0x000001653c1d7800, 0x000001653c1d8800,
0x000001653c1dc800, 0x000001653c1d7000, 0x000001653c1df000, 0x000001653c1e0000,
0x000001653c1e0800, 0x000001653c1de000, 0x000001653c1e3000, 0x000001653c1e1800,
0x000001653c1e2800, 0x000001653c1dd800, 0x000001653c8ba000, 0x000001653c8b5000,
0x000001653c8b7800, 0x000001653c8b4800, 0x000001653c8b6800, 0x000001653c8b8800,
0x000001653c8bb000, 0x000001653c8b9000, 0x000001653c8b6000, 0x000001653c5d6000,
0x000001653c5d7800, 0x000001653c5d5000, 0x000001653c5db800, 0x000001653c5dc800,
0x000001653c5d8800, 0x000001653c5d7000, 0x000001653c5db000, 0x000001653c5df000,
0x000001653c5dd800, 0x000001653c5de000, 0x000001653c5d9000, 0x000001653c5e0000,
0x000001653c5da000, 0x000001653c5e2000, 0x000001653c5e4000, 0x000001653c5e0800,
0x000001653c5e1800, 0x000001653c5e3000, 0x000001653d232000, 0x000001653d236000,
0x000001653d231000, 0x000001653d230800, 0x000001653d237000, 0x000001653d234800,
0x000001653d237800, 0x000001653d235000, 0x000001653d238800, 0x000001653d233800,
0x000001653d232800, 0x000001653d23e000, 0x000001653d23d800, 0x000001653d23b000,
0x000001653d23c800, 0x000001653d23f000, 0x000001653d239800, 0x000001653d23b800,
0x000001653d23a000, 0x000001653c263000, 0x000001653c262000, 0x000001653c265800,
0x000001653c263800, 0x000001653c264800, 0x000001653c25f800, 0x000001653c266000,
0x000001653c260800, 0x000001653c261000, 0x000001653c267000, 0x000001653c268000,
0x000001653c268800, 0x000001653c269800, 0x000001653c26a000, 0x000001653c26c000,
0x000001653c26c800, 0x000001653c26b000, 0x000001653c26d800, 0x000001653c26e800,
0x000001653ca4e000, 0x000001653ca51800, 0x000001653ca4f000, 0x000001653ca4d800,
0x000001653ca52800, 0x000001653ca55000, 0x000001653ca53000, 0x000001653ca55800,
0x000001653ca54000, 0x000001653ca50000, 0x000001653ca56800, 0x000001653ca50800,
0x000001653ca59000, 0x000001653ca5b800, 0x000001653ca59800, 0x000001653ca5c000,
0x000001653ca58000, 0x000001653ca5a800, 0x000001653ca57000, 0x000001653daa2000,
0x000001653daa3000, 0x000001653daa5800, 0x000001653daa0800, 0x000001653da9f800,
0x000001653daa3800, 0x000001653daa1800, 0x000001653daa4800, 0x000001653daab000,
0x000001653daa9800, 0x000001653daaa000, 0x000001653daac000, 0x000001653daa6000,
0x000001653daac800, 0x000001653daa7000, 0x000001653daad800, 0x000001653daa8000,
0x000001653daae800, 0x000001653eac6800, 0x000001653eac5800, 0x000001653eac1800,
0x000001653eac4000, 0x000001653eac3800, 0x000001653eac5000, 0x000001653eac1000,
0x000001653eacd000, 0x000001653eacb800, 0x000001653eac7800, 0x000001653eace000,
0x000001653eac8000, 0x000001653eac9000, 0x000001653eaca000, 0x000001653eace800,
0x000001653eaca800, 0x000001653eacc800, 0x000001653eacf800, 0x000001653f1a8000,
0x000001653f1ad000, 0x000001653f1a9000, 0x000001653f1ae000, 0x000001653f1ae800,
0x000001653f1ac800, 0x000001653f1af800, 0x000001653f1aa000
}

Java Threads: ( => current thread )
  0x000001651d5fb000 JavaThread "main" [_thread_blocked, id=3296, stack(0x0000003a38e00000,0x0000003a38f00000)]
  0x0000016537903000 JavaThread "Reference Handler" daemon [_thread_blocked, id=15908, stack(0x0000003a39500000,0x0000003a39600000)]
  0x0000016537904000 JavaThread "Finalizer" daemon [_thread_blocked, id=27624, stack(0x0000003a39600000,0x0000003a39700000)]
  0x0000016538283000 JavaThread "Signal Dispatcher" daemon [_thread_blocked, id=24120, stack(0x0000003a39700000,0x0000003a39800000)]
  0x0000016537916800 JavaThread "Attach Listener" daemon [_thread_blocked, id=3060, stack(0x0000003a39800000,0x0000003a39900000)]
  0x000001653791a800 JavaThread "C2 CompilerThread0" daemon [_thread_in_native, id=16520, stack(0x0000003a39900000,0x0000003a39a00000)]
  0x0000016537926800 JavaThread "C1 CompilerThread0" daemon [_thread_blocked, id=9192, stack(0x0000003a39a00000,0x0000003a39b00000)]
  0x000001653792c000 JavaThread "Sweeper thread" daemon [_thread_blocked, id=26920, stack(0x0000003a39b00000,0x0000003a39c00000)]
  0x00000165383d6000 JavaThread "Common-Cleaner" daemon [_thread_blocked, id=4100, stack(0x0000003a39c00000,0x0000003a39d00000)]
  0x00000165383e1000 JavaThread "Service Thread" daemon [_thread_blocked, id=4576, stack(0x0000003a39d00000,0x0000003a39e00000)]
  0x000001653aa4a800 JavaThread "Daemon health stats" [_thread_blocked, id=23640, stack(0x0000003a3a300000,0x0000003a3a400000)]
  0x0000016539d52800 JavaThread "Incoming local TCP Connector on port 63819" [_thread_in_native, id=21668, stack(0x0000003a3a400000,0x0000003a3a500000)]
  0x00000165390bd000 JavaThread "Daemon periodic checks" [_thread_blocked, id=25876, stack(0x0000003a3a500000,0x0000003a3a600000)]
  0x0000016538513000 JavaThread "Daemon" [_thread_blocked, id=11620, stack(0x0000003a3a600000,0x0000003a3a700000)]
  0x0000016539b38000 JavaThread "Handler for socket connection from /127.0.0.1:63819 to /127.0.0.1:63820" [_thread_in_native, id=7232, stack(0x0000003a3a700000,0x0000003a3a800000)]
  0x00000165395fd000 JavaThread "Cancel handler" [_thread_blocked, id=23276, stack(0x0000003a3a800000,0x0000003a3a900000)]
  0x000001653aa46800 JavaThread "Daemon worker" [_thread_blocked, id=25788, stack(0x0000003a3a900000,0x0000003a3aa00000)]
  0x000001653a3f8000 JavaThread "Asynchronous log dispatcher for DefaultDaemonConnection: socket connection from /127.0.0.1:63819 to /127.0.0.1:63820" [_thread_blocked, id=10364, stack(0x0000003a3aa00000,0x0000003a3ab00000)]
  0x000001653a0fb000 JavaThread "Stdin handler" [_thread_blocked, id=25628, stack(0x0000003a3ab00000,0x0000003a3ac00000)]
  0x000001653a5c4800 JavaThread "Thread-8" [_thread_blocked, id=18180, stack(0x0000003a3ac00000,0x0000003a3ad00000)]
  0x000001653a251800 JavaThread "Cache worker for file hash cache (C:\Users\Dark Knight\.gradle\caches\6.7.1\fileHashes)" [_thread_blocked, id=12960, stack(0x0000003a3b200000,0x0000003a3b300000)]
  0x000001653a24c000 JavaThread "File lock request listener" [_thread_in_native, id=3300, stack(0x0000003a3b300000,0x0000003a3b400000)]
  0x000001653a252800 JavaThread "Cache worker for journal cache (C:\Users\Dark Knight\.gradle\caches\journal-1)" [_thread_blocked, id=20104, stack(0x0000003a3b500000,0x0000003a3b600000)]
  0x000001653ae19000 JavaThread "C2 CompilerThread1" daemon [_thread_blocked, id=25760, stack(0x0000003a3b600000,0x0000003a3b700000)]
  0x000001653af38000 JavaThread "C2 CompilerThread2" daemon [_thread_blocked, id=20828, stack(0x0000003a3b700000,0x0000003a3b800000)]
  0x000001653a250000 JavaThread "Cache worker for file hash cache (C:\Android Projects\Udemy TUTORIAL\.gradle\6.7.1\fileHashes)" [_thread_blocked, id=14856, stack(0x0000003a3b800000,0x0000003a3b900000)]
  0x000001653a24c800 JavaThread "Cache worker for checksums cache (C:\Android Projects\Udemy TUTORIAL\.gradle\checksums)" [_thread_blocked, id=17720, stack(0x0000003a3b900000,0x0000003a3ba00000)]
  0x000001653a250800 JavaThread "Cache worker for cache directory md-supplier (C:\Users\Dark Knight\.gradle\caches\6.7.1\md-supplier)" [_thread_blocked, id=20348, stack(0x0000003a3ba00000,0x0000003a3bb00000)]
  0x000001653a24f000 JavaThread "Cache worker for cache directory md-rule (C:\Users\Dark Knight\.gradle\caches\6.7.1\md-rule)" [_thread_blocked, id=18000, stack(0x0000003a3bb00000,0x0000003a3bc00000)]
  0x000001653a24d800 JavaThread "Cache worker for execution history cache (C:\Users\Dark Knight\.gradle\caches\6.7.1\executionHistory)" [_thread_blocked, id=21996, stack(0x0000003a3bc00000,0x0000003a3bd00000)]
  0x000001653a24e000 JavaThread "jar transforms" [_thread_blocked, id=11372, stack(0x0000003a3bd00000,0x0000003a3be00000)]
  0x000001653d2e6000 JavaThread "Cache worker for file content cache (C:\Users\Dark Knight\.gradle\caches\6.7.1\fileContent)" [_thread_blocked, id=25132, stack(0x0000003a3be00000,0x0000003a3bf00000)]
  0x000001653d2eb000 JavaThread "Cache worker for Build Output Cleanup Cache (C:\Android Projects\Udemy TUTORIAL\.gradle\buildOutputCleanup)" [_thread_blocked, id=10108, stack(0x0000003a3bf00000,0x0000003a3c000000)]
  0x000001653d2e9000 JavaThread "Build operations" [_thread_blocked, id=26136, stack(0x0000003a3c000000,0x0000003a3c100000)]
  0x000001653d2ea000 JavaThread "Build operations Thread 2" [_thread_blocked, id=13260, stack(0x0000003a3c100000,0x0000003a3c200000)]
  0x000001653d2e5000 JavaThread "Build operations Thread 3" [_thread_blocked, id=22248, stack(0x0000003a3c200000,0x0000003a3c300000)]
  0x000001653d2eb800 JavaThread "Build operations Thread 4" [_thread_blocked, id=1400, stack(0x0000003a3c300000,0x0000003a3c400000)]
  0x000001653d2e7800 JavaThread "Build operations Thread 5" [_thread_blocked, id=26160, stack(0x0000003a3c400000,0x0000003a3c500000)]
  0x000001653d2e7000 JavaThread "Build operations Thread 6" [_thread_blocked, id=11072, stack(0x0000003a3c500000,0x0000003a3c600000)]
  0x000001653c1da000 JavaThread "Build operations Thread 7" [_thread_blocked, id=20720, stack(0x0000003a3c600000,0x0000003a3c700000)]
  0x000001653c1d4800 JavaThread "Build operations Thread 8" [_thread_blocked, id=6700, stack(0x0000003a3c700000,0x0000003a3c800000)]
  0x000001653c1d6000 JavaThread "jar transforms Thread 2" [_thread_blocked, id=26424, stack(0x0000003a3c800000,0x0000003a3c900000)]
  0x000001653c1d9800 JavaThread "jar transforms Thread 3" [_thread_blocked, id=10200, stack(0x0000003a3c900000,0x0000003a3ca00000)]
  0x000001653c1db000 JavaThread "jar transforms Thread 4" [_thread_blocked, id=19756, stack(0x0000003a3ca00000,0x0000003a3cb00000)]
  0x000001653c1d5000 JavaThread "jar transforms Thread 5" [_thread_blocked, id=2556, stack(0x0000003a3cb00000,0x0000003a3cc00000)]
  0x000001653c1dc000 JavaThread "jar transforms Thread 6" [_thread_blocked, id=27580, stack(0x0000003a3cc00000,0x0000003a3cd00000)]
  0x000001653c1d7800 JavaThread "jar transforms Thread 7" [_thread_blocked, id=6728, stack(0x0000003a3cd00000,0x0000003a3ce00000)]
  0x000001653c1d8800 JavaThread "jar transforms Thread 8" [_thread_blocked, id=26528, stack(0x0000003a3ce00000,0x0000003a3cf00000)]
  0x000001653c1dc800 JavaThread "jar transforms Thread 9" [_thread_blocked, id=27020, stack(0x0000003a3cf00000,0x0000003a3d000000)]
  0x000001653c1d7000 JavaThread "jar transforms Thread 10" [_thread_blocked, id=22700, stack(0x0000003a3d000000,0x0000003a3d100000)]
  0x000001653c1df000 JavaThread "jar transforms Thread 11" [_thread_blocked, id=4976, stack(0x0000003a3d100000,0x0000003a3d200000)]
  0x000001653c1e0000 JavaThread "jar transforms Thread 12" [_thread_blocked, id=26604, stack(0x0000003a3d200000,0x0000003a3d300000)]
  0x000001653c1e0800 JavaThread "jar transforms Thread 13" [_thread_blocked, id=15264, stack(0x0000003a3d300000,0x0000003a3d400000)]
  0x000001653c1de000 JavaThread "jar transforms Thread 14" [_thread_blocked, id=9820, stack(0x0000003a3d400000,0x0000003a3d500000)]
  0x000001653c1e3000 JavaThread "jar transforms Thread 15" [_thread_blocked, id=21444, stack(0x0000003a3d500000,0x0000003a3d600000)]
  0x000001653c1e1800 JavaThread "jar transforms Thread 16" [_thread_blocked, id=5304, stack(0x0000003a3d600000,0x0000003a3d700000)]
  0x000001653c1e2800 JavaThread "jar transforms Thread 17" [_thread_blocked, id=20572, stack(0x0000003a3d700000,0x0000003a3d800000)]
  0x000001653c1dd800 JavaThread "jar transforms Thread 18" [_thread_blocked, id=20360, stack(0x0000003a3d800000,0x0000003a3d900000)]
  0x000001653c8ba000 JavaThread "jar transforms Thread 19" [_thread_blocked, id=25604, stack(0x0000003a3d900000,0x0000003a3da00000)]
  0x000001653c8b5000 JavaThread "jar transforms Thread 20" [_thread_blocked, id=1336, stack(0x0000003a3da00000,0x0000003a3db00000)]
  0x000001653c8b7800 JavaThread "jar transforms Thread 21" [_thread_blocked, id=23812, stack(0x0000003a3db00000,0x0000003a3dc00000)]
  0x000001653c8b4800 JavaThread "jar transforms Thread 22" [_thread_blocked, id=14620, stack(0x0000003a3dc00000,0x0000003a3dd00000)]
  0x000001653c8b6800 JavaThread "jar transforms Thread 23" [_thread_blocked, id=26796, stack(0x0000003a3dd00000,0x0000003a3de00000)]
  0x000001653c8b8800 JavaThread "jar transforms Thread 24" [_thread_blocked, id=664, stack(0x0000003a3de00000,0x0000003a3df00000)]
  0x000001653c8bb000 JavaThread "jar transforms Thread 25" [_thread_blocked, id=25412, stack(0x0000003a3df00000,0x0000003a3e000000)]
  0x000001653c8b9000 JavaThread "jar transforms Thread 26" [_thread_blocked, id=12148, stack(0x0000003a3e000000,0x0000003a3e100000)]
  0x000001653c8b6000 JavaThread "jar transforms Thread 27" [_thread_blocked, id=10104, stack(0x0000003a3e100000,0x0000003a3e200000)]
  0x000001653c5d6000 JavaThread "jar transforms Thread 28" [_thread_blocked, id=24956, stack(0x0000003a3e200000,0x0000003a3e300000)]
  0x000001653c5d7800 JavaThread "jar transforms Thread 29" [_thread_blocked, id=23560, stack(0x0000003a3e300000,0x0000003a3e400000)]
  0x000001653c5d5000 JavaThread "jar transforms Thread 30" [_thread_blocked, id=11060, stack(0x0000003a3e400000,0x0000003a3e500000)]
  0x000001653c5db800 JavaThread "jar transforms Thread 31" [_thread_blocked, id=16944, stack(0x0000003a3e500000,0x0000003a3e600000)]
  0x000001653c5dc800 JavaThread "jar transforms Thread 32" [_thread_blocked, id=15248, stack(0x0000003a3e600000,0x0000003a3e700000)]
  0x000001653c5d8800 JavaThread "jar transforms Thread 33" [_thread_blocked, id=25232, stack(0x0000003a3e700000,0x0000003a3e800000)]
  0x000001653c5d7000 JavaThread "jar transforms Thread 34" [_thread_blocked, id=13416, stack(0x0000003a3e800000,0x0000003a3e900000)]
  0x000001653c5db000 JavaThread "jar transforms Thread 35" [_thread_blocked, id=13172, stack(0x0000003a3e900000,0x0000003a3ea00000)]
  0x000001653c5df000 JavaThread "jar transforms Thread 36" [_thread_blocked, id=22268, stack(0x0000003a3ea00000,0x0000003a3eb00000)]
  0x000001653c5dd800 JavaThread "jar transforms Thread 37" [_thread_blocked, id=23924, stack(0x0000003a3eb00000,0x0000003a3ec00000)]
  0x000001653c5de000 JavaThread "jar transforms Thread 38" [_thread_blocked, id=26556, stack(0x0000003a3ec00000,0x0000003a3ed00000)]
  0x000001653c5d9000 JavaThread "jar transforms Thread 39" [_thread_blocked, id=12100, stack(0x0000003a3ed00000,0x0000003a3ee00000)]
  0x000001653c5e0000 JavaThread "jar transforms Thread 40" [_thread_blocked, id=23356, stack(0x0000003a3ee00000,0x0000003a3ef00000)]
  0x000001653c5da000 JavaThread "jar transforms Thread 41" [_thread_blocked, id=24232, stack(0x0000003a3ef00000,0x0000003a3f000000)]
  0x000001653c5e2000 JavaThread "jar transforms Thread 42" [_thread_blocked, id=20592, stack(0x0000003a3f000000,0x0000003a3f100000)]
  0x000001653c5e4000 JavaThread "jar transforms Thread 43" [_thread_blocked, id=23524, stack(0x0000003a3f100000,0x0000003a3f200000)]
  0x000001653c5e0800 JavaThread "jar transforms Thread 44" [_thread_blocked, id=24244, stack(0x0000003a3f200000,0x0000003a3f300000)]
  0x000001653c5e1800 JavaThread "jar transforms Thread 45" [_thread_blocked, id=24388, stack(0x0000003a3f300000,0x0000003a3f400000)]
  0x000001653c5e3000 JavaThread "jar transforms Thread 46" [_thread_blocked, id=8248, stack(0x0000003a3f400000,0x0000003a3f500000)]
  0x000001653d232000 JavaThread "jar transforms Thread 47" [_thread_blocked, id=22052, stack(0x0000003a3f500000,0x0000003a3f600000)]
  0x000001653d236000 JavaThread "jar transforms Thread 48" [_thread_blocked, id=26884, stack(0x0000003a3f600000,0x0000003a3f700000)]
  0x000001653d231000 JavaThread "jar transforms Thread 49" [_thread_blocked, id=17620, stack(0x0000003a3f700000,0x0000003a3f800000)]
  0x000001653d230800 JavaThread "jar transforms Thread 50" [_thread_blocked, id=4444, stack(0x0000003a3f800000,0x0000003a3f900000)]
  0x000001653d237000 JavaThread "jar transforms Thread 51" [_thread_blocked, id=26588, stack(0x0000003a3f900000,0x0000003a3fa00000)]
  0x000001653d234800 JavaThread "jar transforms Thread 52" [_thread_blocked, id=15916, stack(0x0000003a3fa00000,0x0000003a3fb00000)]
  0x000001653d237800 JavaThread "jar transforms Thread 53" [_thread_blocked, id=3504, stack(0x0000003a3fb00000,0x0000003a3fc00000)]
  0x000001653d235000 JavaThread "jar transforms Thread 54" [_thread_blocked, id=16096, stack(0x0000003a3fc00000,0x0000003a3fd00000)]
  0x000001653d238800 JavaThread "jar transforms Thread 55" [_thread_blocked, id=8116, stack(0x0000003a3fd00000,0x0000003a3fe00000)]
  0x000001653d233800 JavaThread "jar transforms Thread 56" [_thread_blocked, id=21568, stack(0x0000003a3fe00000,0x0000003a3ff00000)]
  0x000001653d232800 JavaThread "jar transforms Thread 57" [_thread_blocked, id=15280, stack(0x0000003a3ff00000,0x0000003a40000000)]
  0x000001653d23e000 JavaThread "jar transforms Thread 58" [_thread_blocked, id=3940, stack(0x0000003a40000000,0x0000003a40100000)]
  0x000001653d23d800 JavaThread "jar transforms Thread 59" [_thread_blocked, id=23764, stack(0x0000003a40100000,0x0000003a40200000)]
  0x000001653d23b000 JavaThread "jar transforms Thread 60" [_thread_blocked, id=12808, stack(0x0000003a40200000,0x0000003a40300000)]
  0x000001653d23c800 JavaThread "jar transforms Thread 61" [_thread_blocked, id=7216, stack(0x0000003a40300000,0x0000003a40400000)]
  0x000001653d23f000 JavaThread "jar transforms Thread 62" [_thread_blocked, id=2264, stack(0x0000003a40400000,0x0000003a40500000)]
  0x000001653d239800 JavaThread "jar transforms Thread 63" [_thread_blocked, id=25820, stack(0x0000003a40500000,0x0000003a40600000)]
  0x000001653d23b800 JavaThread "jar transforms Thread 64" [_thread_blocked, id=23920, stack(0x0000003a40600000,0x0000003a40700000)]
  0x000001653d23a000 JavaThread "jar transforms Thread 65" [_thread_blocked, id=11976, stack(0x0000003a40700000,0x0000003a40800000)]
  0x000001653c263000 JavaThread "jar transforms Thread 66" [_thread_blocked, id=13744, stack(0x0000003a40800000,0x0000003a40900000)]
  0x000001653c262000 JavaThread "jar transforms Thread 67" [_thread_blocked, id=3976, stack(0x0000003a40900000,0x0000003a40a00000)]
  0x000001653c265800 JavaThread "jar transforms Thread 68" [_thread_blocked, id=10980, stack(0x0000003a40a00000,0x0000003a40b00000)]
  0x000001653c263800 JavaThread "jar transforms Thread 69" [_thread_blocked, id=13120, stack(0x0000003a40b00000,0x0000003a40c00000)]
  0x000001653c264800 JavaThread "jar transforms Thread 70" [_thread_blocked, id=21840, stack(0x0000003a40c00000,0x0000003a40d00000)]
  0x000001653c25f800 JavaThread "jar transforms Thread 71" [_thread_blocked, id=23600, stack(0x0000003a40d00000,0x0000003a40e00000)]
  0x000001653c266000 JavaThread "jar transforms Thread 72" [_thread_blocked, id=8508, stack(0x0000003a40e00000,0x0000003a40f00000)]
  0x000001653c260800 JavaThread "jar transforms Thread 73" [_thread_blocked, id=12292, stack(0x0000003a40f00000,0x0000003a41000000)]
  0x000001653c261000 JavaThread "jar transforms Thread 74" [_thread_blocked, id=15324, stack(0x0000003a41000000,0x0000003a41100000)]
  0x000001653c267000 JavaThread "jar transforms Thread 75" [_thread_blocked, id=14188, stack(0x0000003a41100000,0x0000003a41200000)]
  0x000001653c268000 JavaThread "jar transforms Thread 76" [_thread_blocked, id=24024, stack(0x0000003a41200000,0x0000003a41300000)]
  0x000001653c268800 JavaThread "jar transforms Thread 77" [_thread_blocked, id=4736, stack(0x0000003a41300000,0x0000003a41400000)]
  0x000001653c269800 JavaThread "jar transforms Thread 78" [_thread_blocked, id=23868, stack(0x0000003a41400000,0x0000003a41500000)]
  0x000001653c26a000 JavaThread "jar transforms Thread 79" [_thread_blocked, id=26696, stack(0x0000003a41500000,0x0000003a41600000)]
  0x000001653c26c000 JavaThread "jar transforms Thread 80" [_thread_blocked, id=14172, stack(0x0000003a41600000,0x0000003a41700000)]
  0x000001653c26c800 JavaThread "jar transforms Thread 81" [_thread_blocked, id=12076, stack(0x0000003a41700000,0x0000003a41800000)]
  0x000001653c26b000 JavaThread "jar transforms Thread 82" [_thread_blocked, id=10672, stack(0x0000003a41800000,0x0000003a41900000)]
  0x000001653c26d800 JavaThread "jar transforms Thread 83" [_thread_blocked, id=22920, stack(0x0000003a41900000,0x0000003a41a00000)]
  0x000001653c26e800 JavaThread "jar transforms Thread 84" [_thread_blocked, id=24416, stack(0x0000003a41a00000,0x0000003a41b00000)]
  0x000001653ca4e000 JavaThread "jar transforms Thread 85" [_thread_blocked, id=21024, stack(0x0000003a41b00000,0x0000003a41c00000)]
  0x000001653ca51800 JavaThread "jar transforms Thread 86" [_thread_blocked, id=2588, stack(0x0000003a41c00000,0x0000003a41d00000)]
  0x000001653ca4f000 JavaThread "jar transforms Thread 87" [_thread_blocked, id=292, stack(0x0000003a41d00000,0x0000003a41e00000)]
  0x000001653ca4d800 JavaThread "jar transforms Thread 88" [_thread_blocked, id=9440, stack(0x0000003a41e00000,0x0000003a41f00000)]
  0x000001653ca52800 JavaThread "jar transforms Thread 89" [_thread_blocked, id=12768, stack(0x0000003a41f00000,0x0000003a42000000)]
  0x000001653ca55000 JavaThread "jar transforms Thread 90" [_thread_blocked, id=144, stack(0x0000003a42000000,0x0000003a42100000)]
  0x000001653ca53000 JavaThread "jar transforms Thread 91" [_thread_blocked, id=19796, stack(0x0000003a42100000,0x0000003a42200000)]
  0x000001653ca55800 JavaThread "jar transforms Thread 92" [_thread_blocked, id=12324, stack(0x0000003a42200000,0x0000003a42300000)]
  0x000001653ca54000 JavaThread "jar transforms Thread 93" [_thread_blocked, id=12176, stack(0x0000003a42300000,0x0000003a42400000)]
  0x000001653ca50000 JavaThread "jar transforms Thread 94" [_thread_blocked, id=17260, stack(0x0000003a42400000,0x0000003a42500000)]
  0x000001653ca56800 JavaThread "jar transforms Thread 95" [_thread_blocked, id=8592, stack(0x0000003a42500000,0x0000003a42600000)]
  0x000001653ca50800 JavaThread "jar transforms Thread 96" [_thread_blocked, id=20924, stack(0x0000003a42600000,0x0000003a42700000)]
  0x000001653ca59000 JavaThread "jar transforms Thread 97" [_thread_blocked, id=22652, stack(0x0000003a42700000,0x0000003a42800000)]
  0x000001653ca5b800 JavaThread "jar transforms Thread 98" [_thread_blocked, id=5852, stack(0x0000003a42800000,0x0000003a42900000)]
  0x000001653ca59800 JavaThread "jar transforms Thread 99" [_thread_blocked, id=20640, stack(0x0000003a42900000,0x0000003a42a00000)]
  0x000001653ca5c000 JavaThread "jar transforms Thread 100" [_thread_blocked, id=11184, stack(0x0000003a42a00000,0x0000003a42b00000)]
  0x000001653ca58000 JavaThread "jar transforms Thread 101" [_thread_blocked, id=10636, stack(0x0000003a42b00000,0x0000003a42c00000)]
  0x000001653ca5a800 JavaThread "jar transforms Thread 102" [_thread_blocked, id=1428, stack(0x0000003a42c00000,0x0000003a42d00000)]
  0x000001653ca57000 JavaThread "jar transforms Thread 103" [_thread_blocked, id=20000, stack(0x0000003a42d00000,0x0000003a42e00000)]
  0x000001653daa2000 JavaThread "jar transforms Thread 104" [_thread_blocked, id=17200, stack(0x0000003a42e00000,0x0000003a42f00000)]
  0x000001653daa3000 JavaThread "jar transforms Thread 105" [_thread_blocked, id=2808, stack(0x0000003a42f00000,0x0000003a43000000)]
  0x000001653daa5800 JavaThread "jar transforms Thread 106" [_thread_blocked, id=19596, stack(0x0000003a43000000,0x0000003a43100000)]
  0x000001653daa0800 JavaThread "jar transforms Thread 107" [_thread_blocked, id=24512, stack(0x0000003a43100000,0x0000003a43200000)]
  0x000001653da9f800 JavaThread "jar transforms Thread 108" [_thread_blocked, id=18036, stack(0x0000003a43200000,0x0000003a43300000)]
  0x000001653daa3800 JavaThread "jar transforms Thread 109" [_thread_blocked, id=26744, stack(0x0000003a43300000,0x0000003a43400000)]
  0x000001653daa1800 JavaThread "jar transforms Thread 110" [_thread_blocked, id=12236, stack(0x0000003a43400000,0x0000003a43500000)]
  0x000001653daa4800 JavaThread "jar transforms Thread 111" [_thread_blocked, id=15296, stack(0x0000003a43500000,0x0000003a43600000)]
  0x000001653daab000 JavaThread "jar transforms Thread 112" [_thread_blocked, id=12532, stack(0x0000003a43600000,0x0000003a43700000)]
  0x000001653daa9800 JavaThread "jar transforms Thread 113" [_thread_blocked, id=15808, stack(0x0000003a43700000,0x0000003a43800000)]
  0x000001653daaa000 JavaThread "jar transforms Thread 114" [_thread_blocked, id=27236, stack(0x0000003a43800000,0x0000003a43900000)]
  0x000001653daac000 JavaThread "jar transforms Thread 115" [_thread_blocked, id=14588, stack(0x0000003a43900000,0x0000003a43a00000)]
  0x000001653daa6000 JavaThread "jar transforms Thread 116" [_thread_blocked, id=17624, stack(0x0000003a43a00000,0x0000003a43b00000)]
  0x000001653daac800 JavaThread "jar transforms Thread 117" [_thread_blocked, id=14764, stack(0x0000003a43b00000,0x0000003a43c00000)]
  0x000001653daa7000 JavaThread "jar transforms Thread 118" [_thread_blocked, id=11572, stack(0x0000003a43c00000,0x0000003a43d00000)]
  0x000001653daad800 JavaThread "jar transforms Thread 119" [_thread_blocked, id=9752, stack(0x0000003a43d00000,0x0000003a43e00000)]
  0x000001653daa8000 JavaThread "Memory manager" [_thread_blocked, id=27220, stack(0x0000003a43e00000,0x0000003a43f00000)]
  0x000001653daae800 JavaThread "build event listener" [_thread_blocked, id=11680, stack(0x0000003a43f00000,0x0000003a44000000)]
  0x000001653eac6800 JavaThread "build event listener" [_thread_blocked, id=24080, stack(0x0000003a44000000,0x0000003a44100000)]
  0x000001653eac5800 JavaThread "pool-3-thread-1" [_thread_blocked, id=1500, stack(0x0000003a44100000,0x0000003a44200000)]
  0x000001653eac1800 JavaThread "build event listener" [_thread_blocked, id=26944, stack(0x0000003a44200000,0x0000003a44300000)]
  0x000001653eac4000 JavaThread "Execution worker for ':'" [_thread_blocked, id=18596, stack(0x0000003a44300000,0x0000003a44400000)]
  0x000001653eac3800 JavaThread "Execution worker for ':' Thread 2" [_thread_blocked, id=25720, stack(0x0000003a44400000,0x0000003a44500000)]
  0x000001653eac5000 JavaThread "Execution worker for ':' Thread 3" [_thread_blocked, id=23892, stack(0x0000003a44500000,0x0000003a44600000)]
  0x000001653eac1000 JavaThread "Execution worker for ':' Thread 4" [_thread_blocked, id=4632, stack(0x0000003a44600000,0x0000003a44700000)]
  0x000001653eacd000 JavaThread "Execution worker for ':' Thread 5" [_thread_blocked, id=22188, stack(0x0000003a44700000,0x0000003a44800000)]
  0x000001653eacb800 JavaThread "Execution worker for ':' Thread 6" [_thread_blocked, id=20188, stack(0x0000003a44800000,0x0000003a44900000)]
  0x000001653eac7800 JavaThread "Execution worker for ':' Thread 7" [_thread_blocked, id=2012, stack(0x0000003a44900000,0x0000003a44a00000)]
  0x000001653eace000 JavaThread "Cache worker for execution history cache (C:\Android Projects\Udemy TUTORIAL\.gradle\6.7.1\executionHistory)" [_thread_blocked, id=2676, stack(0x0000003a44a00000,0x0000003a44b00000)]
  0x000001653eac8000 JavaThread "WorkerExecutor Queue" [_thread_blocked, id=4668, stack(0x0000003a44b00000,0x0000003a44c00000)]
  0x000001653eac9000 JavaThread "WorkerExecutor Queue Thread 2" [_thread_blocked, id=18480, stack(0x0000003a44c00000,0x0000003a44d00000)]
  0x000001653eaca000 JavaThread "WorkerExecutor Queue Thread 3" [_thread_blocked, id=23972, stack(0x0000003a44d00000,0x0000003a44e00000)]
  0x000001653eace800 JavaThread "WorkerExecutor Queue Thread 4" [_thread_blocked, id=24764, stack(0x0000003a44e00000,0x0000003a44f00000)]
  0x000001653eaca800 JavaThread "pool-4-thread-1" [_thread_blocked, id=21716, stack(0x0000003a44f00000,0x0000003a45000000)]
  0x000001653eacc800 JavaThread "stderr" [_thread_in_native, id=24628, stack(0x0000003a45000000,0x0000003a45100000)]
  0x000001653eacf800 JavaThread "stdout" [_thread_in_native, id=27152, stack(0x0000003a45100000,0x0000003a45200000)]
  0x000001653f1a8000 JavaThread "ForkJoinPool-1-worker-3" daemon [_thread_blocked, id=15960, stack(0x0000003a45200000,0x0000003a45300000)]
  0x000001653f1ad000 JavaThread "ForkJoinPool-1-worker-5" daemon [_thread_blocked, id=10656, stack(0x0000003a45300000,0x0000003a45400000)]
  0x000001653f1a9000 JavaThread "ForkJoinPool-1-worker-7" daemon [_thread_blocked, id=13316, stack(0x0000003a45400000,0x0000003a45500000)]
  0x000001653f1ae000 JavaThread "ForkJoinPool-1-worker-9" daemon [_thread_blocked, id=3236, stack(0x0000003a45500000,0x0000003a45600000)]
  0x000001653f1ae800 JavaThread "ForkJoinPool-1-worker-11" daemon [_thread_blocked, id=9364, stack(0x0000003a45600000,0x0000003a45700000)]
  0x000001653f1ac800 JavaThread "ForkJoinPool-1-worker-13" daemon [_thread_blocked, id=4956, stack(0x0000003a45700000,0x0000003a45800000)]
  0x000001653f1af800 JavaThread "ForkJoinPool-1-worker-15" daemon [_thread_blocked, id=24784, stack(0x0000003a45800000,0x0000003a45900000)]
  0x000001653f1aa000 JavaThread "ForkJoinPool-1-worker-1" daemon [_thread_blocked, id=18836, stack(0x0000003a45900000,0x0000003a45a00000)]

Other Threads:
=>0x0000016537900000 VMThread "VM Thread" [stack: 0x0000003a39400000,0x0000003a39500000] [id=27616]
  0x00000165383e2000 WatcherThread [stack: 0x0000003a39e00000,0x0000003a39f00000] [id=13296]
  0x000001651d612800 GCTaskThread "GC Thread#0" [stack: 0x0000003a38f00000,0x0000003a39000000] [id=11496]
  0x0000016538f04000 GCTaskThread "GC Thread#1" [stack: 0x0000003a3a100000,0x0000003a3a200000] [id=21356]
  0x00000165390e2800 GCTaskThread "GC Thread#2" [stack: 0x0000003a3a200000,0x0000003a3a300000] [id=27596]
  0x00000165390e6800 GCTaskThread "GC Thread#3" [stack: 0x0000003a3ad00000,0x0000003a3ae00000] [id=20988]
  0x00000165390e1800 GCTaskThread "GC Thread#4" [stack: 0x0000003a3ae00000,0x0000003a3af00000] [id=17248]
  0x00000165390e7800 GCTaskThread "GC Thread#5" [stack: 0x0000003a3af00000,0x0000003a3b000000] [id=19760]
  0x00000165390e8000 GCTaskThread "GC Thread#6" [stack: 0x0000003a3b000000,0x0000003a3b100000] [id=15892]
  0x00000165390e9000 GCTaskThread "GC Thread#7" [stack: 0x0000003a3b100000,0x0000003a3b200000] [id=25072]
  0x000001651d644000 ConcurrentGCThread "G1 Main Marker" [stack: 0x0000003a39000000,0x0000003a39100000] [id=1612]
  0x000001651d647000 ConcurrentGCThread "G1 Conc#0" [stack: 0x0000003a39100000,0x0000003a39200000] [id=11200]
  0x00000165390e4000 ConcurrentGCThread "G1 Conc#1" [stack: 0x0000003a3b400000,0x0000003a3b500000] [id=11576]
  0x0000016537750800 ConcurrentGCThread "G1 Refine#0" [stack: 0x0000003a39200000,0x0000003a39300000] [id=17640]
  0x000001653ec1c000 ConcurrentGCThread "G1 Refine#1" [stack: 0x0000003a45a00000,0x0000003a45b00000] [id=27452]
  0x000001653ec20000 ConcurrentGCThread "G1 Refine#2" [stack: 0x0000003a45b00000,0x0000003a45c00000] [id=3392]
  0x000001653ec22800 ConcurrentGCThread "G1 Refine#3" [stack: 0x0000003a45c00000,0x0000003a45d00000] [id=19224]
  0x000001653ec23000 ConcurrentGCThread "G1 Refine#4" [stack: 0x0000003a45d00000,0x0000003a45e00000] [id=3600]
  0x000001653ec1f800 ConcurrentGCThread "G1 Refine#5" [stack: 0x0000003a45e00000,0x0000003a45f00000] [id=14220]
  0x000001653ec1c800 ConcurrentGCThread "G1 Refine#6" [stack: 0x0000003a45f00000,0x0000003a46000000] [id=27588]
  0x0000016537751000 ConcurrentGCThread "G1 Young RemSet Sampling" [stack: 0x0000003a39300000,0x0000003a39400000] [id=3988]

Threads with active compile tasks:
C2 CompilerThread0  14056 9833 %     4       com.android.tools.r8.dex.n::a @ 315 (913 bytes)
C1 CompilerThread0  14056 10473       2       com.android.tools.r8.graph.t0$d::a (29 bytes)
C2 CompilerThread1  14056 10454       4       java.util.Collections$SetFromMap::add (22 bytes)
C2 CompilerThread2  14056 10470       4       java.util.stream.ReferencePipeline$2$1::accept (27 bytes)

VM state:at safepoint (normal execution)

VM Mutex/Monitor currently owned by a thread:  ([mutex/lock_event])
[0x000001651d5f8960] Threads_lock - owner thread: 0x0000016537900000
[0x000001651d5f7be0] Heap_lock - owner thread: 0x000001653eaca000

Heap address: 0x0000000080000000, size: 2048 MB, Compressed Oops mode: 32-bit
Narrow klass base: 0x0000000000000000, Narrow klass shift: 3
Compressed class space size: 1073741824 Address: 0x0000000100000000

Heap:
 garbage-first heap   total 332800K, used 164818K [0x0000000080000000, 0x0000000100000000)
  region size 1024K, 4 young (4096K), 4 survivors (4096K)
 Metaspace       used 91238K, capacity 93355K, committed 93696K, reserved 1130496K
  class space    used 11907K, capacity 12694K, committed 12800K, reserved 1048576K
Heap Regions: E=young(eden), S=young(survivor), O=old, HS=humongous(starts), HC=humongous(continues), CS=collection set, F=free, A=archive, TAMS=top-at-mark-start (previous, next)
|   0|0x0000000080000000, 0x0000000080100000, 0x0000000080100000|100%| O|  |TAMS 0x0000000080100000, 0x0000000080000000| Untracked 
|   1|0x0000000080100000, 0x0000000080200000, 0x0000000080200000|100%| O|  |TAMS 0x0000000080200000, 0x0000000080100000| Untracked 
|   2|0x0000000080200000, 0x0000000080300000, 0x0000000080300000|100%| O|  |TAMS 0x0000000080300000, 0x0000000080200000| Untracked 
|   3|0x0000000080300000, 0x0000000080400000, 0x0000000080400000|100%|HS|  |TAMS 0x0000000080400000, 0x0000000080300000| Complete 
|   4|0x0000000080400000, 0x0000000080500000, 0x0000000080500000|100%|HC|  |TAMS 0x0000000080500000, 0x0000000080400000| Complete 
|   5|0x0000000080500000, 0x0000000080600000, 0x0000000080600000|100%|HC|  |TAMS 0x0000000080600000, 0x0000000080500000| Complete 
|   6|0x0000000080600000, 0x0000000080700000, 0x0000000080700000|100%| O|  |TAMS 0x0000000080700000, 0x0000000080600000| Untracked 
|   7|0x0000000080700000, 0x0000000080800000, 0x0000000080800000|100%| O|  |TAMS 0x0000000080800000, 0x0000000080700000| Untracked 
|   8|0x0000000080800000, 0x0000000080900000, 0x0000000080900000|100%| O|  |TAMS 0x0000000080900000, 0x0000000080800000| Untracked 
|   9|0x0000000080900000, 0x0000000080a00000, 0x0000000080a00000|100%| O|  |TAMS 0x0000000080a00000, 0x0000000080900000| Untracked 
|  10|0x0000000080a00000, 0x0000000080b00000, 0x0000000080b00000|100%| O|  |TAMS 0x0000000080b00000, 0x0000000080a00000| Untracked 
|  11|0x0000000080b00000, 0x0000000080c00000, 0x0000000080c00000|100%| O|  |TAMS 0x0000000080c00000, 0x0000000080b00000| Untracked 
|  12|0x0000000080c00000, 0x0000000080d00000, 0x0000000080d00000|100%| O|  |TAMS 0x0000000080d00000, 0x0000000080c00000| Untracked 
|  13|0x0000000080d00000, 0x0000000080e00000, 0x0000000080e00000|100%| O|  |TAMS 0x0000000080e00000, 0x0000000080d00000| Untracked 
|  14|0x0000000080e00000, 0x0000000080f00000, 0x0000000080f00000|100%| O|  |TAMS 0x0000000080f00000, 0x0000000080e00000| Untracked 
|  15|0x0000000080f00000, 0x0000000081000000, 0x0000000081000000|100%| O|  |TAMS 0x0000000081000000, 0x0000000080f00000| Untracked 
|  16|0x0000000081000000, 0x0000000081100000, 0x0000000081100000|100%| O|  |TAMS 0x0000000081100000, 0x0000000081000000| Untracked 
|  17|0x0000000081100000, 0x0000000081200000, 0x0000000081200000|100%| O|  |TAMS 0x0000000081200000, 0x0000000081100000| Untracked 
|  18|0x0000000081200000, 0x0000000081300000, 0x0000000081300000|100%| O|  |TAMS 0x0000000081300000, 0x0000000081200000| Untracked 
|  19|0x0000000081300000, 0x0000000081400000, 0x0000000081400000|100%|HS|  |TAMS 0x0000000081400000, 0x0000000081300000| Complete 
|  20|0x0000000081400000, 0x0000000081500000, 0x0000000081500000|100%| O|  |TAMS 0x0000000081500000, 0x0000000081400000| Untracked 
|  21|0x0000000081500000, 0x0000000081600000, 0x0000000081600000|100%| O|  |TAMS 0x0000000081600000, 0x0000000081500000| Untracked 
|  22|0x0000000081600000, 0x0000000081700000, 0x0000000081700000|100%|HS|  |TAMS 0x0000000081700000, 0x0000000081600000| Complete 
|  23|0x0000000081700000, 0x0000000081800000, 0x0000000081800000|100%|HS|  |TAMS 0x0000000081800000, 0x0000000081700000| Complete 
|  24|0x0000000081800000, 0x0000000081900000, 0x0000000081900000|100%|HC|  |TAMS 0x0000000081900000, 0x0000000081800000| Complete 
|  25|0x0000000081900000, 0x0000000081a00000, 0x0000000081a00000|100%|HC|  |TAMS 0x0000000081a00000, 0x0000000081900000| Complete 
|  26|0x0000000081a00000, 0x0000000081b00000, 0x0000000081b00000|100%|HS|  |TAMS 0x0000000081b00000, 0x0000000081a00000| Complete 
|  27|0x0000000081b00000, 0x0000000081c00000, 0x0000000081c00000|100%|HC|  |TAMS 0x0000000081c00000, 0x0000000081b00000| Complete 
|  28|0x0000000081c00000, 0x0000000081d00000, 0x0000000081d00000|100%| O|  |TAMS 0x0000000081d00000, 0x0000000081c00000| Untracked 
|  29|0x0000000081d00000, 0x0000000081e00000, 0x0000000081e00000|100%| O|  |TAMS 0x0000000081e00000, 0x0000000081d00000| Untracked 
|  30|0x0000000081e00000, 0x0000000081f00000, 0x0000000081f00000|100%| O|  |TAMS 0x0000000081f00000, 0x0000000081e00000| Untracked 
|  31|0x0000000081f00000, 0x0000000082000000, 0x0000000082000000|100%| O|  |TAMS 0x0000000082000000, 0x0000000081f00000| Untracked 
|  32|0x0000000082000000, 0x0000000082100000, 0x0000000082100000|100%| O|  |TAMS 0x0000000082100000, 0x0000000082000000| Untracked 
|  33|0x0000000082100000, 0x0000000082200000, 0x0000000082200000|100%| O|  |TAMS 0x0000000082200000, 0x0000000082100000| Untracked 
|  34|0x0000000082200000, 0x0000000082300000, 0x0000000082300000|100%| O|  |TAMS 0x0000000082300000, 0x0000000082200000| Untracked 
|  35|0x0000000082300000, 0x0000000082400000, 0x0000000082400000|100%| O|  |TAMS 0x0000000082400000, 0x0000000082300000| Untracked 
|  36|0x0000000082400000, 0x0000000082500000, 0x0000000082500000|100%| O|  |TAMS 0x0000000082500000, 0x0000000082400000| Untracked 
|  37|0x0000000082500000, 0x0000000082600000, 0x0000000082600000|100%| O|  |TAMS 0x0000000082600000, 0x0000000082500000| Untracked 
|  38|0x0000000082600000, 0x0000000082700000, 0x0000000082700000|100%| O|  |TAMS 0x0000000082700000, 0x0000000082600000| Untracked 
|  39|0x0000000082700000, 0x0000000082800000, 0x0000000082800000|100%| O|  |TAMS 0x0000000082800000, 0x0000000082700000| Untracked 
|  40|0x0000000082800000, 0x0000000082900000, 0x0000000082900000|100%| O|  |TAMS 0x0000000082900000, 0x0000000082800000| Untracked 
|  41|0x0000000082900000, 0x0000000082a00000, 0x0000000082a00000|100%| O|  |TAMS 0x0000000082a00000, 0x0000000082900000| Untracked 
|  42|0x0000000082a00000, 0x0000000082b00000, 0x0000000082b00000|100%| O|  |TAMS 0x0000000082b00000, 0x0000000082a00000| Untracked 
|  43|0x0000000082b00000, 0x0000000082c00000, 0x0000000082c00000|100%| O|  |TAMS 0x0000000082c00000, 0x0000000082b00000| Untracked 
|  44|0x0000000082c00000, 0x0000000082d00000, 0x0000000082d00000|100%| O|  |TAMS 0x0000000082d00000, 0x0000000082c00000| Untracked 
|  45|0x0000000082d00000, 0x0000000082e00000, 0x0000000082e00000|100%| O|  |TAMS 0x0000000082e00000, 0x0000000082d00000| Untracked 
|  46|0x0000000082e00000, 0x0000000082f00000, 0x0000000082f00000|100%| O|  |TAMS 0x0000000082f00000, 0x0000000082e00000| Untracked 
|  47|0x0000000082f00000, 0x0000000083000000, 0x0000000083000000|100%| O|  |TAMS 0x0000000083000000, 0x0000000082f00000| Untracked 
|  48|0x0000000083000000, 0x0000000083100000, 0x0000000083100000|100%| O|  |TAMS 0x0000000083100000, 0x0000000083000000| Untracked 
|  49|0x0000000083100000, 0x0000000083200000, 0x0000000083200000|100%| O|  |TAMS 0x0000000083200000, 0x0000000083100000| Untracked 
|  50|0x0000000083200000, 0x0000000083300000, 0x0000000083300000|100%| O|  |TAMS 0x0000000083300000, 0x0000000083200000| Untracked 
|  51|0x0000000083300000, 0x0000000083400000, 0x0000000083400000|100%| O|  |TAMS 0x0000000083400000, 0x0000000083300000| Untracked 
|  52|0x0000000083400000, 0x0000000083500000, 0x0000000083500000|100%| O|  |TAMS 0x0000000083500000, 0x0000000083400000| Untracked 
|  53|0x0000000083500000, 0x0000000083600000, 0x0000000083600000|100%| O|  |TAMS 0x0000000083600000, 0x0000000083500000| Untracked 
|  54|0x0000000083600000, 0x0000000083700000, 0x0000000083700000|100%| O|  |TAMS 0x0000000083700000, 0x0000000083600000| Untracked 
|  55|0x0000000083700000, 0x0000000083800000, 0x0000000083800000|100%| O|  |TAMS 0x0000000083800000, 0x0000000083700000| Untracked 
|  56|0x0000000083800000, 0x0000000083900000, 0x0000000083900000|100%| O|  |TAMS 0x0000000083900000, 0x0000000083800000| Untracked 
|  57|0x0000000083900000, 0x0000000083a00000, 0x0000000083a00000|100%| O|  |TAMS 0x0000000083a00000, 0x0000000083900000| Untracked 
|  58|0x0000000083a00000, 0x0000000083b00000, 0x0000000083b00000|100%| O|  |TAMS 0x0000000083b00000, 0x0000000083a00000| Untracked 
|  59|0x0000000083b00000, 0x0000000083c00000, 0x0000000083c00000|100%| O|  |TAMS 0x0000000083c00000, 0x0000000083b00000| Untracked 
|  60|0x0000000083c00000, 0x0000000083d00000, 0x0000000083d00000|100%| O|  |TAMS 0x0000000083d00000, 0x0000000083c00000| Untracked 
|  61|0x0000000083d00000, 0x0000000083e00000, 0x0000000083e00000|100%|HS|  |TAMS 0x0000000083e00000, 0x0000000083d00000| Complete 
|  62|0x0000000083e00000, 0x0000000083f00000, 0x0000000083f00000|100%|HC|  |TAMS 0x0000000083f00000, 0x0000000083e00000| Complete 
|  63|0x0000000083f00000, 0x0000000084000000, 0x0000000084000000|100%|HC|  |TAMS 0x0000000084000000, 0x0000000083f00000| Complete 
|  64|0x0000000084000000, 0x0000000084100000, 0x0000000084100000|100%|HS|  |TAMS 0x0000000084100000, 0x0000000084000000| Complete 
|  65|0x0000000084100000, 0x0000000084200000, 0x0000000084200000|100%|HC|  |TAMS 0x0000000084200000, 0x0000000084100000| Complete 
|  66|0x0000000084200000, 0x0000000084300000, 0x0000000084300000|100%|HS|  |TAMS 0x0000000084300000, 0x0000000084200000| Complete 
|  67|0x0000000084300000, 0x0000000084400000, 0x0000000084400000|100%|HS|  |TAMS 0x0000000084400000, 0x0000000084300000| Complete 
|  68|0x0000000084400000, 0x0000000084500000, 0x0000000084500000|100%|HS|  |TAMS 0x0000000084500000, 0x0000000084400000| Complete 
|  69|0x0000000084500000, 0x0000000084600000, 0x0000000084600000|100%| O|  |TAMS 0x0000000084600000, 0x0000000084500000| Untracked 
|  70|0x0000000084600000, 0x0000000084700000, 0x0000000084700000|100%| O|  |TAMS 0x0000000084700000, 0x0000000084600000| Untracked 
|  71|0x0000000084700000, 0x0000000084800000, 0x0000000084800000|100%| O|  |TAMS 0x0000000084800000, 0x0000000084700000| Untracked 
|  72|0x0000000084800000, 0x0000000084900000, 0x0000000084900000|100%| O|  |TAMS 0x0000000084900000, 0x0000000084800000| Untracked 
|  73|0x0000000084900000, 0x0000000084a00000, 0x0000000084a00000|100%| O|  |TAMS 0x0000000084a00000, 0x0000000084900000| Untracked 
|  74|0x0000000084a00000, 0x0000000084b00000, 0x0000000084b00000|100%| O|  |TAMS 0x0000000084b00000, 0x0000000084a00000| Untracked 
|  75|0x0000000084b00000, 0x0000000084c00000, 0x0000000084c00000|100%|HS|  |TAMS 0x0000000084c00000, 0x0000000084b00000| Complete 
|  76|0x0000000084c00000, 0x0000000084d00000, 0x0000000084d00000|100%| O|  |TAMS 0x0000000084d00000, 0x0000000084c00000| Untracked 
|  77|0x0000000084d00000, 0x0000000084e00000, 0x0000000084e00000|100%|HS|  |TAMS 0x0000000084e00000, 0x0000000084d00000| Complete 
|  78|0x0000000084e00000, 0x0000000084f00000, 0x0000000084f00000|100%|HC|  |TAMS 0x0000000084f00000, 0x0000000084e00000| Complete 
|  79|0x0000000084f00000, 0x0000000085000000, 0x0000000085000000|100%|HC|  |TAMS 0x0000000085000000, 0x0000000084f00000| Complete 
|  80|0x0000000085000000, 0x0000000085100000, 0x0000000085100000|100%|HS|  |TAMS 0x0000000085100000, 0x0000000085000000| Complete 
|  81|0x0000000085100000, 0x0000000085200000, 0x0000000085200000|100%| O|  |TAMS 0x0000000085200000, 0x0000000085100000| Untracked 
|  82|0x0000000085200000, 0x0000000085300000, 0x0000000085300000|100%|HS|  |TAMS 0x0000000085300000, 0x0000000085200000| Complete 
|  83|0x0000000085300000, 0x0000000085400000, 0x0000000085400000|100%|HC|  |TAMS 0x0000000085400000, 0x0000000085300000| Complete 
|  84|0x0000000085400000, 0x0000000085500000, 0x0000000085500000|100%| O|  |TAMS 0x0000000085500000, 0x0000000085400000| Untracked 
|  85|0x0000000085500000, 0x0000000085600000, 0x0000000085600000|100%| O|  |TAMS 0x0000000085600000, 0x0000000085500000| Untracked 
|  86|0x0000000085600000, 0x0000000085700000, 0x0000000085700000|100%| O|  |TAMS 0x0000000085700000, 0x0000000085600000| Untracked 
|  87|0x0000000085700000, 0x0000000085800000, 0x0000000085800000|100%| O|  |TAMS 0x0000000085800000, 0x0000000085700000| Untracked 
|  88|0x0000000085800000, 0x0000000085900000, 0x0000000085900000|100%| O|  |TAMS 0x0000000085900000, 0x0000000085800000| Untracked 
|  89|0x0000000085900000, 0x0000000085a00000, 0x0000000085a00000|100%| O|  |TAMS 0x0000000085a00000, 0x0000000085900000| Untracked 
|  90|0x0000000085a00000, 0x0000000085b00000, 0x0000000085b00000|100%| O|  |TAMS 0x0000000085b00000, 0x0000000085a00000| Untracked 
|  91|0x0000000085b00000, 0x0000000085c00000, 0x0000000085c00000|100%|HS|  |TAMS 0x0000000085c00000, 0x0000000085b00000| Complete 
|  92|0x0000000085c00000, 0x0000000085d00000, 0x0000000085d00000|100%| O|  |TAMS 0x0000000085d00000, 0x0000000085c00000| Untracked 
|  93|0x0000000085d00000, 0x0000000085e00000, 0x0000000085e00000|100%| O|  |TAMS 0x0000000085e00000, 0x0000000085d00000| Untracked 
|  94|0x0000000085e00000, 0x0000000085f00000, 0x0000000085f00000|100%| O|  |TAMS 0x0000000085f00000, 0x0000000085e00000| Untracked 
|  95|0x0000000085f00000, 0x0000000086000000, 0x0000000086000000|100%| O|  |TAMS 0x0000000086000000, 0x0000000085f00000| Untracked 
|  96|0x0000000086000000, 0x0000000086100000, 0x0000000086100000|100%| O|  |TAMS 0x0000000086100000, 0x0000000086000000| Untracked 
|  97|0x0000000086100000, 0x0000000086200000, 0x0000000086200000|100%|HS|  |TAMS 0x0000000086200000, 0x0000000086100000| Complete 
|  98|0x0000000086200000, 0x0000000086300000, 0x0000000086300000|100%| O|  |TAMS 0x0000000086300000, 0x0000000086200000| Untracked 
|  99|0x0000000086300000, 0x0000000086400000, 0x0000000086400000|100%| O|  |TAMS 0x0000000086400000, 0x0000000086300000| Untracked 
| 100|0x0000000086400000, 0x0000000086500000, 0x0000000086500000|100%| O|  |TAMS 0x0000000086500000, 0x0000000086400000| Untracked 
| 101|0x0000000086500000, 0x0000000086600000, 0x0000000086600000|100%| O|  |TAMS 0x0000000086600000, 0x0000000086500000| Untracked 
| 102|0x0000000086600000, 0x0000000086700000, 0x0000000086700000|100%| O|  |TAMS 0x0000000086700000, 0x0000000086600000| Untracked 
| 103|0x0000000086700000, 0x0000000086800000, 0x0000000086800000|100%| O|  |TAMS 0x0000000086800000, 0x0000000086700000| Untracked 
| 104|0x0000000086800000, 0x0000000086900000, 0x0000000086900000|100%| O|  |TAMS 0x0000000086900000, 0x0000000086800000| Untracked 
| 105|0x0000000086900000, 0x0000000086a00000, 0x0000000086a00000|100%| O|  |TAMS 0x0000000086a00000, 0x0000000086900000| Untracked 
| 106|0x0000000086a00000, 0x0000000086b00000, 0x0000000086b00000|100%| O|  |TAMS 0x0000000086b00000, 0x0000000086a00000| Untracked 
| 107|0x0000000086b00000, 0x0000000086c00000, 0x0000000086c00000|100%| O|  |TAMS 0x0000000086c00000, 0x0000000086b00000| Untracked 
| 108|0x0000000086c00000, 0x0000000086d00000, 0x0000000086d00000|100%| O|  |TAMS 0x0000000086d00000, 0x0000000086c00000| Untracked 
| 109|0x0000000086d00000, 0x0000000086e00000, 0x0000000086e00000|100%| O|  |TAMS 0x0000000086e00000, 0x0000000086d00000| Untracked 
| 110|0x0000000086e00000, 0x0000000086f00000, 0x0000000086f00000|100%| O|  |TAMS 0x0000000086f00000, 0x0000000086e00000| Untracked 
| 111|0x0000000086f00000, 0x0000000087000000, 0x0000000087000000|100%| O|  |TAMS 0x0000000087000000, 0x0000000086f00000| Untracked 
| 112|0x0000000087000000, 0x0000000087100000, 0x0000000087100000|100%| O|  |TAMS 0x0000000087100000, 0x0000000087000000| Untracked 
| 113|0x0000000087100000, 0x0000000087200000, 0x0000000087200000|100%| O|  |TAMS 0x0000000087200000, 0x0000000087100000| Untracked 
| 114|0x0000000087200000, 0x0000000087300000, 0x0000000087300000|100%| O|  |TAMS 0x0000000087300000, 0x0000000087200000| Untracked 
| 115|0x0000000087300000, 0x0000000087400000, 0x0000000087400000|100%| O|  |TAMS 0x0000000087400000, 0x0000000087300000| Untracked 
| 116|0x0000000087400000, 0x0000000087500000, 0x0000000087500000|100%| O|  |TAMS 0x0000000087500000, 0x0000000087400000| Untracked 
| 117|0x0000000087500000, 0x0000000087600000, 0x0000000087600000|100%| O|  |TAMS 0x0000000087600000, 0x0000000087500000| Untracked 
| 118|0x0000000087600000, 0x0000000087700000, 0x0000000087700000|100%| O|  |TAMS 0x0000000087700000, 0x0000000087600000| Untracked 
| 119|0x0000000087700000, 0x0000000087800000, 0x0000000087800000|100%| O|  |TAMS 0x0000000087800000, 0x0000000087700000| Untracked 
| 120|0x0000000087800000, 0x0000000087900000, 0x0000000087900000|100%| O|  |TAMS 0x0000000087900000, 0x0000000087800000| Untracked 
| 121|0x0000000087900000, 0x0000000087a00000, 0x0000000087a00000|100%| O|  |TAMS 0x0000000087a00000, 0x0000000087900000| Untracked 
| 122|0x0000000087a00000, 0x0000000087b00000, 0x0000000087b00000|100%| O|  |TAMS 0x0000000087b00000, 0x0000000087a00000| Untracked 
| 123|0x0000000087b00000, 0x0000000087c00000, 0x0000000087c00000|100%| O|  |TAMS 0x0000000087c00000, 0x0000000087b00000| Untracked 
| 124|0x0000000087c00000, 0x0000000087d00000, 0x0000000087d00000|100%| O|  |TAMS 0x0000000087d00000, 0x0000000087c00000| Untracked 
| 125|0x0000000087d00000, 0x0000000087e00000, 0x0000000087e00000|100%| O|  |TAMS 0x0000000087e00000, 0x0000000087d00000| Untracked 
| 126|0x0000000087e00000, 0x0000000087f00000, 0x0000000087f00000|100%| O|  |TAMS 0x0000000087f00000, 0x0000000087e00000| Untracked 
| 127|0x0000000087f00000, 0x0000000088000000, 0x0000000088000000|100%| O|  |TAMS 0x0000000088000000, 0x0000000087f00000| Untracked 
| 128|0x0000000088000000, 0x0000000088100000, 0x0000000088100000|100%| O|  |TAMS 0x0000000088100000, 0x0000000088000000| Untracked 
| 129|0x0000000088100000, 0x0000000088200000, 0x0000000088200000|100%| O|  |TAMS 0x0000000088200000, 0x0000000088100000| Untracked 
| 130|0x0000000088200000, 0x0000000088300000, 0x0000000088300000|100%| O|  |TAMS 0x0000000088300000, 0x0000000088200000| Untracked 
| 131|0x0000000088300000, 0x0000000088400000, 0x0000000088400000|100%| O|  |TAMS 0x0000000088400000, 0x0000000088300000| Untracked 
| 132|0x0000000088400000, 0x0000000088500000, 0x0000000088500000|100%| O|  |TAMS 0x0000000088500000, 0x0000000088400000| Untracked 
| 133|0x0000000088500000, 0x0000000088600000, 0x0000000088600000|100%| O|  |TAMS 0x0000000088600000, 0x0000000088500000| Untracked 
| 134|0x0000000088600000, 0x0000000088700000, 0x0000000088700000|100%| O|  |TAMS 0x0000000088700000, 0x0000000088600000| Untracked 
| 135|0x0000000088700000, 0x0000000088800000, 0x0000000088800000|100%| O|  |TAMS 0x0000000088800000, 0x0000000088700000| Untracked 
| 136|0x0000000088800000, 0x0000000088900000, 0x0000000088900000|100%| O|  |TAMS 0x0000000088900000, 0x0000000088800000| Untracked 
| 137|0x0000000088900000, 0x0000000088a00000, 0x0000000088a00000|100%| O|  |TAMS 0x000000008894b400, 0x0000000088900000| Untracked 
| 138|0x0000000088a00000, 0x0000000088b00000, 0x0000000088b00000|100%| O|  |TAMS 0x0000000088a00000, 0x0000000088a00000| Untracked 
| 139|0x0000000088b00000, 0x0000000088c00000, 0x0000000088c00000|100%| O|  |TAMS 0x0000000088b00000, 0x0000000088b00000| Untracked 
| 140|0x0000000088c00000, 0x0000000088d00000, 0x0000000088d00000|100%| O|  |TAMS 0x0000000088c00000, 0x0000000088c00000| Untracked 
| 141|0x0000000088d00000, 0x0000000088e00000, 0x0000000088e00000|100%| O|  |TAMS 0x0000000088d00000, 0x0000000088d00000| Untracked 
| 142|0x0000000088e00000, 0x0000000088f00000, 0x0000000088f00000|100%| O|  |TAMS 0x0000000088e00000, 0x0000000088e00000| Untracked 
| 143|0x0000000088f00000, 0x0000000089000000, 0x0000000089000000|100%| O|  |TAMS 0x0000000088f00000, 0x0000000088f00000| Untracked 
| 144|0x0000000089000000, 0x0000000089100000, 0x0000000089100000|100%| O|  |TAMS 0x0000000089000000, 0x0000000089000000| Untracked 
| 145|0x0000000089100000, 0x0000000089200000, 0x0000000089200000|100%| O|  |TAMS 0x0000000089100000, 0x0000000089100000| Untracked 
| 146|0x0000000089200000, 0x0000000089300000, 0x0000000089300000|100%| O|  |TAMS 0x0000000089200000, 0x0000000089200000| Untracked 
| 147|0x0000000089300000, 0x0000000089400000, 0x0000000089400000|100%| O|  |TAMS 0x0000000089300000, 0x0000000089300000| Untracked 
| 148|0x0000000089400000, 0x0000000089500000, 0x0000000089500000|100%| O|  |TAMS 0x0000000089400000, 0x0000000089400000| Untracked 
| 149|0x0000000089500000, 0x0000000089600000, 0x0000000089600000|100%| O|  |TAMS 0x0000000089500000, 0x0000000089500000| Untracked 
| 150|0x0000000089600000, 0x0000000089700000, 0x0000000089700000|100%| O|  |TAMS 0x0000000089600000, 0x0000000089600000| Untracked 
| 151|0x0000000089700000, 0x0000000089800000, 0x0000000089800000|100%| O|  |TAMS 0x0000000089700000, 0x0000000089700000| Untracked 
| 152|0x0000000089800000, 0x0000000089900000, 0x0000000089900000|100%| O|  |TAMS 0x0000000089800000, 0x0000000089800000| Untracked 
| 153|0x0000000089900000, 0x0000000089a00000, 0x0000000089a00000|100%| O|  |TAMS 0x0000000089900000, 0x0000000089900000| Untracked 
| 154|0x0000000089a00000, 0x0000000089b00000, 0x0000000089b00000|100%| O|  |TAMS 0x0000000089a00000, 0x0000000089a00000| Untracked 
| 155|0x0000000089b00000, 0x0000000089c00000, 0x0000000089c00000|100%| O|  |TAMS 0x0000000089b00000, 0x0000000089b00000| Untracked 
| 156|0x0000000089c00000, 0x0000000089d00000, 0x0000000089d00000|100%| O|  |TAMS 0x0000000089c00000, 0x0000000089c00000| Untracked 
| 157|0x0000000089d00000, 0x0000000089db1800, 0x0000000089e00000| 69%| O|  |TAMS 0x0000000089d00000, 0x0000000089d00000| Untracked 
| 158|0x0000000089e00000, 0x0000000089e00000, 0x0000000089f00000|  0%| F|  |TAMS 0x0000000089e00000, 0x0000000089e00000| Untracked 
| 159|0x0000000089f00000, 0x0000000089f00000, 0x000000008a000000|  0%| F|  |TAMS 0x0000000089f00000, 0x0000000089f00000| Untracked 
| 160|0x000000008a000000, 0x000000008a000000, 0x000000008a100000|  0%| F|  |TAMS 0x000000008a000000, 0x000000008a000000| Untracked 
| 161|0x000000008a100000, 0x000000008a100000, 0x000000008a200000|  0%| F|  |TAMS 0x000000008a100000, 0x000000008a100000| Untracked 
| 162|0x000000008a200000, 0x000000008a200000, 0x000000008a300000|  0%| F|  |TAMS 0x000000008a200000, 0x000000008a200000| Untracked 
| 163|0x000000008a300000, 0x000000008a300000, 0x000000008a400000|  0%| F|  |TAMS 0x000000008a300000, 0x000000008a300000| Untracked 
| 164|0x000000008a400000, 0x000000008a400000, 0x000000008a500000|  0%| F|  |TAMS 0x000000008a400000, 0x000000008a400000| Untracked 
| 165|0x000000008a500000, 0x000000008a500000, 0x000000008a600000|  0%| F|  |TAMS 0x000000008a500000, 0x000000008a500000| Untracked 
| 166|0x000000008a600000, 0x000000008a600000, 0x000000008a700000|  0%| F|  |TAMS 0x000000008a600000, 0x000000008a600000| Untracked 
| 167|0x000000008a700000, 0x000000008a700000, 0x000000008a800000|  0%| F|  |TAMS 0x000000008a700000, 0x000000008a700000| Untracked 
| 168|0x000000008a800000, 0x000000008a800000, 0x000000008a900000|  0%| F|  |TAMS 0x000000008a800000, 0x000000008a800000| Untracked 
| 169|0x000000008a900000, 0x000000008a900000, 0x000000008aa00000|  0%| F|  |TAMS 0x000000008a900000, 0x000000008a900000| Untracked 
| 170|0x000000008aa00000, 0x000000008aa00000, 0x000000008ab00000|  0%| F|  |TAMS 0x000000008aa00000, 0x000000008aa00000| Untracked 
| 171|0x000000008ab00000, 0x000000008ab00000, 0x000000008ac00000|  0%| F|  |TAMS 0x000000008ab00000, 0x000000008ab00000| Untracked 
| 172|0x000000008ac00000, 0x000000008ac00000, 0x000000008ad00000|  0%| F|  |TAMS 0x000000008ac00000, 0x000000008ac00000| Untracked 
| 173|0x000000008ad00000, 0x000000008ad00000, 0x000000008ae00000|  0%| F|  |TAMS 0x000000008ad00000, 0x000000008ad00000| Untracked 
| 174|0x000000008ae00000, 0x000000008ae00000, 0x000000008af00000|  0%| F|  |TAMS 0x000000008ae00000, 0x000000008ae00000| Untracked 
| 175|0x000000008af00000, 0x000000008af00000, 0x000000008b000000|  0%| F|  |TAMS 0x000000008af00000, 0x000000008af00000| Untracked 
| 176|0x000000008b000000, 0x000000008b000000, 0x000000008b100000|  0%| F|  |TAMS 0x000000008b000000, 0x000000008b000000| Untracked 
| 177|0x000000008b100000, 0x000000008b100000, 0x000000008b200000|  0%| F|  |TAMS 0x000000008b100000, 0x000000008b100000| Untracked 
| 178|0x000000008b200000, 0x000000008b200000, 0x000000008b300000|  0%| F|  |TAMS 0x000000008b200000, 0x000000008b200000| Untracked 
| 179|0x000000008b300000, 0x000000008b300000, 0x000000008b400000|  0%| F|  |TAMS 0x000000008b300000, 0x000000008b300000| Untracked 
| 180|0x000000008b400000, 0x000000008b400000, 0x000000008b500000|  0%| F|  |TAMS 0x000000008b400000, 0x000000008b400000| Untracked 
| 181|0x000000008b500000, 0x000000008b500000, 0x000000008b600000|  0%| F|  |TAMS 0x000000008b500000, 0x000000008b500000| Untracked 
| 182|0x000000008b600000, 0x000000008b600000, 0x000000008b700000|  0%| F|  |TAMS 0x000000008b600000, 0x000000008b600000| Untracked 
| 183|0x000000008b700000, 0x000000008b700000, 0x000000008b800000|  0%| F|  |TAMS 0x000000008b700000, 0x000000008b700000| Untracked 
| 184|0x000000008b800000, 0x000000008b800000, 0x000000008b900000|  0%| F|  |TAMS 0x000000008b800000, 0x000000008b800000| Untracked 
| 185|0x000000008b900000, 0x000000008b900000, 0x000000008ba00000|  0%| F|  |TAMS 0x000000008b900000, 0x000000008b900000| Untracked 
| 186|0x000000008ba00000, 0x000000008ba00000, 0x000000008bb00000|  0%| F|  |TAMS 0x000000008ba00000, 0x000000008ba00000| Untracked 
| 187|0x000000008bb00000, 0x000000008bb00000, 0x000000008bc00000|  0%| F|  |TAMS 0x000000008bb00000, 0x000000008bb00000| Untracked 
| 188|0x000000008bc00000, 0x000000008bc00000, 0x000000008bd00000|  0%| F|  |TAMS 0x000000008bc00000, 0x000000008bc00000| Untracked 
| 189|0x000000008bd00000, 0x000000008bd00000, 0x000000008be00000|  0%| F|  |TAMS 0x000000008bd00000, 0x000000008bd00000| Untracked 
| 190|0x000000008be00000, 0x000000008be00000, 0x000000008bf00000|  0%| F|  |TAMS 0x000000008be00000, 0x000000008be00000| Untracked 
| 191|0x000000008bf00000, 0x000000008bf00000, 0x000000008c000000|  0%| F|  |TAMS 0x000000008bf00000, 0x000000008bf00000| Untracked 
| 192|0x000000008c000000, 0x000000008c000000, 0x000000008c100000|  0%| F|  |TAMS 0x000000008c000000, 0x000000008c000000| Untracked 
| 193|0x000000008c100000, 0x000000008c100000, 0x000000008c200000|  0%| F|  |TAMS 0x000000008c100000, 0x000000008c100000| Untracked 
| 194|0x000000008c200000, 0x000000008c200000, 0x000000008c300000|  0%| F|  |TAMS 0x000000008c200000, 0x000000008c200000| Untracked 
| 195|0x000000008c300000, 0x000000008c300000, 0x000000008c400000|  0%| F|  |TAMS 0x000000008c300000, 0x000000008c300000| Untracked 
| 196|0x000000008c400000, 0x000000008c400000, 0x000000008c500000|  0%| F|  |TAMS 0x000000008c400000, 0x000000008c400000| Untracked 
| 197|0x000000008c500000, 0x000000008c543210, 0x000000008c600000| 26%| S|CS|TAMS 0x000000008c500000, 0x000000008c500000| Complete 
| 198|0x000000008c600000, 0x000000008c700000, 0x000000008c700000|100%| S|CS|TAMS 0x000000008c600000, 0x000000008c600000| Complete 
| 199|0x000000008c700000, 0x000000008c800000, 0x000000008c800000|100%| S|CS|TAMS 0x000000008c700000, 0x000000008c700000| Complete 
| 200|0x000000008c800000, 0x000000008c900000, 0x000000008c900000|100%| S|CS|TAMS 0x000000008c800000, 0x000000008c800000| Complete 
| 201|0x000000008c900000, 0x000000008c900000, 0x000000008ca00000|  0%| F|  |TAMS 0x000000008c900000, 0x000000008c900000| Untracked 
| 202|0x000000008ca00000, 0x000000008ca00000, 0x000000008cb00000|  0%| F|  |TAMS 0x000000008ca00000, 0x000000008ca00000| Untracked 
| 203|0x000000008cb00000, 0x000000008cb00000, 0x000000008cc00000|  0%| F|  |TAMS 0x000000008cb00000, 0x000000008cb00000| Untracked 
| 204|0x000000008cc00000, 0x000000008cc00000, 0x000000008cd00000|  0%| F|  |TAMS 0x000000008cc00000, 0x000000008cc00000| Untracked 
| 205|0x000000008cd00000, 0x000000008cd00000, 0x000000008ce00000|  0%| F|  |TAMS 0x000000008cd00000, 0x000000008cd00000| Untracked 
| 206|0x000000008ce00000, 0x000000008ce00000, 0x000000008cf00000|  0%| F|  |TAMS 0x000000008ce00000, 0x000000008ce00000| Untracked 
| 207|0x000000008cf00000, 0x000000008cf00000, 0x000000008d000000|  0%| F|  |TAMS 0x000000008cf00000, 0x000000008cf00000| Untracked 
| 208|0x000000008d000000, 0x000000008d000000, 0x000000008d100000|  0%| F|  |TAMS 0x000000008d000000, 0x000000008d000000| Untracked 
| 209|0x000000008d100000, 0x000000008d100000, 0x000000008d200000|  0%| F|  |TAMS 0x000000008d100000, 0x000000008d100000| Untracked 
| 210|0x000000008d200000, 0x000000008d200000, 0x000000008d300000|  0%| F|  |TAMS 0x000000008d200000, 0x000000008d200000| Untracked 
| 211|0x000000008d300000, 0x000000008d300000, 0x000000008d400000|  0%| F|  |TAMS 0x000000008d300000, 0x000000008d300000| Untracked 
| 212|0x000000008d400000, 0x000000008d400000, 0x000000008d500000|  0%| F|  |TAMS 0x000000008d400000, 0x000000008d400000| Untracked 
| 213|0x000000008d500000, 0x000000008d500000, 0x000000008d600000|  0%| F|  |TAMS 0x000000008d500000, 0x000000008d500000| Untracked 
| 214|0x000000008d600000, 0x000000008d600000, 0x000000008d700000|  0%| F|  |TAMS 0x000000008d600000, 0x000000008d600000| Untracked 
| 215|0x000000008d700000, 0x000000008d700000, 0x000000008d800000|  0%| F|  |TAMS 0x000000008d700000, 0x000000008d700000| Untracked 
| 216|0x000000008d800000, 0x000000008d800000, 0x000000008d900000|  0%| F|  |TAMS 0x000000008d800000, 0x000000008d800000| Untracked 
| 217|0x000000008d900000, 0x000000008d900000, 0x000000008da00000|  0%| F|  |TAMS 0x000000008d900000, 0x000000008d900000| Untracked 
| 218|0x000000008da00000, 0x000000008da00000, 0x000000008db00000|  0%| F|  |TAMS 0x000000008da00000, 0x000000008da00000| Untracked 
| 219|0x000000008db00000, 0x000000008db00000, 0x000000008dc00000|  0%| F|  |TAMS 0x000000008db00000, 0x000000008db00000| Untracked 
| 220|0x000000008dc00000, 0x000000008dc00000, 0x000000008dd00000|  0%| F|  |TAMS 0x000000008dc00000, 0x000000008dc00000| Untracked 
| 221|0x000000008dd00000, 0x000000008dd00000, 0x000000008de00000|  0%| F|  |TAMS 0x000000008dd00000, 0x000000008dd00000| Untracked 

Card table byte_map: [0x00000165306b0000,0x0000016530ab0000] _byte_map_base: 0x00000165302b0000

Marking Bits (Prev, Next): (CMBitMap*) 0x000001651d63afe8, (CMBitMap*) 0x000001651d63b020
 Prev Bits: [0x0000016530eb0000, 0x0000016532eb0000)
 Next Bits: [0x0000016532eb0000, 0x0000016534eb0000)

Polling page: 0x000001651b5a0000

Metaspace:

Usage:
  Non-class:     78.77 MB capacity,    77.47 MB ( 98%) used,     1.07 MB (  1%) free+waste,   237.75 KB ( <1%) overhead. 
      Class:     12.40 MB capacity,    11.63 MB ( 94%) used,   678.84 KB (  5%) free+waste,   107.81 KB ( <1%) overhead. 
       Both:     91.17 MB capacity,    89.10 MB ( 98%) used,     1.73 MB (  2%) free+waste,   345.56 KB ( <1%) overhead. 

Virtual space:
  Non-class space:       80.00 MB reserved,      79.00 MB ( 99%) committed 
      Class space:        1.00 GB reserved,      12.50 MB (  1%) committed 
             Both:        1.08 GB reserved,      91.50 MB (  8%) committed 

Chunk freelists:
   Non-Class:  43.00 KB
       Class:  10.00 KB
        Both:  53.00 KB

MaxMetaspaceSize: 17179869184.00 GB
CompressedClassSpaceSize: 1.00 GB

CodeHeap 'non-profiled nmethods': size=120000Kb used=5846Kb max_used=5846Kb free=114153Kb
 bounds [0x0000016528a50000, 0x0000016529010000, 0x000001652ff80000]
CodeHeap 'profiled nmethods': size=120000Kb used=21432Kb max_used=21432Kb free=98567Kb
 bounds [0x0000016521520000, 0x0000016522a20000, 0x0000016528a50000]
CodeHeap 'non-nmethods': size=5760Kb used=2276Kb max_used=2333Kb free=3483Kb
 bounds [0x0000016520f80000, 0x00000165211f0000, 0x0000016521520000]
 total_blobs=10960 nmethods=10090 adapters=778
 compilation: enabled
              stopped_count=0, restarted_count=0
 full_count=0

Compilation events (20 events):
Event: 13.998 Thread 0x000001653ae19000 nmethod 10360 0x0000016529004b10 code [0x0000016529004ca0, 0x0000016529004cf8]
Event: 13.998 Thread 0x000001653ae19000 10454       4       java.util.Collections$SetFromMap::add (22 bytes)
Event: 13.999 Thread 0x000001653af38000 nmethod 10439 0x0000016529004d90 code [0x0000016529004f40, 0x00000165290052f8]
Event: 13.999 Thread 0x000001653af38000 10391       4       com.android.tools.r8.naming.I$b::a (5 bytes)
Event: 13.999 Thread 0x000001653af38000 nmethod 10391 0x0000016529005510 code [0x00000165290056a0, 0x0000016529005718]
Event: 13.999 Thread 0x000001653af38000 10347       4       java.util.Arrays::asList (9 bytes)
Event: 13.999 Thread 0x0000016537926800 nmethod 10465 0x0000016522a0e190 code [0x0000016522a0e500, 0x0000016522a0f408]
Event: 13.999 Thread 0x0000016537926800 10463       2       com.android.tools.r8.dex.P::a (9 bytes)
Event: 14.000 Thread 0x0000016537926800 nmethod 10463 0x0000016522a0fe90 code [0x0000016522a10040, 0x0000016522a10188]
Event: 14.000 Thread 0x0000016537926800 10464       2       com.android.tools.r8.dex.P$g::b (18 bytes)
Event: 14.000 Thread 0x0000016537926800 nmethod 10464 0x0000016522a10290 code [0x0000016522a10440, 0x0000016522a10568]
Event: 14.000 Thread 0x0000016537926800 10466       2       com.android.tools.r8.dex.P$g::a (20 bytes)
Event: 14.000 Thread 0x0000016537926800 nmethod 10466 0x0000016522a10690 code [0x0000016522a10860, 0x0000016522a10a28]
Event: 14.000 Thread 0x0000016537926800 10467       2       com.android.tools.r8.graph.n0$$Lambda$1007/0x0000000100c5c040::get$Lambda (9 bytes)
Event: 14.000 Thread 0x0000016537926800 nmethod 10467 0x0000016522a10b90 code [0x0000016522a10d40, 0x0000016522a10eb8]
Event: 14.000 Thread 0x0000016537926800 10468       2       com.android.tools.r8.graph.n0$$Lambda$1007/0x0000000100c5c040::<init> (10 bytes)
Event: 14.000 Thread 0x0000016537926800 nmethod 10468 0x0000016522a10f90 code [0x0000016522a11140, 0x0000016522a11278]
Event: 14.001 Thread 0x000001653af38000 nmethod 10347 0x0000016529005790 code [0x0000016529005920, 0x0000016529005a78]
Event: 14.001 Thread 0x000001653af38000 10470       4       java.util.stream.ReferencePipeline$2$1::accept (27 bytes)
Event: 14.001 Thread 0x0000016537926800 10473       2       com.android.tools.r8.graph.t0$d::a (29 bytes)

GC Heap History (20 events):
Event: 8.499 GC heap after
{Heap after GC invocations=14 (full 0):
 garbage-first heap   total 157696K, used 54518K [0x0000000080000000, 0x0000000100000000)
  region size 1024K, 6 young (6144K), 6 survivors (6144K)
 Metaspace       used 62717K, capacity 64171K, committed 64384K, reserved 1105920K
  class space    used 7934K, capacity 8461K, committed 8576K, reserved 1048576K
}
Event: 9.379 GC heap before
{Heap before GC invocations=15 (full 0):
 garbage-first heap   total 157696K, used 114934K [0x0000000080000000, 0x0000000100000000)
  region size 1024K, 65 young (66560K), 6 survivors (6144K)
 Metaspace       used 70385K, capacity 71887K, committed 71936K, reserved 1112064K
  class space    used 9109K, capacity 9698K, committed 9728K, reserved 1048576K
}
Event: 9.388 GC heap after
{Heap after GC invocations=16 (full 0):
 garbage-first heap   total 157696K, used 58712K [0x0000000080000000, 0x0000000100000000)
  region size 1024K, 9 young (9216K), 9 survivors (9216K)
 Metaspace       used 70385K, capacity 71887K, committed 71936K, reserved 1112064K
  class space    used 9109K, capacity 9698K, committed 9728K, reserved 1048576K
}
Event: 10.188 GC heap before
{Heap before GC invocations=16 (full 0):
 garbage-first heap   total 157696K, used 119128K [0x0000000080000000, 0x0000000100000000)
  region size 1024K, 68 young (69632K), 9 survivors (9216K)
 Metaspace       used 75748K, capacity 77384K, committed 77568K, reserved 1116160K
  class space    used 9881K, capacity 10488K, committed 10496K, reserved 1048576K
}
Event: 10.201 GC heap after
{Heap after GC invocations=17 (full 0):
 garbage-first heap   total 189440K, used 62188K [0x0000000080000000, 0x0000000100000000)
  region size 1024K, 8 young (8192K), 8 survivors (8192K)
 Metaspace       used 75748K, capacity 77384K, committed 77568K, reserved 1116160K
  class space    used 9881K, capacity 10488K, committed 10496K, reserved 1048576K
}
Event: 11.084 GC heap before
{Heap before GC invocations=17 (full 0):
 garbage-first heap   total 189440K, used 136940K [0x0000000080000000, 0x0000000100000000)
  region size 1024K, 82 young (83968K), 8 survivors (8192K)
 Metaspace       used 79435K, capacity 81300K, committed 81408K, reserved 1120256K
  class space    used 10326K, capacity 10998K, committed 11008K, reserved 1048576K
}
Event: 11.095 GC heap after
{Heap after GC invocations=18 (full 0):
 garbage-first heap   total 189440K, used 67527K [0x0000000080000000, 0x0000000100000000)
  region size 1024K, 9 young (9216K), 9 survivors (9216K)
 Metaspace       used 79435K, capacity 81300K, committed 81408K, reserved 1120256K
  class space    used 10326K, capacity 10998K, committed 11008K, reserved 1048576K
}
Event: 11.799 GC heap before
{Heap before GC invocations=18 (full 0):
 garbage-first heap   total 189440K, used 142279K [0x0000000080000000, 0x0000000100000000)
  region size 1024K, 83 young (84992K), 9 survivors (9216K)
 Metaspace       used 81394K, capacity 83373K, committed 83456K, reserved 1122304K
  class space    used 10549K, capacity 11247K, committed 11264K, reserved 1048576K
}
Event: 11.812 GC heap after
{Heap after GC invocations=19 (full 0):
 garbage-first heap   total 189440K, used 71894K [0x0000000080000000, 0x0000000100000000)
  region size 1024K, 10 young (10240K), 10 survivors (10240K)
 Metaspace       used 81394K, capacity 83373K, committed 83456K, reserved 1122304K
  class space    used 10549K, capacity 11247K, committed 11264K, reserved 1048576K
}
Event: 12.359 GC heap before
{Heap before GC invocations=19 (full 0):
 garbage-first heap   total 189440K, used 153814K [0x0000000080000000, 0x0000000100000000)
  region size 1024K, 83 young (84992K), 10 survivors (10240K)
 Metaspace       used 86187K, capacity 88282K, committed 88576K, reserved 1126400K
  class space    used 11165K, capacity 11934K, committed 12032K, reserved 1048576K
}
Event: 12.375 GC heap after
{Heap after GC invocations=20 (full 0):
 garbage-first heap   total 189440K, used 86936K [0x0000000080000000, 0x0000000100000000)
  region size 1024K, 11 young (11264K), 11 survivors (11264K)
 Metaspace       used 86187K, capacity 88282K, committed 88576K, reserved 1126400K
  class space    used 11165K, capacity 11934K, committed 12032K, reserved 1048576K
}
Event: 12.389 GC heap before
{Heap before GC invocations=20 (full 0):
 garbage-first heap   total 189440K, used 97176K [0x0000000080000000, 0x0000000100000000)
  region size 1024K, 13 young (13312K), 11 survivors (11264K)
 Metaspace       used 86288K, capacity 88346K, committed 88576K, reserved 1126400K
  class space    used 11176K, capacity 11934K, committed 12032K, reserved 1048576K
}
Event: 12.405 GC heap after
{Heap after GC invocations=21 (full 0):
 garbage-first heap   total 227328K, used 94222K [0x0000000080000000, 0x0000000100000000)
  region size 1024K, 2 young (2048K), 2 survivors (2048K)
 Metaspace       used 86288K, capacity 88346K, committed 88576K, reserved 1126400K
  class space    used 11176K, capacity 11934K, committed 12032K, reserved 1048576K
}
Event: 13.021 GC heap before
{Heap before GC invocations=22 (full 0):
 garbage-first heap   total 227328K, used 162830K [0x0000000080000000, 0x0000000100000000)
  region size 1024K, 63 young (64512K), 2 survivors (2048K)
 Metaspace       used 88885K, capacity 90911K, committed 91264K, reserved 1128448K
  class space    used 11617K, capacity 12348K, committed 12416K, reserved 1048576K
}
Event: 13.047 GC heap after
{Heap after GC invocations=23 (full 0):
 garbage-first heap   total 227328K, used 121617K [0x0000000080000000, 0x0000000100000000)
  region size 1024K, 8 young (8192K), 8 survivors (8192K)
 Metaspace       used 88885K, capacity 90911K, committed 91264K, reserved 1128448K
  class space    used 11617K, capacity 12348K, committed 12416K, reserved 1048576K
}
Event: 13.301 GC heap before
{Heap before GC invocations=23 (full 0):
 garbage-first heap   total 227328K, used 166673K [0x0000000080000000, 0x0000000100000000)
  region size 1024K, 52 young (53248K), 8 survivors (8192K)
 Metaspace       used 89008K, capacity 91054K, committed 91264K, reserved 1128448K
  class space    used 11617K, capacity 12348K, committed 12416K, reserved 1048576K
}
Event: 13.361 GC heap after
{Heap after GC invocations=24 (full 0):
 garbage-first heap   total 227328K, used 147757K [0x0000000080000000, 0x0000000100000000)
  region size 1024K, 7 young (7168K), 7 survivors (7168K)
 Metaspace       used 89008K, capacity 91054K, committed 91264K, reserved 1128448K
  class space    used 11617K, capacity 12348K, committed 12416K, reserved 1048576K
}
Event: 13.722 GC heap before
{Heap before GC invocations=24 (full 0):
 garbage-first heap   total 227328K, used 173357K [0x0000000080000000, 0x0000000100000000)
  region size 1024K, 33 young (33792K), 7 survivors (7168K)
 Metaspace       used 90650K, capacity 92808K, committed 93056K, reserved 1130496K
  class space    used 11843K, capacity 12624K, committed 12672K, reserved 1048576K
}
Event: 13.746 GC heap after
{Heap after GC invocations=25 (full 0):
 garbage-first heap   total 227328K, used 159744K [0x0000000080000000, 0x0000000100000000)
  region size 1024K, 5 young (5120K), 5 survivors (5120K)
 Metaspace       used 90650K, capacity 92808K, committed 93056K, reserved 1130496K
  class space    used 11843K, capacity 12624K, committed 12672K, reserved 1048576K
}
Event: 14.002 GC heap before
{Heap before GC invocations=26 (full 0):
 garbage-first heap   total 227328K, used 180224K [0x0000000080000000, 0x0000000100000000)
  region size 1024K, 26 young (26624K), 5 survivors (5120K)
 Metaspace       used 91238K, capacity 93355K, committed 93696K, reserved 1130496K
  class space    used 11907K, capacity 12694K, committed 12800K, reserved 1048576K
}

Deoptimization events (20 events):
Event: 13.789 Thread 0x000001653eaca000 DEOPT PACKING pc=0x0000016528a81f90 sp=0x0000003a44dfd9c0
Event: 13.789 Thread 0x000001653eaca000 DEOPT UNPACKING pc=0x0000016520fa74af sp=0x0000003a44dfd970 mode 2
Event: 13.790 Thread 0x000001653eaca000 Uncommon trap: trap_request=0xffffff4d fr.pc=0x0000016528fa5c84 relative=0x00000000000003e4
Event: 13.790 Thread 0x000001653eaca000 Uncommon trap: reason=unstable_if action=reinterpret pc=0x0000016528fa5c84 method=com.android.tools.r8.s.a.b.m.a.d()I @ 396 c2
Event: 13.790 Thread 0x000001653eaca000 DEOPT PACKING pc=0x0000016528fa5c84 sp=0x0000003a44dfd5e0
Event: 13.790 Thread 0x000001653eaca000 DEOPT UNPACKING pc=0x0000016520fa74af sp=0x0000003a44dfd510 mode 2
Event: 13.860 Thread 0x000001653f1ae000 DEOPT PACKING pc=0x00000165229d27dc sp=0x0000003a455feac0
Event: 13.860 Thread 0x000001653f1aa000 DEOPT PACKING pc=0x00000165229d27dc sp=0x0000003a459fed30
Event: 13.860 Thread 0x000001653f1ae000 DEOPT UNPACKING pc=0x0000016520fa72ce sp=0x0000003a455fdf80 mode 0
Event: 13.860 Thread 0x000001653f1aa000 DEOPT UNPACKING pc=0x0000016520fa72ce sp=0x0000003a459fe1f0 mode 0
Event: 13.860 Thread 0x000001653f1a9000 DEOPT PACKING pc=0x00000165229d27dc sp=0x0000003a454ff240
Event: 13.860 Thread 0x000001653f1a9000 DEOPT UNPACKING pc=0x0000016520fa72ce sp=0x0000003a454fe700 mode 0
Event: 13.860 Thread 0x000001653f1ad000 DEOPT PACKING pc=0x00000165229d27dc sp=0x0000003a453ff300
Event: 13.861 Thread 0x000001653f1ad000 DEOPT UNPACKING pc=0x0000016520fa72ce sp=0x0000003a453fe7c0 mode 0
Event: 13.969 Thread 0x000001653eaca000 Uncommon trap: trap_request=0xffffffe4 fr.pc=0x0000016528fc77cc relative=0x000000000000020c
Event: 13.969 Thread 0x000001653eaca000 Uncommon trap: reason=range_check action=make_not_entrant pc=0x0000016528fc77cc method=com.android.tools.r8.graph.q0.b(Lcom/android/tools/r8/graph/q0;)I @ 9 c2
Event: 13.969 Thread 0x000001653eaca000 DEOPT PACKING pc=0x0000016528fc77cc sp=0x0000003a44dfd1b0
Event: 13.969 Thread 0x000001653eaca000 DEOPT UNPACKING pc=0x0000016520fa74af sp=0x0000003a44dfd138 mode 2
Event: 13.989 Thread 0x000001653eaca000 DEOPT PACKING pc=0x00000165229ef648 sp=0x0000003a44dfd2b0
Event: 13.989 Thread 0x000001653eaca000 DEOPT UNPACKING pc=0x0000016520fa72ce sp=0x0000003a44dfc7f0 mode 0

Classes redefined (0 events):
No events

Internal exceptions (20 events):
Event: 12.490 Thread 0x000001653eac8000 Exception <a 'java/lang/NoSuchMethodError'{0x000000008d591b98}: 'java.lang.Object java.lang.invoke.DirectMethodHandle$Holder.invokeStatic(java.lang.Object, long)'> (0x000000008d591b98) thrown at [./src/hotspot/share/interpreter/linkResolver.cpp, line 773]
Event: 12.493 Thread 0x000001653eac8000 Exception <a 'java/lang/NoSuchMethodError'{0x000000008d5f1618}: 'java.lang.Object java.lang.invoke.DirectMethodHandle$Holder.invokeStaticInit(java.lang.Object, java.lang.Object, long, java.lang.Object)'> (0x000000008d5f1618) thrown at [./src/hotspot/share/interpreter/linkResolver.cpp, line 773]
Event: 12.493 Thread 0x000001653eac8000 Exception <a 'java/lang/NoSuchMethodError'{0x000000008d5f77b0}: 'java.lang.Object java.lang.invoke.DirectMethodHandle$Holder.invokeStatic(java.lang.Object, java.lang.Object, long)'> (0x000000008d5f77b0) thrown at [./src/hotspot/share/interpreter/linkResolver.cpp, line 773]
Event: 12.494 Thread 0x000001653eac8000 Exception <a 'java/lang/NoSuchMethodError'{0x000000008d5fdd28}: 'java.lang.Object java.lang.invoke.Invokers$Holder.linkToTargetMethod(java.lang.Object, long, java.lang.Object)'> (0x000000008d5fdd28) thrown at [./src/hotspot/share/interpreter/linkResolver.cpp, line 773]
Event: 12.692 Thread 0x000001653eac8000 Exception <a 'java/lang/NoSuchMethodError'{0x000000008c599028}: 'int java.lang.invoke.DirectMethodHandle$Holder.invokeSpecialIFC(java.lang.Object, java.lang.Object, java.lang.Object)'> (0x000000008c599028) thrown at [./src/hotspot/share/interpreter/linkResolver.cpp, line 773]
Event: 12.859 Thread 0x000001653f1a8000 Exception <a 'java/lang/NoSuchMethodError'{0x000000008ad8b2b8}: 'java.lang.Object java.lang.invoke.DirectMethodHandle$Holder.newInvokeSpecial(java.lang.Object, int)'> (0x000000008ad8b2b8) thrown at [./src/hotspot/share/interpreter/linkResolver.cpp, line 773]
Event: 13.488 Thread 0x000001653eaca000 Exception <a 'java/lang/NoSuchMethodError'{0x000000008d0c1680}: 'void java.lang.invoke.DirectMethodHandle$Holder.invokeStatic(java.lang.Object, java.lang.Object, java.lang.Object, int)'> (0x000000008d0c1680) thrown at [./src/hotspot/share/interpreter/linkResolver.cpp, line 773]
Event: 13.489 Thread 0x000001653eaca000 Exception <a 'java/lang/IncompatibleClassChangeError'{0x000000008d0c9638}: Found class java.lang.Object, but interface was expected> (0x000000008d0c9638) thrown at [./src/hotspot/share/interpreter/linkResolver.cpp, line 839]
Event: 13.603 Thread 0x000001653eaca000 Exception <a 'java/lang/NoSuchMethodError'{0x000000008ccadda8}: 'void java.lang.invoke.DirectMethodHandle$Holder.invokeStaticInit(java.lang.Object, java.lang.Object, java.lang.Object, java.lang.Object, java.lang.Object)'> (0x000000008ccadda8) thrown at [./src/hotspot/share/interpreter/linkResolver.cpp, line 773]
Event: 13.614 Thread 0x000001653eaca000 Exception <a 'java/lang/NoSuchMethodError'{0x000000008cb0eb60}: 'long java.lang.invoke.DirectMethodHandle$Holder.invokeStatic(java.lang.Object, java.lang.Object)'> (0x000000008cb0eb60) thrown at [./src/hotspot/share/interpreter/linkResolver.cpp, line 773]
Event: 13.623 Thread 0x000001653f1a9000 Exception <a 'java/lang/NoSuchMethodError'{0x000000008cf47760}: 'void java.lang.invoke.DirectMethodHandle$Holder.invokeSpecial(java.lang.Object, java.lang.Object, int, java.lang.Object)'> (0x000000008cf47760) thrown at [./src/hotspot/share/interpreter/linkResolver.cpp, line 773]
Event: 13.623 Thread 0x000001653f1ae000 Exception <a 'java/lang/NoSuchMethodError'{0x000000008cfa9958}: 'void java.lang.invoke.DirectMethodHandle$Holder.invokeSpecial(java.lang.Object, java.lang.Object, int, java.lang.Object)'> (0x000000008cfa9958) thrown at [./src/hotspot/share/interpreter/linkResolver.cpp, line 773]
Event: 13.623 Thread 0x000001653f1ae800 Exception <a 'java/lang/NoSuchMethodError'{0x000000008cba2ca8}: 'void java.lang.invoke.DirectMethodHandle$Holder.invokeSpecial(java.lang.Object, java.lang.Object, int, java.lang.Object)'> (0x000000008cba2ca8) thrown at [./src/hotspot/share/interpreter/linkResolver.cpp, line 773]
Event: 13.623 Thread 0x000001653f1af800 Exception <a 'java/lang/NoSuchMethodError'{0x000000008cb98768}: 'void java.lang.invoke.DirectMethodHandle$Holder.invokeSpecial(java.lang.Object, java.lang.Object, int, java.lang.Object)'> (0x000000008cb98768) thrown at [./src/hotspot/share/interpreter/linkResolver.cpp, line 773]
Event: 13.624 Thread 0x000001653f1aa000 Exception <a 'java/lang/NoSuchMethodError'{0x000000008cfa25a8}: 'void java.lang.invoke.DirectMethodHandle$Holder.invokeSpecial(java.lang.Object, java.lang.Object, int, java.lang.Object)'> (0x000000008cfa25a8) thrown at [./src/hotspot/share/interpreter/linkResolver.cpp, line 773]
Event: 13.624 Thread 0x000001653f1ac800 Exception <a 'java/lang/NoSuchMethodError'{0x000000008cba7688}: 'void java.lang.invoke.DirectMethodHandle$Holder.invokeSpecial(java.lang.Object, java.lang.Object, int, java.lang.Object)'> (0x000000008cba7688) thrown at [./src/hotspot/share/interpreter/linkResolver.cpp, line 773]
Event: 13.624 Thread 0x000001653f1ad000 Exception <a 'java/lang/NoSuchMethodError'{0x000000008dc097b0}: 'void java.lang.invoke.DirectMethodHandle$Holder.invokeSpecial(java.lang.Object, java.lang.Object, int, java.lang.Object)'> (0x000000008dc097b0) thrown at [./src/hotspot/share/interpreter/linkResolver.cpp, line 773]
Event: 13.627 Thread 0x000001653f1a8000 Exception <a 'java/lang/NoSuchMethodError'{0x000000008cb95078}: 'void java.lang.invoke.DirectMethodHandle$Holder.invokeSpecial(java.lang.Object, java.lang.Object, int, java.lang.Object)'> (0x000000008cb95078) thrown at [./src/hotspot/share/interpreter/linkResolver.cpp, line 773]
Event: 13.817 Thread 0x000001653eaca000 Exception <a 'java/lang/NoSuchMethodError'{0x000000008daee890}: 'java.lang.Object java.lang.invoke.DirectMethodHandle$Holder.invokeSpecial(java.lang.Object, java.lang.Object, java.lang.Object, java.lang.Object, java.lang.Object, java.lang.Object, java.lang.Object, java.lang.Object, java.lang.Object, java.lang.Object)'> (0x000000008daee890) thrown at [./src/hotspot/share/interpreter/linkResolver.cpp, line 773]
Event: 13.817 Thread 0x000001653eaca000 Exception <a 'java/lang/NoSuchMethodError'{0x000000008daf2980}: 'java.lang.Object java.lang.invoke.Invokers$Holder.linkToTargetMethod(java.lang.Object, java.lang.Object, java.lang.Object, java.lang.Object, java.lang.Object, java.lang.Object, java.lang.Object, java.lang.Object, java.lang.Object)'> (0x000000008daf2980) thrown at [./src/hotspot/share/interpreter/linkResolver.cpp, line 773]

Events (20 events):
Event: 13.938 loading class com/android/tools/r8/w/a/a/a/f/K0 done
Event: 13.939 loading class com/android/tools/r8/graph/S
Event: 13.939 loading class com/android/tools/r8/graph/S done
Event: 13.939 loading class com/android/tools/r8/graph/S
Event: 13.939 loading class com/android/tools/r8/graph/S done
Event: 13.939 loading class com/android/tools/r8/graph/S
Event: 13.939 loading class com/android/tools/r8/graph/S done
Event: 13.939 loading class com/android/tools/r8/graph/S
Event: 13.939 loading class com/android/tools/r8/graph/S done
Event: 13.939 loading class com/android/tools/r8/graph/S$h
Event: 13.939 loading class com/android/tools/r8/graph/S$h done
Event: 13.940 loading class com/android/tools/r8/graph/R0$d
Event: 13.940 loading class com/android/tools/r8/graph/R0$d done
Event: 13.940 loading class com/android/tools/r8/graph/j0
Event: 13.940 loading class com/android/tools/r8/graph/j0 done
Event: 13.940 loading class com/android/tools/r8/graph/R0$f
Event: 13.940 loading class com/android/tools/r8/graph/R0$f done
Event: 13.940 loading class com/android/tools/r8/graph/R0$f
Event: 13.940 loading class com/android/tools/r8/graph/R0$f done
Event: 14.001 Executing VM operation: G1CollectForAllocation


Dynamic libraries:
0x00007ff73c920000 - 0x00007ff73c92a000 	C:\Users\Dark Knight\Desktop\Android Studio\jre\bin\java.exe
0x00007ff9b2730000 - 0x00007ff9b2925000 	C:\WINDOWS\SYSTEM32\ntdll.dll
0x00007ff9b1dc0000 - 0x00007ff9b1e7e000 	C:\WINDOWS\System32\KERNEL32.DLL
0x00007ff9b0250000 - 0x00007ff9b0518000 	C:\WINDOWS\System32\KERNELBASE.dll
0x00007ff9b0150000 - 0x00007ff9b0250000 	C:\WINDOWS\System32\ucrtbase.dll
0x00007ff9a75c0000 - 0x00007ff9a75d9000 	C:\Users\Dark Knight\Desktop\Android Studio\jre\bin\jli.dll
0x00007ff9a7300000 - 0x00007ff9a7317000 	C:\Users\Dark Knight\Desktop\Android Studio\jre\bin\VCRUNTIME140.dll
0x00007ff9b09e0000 - 0x00007ff9b0b81000 	C:\WINDOWS\System32\USER32.dll
0x00007ff9affa0000 - 0x00007ff9affc2000 	C:\WINDOWS\System32\win32u.dll
0x00007ff9b2010000 - 0x00007ff9b203b000 	C:\WINDOWS\System32\GDI32.dll
0x00007ff99a6f0000 - 0x00007ff99a98a000 	C:\WINDOWS\WinSxS\amd64_microsoft.windows.common-controls_6595b64144ccf1df_6.0.19041.1110_none_60b5254171f9507e\COMCTL32.dll
0x00007ff9b0660000 - 0x00007ff9b076d000 	C:\WINDOWS\System32\gdi32full.dll
0x00007ff9b1300000 - 0x00007ff9b139e000 	C:\WINDOWS\System32\msvcrt.dll
0x00007ff9b0000000 - 0x00007ff9b009d000 	C:\WINDOWS\System32\msvcp_win.dll
0x00007ff9b2170000 - 0x00007ff9b21a0000 	C:\WINDOWS\System32\IMM32.DLL
0x00007ff97b080000 - 0x00007ff97b11d000 	C:\Users\Dark Knight\Desktop\Android Studio\jre\bin\msvcp140.dll
0x00007ff93b770000 - 0x00007ff93c22c000 	C:\Users\Dark Knight\Desktop\Android Studio\jre\bin\server\jvm.dll
0x00007ff9b25b0000 - 0x00007ff9b265c000 	C:\WINDOWS\System32\ADVAPI32.dll
0x00007ff9b1af0000 - 0x00007ff9b1b8b000 	C:\WINDOWS\System32\sechost.dll
0x00007ff9b1120000 - 0x00007ff9b124a000 	C:\WINDOWS\System32\RPCRT4.dll
0x00007ff9b0b90000 - 0x00007ff9b0b98000 	C:\WINDOWS\System32\PSAPI.DLL
0x00007ff9a54c0000 - 0x00007ff9a54c9000 	C:\WINDOWS\SYSTEM32\WSOCK32.dll
0x00007ff99c0d0000 - 0x00007ff99c0f7000 	C:\WINDOWS\SYSTEM32\WINMM.dll
0x00007ff9a54b0000 - 0x00007ff9a54ba000 	C:\WINDOWS\SYSTEM32\VERSION.dll
0x00007ff9b1fa0000 - 0x00007ff9b200b000 	C:\WINDOWS\System32\WS2_32.dll
0x00007ff9ae6c0000 - 0x00007ff9ae6d2000 	C:\WINDOWS\SYSTEM32\kernel.appcore.dll
0x00007ff9a8e30000 - 0x00007ff9a8e41000 	C:\Users\Dark Knight\Desktop\Android Studio\jre\bin\verify.dll
0x00007ff9adae0000 - 0x00007ff9adcc4000 	C:\WINDOWS\SYSTEM32\DBGHELP.DLL
0x00007ff9982c0000 - 0x00007ff9982ec000 	C:\WINDOWS\SYSTEM32\dbgcore.DLL
0x00007ff9b05d0000 - 0x00007ff9b0652000 	C:\WINDOWS\System32\bcryptPrimitives.dll
0x00007ff99ed10000 - 0x00007ff99ed39000 	C:\Users\Dark Knight\Desktop\Android Studio\jre\bin\java.dll
0x00007ff9ab890000 - 0x00007ff9ab89b000 	C:\Users\Dark Knight\Desktop\Android Studio\jre\bin\jimage.dll
0x00007ff9a7400000 - 0x00007ff9a7418000 	C:\Users\Dark Knight\Desktop\Android Studio\jre\bin\zip.dll
0x00007ff9b13a0000 - 0x00007ff9b1ae4000 	C:\WINDOWS\System32\SHELL32.dll
0x00007ff9adf10000 - 0x00007ff9ae6a4000 	C:\WINDOWS\SYSTEM32\windows.storage.dll
0x00007ff9b21a0000 - 0x00007ff9b24f5000 	C:\WINDOWS\System32\combase.dll
0x00007ff9af7c0000 - 0x00007ff9af7ee000 	C:\WINDOWS\SYSTEM32\Wldp.dll
0x00007ff9b1250000 - 0x00007ff9b12fd000 	C:\WINDOWS\System32\SHCORE.dll
0x00007ff9b0770000 - 0x00007ff9b07c5000 	C:\WINDOWS\System32\shlwapi.dll
0x00007ff9afd80000 - 0x00007ff9afd9f000 	C:\WINDOWS\SYSTEM32\profapi.dll
0x00007ff99e660000 - 0x00007ff99e67a000 	C:\Users\Dark Knight\Desktop\Android Studio\jre\bin\net.dll
0x00007ff99e9a0000 - 0x00007ff99eaac000 	C:\WINDOWS\SYSTEM32\WINHTTP.dll
0x00007ff9af520000 - 0x00007ff9af58a000 	C:\WINDOWS\system32\mswsock.dll
0x00007ff99e520000 - 0x00007ff99e534000 	C:\Users\Dark Knight\Desktop\Android Studio\jre\bin\nio.dll
0x00007ff9a75e0000 - 0x00007ff9a7607000 	C:\Users\Dark Knight\.gradle\native\fdc75f09e3144964f2cf3f50f0aa648679c211496f362492102eb8c894070792\windows-amd64\native-platform.dll
0x00007ff96dac0000 - 0x00007ff96dc56000 	C:\Users\Dark Knight\.gradle\native\12488b8bf47d2d4c9fbf2f6322a914ad602e24e48041cd04a747c6da556b65c4\windows-amd64\native-platform-file-events.dll
0x00007ff9ab1e0000 - 0x00007ff9ab1ea000 	C:\Users\Dark Knight\Desktop\Android Studio\jre\bin\management.dll
0x00007ff9ab190000 - 0x00007ff9ab19c000 	C:\Users\Dark Knight\Desktop\Android Studio\jre\bin\management_ext.dll
0x00007ff9af710000 - 0x00007ff9af728000 	C:\WINDOWS\SYSTEM32\CRYPTSP.dll
0x00007ff9aeea0000 - 0x00007ff9aeed4000 	C:\WINDOWS\system32\rsaenh.dll
0x00007ff9affd0000 - 0x00007ff9afff7000 	C:\WINDOWS\System32\bcrypt.dll
0x00007ff9afd40000 - 0x00007ff9afd6e000 	C:\WINDOWS\SYSTEM32\USERENV.dll
0x00007ff9af730000 - 0x00007ff9af73c000 	C:\WINDOWS\SYSTEM32\CRYPTBASE.dll
0x00007ff9af210000 - 0x00007ff9af24b000 	C:\WINDOWS\SYSTEM32\IPHLPAPI.DLL
0x00007ff9b1ba0000 - 0x00007ff9b1ba8000 	C:\WINDOWS\System32\NSI.dll
0x00007ff9a14e0000 - 0x00007ff9a14f7000 	C:\WINDOWS\SYSTEM32\dhcpcsvc6.DLL
0x00007ff9a15f0000 - 0x00007ff9a160d000 	C:\WINDOWS\SYSTEM32\dhcpcsvc.DLL
0x00007ff9af250000 - 0x00007ff9af31b000 	C:\WINDOWS\SYSTEM32\DNSAPI.dll
0x00007ff9a5000000 - 0x00007ff9a500b000 	C:\WINDOWS\SYSTEM32\WINNSI.DLL

dbghelp: loaded successfully - version: 4.0.5 - missing functions: none
symbol engine: initialized successfully - sym options: 0x614 - pdb path: .;C:\Users\Dark Knight\Desktop\Android Studio\jre\bin;C:\WINDOWS\SYSTEM32;C:\WINDOWS\WinSxS\amd64_microsoft.windows.common-controls_6595b64144ccf1df_6.0.19041.1110_none_60b5254171f9507e;C:\Users\Dark Knight\Desktop\Android Studio\jre\bin\server;C:\Users\Dark Knight\.gradle\native\fdc75f09e3144964f2cf3f50f0aa648679c211496f362492102eb8c894070792\windows-amd64;C:\Users\Dark Knight\.gradle\native\12488b8bf47d2d4c9fbf2f6322a914ad602e24e48041cd04a747c6da556b65c4\windows-amd64

VM Arguments:
jvm_args: --add-opens=java.base/java.util=ALL-UNNAMED --add-opens=java.base/java.lang=ALL-UNNAMED --add-opens=java.base/java.lang.invoke=ALL-UNNAMED --add-opens=java.prefs/java.util.prefs=ALL-UNNAMED -Xmx2048m -Dfile.encoding=UTF-8 -Duser.country=IN -Duser.language=en -Duser.variant 
java_command: org.gradle.launcher.daemon.bootstrap.GradleDaemon 6.7.1
java_class_path (initial): C:\Users\Dark Knight\.gradle\wrapper\dists\gradle-6.7.1-bin\bwlcbys1h7rz3272sye1xwiv6\gradle-6.7.1\lib\gradle-launcher-6.7.1.jar
Launcher Type: SUN_STANDARD

[Global flags]
     intx CICompilerCount                          = 4                                         {product} {ergonomic}
     uint ConcGCThreads                            = 2                                         {product} {ergonomic}
     uint G1ConcRefinementThreads                  = 8                                         {product} {ergonomic}
   size_t G1HeapRegionSize                         = 1048576                                   {product} {ergonomic}
    uintx GCDrainStackTargetSize                   = 64                                        {product} {ergonomic}
   size_t InitialHeapSize                          = 134217728                                 {product} {ergonomic}
   size_t MarkStackSize                            = 4194304                                   {product} {ergonomic}
   size_t MaxHeapSize                              = 2147483648                                {product} {command line}
   size_t MaxNewSize                               = 1287651328                                {product} {ergonomic}
   size_t MinHeapDeltaBytes                        = 1048576                                   {product} {ergonomic}
    uintx NonNMethodCodeHeapSize                   = 5836300                                {pd product} {ergonomic}
    uintx NonProfiledCodeHeapSize                  = 122910970                              {pd product} {ergonomic}
    uintx ProfiledCodeHeapSize                     = 122910970                              {pd product} {ergonomic}
    uintx ReservedCodeCacheSize                    = 251658240                              {pd product} {ergonomic}
     bool SegmentedCodeCache                       = true                                      {product} {ergonomic}
     bool UseCompressedClassPointers               = true                                 {lp64_product} {ergonomic}
     bool UseCompressedOops                        = true                                 {lp64_product} {ergonomic}
     bool UseG1GC                                  = true                                      {product} {ergonomic}
     bool UseLargePagesIndividualAllocation        = false                                  {pd product} {ergonomic}

Logging:
Log output configuration:
 #0: stdout all=warning uptime,level,tags
 #1: stderr all=off uptime,level,tags

Environment Variables:
PATH=C:\Windows\system32;C:\Windows;C:\Windows\System32\Wbem;C:\Windows\System32\WindowsPowerShell\v1.0\;C:\Windows\System32\OpenSSH\;C:\Program Files (x86)\NVIDIA Corporation\PhysX\Common;C:\Program Files\NVIDIA Corporation\NVIDIA NvDLISR;C:\WINDOWS\system32;C:\WINDOWS;C:\WINDOWS\System32\Wbem;C:\WINDOWS\System32\WindowsPowerShell\v1.0\;C:\WINDOWS\System32\OpenSSH\;C:\MinGW\bin;C:\Program Files\MEGA-X;C:\WINDOWS\system32;C:\WINDOWS;C:\WINDOWS\System32\Wbem;C:\WINDOWS\System32\WindowsPowerShell\v1.0\;C:\WINDOWS\System32\OpenSSH\;C:\Program Files\Git\cmd;C:\Users\Dark Knight\AppData\Local\Microsoft\WindowsApps;C:\Users\Dark Knight\AppData\Local\atom\bin;C:\MinGW\bin;C:\Program Files (x86)\Microsoft Visual Studio\2019\BuildTools\MSBuild\Current\Bin;C:\Users\Dark Knight\AppData\Local\Microsoft\WindowsApps
USERNAME=Dark Knight
OS=Windows_NT
PROCESSOR_IDENTIFIER=Intel64 Family 6 Model 158 Stepping 10, GenuineIntel



---------------  S Y S T E M  ---------------

OS: Windows 10 , 64 bit Build 19041 (10.0.19041.1348)
OS uptime: 4 days 13:08 hours

CPU:total 8 (initial active 8) (4 cores per cpu, 2 threads per core) family 6 model 158 stepping 10, cmov, cx8, fxsr, mmx, sse, sse2, sse3, ssse3, sse4.1, sse4.2, popcnt, avx, avx2, aes, clmul, erms, 3dnowpref, lzcnt, ht, tsc, tscinvbit, bmi1, bmi2, adx, fma

Memory: 4k page, system-wide physical 8072M (491M free)
TotalPageFile size 12168M (AvailPageFile size 15M)
current process WorkingSet (physical memory assigned to process): 519M, peak: 522M
current process commit charge ("private bytes"): 559M, peak: 661M

vm_info: OpenJDK 64-Bit Server VM (11.0.8+10-b944.6842174) for windows-amd64 JRE (11.0.8+10-b944.6842174), built on Sep 19 2020 01:11:42 by "builder" with MS VC++ 14.0 (VS2015)

END.
