#
# There is insufficient memory for the Java Runtime Environment to continue.
# Native memory allocation (malloc) failed to allocate 2230256 bytes for Chunk::new
# Possible reasons:
#   The system is out of physical RAM or swap space
#   The process is running with CompressedOops enabled, and the Java Heap may be blocking the growth of the native heap
# Possible solutions:
#   Reduce memory load on the system
#   Increase physical memory or swap space
#   Check if swap backing store is full
#   Decrease Java heap size (-Xmx/-Xms)
#   Decrease number of Java threads
#   Decrease Java thread stack sizes (-Xss)
#   Set larger code cache with -XX:ReservedCodeCacheSize=
#   JVM is running with Unscaled Compressed Oops mode in which the Java heap is
#     placed in the first 4GB address space. The Java Heap base address is the
#     maximum limit for the native heap growth. Please use -XX:HeapBaseMinAddress
#     to set the Java Heap base and to place the Java Heap above 4GB virtual address.
# This output file may be truncated or incomplete.
#
#  Out of Memory Error (./src/hotspot/share/memory/arena.cpp:197), pid=20828, tid=4776
#
# JRE version: OpenJDK Runtime Environment (11.0.8+10) (build 11.0.8+10-b944.6842174)
# Java VM: OpenJDK 64-Bit Server VM (11.0.8+10-b944.6842174, mixed mode, tiered, compressed oops, g1 gc, windows-amd64)
# No core dump will be written. Minidumps are not enabled by default on client versions of Windows
#

---------------  S U M M A R Y ------------

Command Line: org.jetbrains.kotlin.cli.jvm.K2JVMCompiler @C:\Android Projects\Udemy TUTORIAL\app\build\20211226_1917608943429291355.compiler.options

Host: Intel(R) Core(TM) i5-9300H CPU @ 2.40GHz, 8 cores, 7G,  Windows 10 , 64 bit Build 19041 (10.0.19041.1348)
Time: Sun Dec 26 19:39:35 2021 India Standard Time elapsed time: 4 seconds (0d 0h 0m 4s)

---------------  T H R E A D  ---------------

Current thread (0x0000020781b28800):  JavaThread "C2 CompilerThread1" daemon [_thread_in_native, id=4776, stack(0x0000008d73400000,0x0000008d73500000)]


Current CompileTask:
C2:   4853 2812       4       java.lang.ClassLoader::loadClass (7 bytes)

Stack: [0x0000008d73400000,0x0000008d73500000]
Native frames: (J=compiled Java code, j=interpreted, Vv=VM code, C=native code)
V  [jvm.dll+0x5de50a]
V  [jvm.dll+0x7122f5]
V  [jvm.dll+0x71384d]
V  [jvm.dll+0x713f03]
V  [jvm.dll+0x23e728]
V  [jvm.dll+0xb899c]
V  [jvm.dll+0xb8e9c]
V  [jvm.dll+0x35024d]
V  [jvm.dll+0x31dea3]
V  [jvm.dll+0x31d39a]
V  [jvm.dll+0x1f7702]
V  [jvm.dll+0x1f68d4]
V  [jvm.dll+0x17f32c]
V  [jvm.dll+0x205047]
V  [jvm.dll+0x203891]
V  [jvm.dll+0x6dad3f]
V  [jvm.dll+0x6d3895]
V  [jvm.dll+0x5dd4a6]
C  [ucrtbase.dll+0x21bb2]
C  [KERNEL32.DLL+0x17034]
C  [ntdll.dll+0x52651]


---------------  P R O C E S S  ---------------

Threads class SMR info:
_java_thread_list=0x0000020782549eb0, length=11, elements={
0x00000207e2509800, 0x00000207fce81000, 0x00000207fceac800, 0x00000207fd6c0800,
0x00000207fd6c1800, 0x00000207fd6c3800, 0x00000207fd6c7000, 0x00000207fd6c9800,
0x00000207fd893000, 0x00000207fd895000, 0x0000020781b28800
}

Java Threads: ( => current thread )
  0x00000207e2509800 JavaThread "main" [_thread_in_Java, id=32972, stack(0x0000008d72200000,0x0000008d72300000)]
  0x00000207fce81000 JavaThread "Reference Handler" daemon [_thread_blocked, id=33948, stack(0x0000008d72900000,0x0000008d72a00000)]
  0x00000207fceac800 JavaThread "Finalizer" daemon [_thread_blocked, id=27832, stack(0x0000008d72a00000,0x0000008d72b00000)]
  0x00000207fd6c0800 JavaThread "Signal Dispatcher" daemon [_thread_blocked, id=13176, stack(0x0000008d72b00000,0x0000008d72c00000)]
  0x00000207fd6c1800 JavaThread "Attach Listener" daemon [_thread_blocked, id=25864, stack(0x0000008d72c00000,0x0000008d72d00000)]
  0x00000207fd6c3800 JavaThread "C2 CompilerThread0" daemon [_thread_in_native, id=31308, stack(0x0000008d72d00000,0x0000008d72e00000)]
  0x00000207fd6c7000 JavaThread "C1 CompilerThread0" daemon [_thread_in_native, id=27256, stack(0x0000008d72e00000,0x0000008d72f00000)]
  0x00000207fd6c9800 JavaThread "Sweeper thread" daemon [_thread_blocked, id=34536, stack(0x0000008d72f00000,0x0000008d73000000)]
  0x00000207fd893000 JavaThread "Service Thread" daemon [_thread_blocked, id=1080, stack(0x0000008d73000000,0x0000008d73100000)]
  0x00000207fd895000 JavaThread "Common-Cleaner" daemon [_thread_blocked, id=30392, stack(0x0000008d73200000,0x0000008d73300000)]
=>0x0000020781b28800 JavaThread "C2 CompilerThread1" daemon [_thread_in_native, id=4776, stack(0x0000008d73400000,0x0000008d73500000)]

Other Threads:
  0x00000207fce7f000 VMThread "VM Thread" [stack: 0x0000008d72800000,0x0000008d72900000] [id=29660]
  0x00000207fd894000 WatcherThread [stack: 0x0000008d73100000,0x0000008d73200000] [id=32720]
  0x00000207e2522800 GCTaskThread "GC Thread#0" [stack: 0x0000008d72300000,0x0000008d72400000] [id=11488]
  0x00000207fdf8e800 GCTaskThread "GC Thread#1" [stack: 0x0000008d73500000,0x0000008d73600000] [id=34012]
  0x00000207fdec4800 GCTaskThread "GC Thread#2" [stack: 0x0000008d73600000,0x0000008d73700000] [id=33464]
  0x00000207e2551800 ConcurrentGCThread "G1 Main Marker" [stack: 0x0000008d72400000,0x0000008d72500000] [id=25420]
  0x00000207e2553000 ConcurrentGCThread "G1 Conc#0" [stack: 0x0000008d72500000,0x0000008d72600000] [id=34244]
  0x00000207fe203800 ConcurrentGCThread "G1 Conc#1" [stack: 0x0000008d73300000,0x0000008d73400000] [id=14140]
  0x00000207fcce3800 ConcurrentGCThread "G1 Refine#0" [stack: 0x0000008d72600000,0x0000008d72700000] [id=10236]
  0x00000207808dd800 ConcurrentGCThread "G1 Refine#1" [stack: 0x0000008d73700000,0x0000008d73800000] [id=33148]
  0x00000207fcce5800 ConcurrentGCThread "G1 Young RemSet Sampling" [stack: 0x0000008d72700000,0x0000008d72800000] [id=33888]

Threads with active compile tasks:
C2 CompilerThread0   4877 2918       4       jdk.internal.loader.ClassLoaders$AppClassLoader::loadClass (40 bytes)
C1 CompilerThread0   4877 3216       2       org.jetbrains.kotlin.com.intellij.util.io.StringRef::fromString (17 bytes)
C2 CompilerThread1   4877 2812       4       java.lang.ClassLoader::loadClass (7 bytes)

VM state:not at safepoint (normal execution)

VM Mutex/Monitor currently owned by a thread: None

Heap address: 0x0000000081c00000, size: 2020 MB, Compressed Oops mode: 32-bit
Narrow klass base: 0x0000000000000000, Narrow klass shift: 3
Compressed class space size: 1073741824 Address: 0x0000000100000000

Heap:
 garbage-first heap   total 131072K, used 65206K [0x0000000081c00000, 0x0000000100000000)
  region size 1024K, 45 young (46080K), 2 survivors (2048K)
 Metaspace       used 44611K, capacity 45219K, committed 45568K, reserved 1089536K
  class space    used 5312K, capacity 5533K, committed 5632K, reserved 1048576K
Heap Regions: E=young(eden), S=young(survivor), O=old, HS=humongous(starts), HC=humongous(continues), CS=collection set, F=free, A=archive, TAMS=top-at-mark-start (previous, next)
|   0|0x0000000081c00000, 0x0000000081d00000, 0x0000000081d00000|100%|HS|  |TAMS 0x0000000081d00000, 0x0000000081c00000| Complete 
|   1|0x0000000081d00000, 0x0000000081e00000, 0x0000000081e00000|100%|HC|  |TAMS 0x0000000081e00000, 0x0000000081d00000| Complete 
|   2|0x0000000081e00000, 0x0000000081f00000, 0x0000000081f00000|100%|HC|  |TAMS 0x0000000081f00000, 0x0000000081e00000| Complete 
|   3|0x0000000081f00000, 0x0000000082000000, 0x0000000082000000|100%|HS|  |TAMS 0x0000000082000000, 0x0000000081f00000| Complete 
|   4|0x0000000082000000, 0x0000000082100000, 0x0000000082100000|100%|HC|  |TAMS 0x0000000082100000, 0x0000000082000000| Complete 
|   5|0x0000000082100000, 0x0000000082200000, 0x0000000082200000|100%|HC|  |TAMS 0x0000000082200000, 0x0000000082100000| Complete 
|   6|0x0000000082200000, 0x0000000082300000, 0x0000000082300000|100%|HS|  |TAMS 0x0000000082300000, 0x0000000082200000| Complete 
|   7|0x0000000082300000, 0x0000000082400000, 0x0000000082400000|100%|HC|  |TAMS 0x0000000082400000, 0x0000000082300000| Complete 
|   8|0x0000000082400000, 0x0000000082500000, 0x0000000082500000|100%| O|  |TAMS 0x0000000082500000, 0x0000000082400000| Untracked 
|   9|0x0000000082500000, 0x0000000082600000, 0x0000000082600000|100%| O|  |TAMS 0x0000000082600000, 0x0000000082500000| Untracked 
|  10|0x0000000082600000, 0x0000000082700000, 0x0000000082700000|100%| O|  |TAMS 0x0000000082700000, 0x0000000082600000| Untracked 
|  11|0x0000000082700000, 0x0000000082800000, 0x0000000082800000|100%| O|  |TAMS 0x0000000082800000, 0x0000000082700000| Untracked 
|  12|0x0000000082800000, 0x0000000082900000, 0x0000000082900000|100%| O|  |TAMS 0x0000000082900000, 0x0000000082800000| Untracked 
|  13|0x0000000082900000, 0x0000000082a00000, 0x0000000082a00000|100%| O|  |TAMS 0x0000000082a00000, 0x0000000082900000| Untracked 
|  14|0x0000000082a00000, 0x0000000082b00000, 0x0000000082b00000|100%| O|  |TAMS 0x0000000082b00000, 0x0000000082a00000| Untracked 
|  15|0x0000000082b00000, 0x0000000082c00000, 0x0000000082c00000|100%| O|  |TAMS 0x0000000082c00000, 0x0000000082b00000| Untracked 
|  16|0x0000000082c00000, 0x0000000082d00000, 0x0000000082d00000|100%| O|  |TAMS 0x0000000082d00000, 0x0000000082c00000| Untracked 
|  17|0x0000000082d00000, 0x0000000082e00000, 0x0000000082e00000|100%| O|  |TAMS 0x0000000082e00000, 0x0000000082d00000| Untracked 
|  18|0x0000000082e00000, 0x0000000082f00000, 0x0000000082f00000|100%| O|  |TAMS 0x0000000082f00000, 0x0000000082e00000| Untracked 
|  19|0x0000000082f00000, 0x0000000082fda600, 0x0000000083000000| 85%| O|  |TAMS 0x0000000082fda600, 0x0000000082f00000| Untracked 
|  20|0x0000000083000000, 0x0000000083000000, 0x0000000083100000|  0%| F|  |TAMS 0x0000000083000000, 0x0000000083000000| Untracked 
|  21|0x0000000083100000, 0x0000000083100000, 0x0000000083200000|  0%| F|  |TAMS 0x0000000083100000, 0x0000000083100000| Untracked 
|  22|0x0000000083200000, 0x0000000083200000, 0x0000000083300000|  0%| F|  |TAMS 0x0000000083200000, 0x0000000083200000| Untracked 
|  23|0x0000000083300000, 0x0000000083300000, 0x0000000083400000|  0%| F|  |TAMS 0x0000000083300000, 0x0000000083300000| Untracked 
|  24|0x0000000083400000, 0x0000000083400000, 0x0000000083500000|  0%| F|  |TAMS 0x0000000083400000, 0x0000000083400000| Untracked 
|  25|0x0000000083500000, 0x0000000083500000, 0x0000000083600000|  0%| F|  |TAMS 0x0000000083500000, 0x0000000083500000| Untracked 
|  26|0x0000000083600000, 0x0000000083600000, 0x0000000083700000|  0%| F|  |TAMS 0x0000000083600000, 0x0000000083600000| Untracked 
|  27|0x0000000083700000, 0x0000000083700000, 0x0000000083800000|  0%| F|  |TAMS 0x0000000083700000, 0x0000000083700000| Untracked 
|  28|0x0000000083800000, 0x0000000083800000, 0x0000000083900000|  0%| F|  |TAMS 0x0000000083800000, 0x0000000083800000| Untracked 
|  29|0x0000000083900000, 0x0000000083900000, 0x0000000083a00000|  0%| F|  |TAMS 0x0000000083900000, 0x0000000083900000| Untracked 
|  30|0x0000000083a00000, 0x0000000083a00000, 0x0000000083b00000|  0%| F|  |TAMS 0x0000000083a00000, 0x0000000083a00000| Untracked 
|  31|0x0000000083b00000, 0x0000000083b00000, 0x0000000083c00000|  0%| F|  |TAMS 0x0000000083b00000, 0x0000000083b00000| Untracked 
|  32|0x0000000083c00000, 0x0000000083c00000, 0x0000000083d00000|  0%| F|  |TAMS 0x0000000083c00000, 0x0000000083c00000| Untracked 
|  33|0x0000000083d00000, 0x0000000083d00000, 0x0000000083e00000|  0%| F|  |TAMS 0x0000000083d00000, 0x0000000083d00000| Untracked 
|  34|0x0000000083e00000, 0x0000000083e00000, 0x0000000083f00000|  0%| F|  |TAMS 0x0000000083e00000, 0x0000000083e00000| Untracked 
|  35|0x0000000083f00000, 0x0000000083f00000, 0x0000000084000000|  0%| F|  |TAMS 0x0000000083f00000, 0x0000000083f00000| Untracked 
|  36|0x0000000084000000, 0x0000000084000000, 0x0000000084100000|  0%| F|  |TAMS 0x0000000084000000, 0x0000000084000000| Untracked 
|  37|0x0000000084100000, 0x0000000084100000, 0x0000000084200000|  0%| F|  |TAMS 0x0000000084100000, 0x0000000084100000| Untracked 
|  38|0x0000000084200000, 0x0000000084200000, 0x0000000084300000|  0%| F|  |TAMS 0x0000000084200000, 0x0000000084200000| Untracked 
|  39|0x0000000084300000, 0x0000000084300000, 0x0000000084400000|  0%| F|  |TAMS 0x0000000084300000, 0x0000000084300000| Untracked 
|  40|0x0000000084400000, 0x0000000084400000, 0x0000000084500000|  0%| F|  |TAMS 0x0000000084400000, 0x0000000084400000| Untracked 
|  41|0x0000000084500000, 0x0000000084500000, 0x0000000084600000|  0%| F|  |TAMS 0x0000000084500000, 0x0000000084500000| Untracked 
|  42|0x0000000084600000, 0x0000000084600000, 0x0000000084700000|  0%| F|  |TAMS 0x0000000084600000, 0x0000000084600000| Untracked 
|  43|0x0000000084700000, 0x0000000084700000, 0x0000000084800000|  0%| F|  |TAMS 0x0000000084700000, 0x0000000084700000| Untracked 
|  44|0x0000000084800000, 0x0000000084800000, 0x0000000084900000|  0%| F|  |TAMS 0x0000000084800000, 0x0000000084800000| Untracked 
|  45|0x0000000084900000, 0x0000000084900000, 0x0000000084a00000|  0%| F|  |TAMS 0x0000000084900000, 0x0000000084900000| Untracked 
|  46|0x0000000084a00000, 0x0000000084a00000, 0x0000000084b00000|  0%| F|  |TAMS 0x0000000084a00000, 0x0000000084a00000| Untracked 
|  47|0x0000000084b00000, 0x0000000084b00000, 0x0000000084c00000|  0%| F|  |TAMS 0x0000000084b00000, 0x0000000084b00000| Untracked 
|  48|0x0000000084c00000, 0x0000000084c00000, 0x0000000084d00000|  0%| F|  |TAMS 0x0000000084c00000, 0x0000000084c00000| Untracked 
|  49|0x0000000084d00000, 0x0000000084d00000, 0x0000000084e00000|  0%| F|  |TAMS 0x0000000084d00000, 0x0000000084d00000| Untracked 
|  50|0x0000000084e00000, 0x0000000084e00000, 0x0000000084f00000|  0%| F|  |TAMS 0x0000000084e00000, 0x0000000084e00000| Untracked 
|  51|0x0000000084f00000, 0x0000000084f00000, 0x0000000085000000|  0%| F|  |TAMS 0x0000000084f00000, 0x0000000084f00000| Untracked 
|  52|0x0000000085000000, 0x0000000085000000, 0x0000000085100000|  0%| F|  |TAMS 0x0000000085000000, 0x0000000085000000| Untracked 
|  53|0x0000000085100000, 0x0000000085100000, 0x0000000085200000|  0%| F|  |TAMS 0x0000000085100000, 0x0000000085100000| Untracked 
|  54|0x0000000085200000, 0x0000000085200000, 0x0000000085300000|  0%| F|  |TAMS 0x0000000085200000, 0x0000000085200000| Untracked 
|  55|0x0000000085300000, 0x0000000085300000, 0x0000000085400000|  0%| F|  |TAMS 0x0000000085300000, 0x0000000085300000| Untracked 
|  56|0x0000000085400000, 0x0000000085400000, 0x0000000085500000|  0%| F|  |TAMS 0x0000000085400000, 0x0000000085400000| Untracked 
|  57|0x0000000085500000, 0x0000000085500000, 0x0000000085600000|  0%| F|  |TAMS 0x0000000085500000, 0x0000000085500000| Untracked 
|  58|0x0000000085600000, 0x0000000085600000, 0x0000000085700000|  0%| F|  |TAMS 0x0000000085600000, 0x0000000085600000| Untracked 
|  59|0x0000000085700000, 0x0000000085700000, 0x0000000085800000|  0%| F|  |TAMS 0x0000000085700000, 0x0000000085700000| Untracked 
|  60|0x0000000085800000, 0x0000000085800000, 0x0000000085900000|  0%| F|  |TAMS 0x0000000085800000, 0x0000000085800000| Untracked 
|  61|0x0000000085900000, 0x0000000085900000, 0x0000000085a00000|  0%| F|  |TAMS 0x0000000085900000, 0x0000000085900000| Untracked 
|  62|0x0000000085a00000, 0x0000000085a00000, 0x0000000085b00000|  0%| F|  |TAMS 0x0000000085a00000, 0x0000000085a00000| Untracked 
|  63|0x0000000085b00000, 0x0000000085b00000, 0x0000000085c00000|  0%| F|  |TAMS 0x0000000085b00000, 0x0000000085b00000| Untracked 
|  64|0x0000000085c00000, 0x0000000085c00000, 0x0000000085d00000|  0%| F|  |TAMS 0x0000000085c00000, 0x0000000085c00000| Untracked 
|  65|0x0000000085d00000, 0x0000000085d00000, 0x0000000085e00000|  0%| F|  |TAMS 0x0000000085d00000, 0x0000000085d00000| Untracked 
|  66|0x0000000085e00000, 0x0000000085e00000, 0x0000000085f00000|  0%| F|  |TAMS 0x0000000085e00000, 0x0000000085e00000| Untracked 
|  67|0x0000000085f00000, 0x0000000085f00000, 0x0000000086000000|  0%| F|  |TAMS 0x0000000085f00000, 0x0000000085f00000| Untracked 
|  68|0x0000000086000000, 0x0000000086000000, 0x0000000086100000|  0%| F|  |TAMS 0x0000000086000000, 0x0000000086000000| Untracked 
|  69|0x0000000086100000, 0x0000000086100000, 0x0000000086200000|  0%| F|  |TAMS 0x0000000086100000, 0x0000000086100000| Untracked 
|  70|0x0000000086200000, 0x0000000086200000, 0x0000000086300000|  0%| F|  |TAMS 0x0000000086200000, 0x0000000086200000| Untracked 
|  71|0x0000000086300000, 0x0000000086300000, 0x0000000086400000|  0%| F|  |TAMS 0x0000000086300000, 0x0000000086300000| Untracked 
|  72|0x0000000086400000, 0x0000000086400000, 0x0000000086500000|  0%| F|  |TAMS 0x0000000086400000, 0x0000000086400000| Untracked 
|  73|0x0000000086500000, 0x0000000086500000, 0x0000000086600000|  0%| F|  |TAMS 0x0000000086500000, 0x0000000086500000| Untracked 
|  74|0x0000000086600000, 0x0000000086600000, 0x0000000086700000|  0%| F|  |TAMS 0x0000000086600000, 0x0000000086600000| Untracked 
|  75|0x0000000086700000, 0x0000000086700000, 0x0000000086800000|  0%| F|  |TAMS 0x0000000086700000, 0x0000000086700000| Untracked 
|  76|0x0000000086800000, 0x0000000086800000, 0x0000000086900000|  0%| F|  |TAMS 0x0000000086800000, 0x0000000086800000| Untracked 
|  77|0x0000000086900000, 0x0000000086900000, 0x0000000086a00000|  0%| F|  |TAMS 0x0000000086900000, 0x0000000086900000| Untracked 
|  78|0x0000000086a00000, 0x0000000086a00000, 0x0000000086b00000|  0%| F|  |TAMS 0x0000000086a00000, 0x0000000086a00000| Untracked 
|  79|0x0000000086b00000, 0x0000000086b00000, 0x0000000086c00000|  0%| F|  |TAMS 0x0000000086b00000, 0x0000000086b00000| Untracked 
|  80|0x0000000086c00000, 0x0000000086c00000, 0x0000000086d00000|  0%| F|  |TAMS 0x0000000086c00000, 0x0000000086c00000| Untracked 
|  81|0x0000000086d00000, 0x0000000086d00000, 0x0000000086e00000|  0%| F|  |TAMS 0x0000000086d00000, 0x0000000086d00000| Untracked 
|  82|0x0000000086e00000, 0x0000000086e00000, 0x0000000086f00000|  0%| F|  |TAMS 0x0000000086e00000, 0x0000000086e00000| Untracked 
|  83|0x0000000086f00000, 0x0000000087000000, 0x0000000087000000|100%| E|  |TAMS 0x0000000086f00000, 0x0000000086f00000| Complete 
|  84|0x0000000087000000, 0x0000000087100000, 0x0000000087100000|100%| E|CS|TAMS 0x0000000087000000, 0x0000000087000000| Complete 
|  85|0x0000000087100000, 0x0000000087200000, 0x0000000087200000|100%| E|CS|TAMS 0x0000000087100000, 0x0000000087100000| Complete 
|  86|0x0000000087200000, 0x0000000087300000, 0x0000000087300000|100%| E|CS|TAMS 0x0000000087200000, 0x0000000087200000| Complete 
|  87|0x0000000087300000, 0x0000000087400000, 0x0000000087400000|100%| E|CS|TAMS 0x0000000087300000, 0x0000000087300000| Complete 
|  88|0x0000000087400000, 0x0000000087500000, 0x0000000087500000|100%| E|CS|TAMS 0x0000000087400000, 0x0000000087400000| Complete 
|  89|0x0000000087500000, 0x0000000087600000, 0x0000000087600000|100%| E|CS|TAMS 0x0000000087500000, 0x0000000087500000| Complete 
|  90|0x0000000087600000, 0x0000000087700000, 0x0000000087700000|100%| E|CS|TAMS 0x0000000087600000, 0x0000000087600000| Complete 
|  91|0x0000000087700000, 0x0000000087800000, 0x0000000087800000|100%| E|CS|TAMS 0x0000000087700000, 0x0000000087700000| Complete 
|  92|0x0000000087800000, 0x0000000087900000, 0x0000000087900000|100%| E|CS|TAMS 0x0000000087800000, 0x0000000087800000| Complete 
|  93|0x0000000087900000, 0x0000000087a00000, 0x0000000087a00000|100%| E|CS|TAMS 0x0000000087900000, 0x0000000087900000| Complete 
|  94|0x0000000087a00000, 0x0000000087b00000, 0x0000000087b00000|100%| E|CS|TAMS 0x0000000087a00000, 0x0000000087a00000| Complete 
|  95|0x0000000087b00000, 0x0000000087c00000, 0x0000000087c00000|100%| E|CS|TAMS 0x0000000087b00000, 0x0000000087b00000| Complete 
|  96|0x0000000087c00000, 0x0000000087d00000, 0x0000000087d00000|100%| E|CS|TAMS 0x0000000087c00000, 0x0000000087c00000| Complete 
|  97|0x0000000087d00000, 0x0000000087e00000, 0x0000000087e00000|100%| E|CS|TAMS 0x0000000087d00000, 0x0000000087d00000| Complete 
|  98|0x0000000087e00000, 0x0000000087f00000, 0x0000000087f00000|100%| E|CS|TAMS 0x0000000087e00000, 0x0000000087e00000| Complete 
|  99|0x0000000087f00000, 0x0000000088000000, 0x0000000088000000|100%| E|CS|TAMS 0x0000000087f00000, 0x0000000087f00000| Complete 
| 100|0x0000000088000000, 0x0000000088100000, 0x0000000088100000|100%| E|CS|TAMS 0x0000000088000000, 0x0000000088000000| Complete 
| 101|0x0000000088100000, 0x0000000088200000, 0x0000000088200000|100%| E|CS|TAMS 0x0000000088100000, 0x0000000088100000| Complete 
| 102|0x0000000088200000, 0x0000000088300000, 0x0000000088300000|100%| E|CS|TAMS 0x0000000088200000, 0x0000000088200000| Complete 
| 103|0x0000000088300000, 0x0000000088400000, 0x0000000088400000|100%| E|CS|TAMS 0x0000000088300000, 0x0000000088300000| Complete 
| 104|0x0000000088400000, 0x0000000088500000, 0x0000000088500000|100%| E|CS|TAMS 0x0000000088400000, 0x0000000088400000| Complete 
| 105|0x0000000088500000, 0x0000000088600000, 0x0000000088600000|100%| E|CS|TAMS 0x0000000088500000, 0x0000000088500000| Complete 
| 106|0x0000000088600000, 0x0000000088700000, 0x0000000088700000|100%| E|CS|TAMS 0x0000000088600000, 0x0000000088600000| Complete 
| 107|0x0000000088700000, 0x0000000088800000, 0x0000000088800000|100%| E|CS|TAMS 0x0000000088700000, 0x0000000088700000| Complete 
| 108|0x0000000088800000, 0x0000000088900000, 0x0000000088900000|100%| E|CS|TAMS 0x0000000088800000, 0x0000000088800000| Complete 
| 109|0x0000000088900000, 0x0000000088a00000, 0x0000000088a00000|100%| E|CS|TAMS 0x0000000088900000, 0x0000000088900000| Complete 
| 110|0x0000000088a00000, 0x0000000088b00000, 0x0000000088b00000|100%| E|CS|TAMS 0x0000000088a00000, 0x0000000088a00000| Complete 
| 111|0x0000000088b00000, 0x0000000088c00000, 0x0000000088c00000|100%| E|CS|TAMS 0x0000000088b00000, 0x0000000088b00000| Complete 
| 112|0x0000000088c00000, 0x0000000088d00000, 0x0000000088d00000|100%| E|CS|TAMS 0x0000000088c00000, 0x0000000088c00000| Complete 
| 113|0x0000000088d00000, 0x0000000088e00000, 0x0000000088e00000|100%| E|CS|TAMS 0x0000000088d00000, 0x0000000088d00000| Complete 
| 114|0x0000000088e00000, 0x0000000088f00000, 0x0000000088f00000|100%| E|CS|TAMS 0x0000000088e00000, 0x0000000088e00000| Complete 
| 115|0x0000000088f00000, 0x0000000089000000, 0x0000000089000000|100%| E|CS|TAMS 0x0000000088f00000, 0x0000000088f00000| Complete 
| 116|0x0000000089000000, 0x00000000890d32c0, 0x0000000089100000| 82%| S|CS|TAMS 0x0000000089000000, 0x0000000089000000| Complete 
| 117|0x0000000089100000, 0x0000000089200000, 0x0000000089200000|100%| S|CS|TAMS 0x0000000089100000, 0x0000000089100000| Complete 
| 118|0x0000000089200000, 0x0000000089300000, 0x0000000089300000|100%| E|CS|TAMS 0x0000000089200000, 0x0000000089200000| Complete 
| 119|0x0000000089300000, 0x0000000089400000, 0x0000000089400000|100%| E|CS|TAMS 0x0000000089300000, 0x0000000089300000| Complete 
| 120|0x0000000089400000, 0x0000000089500000, 0x0000000089500000|100%| E|CS|TAMS 0x0000000089400000, 0x0000000089400000| Complete 
| 121|0x0000000089500000, 0x0000000089600000, 0x0000000089600000|100%| E|CS|TAMS 0x0000000089500000, 0x0000000089500000| Complete 
| 122|0x0000000089600000, 0x0000000089700000, 0x0000000089700000|100%| E|CS|TAMS 0x0000000089600000, 0x0000000089600000| Complete 
| 123|0x0000000089700000, 0x0000000089800000, 0x0000000089800000|100%| E|CS|TAMS 0x0000000089700000, 0x0000000089700000| Complete 
| 124|0x0000000089800000, 0x0000000089900000, 0x0000000089900000|100%| E|CS|TAMS 0x0000000089800000, 0x0000000089800000| Complete 
| 125|0x0000000089900000, 0x0000000089a00000, 0x0000000089a00000|100%| E|CS|TAMS 0x0000000089900000, 0x0000000089900000| Complete 
| 126|0x0000000089a00000, 0x0000000089b00000, 0x0000000089b00000|100%| E|CS|TAMS 0x0000000089a00000, 0x0000000089a00000| Complete 
| 127|0x0000000089b00000, 0x0000000089c00000, 0x0000000089c00000|100%| E|CS|TAMS 0x0000000089b00000, 0x0000000089b00000| Complete 

Card table byte_map: [0x00000207f5d00000,0x00000207f6100000] _byte_map_base: 0x00000207f58f2000

Marking Bits (Prev, Next): (CMBitMap*) 0x00000207e2548bb8, (CMBitMap*) 0x00000207e2548bf0
 Prev Bits: [0x00000207f6500000, 0x00000207f8490000)
 Next Bits: [0x00000207f8490000, 0x00000207fa420000)

Polling page: 0x00000207e0c50000

Metaspace:

Usage:
  Non-class:     38.76 MB capacity,    38.39 MB (>99%) used,   306.88 KB ( <1%) free+waste,    67.81 KB ( <1%) overhead. 
      Class:      5.40 MB capacity,     5.19 MB ( 96%) used,   189.98 KB (  3%) free+waste,    30.25 KB ( <1%) overhead. 
       Both:     44.16 MB capacity,    43.58 MB ( 99%) used,   496.85 KB (  1%) free+waste,    98.06 KB ( <1%) overhead. 

Virtual space:
  Non-class space:       40.00 MB reserved,      39.00 MB ( 98%) committed 
      Class space:        1.00 GB reserved,       5.50 MB ( <1%) committed 
             Both:        1.04 GB reserved,      44.50 MB (  4%) committed 

Chunk freelists:
   Non-Class:  56.00 KB
       Class:  3.00 KB
        Both:  59.00 KB

MaxMetaspaceSize: 17179869184.00 GB
CompressedClassSpaceSize: 1.00 GB

CodeHeap 'non-profiled nmethods': size=120000Kb used=1157Kb max_used=1157Kb free=118842Kb
 bounds [0x00000207ed960000, 0x00000207edbd0000, 0x00000207f4e90000]
CodeHeap 'profiled nmethods': size=120000Kb used=6222Kb max_used=6222Kb free=113777Kb
 bounds [0x00000207e6430000, 0x00000207e6a50000, 0x00000207ed960000]
CodeHeap 'non-nmethods': size=5760Kb used=1189Kb max_used=1230Kb free=4570Kb
 bounds [0x00000207e5e90000, 0x00000207e6100000, 0x00000207e6430000]
 total_blobs=3734 nmethods=3191 adapters=454
 compilation: enabled
              stopped_count=0, restarted_count=0
 full_count=0

Compilation events (20 events):
Event: 4.801 Thread 0x00000207fd6c7000 nmethod 3129 0x00000207e6a11590 code [0x00000207e6a11800, 0x00000207e6a12268]
Event: 4.801 Thread 0x00000207fd6c7000 3126       3       org.jetbrains.kotlin.psi.KtModifierList::hasModifier (43 bytes)
Event: 4.801 Thread 0x00000207fd6c7000 nmethod 3126 0x00000207e6a12590 code [0x00000207e6a12820, 0x00000207e6a134f8]
Event: 4.801 Thread 0x00000207fd6c7000 3127       3       org.jetbrains.kotlin.psi.KtModifierList::getModifier (15 bytes)
Event: 4.802 Thread 0x00000207fd6c7000 nmethod 3127 0x00000207e6a13810 code [0x00000207e6a13a00, 0x00000207e6a13ed8]
Event: 4.802 Thread 0x00000207fd6c7000 3130       3       org.jetbrains.kotlin.psi.stubs.impl.ModifierMaskUtils$computeMaskFromModifierList$1::invoke (9 bytes)
Event: 4.802 Thread 0x00000207fd6c7000 nmethod 3130 0x00000207e6a14090 code [0x00000207e6a142e0, 0x00000207e6a14b48]
Event: 4.802 Thread 0x00000207fd6c7000 3131       3       org.jetbrains.kotlin.psi.stubs.impl.ModifierMaskUtils$computeMaskFromModifierList$1::invoke (18 bytes)
Event: 4.803 Thread 0x00000207fd6c7000 nmethod 3131 0x00000207e6a14e10 code [0x00000207e6a15060, 0x00000207e6a15788]
Event: 4.803 Thread 0x00000207fd6c7000 3118       3       org.jetbrains.kotlin.com.intellij.extapi.psi.StubBasedPsiElementBase::getGreenStub (14 bytes)
Event: 4.803 Thread 0x00000207fd6c7000 nmethod 3118 0x00000207e6a15a10 code [0x00000207e6a15c00, 0x00000207e6a16078]
Event: 4.803 Thread 0x00000207fd6c7000 3132       3       org.jetbrains.kotlin.com.intellij.psi.stubs.StubList::childrenStartIndex (6 bytes)
Event: 4.803 Thread 0x00000207fd6c7000 nmethod 3132 0x00000207e6a16210 code [0x00000207e6a163c0, 0x00000207e6a164b8]
Event: 4.804 Thread 0x00000207fd6c7000 3133       3       org.jetbrains.kotlin.com.intellij.psi.stubs.MostlyUShortIntList::set (33 bytes)
Event: 4.804 Thread 0x00000207fd6c7000 nmethod 3133 0x00000207e6a16590 code [0x00000207e6a167e0, 0x00000207e6a16e78]
Event: 4.804 Thread 0x00000207fd6c7000 3137   !   3       java.util.AbstractList$Itr::next (45 bytes)
Event: 4.804 Thread 0x00000207fd6c7000 nmethod 3137 0x00000207e6a17190 code [0x00000207e6a173a0, 0x00000207e6a17958]
Event: 4.804 Thread 0x00000207fd6c7000 3134       3       org.jetbrains.kotlin.com.intellij.psi.stubs.MaterialStubList::size (8 bytes)
Event: 4.804 Thread 0x00000207fd6c7000 nmethod 3134 0x00000207e6a17c10 code [0x00000207e6a17dc0, 0x00000207e6a17f58]
Event: 4.804 Thread 0x00000207fd6c7000 3135       3       org.jetbrains.kotlin.com.intellij.psi.stubs.StubList::getChildrenStart (12 bytes)

GC Heap History (8 events):
Event: 1.014 GC heap before
{Heap before GC invocations=0 (full 0):
 garbage-first heap   total 131072K, used 27648K [0x0000000081c00000, 0x0000000100000000)
  region size 1024K, 24 young (24576K), 0 survivors (0K)
 Metaspace       used 12340K, capacity 12501K, committed 12800K, reserved 1060864K
  class space    used 1163K, capacity 1206K, committed 1280K, reserved 1048576K
}
Event: 1.018 GC heap after
{Heap after GC invocations=1 (full 0):
 garbage-first heap   total 131072K, used 5856K [0x0000000081c00000, 0x0000000100000000)
  region size 1024K, 3 young (3072K), 3 survivors (3072K)
 Metaspace       used 12340K, capacity 12501K, committed 12800K, reserved 1060864K
  class space    used 1163K, capacity 1206K, committed 1280K, reserved 1048576K
}
Event: 1.861 GC heap before
{Heap before GC invocations=1 (full 0):
 garbage-first heap   total 131072K, used 40672K [0x0000000081c00000, 0x0000000100000000)
  region size 1024K, 38 young (38912K), 3 survivors (3072K)
 Metaspace       used 20941K, capacity 21222K, committed 21248K, reserved 1069056K
  class space    used 2224K, capacity 2293K, committed 2304K, reserved 1048576K
}
Event: 1.881 GC heap after
{Heap after GC invocations=2 (full 0):
 garbage-first heap   total 131072K, used 9022K [0x0000000081c00000, 0x0000000100000000)
  region size 1024K, 6 young (6144K), 6 survivors (6144K)
 Metaspace       used 20941K, capacity 21222K, committed 21248K, reserved 1069056K
  class space    used 2224K, capacity 2293K, committed 2304K, reserved 1048576K
}
Event: 2.913 GC heap before
{Heap before GC invocations=3 (full 0):
 garbage-first heap   total 131072K, used 62270K [0x0000000081c00000, 0x0000000100000000)
  region size 1024K, 53 young (54272K), 6 survivors (6144K)
 Metaspace       used 32821K, capacity 33349K, committed 33536K, reserved 1079296K
  class space    used 4119K, capacity 4328K, committed 4352K, reserved 1048576K
}
Event: 2.939 GC heap after
{Heap after GC invocations=4 (full 0):
 garbage-first heap   total 131072K, used 20143K [0x0000000081c00000, 0x0000000100000000)
  region size 1024K, 7 young (7168K), 7 survivors (7168K)
 Metaspace       used 32821K, capacity 33349K, committed 33536K, reserved 1079296K
  class space    used 4119K, capacity 4328K, committed 4352K, reserved 1048576K
}
Event: 3.224 GC heap before
{Heap before GC invocations=4 (full 0):
 garbage-first heap   total 131072K, used 29359K [0x0000000081c00000, 0x0000000100000000)
  region size 1024K, 17 young (17408K), 7 survivors (7168K)
 Metaspace       used 34990K, capacity 35504K, committed 35584K, reserved 1081344K
  class space    used 4350K, capacity 4556K, committed 4608K, reserved 1048576K
}
Event: 3.256 GC heap after
{Heap after GC invocations=5 (full 0):
 garbage-first heap   total 131072K, used 22198K [0x0000000081c00000, 0x0000000100000000)
  region size 1024K, 2 young (2048K), 2 survivors (2048K)
 Metaspace       used 34990K, capacity 35504K, committed 35584K, reserved 1081344K
  class space    used 4350K, capacity 4556K, committed 4608K, reserved 1048576K
}

Deoptimization events (20 events):
Event: 4.332 Thread 0x00000207e2509800 Uncommon trap: trap_request=0xffffff4d fr.pc=0x00000207ed993550 relative=0x0000000000000c30
Event: 4.333 Thread 0x00000207e2509800 Uncommon trap: reason=unstable_if action=reinterpret pc=0x00000207ed993550 method=java.lang.StringCoding.encodeUTF8(B[BZ)[B @ 2 c2
Event: 4.333 Thread 0x00000207e2509800 DEOPT PACKING pc=0x00000207ed993550 sp=0x0000008d722f5dc0
Event: 4.333 Thread 0x00000207e2509800 DEOPT UNPACKING pc=0x00000207e5eb74af sp=0x0000008d722f5bb0 mode 2
Event: 4.333 Thread 0x00000207e2509800 Uncommon trap: trap_request=0xffffff4d fr.pc=0x00000207eda5f348 relative=0x0000000000000268
Event: 4.333 Thread 0x00000207e2509800 Uncommon trap: reason=unstable_if action=reinterpret pc=0x00000207eda5f348 method=sun.net.www.ParseUtil.firstEncodeIndex(Ljava/lang/String;)I @ 27 c2
Event: 4.333 Thread 0x00000207e2509800 DEOPT PACKING pc=0x00000207eda5f348 sp=0x0000008d722f5ef0
Event: 4.333 Thread 0x00000207e2509800 DEOPT UNPACKING pc=0x00000207e5eb74af sp=0x0000008d722f5d18 mode 2
Event: 4.334 Thread 0x00000207e2509800 Uncommon trap: trap_request=0xffffff4d fr.pc=0x00000207ed9d43dc relative=0x00000000000001bc
Event: 4.334 Thread 0x00000207e2509800 Uncommon trap: reason=unstable_if action=reinterpret pc=0x00000207ed9d43dc method=java.lang.String.indexOf(II)I @ 4 c2
Event: 4.334 Thread 0x00000207e2509800 DEOPT PACKING pc=0x00000207ed9d43dc sp=0x0000008d722f5c00
Event: 4.334 Thread 0x00000207e2509800 DEOPT UNPACKING pc=0x00000207e5eb74af sp=0x0000008d722f5b30 mode 2
Event: 4.334 Thread 0x00000207e2509800 Uncommon trap: trap_request=0xffffff4d fr.pc=0x00000207eda117b0 relative=0x0000000000000190
Event: 4.334 Thread 0x00000207e2509800 Uncommon trap: reason=unstable_if action=reinterpret pc=0x00000207eda117b0 method=java.lang.String.startsWith(Ljava/lang/String;I)Z @ 46 c2
Event: 4.334 Thread 0x00000207e2509800 DEOPT PACKING pc=0x00000207eda117b0 sp=0x0000008d722f5c80
Event: 4.334 Thread 0x00000207e2509800 DEOPT UNPACKING pc=0x00000207e5eb74af sp=0x0000008d722f5be8 mode 2
Event: 4.334 Thread 0x00000207e2509800 Uncommon trap: trap_request=0xffffff4d fr.pc=0x00000207eda6fe2c relative=0x00000000000006cc
Event: 4.334 Thread 0x00000207e2509800 Uncommon trap: reason=unstable_if action=reinterpret pc=0x00000207eda6fe2c method=java.lang.String.lastIndexOf(II)I @ 4 c2
Event: 4.334 Thread 0x00000207e2509800 DEOPT PACKING pc=0x00000207eda6fe2c sp=0x0000008d722f5cf0
Event: 4.334 Thread 0x00000207e2509800 DEOPT UNPACKING pc=0x00000207e5eb74af sp=0x0000008d722f5be0 mode 2

Classes redefined (0 events):
No events

Internal exceptions (20 events):
Event: 1.437 Thread 0x00000207e2509800 Exception <a 'java/lang/NoSuchMethodError'{0x00000000888a60e8}: 'int java.lang.invoke.DirectMethodHandle$Holder.invokeSpecial(java.lang.Object, java.lang.Object, java.lang.Object, java.lang.Object)'> (0x00000000888a60e8) thrown at [./src/hotspot/share/interpreter/linkResolver.cpp, line 773]
Event: 1.439 Thread 0x00000207e2509800 Exception <a 'java/lang/NoSuchMethodError'{0x00000000888b4ec8}: 'int java.lang.invoke.DelegatingMethodHandle$Holder.reinvoke_L(java.lang.Object, java.lang.Object, java.lang.Object, long, int)'> (0x00000000888b4ec8) thrown at [./src/hotspot/share/interpreter/linkResolver.cpp, line 773]
Event: 1.599 Thread 0x00000207e2509800 Exception <a 'java/lang/NoSuchMethodError'{0x00000000884fb200}: 'int java.lang.invoke.DirectMethodHandle$Holder.invokeSpecialIFC(java.lang.Object, java.lang.Object, int)'> (0x00000000884fb200) thrown at [./src/hotspot/share/interpreter/linkResolver.cpp, line 773]
Event: 1.802 Thread 0x00000207e2509800 Exception <a 'java/lang/NoSuchMethodError'{0x0000000087841280}: 'java.lang.Object java.lang.invoke.DirectMethodHandle$Holder.invokeStaticInit(java.lang.Object, int)'> (0x0000000087841280) thrown at [./src/hotspot/share/interpreter/linkResolver.cpp, line 773]
Event: 1.841 Thread 0x00000207e2509800 Exception <a 'java/lang/NoSuchMethodError'{0x0000000087604a20}: 'long java.lang.invoke.DirectMethodHandle$Holder.invokeStatic(java.lang.Object)'> (0x0000000087604a20) thrown at [./src/hotspot/share/interpreter/linkResolver.cpp, line 773]
Event: 1.842 Thread 0x00000207e2509800 Exception <a 'java/lang/NoSuchMethodError'{0x0000000087607878}: 'long java.lang.invoke.DirectMethodHandle$Holder.invokeStaticInit(java.lang.Object)'> (0x0000000087607878) thrown at [./src/hotspot/share/interpreter/linkResolver.cpp, line 773]
Event: 1.942 Thread 0x00000207e2509800 Exception <a 'java/lang/NoSuchMethodError'{0x00000000899f5c80}: 'int java.lang.invoke.DirectMethodHandle$Holder.invokeStaticInit(java.lang.Object, java.lang.Object, java.lang.Object)'> (0x00000000899f5c80) thrown at [./src/hotspot/share/interpreter/linkResolver.cpp, line 773]
Event: 1.946 Thread 0x00000207e2509800 Exception <a 'java/lang/NoSuchMethodError'{0x0000000089821c10}: 'int java.lang.invoke.DirectMethodHandle$Holder.invokeStaticInit(java.lang.Object, java.lang.Object)'> (0x0000000089821c10) thrown at [./src/hotspot/share/interpreter/linkResolver.cpp, line 773]
Event: 1.994 Thread 0x00000207e2509800 Exception <a 'java/lang/NoSuchMethodError'{0x0000000089634f08}: 'void java.lang.invoke.DirectMethodHandle$Holder.invokeSpecial(java.lang.Object, java.lang.Object)'> (0x0000000089634f08) thrown at [./src/hotspot/share/interpreter/linkResolver.cpp, line 773]
Event: 2.170 Thread 0x00000207e2509800 Exception <a 'java/lang/NoSuchMethodError'{0x0000000088e5a850}: 'java.lang.Object java.lang.invoke.DirectMethodHandle$Holder.invokeStatic(java.lang.Object, java.lang.Object, java.lang.Object, java.lang.Object, java.lang.Object, java.lang.Object, java.lang.Object, java.lang.Object, java.lang.Object, java.lang.Object, java.lang.Object, java.lang.Object, java.lang.Object, java.lang.Object, java.lang.Object)'> (0x0000000088e5a850) thrown at [./src/hotspot/share/interpreter/linkResolver.cpp, line 773]
Event: 2.171 Thread 0x00000207e2509800 Exception <a 'java/lang/NoSuchMethodError'{0x0000000088e68858}: 'java.lang.Object java.lang.invoke.DirectMethodHandle$Holder.invokeStatic(java.lang.Object, java.lang.Object, java.lang.Object, java.lang.Object, java.lang.Object, java.lang.Object, java.lang.Object, java.lang.Object, java.lang.Object, java.lang.Object, java.lang.Object, java.lang.Object, java.lang.Object, java.lang.Object, java.lang.Object, java.lang.Object)'> (0x0000000088e68858) thrown at [./src/hotspot/share/interpreter/linkResolver.cpp, l
Event: 2.172 Thread 0x00000207e2509800 Exception <a 'java/lang/NoSuchMethodError'{0x0000000088e76770}: 'java.lang.Object java.lang.invoke.DirectMethodHandle$Holder.invokeSpecial(java.lang.Object, java.lang.Object, int, int, java.lang.Object, java.lang.Object, java.lang.Object)'> (0x0000000088e76770) thrown at [./src/hotspot/share/interpreter/linkResolver.cpp, line 773]
Event: 2.173 Thread 0x00000207e2509800 Exception <a 'java/lang/NoSuchMethodError'{0x0000000088e79fa8}: 'java.lang.Object java.lang.invoke.DelegatingMethodHandle$Holder.reinvoke_L(java.lang.Object, int, int, java.lang.Object, java.lang.Object, java.lang.Object)'> (0x0000000088e79fa8) thrown at [./src/hotspot/share/interpreter/linkResolver.cpp, line 773]
Event: 2.173 Thread 0x00000207e2509800 Exception <a 'java/lang/NoSuchMethodError'{0x0000000088e7e330}: 'java.lang.Object java.lang.invoke.DirectMethodHandle$Holder.invokeStatic(java.lang.Object, java.lang.Object, java.lang.Object, java.lang.Object, int)'> (0x0000000088e7e330) thrown at [./src/hotspot/share/interpreter/linkResolver.cpp, line 773]
Event: 2.213 Thread 0x00000207e2509800 Exception <a 'java/lang/NoSuchMethodError'{0x0000000088da2478}: 'void java.lang.invoke.DirectMethodHandle$Holder.invokeStatic(java.lang.Object, java.lang.Object, java.lang.Object, java.lang.Object)'> (0x0000000088da2478) thrown at [./src/hotspot/share/interpreter/linkResolver.cpp, line 773]
Event: 2.281 Thread 0x00000207e2509800 Exception <a 'java/lang/NoSuchMethodError'{0x0000000088983e88}: 'void java.lang.invoke.DirectMethodHandle$Holder.invokeStaticInit(java.lang.Object, java.lang.Object)'> (0x0000000088983e88) thrown at [./src/hotspot/share/interpreter/linkResolver.cpp, line 773]
Event: 2.400 Thread 0x00000207e2509800 Exception <a 'java/lang/NoSuchMethodError'{0x000000008849f290}: 'void java.lang.invoke.DirectMethodHandle$Holder.invokeVirtual(java.lang.Object, java.lang.Object)'> (0x000000008849f290) thrown at [./src/hotspot/share/interpreter/linkResolver.cpp, line 773]
Event: 2.411 Thread 0x00000207e2509800 Exception <a 'java/lang/NoSuchMethodError'{0x0000000088324718}: 'int java.lang.invoke.DirectMethodHandle$Holder.invokeVirtual(java.lang.Object, java.lang.Object)'> (0x0000000088324718) thrown at [./src/hotspot/share/interpreter/linkResolver.cpp, line 773]
Event: 3.182 Thread 0x00000207e2509800 Exception <a 'java/lang/NoSuchMethodError'{0x0000000089372290}: 'java.lang.Object java.lang.invoke.DirectMethodHandle$Holder.invokeVirtual(java.lang.Object, java.lang.Object, java.lang.Object)'> (0x0000000089372290) thrown at [./src/hotspot/share/interpreter/linkResolver.cpp, line 773]
Event: 4.569 Thread 0x00000207e2509800 Exception <a 'java/lang/NoSuchMethodError'{0x00000000874b03f0}: 'java.lang.Object java.lang.invoke.Invokers$Holder.linkToTargetMethod(java.lang.Object, int, java.lang.Object)'> (0x00000000874b03f0) thrown at [./src/hotspot/share/interpreter/linkResolver.cpp, line 773]

Events (20 events):
Event: 4.800 loading class org/jetbrains/kotlin/com/intellij/psi/PsiFile
Event: 4.800 loading class org/jetbrains/kotlin/com/intellij/psi/PsiFile done
Event: 4.801 loading class org/jetbrains/kotlin/com/intellij/openapi/util/Trinity
Event: 4.801 loading class org/jetbrains/kotlin/com/intellij/openapi/util/Trinity done
Event: 4.801 loading class org/jetbrains/kotlin/com/intellij/openapi/util/Trinity
Event: 4.801 loading class org/jetbrains/kotlin/com/intellij/openapi/util/Trinity done
Event: 4.801 loading class org/jetbrains/kotlin/com/intellij/util/Function
Event: 4.801 loading class org/jetbrains/kotlin/com/intellij/util/Function done
Event: 4.801 loading class org/jetbrains/kotlin/com/intellij/psi/stubs/MaterialStubList$1
Event: 4.801 loading class org/jetbrains/kotlin/com/intellij/psi/stubs/MaterialStubList$1 done
Event: 4.802 loading class org/jetbrains/kotlin/com/intellij/psi/stubs/StubList$1
Event: 4.802 loading class org/jetbrains/kotlin/com/intellij/psi/stubs/StubList$1 done
Event: 4.802 loading class java/util/AbstractList$SubList
Event: 4.802 loading class java/util/AbstractList$SubList done
Event: 4.802 loading class java/util/AbstractList$SubList$1
Event: 4.802 loading class java/util/AbstractList$SubList$1 done
Event: 4.802 loading class java/util/AbstractList$ListItr
Event: 4.802 loading class java/util/AbstractList$ListItr done
Event: 4.803 Executing VM operation: Deoptimize
Event: 4.803 Executing VM operation: Deoptimize done


Dynamic libraries:
0x00007ff701850000 - 0x00007ff70185a000 	C:\Users\Dark Knight\Desktop\Android Studio\jre\bin\java.exe
0x00007ff9b2730000 - 0x00007ff9b2925000 	C:\WINDOWS\SYSTEM32\ntdll.dll
0x00007ff9b1dc0000 - 0x00007ff9b1e7e000 	C:\WINDOWS\System32\KERNEL32.DLL
0x00007ff9b0250000 - 0x00007ff9b0518000 	C:\WINDOWS\System32\KERNELBASE.dll
0x00007ff9b0150000 - 0x00007ff9b0250000 	C:\WINDOWS\System32\ucrtbase.dll
0x00007ff9838b0000 - 0x00007ff9838c9000 	C:\Users\Dark Knight\Desktop\Android Studio\jre\bin\jli.dll
0x00007ff9838d0000 - 0x00007ff9838e7000 	C:\Users\Dark Knight\Desktop\Android Studio\jre\bin\VCRUNTIME140.dll
0x00007ff9b09e0000 - 0x00007ff9b0b81000 	C:\WINDOWS\System32\USER32.dll
0x00007ff9affa0000 - 0x00007ff9affc2000 	C:\WINDOWS\System32\win32u.dll
0x00007ff9b2010000 - 0x00007ff9b203b000 	C:\WINDOWS\System32\GDI32.dll
0x00007ff99a6f0000 - 0x00007ff99a98a000 	C:\WINDOWS\WinSxS\amd64_microsoft.windows.common-controls_6595b64144ccf1df_6.0.19041.1110_none_60b5254171f9507e\COMCTL32.dll
0x00007ff9b0660000 - 0x00007ff9b076d000 	C:\WINDOWS\System32\gdi32full.dll
0x00007ff9b1300000 - 0x00007ff9b139e000 	C:\WINDOWS\System32\msvcrt.dll
0x00007ff9b0000000 - 0x00007ff9b009d000 	C:\WINDOWS\System32\msvcp_win.dll
0x00007ff9b2170000 - 0x00007ff9b21a0000 	C:\WINDOWS\System32\IMM32.DLL
0x00007ff983810000 - 0x00007ff9838ad000 	C:\Users\Dark Knight\Desktop\Android Studio\jre\bin\msvcp140.dll
0x00007ff93c270000 - 0x00007ff93cd2c000 	C:\Users\Dark Knight\Desktop\Android Studio\jre\bin\server\jvm.dll
0x00007ff9b25b0000 - 0x00007ff9b265c000 	C:\WINDOWS\System32\ADVAPI32.dll
0x00007ff9b1af0000 - 0x00007ff9b1b8b000 	C:\WINDOWS\System32\sechost.dll
0x00007ff9b1120000 - 0x00007ff9b124a000 	C:\WINDOWS\System32\RPCRT4.dll
0x00007ff9b0b90000 - 0x00007ff9b0b98000 	C:\WINDOWS\System32\PSAPI.DLL
0x00007ff99d730000 - 0x00007ff99d739000 	C:\WINDOWS\SYSTEM32\WSOCK32.dll
0x00007ff99c0d0000 - 0x00007ff99c0f7000 	C:\WINDOWS\SYSTEM32\WINMM.dll
0x00007ff9a54b0000 - 0x00007ff9a54ba000 	C:\WINDOWS\SYSTEM32\VERSION.dll
0x00007ff9b1fa0000 - 0x00007ff9b200b000 	C:\WINDOWS\System32\WS2_32.dll
0x00007ff9ae6c0000 - 0x00007ff9ae6d2000 	C:\WINDOWS\SYSTEM32\kernel.appcore.dll
0x00007ff994520000 - 0x00007ff994531000 	C:\Users\Dark Knight\Desktop\Android Studio\jre\bin\verify.dll
0x00007ff9adae0000 - 0x00007ff9adcc4000 	C:\WINDOWS\SYSTEM32\DBGHELP.DLL
0x00007ff9982c0000 - 0x00007ff9982ec000 	C:\WINDOWS\SYSTEM32\dbgcore.DLL
0x00007ff9b05d0000 - 0x00007ff9b0652000 	C:\WINDOWS\System32\bcryptPrimitives.dll
0x00007ff983fa0000 - 0x00007ff983fc9000 	C:\Users\Dark Knight\Desktop\Android Studio\jre\bin\java.dll
0x00007ff9a7500000 - 0x00007ff9a750b000 	C:\Users\Dark Knight\Desktop\Android Studio\jre\bin\jimage.dll
0x00007ff98d340000 - 0x00007ff98d358000 	C:\Users\Dark Knight\Desktop\Android Studio\jre\bin\zip.dll
0x00007ff9b13a0000 - 0x00007ff9b1ae4000 	C:\WINDOWS\System32\SHELL32.dll
0x00007ff9adf10000 - 0x00007ff9ae6a4000 	C:\WINDOWS\SYSTEM32\windows.storage.dll
0x00007ff9b21a0000 - 0x00007ff9b24f5000 	C:\WINDOWS\System32\combase.dll
0x00007ff9af7c0000 - 0x00007ff9af7ee000 	C:\WINDOWS\SYSTEM32\Wldp.dll
0x00007ff9b1250000 - 0x00007ff9b12fd000 	C:\WINDOWS\System32\SHCORE.dll
0x00007ff9b0770000 - 0x00007ff9b07c5000 	C:\WINDOWS\System32\shlwapi.dll
0x00007ff9afd80000 - 0x00007ff9afd9f000 	C:\WINDOWS\SYSTEM32\profapi.dll
0x00007ff983570000 - 0x00007ff98358a000 	C:\Users\Dark Knight\Desktop\Android Studio\jre\bin\net.dll
0x00007ff99e9a0000 - 0x00007ff99eaac000 	C:\WINDOWS\SYSTEM32\WINHTTP.dll
0x00007ff9af520000 - 0x00007ff9af58a000 	C:\WINDOWS\system32\mswsock.dll
0x00007ff9829e0000 - 0x00007ff9829f4000 	C:\Users\Dark Knight\Desktop\Android Studio\jre\bin\nio.dll

dbghelp: loaded successfully - version: 4.0.5 - missing functions: none
symbol engine: initialized successfully - sym options: 0x614 - pdb path: .;C:\Users\Dark Knight\Desktop\Android Studio\jre\bin;C:\WINDOWS\SYSTEM32;C:\WINDOWS\WinSxS\amd64_microsoft.windows.common-controls_6595b64144ccf1df_6.0.19041.1110_none_60b5254171f9507e;C:\Users\Dark Knight\Desktop\Android Studio\jre\bin\server

VM Arguments:
java_command: org.jetbrains.kotlin.cli.jvm.K2JVMCompiler @C:\Android Projects\Udemy TUTORIAL\app\build\20211226_1917608943429291355.compiler.options
java_class_path (initial): C:\Users\Dark Knight\.gradle\caches\modules-2\files-2.1\org.jetbrains.kotlin\kotlin-compiler-embeddable\1.6.0\aa8da3bedc53c89219b84a0b40c7419431a13e76\kotlin-compiler-embeddable-1.6.0.jar;C:\Users\Dark Knight\.gradle\caches\modules-2\files-2.1\org.jetbrains.kotlin\kotlin-reflect\1.6.0\a215a7f914d5916dc5fd2d45cea16524e0220203\kotlin-reflect-1.6.0.jar;C:\Users\Dark Knight\.gradle\caches\modules-2\files-2.1\org.jetbrains.kotlin\kotlin-stdlib\1.6.0\a40b8b22529b733892edf4b73468ce598bb17f04\kotlin-stdlib-1.6.0.jar;C:\Users\Dark Knight\.gradle\caches\modules-2\files-2.1\org.jetbrains.kotlin\kotlin-script-runtime\1.6.0\55f72526ddcff6fc77d72cdf949c7e3d9bd95620\kotlin-script-runtime-1.6.0.jar;C:\Users\Dark Knight\.gradle\caches\modules-2\files-2.1\org.jetbrains.kotlin\kotlin-daemon-embeddable\1.6.0\d6242b37f4ce6b637d10847c7558446272ec8432\kotlin-daemon-embeddable-1.6.0.jar;C:\Users\Dark Knight\.gradle\caches\modules-2\files-2.1\org.jetbrains.intellij.deps\trove4j\1.0.20181211\216c2e14b070f334479d800987affe4054cd563f\trove4j-1.0.20181211.jar;C:\Users\Dark Knight\.gradle\caches\modules-2\files-2.1\net.java.dev.jna\jna\5.6.0\330f2244e9030119ab3030fc3fededc86713d9cc\jna-5.6.0.jar;C:\Users\Dark Knight\.gradle\caches\modules-2\files-2.1\org.jetbrains\annotations\13.0\919f0dfe192fb4e063e7dacadee7f8bb9a2672a9\annotations-13.0.jar;C:\Users\Dark Knight\.gradle\caches\modules-2\files-2.1\org.jetbrains.kotlin\kotlin-stdlib-common\1.6.0\7857e365f925cfa060f941c1357cda1f8790502c\kotlin-stdlib-common-1.6.0.jar
Launcher Type: SUN_STANDARD

[Global flags]
     intx CICompilerCount                          = 4                                         {product} {ergonomic}
     uint ConcGCThreads                            = 2                                         {product} {ergonomic}
     uint G1ConcRefinementThreads                  = 8                                         {product} {ergonomic}
   size_t G1HeapRegionSize                         = 1048576                                   {product} {ergonomic}
    uintx GCDrainStackTargetSize                   = 64                                        {product} {ergonomic}
   size_t InitialHeapSize                          = 134217728                                 {product} {ergonomic}
   size_t MarkStackSize                            = 4194304                                   {product} {ergonomic}
   size_t MaxHeapSize                              = 2118123520                                {product} {ergonomic}
   size_t MaxNewSize                               = 1270874112                                {product} {ergonomic}
   size_t MinHeapDeltaBytes                        = 1048576                                   {product} {ergonomic}
    uintx NonNMethodCodeHeapSize                   = 5836300                                {pd product} {ergonomic}
    uintx NonProfiledCodeHeapSize                  = 122910970                              {pd product} {ergonomic}
    uintx ProfiledCodeHeapSize                     = 122910970                              {pd product} {ergonomic}
    uintx ReservedCodeCacheSize                    = 251658240                              {pd product} {ergonomic}
     bool SegmentedCodeCache                       = true                                      {product} {ergonomic}
     bool UseCompressedClassPointers               = true                                 {lp64_product} {ergonomic}
     bool UseCompressedOops                        = true                                 {lp64_product} {ergonomic}
     bool UseG1GC                                  = true                                      {product} {ergonomic}
     bool UseLargePagesIndividualAllocation        = false                                  {pd product} {ergonomic}

Logging:
Log output configuration:
 #0: stdout all=warning uptime,level,tags
 #1: stderr all=off uptime,level,tags

Environment Variables:
PATH=C:\Windows\system32;C:\Windows;C:\Windows\System32\Wbem;C:\Windows\System32\WindowsPowerShell\v1.0\;C:\Windows\System32\OpenSSH\;C:\Program Files (x86)\NVIDIA Corporation\PhysX\Common;C:\Program Files\NVIDIA Corporation\NVIDIA NvDLISR;C:\WINDOWS\system32;C:\WINDOWS;C:\WINDOWS\System32\Wbem;C:\WINDOWS\System32\WindowsPowerShell\v1.0\;C:\WINDOWS\System32\OpenSSH\;C:\MinGW\bin;C:\Program Files\MEGA-X;C:\WINDOWS\system32;C:\WINDOWS;C:\WINDOWS\System32\Wbem;C:\WINDOWS\System32\WindowsPowerShell\v1.0\;C:\WINDOWS\System32\OpenSSH\;C:\Program Files\Git\cmd;C:\Users\Dark Knight\AppData\Local\Microsoft\WindowsApps;C:\Users\Dark Knight\AppData\Local\atom\bin;C:\MinGW\bin;C:\Program Files (x86)\Microsoft Visual Studio\2019\BuildTools\MSBuild\Current\Bin;C:\Users\Dark Knight\AppData\Local\Microsoft\WindowsApps
USERNAME=Dark Knight
OS=Windows_NT
PROCESSOR_IDENTIFIER=Intel64 Family 6 Model 158 Stepping 10, GenuineIntel



---------------  S Y S T E M  ---------------

OS: Windows 10 , 64 bit Build 19041 (10.0.19041.1348)
OS uptime: 8 days 9:57 hours

CPU:total 8 (initial active 8) (4 cores per cpu, 2 threads per core) family 6 model 158 stepping 10, cmov, cx8, fxsr, mmx, sse, sse2, sse3, ssse3, sse4.1, sse4.2, popcnt, avx, avx2, aes, clmul, erms, 3dnowpref, lzcnt, ht, tsc, tscinvbit, bmi1, bmi2, adx, fma

Memory: 4k page, system-wide physical 8072M (484M free)
TotalPageFile size 12168M (AvailPageFile size 4M)
current process WorkingSet (physical memory assigned to process): 234M, peak: 234M
current process commit charge ("private bytes"): 322M, peak: 324M

vm_info: OpenJDK 64-Bit Server VM (11.0.8+10-b944.6842174) for windows-amd64 JRE (11.0.8+10-b944.6842174), built on Sep 19 2020 01:11:42 by "builder" with MS VC++ 14.0 (VS2015)

END.
