#
# There is insufficient memory for the Java Runtime Environment to continue.
# Native memory allocation (malloc) failed to allocate 1043536 bytes for Chunk::new
# Possible reasons:
#   The system is out of physical RAM or swap space
#   The process is running with CompressedOops enabled, and the Java Heap may be blocking the growth of the native heap
# Possible solutions:
#   Reduce memory load on the system
#   Increase physical memory or swap space
#   Check if swap backing store is full
#   Decrease Java heap size (-Xmx/-Xms)
#   Decrease number of Java threads
#   Decrease Java thread stack sizes (-Xss)
#   Set larger code cache with -XX:ReservedCodeCacheSize=
#   JVM is running with Unscaled Compressed Oops mode in which the Java heap is
#     placed in the first 4GB address space. The Java Heap base address is the
#     maximum limit for the native heap growth. Please use -XX:HeapBaseMinAddress
#     to set the Java Heap base and to place the Java Heap above 4GB virtual address.
# This output file may be truncated or incomplete.
#
#  Out of Memory Error (./src/hotspot/share/memory/arena.cpp:197), pid=27104, tid=24528
#
# JRE version: OpenJDK Runtime Environment (11.0.8+10) (build 11.0.8+10-b944.6842174)
# Java VM: OpenJDK 64-Bit Server VM (11.0.8+10-b944.6842174, mixed mode, tiered, compressed oops, g1 gc, windows-amd64)
# No core dump will be written. Minidumps are not enabled by default on client versions of Windows
#

---------------  S U M M A R Y ------------

Command Line: --add-opens=java.base/java.util=ALL-UNNAMED --add-opens=java.base/java.lang=ALL-UNNAMED --add-opens=java.base/java.lang.invoke=ALL-UNNAMED --add-opens=java.prefs/java.util.prefs=ALL-UNNAMED -Xmx2048m -Dfile.encoding=UTF-8 -Duser.country=IN -Duser.language=en -Duser.variant org.gradle.launcher.daemon.bootstrap.GradleDaemon 6.7.1

Host: Intel(R) Core(TM) i5-9300H CPU @ 2.40GHz, 8 cores, 7G,  Windows 10 , 64 bit Build 19041 (10.0.19041.1348)
Time: Sun Dec 26 23:08:06 2021 India Standard Time elapsed time: 6 seconds (0d 0h 0m 6s)

---------------  T H R E A D  ---------------

Current thread (0x00000171f4dfa000):  JavaThread "C2 CompilerThread0" daemon [_thread_in_native, id=24528, stack(0x0000000394000000,0x0000000394100000)]


Current CompileTask:
C2:   6199 5172   !   4       java.net.URLClassLoader$1::run (63 bytes)

Stack: [0x0000000394000000,0x0000000394100000]
Native frames: (J=compiled Java code, j=interpreted, Vv=VM code, C=native code)
V  [jvm.dll+0x5de50a]
V  [jvm.dll+0x7122f5]
V  [jvm.dll+0x71384d]
V  [jvm.dll+0x713f03]
V  [jvm.dll+0x23e728]
V  [jvm.dll+0xb899c]
V  [jvm.dll+0xb8e9c]
V  [jvm.dll+0x35024d]
V  [jvm.dll+0x193cbc]
V  [jvm.dll+0x1f780e]
V  [jvm.dll+0x1f68d4]
V  [jvm.dll+0x17f32c]
V  [jvm.dll+0x205047]
V  [jvm.dll+0x203891]
V  [jvm.dll+0x6dad3f]
V  [jvm.dll+0x6d3895]
V  [ADVAPI32.dll+0x5dd4a6]
C  [ucrtbase.dll+0x21bb2]
C  [KERNEL32.DLL+0x17034]
C  [ntdll.dll+0x52651]


---------------  P R O C E S S  ---------------

Threads class SMR info:
_java_thread_list=0x00000171fa380200, length=159, elements={
0x00000171daae8800, 0x00000171f4de2000, 0x00000171f4de3800, 0x00000171f4df6800,
0x00000171f4df8000, 0x00000171f4dfa000, 0x00000171f4e06800, 0x00000171f4e12000,
0x00000171f58ab800, 0x00000171f58d0800, 0x00000171f7831000, 0x00000171f71e0800,
0x00000171f7bbd800, 0x00000171f6b67800, 0x00000171f717b800, 0x00000171f7156800,
0x00000171f6c36800, 0x00000171f7691000, 0x00000171f7691800, 0x00000171f758f800,
0x00000171f7bb7800, 0x00000171f6fc4800, 0x00000171f6fc5800, 0x00000171f6fc6800,
0x00000171f6fc4000, 0x00000171f9e06000, 0x00000171f9e08800, 0x00000171f9e05800,
0x00000171f9b39800, 0x00000171f9e07800, 0x00000171f9e03000, 0x00000171f9e09800,
0x00000171f9e03800, 0x00000171f9e04800, 0x00000171f9e0a000, 0x00000171f9e0b000,
0x00000171f9e07000, 0x00000171f9e0c800, 0x00000171f9e0d800, 0x00000171f9e0c000,
0x00000171f9e10800, 0x00000171f9e0e000, 0x00000171f9e11800, 0x00000171f9e0f000,
0x00000171f9e10000, 0x00000171f9cd6800, 0x00000171f9cd7800, 0x00000171f9cd8000,
0x00000171f9cda800, 0x00000171f9cd9000, 0x00000171f9cda000, 0x00000171f9cd5000,
0x00000171f9cd6000, 0x00000171f9cdf800, 0x00000171f9ce2000, 0x00000171f9cdc800,
0x00000171f9ce1000, 0x00000171f9ce3000, 0x00000171f9cdf000, 0x00000171f9cde000,
0x00000171f9cdd000, 0x00000171f9ce3800, 0x00000171f9ce0800, 0x00000171f7dc5000,
0x00000171f7dc8800, 0x00000171f7dc7000, 0x00000171f7dc6000, 0x00000171f7dcb000,
0x00000171f7dc9000, 0x00000171f7dcb800, 0x00000171f7dcc800, 0x00000171f7dcd800,
0x00000171f7dca000, 0x00000171f7dc7800, 0x00000171f7dcf000, 0x00000171f7dce000,
0x00000171f7dd0000, 0x00000171f7dd0800, 0x00000171f7dd4000, 0x00000171f7dd1800,
0x00000171f7dd2000, 0x00000171f7dd3000, 0x00000171f7859800, 0x00000171f7854800,
0x00000171f7855000, 0x00000171f7858800, 0x00000171f7853800, 0x00000171f785b000,
0x00000171f785c000, 0x00000171f7856000, 0x00000171f785c800, 0x00000171f785a000,
0x00000171f7857000, 0x00000171f785d800, 0x00000171f7857800, 0x00000171f785e000,
0x00000171f7862800, 0x00000171f785f000, 0x00000171f7860000, 0x00000171f7860800,
0x00000171f7861800, 0x00000171f7e25800, 0x00000171f7e29000, 0x00000171f7e26800,
0x00000171f7e29800, 0x00000171f7e28000, 0x00000171f7e24000, 0x00000171f7e2a800,
0x00000171f7e25000, 0x00000171f7e2b800, 0x00000171f7e2c000, 0x00000171f7e2d000,
0x00000171f7e27800, 0x00000171f7e2e000, 0x00000171f7e30800, 0x00000171f7e2e800,
0x00000171f7e31000, 0x00000171f7e2f800, 0x00000171f7e32000, 0x00000171f7e32800,
0x00000171fb4ee800, 0x00000171fb4ef800, 0x00000171fb4ed000, 0x00000171fb4ed800,
0x00000171fb4eb800, 0x00000171fb4ea800, 0x00000171fb4e9800, 0x00000171fb4f0000,
0x00000171fb4f1000, 0x00000171fb4f2000, 0x00000171fb4ec000, 0x00000171fb4f8800,
0x00000171fb4f4800, 0x00000171fb4f6000, 0x00000171fb4f5000, 0x00000171fb4f3800,
0x00000171fb4f7800, 0x00000171fb4f2800, 0x00000171fb4f6800, 0x00000171f65dc000,
0x00000171f65db000, 0x00000171f65d7800, 0x00000171f65d7000, 0x00000171f65dc800,
0x00000171f65d8800, 0x00000171f65dd800, 0x00000171f65de000, 0x00000171f65da000,
0x00000171f65df000, 0x00000171f65d9800, 0x00000171f65e2800, 0x00000171f65e0800,
0x00000171f65e3000, 0x00000171f65e0000, 0x00000171f65e1800, 0x00000171f65e4000,
0x00000171f65e5800, 0x00000171f65e5000, 0x00000171fc1a3000
}

Java Threads: ( => current thread )
  0x00000171daae8800 JavaThread "main" [_thread_blocked, id=33516, stack(0x0000000393500000,0x0000000393600000)]
  0x00000171f4de2000 JavaThread "Reference Handler" daemon [_thread_blocked, id=25136, stack(0x0000000393c00000,0x0000000393d00000)]
  0x00000171f4de3800 JavaThread "Finalizer" daemon [_thread_blocked, id=10220, stack(0x0000000393d00000,0x0000000393e00000)]
  0x00000171f4df6800 JavaThread "Signal Dispatcher" daemon [_thread_blocked, id=24640, stack(0x0000000393e00000,0x0000000393f00000)]
  0x00000171f4df8000 JavaThread "Attach Listener" daemon [_thread_blocked, id=28524, stack(0x0000000393f00000,0x0000000394000000)]
=>0x00000171f4dfa000 JavaThread "C2 CompilerThread0" daemon [_thread_in_native, id=24528, stack(0x0000000394000000,0x0000000394100000)]
  0x00000171f4e06800 JavaThread "C1 CompilerThread0" daemon [_thread_blocked, id=35980, stack(0x0000000394100000,0x0000000394200000)]
  0x00000171f4e12000 JavaThread "Sweeper thread" daemon [_thread_blocked, id=13172, stack(0x0000000394200000,0x0000000394300000)]
  0x00000171f58ab800 JavaThread "Common-Cleaner" daemon [_thread_blocked, id=34172, stack(0x0000000394300000,0x0000000394400000)]
  0x00000171f58d0800 JavaThread "Service Thread" daemon [_thread_blocked, id=34988, stack(0x0000000394400000,0x0000000394500000)]
  0x00000171f7831000 JavaThread "Daemon health stats" [_thread_blocked, id=22500, stack(0x0000000394a00000,0x0000000394b00000)]
  0x00000171f71e0800 JavaThread "Incoming local TCP Connector on port 59490" [_thread_in_native, id=36548, stack(0x0000000394b00000,0x0000000394c00000)]
  0x00000171f7bbd800 JavaThread "Daemon periodic checks" [_thread_blocked, id=27540, stack(0x0000000394c00000,0x0000000394d00000)]
  0x00000171f6b67800 JavaThread "Daemon" [_thread_blocked, id=31984, stack(0x0000000394d00000,0x0000000394e00000)]
  0x00000171f717b800 JavaThread "Handler for socket connection from /127.0.0.1:59490 to /127.0.0.1:59491" [_thread_in_native, id=22900, stack(0x0000000394e00000,0x0000000394f00000)]
  0x00000171f7156800 JavaThread "Cancel handler" [_thread_blocked, id=20616, stack(0x0000000394f00000,0x0000000395000000)]
  0x00000171f6c36800 JavaThread "Daemon worker" [_thread_in_Java, id=8512, stack(0x0000000395000000,0x0000000395100000)]
  0x00000171f7691000 JavaThread "C2 CompilerThread1" daemon [_thread_in_native, id=23116, stack(0x0000000395100000,0x0000000395200000)]
  0x00000171f7691800 JavaThread "Asynchronous log dispatcher for DefaultDaemonConnection: socket connection from /127.0.0.1:59490 to /127.0.0.1:59491" [_thread_blocked, id=7948, stack(0x0000000395200000,0x0000000395300000)]
  0x00000171f758f800 JavaThread "Stdin handler" [_thread_blocked, id=27056, stack(0x0000000395300000,0x0000000395400000)]
  0x00000171f7bb7800 JavaThread "Thread-8" [_thread_blocked, id=30756, stack(0x0000000395400000,0x0000000395500000)]
  0x00000171f6fc4800 JavaThread "Cache worker for file hash cache (C:\Users\Dark Knight\.gradle\caches\6.7.1\fileHashes)" [_thread_blocked, id=28856, stack(0x0000000395a00000,0x0000000395b00000)]
  0x00000171f6fc5800 JavaThread "File lock request listener" [_thread_in_native, id=22232, stack(0x0000000395b00000,0x0000000395c00000)]
  0x00000171f6fc6800 JavaThread "Cache worker for journal cache (C:\Users\Dark Knight\.gradle\caches\journal-1)" [_thread_blocked, id=22460, stack(0x0000000395d00000,0x0000000395e00000)]
  0x00000171f6fc4000 JavaThread "Cache worker for file hash cache (C:\Android Projects\Udemy TUTORIAL\.gradle\6.7.1\fileHashes)" [_thread_blocked, id=27116, stack(0x0000000395e00000,0x0000000395f00000)]
  0x00000171f9e06000 JavaThread "jar transforms" [_thread_blocked, id=15992, stack(0x0000000395f00000,0x0000000396000000)]
  0x00000171f9e08800 JavaThread "jar transforms Thread 2" [_thread_blocked, id=30932, stack(0x0000000396000000,0x0000000396100000)]
  0x00000171f9e05800 JavaThread "jar transforms Thread 3" [_thread_blocked, id=5556, stack(0x0000000396100000,0x0000000396200000)]
  0x00000171f9b39800 JavaThread "C2 CompilerThread2" daemon [_thread_in_native, id=27228, stack(0x0000000396200000,0x0000000396300000)]
  0x00000171f9e07800 JavaThread "jar transforms Thread 4" [_thread_blocked, id=1360, stack(0x0000000396300000,0x0000000396400000)]
  0x00000171f9e03000 JavaThread "jar transforms Thread 5" [_thread_blocked, id=11908, stack(0x0000000396400000,0x0000000396500000)]
  0x00000171f9e09800 JavaThread "jar transforms Thread 6" [_thread_blocked, id=29524, stack(0x0000000396500000,0x0000000396600000)]
  0x00000171f9e03800 JavaThread "jar transforms Thread 7" [_thread_blocked, id=13900, stack(0x0000000396600000,0x0000000396700000)]
  0x00000171f9e04800 JavaThread "jar transforms Thread 8" [_thread_blocked, id=22816, stack(0x0000000396700000,0x0000000396800000)]
  0x00000171f9e0a000 JavaThread "jar transforms Thread 9" [_thread_blocked, id=14300, stack(0x0000000396800000,0x0000000396900000)]
  0x00000171f9e0b000 JavaThread "jar transforms Thread 10" [_thread_blocked, id=33392, stack(0x0000000396900000,0x0000000396a00000)]
  0x00000171f9e07000 JavaThread "jar transforms Thread 11" [_thread_blocked, id=32372, stack(0x0000000396a00000,0x0000000396b00000)]
  0x00000171f9e0c800 JavaThread "jar transforms Thread 12" [_thread_blocked, id=1128, stack(0x0000000396b00000,0x0000000396c00000)]
  0x00000171f9e0d800 JavaThread "jar transforms Thread 13" [_thread_blocked, id=12548, stack(0x0000000396c00000,0x0000000396d00000)]
  0x00000171f9e0c000 JavaThread "jar transforms Thread 14" [_thread_blocked, id=22452, stack(0x0000000396d00000,0x0000000396e00000)]
  0x00000171f9e10800 JavaThread "jar transforms Thread 15" [_thread_blocked, id=9776, stack(0x0000000396e00000,0x0000000396f00000)]
  0x00000171f9e0e000 JavaThread "jar transforms Thread 16" [_thread_blocked, id=33100, stack(0x0000000396f00000,0x0000000397000000)]
  0x00000171f9e11800 JavaThread "jar transforms Thread 17" [_thread_blocked, id=31188, stack(0x0000000397000000,0x0000000397100000)]
  0x00000171f9e0f000 JavaThread "jar transforms Thread 18" [_thread_blocked, id=33372, stack(0x0000000397100000,0x0000000397200000)]
  0x00000171f9e10000 JavaThread "jar transforms Thread 19" [_thread_blocked, id=12580, stack(0x0000000397200000,0x0000000397300000)]
  0x00000171f9cd6800 JavaThread "jar transforms Thread 20" [_thread_blocked, id=23524, stack(0x0000000397300000,0x0000000397400000)]
  0x00000171f9cd7800 JavaThread "jar transforms Thread 21" [_thread_blocked, id=25952, stack(0x0000000397400000,0x0000000397500000)]
  0x00000171f9cd8000 JavaThread "Cache worker for checksums cache (C:\Android Projects\Udemy TUTORIAL\.gradle\checksums)" [_thread_blocked, id=13976, stack(0x0000000397500000,0x0000000397600000)]
  0x00000171f9cda800 JavaThread "Cache worker for cache directory md-supplier (C:\Users\Dark Knight\.gradle\caches\6.7.1\md-supplier)" [_thread_blocked, id=31412, stack(0x0000000397600000,0x0000000397700000)]
  0x00000171f9cd9000 JavaThread "Cache worker for cache directory md-rule (C:\Users\Dark Knight\.gradle\caches\6.7.1\md-rule)" [_thread_blocked, id=22440, stack(0x0000000397700000,0x0000000397800000)]
  0x00000171f9cda000 JavaThread "Cache worker for execution history cache (C:\Users\Dark Knight\.gradle\caches\6.7.1\executionHistory)" [_thread_blocked, id=13912, stack(0x0000000397800000,0x0000000397900000)]
  0x00000171f9cd5000 JavaThread "Cache worker for file content cache (C:\Users\Dark Knight\.gradle\caches\6.7.1\fileContent)" [_thread_blocked, id=22612, stack(0x0000000397900000,0x0000000397a00000)]
  0x00000171f9cd6000 JavaThread "Cache worker for Build Output Cleanup Cache (C:\Android Projects\Udemy TUTORIAL\.gradle\buildOutputCleanup)" [_thread_blocked, id=24376, stack(0x0000000397a00000,0x0000000397b00000)]
  0x00000171f9cdf800 JavaThread "Build operations" [_thread_blocked, id=34292, stack(0x0000000397b00000,0x0000000397c00000)]
  0x00000171f9ce2000 JavaThread "Build operations Thread 2" [_thread_blocked, id=27344, stack(0x0000000397c00000,0x0000000397d00000)]
  0x00000171f9cdc800 JavaThread "Build operations Thread 3" [_thread_blocked, id=26948, stack(0x0000000397d00000,0x0000000397e00000)]
  0x00000171f9ce1000 JavaThread "Build operations Thread 4" [_thread_blocked, id=19228, stack(0x0000000397e00000,0x0000000397f00000)]
  0x00000171f9ce3000 JavaThread "Build operations Thread 5" [_thread_blocked, id=29336, stack(0x0000000397f00000,0x0000000398000000)]
  0x00000171f9cdf000 JavaThread "Build operations Thread 6" [_thread_blocked, id=31208, stack(0x0000000398000000,0x0000000398100000)]
  0x00000171f9cde000 JavaThread "Build operations Thread 7" [_thread_blocked, id=27404, stack(0x0000000398100000,0x0000000398200000)]
  0x00000171f9cdd000 JavaThread "Build operations Thread 8" [_thread_blocked, id=5220, stack(0x0000000398200000,0x0000000398300000)]
  0x00000171f9ce3800 JavaThread "jar transforms Thread 22" [_thread_blocked, id=31720, stack(0x0000000398300000,0x0000000398400000)]
  0x00000171f9ce0800 JavaThread "jar transforms Thread 23" [_thread_blocked, id=7908, stack(0x0000000398400000,0x0000000398500000)]
  0x00000171f7dc5000 JavaThread "jar transforms Thread 24" [_thread_blocked, id=34020, stack(0x0000000398500000,0x0000000398600000)]
  0x00000171f7dc8800 JavaThread "jar transforms Thread 25" [_thread_blocked, id=35644, stack(0x0000000398600000,0x0000000398700000)]
  0x00000171f7dc7000 JavaThread "jar transforms Thread 26" [_thread_blocked, id=3924, stack(0x0000000398700000,0x0000000398800000)]
  0x00000171f7dc6000 JavaThread "jar transforms Thread 27" [_thread_blocked, id=19272, stack(0x0000000398800000,0x0000000398900000)]
  0x00000171f7dcb000 JavaThread "jar transforms Thread 28" [_thread_blocked, id=34420, stack(0x0000000398900000,0x0000000398a00000)]
  0x00000171f7dc9000 JavaThread "jar transforms Thread 29" [_thread_blocked, id=11436, stack(0x0000000398a00000,0x0000000398b00000)]
  0x00000171f7dcb800 JavaThread "jar transforms Thread 30" [_thread_blocked, id=26844, stack(0x0000000398b00000,0x0000000398c00000)]
  0x00000171f7dcc800 JavaThread "jar transforms Thread 31" [_thread_blocked, id=23020, stack(0x0000000398c00000,0x0000000398d00000)]
  0x00000171f7dcd800 JavaThread "jar transforms Thread 32" [_thread_blocked, id=36516, stack(0x0000000398d00000,0x0000000398e00000)]
  0x00000171f7dca000 JavaThread "jar transforms Thread 33" [_thread_blocked, id=11988, stack(0x0000000398e00000,0x0000000398f00000)]
  0x00000171f7dc7800 JavaThread "jar transforms Thread 34" [_thread_blocked, id=34320, stack(0x0000000398f00000,0x0000000399000000)]
  0x00000171f7dcf000 JavaThread "jar transforms Thread 35" [_thread_blocked, id=29016, stack(0x0000000399000000,0x0000000399100000)]
  0x00000171f7dce000 JavaThread "jar transforms Thread 36" [_thread_blocked, id=27136, stack(0x0000000399100000,0x0000000399200000)]
  0x00000171f7dd0000 JavaThread "jar transforms Thread 37" [_thread_blocked, id=29864, stack(0x0000000399200000,0x0000000399300000)]
  0x00000171f7dd0800 JavaThread "jar transforms Thread 38" [_thread_blocked, id=33828, stack(0x0000000399300000,0x0000000399400000)]
  0x00000171f7dd4000 JavaThread "jar transforms Thread 39" [_thread_blocked, id=12648, stack(0x0000000399400000,0x0000000399500000)]
  0x00000171f7dd1800 JavaThread "jar transforms Thread 40" [_thread_blocked, id=35168, stack(0x0000000399500000,0x0000000399600000)]
  0x00000171f7dd2000 JavaThread "jar transforms Thread 41" [_thread_blocked, id=28164, stack(0x0000000399600000,0x0000000399700000)]
  0x00000171f7dd3000 JavaThread "jar transforms Thread 42" [_thread_blocked, id=9764, stack(0x0000000399700000,0x0000000399800000)]
  0x00000171f7859800 JavaThread "jar transforms Thread 43" [_thread_blocked, id=33580, stack(0x0000000399800000,0x0000000399900000)]
  0x00000171f7854800 JavaThread "jar transforms Thread 44" [_thread_blocked, id=35580, stack(0x0000000399900000,0x0000000399a00000)]
  0x00000171f7855000 JavaThread "jar transforms Thread 45" [_thread_blocked, id=31548, stack(0x0000000399a00000,0x0000000399b00000)]
  0x00000171f7858800 JavaThread "jar transforms Thread 46" [_thread_blocked, id=29368, stack(0x0000000399b00000,0x0000000399c00000)]
  0x00000171f7853800 JavaThread "jar transforms Thread 47" [_thread_blocked, id=34424, stack(0x0000000399c00000,0x0000000399d00000)]
  0x00000171f785b000 JavaThread "jar transforms Thread 48" [_thread_blocked, id=22132, stack(0x0000000399d00000,0x0000000399e00000)]
  0x00000171f785c000 JavaThread "jar transforms Thread 49" [_thread_blocked, id=34076, stack(0x0000000399e00000,0x0000000399f00000)]
  0x00000171f7856000 JavaThread "jar transforms Thread 50" [_thread_blocked, id=32076, stack(0x0000000399f00000,0x000000039a000000)]
  0x00000171f785c800 JavaThread "jar transforms Thread 51" [_thread_blocked, id=31932, stack(0x000000039a000000,0x000000039a100000)]
  0x00000171f785a000 JavaThread "jar transforms Thread 52" [_thread_blocked, id=34064, stack(0x000000039a100000,0x000000039a200000)]
  0x00000171f7857000 JavaThread "jar transforms Thread 53" [_thread_blocked, id=15324, stack(0x000000039a200000,0x000000039a300000)]
  0x00000171f785d800 JavaThread "jar transforms Thread 54" [_thread_blocked, id=21260, stack(0x000000039a300000,0x000000039a400000)]
  0x00000171f7857800 JavaThread "jar transforms Thread 55" [_thread_blocked, id=33356, stack(0x000000039a400000,0x000000039a500000)]
  0x00000171f785e000 JavaThread "jar transforms Thread 56" [_thread_blocked, id=35808, stack(0x000000039a500000,0x000000039a600000)]
  0x00000171f7862800 JavaThread "jar transforms Thread 57" [_thread_blocked, id=27960, stack(0x000000039a600000,0x000000039a700000)]
  0x00000171f785f000 JavaThread "jar transforms Thread 58" [_thread_blocked, id=36360, stack(0x000000039a700000,0x000000039a800000)]
  0x00000171f7860000 JavaThread "jar transforms Thread 59" [_thread_blocked, id=31952, stack(0x000000039a800000,0x000000039a900000)]
  0x00000171f7860800 JavaThread "jar transforms Thread 60" [_thread_blocked, id=25720, stack(0x000000039a900000,0x000000039aa00000)]
  0x00000171f7861800 JavaThread "jar transforms Thread 61" [_thread_blocked, id=21148, stack(0x000000039aa00000,0x000000039ab00000)]
  0x00000171f7e25800 JavaThread "jar transforms Thread 62" [_thread_blocked, id=34972, stack(0x000000039ab00000,0x000000039ac00000)]
  0x00000171f7e29000 JavaThread "jar transforms Thread 63" [_thread_blocked, id=33124, stack(0x000000039ac00000,0x000000039ad00000)]
  0x00000171f7e26800 JavaThread "jar transforms Thread 64" [_thread_blocked, id=25252, stack(0x000000039ad00000,0x000000039ae00000)]
  0x00000171f7e29800 JavaThread "jar transforms Thread 65" [_thread_blocked, id=24020, stack(0x000000039ae00000,0x000000039af00000)]
  0x00000171f7e28000 JavaThread "jar transforms Thread 66" [_thread_blocked, id=2448, stack(0x000000039af00000,0x000000039b000000)]
  0x00000171f7e24000 JavaThread "jar transforms Thread 67" [_thread_blocked, id=23884, stack(0x000000039b000000,0x000000039b100000)]
  0x00000171f7e2a800 JavaThread "jar transforms Thread 68" [_thread_blocked, id=34132, stack(0x000000039b100000,0x000000039b200000)]
  0x00000171f7e25000 JavaThread "jar transforms Thread 69" [_thread_blocked, id=30956, stack(0x000000039b200000,0x000000039b300000)]
  0x00000171f7e2b800 JavaThread "jar transforms Thread 70" [_thread_blocked, id=23960, stack(0x000000039b300000,0x000000039b400000)]
  0x00000171f7e2c000 JavaThread "jar transforms Thread 71" [_thread_blocked, id=24924, stack(0x000000039b400000,0x000000039b500000)]
  0x00000171f7e2d000 JavaThread "jar transforms Thread 72" [_thread_blocked, id=24760, stack(0x000000039b500000,0x000000039b600000)]
  0x00000171f7e27800 JavaThread "jar transforms Thread 73" [_thread_blocked, id=25016, stack(0x000000039b600000,0x000000039b700000)]
  0x00000171f7e2e000 JavaThread "jar transforms Thread 74" [_thread_blocked, id=24628, stack(0x000000039b700000,0x000000039b800000)]
  0x00000171f7e30800 JavaThread "jar transforms Thread 75" [_thread_blocked, id=19968, stack(0x000000039b800000,0x000000039b900000)]
  0x00000171f7e2e800 JavaThread "jar transforms Thread 76" [_thread_blocked, id=34048, stack(0x000000039b900000,0x000000039ba00000)]
  0x00000171f7e31000 JavaThread "jar transforms Thread 77" [_thread_blocked, id=29156, stack(0x000000039ba00000,0x000000039bb00000)]
  0x00000171f7e2f800 JavaThread "jar transforms Thread 78" [_thread_blocked, id=19252, stack(0x000000039bb00000,0x000000039bc00000)]
  0x00000171f7e32000 JavaThread "jar transforms Thread 79" [_thread_blocked, id=15424, stack(0x000000039bc00000,0x000000039bd00000)]
  0x00000171f7e32800 JavaThread "jar transforms Thread 80" [_thread_blocked, id=23296, stack(0x000000039bd00000,0x000000039be00000)]
  0x00000171fb4ee800 JavaThread "jar transforms Thread 81" [_thread_blocked, id=28332, stack(0x000000039be00000,0x000000039bf00000)]
  0x00000171fb4ef800 JavaThread "jar transforms Thread 82" [_thread_blocked, id=22608, stack(0x000000039bf00000,0x000000039c000000)]
  0x00000171fb4ed000 JavaThread "jar transforms Thread 83" [_thread_blocked, id=31860, stack(0x000000039c000000,0x000000039c100000)]
  0x00000171fb4ed800 JavaThread "jar transforms Thread 84" [_thread_blocked, id=24048, stack(0x000000039c100000,0x000000039c200000)]
  0x00000171fb4eb800 JavaThread "jar transforms Thread 85" [_thread_blocked, id=33244, stack(0x000000039c200000,0x000000039c300000)]
  0x00000171fb4ea800 JavaThread "jar transforms Thread 86" [_thread_blocked, id=8160, stack(0x000000039c300000,0x000000039c400000)]
  0x00000171fb4e9800 JavaThread "jar transforms Thread 87" [_thread_blocked, id=28920, stack(0x000000039c400000,0x000000039c500000)]
  0x00000171fb4f0000 JavaThread "jar transforms Thread 88" [_thread_blocked, id=25400, stack(0x000000039c500000,0x000000039c600000)]
  0x00000171fb4f1000 JavaThread "jar transforms Thread 89" [_thread_blocked, id=14068, stack(0x000000039c600000,0x000000039c700000)]
  0x00000171fb4f2000 JavaThread "jar transforms Thread 90" [_thread_blocked, id=29276, stack(0x000000039c700000,0x000000039c800000)]
  0x00000171fb4ec000 JavaThread "jar transforms Thread 91" [_thread_blocked, id=34860, stack(0x000000039c800000,0x000000039c900000)]
  0x00000171fb4f8800 JavaThread "jar transforms Thread 92" [_thread_blocked, id=32336, stack(0x000000039c900000,0x000000039ca00000)]
  0x00000171fb4f4800 JavaThread "jar transforms Thread 93" [_thread_blocked, id=10672, stack(0x000000039ca00000,0x000000039cb00000)]
  0x00000171fb4f6000 JavaThread "jar transforms Thread 94" [_thread_blocked, id=7836, stack(0x000000039cb00000,0x000000039cc00000)]
  0x00000171fb4f5000 JavaThread "jar transforms Thread 95" [_thread_blocked, id=5472, stack(0x000000039cc00000,0x000000039cd00000)]
  0x00000171fb4f3800 JavaThread "jar transforms Thread 96" [_thread_blocked, id=17136, stack(0x000000039cd00000,0x000000039ce00000)]
  0x00000171fb4f7800 JavaThread "jar transforms Thread 97" [_thread_blocked, id=31896, stack(0x000000039ce00000,0x000000039cf00000)]
  0x00000171fb4f2800 JavaThread "jar transforms Thread 98" [_thread_blocked, id=3384, stack(0x000000039cf00000,0x000000039d000000)]
  0x00000171fb4f6800 JavaThread "jar transforms Thread 99" [_thread_blocked, id=10660, stack(0x000000039d000000,0x000000039d100000)]
  0x00000171f65dc000 JavaThread "jar transforms Thread 100" [_thread_blocked, id=19068, stack(0x000000039d100000,0x000000039d200000)]
  0x00000171f65db000 JavaThread "jar transforms Thread 101" [_thread_blocked, id=11644, stack(0x000000039d200000,0x000000039d300000)]
  0x00000171f65d7800 JavaThread "jar transforms Thread 102" [_thread_blocked, id=3320, stack(0x000000039d300000,0x000000039d400000)]
  0x00000171f65d7000 JavaThread "jar transforms Thread 103" [_thread_blocked, id=24172, stack(0x000000039d400000,0x000000039d500000)]
  0x00000171f65dc800 JavaThread "jar transforms Thread 104" [_thread_blocked, id=28016, stack(0x000000039d500000,0x000000039d600000)]
  0x00000171f65d8800 JavaThread "jar transforms Thread 105" [_thread_blocked, id=5604, stack(0x000000039d600000,0x000000039d700000)]
  0x00000171f65dd800 JavaThread "jar transforms Thread 106" [_thread_blocked, id=21756, stack(0x000000039d700000,0x000000039d800000)]
  0x00000171f65de000 JavaThread "jar transforms Thread 107" [_thread_blocked, id=36632, stack(0x000000039d800000,0x000000039d900000)]
  0x00000171f65da000 JavaThread "jar transforms Thread 108" [_thread_blocked, id=1376, stack(0x000000039d900000,0x000000039da00000)]
  0x00000171f65df000 JavaThread "jar transforms Thread 109" [_thread_blocked, id=27396, stack(0x000000039da00000,0x000000039db00000)]
  0x00000171f65d9800 JavaThread "jar transforms Thread 110" [_thread_blocked, id=35312, stack(0x000000039db00000,0x000000039dc00000)]
  0x00000171f65e2800 JavaThread "jar transforms Thread 111" [_thread_blocked, id=34548, stack(0x000000039dc00000,0x000000039dd00000)]
  0x00000171f65e0800 JavaThread "jar transforms Thread 112" [_thread_blocked, id=29184, stack(0x000000039dd00000,0x000000039de00000)]
  0x00000171f65e3000 JavaThread "jar transforms Thread 113" [_thread_blocked, id=34104, stack(0x000000039de00000,0x000000039df00000)]
  0x00000171f65e0000 JavaThread "jar transforms Thread 114" [_thread_blocked, id=6544, stack(0x000000039df00000,0x000000039e000000)]
  0x00000171f65e1800 JavaThread "jar transforms Thread 115" [_thread_blocked, id=31156, stack(0x000000039e000000,0x000000039e100000)]
  0x00000171f65e4000 JavaThread "jar transforms Thread 116" [_thread_blocked, id=20792, stack(0x000000039e100000,0x000000039e200000)]
  0x00000171f65e5800 JavaThread "jar transforms Thread 117" [_thread_blocked, id=2704, stack(0x000000039e200000,0x000000039e300000)]
  0x00000171f65e5000 JavaThread "jar transforms Thread 118" [_thread_blocked, id=34344, stack(0x000000039e300000,0x000000039e400000)]
  0x00000171fc1a3000 JavaThread "jar transforms Thread 119" [_thread_blocked, id=7912, stack(0x000000039e400000,0x000000039e500000)]

Other Threads:
  0x00000171f4ddc000 VMThread "VM Thread" [stack: 0x0000000393b00000,0x0000000393c00000] [id=9260]
  0x00000171f58d1000 WatcherThread [stack: 0x0000000394500000,0x0000000394600000] [id=29736]
  0x00000171dab01800 GCTaskThread "GC Thread#0" [stack: 0x0000000393600000,0x0000000393700000] [id=15340]
  0x00000171f62e3000 GCTaskThread "GC Thread#1" [stack: 0x0000000394700000,0x0000000394800000] [id=29044]
  0x00000171f5eec000 GCTaskThread "GC Thread#2" [stack: 0x0000000394800000,0x0000000394900000] [id=33784]
  0x00000171f7088000 GCTaskThread "GC Thread#3" [stack: 0x0000000395500000,0x0000000395600000] [id=12628]
  0x00000171f7bb6800 GCTaskThread "GC Thread#4" [stack: 0x0000000395600000,0x0000000395700000] [id=31500]
  0x00000171f76b6800 GCTaskThread "GC Thread#5" [stack: 0x0000000395700000,0x0000000395800000] [id=23908]
  0x00000171f795b800 GCTaskThread "GC Thread#6" [stack: 0x0000000395800000,0x0000000395900000] [id=21436]
  0x00000171f6cf3800 GCTaskThread "GC Thread#7" [stack: 0x0000000395900000,0x0000000395a00000] [id=31668]
  0x00000171dab32800 ConcurrentGCThread "G1 Main Marker" [stack: 0x0000000393700000,0x0000000393800000] [id=2248]
  0x00000171dab35000 ConcurrentGCThread "G1 Conc#0" [stack: 0x0000000393800000,0x0000000393900000] [id=18796]
  0x00000171f66b1000 ConcurrentGCThread "G1 Conc#1" [stack: 0x0000000395c00000,0x0000000395d00000] [id=32436]
  0x00000171f4c30800 ConcurrentGCThread "G1 Refine#0" [stack: 0x0000000393900000,0x0000000393a00000] [id=27512]
  0x00000171f4c31000 ConcurrentGCThread "G1 Young RemSet Sampling" [stack: 0x0000000393a00000,0x0000000393b00000] [id=29048]

Threads with active compile tasks:
C2 CompilerThread0   6234 5172   !   4       java.net.URLClassLoader$1::run (63 bytes)
C2 CompilerThread1   6234 5186       4       org.objectweb.asm.SymbolTable::addType (81 bytes)
C2 CompilerThread2   6234 5178       4       java.net.URLClassLoader$1::run (5 bytes)

VM state:not at safepoint (normal execution)

VM Mutex/Monitor currently owned by a thread: None

Heap address: 0x0000000080000000, size: 2048 MB, Compressed Oops mode: 32-bit
Narrow klass base: 0x0000000000000000, Narrow klass shift: 3
Compressed class space size: 1073741824 Address: 0x0000000100000000

Heap:
 garbage-first heap   total 157696K, used 70735K [0x0000000080000000, 0x0000000100000000)
  region size 1024K, 7 young (7168K), 4 survivors (4096K)
 Metaspace       used 53855K, capacity 55425K, committed 55548K, reserved 1097728K
  class space    used 6787K, capacity 7259K, committed 7296K, reserved 1048576K
Heap Regions: E=young(eden), S=young(survivor), O=old, HS=humongous(starts), HC=humongous(continues), CS=collection set, F=free, A=archive, TAMS=top-at-mark-start (previous, next)
|   0|0x0000000080000000, 0x0000000080100000, 0x0000000080100000|100%| O|  |TAMS 0x0000000080100000, 0x0000000080000000| Untracked 
|   1|0x0000000080100000, 0x0000000080200000, 0x0000000080200000|100%| O|  |TAMS 0x0000000080200000, 0x0000000080100000| Untracked 
|   2|0x0000000080200000, 0x0000000080300000, 0x0000000080300000|100%| O|  |TAMS 0x0000000080300000, 0x0000000080200000| Untracked 
|   3|0x0000000080300000, 0x0000000080400000, 0x0000000080400000|100%|HS|  |TAMS 0x0000000080400000, 0x0000000080300000| Complete 
|   4|0x0000000080400000, 0x0000000080500000, 0x0000000080500000|100%|HC|  |TAMS 0x0000000080500000, 0x0000000080400000| Complete 
|   5|0x0000000080500000, 0x0000000080600000, 0x0000000080600000|100%|HC|  |TAMS 0x0000000080600000, 0x0000000080500000| Complete 
|   6|0x0000000080600000, 0x0000000080700000, 0x0000000080700000|100%| O|  |TAMS 0x0000000080700000, 0x0000000080600000| Untracked 
|   7|0x0000000080700000, 0x0000000080800000, 0x0000000080800000|100%| O|  |TAMS 0x0000000080800000, 0x0000000080700000| Untracked 
|   8|0x0000000080800000, 0x0000000080900000, 0x0000000080900000|100%| O|  |TAMS 0x0000000080900000, 0x0000000080800000| Untracked 
|   9|0x0000000080900000, 0x0000000080a00000, 0x0000000080a00000|100%| O|  |TAMS 0x0000000080a00000, 0x0000000080900000| Untracked 
|  10|0x0000000080a00000, 0x0000000080b00000, 0x0000000080b00000|100%| O|  |TAMS 0x0000000080b00000, 0x0000000080a00000| Untracked 
|  11|0x0000000080b00000, 0x0000000080c00000, 0x0000000080c00000|100%| O|  |TAMS 0x0000000080c00000, 0x0000000080b00000| Untracked 
|  12|0x0000000080c00000, 0x0000000080d00000, 0x0000000080d00000|100%| O|  |TAMS 0x0000000080d00000, 0x0000000080c00000| Untracked 
|  13|0x0000000080d00000, 0x0000000080e00000, 0x0000000080e00000|100%| O|  |TAMS 0x0000000080e00000, 0x0000000080d00000| Untracked 
|  14|0x0000000080e00000, 0x0000000080f00000, 0x0000000080f00000|100%| O|  |TAMS 0x0000000080f00000, 0x0000000080e00000| Untracked 
|  15|0x0000000080f00000, 0x0000000081000000, 0x0000000081000000|100%| O|  |TAMS 0x0000000081000000, 0x0000000080f00000| Untracked 
|  16|0x0000000081000000, 0x0000000081100000, 0x0000000081100000|100%|HS|  |TAMS 0x0000000081100000, 0x0000000081000000| Complete 
|  17|0x0000000081100000, 0x0000000081200000, 0x0000000081200000|100%|HC|  |TAMS 0x0000000081200000, 0x0000000081100000| Complete 
|  18|0x0000000081200000, 0x0000000081300000, 0x0000000081300000|100%|HS|  |TAMS 0x0000000081300000, 0x0000000081200000| Complete 
|  19|0x0000000081300000, 0x0000000081400000, 0x0000000081400000|100%|HC|  |TAMS 0x0000000081400000, 0x0000000081300000| Complete 
|  20|0x0000000081400000, 0x0000000081500000, 0x0000000081500000|100%|HC|  |TAMS 0x0000000081500000, 0x0000000081400000| Complete 
|  21|0x0000000081500000, 0x0000000081600000, 0x0000000081600000|100%|HS|  |TAMS 0x0000000081600000, 0x0000000081500000| Complete 
|  22|0x0000000081600000, 0x0000000081700000, 0x0000000081700000|100%|HC|  |TAMS 0x0000000081700000, 0x0000000081600000| Complete 
|  23|0x0000000081700000, 0x0000000081800000, 0x0000000081800000|100%|HC|  |TAMS 0x0000000081800000, 0x0000000081700000| Complete 
|  24|0x0000000081800000, 0x0000000081900000, 0x0000000081900000|100%|HC|  |TAMS 0x0000000081900000, 0x0000000081800000| Complete 
|  25|0x0000000081900000, 0x0000000081a00000, 0x0000000081a00000|100%| O|  |TAMS 0x0000000081a00000, 0x0000000081900000| Untracked 
|  26|0x0000000081a00000, 0x0000000081b00000, 0x0000000081b00000|100%| O|  |TAMS 0x0000000081b00000, 0x0000000081a00000| Untracked 
|  27|0x0000000081b00000, 0x0000000081c00000, 0x0000000081c00000|100%| O|  |TAMS 0x0000000081c00000, 0x0000000081b00000| Untracked 
|  28|0x0000000081c00000, 0x0000000081d00000, 0x0000000081d00000|100%| O|  |TAMS 0x0000000081c43000, 0x0000000081c00000| Untracked 
|  29|0x0000000081d00000, 0x0000000081e00000, 0x0000000081e00000|100%|HS|  |TAMS 0x0000000081d00000, 0x0000000081d00000| Complete 
|  30|0x0000000081e00000, 0x0000000081f00000, 0x0000000081f00000|100%|HC|  |TAMS 0x0000000081e00000, 0x0000000081e00000| Complete 
|  31|0x0000000081f00000, 0x0000000082000000, 0x0000000082000000|100%|HC|  |TAMS 0x0000000081f00000, 0x0000000081f00000| Complete 
|  32|0x0000000082000000, 0x0000000082100000, 0x0000000082100000|100%| O|  |TAMS 0x0000000082000000, 0x0000000082000000| Untracked 
|  33|0x0000000082100000, 0x0000000082200000, 0x0000000082200000|100%| O|  |TAMS 0x0000000082100000, 0x0000000082100000| Untracked 
|  34|0x0000000082200000, 0x0000000082300000, 0x0000000082300000|100%| O|  |TAMS 0x0000000082200000, 0x0000000082200000| Untracked 
|  35|0x0000000082300000, 0x0000000082400000, 0x0000000082400000|100%| O|  |TAMS 0x0000000082300000, 0x0000000082300000| Untracked 
|  36|0x0000000082400000, 0x0000000082500000, 0x0000000082500000|100%|HS|  |TAMS 0x0000000082400000, 0x0000000082400000| Complete 
|  37|0x0000000082500000, 0x0000000082600000, 0x0000000082600000|100%|HC|  |TAMS 0x0000000082500000, 0x0000000082500000| Complete 
|  38|0x0000000082600000, 0x0000000082700000, 0x0000000082700000|100%|HC|  |TAMS 0x0000000082600000, 0x0000000082600000| Complete 
|  39|0x0000000082700000, 0x0000000082800000, 0x0000000082800000|100%|HC|  |TAMS 0x0000000082700000, 0x0000000082700000| Complete 
|  40|0x0000000082800000, 0x0000000082900000, 0x0000000082900000|100%| O|  |TAMS 0x0000000082800000, 0x0000000082800000| Untracked 
|  41|0x0000000082900000, 0x0000000082a00000, 0x0000000082a00000|100%| O|  |TAMS 0x0000000082900000, 0x0000000082900000| Untracked 
|  42|0x0000000082a00000, 0x0000000082b00000, 0x0000000082b00000|100%| O|  |TAMS 0x0000000082a00000, 0x0000000082a00000| Untracked 
|  43|0x0000000082b00000, 0x0000000082c00000, 0x0000000082c00000|100%| O|  |TAMS 0x0000000082b00000, 0x0000000082b00000| Untracked 
|  44|0x0000000082c00000, 0x0000000082d00000, 0x0000000082d00000|100%| O|  |TAMS 0x0000000082c00000, 0x0000000082c00000| Untracked 
|  45|0x0000000082d00000, 0x0000000082e00000, 0x0000000082e00000|100%| O|  |TAMS 0x0000000082d00000, 0x0000000082d00000| Untracked 
|  46|0x0000000082e00000, 0x0000000082f00000, 0x0000000082f00000|100%| O|  |TAMS 0x0000000082e00000, 0x0000000082e00000| Untracked 
|  47|0x0000000082f00000, 0x0000000083000000, 0x0000000083000000|100%|HS|  |TAMS 0x0000000082f00000, 0x0000000082f00000| Complete 
|  48|0x0000000083000000, 0x0000000083100000, 0x0000000083100000|100%|HS|  |TAMS 0x0000000083000000, 0x0000000083000000| Complete 
|  49|0x0000000083100000, 0x0000000083200000, 0x0000000083200000|100%|HS|  |TAMS 0x0000000083100000, 0x0000000083100000| Complete 
|  50|0x0000000083200000, 0x0000000083300000, 0x0000000083300000|100%|HC|  |TAMS 0x0000000083200000, 0x0000000083200000| Complete 
|  51|0x0000000083300000, 0x0000000083400000, 0x0000000083400000|100%|HC|  |TAMS 0x0000000083300000, 0x0000000083300000| Complete 
|  52|0x0000000083400000, 0x0000000083500000, 0x0000000083500000|100%|HS|  |TAMS 0x0000000083400000, 0x0000000083400000| Complete 
|  53|0x0000000083500000, 0x0000000083600000, 0x0000000083600000|100%|HC|  |TAMS 0x0000000083500000, 0x0000000083500000| Complete 
|  54|0x0000000083600000, 0x0000000083700000, 0x0000000083700000|100%| O|  |TAMS 0x0000000083600000, 0x0000000083600000| Untracked 
|  55|0x0000000083700000, 0x0000000083800000, 0x0000000083800000|100%| O|  |TAMS 0x0000000083700000, 0x0000000083700000| Untracked 
|  56|0x0000000083800000, 0x0000000083900000, 0x0000000083900000|100%| O|  |TAMS 0x0000000083800000, 0x0000000083800000| Untracked 
|  57|0x0000000083900000, 0x0000000083a00000, 0x0000000083a00000|100%| O|  |TAMS 0x0000000083900000, 0x0000000083900000| Untracked 
|  58|0x0000000083a00000, 0x0000000083b00000, 0x0000000083b00000|100%| O|  |TAMS 0x0000000083a00000, 0x0000000083a00000| Untracked 
|  59|0x0000000083b00000, 0x0000000083c00000, 0x0000000083c00000|100%| O|  |TAMS 0x0000000083b00000, 0x0000000083b00000| Untracked 
|  60|0x0000000083c00000, 0x0000000083d00000, 0x0000000083d00000|100%| O|  |TAMS 0x0000000083c00000, 0x0000000083c00000| Untracked 
|  61|0x0000000083d00000, 0x0000000083e00000, 0x0000000083e00000|100%| O|  |TAMS 0x0000000083d00000, 0x0000000083d00000| Untracked 
|  62|0x0000000083e00000, 0x0000000083f00000, 0x0000000083f00000|100%| O|  |TAMS 0x0000000083e00000, 0x0000000083e00000| Untracked 
|  63|0x0000000083f00000, 0x0000000084000000, 0x0000000084000000|100%| O|  |TAMS 0x0000000083f00000, 0x0000000083f00000| Untracked 
|  64|0x0000000084000000, 0x0000000084000000, 0x0000000084100000|  0%| F|  |TAMS 0x0000000084000000, 0x0000000084000000| Untracked 
|  65|0x0000000084100000, 0x0000000084100000, 0x0000000084200000|  0%| F|  |TAMS 0x0000000084100000, 0x0000000084100000| Untracked 
|  66|0x0000000084200000, 0x0000000084200000, 0x0000000084300000|  0%| F|  |TAMS 0x0000000084200000, 0x0000000084200000| Untracked 
|  67|0x0000000084300000, 0x0000000084300000, 0x0000000084400000|  0%| F|  |TAMS 0x0000000084300000, 0x0000000084300000| Untracked 
|  68|0x0000000084400000, 0x0000000084400000, 0x0000000084500000|  0%| F|  |TAMS 0x0000000084400000, 0x0000000084400000| Untracked 
|  69|0x0000000084500000, 0x0000000084500000, 0x0000000084600000|  0%| F|  |TAMS 0x0000000084500000, 0x0000000084500000| Untracked 
|  70|0x0000000084600000, 0x0000000084600000, 0x0000000084700000|  0%| F|  |TAMS 0x0000000084600000, 0x0000000084600000| Untracked 
|  71|0x0000000084700000, 0x0000000084700000, 0x0000000084800000|  0%| F|  |TAMS 0x0000000084700000, 0x0000000084700000| Untracked 
|  72|0x0000000084800000, 0x0000000084800000, 0x0000000084900000|  0%| F|  |TAMS 0x0000000084800000, 0x0000000084800000| Untracked 
|  73|0x0000000084900000, 0x0000000084900000, 0x0000000084a00000|  0%| F|  |TAMS 0x0000000084900000, 0x0000000084900000| Untracked 
|  74|0x0000000084a00000, 0x0000000084a00000, 0x0000000084b00000|  0%| F|  |TAMS 0x0000000084a00000, 0x0000000084a00000| Untracked 
|  75|0x0000000084b00000, 0x0000000084b00000, 0x0000000084c00000|  0%| F|  |TAMS 0x0000000084b00000, 0x0000000084b00000| Untracked 
|  76|0x0000000084c00000, 0x0000000084c00000, 0x0000000084d00000|  0%| F|  |TAMS 0x0000000084c00000, 0x0000000084c00000| Untracked 
|  77|0x0000000084d00000, 0x0000000084d00000, 0x0000000084e00000|  0%| F|  |TAMS 0x0000000084d00000, 0x0000000084d00000| Untracked 
|  78|0x0000000084e00000, 0x0000000084e00000, 0x0000000084f00000|  0%| F|  |TAMS 0x0000000084e00000, 0x0000000084e00000| Untracked 
|  79|0x0000000084f00000, 0x0000000084f00000, 0x0000000085000000|  0%| F|  |TAMS 0x0000000084f00000, 0x0000000084f00000| Untracked 
|  80|0x0000000085000000, 0x0000000085000000, 0x0000000085100000|  0%| F|  |TAMS 0x0000000085000000, 0x0000000085000000| Untracked 
|  81|0x0000000085100000, 0x0000000085100000, 0x0000000085200000|  0%| F|  |TAMS 0x0000000085100000, 0x0000000085100000| Untracked 
|  82|0x0000000085200000, 0x0000000085200000, 0x0000000085300000|  0%| F|  |TAMS 0x0000000085200000, 0x0000000085200000| Untracked 
|  83|0x0000000085300000, 0x0000000085300000, 0x0000000085400000|  0%| F|  |TAMS 0x0000000085300000, 0x0000000085300000| Untracked 
|  84|0x0000000085400000, 0x0000000085400000, 0x0000000085500000|  0%| F|  |TAMS 0x0000000085400000, 0x0000000085400000| Untracked 
|  85|0x0000000085500000, 0x0000000085500000, 0x0000000085600000|  0%| F|  |TAMS 0x0000000085500000, 0x0000000085500000| Untracked 
|  86|0x0000000085600000, 0x0000000085600000, 0x0000000085700000|  0%| F|  |TAMS 0x0000000085600000, 0x0000000085600000| Untracked 
|  87|0x0000000085700000, 0x0000000085700000, 0x0000000085800000|  0%| F|  |TAMS 0x0000000085700000, 0x0000000085700000| Untracked 
|  88|0x0000000085800000, 0x0000000085800000, 0x0000000085900000|  0%| F|  |TAMS 0x0000000085800000, 0x0000000085800000| Untracked 
|  89|0x0000000085900000, 0x0000000085900000, 0x0000000085a00000|  0%| F|  |TAMS 0x0000000085900000, 0x0000000085900000| Untracked 
|  90|0x0000000085a00000, 0x0000000085a00000, 0x0000000085b00000|  0%| F|  |TAMS 0x0000000085a00000, 0x0000000085a00000| Untracked 
|  91|0x0000000085b00000, 0x0000000085b00000, 0x0000000085c00000|  0%| F|  |TAMS 0x0000000085b00000, 0x0000000085b00000| Untracked 
|  92|0x0000000085c00000, 0x0000000085c00000, 0x0000000085d00000|  0%| F|  |TAMS 0x0000000085c00000, 0x0000000085c00000| Untracked 
|  93|0x0000000085d00000, 0x0000000085d00000, 0x0000000085e00000|  0%| F|  |TAMS 0x0000000085d00000, 0x0000000085d00000| Untracked 
|  94|0x0000000085e00000, 0x0000000085e00000, 0x0000000085f00000|  0%| F|  |TAMS 0x0000000085e00000, 0x0000000085e00000| Untracked 
|  95|0x0000000085f00000, 0x0000000085f00000, 0x0000000086000000|  0%| F|  |TAMS 0x0000000085f00000, 0x0000000085f00000| Untracked 
|  96|0x0000000086000000, 0x0000000086000000, 0x0000000086100000|  0%| F|  |TAMS 0x0000000086000000, 0x0000000086000000| Untracked 
|  97|0x0000000086100000, 0x0000000086100000, 0x0000000086200000|  0%| F|  |TAMS 0x0000000086100000, 0x0000000086100000| Untracked 
|  98|0x0000000086200000, 0x0000000086200000, 0x0000000086300000|  0%| F|  |TAMS 0x0000000086200000, 0x0000000086200000| Untracked 
|  99|0x0000000086300000, 0x0000000086300000, 0x0000000086400000|  0%| F|  |TAMS 0x0000000086300000, 0x0000000086300000| Untracked 
| 100|0x0000000086400000, 0x0000000086400000, 0x0000000086500000|  0%| F|  |TAMS 0x0000000086400000, 0x0000000086400000| Untracked 
| 101|0x0000000086500000, 0x0000000086500000, 0x0000000086600000|  0%| F|  |TAMS 0x0000000086500000, 0x0000000086500000| Untracked 
| 102|0x0000000086600000, 0x0000000086600000, 0x0000000086700000|  0%| F|  |TAMS 0x0000000086600000, 0x0000000086600000| Untracked 
| 103|0x0000000086700000, 0x0000000086700000, 0x0000000086800000|  0%| F|  |TAMS 0x0000000086700000, 0x0000000086700000| Untracked 
| 104|0x0000000086800000, 0x0000000086800000, 0x0000000086900000|  0%| F|  |TAMS 0x0000000086800000, 0x0000000086800000| Untracked 
| 105|0x0000000086900000, 0x0000000086900000, 0x0000000086a00000|  0%| F|  |TAMS 0x0000000086900000, 0x0000000086900000| Untracked 
| 106|0x0000000086a00000, 0x0000000086a00000, 0x0000000086b00000|  0%| F|  |TAMS 0x0000000086a00000, 0x0000000086a00000| Untracked 
| 107|0x0000000086b00000, 0x0000000086b13e08, 0x0000000086c00000|  7%| S|CS|TAMS 0x0000000086b00000, 0x0000000086b00000| Complete 
| 108|0x0000000086c00000, 0x0000000086d00000, 0x0000000086d00000|100%| S|CS|TAMS 0x0000000086c00000, 0x0000000086c00000| Complete 
| 109|0x0000000086d00000, 0x0000000086e00000, 0x0000000086e00000|100%| S|CS|TAMS 0x0000000086d00000, 0x0000000086d00000| Complete 
| 110|0x0000000086e00000, 0x0000000086f00000, 0x0000000086f00000|100%| S|CS|TAMS 0x0000000086e00000, 0x0000000086e00000| Complete 
| 111|0x0000000086f00000, 0x0000000086f00000, 0x0000000087000000|  0%| F|  |TAMS 0x0000000086f00000, 0x0000000086f00000| Untracked 
| 112|0x0000000087000000, 0x0000000087000000, 0x0000000087100000|  0%| F|  |TAMS 0x0000000087000000, 0x0000000087000000| Untracked 
| 113|0x0000000087100000, 0x0000000087100000, 0x0000000087200000|  0%| F|  |TAMS 0x0000000087100000, 0x0000000087100000| Untracked 
| 114|0x0000000087200000, 0x0000000087200000, 0x0000000087300000|  0%| F|  |TAMS 0x0000000087200000, 0x0000000087200000| Untracked 
| 115|0x0000000087300000, 0x0000000087300000, 0x0000000087400000|  0%| F|  |TAMS 0x0000000087300000, 0x0000000087300000| Untracked 
| 116|0x0000000087400000, 0x0000000087400000, 0x0000000087500000|  0%| F|  |TAMS 0x0000000087400000, 0x0000000087400000| Untracked 
| 117|0x0000000087500000, 0x0000000087500000, 0x0000000087600000|  0%| F|  |TAMS 0x0000000087500000, 0x0000000087500000| Untracked 
| 118|0x0000000087600000, 0x0000000087600000, 0x0000000087700000|  0%| F|  |TAMS 0x0000000087600000, 0x0000000087600000| Untracked 
| 119|0x0000000087700000, 0x0000000087700000, 0x0000000087800000|  0%| F|  |TAMS 0x0000000087700000, 0x0000000087700000| Untracked 
| 120|0x0000000087800000, 0x0000000087800000, 0x0000000087900000|  0%| F|  |TAMS 0x0000000087800000, 0x0000000087800000| Untracked 
| 121|0x0000000087900000, 0x0000000087900000, 0x0000000087a00000|  0%| F|  |TAMS 0x0000000087900000, 0x0000000087900000| Untracked 
| 122|0x0000000087a00000, 0x0000000087a00000, 0x0000000087b00000|  0%| F|  |TAMS 0x0000000087a00000, 0x0000000087a00000| Untracked 
| 123|0x0000000087b00000, 0x0000000087b00000, 0x0000000087c00000|  0%| F|  |TAMS 0x0000000087b00000, 0x0000000087b00000| Untracked 
| 124|0x0000000087c00000, 0x0000000087c00000, 0x0000000087d00000|  0%| F|  |TAMS 0x0000000087c00000, 0x0000000087c00000| Untracked 
| 125|0x0000000087d00000, 0x0000000087d00000, 0x0000000087e00000|  0%| F|  |TAMS 0x0000000087d00000, 0x0000000087d00000| Untracked 
| 126|0x0000000087e00000, 0x0000000087e00000, 0x0000000087f00000|  0%| F|  |TAMS 0x0000000087e00000, 0x0000000087e00000| Untracked 
| 127|0x0000000087f00000, 0x0000000087f00000, 0x0000000088000000|  0%| F|  |TAMS 0x0000000087f00000, 0x0000000087f00000| Untracked 
| 128|0x0000000088000000, 0x0000000088000000, 0x0000000088100000|  0%| F|  |TAMS 0x0000000088000000, 0x0000000088000000| Untracked 
| 129|0x0000000088100000, 0x0000000088100000, 0x0000000088200000|  0%| F|  |TAMS 0x0000000088100000, 0x0000000088100000| Untracked 
| 130|0x0000000088200000, 0x0000000088200000, 0x0000000088300000|  0%| F|  |TAMS 0x0000000088200000, 0x0000000088200000| Untracked 
| 131|0x0000000088300000, 0x0000000088300000, 0x0000000088400000|  0%| F|  |TAMS 0x0000000088300000, 0x0000000088300000| Untracked 
| 132|0x0000000088400000, 0x0000000088400000, 0x0000000088500000|  0%| F|  |TAMS 0x0000000088400000, 0x0000000088400000| Untracked 
| 133|0x0000000088500000, 0x0000000088500000, 0x0000000088600000|  0%| F|  |TAMS 0x0000000088500000, 0x0000000088500000| Untracked 
| 134|0x0000000088600000, 0x0000000088600000, 0x0000000088700000|  0%| F|  |TAMS 0x0000000088600000, 0x0000000088600000| Untracked 
| 135|0x0000000088700000, 0x0000000088700000, 0x0000000088800000|  0%| F|  |TAMS 0x0000000088700000, 0x0000000088700000| Untracked 
| 136|0x0000000088800000, 0x0000000088800000, 0x0000000088900000|  0%| F|  |TAMS 0x0000000088800000, 0x0000000088800000| Untracked 
| 137|0x0000000088900000, 0x0000000088900000, 0x0000000088a00000|  0%| F|  |TAMS 0x0000000088900000, 0x0000000088900000| Untracked 
| 138|0x0000000088a00000, 0x0000000088a00000, 0x0000000088b00000|  0%| F|  |TAMS 0x0000000088a00000, 0x0000000088a00000| Untracked 
| 139|0x0000000088b00000, 0x0000000088b00000, 0x0000000088c00000|  0%| F|  |TAMS 0x0000000088b00000, 0x0000000088b00000| Untracked 
| 140|0x0000000088c00000, 0x0000000088c00000, 0x0000000088d00000|  0%| F|  |TAMS 0x0000000088c00000, 0x0000000088c00000| Untracked 
| 141|0x0000000088d00000, 0x0000000088d00000, 0x0000000088e00000|  0%| F|  |TAMS 0x0000000088d00000, 0x0000000088d00000| Untracked 
| 142|0x0000000088e00000, 0x0000000088e00000, 0x0000000088f00000|  0%| F|  |TAMS 0x0000000088e00000, 0x0000000088e00000| Untracked 
| 143|0x0000000088f00000, 0x0000000088f00000, 0x0000000089000000|  0%| F|  |TAMS 0x0000000088f00000, 0x0000000088f00000| Untracked 
| 144|0x0000000089000000, 0x0000000089000000, 0x0000000089100000|  0%| F|  |TAMS 0x0000000089000000, 0x0000000089000000| Untracked 
| 145|0x0000000089100000, 0x0000000089100000, 0x0000000089200000|  0%| F|  |TAMS 0x0000000089100000, 0x0000000089100000| Untracked 
| 146|0x0000000089200000, 0x0000000089200000, 0x0000000089300000|  0%| F|  |TAMS 0x0000000089200000, 0x0000000089200000| Untracked 
| 147|0x0000000089300000, 0x0000000089300000, 0x0000000089400000|  0%| F|  |TAMS 0x0000000089300000, 0x0000000089300000| Untracked 
| 148|0x0000000089400000, 0x0000000089400000, 0x0000000089500000|  0%| F|  |TAMS 0x0000000089400000, 0x0000000089400000| Untracked 
| 149|0x0000000089500000, 0x0000000089500000, 0x0000000089600000|  0%| F|  |TAMS 0x0000000089500000, 0x0000000089500000| Untracked 
| 150|0x0000000089600000, 0x0000000089680800, 0x0000000089700000| 50%| E|  |TAMS 0x0000000089600000, 0x0000000089600000| Complete 
| 151|0x0000000089700000, 0x0000000089800000, 0x0000000089800000|100%| E|CS|TAMS 0x0000000089700000, 0x0000000089700000| Complete 
| 152|0x0000000089800000, 0x0000000089900000, 0x0000000089900000|100%| E|CS|TAMS 0x0000000089800000, 0x0000000089800000| Complete 
| 153|0x0000000089900000, 0x0000000089a00000, 0x0000000089a00000|100%| E|CS|TAMS 0x0000000089900000, 0x0000000089900000| Complete 

Card table byte_map: [0x00000171edba0000,0x00000171edfa0000] _byte_map_base: 0x00000171ed7a0000

Marking Bits (Prev, Next): (CMBitMap*) 0x00000171dab29ce8, (CMBitMap*) 0x00000171dab29d20
 Prev Bits: [0x00000171ee3a0000, 0x00000171f03a0000)
 Next Bits: [0x00000171f03a0000, 0x00000171f23a0000)

Polling page: 0x00000171d8a60000

Metaspace:

Usage:
  Non-class:     47.04 MB capacity,    46.01 MB ( 98%) used,   934.30 KB (  2%) free+waste,   120.19 KB ( <1%) overhead. 
      Class:      7.09 MB capacity,     6.64 MB ( 94%) used,   405.52 KB (  6%) free+waste,    57.06 KB ( <1%) overhead. 
       Both:     54.13 MB capacity,    52.65 MB ( 97%) used,     1.31 MB (  2%) free+waste,   177.25 KB ( <1%) overhead. 

Virtual space:
  Non-class space:       48.00 MB reserved,      47.12 MB ( 98%) committed 
      Class space:        1.00 GB reserved,       7.13 MB ( <1%) committed 
             Both:        1.05 GB reserved,      54.25 MB (  5%) committed 

Chunk freelists:
   Non-Class:  20.00 KB
       Class:  4.00 KB
        Both:  24.00 KB

MaxMetaspaceSize: 17179869184.00 GB
CompressedClassSpaceSize: 1.00 GB

CodeHeap 'non-profiled nmethods': size=120000Kb used=2988Kb max_used=2988Kb free=117011Kb
 bounds [0x00000171e5f40000, 0x00000171e6230000, 0x00000171ed470000]
CodeHeap 'profiled nmethods': size=120000Kb used=10448Kb max_used=10448Kb free=109551Kb
 bounds [0x00000171dea10000, 0x00000171df450000, 0x00000171e5f40000]
CodeHeap 'non-nmethods': size=5760Kb used=2225Kb max_used=2263Kb free=3534Kb
 bounds [0x00000171de470000, 0x00000171de6e0000, 0x00000171dea10000]
 total_blobs=5761 nmethods=4954 adapters=718
 compilation: enabled
              stopped_count=0, restarted_count=0
 full_count=0

Compilation events (20 events):
Event: 6.047 Thread 0x00000171f9b39800 nmethod 5169 0x00000171e621e090 code [0x00000171e621e280, 0x00000171e621e828]
Event: 6.060 Thread 0x00000171f4e06800 5173       3       java.util.TreeMap::values (25 bytes)
Event: 6.060 Thread 0x00000171f4e06800 nmethod 5173 0x00000171df43c510 code [0x00000171df43c6e0, 0x00000171df43ca58]
Event: 6.060 Thread 0x00000171f4e06800 5174       3       org.objectweb.asm.ByteVector::putUTF8 (144 bytes)
Event: 6.061 Thread 0x00000171f4e06800 nmethod 5174 0x00000171df43cb90 code [0x00000171df43ce20, 0x00000171df43d948]
Event: 6.117 Thread 0x00000171f9b39800 5175       4       java.net.URLClassLoader::isSealed (70 bytes)
Event: 6.130 Thread 0x00000171f4e06800 5176       3       kotlin.jvm.internal.Intrinsics::checkParameterIsNotNull (9 bytes)
Event: 6.130 Thread 0x00000171f4e06800 nmethod 5176 0x00000171df43de90 code [0x00000171df43e040, 0x00000171df43e188]
Event: 6.147 Thread 0x00000171f7691000 nmethod 5154 0x00000171e621ec90 code [0x00000171e621ef60, 0x00000171e6222190]
Event: 6.147 Thread 0x00000171f7691000 5177   !   4       java.util.concurrent.ConcurrentHashMap::putVal (432 bytes)
Event: 6.158 Thread 0x00000171f4e06800 5179       1       java.lang.invoke.MethodHandle::internalForm (5 bytes)
Event: 6.159 Thread 0x00000171f4e06800 nmethod 5179 0x00000171e6223990 code [0x00000171e6223b40, 0x00000171e6223bf8]
Event: 6.165 Thread 0x00000171f4e06800 5180       1       java.time.temporal.ChronoField::range (5 bytes)
Event: 6.165 Thread 0x00000171f4e06800 nmethod 5180 0x00000171e6223c90 code [0x00000171e6223e40, 0x00000171e6223ef8]
Event: 6.173 Thread 0x00000171f9b39800 nmethod 5175 0x00000171e6223f90 code [0x00000171e6224220, 0x00000171e6225bb0]
Event: 6.173 Thread 0x00000171f9b39800 5178       4       java.net.URLClassLoader$1::run (5 bytes)
Event: 6.182 Thread 0x00000171f4e06800 5182       3       org.gradle.internal.instantiation.generator.AbstractClassGenerator$ClassGenerationHandler::hasFields (1 bytes)
Event: 6.182 Thread 0x00000171f4e06800 nmethod 5182 0x00000171df43e210 code [0x00000171df43e3c0, 0x00000171df43e4b8]
Event: 6.183 Thread 0x00000171f4e06800 5183   !   3       java.util.concurrent.LinkedBlockingQueue::poll (128 bytes)
Event: 6.184 Thread 0x00000171f4e06800 nmethod 5183 0x00000171df43e590 code [0x00000171df43e940, 0x00000171df4401a8]

GC Heap History (20 events):
Event: 2.315 GC heap before
{Heap before GC invocations=1 (full 0):
 garbage-first heap   total 131072K, used 82114K [0x0000000080000000, 0x0000000100000000)
  region size 1024K, 76 young (77824K), 3 survivors (3072K)
 Metaspace       used 18979K, capacity 19474K, committed 19712K, reserved 1067008K
  class space    used 2292K, capacity 2469K, committed 2560K, reserved 1048576K
}
Event: 2.321 GC heap after
{Heap after GC invocations=2 (full 0):
 garbage-first heap   total 131072K, used 15394K [0x0000000080000000, 0x0000000100000000)
  region size 1024K, 10 young (10240K), 10 survivors (10240K)
 Metaspace       used 18979K, capacity 19474K, committed 19712K, reserved 1067008K
  class space    used 2292K, capacity 2469K, committed 2560K, reserved 1048576K
}
Event: 2.438 GC heap before
{Heap before GC invocations=2 (full 0):
 garbage-first heap   total 131072K, used 26658K [0x0000000080000000, 0x0000000100000000)
  region size 1024K, 22 young (22528K), 10 survivors (10240K)
 Metaspace       used 20576K, capacity 21140K, committed 21296K, reserved 1069056K
  class space    used 2516K, capacity 2688K, committed 2688K, reserved 1048576K
}
Event: 2.445 GC heap after
{Heap after GC invocations=3 (full 0):
 garbage-first heap   total 131072K, used 16455K [0x0000000080000000, 0x0000000100000000)
  region size 1024K, 1 young (1024K), 1 survivors (1024K)
 Metaspace       used 20576K, capacity 21140K, committed 21296K, reserved 1069056K
  class space    used 2516K, capacity 2688K, committed 2688K, reserved 1048576K
}
Event: 2.879 GC heap before
{Heap before GC invocations=4 (full 0):
 garbage-first heap   total 131072K, used 68679K [0x0000000080000000, 0x0000000100000000)
  region size 1024K, 50 young (51200K), 1 survivors (1024K)
 Metaspace       used 25904K, capacity 26632K, committed 26928K, reserved 1073152K
  class space    used 3375K, capacity 3605K, committed 3712K, reserved 1048576K
}
Event: 2.882 GC heap after
{Heap after GC invocations=5 (full 0):
 garbage-first heap   total 131072K, used 20940K [0x0000000080000000, 0x0000000100000000)
  region size 1024K, 4 young (4096K), 4 survivors (4096K)
 Metaspace       used 25904K, capacity 26632K, committed 26928K, reserved 1073152K
  class space    used 3375K, capacity 3605K, committed 3712K, reserved 1048576K
}
Event: 3.378 GC heap before
{Heap before GC invocations=5 (full 0):
 garbage-first heap   total 131072K, used 81356K [0x0000000080000000, 0x0000000100000000)
  region size 1024K, 56 young (57344K), 4 survivors (4096K)
 Metaspace       used 33067K, capacity 33781K, committed 33968K, reserved 1079296K
  class space    used 4324K, capacity 4603K, committed 4608K, reserved 1048576K
}
Event: 3.382 GC heap after
{Heap after GC invocations=6 (full 0):
 garbage-first heap   total 131072K, used 33008K [0x0000000080000000, 0x0000000100000000)
  region size 1024K, 7 young (7168K), 7 survivors (7168K)
 Metaspace       used 33067K, capacity 33781K, committed 33968K, reserved 1079296K
  class space    used 4324K, capacity 4603K, committed 4608K, reserved 1048576K
}
Event: 3.422 GC heap before
{Heap before GC invocations=6 (full 0):
 garbage-first heap   total 131072K, used 34032K [0x0000000080000000, 0x0000000100000000)
  region size 1024K, 9 young (9216K), 7 survivors (7168K)
 Metaspace       used 34807K, capacity 35581K, committed 35708K, reserved 1081344K
  class space    used 4519K, capacity 4799K, committed 4864K, reserved 1048576K
}
Event: 3.429 GC heap after
{Heap after GC invocations=7 (full 0):
 garbage-first heap   total 131072K, used 33914K [0x0000000080000000, 0x0000000100000000)
  region size 1024K, 5 young (5120K), 5 survivors (5120K)
 Metaspace       used 34807K, capacity 35581K, committed 35708K, reserved 1081344K
  class space    used 4519K, capacity 4799K, committed 4864K, reserved 1048576K
}
Event: 3.819 GC heap before
{Heap before GC invocations=8 (full 0):
 garbage-first heap   total 131072K, used 71802K [0x0000000080000000, 0x0000000100000000)
  region size 1024K, 40 young (40960K), 5 survivors (5120K)
 Metaspace       used 39438K, capacity 40391K, committed 40700K, reserved 1085440K
  class space    used 5047K, capacity 5382K, committed 5504K, reserved 1048576K
}
Event: 3.824 GC heap after
{Heap after GC invocations=9 (full 0):
 garbage-first heap   total 131072K, used 35696K [0x0000000080000000, 0x0000000100000000)
  region size 1024K, 3 young (3072K), 3 survivors (3072K)
 Metaspace       used 39438K, capacity 40391K, committed 40700K, reserved 1085440K
  class space    used 5047K, capacity 5382K, committed 5504K, reserved 1048576K
}
Event: 4.360 GC heap before
{Heap before GC invocations=9 (full 0):
 garbage-first heap   total 131072K, used 81776K [0x0000000080000000, 0x0000000100000000)
  region size 1024K, 41 young (41984K), 3 survivors (3072K)
 Metaspace       used 42469K, capacity 43632K, committed 43900K, reserved 1087488K
  class space    used 5373K, capacity 5772K, committed 5888K, reserved 1048576K
}
Event: 4.365 GC heap after
{Heap after GC invocations=10 (full 0):
 garbage-first heap   total 157696K, used 47439K [0x0000000080000000, 0x0000000100000000)
  region size 1024K, 6 young (6144K), 6 survivors (6144K)
 Metaspace       used 42469K, capacity 43632K, committed 43900K, reserved 1087488K
  class space    used 5373K, capacity 5772K, committed 5888K, reserved 1048576K
}
Event: 4.876 GC heap before
{Heap before GC invocations=10 (full 0):
 garbage-first heap   total 157696K, used 94543K [0x0000000080000000, 0x0000000100000000)
  region size 1024K, 52 young (53248K), 6 survivors (6144K)
 Metaspace       used 45384K, capacity 46662K, committed 46844K, reserved 1089536K
  class space    used 5861K, capacity 6269K, committed 6272K, reserved 1048576K
}
Event: 4.883 GC heap after
{Heap after GC invocations=11 (full 0):
 garbage-first heap   total 157696K, used 50649K [0x0000000080000000, 0x0000000100000000)
  region size 1024K, 4 young (4096K), 4 survivors (4096K)
 Metaspace       used 45384K, capacity 46662K, committed 46844K, reserved 1089536K
  class space    used 5861K, capacity 6269K, committed 6272K, reserved 1048576K
}
Event: 5.526 GC heap before
{Heap before GC invocations=11 (full 0):
 garbage-first heap   total 157696K, used 104921K [0x0000000080000000, 0x0000000100000000)
  region size 1024K, 51 young (52224K), 4 survivors (4096K)
 Metaspace       used 47162K, capacity 48530K, committed 48636K, reserved 1091584K
  class space    used 6054K, capacity 6478K, committed 6528K, reserved 1048576K
}
Event: 5.531 GC heap after
{Heap after GC invocations=12 (full 0):
 garbage-first heap   total 157696K, used 65414K [0x0000000080000000, 0x0000000100000000)
  region size 1024K, 7 young (7168K), 7 survivors (7168K)
 Metaspace       used 47162K, capacity 48530K, committed 48636K, reserved 1091584K
  class space    used 6054K, capacity 6478K, committed 6528K, reserved 1048576K
}
Event: 6.188 GC heap before
{Heap before GC invocations=12 (full 0):
 garbage-first heap   total 157696K, used 109446K [0x0000000080000000, 0x0000000100000000)
  region size 1024K, 50 young (51200K), 7 survivors (7168K)
 Metaspace       used 53518K, capacity 55035K, committed 55292K, reserved 1097728K
  class space    used 6737K, capacity 7193K, committed 7296K, reserved 1048576K
}
Event: 6.193 GC heap after
{Heap after GC invocations=13 (full 0):
 garbage-first heap   total 157696K, used 68687K [0x0000000080000000, 0x0000000100000000)
  region size 1024K, 4 young (4096K), 4 survivors (4096K)
 Metaspace       used 53518K, capacity 55035K, committed 55292K, reserved 1097728K
  class space    used 6737K, capacity 7193K, committed 7296K, reserved 1048576K
}

Deoptimization events (20 events):
Event: 5.900 Thread 0x00000171f6c36800 Uncommon trap: trap_request=0xffffffc6 fr.pc=0x00000171e60343f8 relative=0x0000000000000218
Event: 5.900 Thread 0x00000171f6c36800 Uncommon trap: reason=bimorphic_or_optimized_type_check action=maybe_recompile pc=0x00000171e60343f8 method=com.google.common.base.CharMatcher.indexIn(Ljava/lang/CharSequence;I)I @ 31 c2
Event: 5.900 Thread 0x00000171f6c36800 DEOPT PACKING pc=0x00000171e60343f8 sp=0x00000003950f86a0
Event: 5.900 Thread 0x00000171f6c36800 DEOPT UNPACKING pc=0x00000171de4974af sp=0x00000003950f8648 mode 2
Event: 5.902 Thread 0x00000171f6c36800 Uncommon trap: trap_request=0xffffffc6 fr.pc=0x00000171e60343f8 relative=0x0000000000000218
Event: 5.902 Thread 0x00000171f6c36800 Uncommon trap: reason=bimorphic_or_optimized_type_check action=maybe_recompile pc=0x00000171e60343f8 method=com.google.common.base.CharMatcher.indexIn(Ljava/lang/CharSequence;I)I @ 31 c2
Event: 5.902 Thread 0x00000171f6c36800 DEOPT PACKING pc=0x00000171e60343f8 sp=0x00000003950f9f70
Event: 5.902 Thread 0x00000171f6c36800 DEOPT UNPACKING pc=0x00000171de4974af sp=0x00000003950f9f18 mode 2
Event: 6.017 Thread 0x00000171f6c36800 Uncommon trap: trap_request=0xffffff4d fr.pc=0x00000171e5fa8174 relative=0x0000000000000054
Event: 6.017 Thread 0x00000171f6c36800 Uncommon trap: reason=unstable_if action=reinterpret pc=0x00000171e5fa8174 method=java.util.regex.Pattern.has(I)Z @ 6 c2
Event: 6.017 Thread 0x00000171f6c36800 DEOPT PACKING pc=0x00000171e5fa8174 sp=0x00000003950f66b0
Event: 6.017 Thread 0x00000171f6c36800 DEOPT UNPACKING pc=0x00000171de4974af sp=0x00000003950f6640 mode 2
Event: 6.031 Thread 0x00000171f6c36800 Uncommon trap: trap_request=0xffffff45 fr.pc=0x00000171e60c66a4 relative=0x0000000000000d64
Event: 6.031 Thread 0x00000171f6c36800 Uncommon trap: reason=unstable_fused_if action=reinterpret pc=0x00000171e60c66a4 method=org.objectweb.asm.ByteVector.putUTF8(Ljava/lang/String;)Lorg/objectweb/asm/ByteVector; @ 93 c2
Event: 6.031 Thread 0x00000171f6c36800 DEOPT PACKING pc=0x00000171e60c66a4 sp=0x00000003950f8140
Event: 6.031 Thread 0x00000171f6c36800 DEOPT UNPACKING pc=0x00000171de4974af sp=0x00000003950f8098 mode 2
Event: 6.060 Thread 0x00000171f6c36800 Uncommon trap: trap_request=0xffffff45 fr.pc=0x00000171e606c16c relative=0x000000000000020c
Event: 6.060 Thread 0x00000171f6c36800 Uncommon trap: reason=unstable_fused_if action=reinterpret pc=0x00000171e606c16c method=org.objectweb.asm.ByteVector.putUTF8(Ljava/lang/String;)Lorg/objectweb/asm/ByteVector; @ 93 c2
Event: 6.060 Thread 0x00000171f6c36800 DEOPT PACKING pc=0x00000171e606c16c sp=0x00000003950f8090
Event: 6.060 Thread 0x00000171f6c36800 DEOPT UNPACKING pc=0x00000171de4974af sp=0x00000003950f8010 mode 2

Classes redefined (0 events):
No events

Internal exceptions (20 events):
Event: 5.506 Thread 0x00000171f6c36800 Exception <a 'java/security/PrivilegedActionException'{0x0000000086781970}> (0x0000000086781970) thrown at [./src/hotspot/share/prims/jvm.cpp, line 1297]
Event: 5.506 Thread 0x00000171f6c36800 Exception <a 'java/security/PrivilegedActionException'{0x0000000086782c30}> (0x0000000086782c30) thrown at [./src/hotspot/share/prims/jvm.cpp, line 1297]
Event: 5.553 Thread 0x00000171f6c36800 Exception <a 'java/lang/ClassNotFoundException'{0x00000000899efe68}: org/gradle/api/tasks/Delete_DecoratedBeanInfo> (0x00000000899efe68) thrown at [./src/hotspot/share/classfile/systemDictionary.cpp, line 231]
Event: 5.554 Thread 0x00000171f6c36800 Exception <a 'java/lang/ClassNotFoundException'{0x0000000089814940}: org/gradle/api/tasks/DeleteBeanInfo> (0x0000000089814940) thrown at [./src/hotspot/share/classfile/systemDictionary.cpp, line 231]
Event: 5.555 Thread 0x00000171f6c36800 Exception <a 'java/lang/ClassNotFoundException'{0x000000008983a620}: org/gradle/api/internal/ConventionTaskBeanInfo> (0x000000008983a620) thrown at [./src/hotspot/share/classfile/systemDictionary.cpp, line 231]
Event: 5.555 Thread 0x00000171f6c36800 Exception <a 'java/lang/ClassNotFoundException'{0x000000008985d970}: org/gradle/api/DefaultTaskBeanInfo> (0x000000008985d970) thrown at [./src/hotspot/share/classfile/systemDictionary.cpp, line 231]
Event: 5.555 Thread 0x00000171f6c36800 Exception <a 'java/lang/ClassNotFoundException'{0x0000000089884618}: org/gradle/api/internal/AbstractTaskBeanInfo> (0x0000000089884618) thrown at [./src/hotspot/share/classfile/systemDictionary.cpp, line 231]
Event: 5.556 Thread 0x00000171f6c36800 Exception <a 'java/lang/ClassNotFoundException'{0x00000000898aad70}: org/gradle/api/internal/AbstractTaskCustomizer> (0x00000000898aad70) thrown at [./src/hotspot/share/classfile/systemDictionary.cpp, line 231]
Event: 5.558 Thread 0x00000171f6c36800 Exception <a 'java/lang/ClassNotFoundException'{0x0000000089710c18}: org/gradle/api/DefaultTaskCustomizer> (0x0000000089710c18) thrown at [./src/hotspot/share/classfile/systemDictionary.cpp, line 231]
Event: 5.561 Thread 0x00000171f6c36800 Exception <a 'java/lang/ClassNotFoundException'{0x000000008978bc70}: org/gradle/api/internal/ConventionTaskCustomizer> (0x000000008978bc70) thrown at [./src/hotspot/share/classfile/systemDictionary.cpp, line 231]
Event: 5.563 Thread 0x00000171f6c36800 Exception <a 'java/lang/ClassNotFoundException'{0x00000000897be228}: org/gradle/api/tasks/DeleteCustomizer> (0x00000000897be228) thrown at [./src/hotspot/share/classfile/systemDictionary.cpp, line 231]
Event: 5.564 Thread 0x00000171f6c36800 Exception <a 'java/lang/ClassNotFoundException'{0x00000000897f7048}: org/gradle/api/tasks/Delete_DecoratedCustomizer> (0x00000000897f7048) thrown at [./src/hotspot/share/classfile/systemDictionary.cpp, line 231]
Event: 5.890 Thread 0x00000171f6c36800 Exception <a 'java/lang/ClassNotFoundException'{0x00000000885f5e20}: build_5mlx3lne9pgw15rjhgd668zsnBeanInfo> (0x00000000885f5e20) thrown at [./src/hotspot/share/classfile/systemDictionary.cpp, line 231]
Event: 5.890 Thread 0x00000171f6c36800 Exception <a 'java/lang/ClassNotFoundException'{0x00000000885fec28}: build_5mlx3lne9pgw15rjhgd668zsnCustomizer> (0x00000000885fec28) thrown at [./src/hotspot/share/classfile/systemDictionary.cpp, line 231]
Event: 5.898 Thread 0x00000171f6c36800 Exception <a 'java/lang/ClassNotFoundException'{0x0000000088491670}: org/gradle/plugin/use/internal/PluginRequestCollector$PluginDependenciesSpecImplBeanInfo> (0x0000000088491670) thrown at [./src/hotspot/share/classfile/systemDictionary.cpp, line 231]
Event: 5.899 Thread 0x00000171f6c36800 Exception <a 'java/lang/ClassNotFoundException'{0x00000000884b76a8}: org/gradle/plugin/use/internal/PluginRequestCollector$PluginDependenciesSpecImplCustomizer> (0x00000000884b76a8) thrown at [./src/hotspot/share/classfile/systemDictionary.cpp, line 231]
Event: 5.905 Thread 0x00000171f6c36800 Exception <a 'java/lang/NoSuchMethodError'{0x00000000883303f8}: 'void java.lang.invoke.DirectMethodHandle$Holder.invokeInterface(java.lang.Object, java.lang.Object)'> (0x00000000883303f8) thrown at [./src/hotspot/share/interpreter/linkResolver.cpp, line 773]
Event: 6.033 Thread 0x00000171f6c36800 Exception <a 'java/lang/NoSuchMethodError'{0x0000000087806088}: 'java.lang.Object java.lang.invoke.DirectMethodHandle$Holder.invokeStatic(java.lang.Object, java.lang.Object, java.lang.Object, java.lang.Object, int)'> (0x0000000087806088) thrown at [./src/hotspot/share/interpreter/linkResolver.cpp, line 773]
Event: 6.033 Thread 0x00000171f6c36800 Exception <a 'java/lang/NoSuchMethodError'{0x000000008780aa80}: 'java.lang.Object java.lang.invoke.DirectMethodHandle$Holder.invokeSpecial(java.lang.Object, java.lang.Object, java.lang.Object, java.lang.Object, java.lang.Object, int)'> (0x000000008780aa80) thrown at [./src/hotspot/share/interpreter/linkResolver.cpp, line 773]
Event: 6.033 Thread 0x00000171f6c36800 Exception <a 'java/lang/NoSuchMethodError'{0x000000008780f0c0}: 'java.lang.Object java.lang.invoke.Invokers$Holder.linkToTargetMethod(java.lang.Object, java.lang.Object, java.lang.Object, int, java.lang.Object)'> (0x000000008780f0c0) thrown at [./src/hotspot/share/interpreter/linkResolver.cpp, line 773]

Events (20 events):
Event: 6.186 loading class com/google/common/collect/ImmutableBiMap
Event: 6.186 loading class com/google/common/collect/ImmutableBiMap done
Event: 6.186 loading class com/google/common/collect/BiMap
Event: 6.186 loading class com/google/common/collect/BiMap done
Event: 6.187 loading class com/google/common/collect/ImmutableBiMapFauxverideShim
Event: 6.187 loading class com/google/common/collect/ImmutableBiMapFauxverideShim done
Event: 6.188 loading class com/google/common/collect/ImmutableMap$1
Event: 6.188 loading class com/google/common/collect/ImmutableMap$1 done
Event: 6.188 loading class com/google/common/collect/ImmutableMap$MapViewOfValuesAsSingletonSets
Event: 6.188 loading class com/google/common/collect/ImmutableMap$MapViewOfValuesAsSingletonSets done
Event: 6.188 Executing VM operation: G1CollectForAllocation
Event: 6.193 Executing VM operation: G1CollectForAllocation done
Event: 6.194 loading class com/google/common/collect/ImmutableMap$IteratorBasedImmutableMap
Event: 6.194 loading class com/google/common/collect/ImmutableMap$IteratorBasedImmutableMap done
Event: 6.194 loading class com/google/common/collect/Iterables
Event: 6.194 loading class com/google/common/collect/Iterables done
Event: 6.196 loading class com/google/common/collect/RegularImmutableMap
Event: 6.196 loading class com/google/common/collect/RegularImmutableMap done
Event: 6.197 loading class com/google/common/collect/ImmutableSet
Event: 6.197 loading class com/google/common/collect/ImmutableSet done


Dynamic libraries:
0x00007ff6991b0000 - 0x00007ff6991ba000 	C:\Users\Dark Knight\Desktop\Android Studio\jre\bin\java.exe
0x00007ff9b2730000 - 0x00007ff9b2925000 	C:\WINDOWS\SYSTEM32\ntdll.dll
0x00007ff9b1dc0000 - 0x00007ff9b1e7e000 	C:\WINDOWS\System32\KERNEL32.DLL
0x00007ff9b0250000 - 0x00007ff9b0518000 	C:\WINDOWS\System32\KERNELBASE.dll
0x00007ff9b0150000 - 0x00007ff9b0250000 	C:\WINDOWS\System32\ucrtbase.dll
0x00007ff9935a0000 - 0x00007ff9935b9000 	C:\Users\Dark Knight\Desktop\Android Studio\jre\bin\jli.dll
0x00007ff99e650000 - 0x00007ff99e667000 	C:\Users\Dark Knight\Desktop\Android Studio\jre\bin\VCRUNTIME140.dll
0x00007ff9b09e0000 - 0x00007ff9b0b81000 	C:\WINDOWS\System32\USER32.dll
0x00007ff9affa0000 - 0x00007ff9affc2000 	C:\WINDOWS\System32\win32u.dll
0x00007ff99a6f0000 - 0x00007ff99a98a000 	C:\WINDOWS\WinSxS\amd64_microsoft.windows.common-controls_6595b64144ccf1df_6.0.19041.1110_none_60b5254171f9507e\COMCTL32.dll
0x00007ff9b2010000 - 0x00007ff9b203b000 	C:\WINDOWS\System32\GDI32.dll
0x00007ff9b1300000 - 0x00007ff9b139e000 	C:\WINDOWS\System32\msvcrt.dll
0x00007ff9b0660000 - 0x00007ff9b076d000 	C:\WINDOWS\System32\gdi32full.dll
0x00007ff9b0000000 - 0x00007ff9b009d000 	C:\WINDOWS\System32\msvcp_win.dll
0x00007ff9b2170000 - 0x00007ff9b21a0000 	C:\WINDOWS\System32\IMM32.DLL
0x00007ff9782c0000 - 0x00007ff97835d000 	C:\Users\Dark Knight\Desktop\Android Studio\jre\bin\msvcp140.dll
0x00007ff9558c0000 - 0x00007ff95637c000 	C:\Users\Dark Knight\Desktop\Android Studio\jre\bin\server\jvm.dll
0x00007ff9b25b0000 - 0x00007ff9b265c000 	C:\WINDOWS\System32\ADVAPI32.dll
0x00007ff9b1af0000 - 0x00007ff9b1b8b000 	C:\WINDOWS\System32\sechost.dll
0x00007ff9b1120000 - 0x00007ff9b124a000 	C:\WINDOWS\System32\RPCRT4.dll
0x00007ff9b0b90000 - 0x00007ff9b0b98000 	C:\WINDOWS\System32\PSAPI.DLL
0x00007ff99c0d0000 - 0x00007ff99c0f7000 	C:\WINDOWS\SYSTEM32\WINMM.dll
0x00007ff9a54b0000 - 0x00007ff9a54ba000 	C:\WINDOWS\SYSTEM32\VERSION.dll
0x00007ff9ab1d0000 - 0x00007ff9ab1d9000 	C:\WINDOWS\SYSTEM32\WSOCK32.dll
0x00007ff9b1fa0000 - 0x00007ff9b200b000 	C:\WINDOWS\System32\WS2_32.dll
0x00007ff9ae6c0000 - 0x00007ff9ae6d2000 	C:\WINDOWS\SYSTEM32\kernel.appcore.dll
0x00007ff9a73c0000 - 0x00007ff9a73d1000 	C:\Users\Dark Knight\Desktop\Android Studio\jre\bin\verify.dll
0x00007ff9adae0000 - 0x00007ff9adcc4000 	C:\WINDOWS\SYSTEM32\DBGHELP.DLL
0x00007ff9982c0000 - 0x00007ff9982ec000 	C:\WINDOWS\SYSTEM32\dbgcore.DLL
0x00007ff9b05d0000 - 0x00007ff9b0652000 	C:\WINDOWS\System32\bcryptPrimitives.dll
0x00007ff9912a0000 - 0x00007ff9912c9000 	C:\Users\Dark Knight\Desktop\Android Studio\jre\bin\java.dll
0x00007ff9a8c00000 - 0x00007ff9a8c0b000 	C:\Users\Dark Knight\Desktop\Android Studio\jre\bin\jimage.dll
0x00007ff983840000 - 0x00007ff983858000 	C:\Users\Dark Knight\Desktop\Android Studio\jre\bin\zip.dll
0x00007ff9b13a0000 - 0x00007ff9b1ae4000 	C:\WINDOWS\System32\SHELL32.dll
0x00007ff9adf10000 - 0x00007ff9ae6a4000 	C:\WINDOWS\SYSTEM32\windows.storage.dll
0x00007ff9b21a0000 - 0x00007ff9b24f5000 	C:\WINDOWS\System32\combase.dll
0x00007ff9af7c0000 - 0x00007ff9af7ee000 	C:\WINDOWS\SYSTEM32\Wldp.dll
0x00007ff9b1250000 - 0x00007ff9b12fd000 	C:\WINDOWS\System32\SHCORE.dll
0x00007ff9b0770000 - 0x00007ff9b07c5000 	C:\WINDOWS\System32\shlwapi.dll
0x00007ff9afd80000 - 0x00007ff9afd9f000 	C:\WINDOWS\SYSTEM32\profapi.dll
0x00007ff983820000 - 0x00007ff98383a000 	C:\Users\Dark Knight\Desktop\Android Studio\jre\bin\net.dll
0x00007ff99e9a0000 - 0x00007ff99eaac000 	C:\WINDOWS\SYSTEM32\WINHTTP.dll
0x00007ff9af520000 - 0x00007ff9af58a000 	C:\WINDOWS\system32\mswsock.dll
0x00007ff982700000 - 0x00007ff982714000 	C:\Users\Dark Knight\Desktop\Android Studio\jre\bin\nio.dll
0x00007ff998310000 - 0x00007ff998337000 	C:\Users\Dark Knight\.gradle\native\fdc75f09e3144964f2cf3f50f0aa648679c211496f362492102eb8c894070792\windows-amd64\native-platform.dll
0x00007ff96d220000 - 0x00007ff96d3b6000 	C:\Users\Dark Knight\.gradle\native\12488b8bf47d2d4c9fbf2f6322a914ad602e24e48041cd04a747c6da556b65c4\windows-amd64\native-platform-file-events.dll
0x00007ff9a7560000 - 0x00007ff9a756a000 	C:\Users\Dark Knight\Desktop\Android Studio\jre\bin\management.dll
0x00007ff9a6fa0000 - 0x00007ff9a6fac000 	C:\Users\Dark Knight\Desktop\Android Studio\jre\bin\management_ext.dll
0x00007ff9af710000 - 0x00007ff9af728000 	C:\WINDOWS\SYSTEM32\CRYPTSP.dll
0x00007ff9aeea0000 - 0x00007ff9aeed4000 	C:\WINDOWS\system32\rsaenh.dll
0x00007ff9affd0000 - 0x00007ff9afff7000 	C:\WINDOWS\System32\bcrypt.dll
0x00007ff9afd40000 - 0x00007ff9afd6e000 	C:\WINDOWS\SYSTEM32\USERENV.dll
0x00007ff9af730000 - 0x00007ff9af73c000 	C:\WINDOWS\SYSTEM32\CRYPTBASE.dll
0x00007ff9af210000 - 0x00007ff9af24b000 	C:\WINDOWS\SYSTEM32\IPHLPAPI.DLL
0x00007ff9b1ba0000 - 0x00007ff9b1ba8000 	C:\WINDOWS\System32\NSI.dll
0x00007ff9a14e0000 - 0x00007ff9a14f7000 	C:\WINDOWS\SYSTEM32\dhcpcsvc6.DLL
0x00007ff9a15f0000 - 0x00007ff9a160d000 	C:\WINDOWS\SYSTEM32\dhcpcsvc.DLL
0x00007ff9af250000 - 0x00007ff9af31b000 	C:\WINDOWS\SYSTEM32\DNSAPI.dll
0x00007ff9a5000000 - 0x00007ff9a500b000 	C:\WINDOWS\SYSTEM32\WINNSI.DLL

dbghelp: loaded successfully - version: 4.0.5 - missing functions: none
symbol engine: initialized successfully - sym options: 0x614 - pdb path: .;C:\Users\Dark Knight\Desktop\Android Studio\jre\bin;C:\WINDOWS\SYSTEM32;C:\WINDOWS\WinSxS\amd64_microsoft.windows.common-controls_6595b64144ccf1df_6.0.19041.1110_none_60b5254171f9507e;C:\Users\Dark Knight\Desktop\Android Studio\jre\bin\server;C:\Users\Dark Knight\.gradle\native\fdc75f09e3144964f2cf3f50f0aa648679c211496f362492102eb8c894070792\windows-amd64;C:\Users\Dark Knight\.gradle\native\12488b8bf47d2d4c9fbf2f6322a914ad602e24e48041cd04a747c6da556b65c4\windows-amd64

VM Arguments:
jvm_args: --add-opens=java.base/java.util=ALL-UNNAMED --add-opens=java.base/java.lang=ALL-UNNAMED --add-opens=java.base/java.lang.invoke=ALL-UNNAMED --add-opens=java.prefs/java.util.prefs=ALL-UNNAMED -Xmx2048m -Dfile.encoding=UTF-8 -Duser.country=IN -Duser.language=en -Duser.variant 
java_command: org.gradle.launcher.daemon.bootstrap.GradleDaemon 6.7.1
java_class_path (initial): C:\Users\Dark Knight\.gradle\wrapper\dists\gradle-6.7.1-bin\bwlcbys1h7rz3272sye1xwiv6\gradle-6.7.1\lib\gradle-launcher-6.7.1.jar
Launcher Type: SUN_STANDARD

[Global flags]
     intx CICompilerCount                          = 4                                         {product} {ergonomic}
     uint ConcGCThreads                            = 2                                         {product} {ergonomic}
     uint G1ConcRefinementThreads                  = 8                                         {product} {ergonomic}
   size_t G1HeapRegionSize                         = 1048576                                   {product} {ergonomic}
    uintx GCDrainStackTargetSize                   = 64                                        {product} {ergonomic}
   size_t InitialHeapSize                          = 134217728                                 {product} {ergonomic}
   size_t MarkStackSize                            = 4194304                                   {product} {ergonomic}
   size_t MaxHeapSize                              = 2147483648                                {product} {command line}
   size_t MaxNewSize                               = 1287651328                                {product} {ergonomic}
   size_t MinHeapDeltaBytes                        = 1048576                                   {product} {ergonomic}
    uintx NonNMethodCodeHeapSize                   = 5836300                                {pd product} {ergonomic}
    uintx NonProfiledCodeHeapSize                  = 122910970                              {pd product} {ergonomic}
    uintx ProfiledCodeHeapSize                     = 122910970                              {pd product} {ergonomic}
    uintx ReservedCodeCacheSize                    = 251658240                              {pd product} {ergonomic}
     bool SegmentedCodeCache                       = true                                      {product} {ergonomic}
     bool UseCompressedClassPointers               = true                                 {lp64_product} {ergonomic}
     bool UseCompressedOops                        = true                                 {lp64_product} {ergonomic}
     bool UseG1GC                                  = true                                      {product} {ergonomic}
     bool UseLargePagesIndividualAllocation        = false                                  {pd product} {ergonomic}

Logging:
Log output configuration:
 #0: stdout all=warning uptime,level,tags
 #1: stderr all=off uptime,level,tags

Environment Variables:
PATH=C:\Windows\system32;C:\Windows;C:\Windows\System32\Wbem;C:\Windows\System32\WindowsPowerShell\v1.0\;C:\Windows\System32\OpenSSH\;C:\Program Files (x86)\NVIDIA Corporation\PhysX\Common;C:\Program Files\NVIDIA Corporation\NVIDIA NvDLISR;C:\WINDOWS\system32;C:\WINDOWS;C:\WINDOWS\System32\Wbem;C:\WINDOWS\System32\WindowsPowerShell\v1.0\;C:\WINDOWS\System32\OpenSSH\;C:\MinGW\bin;C:\Program Files\MEGA-X;C:\WINDOWS\system32;C:\WINDOWS;C:\WINDOWS\System32\Wbem;C:\WINDOWS\System32\WindowsPowerShell\v1.0\;C:\WINDOWS\System32\OpenSSH\;C:\Program Files\Git\cmd;C:\Users\Dark Knight\AppData\Local\Microsoft\WindowsApps;C:\Users\Dark Knight\AppData\Local\atom\bin;C:\MinGW\bin;C:\Program Files (x86)\Microsoft Visual Studio\2019\BuildTools\MSBuild\Current\Bin;C:\Users\Dark Knight\AppData\Local\Microsoft\WindowsApps
USERNAME=Dark Knight
OS=Windows_NT
PROCESSOR_IDENTIFIER=Intel64 Family 6 Model 158 Stepping 10, GenuineIntel



---------------  S Y S T E M  ---------------

OS: Windows 10 , 64 bit Build 19041 (10.0.19041.1348)
OS uptime: 8 days 13:26 hours

CPU:total 8 (initial active 8) (4 cores per cpu, 2 threads per core) family 6 model 158 stepping 10, cmov, cx8, fxsr, mmx, sse, sse2, sse3, ssse3, sse4.1, sse4.2, popcnt, avx, avx2, aes, clmul, erms, 3dnowpref, lzcnt, ht, tsc, tscinvbit, bmi1, bmi2, adx, fma

Memory: 4k page, system-wide physical 8072M (565M free)
TotalPageFile size 12168M (AvailPageFile size 5M)
current process WorkingSet (physical memory assigned to process): 338M, peak: 338M
current process commit charge ("private bytes"): 381M, peak: 381M

vm_info: OpenJDK 64-Bit Server VM (11.0.8+10-b944.6842174) for windows-amd64 JRE (11.0.8+10-b944.6842174), built on Sep 19 2020 01:11:42 by "builder" with MS VC++ 14.0 (VS2015)

END.
