#
# There is insufficient memory for the Java Runtime Environment to continue.
# Native memory allocation (malloc) failed to allocate 1356176 bytes for Chunk::new
# Possible reasons:
#   The system is out of physical RAM or swap space
#   The process is running with CompressedOops enabled, and the Java Heap may be blocking the growth of the native heap
# Possible solutions:
#   Reduce memory load on the system
#   Increase physical memory or swap space
#   Check if swap backing store is full
#   Decrease Java heap size (-Xmx/-Xms)
#   Decrease number of Java threads
#   Decrease Java thread stack sizes (-Xss)
#   Set larger code cache with -XX:ReservedCodeCacheSize=
#   JVM is running with Unscaled Compressed Oops mode in which the Java heap is
#     placed in the first 4GB address space. The Java Heap base address is the
#     maximum limit for the native heap growth. Please use -XX:HeapBaseMinAddress
#     to set the Java Heap base and to place the Java Heap above 4GB virtual address.
# This output file may be truncated or incomplete.
#
#  Out of Memory Error (./src/hotspot/share/memory/arena.cpp:197), pid=14908, tid=21588
#
# JRE version: OpenJDK Runtime Environment (11.0.8+10) (build 11.0.8+10-b944.6842174)
# Java VM: OpenJDK 64-Bit Server VM (11.0.8+10-b944.6842174, mixed mode, tiered, compressed oops, g1 gc, windows-amd64)
# No core dump will be written. Minidumps are not enabled by default on client versions of Windows
#

---------------  S U M M A R Y ------------

Command Line: --add-opens=java.base/java.util=ALL-UNNAMED --add-opens=java.base/java.lang=ALL-UNNAMED --add-opens=java.base/java.lang.invoke=ALL-UNNAMED --add-opens=java.prefs/java.util.prefs=ALL-UNNAMED -Xmx2048m -Dfile.encoding=UTF-8 -Duser.country=IN -Duser.language=en -Duser.variant org.gradle.launcher.daemon.bootstrap.GradleDaemon 6.7.1

Host: Intel(R) Core(TM) i5-9300H CPU @ 2.40GHz, 8 cores, 7G,  Windows 10 , 64 bit Build 19041 (10.0.19041.1348)
Time: Wed Dec 22 22:58:38 2021 India Standard Time elapsed time: 13 seconds (0d 0h 0m 13s)

---------------  T H R E A D  ---------------

Current thread (0x00000249bb2ff800):  JavaThread "C2 CompilerThread0" daemon [_thread_in_native, id=21588, stack(0x000000cac0800000,0x000000cac0900000)]


Current CompileTask:
C2:  13834 9708 %     4       com.android.tools.r8.dex.n::a @ 315 (913 bytes)

Stack: [0x000000cac0800000,0x000000cac0900000]
Native frames: (J=compiled Java code, j=interpreted, Vv=VM code, C=native code)
V  [jvm.dll+0x5de50a]
V  [jvm.dll+0x7122f5]
V  [jvm.dll+0x71384d]
V  [jvm.dll+0x713f03]
V  [jvm.dll+0x23e728]
V  [jvm.dll+0xb899c]
V  [jvm.dll+0xb8e9c]
V  [jvm.dll+0x35024d]
V  [jvm.dll+0x31dea3]
V  [jvm.dll+0x31d39a]
V  [jvm.dll+0x1f7702]
V  [jvm.dll+0x1f68d4]
V  [jvm.dll+0x17f32c]
V  [jvm.dll+0x205047]
V  [jvm.dll+0x203891]
V  [jvm.dll+0x6dad3f]
V  [jvm.dll+0x6d3895]
V  [jvm.dll+0x5dd4a6]
C  [ucrtbase.dll+0x21bb2]
C  [KERNEL32.DLL+0x17034]
C  [ntdll.dll+0x52651]


---------------  P R O C E S S  ---------------

Threads class SMR info:
_java_thread_list=0x00000249c4a03890, length=186, elements={
0x000002499f039000, 0x00000249bb2e3000, 0x00000249bb2ec800, 0x00000249bbc72800,
0x00000249bb2fb800, 0x00000249bb2ff800, 0x00000249bb302000, 0x00000249bb305000,
0x00000249bbdcc800, 0x00000249bbde2000, 0x00000249bdf11800, 0x00000249bbfce000,
0x00000249bd42a000, 0x00000249bdf0e000, 0x00000249bcccb000, 0x00000249bcccb800,
0x00000249be1c9000, 0x00000249be324800, 0x00000249bd793800, 0x00000249bd1bc000,
0x00000249be18c800, 0x00000249be18d000, 0x00000249be18e000, 0x00000249be018000,
0x00000249be18f000, 0x00000249be18f800, 0x00000249be18a000, 0x00000249be18b800,
0x00000249c0c34800, 0x00000249be190800, 0x00000249be18a800, 0x00000249c149f000,
0x00000249c14a1800, 0x00000249c14a0800, 0x00000249c14a3000, 0x00000249c149e000,
0x00000249c14a5800, 0x00000249c14a4800, 0x00000249c14a4000, 0x00000249c149f800,
0x00000249c14a6800, 0x00000249c14aa800, 0x00000249c14a7000, 0x00000249c14ab000,
0x00000249c14ac000, 0x00000249c14a9800, 0x00000249c14ad000, 0x00000249c14a8000,
0x00000249c14a8800, 0x00000249c1c0f000, 0x00000249c1c0d000, 0x00000249c1c0a800,
0x00000249c1c0f800, 0x00000249c1c10800, 0x00000249c1c11800, 0x00000249c1c0e000,
0x00000249c1c0b800, 0x00000249c1c12000, 0x00000249c1c0c800, 0x00000249c1c14800,
0x00000249c1c17000, 0x00000249c1c13800, 0x00000249c1c18000, 0x00000249c1c15800,
0x00000249c1c16000, 0x00000249c1c18800, 0x00000249c1c13000, 0x00000249c1c19800,
0x00000249c1958800, 0x00000249c1956800, 0x00000249c1956000, 0x00000249c1959000,
0x00000249c195a800, 0x00000249c195b800, 0x00000249c1957800, 0x00000249c195c800,
0x00000249c195f800, 0x00000249c195f000, 0x00000249c195e000, 0x00000249c195a000,
0x00000249c1960800, 0x00000249c1961800, 0x00000249c1962000, 0x00000249c1963000,
0x00000249c195d000, 0x00000249c1963800, 0x00000249c1964800, 0x00000249c091d000,
0x00000249c091e000, 0x00000249c091a800, 0x00000249c091b800, 0x00000249c091e800,
0x00000249c091a000, 0x00000249c091c000, 0x00000249c091f800, 0x00000249c0924800,
0x00000249c0926000, 0x00000249c0921000, 0x00000249c0920800, 0x00000249c0925000,
0x00000249c0927000, 0x00000249c0927800, 0x00000249c0923800, 0x00000249c0922000,
0x00000249c0922800, 0x00000249c0928800, 0x00000249bc012000, 0x00000249bc015000,
0x00000249bc018800, 0x00000249bc013000, 0x00000249bc013800, 0x00000249bc017800,
0x00000249bc01a000, 0x00000249bc019800, 0x00000249bc014800, 0x00000249bc016000,
0x00000249bc01b000, 0x00000249bc01b800, 0x00000249bc01c800, 0x00000249bc017000,
0x00000249bc01d800, 0x00000249bc01e000, 0x00000249bc020800, 0x00000249bc01f000,
0x00000249bc020000, 0x00000249be663000, 0x00000249be65f000, 0x00000249be663800,
0x00000249be665800, 0x00000249be664800, 0x00000249be65f800, 0x00000249be662000,
0x00000249be661000, 0x00000249be666000, 0x00000249be660800, 0x00000249be667800,
0x00000249be668800, 0x00000249be669800, 0x00000249be667000, 0x00000249be66a000,
0x00000249be66d800, 0x00000249be66b000, 0x00000249be66c000, 0x00000249be66c800,
0x00000249bfd8f000, 0x00000249bfd90000, 0x00000249bfd8c000, 0x00000249bfd8e800,
0x00000249bfd8a800, 0x00000249bfd91000, 0x00000249bfd8b000, 0x00000249bfd8c800,
0x00000249bfd91800, 0x00000249bfd93000, 0x00000249bfd8d800, 0x00000249bfd95000,
0x00000249bfd97800, 0x00000249bfd98000, 0x00000249bfd96800, 0x00000249bfd95800,
0x00000249bfd92800, 0x00000249bfd99000, 0x00000249bfd94000, 0x00000249c4764800,
0x00000249c475f800, 0x00000249c4765000, 0x00000249c4761000, 0x00000249c4762000,
0x00000249c4760800, 0x00000249c4768800, 0x00000249c4766000, 0x00000249c4767000,
0x00000249c4762800, 0x00000249c4769800, 0x00000249c4763800, 0x00000249c476b000,
0x00000249c476b800, 0x00000249c476c800, 0x00000249c476a000, 0x00000249c476d800,
0x00000249c4767800, 0x00000249c476e000, 0x00000249c4811800, 0x00000249c4814800,
0x00000249c480f000, 0x00000249c4815800
}

Java Threads: ( => current thread )
  0x000002499f039000 JavaThread "main" [_thread_blocked, id=1412, stack(0x000000cabfd00000,0x000000cabfe00000)]
  0x00000249bb2e3000 JavaThread "Reference Handler" daemon [_thread_blocked, id=25428, stack(0x000000cac0400000,0x000000cac0500000)]
  0x00000249bb2ec800 JavaThread "Finalizer" daemon [_thread_blocked, id=23264, stack(0x000000cac0500000,0x000000cac0600000)]
  0x00000249bbc72800 JavaThread "Signal Dispatcher" daemon [_thread_blocked, id=4628, stack(0x000000cac0600000,0x000000cac0700000)]
  0x00000249bb2fb800 JavaThread "Attach Listener" daemon [_thread_blocked, id=23496, stack(0x000000cac0700000,0x000000cac0800000)]
=>0x00000249bb2ff800 JavaThread "C2 CompilerThread0" daemon [_thread_in_native, id=21588, stack(0x000000cac0800000,0x000000cac0900000)]
  0x00000249bb302000 JavaThread "C1 CompilerThread0" daemon [_thread_blocked, id=18236, stack(0x000000cac0900000,0x000000cac0a00000)]
  0x00000249bb305000 JavaThread "Sweeper thread" daemon [_thread_blocked, id=19688, stack(0x000000cac0a00000,0x000000cac0b00000)]
  0x00000249bbdcc800 JavaThread "Common-Cleaner" daemon [_thread_blocked, id=27036, stack(0x000000cac0b00000,0x000000cac0c00000)]
  0x00000249bbde2000 JavaThread "Service Thread" daemon [_thread_blocked, id=21064, stack(0x000000cac0c00000,0x000000cac0d00000)]
  0x00000249bdf11800 JavaThread "Daemon health stats" [_thread_blocked, id=22476, stack(0x000000cac1200000,0x000000cac1300000)]
  0x00000249bbfce000 JavaThread "Incoming local TCP Connector on port 58920" [_thread_in_native, id=22656, stack(0x000000cac1300000,0x000000cac1400000)]
  0x00000249bd42a000 JavaThread "Daemon periodic checks" [_thread_blocked, id=22888, stack(0x000000cac1400000,0x000000cac1500000)]
  0x00000249bdf0e000 JavaThread "Daemon" [_thread_blocked, id=4420, stack(0x000000cac1500000,0x000000cac1600000)]
  0x00000249bcccb000 JavaThread "Handler for socket connection from /127.0.0.1:58920 to /127.0.0.1:58921" [_thread_in_native, id=18908, stack(0x000000cac1600000,0x000000cac1700000)]
  0x00000249bcccb800 JavaThread "Cancel handler" [_thread_blocked, id=23720, stack(0x000000cac1700000,0x000000cac1800000)]
  0x00000249be1c9000 JavaThread "Daemon worker" [_thread_blocked, id=19068, stack(0x000000cac1800000,0x000000cac1900000)]
  0x00000249be324800 JavaThread "Asynchronous log dispatcher for DefaultDaemonConnection: socket connection from /127.0.0.1:58920 to /127.0.0.1:58921" [_thread_blocked, id=5076, stack(0x000000cac1900000,0x000000cac1a00000)]
  0x00000249bd793800 JavaThread "Stdin handler" [_thread_blocked, id=26012, stack(0x000000cac1a00000,0x000000cac1b00000)]
  0x00000249bd1bc000 JavaThread "Thread-8" [_thread_blocked, id=15780, stack(0x000000cac1b00000,0x000000cac1c00000)]
  0x00000249be18c800 JavaThread "Cache worker for file hash cache (C:\Users\Dark Knight\.gradle\caches\6.7.1\fileHashes)" [_thread_blocked, id=24160, stack(0x000000cac2100000,0x000000cac2200000)]
  0x00000249be18d000 JavaThread "File lock request listener" [_thread_in_native, id=23544, stack(0x000000cac2200000,0x000000cac2300000)]
  0x00000249be18e000 JavaThread "Cache worker for journal cache (C:\Users\Dark Knight\.gradle\caches\journal-1)" [_thread_blocked, id=10624, stack(0x000000cac2400000,0x000000cac2500000)]
  0x00000249be018000 JavaThread "C2 CompilerThread1" daemon [_thread_in_native, id=20988, stack(0x000000cac2500000,0x000000cac2600000)]
  0x00000249be18f000 JavaThread "Cache worker for file hash cache (C:\Android Projects\Udemy TUTORIAL\.gradle\6.7.1\fileHashes)" [_thread_blocked, id=17132, stack(0x000000cac2600000,0x000000cac2700000)]
  0x00000249be18f800 JavaThread "Cache worker for checksums cache (C:\Android Projects\Udemy TUTORIAL\.gradle\checksums)" [_thread_blocked, id=12292, stack(0x000000cac2700000,0x000000cac2800000)]
  0x00000249be18a000 JavaThread "Cache worker for cache directory md-supplier (C:\Users\Dark Knight\.gradle\caches\6.7.1\md-supplier)" [_thread_blocked, id=9012, stack(0x000000cac2800000,0x000000cac2900000)]
  0x00000249be18b800 JavaThread "Cache worker for cache directory md-rule (C:\Users\Dark Knight\.gradle\caches\6.7.1\md-rule)" [_thread_blocked, id=26948, stack(0x000000cac2900000,0x000000cac2a00000)]
  0x00000249c0c34800 JavaThread "C2 CompilerThread2" daemon [_thread_in_native, id=27180, stack(0x000000cac2a00000,0x000000cac2b00000)]
  0x00000249be190800 JavaThread "Cache worker for execution history cache (C:\Users\Dark Knight\.gradle\caches\6.7.1\executionHistory)" [_thread_blocked, id=17068, stack(0x000000cac2b00000,0x000000cac2c00000)]
  0x00000249be18a800 JavaThread "jar transforms" [_thread_blocked, id=15756, stack(0x000000cac2c00000,0x000000cac2d00000)]
  0x00000249c149f000 JavaThread "Cache worker for file content cache (C:\Users\Dark Knight\.gradle\caches\6.7.1\fileContent)" [_thread_blocked, id=26560, stack(0x000000cac2d00000,0x000000cac2e00000)]
  0x00000249c14a1800 JavaThread "Cache worker for Build Output Cleanup Cache (C:\Android Projects\Udemy TUTORIAL\.gradle\buildOutputCleanup)" [_thread_blocked, id=10052, stack(0x000000cac2e00000,0x000000cac2f00000)]
  0x00000249c14a0800 JavaThread "Build operations" [_thread_blocked, id=18948, stack(0x000000cac2f00000,0x000000cac3000000)]
  0x00000249c14a3000 JavaThread "Build operations Thread 2" [_thread_blocked, id=20676, stack(0x000000cac3000000,0x000000cac3100000)]
  0x00000249c149e000 JavaThread "Build operations Thread 3" [_thread_blocked, id=26492, stack(0x000000cac3100000,0x000000cac3200000)]
  0x00000249c14a5800 JavaThread "Build operations Thread 4" [_thread_blocked, id=3996, stack(0x000000cac3200000,0x000000cac3300000)]
  0x00000249c14a4800 JavaThread "Build operations Thread 5" [_thread_blocked, id=12240, stack(0x000000cac3300000,0x000000cac3400000)]
  0x00000249c14a4000 JavaThread "Build operations Thread 6" [_thread_blocked, id=10360, stack(0x000000cac3400000,0x000000cac3500000)]
  0x00000249c149f800 JavaThread "Build operations Thread 7" [_thread_blocked, id=21184, stack(0x000000cac3500000,0x000000cac3600000)]
  0x00000249c14a6800 JavaThread "Build operations Thread 8" [_thread_blocked, id=22248, stack(0x000000cac3600000,0x000000cac3700000)]
  0x00000249c14aa800 JavaThread "jar transforms Thread 2" [_thread_blocked, id=1568, stack(0x000000cac3700000,0x000000cac3800000)]
  0x00000249c14a7000 JavaThread "jar transforms Thread 3" [_thread_blocked, id=25228, stack(0x000000cac3800000,0x000000cac3900000)]
  0x00000249c14ab000 JavaThread "jar transforms Thread 4" [_thread_blocked, id=3248, stack(0x000000cac3900000,0x000000cac3a00000)]
  0x00000249c14ac000 JavaThread "jar transforms Thread 5" [_thread_blocked, id=10000, stack(0x000000cac3a00000,0x000000cac3b00000)]
  0x00000249c14a9800 JavaThread "jar transforms Thread 6" [_thread_blocked, id=20724, stack(0x000000cac3b00000,0x000000cac3c00000)]
  0x00000249c14ad000 JavaThread "jar transforms Thread 7" [_thread_blocked, id=24368, stack(0x000000cac3c00000,0x000000cac3d00000)]
  0x00000249c14a8000 JavaThread "jar transforms Thread 8" [_thread_blocked, id=18936, stack(0x000000cac3d00000,0x000000cac3e00000)]
  0x00000249c14a8800 JavaThread "jar transforms Thread 9" [_thread_blocked, id=11540, stack(0x000000cac3e00000,0x000000cac3f00000)]
  0x00000249c1c0f000 JavaThread "jar transforms Thread 10" [_thread_blocked, id=23328, stack(0x000000cac3f00000,0x000000cac4000000)]
  0x00000249c1c0d000 JavaThread "jar transforms Thread 11" [_thread_blocked, id=21416, stack(0x000000cac4000000,0x000000cac4100000)]
  0x00000249c1c0a800 JavaThread "jar transforms Thread 12" [_thread_blocked, id=15460, stack(0x000000cac4100000,0x000000cac4200000)]
  0x00000249c1c0f800 JavaThread "jar transforms Thread 13" [_thread_blocked, id=19796, stack(0x000000cac4200000,0x000000cac4300000)]
  0x00000249c1c10800 JavaThread "jar transforms Thread 14" [_thread_blocked, id=12552, stack(0x000000cac4300000,0x000000cac4400000)]
  0x00000249c1c11800 JavaThread "jar transforms Thread 15" [_thread_blocked, id=9464, stack(0x000000cac4400000,0x000000cac4500000)]
  0x00000249c1c0e000 JavaThread "jar transforms Thread 16" [_thread_blocked, id=23892, stack(0x000000cac4500000,0x000000cac4600000)]
  0x00000249c1c0b800 JavaThread "jar transforms Thread 17" [_thread_blocked, id=24180, stack(0x000000cac4600000,0x000000cac4700000)]
  0x00000249c1c12000 JavaThread "jar transforms Thread 18" [_thread_blocked, id=10164, stack(0x000000cac4700000,0x000000cac4800000)]
  0x00000249c1c0c800 JavaThread "jar transforms Thread 19" [_thread_blocked, id=18684, stack(0x000000cac4800000,0x000000cac4900000)]
  0x00000249c1c14800 JavaThread "jar transforms Thread 20" [_thread_blocked, id=4372, stack(0x000000cac4900000,0x000000cac4a00000)]
  0x00000249c1c17000 JavaThread "jar transforms Thread 21" [_thread_blocked, id=18824, stack(0x000000cac4a00000,0x000000cac4b00000)]
  0x00000249c1c13800 JavaThread "jar transforms Thread 22" [_thread_blocked, id=10192, stack(0x000000cac4b00000,0x000000cac4c00000)]
  0x00000249c1c18000 JavaThread "jar transforms Thread 23" [_thread_blocked, id=5940, stack(0x000000cac4c00000,0x000000cac4d00000)]
  0x00000249c1c15800 JavaThread "jar transforms Thread 24" [_thread_blocked, id=19516, stack(0x000000cac4d00000,0x000000cac4e00000)]
  0x00000249c1c16000 JavaThread "jar transforms Thread 25" [_thread_blocked, id=21784, stack(0x000000cac4e00000,0x000000cac4f00000)]
  0x00000249c1c18800 JavaThread "jar transforms Thread 26" [_thread_blocked, id=8292, stack(0x000000cac4f00000,0x000000cac5000000)]
  0x00000249c1c13000 JavaThread "jar transforms Thread 27" [_thread_blocked, id=15288, stack(0x000000cac5000000,0x000000cac5100000)]
  0x00000249c1c19800 JavaThread "jar transforms Thread 28" [_thread_blocked, id=4452, stack(0x000000cac5100000,0x000000cac5200000)]
  0x00000249c1958800 JavaThread "jar transforms Thread 29" [_thread_blocked, id=19568, stack(0x000000cac5200000,0x000000cac5300000)]
  0x00000249c1956800 JavaThread "jar transforms Thread 30" [_thread_blocked, id=24800, stack(0x000000cac5300000,0x000000cac5400000)]
  0x00000249c1956000 JavaThread "jar transforms Thread 31" [_thread_blocked, id=26884, stack(0x000000cac5400000,0x000000cac5500000)]
  0x00000249c1959000 JavaThread "jar transforms Thread 32" [_thread_blocked, id=7928, stack(0x000000cac5500000,0x000000cac5600000)]
  0x00000249c195a800 JavaThread "jar transforms Thread 33" [_thread_blocked, id=21660, stack(0x000000cac5600000,0x000000cac5700000)]
  0x00000249c195b800 JavaThread "jar transforms Thread 34" [_thread_blocked, id=2896, stack(0x000000cac5700000,0x000000cac5800000)]
  0x00000249c1957800 JavaThread "jar transforms Thread 35" [_thread_blocked, id=21460, stack(0x000000cac5800000,0x000000cac5900000)]
  0x00000249c195c800 JavaThread "jar transforms Thread 36" [_thread_blocked, id=27068, stack(0x000000cac5900000,0x000000cac5a00000)]
  0x00000249c195f800 JavaThread "jar transforms Thread 37" [_thread_blocked, id=24612, stack(0x000000cac5a00000,0x000000cac5b00000)]
  0x00000249c195f000 JavaThread "jar transforms Thread 38" [_thread_blocked, id=13648, stack(0x000000cac5b00000,0x000000cac5c00000)]
  0x00000249c195e000 JavaThread "jar transforms Thread 39" [_thread_blocked, id=19840, stack(0x000000cac5c00000,0x000000cac5d00000)]
  0x00000249c195a000 JavaThread "jar transforms Thread 40" [_thread_blocked, id=2012, stack(0x000000cac5d00000,0x000000cac5e00000)]
  0x00000249c1960800 JavaThread "jar transforms Thread 41" [_thread_blocked, id=12532, stack(0x000000cac5e00000,0x000000cac5f00000)]
  0x00000249c1961800 JavaThread "jar transforms Thread 42" [_thread_blocked, id=19628, stack(0x000000cac5f00000,0x000000cac6000000)]
  0x00000249c1962000 JavaThread "jar transforms Thread 43" [_thread_blocked, id=16200, stack(0x000000cac6000000,0x000000cac6100000)]
  0x00000249c1963000 JavaThread "jar transforms Thread 44" [_thread_blocked, id=23880, stack(0x000000cac6100000,0x000000cac6200000)]
  0x00000249c195d000 JavaThread "jar transforms Thread 45" [_thread_blocked, id=26504, stack(0x000000cac6200000,0x000000cac6300000)]
  0x00000249c1963800 JavaThread "jar transforms Thread 46" [_thread_blocked, id=15012, stack(0x000000cac6300000,0x000000cac6400000)]
  0x00000249c1964800 JavaThread "jar transforms Thread 47" [_thread_blocked, id=7388, stack(0x000000cac6400000,0x000000cac6500000)]
  0x00000249c091d000 JavaThread "jar transforms Thread 48" [_thread_blocked, id=4672, stack(0x000000cac6500000,0x000000cac6600000)]
  0x00000249c091e000 JavaThread "jar transforms Thread 49" [_thread_blocked, id=19764, stack(0x000000cac6600000,0x000000cac6700000)]
  0x00000249c091a800 JavaThread "jar transforms Thread 50" [_thread_blocked, id=22116, stack(0x000000cac6700000,0x000000cac6800000)]
  0x00000249c091b800 JavaThread "jar transforms Thread 51" [_thread_blocked, id=9548, stack(0x000000cac6800000,0x000000cac6900000)]
  0x00000249c091e800 JavaThread "jar transforms Thread 52" [_thread_blocked, id=8244, stack(0x000000cac6900000,0x000000cac6a00000)]
  0x00000249c091a000 JavaThread "jar transforms Thread 53" [_thread_blocked, id=27124, stack(0x000000cac6a00000,0x000000cac6b00000)]
  0x00000249c091c000 JavaThread "jar transforms Thread 54" [_thread_blocked, id=16572, stack(0x000000cac6b00000,0x000000cac6c00000)]
  0x00000249c091f800 JavaThread "jar transforms Thread 55" [_thread_blocked, id=10868, stack(0x000000cac6c00000,0x000000cac6d00000)]
  0x00000249c0924800 JavaThread "jar transforms Thread 56" [_thread_blocked, id=26196, stack(0x000000cac6d00000,0x000000cac6e00000)]
  0x00000249c0926000 JavaThread "jar transforms Thread 57" [_thread_blocked, id=1836, stack(0x000000cac6e00000,0x000000cac6f00000)]
  0x00000249c0921000 JavaThread "jar transforms Thread 58" [_thread_blocked, id=25760, stack(0x000000cac6f00000,0x000000cac7000000)]
  0x00000249c0920800 JavaThread "jar transforms Thread 59" [_thread_blocked, id=23112, stack(0x000000cac7000000,0x000000cac7100000)]
  0x00000249c0925000 JavaThread "jar transforms Thread 60" [_thread_blocked, id=14356, stack(0x000000cac7100000,0x000000cac7200000)]
  0x00000249c0927000 JavaThread "jar transforms Thread 61" [_thread_blocked, id=22736, stack(0x000000cac7200000,0x000000cac7300000)]
  0x00000249c0927800 JavaThread "jar transforms Thread 62" [_thread_blocked, id=24400, stack(0x000000cac7300000,0x000000cac7400000)]
  0x00000249c0923800 JavaThread "jar transforms Thread 63" [_thread_blocked, id=3112, stack(0x000000cac7400000,0x000000cac7500000)]
  0x00000249c0922000 JavaThread "jar transforms Thread 64" [_thread_blocked, id=2228, stack(0x000000cac7500000,0x000000cac7600000)]
  0x00000249c0922800 JavaThread "jar transforms Thread 65" [_thread_blocked, id=27556, stack(0x000000cac7600000,0x000000cac7700000)]
  0x00000249c0928800 JavaThread "jar transforms Thread 66" [_thread_blocked, id=9976, stack(0x000000cac7700000,0x000000cac7800000)]
  0x00000249bc012000 JavaThread "jar transforms Thread 67" [_thread_blocked, id=27084, stack(0x000000cac7800000,0x000000cac7900000)]
  0x00000249bc015000 JavaThread "jar transforms Thread 68" [_thread_blocked, id=24936, stack(0x000000cac7900000,0x000000cac7a00000)]
  0x00000249bc018800 JavaThread "jar transforms Thread 69" [_thread_blocked, id=22356, stack(0x000000cac7a00000,0x000000cac7b00000)]
  0x00000249bc013000 JavaThread "jar transforms Thread 70" [_thread_blocked, id=23640, stack(0x000000cac7b00000,0x000000cac7c00000)]
  0x00000249bc013800 JavaThread "jar transforms Thread 71" [_thread_blocked, id=13900, stack(0x000000cac7c00000,0x000000cac7d00000)]
  0x00000249bc017800 JavaThread "jar transforms Thread 72" [_thread_blocked, id=20264, stack(0x000000cac7d00000,0x000000cac7e00000)]
  0x00000249bc01a000 JavaThread "jar transforms Thread 73" [_thread_blocked, id=20148, stack(0x000000cac7e00000,0x000000cac7f00000)]
  0x00000249bc019800 JavaThread "jar transforms Thread 74" [_thread_blocked, id=26160, stack(0x000000cac7f00000,0x000000cac8000000)]
  0x00000249bc014800 JavaThread "jar transforms Thread 75" [_thread_blocked, id=13416, stack(0x000000cac8000000,0x000000cac8100000)]
  0x00000249bc016000 JavaThread "jar transforms Thread 76" [_thread_blocked, id=25232, stack(0x000000cac8100000,0x000000cac8200000)]
  0x00000249bc01b000 JavaThread "jar transforms Thread 77" [_thread_blocked, id=13296, stack(0x000000cac8200000,0x000000cac8300000)]
  0x00000249bc01b800 JavaThread "jar transforms Thread 78" [_thread_blocked, id=27328, stack(0x000000cac8300000,0x000000cac8400000)]
  0x00000249bc01c800 JavaThread "jar transforms Thread 79" [_thread_blocked, id=20544, stack(0x000000cac8400000,0x000000cac8500000)]
  0x00000249bc017000 JavaThread "jar transforms Thread 80" [_thread_blocked, id=18728, stack(0x000000cac8500000,0x000000cac8600000)]
  0x00000249bc01d800 JavaThread "jar transforms Thread 81" [_thread_blocked, id=22712, stack(0x000000cac8600000,0x000000cac8700000)]
  0x00000249bc01e000 JavaThread "jar transforms Thread 82" [_thread_blocked, id=10104, stack(0x000000cac8700000,0x000000cac8800000)]
  0x00000249bc020800 JavaThread "jar transforms Thread 83" [_thread_blocked, id=24956, stack(0x000000cac8800000,0x000000cac8900000)]
  0x00000249bc01f000 JavaThread "jar transforms Thread 84" [_thread_blocked, id=20512, stack(0x000000cac8900000,0x000000cac8a00000)]
  0x00000249bc020000 JavaThread "jar transforms Thread 85" [_thread_blocked, id=20992, stack(0x000000cac8a00000,0x000000cac8b00000)]
  0x00000249be663000 JavaThread "jar transforms Thread 86" [_thread_blocked, id=25148, stack(0x000000cac8b00000,0x000000cac8c00000)]
  0x00000249be65f000 JavaThread "jar transforms Thread 87" [_thread_blocked, id=6636, stack(0x000000cac8c00000,0x000000cac8d00000)]
  0x00000249be663800 JavaThread "jar transforms Thread 88" [_thread_blocked, id=3960, stack(0x000000cac8d00000,0x000000cac8e00000)]
  0x00000249be665800 JavaThread "jar transforms Thread 89" [_thread_blocked, id=11584, stack(0x000000cac8e00000,0x000000cac8f00000)]
  0x00000249be664800 JavaThread "jar transforms Thread 90" [_thread_blocked, id=15772, stack(0x000000cac8f00000,0x000000cac9000000)]
  0x00000249be65f800 JavaThread "jar transforms Thread 91" [_thread_blocked, id=15080, stack(0x000000cac9000000,0x000000cac9100000)]
  0x00000249be662000 JavaThread "jar transforms Thread 92" [_thread_blocked, id=23740, stack(0x000000cac9100000,0x000000cac9200000)]
  0x00000249be661000 JavaThread "jar transforms Thread 93" [_thread_blocked, id=25132, stack(0x000000cac9200000,0x000000cac9300000)]
  0x00000249be666000 JavaThread "jar transforms Thread 94" [_thread_blocked, id=3556, stack(0x000000cac9300000,0x000000cac9400000)]
  0x00000249be660800 JavaThread "jar transforms Thread 95" [_thread_blocked, id=12960, stack(0x000000cac9400000,0x000000cac9500000)]
  0x00000249be667800 JavaThread "jar transforms Thread 96" [_thread_blocked, id=4768, stack(0x000000cac9500000,0x000000cac9600000)]
  0x00000249be668800 JavaThread "jar transforms Thread 97" [_thread_blocked, id=16156, stack(0x000000cac9600000,0x000000cac9700000)]
  0x00000249be669800 JavaThread "jar transforms Thread 98" [_thread_blocked, id=15096, stack(0x000000cac9700000,0x000000cac9800000)]
  0x00000249be667000 JavaThread "jar transforms Thread 99" [_thread_blocked, id=3536, stack(0x000000cac9800000,0x000000cac9900000)]
  0x00000249be66a000 JavaThread "jar transforms Thread 100" [_thread_blocked, id=26084, stack(0x000000cac9900000,0x000000cac9a00000)]
  0x00000249be66d800 JavaThread "jar transforms Thread 101" [_thread_blocked, id=25928, stack(0x000000cac9a00000,0x000000cac9b00000)]
  0x00000249be66b000 JavaThread "jar transforms Thread 102" [_thread_blocked, id=12800, stack(0x000000cac9b00000,0x000000cac9c00000)]
  0x00000249be66c000 JavaThread "jar transforms Thread 103" [_thread_blocked, id=8536, stack(0x000000cac9c00000,0x000000cac9d00000)]
  0x00000249be66c800 JavaThread "jar transforms Thread 104" [_thread_blocked, id=19120, stack(0x000000cac9d00000,0x000000cac9e00000)]
  0x00000249bfd8f000 JavaThread "jar transforms Thread 105" [_thread_blocked, id=26516, stack(0x000000cac9e00000,0x000000cac9f00000)]
  0x00000249bfd90000 JavaThread "jar transforms Thread 106" [_thread_blocked, id=24792, stack(0x000000cac9f00000,0x000000caca000000)]
  0x00000249bfd8c000 JavaThread "jar transforms Thread 107" [_thread_blocked, id=1360, stack(0x000000caca000000,0x000000caca100000)]
  0x00000249bfd8e800 JavaThread "jar transforms Thread 108" [_thread_blocked, id=12208, stack(0x000000caca100000,0x000000caca200000)]
  0x00000249bfd8a800 JavaThread "jar transforms Thread 109" [_thread_blocked, id=8388, stack(0x000000caca200000,0x000000caca300000)]
  0x00000249bfd91000 JavaThread "jar transforms Thread 110" [_thread_blocked, id=17244, stack(0x000000caca300000,0x000000caca400000)]
  0x00000249bfd8b000 JavaThread "jar transforms Thread 111" [_thread_blocked, id=25880, stack(0x000000caca400000,0x000000caca500000)]
  0x00000249bfd8c800 JavaThread "jar transforms Thread 112" [_thread_blocked, id=12580, stack(0x000000caca500000,0x000000caca600000)]
  0x00000249bfd91800 JavaThread "jar transforms Thread 113" [_thread_blocked, id=11880, stack(0x000000caca600000,0x000000caca700000)]
  0x00000249bfd93000 JavaThread "jar transforms Thread 114" [_thread_blocked, id=20704, stack(0x000000caca700000,0x000000caca800000)]
  0x00000249bfd8d800 JavaThread "jar transforms Thread 115" [_thread_blocked, id=25040, stack(0x000000caca800000,0x000000caca900000)]
  0x00000249bfd95000 JavaThread "jar transforms Thread 116" [_thread_blocked, id=16504, stack(0x000000caca900000,0x000000cacaa00000)]
  0x00000249bfd97800 JavaThread "jar transforms Thread 117" [_thread_blocked, id=26352, stack(0x000000cacaa00000,0x000000cacab00000)]
  0x00000249bfd98000 JavaThread "jar transforms Thread 118" [_thread_blocked, id=15488, stack(0x000000cacab00000,0x000000cacac00000)]
  0x00000249bfd96800 JavaThread "jar transforms Thread 119" [_thread_blocked, id=2568, stack(0x000000cacac00000,0x000000cacad00000)]
  0x00000249bfd95800 JavaThread "Memory manager" [_thread_blocked, id=22708, stack(0x000000cacad00000,0x000000cacae00000)]
  0x00000249bfd92800 JavaThread "build event listener" [_thread_blocked, id=22544, stack(0x000000cacae00000,0x000000cacaf00000)]
  0x00000249bfd99000 JavaThread "build event listener" [_thread_blocked, id=24728, stack(0x000000cacaf00000,0x000000cacb000000)]
  0x00000249bfd94000 JavaThread "pool-3-thread-1" [_thread_blocked, id=25556, stack(0x000000cacb000000,0x000000cacb100000)]
  0x00000249c4764800 JavaThread "build event listener" [_thread_blocked, id=4840, stack(0x000000cacb100000,0x000000cacb200000)]
  0x00000249c475f800 JavaThread "Execution worker for ':'" [_thread_blocked, id=25932, stack(0x000000cacb200000,0x000000cacb300000)]
  0x00000249c4765000 JavaThread "Execution worker for ':' Thread 2" [_thread_blocked, id=25284, stack(0x000000cacb300000,0x000000cacb400000)]
  0x00000249c4761000 JavaThread "Execution worker for ':' Thread 3" [_thread_blocked, id=22796, stack(0x000000cacb400000,0x000000cacb500000)]
  0x00000249c4762000 JavaThread "Execution worker for ':' Thread 4" [_thread_blocked, id=26172, stack(0x000000cacb500000,0x000000cacb600000)]
  0x00000249c4760800 JavaThread "Execution worker for ':' Thread 5" [_thread_blocked, id=18676, stack(0x000000cacb600000,0x000000cacb700000)]
  0x00000249c4768800 JavaThread "Execution worker for ':' Thread 6" [_thread_blocked, id=11156, stack(0x000000cacb700000,0x000000cacb800000)]
  0x00000249c4766000 JavaThread "Execution worker for ':' Thread 7" [_thread_blocked, id=2808, stack(0x000000cacb800000,0x000000cacb900000)]
  0x00000249c4767000 JavaThread "Cache worker for execution history cache (C:\Android Projects\Udemy TUTORIAL\.gradle\6.7.1\executionHistory)" [_thread_blocked, id=19376, stack(0x000000cacb900000,0x000000cacba00000)]
  0x00000249c4762800 JavaThread "WorkerExecutor Queue" [_thread_blocked, id=19680, stack(0x000000cacba00000,0x000000cacbb00000)]
  0x00000249c4769800 JavaThread "WorkerExecutor Queue Thread 2" [_thread_blocked, id=1804, stack(0x000000cacbb00000,0x000000cacbc00000)]
  0x00000249c4763800 JavaThread "WorkerExecutor Queue Thread 3" [_thread_in_vm, id=25984, stack(0x000000cacbc00000,0x000000cacbd00000)]
  0x00000249c476b000 JavaThread "pool-4-thread-1" [_thread_blocked, id=2704, stack(0x000000cacbd00000,0x000000cacbe00000)]
  0x00000249c476b800 JavaThread "stderr" [_thread_in_native, id=4564, stack(0x000000cacbe00000,0x000000cacbf00000)]
  0x00000249c476c800 JavaThread "stdout" [_thread_in_native, id=13912, stack(0x000000cacbf00000,0x000000cacc000000)]
  0x00000249c476a000 JavaThread "ForkJoinPool-1-worker-3" daemon [_thread_blocked, id=13728, stack(0x000000cacc300000,0x000000cacc400000)]
  0x00000249c476d800 JavaThread "ForkJoinPool-1-worker-5" daemon [_thread_blocked, id=17248, stack(0x000000cacc400000,0x000000cacc500000)]
  0x00000249c4767800 JavaThread "ForkJoinPool-1-worker-7" daemon [_thread_blocked, id=3644, stack(0x000000cacc500000,0x000000cacc600000)]
  0x00000249c476e000 JavaThread "ForkJoinPool-1-worker-9" daemon [_thread_blocked, id=9824, stack(0x000000cacc600000,0x000000cacc700000)]
  0x00000249c4811800 JavaThread "ForkJoinPool-1-worker-11" daemon [_thread_blocked, id=19716, stack(0x000000cacc700000,0x000000cacc800000)]
  0x00000249c4814800 JavaThread "ForkJoinPool-1-worker-13" daemon [_thread_blocked, id=5852, stack(0x000000cacc800000,0x000000cacc900000)]
  0x00000249c480f000 JavaThread "ForkJoinPool-1-worker-15" daemon [_thread_blocked, id=14276, stack(0x000000cacc900000,0x000000cacca00000)]
  0x00000249c4815800 JavaThread "ForkJoinPool-1-worker-1" daemon [_thread_blocked, id=23680, stack(0x000000cacca00000,0x000000caccb00000)]

Other Threads:
  0x00000249bb2dc800 VMThread "VM Thread" [stack: 0x000000cac0300000,0x000000cac0400000] [id=9128]
  0x00000249bbde3800 WatcherThread [stack: 0x000000cac0d00000,0x000000cac0e00000] [id=19168]
  0x000002499f052800 GCTaskThread "GC Thread#0" [stack: 0x000000cabfe00000,0x000000cabff00000] [id=25304]
  0x00000249bcea0000 GCTaskThread "GC Thread#1" [stack: 0x000000cac1000000,0x000000cac1100000] [id=20496]
  0x00000249bca1a800 GCTaskThread "GC Thread#2" [stack: 0x000000cac1100000,0x000000cac1200000] [id=8312]
  0x00000249bd3b9800 GCTaskThread "GC Thread#3" [stack: 0x000000cac1c00000,0x000000cac1d00000] [id=25688]
  0x00000249bd6d7000 GCTaskThread "GC Thread#4" [stack: 0x000000cac1d00000,0x000000cac1e00000] [id=25704]
  0x00000249bdffb800 GCTaskThread "GC Thread#5" [stack: 0x000000cac1e00000,0x000000cac1f00000] [id=3684]
  0x00000249bdc04800 GCTaskThread "GC Thread#6" [stack: 0x000000cac1f00000,0x000000cac2000000] [id=3776]
  0x00000249bdc05000 GCTaskThread "GC Thread#7" [stack: 0x000000cac2000000,0x000000cac2100000] [id=19756]
  0x000002499f083800 ConcurrentGCThread "G1 Main Marker" [stack: 0x000000cabff00000,0x000000cac0000000] [id=26676]
  0x000002499f086000 ConcurrentGCThread "G1 Conc#0" [stack: 0x000000cac0000000,0x000000cac0100000] [id=19948]
  0x00000249bdc06000 ConcurrentGCThread "G1 Conc#1" [stack: 0x000000cac2300000,0x000000cac2400000] [id=14856]
  0x000002499f115000 ConcurrentGCThread "G1 Refine#0" [stack: 0x000000cac0100000,0x000000cac0200000] [id=22008]
  0x00000249c28cd000 ConcurrentGCThread "G1 Refine#1" [stack: 0x000000cacc000000,0x000000cacc100000] [id=24672]
  0x00000249c1ec2000 ConcurrentGCThread "G1 Refine#2" [stack: 0x000000cacc100000,0x000000cacc200000] [id=10576]
  0x00000249c5144800 ConcurrentGCThread "G1 Refine#3" [stack: 0x000000cacc200000,0x000000cacc300000] [id=10976]
  0x00000249c4ee6000 ConcurrentGCThread "G1 Refine#4" [stack: 0x000000caccb00000,0x000000caccc00000] [id=9060]
  0x00000249c3257000 ConcurrentGCThread "G1 Refine#5" [stack: 0x000000caccc00000,0x000000caccd00000] [id=25660]
  0x00000249c25c7800 ConcurrentGCThread "G1 Refine#6" [stack: 0x000000caccd00000,0x000000cacce00000] [id=27536]
  0x00000249bb130800 ConcurrentGCThread "G1 Young RemSet Sampling" [stack: 0x000000cac0200000,0x000000cac0300000] [id=20360]

Threads with active compile tasks:
C2 CompilerThread0  13922 9708 %     4       com.android.tools.r8.dex.n::a @ 315 (913 bytes)
C2 CompilerThread1  13922 9762 %     4       com.android.tools.r8.dex.n::e @ 90 (654 bytes)
C2 CompilerThread2  13922 10309       4       com.android.tools.r8.dex.P$c$$Lambda$969/0x0000000100c50040::compare (16 bytes)

VM state:not at safepoint (normal execution)

VM Mutex/Monitor currently owned by a thread: None

Heap address: 0x0000000080000000, size: 2048 MB, Compressed Oops mode: 32-bit
Narrow klass base: 0x0000000000000000, Narrow klass shift: 3
Compressed class space size: 1073741824 Address: 0x0000000100000000

Heap:
 garbage-first heap   total 227328K, used 153475K [0x0000000080000000, 0x0000000100000000)
  region size 1024K, 6 young (6144K), 4 survivors (4096K)
 Metaspace       used 90895K, capacity 93035K, committed 93312K, reserved 1130496K
  class space    used 11863K, capacity 12609K, committed 12672K, reserved 1048576K
Heap Regions: E=young(eden), S=young(survivor), O=old, HS=humongous(starts), HC=humongous(continues), CS=collection set, F=free, A=archive, TAMS=top-at-mark-start (previous, next)
|   0|0x0000000080000000, 0x0000000080100000, 0x0000000080100000|100%| O|  |TAMS 0x0000000080100000, 0x0000000080000000| Updating 
|   1|0x0000000080100000, 0x0000000080200000, 0x0000000080200000|100%| O|  |TAMS 0x0000000080200000, 0x0000000080100000| Updating 
|   2|0x0000000080200000, 0x0000000080300000, 0x0000000080300000|100%| O|  |TAMS 0x0000000080300000, 0x0000000080200000| Updating 
|   3|0x0000000080300000, 0x0000000080400000, 0x0000000080400000|100%|HS|  |TAMS 0x0000000080400000, 0x0000000080300000| Complete 
|   4|0x0000000080400000, 0x0000000080500000, 0x0000000080500000|100%|HC|  |TAMS 0x0000000080500000, 0x0000000080400000| Complete 
|   5|0x0000000080500000, 0x0000000080600000, 0x0000000080600000|100%|HC|  |TAMS 0x0000000080600000, 0x0000000080500000| Complete 
|   6|0x0000000080600000, 0x0000000080700000, 0x0000000080700000|100%| O|  |TAMS 0x0000000080700000, 0x0000000080600000| Updating 
|   7|0x0000000080700000, 0x0000000080800000, 0x0000000080800000|100%| O|  |TAMS 0x0000000080800000, 0x0000000080700000| Updating 
|   8|0x0000000080800000, 0x0000000080900000, 0x0000000080900000|100%| O|  |TAMS 0x0000000080900000, 0x0000000080800000| Updating 
|   9|0x0000000080900000, 0x0000000080a00000, 0x0000000080a00000|100%| O|  |TAMS 0x0000000080a00000, 0x0000000080900000| Updating 
|  10|0x0000000080a00000, 0x0000000080b00000, 0x0000000080b00000|100%| O|  |TAMS 0x0000000080b00000, 0x0000000080a00000| Updating 
|  11|0x0000000080b00000, 0x0000000080c00000, 0x0000000080c00000|100%| O|  |TAMS 0x0000000080c00000, 0x0000000080b00000| Updating 
|  12|0x0000000080c00000, 0x0000000080d00000, 0x0000000080d00000|100%| O|  |TAMS 0x0000000080d00000, 0x0000000080c00000| Updating 
|  13|0x0000000080d00000, 0x0000000080e00000, 0x0000000080e00000|100%| O|  |TAMS 0x0000000080e00000, 0x0000000080d00000| Updating 
|  14|0x0000000080e00000, 0x0000000080f00000, 0x0000000080f00000|100%| O|  |TAMS 0x0000000080f00000, 0x0000000080e00000| Updating 
|  15|0x0000000080f00000, 0x0000000081000000, 0x0000000081000000|100%| O|  |TAMS 0x0000000081000000, 0x0000000080f00000| Updating 
|  16|0x0000000081000000, 0x0000000081100000, 0x0000000081100000|100%| O|  |TAMS 0x0000000081100000, 0x0000000081000000| Updating 
|  17|0x0000000081100000, 0x0000000081200000, 0x0000000081200000|100%| O|  |TAMS 0x0000000081200000, 0x0000000081100000| Updating 
|  18|0x0000000081200000, 0x0000000081300000, 0x0000000081300000|100%| O|  |TAMS 0x0000000081300000, 0x0000000081200000| Updating 
|  19|0x0000000081300000, 0x0000000081400000, 0x0000000081400000|100%|HS|  |TAMS 0x0000000081400000, 0x0000000081300000| Complete 
|  20|0x0000000081400000, 0x0000000081500000, 0x0000000081500000|100%| O|  |TAMS 0x0000000081500000, 0x0000000081400000| Updating 
|  21|0x0000000081500000, 0x0000000081600000, 0x0000000081600000|100%| O|  |TAMS 0x0000000081600000, 0x0000000081500000| Updating 
|  22|0x0000000081600000, 0x0000000081700000, 0x0000000081700000|100%|HS|  |TAMS 0x0000000081700000, 0x0000000081600000| Complete 
|  23|0x0000000081700000, 0x0000000081800000, 0x0000000081800000|100%|HS|  |TAMS 0x0000000081800000, 0x0000000081700000| Complete 
|  24|0x0000000081800000, 0x0000000081900000, 0x0000000081900000|100%|HC|  |TAMS 0x0000000081900000, 0x0000000081800000| Complete 
|  25|0x0000000081900000, 0x0000000081a00000, 0x0000000081a00000|100%|HC|  |TAMS 0x0000000081a00000, 0x0000000081900000| Complete 
|  26|0x0000000081a00000, 0x0000000081b00000, 0x0000000081b00000|100%|HS|  |TAMS 0x0000000081b00000, 0x0000000081a00000| Complete 
|  27|0x0000000081b00000, 0x0000000081c00000, 0x0000000081c00000|100%|HC|  |TAMS 0x0000000081c00000, 0x0000000081b00000| Complete 
|  28|0x0000000081c00000, 0x0000000081d00000, 0x0000000081d00000|100%| O|  |TAMS 0x0000000081d00000, 0x0000000081c00000| Updating 
|  29|0x0000000081d00000, 0x0000000081e00000, 0x0000000081e00000|100%| O|  |TAMS 0x0000000081e00000, 0x0000000081d00000| Updating 
|  30|0x0000000081e00000, 0x0000000081f00000, 0x0000000081f00000|100%| O|  |TAMS 0x0000000081f00000, 0x0000000081e00000| Updating 
|  31|0x0000000081f00000, 0x0000000082000000, 0x0000000082000000|100%| O|  |TAMS 0x0000000082000000, 0x0000000081f00000| Updating 
|  32|0x0000000082000000, 0x0000000082100000, 0x0000000082100000|100%| O|  |TAMS 0x0000000082100000, 0x0000000082000000| Updating 
|  33|0x0000000082100000, 0x0000000082200000, 0x0000000082200000|100%| O|  |TAMS 0x0000000082200000, 0x0000000082100000| Updating 
|  34|0x0000000082200000, 0x0000000082300000, 0x0000000082300000|100%| O|  |TAMS 0x0000000082300000, 0x0000000082200000| Updating 
|  35|0x0000000082300000, 0x0000000082400000, 0x0000000082400000|100%| O|  |TAMS 0x0000000082400000, 0x0000000082300000| Updating 
|  36|0x0000000082400000, 0x0000000082500000, 0x0000000082500000|100%| O|  |TAMS 0x0000000082500000, 0x0000000082400000| Updating 
|  37|0x0000000082500000, 0x0000000082600000, 0x0000000082600000|100%| O|  |TAMS 0x0000000082600000, 0x0000000082500000| Updating 
|  38|0x0000000082600000, 0x0000000082700000, 0x0000000082700000|100%| O|  |TAMS 0x0000000082700000, 0x0000000082600000| Updating 
|  39|0x0000000082700000, 0x0000000082800000, 0x0000000082800000|100%| O|  |TAMS 0x0000000082800000, 0x0000000082700000| Updating 
|  40|0x0000000082800000, 0x0000000082900000, 0x0000000082900000|100%| O|  |TAMS 0x0000000082900000, 0x0000000082800000| Updating 
|  41|0x0000000082900000, 0x0000000082a00000, 0x0000000082a00000|100%| O|  |TAMS 0x0000000082a00000, 0x0000000082900000| Updating 
|  42|0x0000000082a00000, 0x0000000082b00000, 0x0000000082b00000|100%| O|  |TAMS 0x0000000082b00000, 0x0000000082a00000| Updating 
|  43|0x0000000082b00000, 0x0000000082c00000, 0x0000000082c00000|100%| O|  |TAMS 0x0000000082c00000, 0x0000000082b00000| Updating 
|  44|0x0000000082c00000, 0x0000000082d00000, 0x0000000082d00000|100%| O|  |TAMS 0x0000000082d00000, 0x0000000082c00000| Updating 
|  45|0x0000000082d00000, 0x0000000082e00000, 0x0000000082e00000|100%| O|  |TAMS 0x0000000082e00000, 0x0000000082d00000| Updating 
|  46|0x0000000082e00000, 0x0000000082f00000, 0x0000000082f00000|100%| O|  |TAMS 0x0000000082f00000, 0x0000000082e00000| Updating 
|  47|0x0000000082f00000, 0x0000000083000000, 0x0000000083000000|100%| O|  |TAMS 0x0000000083000000, 0x0000000082f00000| Updating 
|  48|0x0000000083000000, 0x0000000083100000, 0x0000000083100000|100%| O|  |TAMS 0x0000000083100000, 0x0000000083000000| Updating 
|  49|0x0000000083100000, 0x0000000083200000, 0x0000000083200000|100%| O|  |TAMS 0x0000000083200000, 0x0000000083100000| Updating 
|  50|0x0000000083200000, 0x0000000083300000, 0x0000000083300000|100%| O|  |TAMS 0x0000000083300000, 0x0000000083200000| Updating 
|  51|0x0000000083300000, 0x0000000083400000, 0x0000000083400000|100%| O|  |TAMS 0x0000000083400000, 0x0000000083300000| Updating 
|  52|0x0000000083400000, 0x0000000083500000, 0x0000000083500000|100%| O|  |TAMS 0x0000000083500000, 0x0000000083400000| Updating 
|  53|0x0000000083500000, 0x0000000083600000, 0x0000000083600000|100%| O|  |TAMS 0x0000000083600000, 0x0000000083500000| Updating 
|  54|0x0000000083600000, 0x0000000083700000, 0x0000000083700000|100%| O|  |TAMS 0x0000000083700000, 0x0000000083600000| Updating 
|  55|0x0000000083700000, 0x0000000083800000, 0x0000000083800000|100%| O|  |TAMS 0x0000000083800000, 0x0000000083700000| Updating 
|  56|0x0000000083800000, 0x0000000083900000, 0x0000000083900000|100%| O|  |TAMS 0x0000000083900000, 0x0000000083800000| Updating 
|  57|0x0000000083900000, 0x0000000083a00000, 0x0000000083a00000|100%| O|  |TAMS 0x0000000083a00000, 0x0000000083900000| Updating 
|  58|0x0000000083a00000, 0x0000000083b00000, 0x0000000083b00000|100%| O|  |TAMS 0x0000000083b00000, 0x0000000083a00000| Updating 
|  59|0x0000000083b00000, 0x0000000083c00000, 0x0000000083c00000|100%| O|  |TAMS 0x0000000083c00000, 0x0000000083b00000| Updating 
|  60|0x0000000083c00000, 0x0000000083d00000, 0x0000000083d00000|100%| O|  |TAMS 0x0000000083d00000, 0x0000000083c00000| Updating 
|  61|0x0000000083d00000, 0x0000000083e00000, 0x0000000083e00000|100%| O|  |TAMS 0x0000000083e00000, 0x0000000083d00000| Updating 
|  62|0x0000000083e00000, 0x0000000083f00000, 0x0000000083f00000|100%|HS|  |TAMS 0x0000000083f00000, 0x0000000083e00000| Complete 
|  63|0x0000000083f00000, 0x0000000084000000, 0x0000000084000000|100%|HC|  |TAMS 0x0000000084000000, 0x0000000083f00000| Complete 
|  64|0x0000000084000000, 0x0000000084100000, 0x0000000084100000|100%|HC|  |TAMS 0x0000000084100000, 0x0000000084000000| Complete 
|  65|0x0000000084100000, 0x0000000084200000, 0x0000000084200000|100%|HS|  |TAMS 0x0000000084200000, 0x0000000084100000| Complete 
|  66|0x0000000084200000, 0x0000000084300000, 0x0000000084300000|100%|HC|  |TAMS 0x0000000084300000, 0x0000000084200000| Complete 
|  67|0x0000000084300000, 0x0000000084400000, 0x0000000084400000|100%|HS|  |TAMS 0x0000000084400000, 0x0000000084300000| Complete 
|  68|0x0000000084400000, 0x0000000084500000, 0x0000000084500000|100%|HS|  |TAMS 0x0000000084500000, 0x0000000084400000| Complete 
|  69|0x0000000084500000, 0x0000000084600000, 0x0000000084600000|100%|HS|  |TAMS 0x0000000084600000, 0x0000000084500000| Complete 
|  70|0x0000000084600000, 0x0000000084700000, 0x0000000084700000|100%| O|  |TAMS 0x0000000084700000, 0x0000000084600000| Updating 
|  71|0x0000000084700000, 0x0000000084800000, 0x0000000084800000|100%| O|  |TAMS 0x0000000084800000, 0x0000000084700000| Updating 
|  72|0x0000000084800000, 0x0000000084900000, 0x0000000084900000|100%| O|  |TAMS 0x0000000084900000, 0x0000000084800000| Updating 
|  73|0x0000000084900000, 0x0000000084a00000, 0x0000000084a00000|100%| O|  |TAMS 0x0000000084a00000, 0x0000000084900000| Updating 
|  74|0x0000000084a00000, 0x0000000084b00000, 0x0000000084b00000|100%|HS|  |TAMS 0x0000000084b00000, 0x0000000084a00000| Complete 
|  75|0x0000000084b00000, 0x0000000084c00000, 0x0000000084c00000|100%| O|  |TAMS 0x0000000084b00000, 0x0000000084b00000| Untracked 
|  76|0x0000000084c00000, 0x0000000084d00000, 0x0000000084d00000|100%| O|  |TAMS 0x0000000084d00000, 0x0000000084c00000| Updating 
|  77|0x0000000084d00000, 0x0000000084e00000, 0x0000000084e00000|100%| O|  |TAMS 0x0000000084d00000, 0x0000000084d00000| Untracked 
|  78|0x0000000084e00000, 0x0000000084f00000, 0x0000000084f00000|100%| O|  |TAMS 0x0000000084e00000, 0x0000000084e00000| Untracked 
|  79|0x0000000084f00000, 0x0000000085000000, 0x0000000085000000|100%| O|  |TAMS 0x0000000084f00000, 0x0000000084f00000| Untracked 
|  80|0x0000000085000000, 0x0000000085100000, 0x0000000085100000|100%| O|  |TAMS 0x0000000085000000, 0x0000000085000000| Untracked 
|  81|0x0000000085100000, 0x0000000085200000, 0x0000000085200000|100%| O|  |TAMS 0x0000000085200000, 0x0000000085100000| Updating 
|  82|0x0000000085200000, 0x0000000085300000, 0x0000000085300000|100%| O|  |TAMS 0x0000000085200000, 0x0000000085200000| Untracked 
|  83|0x0000000085300000, 0x00000000853e0c00, 0x0000000085400000| 87%| O|  |TAMS 0x0000000085300000, 0x0000000085300000| Untracked 
|  84|0x0000000085400000, 0x0000000085500000, 0x0000000085500000|100%| O|  |TAMS 0x0000000085500000, 0x0000000085400000| Updating 
|  85|0x0000000085500000, 0x0000000085600000, 0x0000000085600000|100%| O|  |TAMS 0x0000000085600000, 0x0000000085500000| Updating 
|  86|0x0000000085600000, 0x0000000085700000, 0x0000000085700000|100%| O|  |TAMS 0x0000000085700000, 0x0000000085600000| Updating 
|  87|0x0000000085700000, 0x0000000085800000, 0x0000000085800000|100%| O|  |TAMS 0x0000000085800000, 0x0000000085700000| Updating 
|  88|0x0000000085800000, 0x0000000085900000, 0x0000000085900000|100%| O|  |TAMS 0x0000000085900000, 0x0000000085800000| Updating 
|  89|0x0000000085900000, 0x0000000085a00000, 0x0000000085a00000|100%| O|  |TAMS 0x0000000085a00000, 0x0000000085900000| Updating 
|  90|0x0000000085a00000, 0x0000000085b00000, 0x0000000085b00000|100%| O|  |TAMS 0x0000000085b00000, 0x0000000085a00000| Updating 
|  91|0x0000000085b00000, 0x0000000085c00000, 0x0000000085c00000|100%| O|  |TAMS 0x0000000085c00000, 0x0000000085b00000| Updating 
|  92|0x0000000085c00000, 0x0000000085d00000, 0x0000000085d00000|100%| O|  |TAMS 0x0000000085d00000, 0x0000000085c00000| Updating 
|  93|0x0000000085d00000, 0x0000000085d00000, 0x0000000085e00000|  0%| F|  |TAMS 0x0000000085d00000, 0x0000000085d00000| Untracked 
|  94|0x0000000085e00000, 0x0000000085f00000, 0x0000000085f00000|100%| O|  |TAMS 0x0000000085f00000, 0x0000000085e00000| Updating 
|  95|0x0000000085f00000, 0x0000000086000000, 0x0000000086000000|100%| O|  |TAMS 0x0000000086000000, 0x0000000085f00000| Updating 
|  96|0x0000000086000000, 0x0000000086100000, 0x0000000086100000|100%| O|  |TAMS 0x0000000086100000, 0x0000000086000000| Updating 
|  97|0x0000000086100000, 0x0000000086200000, 0x0000000086200000|100%| O|  |TAMS 0x0000000086200000, 0x0000000086100000| Updating 
|  98|0x0000000086200000, 0x0000000086300000, 0x0000000086300000|100%| O|  |TAMS 0x0000000086300000, 0x0000000086200000| Updating 
|  99|0x0000000086300000, 0x0000000086400000, 0x0000000086400000|100%| O|  |TAMS 0x0000000086400000, 0x0000000086300000| Updating 
| 100|0x0000000086400000, 0x0000000086500000, 0x0000000086500000|100%| O|  |TAMS 0x0000000086500000, 0x0000000086400000| Updating 
| 101|0x0000000086500000, 0x0000000086600000, 0x0000000086600000|100%| O|  |TAMS 0x0000000086600000, 0x0000000086500000| Updating 
| 102|0x0000000086600000, 0x0000000086700000, 0x0000000086700000|100%| O|  |TAMS 0x0000000086700000, 0x0000000086600000| Updating 
| 103|0x0000000086700000, 0x0000000086800000, 0x0000000086800000|100%| O|  |TAMS 0x0000000086800000, 0x0000000086700000| Updating 
| 104|0x0000000086800000, 0x0000000086900000, 0x0000000086900000|100%| O|  |TAMS 0x0000000086900000, 0x0000000086800000| Updating 
| 105|0x0000000086900000, 0x0000000086a00000, 0x0000000086a00000|100%| O|  |TAMS 0x0000000086a00000, 0x0000000086900000| Updating 
| 106|0x0000000086a00000, 0x0000000086b00000, 0x0000000086b00000|100%| O|  |TAMS 0x0000000086b00000, 0x0000000086a00000| Updating 
| 107|0x0000000086b00000, 0x0000000086c00000, 0x0000000086c00000|100%| O|  |TAMS 0x0000000086c00000, 0x0000000086b00000| Updating 
| 108|0x0000000086c00000, 0x0000000086d00000, 0x0000000086d00000|100%| O|  |TAMS 0x0000000086d00000, 0x0000000086c00000| Updating 
| 109|0x0000000086d00000, 0x0000000086e00000, 0x0000000086e00000|100%| O|  |TAMS 0x0000000086e00000, 0x0000000086d00000| Updating 
| 110|0x0000000086e00000, 0x0000000086f00000, 0x0000000086f00000|100%| O|  |TAMS 0x0000000086f00000, 0x0000000086e00000| Updating 
| 111|0x0000000086f00000, 0x0000000087000000, 0x0000000087000000|100%| O|  |TAMS 0x0000000087000000, 0x0000000086f00000| Updating 
| 112|0x0000000087000000, 0x0000000087100000, 0x0000000087100000|100%| O|  |TAMS 0x0000000087100000, 0x0000000087000000| Updating 
| 113|0x0000000087100000, 0x0000000087200000, 0x0000000087200000|100%| O|  |TAMS 0x0000000087200000, 0x0000000087100000| Updating 
| 114|0x0000000087200000, 0x0000000087300000, 0x0000000087300000|100%| O|  |TAMS 0x0000000087300000, 0x0000000087200000| Updating 
| 115|0x0000000087300000, 0x0000000087400000, 0x0000000087400000|100%| O|  |TAMS 0x0000000087400000, 0x0000000087300000| Updating 
| 116|0x0000000087400000, 0x0000000087500000, 0x0000000087500000|100%| O|  |TAMS 0x0000000087500000, 0x0000000087400000| Updating 
| 117|0x0000000087500000, 0x0000000087600000, 0x0000000087600000|100%| O|  |TAMS 0x0000000087600000, 0x0000000087500000| Updating 
| 118|0x0000000087600000, 0x0000000087700000, 0x0000000087700000|100%| O|  |TAMS 0x0000000087700000, 0x0000000087600000| Updating 
| 119|0x0000000087700000, 0x0000000087800000, 0x0000000087800000|100%| O|  |TAMS 0x0000000087800000, 0x0000000087700000| Updating 
| 120|0x0000000087800000, 0x0000000087900000, 0x0000000087900000|100%| O|  |TAMS 0x0000000087900000, 0x0000000087800000| Updating 
| 121|0x0000000087900000, 0x0000000087a00000, 0x0000000087a00000|100%| O|  |TAMS 0x0000000087a00000, 0x0000000087900000| Updating 
| 122|0x0000000087a00000, 0x0000000087b00000, 0x0000000087b00000|100%| O|  |TAMS 0x0000000087b00000, 0x0000000087a00000| Updating 
| 123|0x0000000087b00000, 0x0000000087c00000, 0x0000000087c00000|100%| O|  |TAMS 0x0000000087c00000, 0x0000000087b00000| Updating 
| 124|0x0000000087c00000, 0x0000000087d00000, 0x0000000087d00000|100%| O|  |TAMS 0x0000000087d00000, 0x0000000087c00000| Updating 
| 125|0x0000000087d00000, 0x0000000087e00000, 0x0000000087e00000|100%| O|  |TAMS 0x0000000087e00000, 0x0000000087d00000| Updating 
| 126|0x0000000087e00000, 0x0000000087f00000, 0x0000000087f00000|100%| O|  |TAMS 0x0000000087f00000, 0x0000000087e00000| Updating 
| 127|0x0000000087f00000, 0x0000000088000000, 0x0000000088000000|100%| O|  |TAMS 0x0000000088000000, 0x0000000087f00000| Updating 
| 128|0x0000000088000000, 0x0000000088100000, 0x0000000088100000|100%| O|  |TAMS 0x0000000088100000, 0x0000000088000000| Updating 
| 129|0x0000000088100000, 0x0000000088200000, 0x0000000088200000|100%| O|  |TAMS 0x0000000088200000, 0x0000000088100000| Updating 
| 130|0x0000000088200000, 0x0000000088300000, 0x0000000088300000|100%| O|  |TAMS 0x0000000088300000, 0x0000000088200000| Updating 
| 131|0x0000000088300000, 0x0000000088400000, 0x0000000088400000|100%| O|  |TAMS 0x0000000088400000, 0x0000000088300000| Updating 
| 132|0x0000000088400000, 0x0000000088500000, 0x0000000088500000|100%| O|  |TAMS 0x0000000088500000, 0x0000000088400000| Updating 
| 133|0x0000000088500000, 0x0000000088600000, 0x0000000088600000|100%| O|  |TAMS 0x0000000088600000, 0x0000000088500000| Updating 
| 134|0x0000000088600000, 0x0000000088700000, 0x0000000088700000|100%| O|  |TAMS 0x0000000088700000, 0x0000000088600000| Updating 
| 135|0x0000000088700000, 0x0000000088800000, 0x0000000088800000|100%| O|  |TAMS 0x0000000088800000, 0x0000000088700000| Updating 
| 136|0x0000000088800000, 0x0000000088900000, 0x0000000088900000|100%| O|  |TAMS 0x0000000088900000, 0x0000000088800000| Updating 
| 137|0x0000000088900000, 0x0000000088a00000, 0x0000000088a00000|100%| O|  |TAMS 0x0000000088a00000, 0x0000000088900000| Updating 
| 138|0x0000000088a00000, 0x0000000088b00000, 0x0000000088b00000|100%| O|  |TAMS 0x0000000088b00000, 0x0000000088a00000| Updating 
| 139|0x0000000088b00000, 0x0000000088c00000, 0x0000000088c00000|100%| O|  |TAMS 0x0000000088c00000, 0x0000000088b00000| Updating 
| 140|0x0000000088c00000, 0x0000000088d00000, 0x0000000088d00000|100%| O|  |TAMS 0x0000000088d00000, 0x0000000088c00000| Updating 
| 141|0x0000000088d00000, 0x0000000088e00000, 0x0000000088e00000|100%| O|  |TAMS 0x0000000088e00000, 0x0000000088d00000| Updating 
| 142|0x0000000088e00000, 0x0000000088f00000, 0x0000000088f00000|100%| O|  |TAMS 0x0000000088f00000, 0x0000000088e00000| Updating 
| 143|0x0000000088f00000, 0x0000000089000000, 0x0000000089000000|100%| O|  |TAMS 0x0000000089000000, 0x0000000088f00000| Updating 
| 144|0x0000000089000000, 0x0000000089100000, 0x0000000089100000|100%| O|  |TAMS 0x0000000089100000, 0x0000000089000000| Updating 
| 145|0x0000000089100000, 0x0000000089200000, 0x0000000089200000|100%| O|  |TAMS 0x0000000089174600, 0x0000000089100000| Updating 
| 146|0x0000000089200000, 0x0000000089200000, 0x0000000089300000|  0%| F|  |TAMS 0x0000000089200000, 0x0000000089200000| Untracked 
| 147|0x0000000089300000, 0x0000000089300000, 0x0000000089400000|  0%| F|  |TAMS 0x0000000089300000, 0x0000000089300000| Untracked 
| 148|0x0000000089400000, 0x0000000089400000, 0x0000000089500000|  0%| F|  |TAMS 0x0000000089400000, 0x0000000089400000| Untracked 
| 149|0x0000000089500000, 0x0000000089500000, 0x0000000089600000|  0%| F|  |TAMS 0x0000000089500000, 0x0000000089500000| Untracked 
| 150|0x0000000089600000, 0x0000000089600000, 0x0000000089700000|  0%| F|  |TAMS 0x0000000089600000, 0x0000000089600000| Untracked 
| 151|0x0000000089700000, 0x0000000089700000, 0x0000000089800000|  0%| F|  |TAMS 0x0000000089700000, 0x0000000089700000| Untracked 
| 152|0x0000000089800000, 0x0000000089800000, 0x0000000089900000|  0%| F|  |TAMS 0x0000000089800000, 0x0000000089800000| Untracked 
| 153|0x0000000089900000, 0x0000000089900000, 0x0000000089a00000|  0%| F|  |TAMS 0x0000000089900000, 0x0000000089900000| Untracked 
| 154|0x0000000089a00000, 0x0000000089a00000, 0x0000000089b00000|  0%| F|  |TAMS 0x0000000089a00000, 0x0000000089a00000| Untracked 
| 155|0x0000000089b00000, 0x0000000089b00000, 0x0000000089c00000|  0%| F|  |TAMS 0x0000000089b00000, 0x0000000089b00000| Untracked 
| 156|0x0000000089c00000, 0x0000000089c00000, 0x0000000089d00000|  0%| F|  |TAMS 0x0000000089c00000, 0x0000000089c00000| Untracked 
| 157|0x0000000089d00000, 0x0000000089d00000, 0x0000000089e00000|  0%| F|  |TAMS 0x0000000089d00000, 0x0000000089d00000| Untracked 
| 158|0x0000000089e00000, 0x0000000089e00000, 0x0000000089f00000|  0%| F|  |TAMS 0x0000000089e00000, 0x0000000089e00000| Untracked 
| 159|0x0000000089f00000, 0x0000000089f00000, 0x000000008a000000|  0%| F|  |TAMS 0x0000000089f00000, 0x0000000089f00000| Untracked 
| 160|0x000000008a000000, 0x000000008a000000, 0x000000008a100000|  0%| F|  |TAMS 0x000000008a000000, 0x000000008a000000| Untracked 
| 161|0x000000008a100000, 0x000000008a100000, 0x000000008a200000|  0%| F|  |TAMS 0x000000008a100000, 0x000000008a100000| Untracked 
| 162|0x000000008a200000, 0x000000008a200000, 0x000000008a300000|  0%| F|  |TAMS 0x000000008a200000, 0x000000008a200000| Untracked 
| 163|0x000000008a300000, 0x000000008a300000, 0x000000008a400000|  0%| F|  |TAMS 0x000000008a300000, 0x000000008a300000| Untracked 
| 164|0x000000008a400000, 0x000000008a400000, 0x000000008a500000|  0%| F|  |TAMS 0x000000008a400000, 0x000000008a400000| Untracked 
| 165|0x000000008a500000, 0x000000008a500000, 0x000000008a600000|  0%| F|  |TAMS 0x000000008a500000, 0x000000008a500000| Untracked 
| 166|0x000000008a600000, 0x000000008a600000, 0x000000008a700000|  0%| F|  |TAMS 0x000000008a600000, 0x000000008a600000| Untracked 
| 167|0x000000008a700000, 0x000000008a700000, 0x000000008a800000|  0%| F|  |TAMS 0x000000008a700000, 0x000000008a700000| Untracked 
| 168|0x000000008a800000, 0x000000008a800000, 0x000000008a900000|  0%| F|  |TAMS 0x000000008a800000, 0x000000008a800000| Untracked 
| 169|0x000000008a900000, 0x000000008a900000, 0x000000008aa00000|  0%| F|  |TAMS 0x000000008a900000, 0x000000008a900000| Untracked 
| 170|0x000000008aa00000, 0x000000008aa00000, 0x000000008ab00000|  0%| F|  |TAMS 0x000000008aa00000, 0x000000008aa00000| Untracked 
| 171|0x000000008ab00000, 0x000000008ab00000, 0x000000008ac00000|  0%| F|  |TAMS 0x000000008ab00000, 0x000000008ab00000| Untracked 
| 172|0x000000008ac00000, 0x000000008ac00000, 0x000000008ad00000|  0%| F|  |TAMS 0x000000008ac00000, 0x000000008ac00000| Untracked 
| 173|0x000000008ad00000, 0x000000008ad00000, 0x000000008ae00000|  0%| F|  |TAMS 0x000000008ad00000, 0x000000008ad00000| Untracked 
| 174|0x000000008ae00000, 0x000000008ae00000, 0x000000008af00000|  0%| F|  |TAMS 0x000000008ae00000, 0x000000008ae00000| Untracked 
| 175|0x000000008af00000, 0x000000008af00000, 0x000000008b000000|  0%| F|  |TAMS 0x000000008af00000, 0x000000008af00000| Untracked 
| 176|0x000000008b000000, 0x000000008b000000, 0x000000008b100000|  0%| F|  |TAMS 0x000000008b000000, 0x000000008b000000| Untracked 
| 177|0x000000008b100000, 0x000000008b100000, 0x000000008b200000|  0%| F|  |TAMS 0x000000008b100000, 0x000000008b100000| Untracked 
| 178|0x000000008b200000, 0x000000008b200000, 0x000000008b300000|  0%| F|  |TAMS 0x000000008b200000, 0x000000008b200000| Untracked 
| 179|0x000000008b300000, 0x000000008b300000, 0x000000008b400000|  0%| F|  |TAMS 0x000000008b300000, 0x000000008b300000| Untracked 
| 180|0x000000008b400000, 0x000000008b400000, 0x000000008b500000|  0%| F|  |TAMS 0x000000008b400000, 0x000000008b400000| Untracked 
| 181|0x000000008b500000, 0x000000008b500000, 0x000000008b600000|  0%| F|  |TAMS 0x000000008b500000, 0x000000008b500000| Untracked 
| 182|0x000000008b600000, 0x000000008b600000, 0x000000008b700000|  0%| F|  |TAMS 0x000000008b600000, 0x000000008b600000| Untracked 
| 183|0x000000008b700000, 0x000000008b700000, 0x000000008b800000|  0%| F|  |TAMS 0x000000008b700000, 0x000000008b700000| Untracked 
| 184|0x000000008b800000, 0x000000008b800000, 0x000000008b900000|  0%| F|  |TAMS 0x000000008b800000, 0x000000008b800000| Untracked 
| 185|0x000000008b900000, 0x000000008b900000, 0x000000008ba00000|  0%| F|  |TAMS 0x000000008b900000, 0x000000008b900000| Untracked 
| 186|0x000000008ba00000, 0x000000008ba00000, 0x000000008bb00000|  0%| F|  |TAMS 0x000000008ba00000, 0x000000008ba00000| Untracked 
| 187|0x000000008bb00000, 0x000000008bb00000, 0x000000008bc00000|  0%| F|  |TAMS 0x000000008bb00000, 0x000000008bb00000| Untracked 
| 188|0x000000008bc00000, 0x000000008bc00000, 0x000000008bd00000|  0%| F|  |TAMS 0x000000008bc00000, 0x000000008bc00000| Untracked 
| 189|0x000000008bd00000, 0x000000008bd00000, 0x000000008be00000|  0%| F|  |TAMS 0x000000008bd00000, 0x000000008bd00000| Untracked 
| 190|0x000000008be00000, 0x000000008be00000, 0x000000008bf00000|  0%| F|  |TAMS 0x000000008be00000, 0x000000008be00000| Untracked 
| 191|0x000000008bf00000, 0x000000008bf00000, 0x000000008c000000|  0%| F|  |TAMS 0x000000008bf00000, 0x000000008bf00000| Untracked 
| 192|0x000000008c000000, 0x000000008c000000, 0x000000008c100000|  0%| F|  |TAMS 0x000000008c000000, 0x000000008c000000| Untracked 
| 193|0x000000008c100000, 0x000000008c100000, 0x000000008c200000|  0%| F|  |TAMS 0x000000008c100000, 0x000000008c100000| Untracked 
| 194|0x000000008c200000, 0x000000008c200000, 0x000000008c300000|  0%| F|  |TAMS 0x000000008c200000, 0x000000008c200000| Untracked 
| 195|0x000000008c300000, 0x000000008c400000, 0x000000008c400000|100%| S|CS|TAMS 0x000000008c300000, 0x000000008c300000| Complete 
| 196|0x000000008c400000, 0x000000008c500000, 0x000000008c500000|100%| S|CS|TAMS 0x000000008c400000, 0x000000008c400000| Complete 
| 197|0x000000008c500000, 0x000000008c600000, 0x000000008c600000|100%| S|CS|TAMS 0x000000008c500000, 0x000000008c500000| Complete 
| 198|0x000000008c600000, 0x000000008c700000, 0x000000008c700000|100%| S|CS|TAMS 0x000000008c600000, 0x000000008c600000| Complete 
| 199|0x000000008c700000, 0x000000008c700000, 0x000000008c800000|  0%| F|  |TAMS 0x000000008c700000, 0x000000008c700000| Untracked 
| 200|0x000000008c800000, 0x000000008c800000, 0x000000008c900000|  0%| F|  |TAMS 0x000000008c800000, 0x000000008c800000| Untracked 
| 201|0x000000008c900000, 0x000000008c900000, 0x000000008ca00000|  0%| F|  |TAMS 0x000000008c900000, 0x000000008c900000| Untracked 
| 202|0x000000008ca00000, 0x000000008ca00000, 0x000000008cb00000|  0%| F|  |TAMS 0x000000008ca00000, 0x000000008ca00000| Untracked 
| 203|0x000000008cb00000, 0x000000008cb00000, 0x000000008cc00000|  0%| F|  |TAMS 0x000000008cb00000, 0x000000008cb00000| Untracked 
| 204|0x000000008cc00000, 0x000000008cc00000, 0x000000008cd00000|  0%| F|  |TAMS 0x000000008cc00000, 0x000000008cc00000| Untracked 
| 205|0x000000008cd00000, 0x000000008cd00000, 0x000000008ce00000|  0%| F|  |TAMS 0x000000008cd00000, 0x000000008cd00000| Untracked 
| 206|0x000000008ce00000, 0x000000008ce00000, 0x000000008cf00000|  0%| F|  |TAMS 0x000000008ce00000, 0x000000008ce00000| Untracked 
| 207|0x000000008cf00000, 0x000000008cf00000, 0x000000008d000000|  0%| F|  |TAMS 0x000000008cf00000, 0x000000008cf00000| Untracked 
| 208|0x000000008d000000, 0x000000008d000000, 0x000000008d100000|  0%| F|  |TAMS 0x000000008d000000, 0x000000008d000000| Untracked 
| 209|0x000000008d100000, 0x000000008d100000, 0x000000008d200000|  0%| F|  |TAMS 0x000000008d100000, 0x000000008d100000| Untracked 
| 210|0x000000008d200000, 0x000000008d200000, 0x000000008d300000|  0%| F|  |TAMS 0x000000008d200000, 0x000000008d200000| Untracked 
| 211|0x000000008d300000, 0x000000008d300000, 0x000000008d400000|  0%| F|  |TAMS 0x000000008d300000, 0x000000008d300000| Untracked 
| 212|0x000000008d400000, 0x000000008d400000, 0x000000008d500000|  0%| F|  |TAMS 0x000000008d400000, 0x000000008d400000| Untracked 
| 213|0x000000008d500000, 0x000000008d500000, 0x000000008d600000|  0%| F|  |TAMS 0x000000008d500000, 0x000000008d500000| Untracked 
| 214|0x000000008d600000, 0x000000008d600000, 0x000000008d700000|  0%| F|  |TAMS 0x000000008d600000, 0x000000008d600000| Untracked 
| 215|0x000000008d700000, 0x000000008d700000, 0x000000008d800000|  0%| F|  |TAMS 0x000000008d700000, 0x000000008d700000| Untracked 
| 216|0x000000008d800000, 0x000000008d800000, 0x000000008d900000|  0%| F|  |TAMS 0x000000008d800000, 0x000000008d800000| Untracked 
| 217|0x000000008d900000, 0x000000008d900000, 0x000000008da00000|  0%| F|  |TAMS 0x000000008d900000, 0x000000008d900000| Untracked 
| 218|0x000000008da00000, 0x000000008da00000, 0x000000008db00000|  0%| F|  |TAMS 0x000000008da00000, 0x000000008da00000| Untracked 
| 219|0x000000008db00000, 0x000000008db00000, 0x000000008dc00000|  0%| F|  |TAMS 0x000000008db00000, 0x000000008db00000| Untracked 
| 220|0x000000008dc00000, 0x000000008dcc2840, 0x000000008dd00000| 75%| E|  |TAMS 0x000000008dc00000, 0x000000008dc00000| Complete 
| 221|0x000000008dd00000, 0x000000008de00000, 0x000000008de00000|100%| E|CS|TAMS 0x000000008dd00000, 0x000000008dd00000| Complete 

Card table byte_map: [0x00000249b4000000,0x00000249b4400000] _byte_map_base: 0x00000249b3c00000

Marking Bits (Prev, Next): (CMBitMap*) 0x000002499f07ae58, (CMBitMap*) 0x000002499f07ae90
 Prev Bits: [0x00000249b4800000, 0x00000249b6800000)
 Next Bits: [0x00000249b6800000, 0x00000249b8800000)

Polling page: 0x000002499f120000

Metaspace:

Usage:
  Non-class:     78.62 MB capacity,    77.27 MB ( 98%) used,     1.12 MB (  1%) free+waste,   231.75 KB ( <1%) overhead. 
      Class:     12.35 MB capacity,    11.60 MB ( 94%) used,   660.95 KB (  5%) free+waste,   104.88 KB ( <1%) overhead. 
       Both:     90.97 MB capacity,    88.87 MB ( 98%) used,     1.77 MB (  2%) free+waste,   336.63 KB ( <1%) overhead. 

Virtual space:
  Non-class space:       80.00 MB reserved,      78.75 MB ( 98%) committed 
      Class space:        1.00 GB reserved,      12.38 MB (  1%) committed 
             Both:        1.08 GB reserved,      91.13 MB (  8%) committed 

Chunk freelists:
   Non-Class:  10.00 KB
       Class:  25.00 KB
        Both:  35.00 KB

MaxMetaspaceSize: 17179869184.00 GB
CompressedClassSpaceSize: 1.00 GB

CodeHeap 'non-profiled nmethods': size=120000Kb used=5956Kb max_used=5956Kb free=114043Kb
 bounds [0x00000249abc60000, 0x00000249ac240000, 0x00000249b3190000]
CodeHeap 'profiled nmethods': size=120000Kb used=21035Kb max_used=21035Kb free=98964Kb
 bounds [0x00000249a4730000, 0x00000249a5bc0000, 0x00000249abc60000]
CodeHeap 'non-nmethods': size=5760Kb used=2272Kb max_used=2339Kb free=3487Kb
 bounds [0x00000249a4190000, 0x00000249a4400000, 0x00000249a4730000]
 total_blobs=10874 nmethods=10007 adapters=778
 compilation: enabled
              stopped_count=0, restarted_count=0
 full_count=0

Compilation events (20 events):
Event: 13.818 Thread 0x00000249bb302000 10290       3       com.android.tools.r8.graph.e0::T (13 bytes)
Event: 13.818 Thread 0x00000249bb302000 nmethod 10290 0x00000249a5bb6190 code [0x00000249a5bb6340, 0x00000249a5bb6498]
Event: 13.818 Thread 0x00000249bb302000 10292       3       com.android.tools.r8.graph.t1::g (8 bytes)
Event: 13.818 Thread 0x00000249bb302000 nmethod 10292 0x00000249a5bb6510 code [0x00000249a5bb66c0, 0x00000249a5bb6888]
Event: 13.819 Thread 0x00000249bb302000 10291       3       com.android.tools.r8.graph.J::l0 (8 bytes)
Event: 13.819 Thread 0x00000249bb302000 nmethod 10291 0x00000249a5bb6990 code [0x00000249a5bb6b60, 0x00000249a5bb6d88]
Event: 13.819 Thread 0x00000249bb302000 10295       3       com.android.tools.r8.dex.b$$Lambda$958/0x0000000100bc5440::accept (12 bytes)
Event: 13.819 Thread 0x00000249bb302000 nmethod 10295 0x00000249a5bb6e90 code [0x00000249a5bb7060, 0x00000249a5bb7288]
Event: 13.819 Thread 0x00000249c0c34800 nmethod 10230 0x00000249ac22d890 code [0x00000249ac22da40, 0x00000249ac22db58]
Event: 13.819 Thread 0x00000249c0c34800 10285       4       com.android.tools.r8.graph.B::<init> (15 bytes)
Event: 13.821 Thread 0x00000249c0c34800 nmethod 10285 0x00000249ac22dd10 code [0x00000249ac22dea0, 0x00000249ac22dfd8]
Event: 13.821 Thread 0x00000249c0c34800 10296       4       com.android.tools.r8.s.a.a.b.A::a (15 bytes)
Event: 13.822 Thread 0x00000249c0c34800 nmethod 10296 0x00000249ac22e090 code [0x00000249ac22e220, 0x00000249ac22e2d8]
Event: 13.822 Thread 0x00000249bb302000 10300       3       com.android.tools.r8.graph.v1::b (10 bytes)
Event: 13.822 Thread 0x00000249c0c34800 10298       4       com.android.tools.r8.s.a.a.b.D::b (32 bytes)
Event: 13.822 Thread 0x00000249bb302000 nmethod 10300 0x00000249a5bb7390 code [0x00000249a5bb7540, 0x00000249a5bb7708]
Event: 13.822 Thread 0x00000249bb302000 10301       3       com.android.tools.r8.w.a.a.a.h.y::iterator (5 bytes)
Event: 13.822 Thread 0x00000249bb302000 nmethod 10301 0x00000249a5bb7810 code [0x00000249a5bb79c0, 0x00000249a5bb7b68]
Event: 13.826 Thread 0x00000249c0c34800 nmethod 10298 0x00000249ac22e410 code [0x00000249ac22e5c0, 0x00000249ac22e778]
Event: 13.826 Thread 0x00000249c0c34800 10302       4       com.android.tools.r8.s.a.a.b.M0::hasNext (217 bytes)

GC Heap History (20 events):
Event: 8.318 GC heap before
{Heap before GC invocations=12 (full 0):
 garbage-first heap   total 157696K, used 114097K [0x0000000080000000, 0x0000000100000000)
  region size 1024K, 67 young (68608K), 6 survivors (6144K)
 Metaspace       used 63076K, capacity 64640K, committed 64896K, reserved 1105920K
  class space    used 7997K, capacity 8553K, committed 8576K, reserved 1048576K
}
Event: 8.326 GC heap after
{Heap after GC invocations=13 (full 0):
 garbage-first heap   total 157696K, used 55324K [0x0000000080000000, 0x0000000100000000)
  region size 1024K, 5 young (5120K), 5 survivors (5120K)
 Metaspace       used 63076K, capacity 64640K, committed 64896K, reserved 1105920K
  class space    used 7997K, capacity 8553K, committed 8576K, reserved 1048576K
}
Event: 9.290 GC heap before
{Heap before GC invocations=13 (full 0):
 garbage-first heap   total 157696K, used 117788K [0x0000000080000000, 0x0000000100000000)
  region size 1024K, 66 young (67584K), 5 survivors (5120K)
 Metaspace       used 70741K, capacity 72335K, committed 72576K, reserved 1112064K
  class space    used 9175K, capacity 9760K, committed 9856K, reserved 1048576K
}
Event: 9.299 GC heap after
{Heap after GC invocations=14 (full 0):
 garbage-first heap   total 157696K, used 59624K [0x0000000080000000, 0x0000000100000000)
  region size 1024K, 5 young (5120K), 5 survivors (5120K)
 Metaspace       used 70741K, capacity 72335K, committed 72576K, reserved 1112064K
  class space    used 9175K, capacity 9760K, committed 9856K, reserved 1048576K
}
Event: 10.098 GC heap before
{Heap before GC invocations=14 (full 0):
 garbage-first heap   total 157696K, used 120040K [0x0000000080000000, 0x0000000100000000)
  region size 1024K, 64 young (65536K), 5 survivors (5120K)
 Metaspace       used 76303K, capacity 78058K, committed 78208K, reserved 1116160K
  class space    used 9951K, capacity 10583K, committed 10624K, reserved 1048576K
}
Event: 10.107 GC heap after
{Heap after GC invocations=15 (full 0):
 garbage-first heap   total 157696K, used 62991K [0x0000000080000000, 0x0000000100000000)
  region size 1024K, 8 young (8192K), 8 survivors (8192K)
 Metaspace       used 76303K, capacity 78058K, committed 78208K, reserved 1116160K
  class space    used 9951K, capacity 10583K, committed 10624K, reserved 1048576K
}
Event: 10.832 GC heap before
{Heap before GC invocations=15 (full 0):
 garbage-first heap   total 157696K, used 122383K [0x0000000080000000, 0x0000000100000000)
  region size 1024K, 67 young (68608K), 8 survivors (8192K)
 Metaspace       used 79396K, capacity 81260K, committed 81536K, reserved 1120256K
  class space    used 10340K, capacity 11026K, committed 11136K, reserved 1048576K
}
Event: 10.845 GC heap after
{Heap after GC invocations=16 (full 0):
 garbage-first heap   total 189440K, used 67481K [0x0000000080000000, 0x0000000100000000)
  region size 1024K, 8 young (8192K), 8 survivors (8192K)
 Metaspace       used 79396K, capacity 81260K, committed 81536K, reserved 1120256K
  class space    used 10340K, capacity 11026K, committed 11136K, reserved 1048576K
}
Event: 11.594 GC heap before
{Heap before GC invocations=16 (full 0):
 garbage-first heap   total 189440K, used 142233K [0x0000000080000000, 0x0000000100000000)
  region size 1024K, 82 young (83968K), 8 survivors (8192K)
 Metaspace       used 81116K, capacity 83070K, committed 83200K, reserved 1122304K
  class space    used 10523K, capacity 11213K, committed 11264K, reserved 1048576K
}
Event: 11.606 GC heap after
{Heap after GC invocations=17 (full 0):
 garbage-first heap   total 189440K, used 71965K [0x0000000080000000, 0x0000000100000000)
  region size 1024K, 9 young (9216K), 9 survivors (9216K)
 Metaspace       used 81116K, capacity 83070K, committed 83200K, reserved 1122304K
  class space    used 10523K, capacity 11213K, committed 11264K, reserved 1048576K
}
Event: 12.138 GC heap before
{Heap before GC invocations=17 (full 0):
 garbage-first heap   total 189440K, used 153885K [0x0000000080000000, 0x0000000100000000)
  region size 1024K, 82 young (83968K), 9 survivors (9216K)
 Metaspace       used 85130K, capacity 87186K, committed 87424K, reserved 1124352K
  class space    used 11040K, capacity 11779K, committed 11904K, reserved 1048576K
}
Event: 12.149 GC heap after
{Heap after GC invocations=18 (full 0):
 garbage-first heap   total 189440K, used 85656K [0x0000000080000000, 0x0000000100000000)
  region size 1024K, 10 young (10240K), 10 survivors (10240K)
 Metaspace       used 85130K, capacity 87186K, committed 87424K, reserved 1124352K
  class space    used 11040K, capacity 11779K, committed 11904K, reserved 1048576K
}
Event: 12.254 GC heap before
{Heap before GC invocations=18 (full 0):
 garbage-first heap   total 189440K, used 106136K [0x0000000080000000, 0x0000000100000000)
  region size 1024K, 21 young (21504K), 10 survivors (10240K)
 Metaspace       used 86265K, capacity 88372K, committed 88576K, reserved 1126400K
  class space    used 11191K, capacity 11964K, committed 12032K, reserved 1048576K
}
Event: 12.268 GC heap after
{Heap after GC invocations=19 (full 0):
 garbage-first heap   total 189440K, used 93444K [0x0000000080000000, 0x0000000100000000)
  region size 1024K, 3 young (3072K), 3 survivors (3072K)
 Metaspace       used 86265K, capacity 88372K, committed 88576K, reserved 1126400K
  class space    used 11191K, capacity 11964K, committed 12032K, reserved 1048576K
}
Event: 12.634 GC heap before
{Heap before GC invocations=20 (full 0):
 garbage-first heap   total 189440K, used 138500K [0x0000000080000000, 0x0000000100000000)
  region size 1024K, 43 young (44032K), 3 survivors (3072K)
 Metaspace       used 86924K, capacity 88930K, committed 89472K, reserved 1126400K
  class space    used 11248K, capacity 11963K, committed 12160K, reserved 1048576K
}
Event: 12.653 GC heap after
{Heap after GC invocations=21 (full 0):
 garbage-first heap   total 227328K, used 111196K [0x0000000080000000, 0x0000000100000000)
  region size 1024K, 7 young (7168K), 7 survivors (7168K)
 Metaspace       used 86924K, capacity 88930K, committed 89472K, reserved 1126400K
  class space    used 11248K, capacity 11963K, committed 12160K, reserved 1048576K
}
Event: 13.118 GC heap before
{Heap before GC invocations=22 (full 0):
 garbage-first heap   total 227328K, used 163420K [0x0000000080000000, 0x0000000100000000)
  region size 1024K, 58 young (59392K), 7 survivors (7168K)
 Metaspace       used 88878K, capacity 90896K, committed 91264K, reserved 1128448K
  class space    used 11598K, capacity 12315K, committed 12416K, reserved 1048576K
}
Event: 13.155 GC heap after
{Heap after GC invocations=23 (full 0):
 garbage-first heap   total 227328K, used 137831K [0x0000000080000000, 0x0000000100000000)
  region size 1024K, 8 young (8192K), 8 survivors (8192K)
 Metaspace       used 88878K, capacity 90896K, committed 91264K, reserved 1128448K
  class space    used 11598K, capacity 12315K, committed 12416K, reserved 1048576K
}
Event: 13.537 GC heap before
{Heap before GC invocations=23 (full 0):
 garbage-first heap   total 227328K, used 171623K [0x0000000080000000, 0x0000000100000000)
  region size 1024K, 41 young (41984K), 8 survivors (8192K)
 Metaspace       used 90409K, capacity 92410K, committed 92800K, reserved 1130496K
  class space    used 11804K, capacity 12533K, committed 12672K, reserved 1048576K
}
Event: 13.579 GC heap after
{Heap after GC invocations=24 (full 0):
 garbage-first heap   total 227328K, used 155089K [0x0000000080000000, 0x0000000100000000)
  region size 1024K, 6 young (6144K), 6 survivors (6144K)
 Metaspace       used 90409K, capacity 92410K, committed 92800K, reserved 1130496K
  class space    used 11804K, capacity 12533K, committed 12672K, reserved 1048576K
}

Deoptimization events (20 events):
Event: 13.034 Thread 0x00000249c476a000 Uncommon trap: reason=profile_predicate action=maybe_recompile pc=0x00000249ac1de38c method=com.android.tools.r8.graph.o0.a(Lcom/android/tools/r8/graph/o0;)I @ 45 c2
Event: 13.034 Thread 0x00000249c476a000 DEOPT PACKING pc=0x00000249ac1de38c sp=0x000000cacc3feff0
Event: 13.034 Thread 0x00000249c476a000 DEOPT UNPACKING pc=0x00000249a41b74af sp=0x000000cacc3fee60 mode 2
Event: 13.034 Thread 0x00000249c4811800 Uncommon trap: reason=profile_predicate action=maybe_recompile pc=0x00000249ac1de38c method=com.android.tools.r8.graph.o0.a(Lcom/android/tools/r8/graph/o0;)I @ 45 c2
Event: 13.037 Thread 0x00000249c4811800 DEOPT PACKING pc=0x00000249ac1de38c sp=0x000000cacc7fea30
Event: 13.037 Thread 0x00000249c4811800 DEOPT UNPACKING pc=0x00000249a41b74af sp=0x000000cacc7fe8a0 mode 2
Event: 13.094 Thread 0x00000249c4811800 DEOPT PACKING pc=0x00000249a5b2d453 sp=0x000000cacc7fe480
Event: 13.094 Thread 0x00000249c4811800 DEOPT UNPACKING pc=0x00000249a41b72ce sp=0x000000cacc7fd9d8 mode 0
Event: 13.720 Thread 0x00000249c4763800 Uncommon trap: trap_request=0xffffff4d fr.pc=0x00000249ac1c2590 relative=0x0000000000000f10
Event: 13.720 Thread 0x00000249c4763800 Uncommon trap: reason=unstable_if action=reinterpret pc=0x00000249ac1c2590 method=com.android.tools.r8.s.a.b.l.d.a(Ljava/lang/Object;Z)Lcom/android/tools/r8/s/a/b/l/f; @ 84 c2
Event: 13.720 Thread 0x00000249c4763800 DEOPT PACKING pc=0x00000249ac1c2590 sp=0x000000cacbcfda70
Event: 13.720 Thread 0x00000249c4763800 DEOPT UNPACKING pc=0x00000249a41b74af sp=0x000000cacbcfda20 mode 2
Event: 13.814 Thread 0x00000249c4814800 Uncommon trap: trap_request=0xffffff4d fr.pc=0x00000249ac225c6c relative=0x0000000000000c4c
Event: 13.814 Thread 0x00000249c476e000 Uncommon trap: trap_request=0xffffff4d fr.pc=0x00000249ac225c6c relative=0x0000000000000c4c
Event: 13.814 Thread 0x00000249c4814800 Uncommon trap: reason=unstable_if action=reinterpret pc=0x00000249ac225c6c method=com.android.tools.r8.s.a.a.b.M0.hasNext()Z @ 52 c2
Event: 13.814 Thread 0x00000249c476e000 Uncommon trap: reason=unstable_if action=reinterpret pc=0x00000249ac225c6c method=com.android.tools.r8.s.a.a.b.M0.hasNext()Z @ 52 c2
Event: 13.814 Thread 0x00000249c4814800 DEOPT PACKING pc=0x00000249ac225c6c sp=0x000000cacc8fed50
Event: 13.814 Thread 0x00000249c476e000 DEOPT PACKING pc=0x00000249ac225c6c sp=0x000000cacc6fecb0
Event: 13.814 Thread 0x00000249c4814800 DEOPT UNPACKING pc=0x00000249a41b74af sp=0x000000cacc8fed30 mode 2
Event: 13.814 Thread 0x00000249c476e000 DEOPT UNPACKING pc=0x00000249a41b74af sp=0x000000cacc6fec90 mode 2

Classes redefined (0 events):
No events

Internal exceptions (20 events):
Event: 12.135 Thread 0x00000249bfd95800 Exception <a 'java/lang/NoSuchMethodError'{0x00000000870d4ab0}: 'int java.lang.invoke.DirectMethodHandle$Holder.invokeVirtual(java.lang.Object, java.lang.Object)'> (0x00000000870d4ab0) thrown at [./src/hotspot/share/interpreter/linkResolver.cpp, line 773]
Event: 12.174 Thread 0x00000249c4763800 Exception <a 'java/lang/NoSuchMethodError'{0x000000008b637c90}: 'int java.lang.invoke.DirectMethodHandle$Holder.invokeVirtual(java.lang.Object, java.lang.Object, java.lang.Object)'> (0x000000008b637c90) thrown at [./src/hotspot/share/interpreter/linkResolver.cpp, line 773]
Event: 12.231 Thread 0x00000249c4763800 Exception <a 'java/lang/NoSuchMethodError'{0x000000008b14ee38}: 'java.lang.Object java.lang.invoke.DirectMethodHandle$Holder.invokeStatic(java.lang.Object, java.lang.Object, java.lang.Object, java.lang.Object, java.lang.Object, java.lang.Object, java.lang.Object, java.lang.Object, java.lang.Object, java.lang.Object, java.lang.Object, java.lang.Object, java.lang.Object, java.lang.Object, java.lang.Object, java.lang.Object, java.lang.Object, int, java.lang.Object)'> (0x000000008b14ee38) thrown at [./src/hots
Event: 12.231 Thread 0x00000249c4763800 Exception <a 'java/lang/NoSuchMethodError'{0x000000008b154488}: 'java.lang.Object java.lang.invoke.DirectMethodHandle$Holder.invokeStaticInit(java.lang.Object, java.lang.Object, java.lang.Object, java.lang.Object, java.lang.Object, java.lang.Object, java.lang.Object, java.lang.Object, java.lang.Object, java.lang.Object, java.lang.Object, java.lang.Object, java.lang.Object, java.lang.Object, java.lang.Object, java.lang.Object, java.lang.Object, int, java.lang.Object)'> (0x000000008b154488) thrown at [./src/
Event: 12.375 Thread 0x00000249c4762800 Exception <a 'java/lang/NoSuchMethodError'{0x000000008aad5168}: 'void java.lang.invoke.DirectMethodHandle$Holder.invokeStatic(java.lang.Object, long)'> (0x000000008aad5168) thrown at [./src/hotspot/share/interpreter/linkResolver.cpp, line 773]
Event: 12.376 Thread 0x00000249c4762800 Exception <a 'java/lang/NoSuchMethodError'{0x000000008aada380}: 'java.lang.Object java.lang.invoke.DirectMethodHandle$Holder.invokeStatic(java.lang.Object, long)'> (0x000000008aada380) thrown at [./src/hotspot/share/interpreter/linkResolver.cpp, line 773]
Event: 12.378 Thread 0x00000249c4762800 Exception <a 'java/lang/NoSuchMethodError'{0x000000008a81b130}: 'java.lang.Object java.lang.invoke.DirectMethodHandle$Holder.invokeStaticInit(java.lang.Object, java.lang.Object, long, java.lang.Object)'> (0x000000008a81b130) thrown at [./src/hotspot/share/interpreter/linkResolver.cpp, line 773]
Event: 12.378 Thread 0x00000249c4762800 Exception <a 'java/lang/NoSuchMethodError'{0x000000008a8212c8}: 'java.lang.Object java.lang.invoke.DirectMethodHandle$Holder.invokeStatic(java.lang.Object, java.lang.Object, long)'> (0x000000008a8212c8) thrown at [./src/hotspot/share/interpreter/linkResolver.cpp, line 773]
Event: 12.379 Thread 0x00000249c4762800 Exception <a 'java/lang/NoSuchMethodError'{0x000000008a827840}: 'java.lang.Object java.lang.invoke.Invokers$Holder.linkToTargetMethod(java.lang.Object, long, java.lang.Object)'> (0x000000008a827840) thrown at [./src/hotspot/share/interpreter/linkResolver.cpp, line 773]
Event: 12.549 Thread 0x00000249c4762800 Exception <a 'java/lang/NoSuchMethodError'{0x000000008992aca8}: 'int java.lang.invoke.DirectMethodHandle$Holder.invokeSpecialIFC(java.lang.Object, java.lang.Object, java.lang.Object)'> (0x000000008992aca8) thrown at [./src/hotspot/share/interpreter/linkResolver.cpp, line 773]
Event: 12.754 Thread 0x00000249c476d800 Exception <a 'java/lang/NoSuchMethodError'{0x000000008d5190d0}: 'java.lang.Object java.lang.invoke.DirectMethodHandle$Holder.newInvokeSpecial(java.lang.Object, int)'> (0x000000008d5190d0) thrown at [./src/hotspot/share/interpreter/linkResolver.cpp, line 773]
Event: 13.385 Thread 0x00000249c4763800 Exception <a 'java/lang/NoSuchMethodError'{0x000000008c18a6a0}: 'void java.lang.invoke.DirectMethodHandle$Holder.invokeStatic(java.lang.Object, java.lang.Object, java.lang.Object, int)'> (0x000000008c18a6a0) thrown at [./src/hotspot/share/interpreter/linkResolver.cpp, line 773]
Event: 13.386 Thread 0x00000249c4763800 Exception <a 'java/lang/IncompatibleClassChangeError'{0x000000008c192658}: Found class java.lang.Object, but interface was expected> (0x000000008c192658) thrown at [./src/hotspot/share/interpreter/linkResolver.cpp, line 839]
Event: 13.520 Thread 0x00000249c4763800 Exception <a 'java/lang/NoSuchMethodError'{0x000000008bd63bc0}: 'void java.lang.invoke.DirectMethodHandle$Holder.invokeStaticInit(java.lang.Object, java.lang.Object, java.lang.Object, java.lang.Object, java.lang.Object)'> (0x000000008bd63bc0) thrown at [./src/hotspot/share/interpreter/linkResolver.cpp, line 773]
Event: 13.531 Thread 0x00000249c4763800 Exception <a 'java/lang/NoSuchMethodError'{0x000000008bdc3a78}: 'long java.lang.invoke.DirectMethodHandle$Holder.invokeStatic(java.lang.Object, java.lang.Object)'> (0x000000008bdc3a78) thrown at [./src/hotspot/share/interpreter/linkResolver.cpp, line 773]
Event: 13.583 Thread 0x00000249c4811800 Exception <a 'java/lang/NoSuchMethodError'{0x000000008dd811b8}: 'void java.lang.invoke.DirectMethodHandle$Holder.invokeSpecial(java.lang.Object, java.lang.Object, int, java.lang.Object)'> (0x000000008dd811b8) thrown at [./src/hotspot/share/interpreter/linkResolver.cpp, line 773]
Event: 13.762 Thread 0x00000249c4763800 Exception <a 'java/lang/NoSuchMethodError'{0x000000008d24b670}: 'java.lang.Object java.lang.invoke.DirectMethodHandle$Holder.invokeSpecial(java.lang.Object, java.lang.Object, java.lang.Object, java.lang.Object, java.lang.Object, java.lang.Object, java.lang.Object, java.lang.Object, java.lang.Object, java.lang.Object)'> (0x000000008d24b670) thrown at [./src/hotspot/share/interpreter/linkResolver.cpp, line 773]
Event: 13.766 Thread 0x00000249c4763800 Exception <a 'java/lang/NoSuchMethodError'{0x000000008d24f760}: 'java.lang.Object java.lang.invoke.Invokers$Holder.linkToTargetMethod(java.lang.Object, java.lang.Object, java.lang.Object, java.lang.Object, java.lang.Object, java.lang.Object, java.lang.Object, java.lang.Object, java.lang.Object)'> (0x000000008d24f760) thrown at [./src/hotspot/share/interpreter/linkResolver.cpp, line 773]
Event: 13.814 Thread 0x00000249c4814800 Implicit null exception at 0x00000249ac2250ca to 0x00000249ac225c60
Event: 13.814 Thread 0x00000249c476e000 Implicit null exception at 0x00000249ac2250ca to 0x00000249ac225c60

Events (20 events):
Event: 13.780 loading class com/android/tools/r8/dex/h
Event: 13.780 loading class com/android/tools/r8/dex/h done
Event: 13.781 loading class com/android/tools/r8/dex/g
Event: 13.781 loading class com/android/tools/r8/dex/g done
Event: 13.781 loading class com/android/tools/r8/naming/J
Event: 13.781 loading class com/android/tools/r8/naming/J done
Event: 13.781 loading class com/android/tools/r8/naming/I$c
Event: 13.781 loading class com/android/tools/r8/naming/I$c done
Event: 13.782 loading class com/android/tools/r8/s/a/b/e
Event: 13.782 loading class com/android/tools/r8/s/a/b/e done
Event: 13.782 loading class com/android/tools/r8/s/a/b/e
Event: 13.782 loading class com/android/tools/r8/s/a/b/e done
Event: 13.783 loading class com/android/tools/r8/s/a/b/m/c
Event: 13.783 loading class com/android/tools/r8/s/a/b/m/c done
Event: 13.812 loading class com/android/tools/r8/graph/n0
Event: 13.812 loading class com/android/tools/r8/graph/n0 done
Event: 13.812 loading class com/android/tools/r8/graph/n0
Event: 13.812 loading class com/android/tools/r8/graph/n0 done
Event: 13.812 loading class com/android/tools/r8/dex/b
Event: 13.812 loading class com/android/tools/r8/dex/b done


Dynamic libraries:
0x00007ff73c920000 - 0x00007ff73c92a000 	C:\Users\Dark Knight\Desktop\Android Studio\jre\bin\java.exe
0x00007ff9b2730000 - 0x00007ff9b2925000 	C:\WINDOWS\SYSTEM32\ntdll.dll
0x00007ff9b1dc0000 - 0x00007ff9b1e7e000 	C:\WINDOWS\System32\KERNEL32.DLL
0x00007ff9b0250000 - 0x00007ff9b0518000 	C:\WINDOWS\System32\KERNELBASE.dll
0x00007ff9b0150000 - 0x00007ff9b0250000 	C:\WINDOWS\System32\ucrtbase.dll
0x00007ff9a7300000 - 0x00007ff9a7317000 	C:\Users\Dark Knight\Desktop\Android Studio\jre\bin\VCRUNTIME140.dll
0x00007ff9a75c0000 - 0x00007ff9a75d9000 	C:\Users\Dark Knight\Desktop\Android Studio\jre\bin\jli.dll
0x00007ff9b09e0000 - 0x00007ff9b0b81000 	C:\WINDOWS\System32\USER32.dll
0x00007ff9affa0000 - 0x00007ff9affc2000 	C:\WINDOWS\System32\win32u.dll
0x00007ff9b2010000 - 0x00007ff9b203b000 	C:\WINDOWS\System32\GDI32.dll
0x00007ff99a6f0000 - 0x00007ff99a98a000 	C:\WINDOWS\WinSxS\amd64_microsoft.windows.common-controls_6595b64144ccf1df_6.0.19041.1110_none_60b5254171f9507e\COMCTL32.dll
0x00007ff9b0660000 - 0x00007ff9b076d000 	C:\WINDOWS\System32\gdi32full.dll
0x00007ff9b1300000 - 0x00007ff9b139e000 	C:\WINDOWS\System32\msvcrt.dll
0x00007ff9b0000000 - 0x00007ff9b009d000 	C:\WINDOWS\System32\msvcp_win.dll
0x00007ff9b2170000 - 0x00007ff9b21a0000 	C:\WINDOWS\System32\IMM32.DLL
0x00007ff97b080000 - 0x00007ff97b11d000 	C:\Users\Dark Knight\Desktop\Android Studio\jre\bin\msvcp140.dll
0x00007ff93b770000 - 0x00007ff93c22c000 	C:\Users\Dark Knight\Desktop\Android Studio\jre\bin\server\jvm.dll
0x00007ff9b25b0000 - 0x00007ff9b265c000 	C:\WINDOWS\System32\ADVAPI32.dll
0x00007ff9b1af0000 - 0x00007ff9b1b8b000 	C:\WINDOWS\System32\sechost.dll
0x00007ff9b1120000 - 0x00007ff9b124a000 	C:\WINDOWS\System32\RPCRT4.dll
0x00007ff9b0b90000 - 0x00007ff9b0b98000 	C:\WINDOWS\System32\PSAPI.DLL
0x00007ff99c0d0000 - 0x00007ff99c0f7000 	C:\WINDOWS\SYSTEM32\WINMM.dll
0x00007ff9a54c0000 - 0x00007ff9a54c9000 	C:\WINDOWS\SYSTEM32\WSOCK32.dll
0x00007ff9a54b0000 - 0x00007ff9a54ba000 	C:\WINDOWS\SYSTEM32\VERSION.dll
0x00007ff9b1fa0000 - 0x00007ff9b200b000 	C:\WINDOWS\System32\WS2_32.dll
0x00007ff9ae6c0000 - 0x00007ff9ae6d2000 	C:\WINDOWS\SYSTEM32\kernel.appcore.dll
0x00007ff9a8e30000 - 0x00007ff9a8e41000 	C:\Users\Dark Knight\Desktop\Android Studio\jre\bin\verify.dll
0x00007ff9adae0000 - 0x00007ff9adcc4000 	C:\WINDOWS\SYSTEM32\DBGHELP.DLL
0x00007ff9982c0000 - 0x00007ff9982ec000 	C:\WINDOWS\SYSTEM32\dbgcore.DLL
0x00007ff9b05d0000 - 0x00007ff9b0652000 	C:\WINDOWS\System32\bcryptPrimitives.dll
0x00007ff99ed10000 - 0x00007ff99ed39000 	C:\Users\Dark Knight\Desktop\Android Studio\jre\bin\java.dll
0x00007ff9ab890000 - 0x00007ff9ab89b000 	C:\Users\Dark Knight\Desktop\Android Studio\jre\bin\jimage.dll
0x00007ff9a7400000 - 0x00007ff9a7418000 	C:\Users\Dark Knight\Desktop\Android Studio\jre\bin\zip.dll
0x00007ff9b13a0000 - 0x00007ff9b1ae4000 	C:\WINDOWS\System32\SHELL32.dll
0x00007ff9adf10000 - 0x00007ff9ae6a4000 	C:\WINDOWS\SYSTEM32\windows.storage.dll
0x00007ff9b21a0000 - 0x00007ff9b24f5000 	C:\WINDOWS\System32\combase.dll
0x00007ff9af7c0000 - 0x00007ff9af7ee000 	C:\WINDOWS\SYSTEM32\Wldp.dll
0x00007ff9b1250000 - 0x00007ff9b12fd000 	C:\WINDOWS\System32\SHCORE.dll
0x00007ff9b0770000 - 0x00007ff9b07c5000 	C:\WINDOWS\System32\shlwapi.dll
0x00007ff9afd80000 - 0x00007ff9afd9f000 	C:\WINDOWS\SYSTEM32\profapi.dll
0x00007ff99e660000 - 0x00007ff99e67a000 	C:\Users\Dark Knight\Desktop\Android Studio\jre\bin\net.dll
0x00007ff99e9a0000 - 0x00007ff99eaac000 	C:\WINDOWS\SYSTEM32\WINHTTP.dll
0x00007ff9af520000 - 0x00007ff9af58a000 	C:\WINDOWS\system32\mswsock.dll
0x00007ff99e520000 - 0x00007ff99e534000 	C:\Users\Dark Knight\Desktop\Android Studio\jre\bin\nio.dll
0x00007ff9a75e0000 - 0x00007ff9a7607000 	C:\Users\Dark Knight\.gradle\native\fdc75f09e3144964f2cf3f50f0aa648679c211496f362492102eb8c894070792\windows-amd64\native-platform.dll
0x00007ff96dac0000 - 0x00007ff96dc56000 	C:\Users\Dark Knight\.gradle\native\12488b8bf47d2d4c9fbf2f6322a914ad602e24e48041cd04a747c6da556b65c4\windows-amd64\native-platform-file-events.dll
0x00007ff9ab1e0000 - 0x00007ff9ab1ea000 	C:\Users\Dark Knight\Desktop\Android Studio\jre\bin\management.dll
0x00007ff9ab190000 - 0x00007ff9ab19c000 	C:\Users\Dark Knight\Desktop\Android Studio\jre\bin\management_ext.dll
0x00007ff9af710000 - 0x00007ff9af728000 	C:\WINDOWS\SYSTEM32\CRYPTSP.dll
0x00007ff9aeea0000 - 0x00007ff9aeed4000 	C:\WINDOWS\system32\rsaenh.dll
0x00007ff9affd0000 - 0x00007ff9afff7000 	C:\WINDOWS\System32\bcrypt.dll
0x00007ff9afd40000 - 0x00007ff9afd6e000 	C:\WINDOWS\SYSTEM32\USERENV.dll
0x00007ff9af730000 - 0x00007ff9af73c000 	C:\WINDOWS\SYSTEM32\CRYPTBASE.dll
0x00007ff9af210000 - 0x00007ff9af24b000 	C:\WINDOWS\SYSTEM32\IPHLPAPI.DLL
0x00007ff9b1ba0000 - 0x00007ff9b1ba8000 	C:\WINDOWS\System32\NSI.dll
0x00007ff9a14e0000 - 0x00007ff9a14f7000 	C:\WINDOWS\SYSTEM32\dhcpcsvc6.DLL
0x00007ff9a15f0000 - 0x00007ff9a160d000 	C:\WINDOWS\SYSTEM32\dhcpcsvc.DLL
0x00007ff9af250000 - 0x00007ff9af31b000 	C:\WINDOWS\SYSTEM32\DNSAPI.dll
0x00007ff9a5000000 - 0x00007ff9a500b000 	C:\WINDOWS\SYSTEM32\WINNSI.DLL

dbghelp: loaded successfully - version: 4.0.5 - missing functions: none
symbol engine: initialized successfully - sym options: 0x614 - pdb path: .;C:\Users\Dark Knight\Desktop\Android Studio\jre\bin;C:\WINDOWS\SYSTEM32;C:\WINDOWS\WinSxS\amd64_microsoft.windows.common-controls_6595b64144ccf1df_6.0.19041.1110_none_60b5254171f9507e;C:\Users\Dark Knight\Desktop\Android Studio\jre\bin\server;C:\Users\Dark Knight\.gradle\native\fdc75f09e3144964f2cf3f50f0aa648679c211496f362492102eb8c894070792\windows-amd64;C:\Users\Dark Knight\.gradle\native\12488b8bf47d2d4c9fbf2f6322a914ad602e24e48041cd04a747c6da556b65c4\windows-amd64

VM Arguments:
jvm_args: --add-opens=java.base/java.util=ALL-UNNAMED --add-opens=java.base/java.lang=ALL-UNNAMED --add-opens=java.base/java.lang.invoke=ALL-UNNAMED --add-opens=java.prefs/java.util.prefs=ALL-UNNAMED -Xmx2048m -Dfile.encoding=UTF-8 -Duser.country=IN -Duser.language=en -Duser.variant 
java_command: org.gradle.launcher.daemon.bootstrap.GradleDaemon 6.7.1
java_class_path (initial): C:\Users\Dark Knight\.gradle\wrapper\dists\gradle-6.7.1-bin\bwlcbys1h7rz3272sye1xwiv6\gradle-6.7.1\lib\gradle-launcher-6.7.1.jar
Launcher Type: SUN_STANDARD

[Global flags]
     intx CICompilerCount                          = 4                                         {product} {ergonomic}
     uint ConcGCThreads                            = 2                                         {product} {ergonomic}
     uint G1ConcRefinementThreads                  = 8                                         {product} {ergonomic}
   size_t G1HeapRegionSize                         = 1048576                                   {product} {ergonomic}
    uintx GCDrainStackTargetSize                   = 64                                        {product} {ergonomic}
   size_t InitialHeapSize                          = 134217728                                 {product} {ergonomic}
   size_t MarkStackSize                            = 4194304                                   {product} {ergonomic}
   size_t MaxHeapSize                              = 2147483648                                {product} {command line}
   size_t MaxNewSize                               = 1287651328                                {product} {ergonomic}
   size_t MinHeapDeltaBytes                        = 1048576                                   {product} {ergonomic}
    uintx NonNMethodCodeHeapSize                   = 5836300                                {pd product} {ergonomic}
    uintx NonProfiledCodeHeapSize                  = 122910970                              {pd product} {ergonomic}
    uintx ProfiledCodeHeapSize                     = 122910970                              {pd product} {ergonomic}
    uintx ReservedCodeCacheSize                    = 251658240                              {pd product} {ergonomic}
     bool SegmentedCodeCache                       = true                                      {product} {ergonomic}
     bool UseCompressedClassPointers               = true                                 {lp64_product} {ergonomic}
     bool UseCompressedOops                        = true                                 {lp64_product} {ergonomic}
     bool UseG1GC                                  = true                                      {product} {ergonomic}
     bool UseLargePagesIndividualAllocation        = false                                  {pd product} {ergonomic}

Logging:
Log output configuration:
 #0: stdout all=warning uptime,level,tags
 #1: stderr all=off uptime,level,tags

Environment Variables:
PATH=C:\Windows\system32;C:\Windows;C:\Windows\System32\Wbem;C:\Windows\System32\WindowsPowerShell\v1.0\;C:\Windows\System32\OpenSSH\;C:\Program Files (x86)\NVIDIA Corporation\PhysX\Common;C:\Program Files\NVIDIA Corporation\NVIDIA NvDLISR;C:\WINDOWS\system32;C:\WINDOWS;C:\WINDOWS\System32\Wbem;C:\WINDOWS\System32\WindowsPowerShell\v1.0\;C:\WINDOWS\System32\OpenSSH\;C:\MinGW\bin;C:\Program Files\MEGA-X;C:\WINDOWS\system32;C:\WINDOWS;C:\WINDOWS\System32\Wbem;C:\WINDOWS\System32\WindowsPowerShell\v1.0\;C:\WINDOWS\System32\OpenSSH\;C:\Program Files\Git\cmd;C:\Users\Dark Knight\AppData\Local\Microsoft\WindowsApps;C:\Users\Dark Knight\AppData\Local\atom\bin;C:\MinGW\bin;C:\Program Files (x86)\Microsoft Visual Studio\2019\BuildTools\MSBuild\Current\Bin;C:\Users\Dark Knight\AppData\Local\Microsoft\WindowsApps
USERNAME=Dark Knight
OS=Windows_NT
PROCESSOR_IDENTIFIER=Intel64 Family 6 Model 158 Stepping 10, GenuineIntel



---------------  S Y S T E M  ---------------

OS: Windows 10 , 64 bit Build 19041 (10.0.19041.1348)
OS uptime: 4 days 13:16 hours

CPU:total 8 (initial active 8) (4 cores per cpu, 2 threads per core) family 6 model 158 stepping 10, cmov, cx8, fxsr, mmx, sse, sse2, sse3, ssse3, sse4.1, sse4.2, popcnt, avx, avx2, aes, clmul, erms, 3dnowpref, lzcnt, ht, tsc, tscinvbit, bmi1, bmi2, adx, fma

Memory: 4k page, system-wide physical 8072M (521M free)
TotalPageFile size 12168M (AvailPageFile size 5M)
current process WorkingSet (physical memory assigned to process): 497M, peak: 497M
current process commit charge ("private bytes"): 539M, peak: 540M

vm_info: OpenJDK 64-Bit Server VM (11.0.8+10-b944.6842174) for windows-amd64 JRE (11.0.8+10-b944.6842174), built on Sep 19 2020 01:11:42 by "builder" with MS VC++ 14.0 (VS2015)

END.
