#
# There is insufficient memory for the Java Runtime Environment to continue.
# Native memory allocation (malloc) failed to allocate 1162976 bytes for Chunk::new
# Possible reasons:
#   The system is out of physical RAM or swap space
#   The process is running with CompressedOops enabled, and the Java Heap may be blocking the growth of the native heap
# Possible solutions:
#   Reduce memory load on the system
#   Increase physical memory or swap space
#   Check if swap backing store is full
#   Decrease Java heap size (-Xmx/-Xms)
#   Decrease number of Java threads
#   Decrease Java thread stack sizes (-Xss)
#   Set larger code cache with -XX:ReservedCodeCacheSize=
#   JVM is running with Unscaled Compressed Oops mode in which the Java heap is
#     placed in the first 4GB address space. The Java Heap base address is the
#     maximum limit for the native heap growth. Please use -XX:HeapBaseMinAddress
#     to set the Java Heap base and to place the Java Heap above 4GB virtual address.
# This output file may be truncated or incomplete.
#
#  Out of Memory Error (./src/hotspot/share/memory/arena.cpp:197), pid=22632, tid=35244
#
# JRE version: OpenJDK Runtime Environment (11.0.8+10) (build 11.0.8+10-b944.6842174)
# Java VM: OpenJDK 64-Bit Server VM (11.0.8+10-b944.6842174, mixed mode, tiered, compressed oops, g1 gc, windows-amd64)
# No core dump will be written. Minidumps are not enabled by default on client versions of Windows
#

---------------  S U M M A R Y ------------

Command Line: --add-opens=java.base/java.util=ALL-UNNAMED --add-opens=java.base/java.lang=ALL-UNNAMED --add-opens=java.base/java.lang.invoke=ALL-UNNAMED --add-opens=java.prefs/java.util.prefs=ALL-UNNAMED -Xmx2048m -Dfile.encoding=UTF-8 -Duser.country=IN -Duser.language=en -Duser.variant org.gradle.launcher.daemon.bootstrap.GradleDaemon 6.7.1

Host: Intel(R) Core(TM) i5-9300H CPU @ 2.40GHz, 8 cores, 7G,  Windows 10 , 64 bit Build 19041 (10.0.19041.1348)
Time: Sun Dec 26 23:05:39 2021 India Standard Time elapsed time: 4 seconds (0d 0h 0m 4s)

---------------  T H R E A D  ---------------

Current thread (0x00000229c6376800):  JavaThread "C2 CompilerThread1" daemon [_thread_in_native, id=35244, stack(0x0000007a48400000,0x0000007a48500000)]


Current CompileTask:
C2:   4729 3103       4       org.objectweb.asm.Frame::execute (2318 bytes)

Stack: [0x0000007a48400000,0x0000007a48500000]
Native frames: (J=compiled Java code, j=interpreted, Vv=VM code, C=native code)
V  [jvm.dll+0x5de50a]
V  [jvm.dll+0x7122f5]
V  [jvm.dll+0x71384d]
V  [jvm.dll+0x713f03]
V  [jvm.dll+0x23e728]
V  [jvm.dll+0xb899c]
V  [jvm.dll+0xb8e9c]
V  [jvm.dll+0x2b20e4]
V  [jvm.dll+0x502098]
V  [jvm.dll+0x1ff393]
V  [jvm.dll+0x1f917c]
V  [jvm.dll+0x1f685f]
V  [jvm.dll+0x17f32c]
V  [jvm.dll+0x205047]
V  [jvm.dll+0x203891]
V  [jvm.dll+0x6dad3f]
V  [jvm.dll+0x6d3895]
V  [jvm.dll+0x5dd4a6]
C  [ucrtbase.dll+0x21bb2]
C  [KERNEL32.DLL+0x17034]
C  [ntdll.dll+0x52651]


---------------  P R O C E S S  ---------------

Threads class SMR info:
_java_thread_list=0x00000229c7ac34f0, length=52, elements={
0x00000229a908a800, 0x00000229c3390000, 0x00000229c3391800, 0x00000229c3d12800,
0x00000229c33a5000, 0x00000229c33a8800, 0x00000229c33ba800, 0x00000229c33bd800,
0x00000229c3e74800, 0x00000229c3e95000, 0x00000229c4f67000, 0x00000229c50d0800,
0x00000229c4081000, 0x00000229c3f79800, 0x00000229c53b0800, 0x00000229c578b000,
0x00000229c4e3d000, 0x00000229c55b4800, 0x00000229c5c45800, 0x00000229c5416800,
0x00000229c60bc800, 0x00000229c60b6800, 0x00000229c60bb800, 0x00000229c6376800,
0x00000229c60bd000, 0x00000229c60ba800, 0x00000229c60b8000, 0x00000229c60b7800,
0x00000229c60ba000, 0x00000229c60b9000, 0x00000229c7acd800, 0x00000229c7ad0000,
0x00000229c687b800, 0x00000229c7aca800, 0x00000229c7ace800, 0x00000229c7acc000,
0x00000229c7acf000, 0x00000229c7ad1000, 0x00000229c7acc800, 0x00000229c7acb000,
0x00000229c7ad4000, 0x00000229c7ad3800, 0x00000229c7ad1800, 0x00000229c7ad2800,
0x00000229c7ad9000, 0x00000229c7ad5000, 0x00000229c7ad7800, 0x00000229c7ad5800,
0x00000229c7ad8000, 0x00000229c7ad6800, 0x00000229c7bd2800, 0x00000229c7bd1800
}

Java Threads: ( => current thread )
  0x00000229a908a800 JavaThread "main" [_thread_blocked, id=36736, stack(0x0000007a45b00000,0x0000007a45c00000)]
  0x00000229c3390000 JavaThread "Reference Handler" daemon [_thread_blocked, id=33604, stack(0x0000007a46200000,0x0000007a46300000)]
  0x00000229c3391800 JavaThread "Finalizer" daemon [_thread_blocked, id=28192, stack(0x0000007a46300000,0x0000007a46400000)]
  0x00000229c3d12800 JavaThread "Signal Dispatcher" daemon [_thread_blocked, id=31976, stack(0x0000007a46400000,0x0000007a46500000)]
  0x00000229c33a5000 JavaThread "Attach Listener" daemon [_thread_blocked, id=15920, stack(0x0000007a46500000,0x0000007a46600000)]
  0x00000229c33a8800 JavaThread "C2 CompilerThread0" daemon [_thread_in_native, id=23060, stack(0x0000007a46600000,0x0000007a46700000)]
  0x00000229c33ba800 JavaThread "C1 CompilerThread0" daemon [_thread_blocked, id=33596, stack(0x0000007a46700000,0x0000007a46800000)]
  0x00000229c33bd800 JavaThread "Sweeper thread" daemon [_thread_blocked, id=33908, stack(0x0000007a46800000,0x0000007a46900000)]
  0x00000229c3e74800 JavaThread "Common-Cleaner" daemon [_thread_blocked, id=36372, stack(0x0000007a46900000,0x0000007a46a00000)]
  0x00000229c3e95000 JavaThread "Service Thread" daemon [_thread_blocked, id=34168, stack(0x0000007a46a00000,0x0000007a46b00000)]
  0x00000229c4f67000 JavaThread "Daemon health stats" [_thread_blocked, id=15524, stack(0x0000007a47000000,0x0000007a47100000)]
  0x00000229c50d0800 JavaThread "Incoming local TCP Connector on port 59411" [_thread_in_native, id=32008, stack(0x0000007a47100000,0x0000007a47200000)]
  0x00000229c4081000 JavaThread "Daemon periodic checks" [_thread_blocked, id=7164, stack(0x0000007a47200000,0x0000007a47300000)]
  0x00000229c3f79800 JavaThread "Daemon" [_thread_blocked, id=34528, stack(0x0000007a47300000,0x0000007a47400000)]
  0x00000229c53b0800 JavaThread "Handler for socket connection from /127.0.0.1:59411 to /127.0.0.1:59412" [_thread_in_native, id=12908, stack(0x0000007a47400000,0x0000007a47500000)]
  0x00000229c578b000 JavaThread "Cancel handler" [_thread_blocked, id=36352, stack(0x0000007a47500000,0x0000007a47600000)]
  0x00000229c4e3d000 JavaThread "Daemon worker" [_thread_in_Java, id=22892, stack(0x0000007a47600000,0x0000007a47700000)]
  0x00000229c55b4800 JavaThread "Asynchronous log dispatcher for DefaultDaemonConnection: socket connection from /127.0.0.1:59411 to /127.0.0.1:59412" [_thread_blocked, id=21588, stack(0x0000007a47700000,0x0000007a47800000)]
  0x00000229c5c45800 JavaThread "Stdin handler" [_thread_blocked, id=32380, stack(0x0000007a47800000,0x0000007a47900000)]
  0x00000229c5416800 JavaThread "Thread-8" [_thread_blocked, id=35072, stack(0x0000007a47900000,0x0000007a47a00000)]
  0x00000229c60bc800 JavaThread "Cache worker for file hash cache (C:\Users\Dark Knight\.gradle\caches\6.7.1\fileHashes)" [_thread_blocked, id=17196, stack(0x0000007a48000000,0x0000007a48100000)]
  0x00000229c60b6800 JavaThread "File lock request listener" [_thread_in_native, id=11520, stack(0x0000007a48100000,0x0000007a48200000)]
  0x00000229c60bb800 JavaThread "Cache worker for journal cache (C:\Users\Dark Knight\.gradle\caches\journal-1)" [_thread_blocked, id=32616, stack(0x0000007a48300000,0x0000007a48400000)]
=>0x00000229c6376800 JavaThread "C2 CompilerThread1" daemon [_thread_in_native, id=35244, stack(0x0000007a48400000,0x0000007a48500000)]
  0x00000229c60bd000 JavaThread "Cache worker for file hash cache (C:\Android Projects\Udemy TUTORIAL\.gradle\6.7.1\fileHashes)" [_thread_blocked, id=27684, stack(0x0000007a48500000,0x0000007a48600000)]
  0x00000229c60ba800 JavaThread "jar transforms" [_thread_blocked, id=35304, stack(0x0000007a48600000,0x0000007a48700000)]
  0x00000229c60b8000 JavaThread "jar transforms Thread 2" [_thread_blocked, id=18104, stack(0x0000007a48700000,0x0000007a48800000)]
  0x00000229c60b7800 JavaThread "jar transforms Thread 3" [_thread_blocked, id=25476, stack(0x0000007a48800000,0x0000007a48900000)]
  0x00000229c60ba000 JavaThread "jar transforms Thread 4" [_thread_blocked, id=13692, stack(0x0000007a48900000,0x0000007a48a00000)]
  0x00000229c60b9000 JavaThread "jar transforms Thread 5" [_thread_blocked, id=19764, stack(0x0000007a48a00000,0x0000007a48b00000)]
  0x00000229c7acd800 JavaThread "jar transforms Thread 6" [_thread_blocked, id=27044, stack(0x0000007a48b00000,0x0000007a48c00000)]
  0x00000229c7ad0000 JavaThread "jar transforms Thread 7" [_thread_blocked, id=26644, stack(0x0000007a48c00000,0x0000007a48d00000)]
  0x00000229c687b800 JavaThread "C2 CompilerThread2" daemon [_thread_in_native, id=20592, stack(0x0000007a48d00000,0x0000007a48e00000)]
  0x00000229c7aca800 JavaThread "jar transforms Thread 8" [_thread_blocked, id=33200, stack(0x0000007a48e00000,0x0000007a48f00000)]
  0x00000229c7ace800 JavaThread "jar transforms Thread 9" [_thread_blocked, id=15316, stack(0x0000007a48f00000,0x0000007a49000000)]
  0x00000229c7acc000 JavaThread "jar transforms Thread 10" [_thread_blocked, id=26128, stack(0x0000007a49000000,0x0000007a49100000)]
  0x00000229c7acf000 JavaThread "jar transforms Thread 11" [_thread_blocked, id=31572, stack(0x0000007a49100000,0x0000007a49200000)]
  0x00000229c7ad1000 JavaThread "jar transforms Thread 12" [_thread_blocked, id=17132, stack(0x0000007a49200000,0x0000007a49300000)]
  0x00000229c7acc800 JavaThread "jar transforms Thread 13" [_thread_blocked, id=23968, stack(0x0000007a49300000,0x0000007a49400000)]
  0x00000229c7acb000 JavaThread "jar transforms Thread 14" [_thread_blocked, id=4168, stack(0x0000007a49400000,0x0000007a49500000)]
  0x00000229c7ad4000 JavaThread "jar transforms Thread 15" [_thread_blocked, id=28360, stack(0x0000007a49500000,0x0000007a49600000)]
  0x00000229c7ad3800 JavaThread "jar transforms Thread 16" [_thread_blocked, id=31996, stack(0x0000007a49600000,0x0000007a49700000)]
  0x00000229c7ad1800 JavaThread "jar transforms Thread 17" [_thread_blocked, id=36272, stack(0x0000007a49700000,0x0000007a49800000)]
  0x00000229c7ad2800 JavaThread "jar transforms Thread 18" [_thread_blocked, id=23920, stack(0x0000007a49800000,0x0000007a49900000)]
  0x00000229c7ad9000 JavaThread "jar transforms Thread 19" [_thread_blocked, id=29108, stack(0x0000007a49900000,0x0000007a49a00000)]
  0x00000229c7ad5000 JavaThread "jar transforms Thread 20" [_thread_blocked, id=33832, stack(0x0000007a49a00000,0x0000007a49b00000)]
  0x00000229c7ad7800 JavaThread "jar transforms Thread 21" [_thread_blocked, id=11732, stack(0x0000007a49b00000,0x0000007a49c00000)]
  0x00000229c7ad5800 JavaThread "Cache worker for checksums cache (C:\Android Projects\Udemy TUTORIAL\.gradle\checksums)" [_thread_blocked, id=20612, stack(0x0000007a49c00000,0x0000007a49d00000)]
  0x00000229c7ad8000 JavaThread "Cache worker for cache directory md-supplier (C:\Users\Dark Knight\.gradle\caches\6.7.1\md-supplier)" [_thread_blocked, id=32424, stack(0x0000007a49d00000,0x0000007a49e00000)]
  0x00000229c7ad6800 JavaThread "Cache worker for cache directory md-rule (C:\Users\Dark Knight\.gradle\caches\6.7.1\md-rule)" [_thread_blocked, id=27020, stack(0x0000007a49e00000,0x0000007a49f00000)]
  0x00000229c7bd2800 JavaThread "Cache worker for execution history cache (C:\Users\Dark Knight\.gradle\caches\6.7.1\executionHistory)" [_thread_blocked, id=22284, stack(0x0000007a49f00000,0x0000007a4a000000)]
  0x00000229c7bd1800 JavaThread "Cache worker for file content cache (C:\Users\Dark Knight\.gradle\caches\6.7.1\fileContent)" [_thread_blocked, id=29284, stack(0x0000007a4a000000,0x0000007a4a100000)]

Other Threads:
  0x00000229c338e000 VMThread "VM Thread" [stack: 0x0000007a46100000,0x0000007a46200000] [id=17156]
  0x00000229c3e96000 WatcherThread [stack: 0x0000007a46b00000,0x0000007a46c00000] [id=32540]
  0x00000229a90a3800 GCTaskThread "GC Thread#0" [stack: 0x0000007a45c00000,0x0000007a45d00000] [id=35240]
  0x00000229c48cb800 GCTaskThread "GC Thread#1" [stack: 0x0000007a46e00000,0x0000007a46f00000] [id=36464]
  0x00000229c48b4800 GCTaskThread "GC Thread#2" [stack: 0x0000007a46f00000,0x0000007a47000000] [id=32804]
  0x00000229c5006800 GCTaskThread "GC Thread#3" [stack: 0x0000007a47a00000,0x0000007a47b00000] [id=32204]
  0x00000229c54e2800 GCTaskThread "GC Thread#4" [stack: 0x0000007a47b00000,0x0000007a47c00000] [id=3952]
  0x00000229c5881800 GCTaskThread "GC Thread#5" [stack: 0x0000007a47c00000,0x0000007a47d00000] [id=35200]
  0x00000229c5417800 GCTaskThread "GC Thread#6" [stack: 0x0000007a47d00000,0x0000007a47e00000] [id=23764]
  0x00000229c48ce800 GCTaskThread "GC Thread#7" [stack: 0x0000007a47e00000,0x0000007a47f00000] [id=36172]
  0x00000229a90d4000 ConcurrentGCThread "G1 Main Marker" [stack: 0x0000007a45d00000,0x0000007a45e00000] [id=30900]
  0x00000229a90d6800 ConcurrentGCThread "G1 Conc#0" [stack: 0x0000007a45e00000,0x0000007a45f00000] [id=18572]
  0x00000229c5643800 ConcurrentGCThread "G1 Conc#1" [stack: 0x0000007a48200000,0x0000007a48300000] [id=22216]
  0x00000229c31e0800 ConcurrentGCThread "G1 Refine#0" [stack: 0x0000007a45f00000,0x0000007a46000000] [id=31336]
  0x00000229c48e9000 ConcurrentGCThread "G1 Refine#1" [stack: 0x0000007a47f00000,0x0000007a48000000] [id=22572]
  0x00000229c31e1000 ConcurrentGCThread "G1 Young RemSet Sampling" [stack: 0x0000007a46000000,0x0000007a46100000] [id=18004]

Threads with active compile tasks:
C2 CompilerThread0   4768 3145   !   4       java.util.concurrent.ConcurrentHashMap::computeIfAbsent (576 bytes)
C1 CompilerThread0   4768 3170       3       java.util.concurrent.locks.AbstractQueuedSynchronizer$Node::compareAndSetWaitStatus (10 bytes)
C2 CompilerThread1   4768 3103       4       org.objectweb.asm.Frame::execute (2318 bytes)
C2 CompilerThread2   4768 3165   !   4       sun.nio.fs.WindowsPath::initOffsets (153 bytes)

VM state:not at safepoint (normal execution)

VM Mutex/Monitor currently owned by a thread: None

Heap address: 0x0000000080000000, size: 2048 MB, Compressed Oops mode: 32-bit
Narrow klass base: 0x0000000000000000, Narrow klass shift: 3
Compressed class space size: 1073741824 Address: 0x0000000100000000

Heap:
 garbage-first heap   total 131072K, used 74245K [0x0000000080000000, 0x0000000100000000)
  region size 1024K, 40 young (40960K), 2 survivors (2048K)
 Metaspace       used 39379K, capacity 40348K, committed 40444K, reserved 1085440K
  class space    used 5068K, capacity 5434K, committed 5504K, reserved 1048576K
Heap Regions: E=young(eden), S=young(survivor), O=old, HS=humongous(starts), HC=humongous(continues), CS=collection set, F=free, A=archive, TAMS=top-at-mark-start (previous, next)
|   0|0x0000000080000000, 0x0000000080100000, 0x0000000080100000|100%| O|  |TAMS 0x0000000080100000, 0x0000000080000000| Untracked 
|   1|0x0000000080100000, 0x0000000080200000, 0x0000000080200000|100%| O|  |TAMS 0x0000000080200000, 0x0000000080100000| Untracked 
|   2|0x0000000080200000, 0x0000000080300000, 0x0000000080300000|100%| O|  |TAMS 0x0000000080300000, 0x0000000080200000| Untracked 
|   3|0x0000000080300000, 0x0000000080400000, 0x0000000080400000|100%|HS|  |TAMS 0x0000000080400000, 0x0000000080300000| Complete 
|   4|0x0000000080400000, 0x0000000080500000, 0x0000000080500000|100%|HC|  |TAMS 0x0000000080500000, 0x0000000080400000| Complete 
|   5|0x0000000080500000, 0x0000000080600000, 0x0000000080600000|100%|HC|  |TAMS 0x0000000080600000, 0x0000000080500000| Complete 
|   6|0x0000000080600000, 0x0000000080700000, 0x0000000080700000|100%| O|  |TAMS 0x0000000080700000, 0x0000000080600000| Untracked 
|   7|0x0000000080700000, 0x0000000080800000, 0x0000000080800000|100%| O|  |TAMS 0x0000000080800000, 0x0000000080700000| Untracked 
|   8|0x0000000080800000, 0x0000000080900000, 0x0000000080900000|100%| O|  |TAMS 0x0000000080900000, 0x0000000080800000| Untracked 
|   9|0x0000000080900000, 0x0000000080a00000, 0x0000000080a00000|100%| O|  |TAMS 0x0000000080a00000, 0x0000000080900000| Untracked 
|  10|0x0000000080a00000, 0x0000000080b00000, 0x0000000080b00000|100%| O|  |TAMS 0x0000000080b00000, 0x0000000080a00000| Untracked 
|  11|0x0000000080b00000, 0x0000000080c00000, 0x0000000080c00000|100%| O|  |TAMS 0x0000000080c00000, 0x0000000080b00000| Untracked 
|  12|0x0000000080c00000, 0x0000000080d00000, 0x0000000080d00000|100%| O|  |TAMS 0x0000000080d00000, 0x0000000080c00000| Untracked 
|  13|0x0000000080d00000, 0x0000000080e00000, 0x0000000080e00000|100%| O|  |TAMS 0x0000000080e00000, 0x0000000080d00000| Untracked 
|  14|0x0000000080e00000, 0x0000000080f00000, 0x0000000080f00000|100%| O|  |TAMS 0x0000000080f00000, 0x0000000080e00000| Untracked 
|  15|0x0000000080f00000, 0x0000000081000000, 0x0000000081000000|100%| O|  |TAMS 0x0000000081000000, 0x0000000080f00000| Untracked 
|  16|0x0000000081000000, 0x0000000081100000, 0x0000000081100000|100%|HS|  |TAMS 0x0000000081100000, 0x0000000081000000| Complete 
|  17|0x0000000081100000, 0x0000000081200000, 0x0000000081200000|100%|HC|  |TAMS 0x0000000081200000, 0x0000000081100000| Complete 
|  18|0x0000000081200000, 0x0000000081300000, 0x0000000081300000|100%|HS|  |TAMS 0x0000000081300000, 0x0000000081200000| Complete 
|  19|0x0000000081300000, 0x0000000081400000, 0x0000000081400000|100%|HC|  |TAMS 0x0000000081400000, 0x0000000081300000| Complete 
|  20|0x0000000081400000, 0x0000000081500000, 0x0000000081500000|100%|HC|  |TAMS 0x0000000081500000, 0x0000000081400000| Complete 
|  21|0x0000000081500000, 0x0000000081600000, 0x0000000081600000|100%|HS|  |TAMS 0x0000000081600000, 0x0000000081500000| Complete 
|  22|0x0000000081600000, 0x0000000081700000, 0x0000000081700000|100%|HC|  |TAMS 0x0000000081700000, 0x0000000081600000| Complete 
|  23|0x0000000081700000, 0x0000000081800000, 0x0000000081800000|100%|HC|  |TAMS 0x0000000081800000, 0x0000000081700000| Complete 
|  24|0x0000000081800000, 0x0000000081900000, 0x0000000081900000|100%|HC|  |TAMS 0x0000000081900000, 0x0000000081800000| Complete 
|  25|0x0000000081900000, 0x0000000081a00000, 0x0000000081a00000|100%| O|  |TAMS 0x0000000081a00000, 0x0000000081900000| Untracked 
|  26|0x0000000081a00000, 0x0000000081b00000, 0x0000000081b00000|100%| O|  |TAMS 0x0000000081b00000, 0x0000000081a00000| Untracked 
|  27|0x0000000081b00000, 0x0000000081c00000, 0x0000000081c00000|100%| O|  |TAMS 0x0000000081c00000, 0x0000000081b00000| Untracked 
|  28|0x0000000081c00000, 0x0000000081d00000, 0x0000000081d00000|100%| O|  |TAMS 0x0000000081d00000, 0x0000000081c00000| Untracked 
|  29|0x0000000081d00000, 0x0000000081e00000, 0x0000000081e00000|100%| O|  |TAMS 0x0000000081e00000, 0x0000000081d00000| Untracked 
|  30|0x0000000081e00000, 0x0000000081f00000, 0x0000000081f00000|100%| O|  |TAMS 0x0000000081f00000, 0x0000000081e00000| Untracked 
|  31|0x0000000081f00000, 0x0000000081fb3600, 0x0000000082000000| 70%| O|  |TAMS 0x0000000081fb3600, 0x0000000081f00000| Untracked 
|  32|0x0000000082000000, 0x0000000082100000, 0x0000000082100000|100%|HS|  |TAMS 0x0000000082000000, 0x0000000082000000| Complete 
|  33|0x0000000082100000, 0x0000000082200000, 0x0000000082200000|100%|HS|  |TAMS 0x0000000082100000, 0x0000000082100000| Complete 
|  34|0x0000000082200000, 0x0000000082300000, 0x0000000082300000|100%|HC|  |TAMS 0x0000000082200000, 0x0000000082200000| Complete 
|  35|0x0000000082300000, 0x0000000082300000, 0x0000000082400000|  0%| F|  |TAMS 0x0000000082300000, 0x0000000082300000| Untracked 
|  36|0x0000000082400000, 0x0000000082400000, 0x0000000082500000|  0%| F|  |TAMS 0x0000000082400000, 0x0000000082400000| Untracked 
|  37|0x0000000082500000, 0x0000000082500000, 0x0000000082600000|  0%| F|  |TAMS 0x0000000082500000, 0x0000000082500000| Untracked 
|  38|0x0000000082600000, 0x0000000082600000, 0x0000000082700000|  0%| F|  |TAMS 0x0000000082600000, 0x0000000082600000| Untracked 
|  39|0x0000000082700000, 0x0000000082700000, 0x0000000082800000|  0%| F|  |TAMS 0x0000000082700000, 0x0000000082700000| Untracked 
|  40|0x0000000082800000, 0x0000000082800000, 0x0000000082900000|  0%| F|  |TAMS 0x0000000082800000, 0x0000000082800000| Untracked 
|  41|0x0000000082900000, 0x0000000082900000, 0x0000000082a00000|  0%| F|  |TAMS 0x0000000082900000, 0x0000000082900000| Untracked 
|  42|0x0000000082a00000, 0x0000000082a00000, 0x0000000082b00000|  0%| F|  |TAMS 0x0000000082a00000, 0x0000000082a00000| Untracked 
|  43|0x0000000082b00000, 0x0000000082b00000, 0x0000000082c00000|  0%| F|  |TAMS 0x0000000082b00000, 0x0000000082b00000| Untracked 
|  44|0x0000000082c00000, 0x0000000082c00000, 0x0000000082d00000|  0%| F|  |TAMS 0x0000000082c00000, 0x0000000082c00000| Untracked 
|  45|0x0000000082d00000, 0x0000000082d00000, 0x0000000082e00000|  0%| F|  |TAMS 0x0000000082d00000, 0x0000000082d00000| Untracked 
|  46|0x0000000082e00000, 0x0000000082e00000, 0x0000000082f00000|  0%| F|  |TAMS 0x0000000082e00000, 0x0000000082e00000| Untracked 
|  47|0x0000000082f00000, 0x0000000082f00000, 0x0000000083000000|  0%| F|  |TAMS 0x0000000082f00000, 0x0000000082f00000| Untracked 
|  48|0x0000000083000000, 0x0000000083000000, 0x0000000083100000|  0%| F|  |TAMS 0x0000000083000000, 0x0000000083000000| Untracked 
|  49|0x0000000083100000, 0x0000000083100000, 0x0000000083200000|  0%| F|  |TAMS 0x0000000083100000, 0x0000000083100000| Untracked 
|  50|0x0000000083200000, 0x0000000083200000, 0x0000000083300000|  0%| F|  |TAMS 0x0000000083200000, 0x0000000083200000| Untracked 
|  51|0x0000000083300000, 0x0000000083300000, 0x0000000083400000|  0%| F|  |TAMS 0x0000000083300000, 0x0000000083300000| Untracked 
|  52|0x0000000083400000, 0x0000000083400000, 0x0000000083500000|  0%| F|  |TAMS 0x0000000083400000, 0x0000000083400000| Untracked 
|  53|0x0000000083500000, 0x0000000083500000, 0x0000000083600000|  0%| F|  |TAMS 0x0000000083500000, 0x0000000083500000| Untracked 
|  54|0x0000000083600000, 0x0000000083600000, 0x0000000083700000|  0%| F|  |TAMS 0x0000000083600000, 0x0000000083600000| Untracked 
|  55|0x0000000083700000, 0x0000000083700000, 0x0000000083800000|  0%| F|  |TAMS 0x0000000083700000, 0x0000000083700000| Untracked 
|  56|0x0000000083800000, 0x0000000083800000, 0x0000000083900000|  0%| F|  |TAMS 0x0000000083800000, 0x0000000083800000| Untracked 
|  57|0x0000000083900000, 0x0000000083900000, 0x0000000083a00000|  0%| F|  |TAMS 0x0000000083900000, 0x0000000083900000| Untracked 
|  58|0x0000000083a00000, 0x0000000083a00000, 0x0000000083b00000|  0%| F|  |TAMS 0x0000000083a00000, 0x0000000083a00000| Untracked 
|  59|0x0000000083b00000, 0x0000000083b00000, 0x0000000083c00000|  0%| F|  |TAMS 0x0000000083b00000, 0x0000000083b00000| Untracked 
|  60|0x0000000083c00000, 0x0000000083c00000, 0x0000000083d00000|  0%| F|  |TAMS 0x0000000083c00000, 0x0000000083c00000| Untracked 
|  61|0x0000000083d00000, 0x0000000083d00000, 0x0000000083e00000|  0%| F|  |TAMS 0x0000000083d00000, 0x0000000083d00000| Untracked 
|  62|0x0000000083e00000, 0x0000000083e00000, 0x0000000083f00000|  0%| F|  |TAMS 0x0000000083e00000, 0x0000000083e00000| Untracked 
|  63|0x0000000083f00000, 0x0000000083f00000, 0x0000000084000000|  0%| F|  |TAMS 0x0000000083f00000, 0x0000000083f00000| Untracked 
|  64|0x0000000084000000, 0x0000000084000000, 0x0000000084100000|  0%| F|  |TAMS 0x0000000084000000, 0x0000000084000000| Untracked 
|  65|0x0000000084100000, 0x0000000084100000, 0x0000000084200000|  0%| F|  |TAMS 0x0000000084100000, 0x0000000084100000| Untracked 
|  66|0x0000000084200000, 0x0000000084200000, 0x0000000084300000|  0%| F|  |TAMS 0x0000000084200000, 0x0000000084200000| Untracked 
|  67|0x0000000084300000, 0x0000000084300000, 0x0000000084400000|  0%| F|  |TAMS 0x0000000084300000, 0x0000000084300000| Untracked 
|  68|0x0000000084400000, 0x0000000084400000, 0x0000000084500000|  0%| F|  |TAMS 0x0000000084400000, 0x0000000084400000| Untracked 
|  69|0x0000000084500000, 0x0000000084500000, 0x0000000084600000|  0%| F|  |TAMS 0x0000000084500000, 0x0000000084500000| Untracked 
|  70|0x0000000084600000, 0x0000000084600000, 0x0000000084700000|  0%| F|  |TAMS 0x0000000084600000, 0x0000000084600000| Untracked 
|  71|0x0000000084700000, 0x0000000084700000, 0x0000000084800000|  0%| F|  |TAMS 0x0000000084700000, 0x0000000084700000| Untracked 
|  72|0x0000000084800000, 0x0000000084800000, 0x0000000084900000|  0%| F|  |TAMS 0x0000000084800000, 0x0000000084800000| Untracked 
|  73|0x0000000084900000, 0x0000000084900000, 0x0000000084a00000|  0%| F|  |TAMS 0x0000000084900000, 0x0000000084900000| Untracked 
|  74|0x0000000084a00000, 0x0000000084a00000, 0x0000000084b00000|  0%| F|  |TAMS 0x0000000084a00000, 0x0000000084a00000| Untracked 
|  75|0x0000000084b00000, 0x0000000084b00000, 0x0000000084c00000|  0%| F|  |TAMS 0x0000000084b00000, 0x0000000084b00000| Untracked 
|  76|0x0000000084c00000, 0x0000000084c00000, 0x0000000084d00000|  0%| F|  |TAMS 0x0000000084c00000, 0x0000000084c00000| Untracked 
|  77|0x0000000084d00000, 0x0000000084d00000, 0x0000000084e00000|  0%| F|  |TAMS 0x0000000084d00000, 0x0000000084d00000| Untracked 
|  78|0x0000000084e00000, 0x0000000084e00000, 0x0000000084f00000|  0%| F|  |TAMS 0x0000000084e00000, 0x0000000084e00000| Untracked 
|  79|0x0000000084f00000, 0x0000000084f00000, 0x0000000085000000|  0%| F|  |TAMS 0x0000000084f00000, 0x0000000084f00000| Untracked 
|  80|0x0000000085000000, 0x0000000085000000, 0x0000000085100000|  0%| F|  |TAMS 0x0000000085000000, 0x0000000085000000| Untracked 
|  81|0x0000000085100000, 0x0000000085100000, 0x0000000085200000|  0%| F|  |TAMS 0x0000000085100000, 0x0000000085100000| Untracked 
|  82|0x0000000085200000, 0x0000000085200000, 0x0000000085300000|  0%| F|  |TAMS 0x0000000085200000, 0x0000000085200000| Untracked 
|  83|0x0000000085300000, 0x0000000085300000, 0x0000000085400000|  0%| F|  |TAMS 0x0000000085300000, 0x0000000085300000| Untracked 
|  84|0x0000000085400000, 0x0000000085400000, 0x0000000085500000|  0%| F|  |TAMS 0x0000000085400000, 0x0000000085400000| Untracked 
|  85|0x0000000085500000, 0x0000000085500000, 0x0000000085600000|  0%| F|  |TAMS 0x0000000085500000, 0x0000000085500000| Untracked 
|  86|0x0000000085600000, 0x0000000085600000, 0x0000000085700000|  0%| F|  |TAMS 0x0000000085600000, 0x0000000085600000| Untracked 
|  87|0x0000000085700000, 0x0000000085700000, 0x0000000085800000|  0%| F|  |TAMS 0x0000000085700000, 0x0000000085700000| Untracked 
|  88|0x0000000085800000, 0x00000000858b8460, 0x0000000085900000| 71%| E|  |TAMS 0x0000000085800000, 0x0000000085800000| Complete 
|  89|0x0000000085900000, 0x0000000085a00000, 0x0000000085a00000|100%| E|CS|TAMS 0x0000000085900000, 0x0000000085900000| Complete 
|  90|0x0000000085a00000, 0x0000000085b00000, 0x0000000085b00000|100%| E|CS|TAMS 0x0000000085a00000, 0x0000000085a00000| Complete 
|  91|0x0000000085b00000, 0x0000000085c00000, 0x0000000085c00000|100%| E|CS|TAMS 0x0000000085b00000, 0x0000000085b00000| Complete 
|  92|0x0000000085c00000, 0x0000000085d00000, 0x0000000085d00000|100%| E|CS|TAMS 0x0000000085c00000, 0x0000000085c00000| Complete 
|  93|0x0000000085d00000, 0x0000000085e00000, 0x0000000085e00000|100%| E|CS|TAMS 0x0000000085d00000, 0x0000000085d00000| Complete 
|  94|0x0000000085e00000, 0x0000000085f00000, 0x0000000085f00000|100%| E|CS|TAMS 0x0000000085e00000, 0x0000000085e00000| Complete 
|  95|0x0000000085f00000, 0x0000000086000000, 0x0000000086000000|100%| E|CS|TAMS 0x0000000085f00000, 0x0000000085f00000| Complete 
|  96|0x0000000086000000, 0x0000000086100000, 0x0000000086100000|100%| E|CS|TAMS 0x0000000086000000, 0x0000000086000000| Complete 
|  97|0x0000000086100000, 0x0000000086200000, 0x0000000086200000|100%| E|CS|TAMS 0x0000000086100000, 0x0000000086100000| Complete 
|  98|0x0000000086200000, 0x0000000086300000, 0x0000000086300000|100%| E|CS|TAMS 0x0000000086200000, 0x0000000086200000| Complete 
|  99|0x0000000086300000, 0x0000000086400000, 0x0000000086400000|100%| E|CS|TAMS 0x0000000086300000, 0x0000000086300000| Complete 
| 100|0x0000000086400000, 0x0000000086500000, 0x0000000086500000|100%| E|CS|TAMS 0x0000000086400000, 0x0000000086400000| Complete 
| 101|0x0000000086500000, 0x0000000086600000, 0x0000000086600000|100%| E|CS|TAMS 0x0000000086500000, 0x0000000086500000| Complete 
| 102|0x0000000086600000, 0x0000000086700000, 0x0000000086700000|100%| E|CS|TAMS 0x0000000086600000, 0x0000000086600000| Complete 
| 103|0x0000000086700000, 0x0000000086800000, 0x0000000086800000|100%| E|CS|TAMS 0x0000000086700000, 0x0000000086700000| Complete 
| 104|0x0000000086800000, 0x0000000086900000, 0x0000000086900000|100%| E|CS|TAMS 0x0000000086800000, 0x0000000086800000| Complete 
| 105|0x0000000086900000, 0x0000000086a00000, 0x0000000086a00000|100%| E|CS|TAMS 0x0000000086900000, 0x0000000086900000| Complete 
| 106|0x0000000086a00000, 0x0000000086b00000, 0x0000000086b00000|100%| E|CS|TAMS 0x0000000086a00000, 0x0000000086a00000| Complete 
| 107|0x0000000086b00000, 0x0000000086c00000, 0x0000000086c00000|100%| E|CS|TAMS 0x0000000086b00000, 0x0000000086b00000| Complete 
| 108|0x0000000086c00000, 0x0000000086d00000, 0x0000000086d00000|100%| E|CS|TAMS 0x0000000086c00000, 0x0000000086c00000| Complete 
| 109|0x0000000086d00000, 0x0000000086e00000, 0x0000000086e00000|100%| E|CS|TAMS 0x0000000086d00000, 0x0000000086d00000| Complete 
| 110|0x0000000086e00000, 0x0000000086f00000, 0x0000000086f00000|100%| E|CS|TAMS 0x0000000086e00000, 0x0000000086e00000| Complete 
| 111|0x0000000086f00000, 0x0000000087000000, 0x0000000087000000|100%| E|CS|TAMS 0x0000000086f00000, 0x0000000086f00000| Complete 
| 112|0x0000000087000000, 0x0000000087100000, 0x0000000087100000|100%| E|CS|TAMS 0x0000000087000000, 0x0000000087000000| Complete 
| 113|0x0000000087100000, 0x0000000087200000, 0x0000000087200000|100%| E|CS|TAMS 0x0000000087100000, 0x0000000087100000| Complete 
| 114|0x0000000087200000, 0x0000000087300000, 0x0000000087300000|100%| E|CS|TAMS 0x0000000087200000, 0x0000000087200000| Complete 
| 115|0x0000000087300000, 0x0000000087400000, 0x0000000087400000|100%| E|CS|TAMS 0x0000000087300000, 0x0000000087300000| Complete 
| 116|0x0000000087400000, 0x0000000087500000, 0x0000000087500000|100%| E|CS|TAMS 0x0000000087400000, 0x0000000087400000| Complete 
| 117|0x0000000087500000, 0x00000000875cde00, 0x0000000087600000| 80%| S|CS|TAMS 0x0000000087500000, 0x0000000087500000| Complete 
| 118|0x0000000087600000, 0x0000000087700000, 0x0000000087700000|100%| S|CS|TAMS 0x0000000087600000, 0x0000000087600000| Complete 
| 119|0x0000000087700000, 0x0000000087800000, 0x0000000087800000|100%| E|CS|TAMS 0x0000000087700000, 0x0000000087700000| Complete 
| 120|0x0000000087800000, 0x0000000087900000, 0x0000000087900000|100%| E|  |TAMS 0x0000000087800000, 0x0000000087800000| Complete 
| 121|0x0000000087900000, 0x0000000087a00000, 0x0000000087a00000|100%| E|CS|TAMS 0x0000000087900000, 0x0000000087900000| Complete 
| 122|0x0000000087a00000, 0x0000000087b00000, 0x0000000087b00000|100%| E|CS|TAMS 0x0000000087a00000, 0x0000000087a00000| Complete 
| 123|0x0000000087b00000, 0x0000000087c00000, 0x0000000087c00000|100%| E|CS|TAMS 0x0000000087b00000, 0x0000000087b00000| Complete 
| 124|0x0000000087c00000, 0x0000000087d00000, 0x0000000087d00000|100%| E|CS|TAMS 0x0000000087c00000, 0x0000000087c00000| Complete 
| 125|0x0000000087d00000, 0x0000000087e00000, 0x0000000087e00000|100%| E|CS|TAMS 0x0000000087d00000, 0x0000000087d00000| Complete 
| 126|0x0000000087e00000, 0x0000000087f00000, 0x0000000087f00000|100%| E|CS|TAMS 0x0000000087e00000, 0x0000000087e00000| Complete 
| 127|0x0000000087f00000, 0x0000000088000000, 0x0000000088000000|100%| E|CS|TAMS 0x0000000087f00000, 0x0000000087f00000| Complete 

Card table byte_map: [0x00000229bc140000,0x00000229bc540000] _byte_map_base: 0x00000229bbd40000

Marking Bits (Prev, Next): (CMBitMap*) 0x00000229a90cb6d8, (CMBitMap*) 0x00000229a90cb710
 Prev Bits: [0x00000229bc940000, 0x00000229be940000)
 Next Bits: [0x00000229be940000, 0x00000229c0940000)

Polling page: 0x00000229a7050000

Metaspace:

Usage:
  Non-class:     34.11 MB capacity,    33.52 MB ( 98%) used,   517.84 KB (  1%) free+waste,    82.94 KB ( <1%) overhead. 
      Class:      5.31 MB capacity,     4.95 MB ( 93%) used,   325.43 KB (  6%) free+waste,    40.56 KB ( <1%) overhead. 
       Both:     39.42 MB capacity,    38.47 MB ( 98%) used,   843.27 KB (  2%) free+waste,   123.50 KB ( <1%) overhead. 

Virtual space:
  Non-class space:       36.00 MB reserved,      34.12 MB ( 95%) committed 
      Class space:        1.00 GB reserved,       5.38 MB ( <1%) committed 
             Both:        1.04 GB reserved,      39.50 MB (  4%) committed 

Chunk freelists:
   Non-Class:  16.00 KB
       Class:  3.00 KB
        Both:  19.00 KB

MaxMetaspaceSize: 17179869184.00 GB
CompressedClassSpaceSize: 1.00 GB

CodeHeap 'non-profiled nmethods': size=120000Kb used=1652Kb max_used=1652Kb free=118347Kb
 bounds [0x00000229b44e0000, 0x00000229b4750000, 0x00000229bba10000]
CodeHeap 'profiled nmethods': size=120000Kb used=6106Kb max_used=6106Kb free=113893Kb
 bounds [0x00000229acfb0000, 0x00000229ad5b0000, 0x00000229b44e0000]
CodeHeap 'non-nmethods': size=5760Kb used=2185Kb max_used=2213Kb free=3574Kb
 bounds [0x00000229aca10000, 0x00000229acc80000, 0x00000229acfb0000]
 total_blobs=3683 nmethods=2940 adapters=653
 compilation: enabled
              stopped_count=0, restarted_count=0
 full_count=0

Compilation events (20 events):
Event: 4.700 Thread 0x00000229c33a8800 3140       4       java.lang.invoke.LambdaForm$BasicType::basicType (19 bytes)
Event: 4.700 Thread 0x00000229c33ba800 nmethod 3139 0x00000229ad598210 code [0x00000229ad598400, 0x00000229ad598818]
Event: 4.704 Thread 0x00000229c33a8800 nmethod 3140 0x00000229b4676310 code [0x00000229b46764e0, 0x00000229b46767a8]
Event: 4.704 Thread 0x00000229c33ba800 3141       3       jdk.internal.org.objectweb.asm.ClassWriter::visitEnd (1 bytes)
Event: 4.704 Thread 0x00000229c33ba800 nmethod 3141 0x00000229ad598990 code [0x00000229ad598b40, 0x00000229ad598c38]
Event: 4.704 Thread 0x00000229c33ba800 3142       3       java.lang.invoke.InfoFromMemberName::getName (8 bytes)
Event: 4.704 Thread 0x00000229c33ba800 nmethod 3142 0x00000229ad598d10 code [0x00000229ad598f00, 0x00000229ad5992c8]
Event: 4.704 Thread 0x00000229c33ba800 3143       3       java.lang.invoke.InfoFromMemberName::getMethodType (8 bytes)
Event: 4.704 Thread 0x00000229c33ba800 nmethod 3143 0x00000229ad599410 code [0x00000229ad5995c0, 0x00000229ad5996e8]
Event: 4.705 Thread 0x00000229c33ba800 3144       3       java.lang.invoke.TypeConvertingMethodAdapter::<init> (8 bytes)
Event: 4.705 Thread 0x00000229c33ba800 nmethod 3144 0x00000229ad599790 code [0x00000229ad599960, 0x00000229ad599b98]
Event: 4.709 Thread 0x00000229c33a8800 3145   !   4       java.util.concurrent.ConcurrentHashMap::computeIfAbsent (576 bytes)
Event: 4.710 Thread 0x00000229c33ba800 3146       3       java.lang.invoke.MemberName::<init> (131 bytes)
Event: 4.711 Thread 0x00000229c33ba800 nmethod 3146 0x00000229ad599c90 code [0x00000229ad599fe0, 0x00000229ad59b3d8]
Event: 4.712 Thread 0x00000229c33ba800 3147       3       java.lang.invoke.BootstrapMethodInvoker::maybeReBoxElements (24 bytes)
Event: 4.712 Thread 0x00000229c33ba800 nmethod 3147 0x00000229ad59b990 code [0x00000229ad59bb80, 0x00000229ad59c1a8]
Event: 4.712 Thread 0x00000229c33ba800 3148       3       java.lang.invoke.BootstrapMethodInvoker::isLambdaMetafactoryIndyBSM (13 bytes)
Event: 4.712 Thread 0x00000229c33ba800 nmethod 3148 0x00000229ad59c310 code [0x00000229ad59c4c0, 0x00000229ad59c5f8]
Event: 4.726 Thread 0x00000229c33ba800 3149       3       java.lang.ThreadLocal$ThreadLocalMap::set (136 bytes)
Event: 4.727 Thread 0x00000229c33ba800 nmethod 3149 0x00000229ad59c690 code [0x00000229ad59c900, 0x00000229ad59d488]

GC Heap History (12 events):
Event: 0.849 GC heap before
{Heap before GC invocations=0 (full 0):
 garbage-first heap   total 131072K, used 29696K [0x0000000080000000, 0x0000000100000000)
  region size 1024K, 24 young (24576K), 0 survivors (0K)
 Metaspace       used 10466K, capacity 10677K, committed 11008K, reserved 1058816K
  class space    used 1097K, capacity 1195K, committed 1280K, reserved 1048576K
}
Event: 0.855 GC heap after
{Heap after GC invocations=1 (full 0):
 garbage-first heap   total 131072K, used 8987K [0x0000000080000000, 0x0000000100000000)
  region size 1024K, 3 young (3072K), 3 survivors (3072K)
 Metaspace       used 10466K, capacity 10677K, committed 11008K, reserved 1058816K
  class space    used 1097K, capacity 1195K, committed 1280K, reserved 1048576K
}
Event: 2.735 GC heap before
{Heap before GC invocations=1 (full 0):
 garbage-first heap   total 131072K, used 82715K [0x0000000080000000, 0x0000000100000000)
  region size 1024K, 76 young (77824K), 3 survivors (3072K)
 Metaspace       used 18990K, capacity 19473K, committed 19712K, reserved 1067008K
  class space    used 2292K, capacity 2469K, committed 2560K, reserved 1048576K
}
Event: 2.742 GC heap after
{Heap after GC invocations=2 (full 0):
 garbage-first heap   total 131072K, used 16152K [0x0000000080000000, 0x0000000100000000)
  region size 1024K, 10 young (10240K), 10 survivors (10240K)
 Metaspace       used 18990K, capacity 19473K, committed 19712K, reserved 1067008K
  class space    used 2292K, capacity 2469K, committed 2560K, reserved 1048576K
}
Event: 2.878 GC heap before
{Heap before GC invocations=2 (full 0):
 garbage-first heap   total 131072K, used 27416K [0x0000000080000000, 0x0000000100000000)
  region size 1024K, 22 young (22528K), 10 survivors (10240K)
 Metaspace       used 20587K, capacity 21139K, committed 21296K, reserved 1069056K
  class space    used 2516K, capacity 2688K, committed 2688K, reserved 1048576K
}
Event: 2.884 GC heap after
{Heap after GC invocations=3 (full 0):
 garbage-first heap   total 131072K, used 16175K [0x0000000080000000, 0x0000000100000000)
  region size 1024K, 1 young (1024K), 1 survivors (1024K)
 Metaspace       used 20587K, capacity 21139K, committed 21296K, reserved 1069056K
  class space    used 2516K, capacity 2688K, committed 2688K, reserved 1048576K
}
Event: 3.325 GC heap before
{Heap before GC invocations=4 (full 0):
 garbage-first heap   total 131072K, used 62255K [0x0000000080000000, 0x0000000100000000)
  region size 1024K, 46 young (47104K), 1 survivors (1024K)
 Metaspace       used 25828K, capacity 26461K, committed 26672K, reserved 1073152K
  class space    used 3360K, capacity 3594K, committed 3712K, reserved 1048576K
}
Event: 3.328 GC heap after
{Heap after GC invocations=5 (full 0):
 garbage-first heap   total 131072K, used 18089K [0x0000000080000000, 0x0000000100000000)
  region size 1024K, 3 young (3072K), 3 survivors (3072K)
 Metaspace       used 25828K, capacity 26461K, committed 26672K, reserved 1073152K
  class space    used 3360K, capacity 3594K, committed 3712K, reserved 1048576K
}
Event: 4.083 GC heap before
{Heap before GC invocations=5 (full 0):
 garbage-first heap   total 131072K, used 78505K [0x0000000080000000, 0x0000000100000000)
  region size 1024K, 53 young (54272K), 3 survivors (3072K)
 Metaspace       used 31327K, capacity 32107K, committed 32304K, reserved 1077248K
  class space    used 4204K, capacity 4472K, committed 4480K, reserved 1048576K
}
Event: 4.087 GC heap after
{Heap after GC invocations=6 (full 0):
 garbage-first heap   total 131072K, used 32106K [0x0000000080000000, 0x0000000100000000)
  region size 1024K, 7 young (7168K), 7 survivors (7168K)
 Metaspace       used 31327K, capacity 32107K, committed 32304K, reserved 1077248K
  class space    used 4204K, capacity 4472K, committed 4480K, reserved 1048576K
}
Event: 4.250 GC heap before
{Heap before GC invocations=6 (full 0):
 garbage-first heap   total 131072K, used 39274K [0x0000000080000000, 0x0000000100000000)
  region size 1024K, 16 young (16384K), 7 survivors (7168K)
 Metaspace       used 34838K, capacity 35647K, committed 35708K, reserved 1081344K
  class space    used 4538K, capacity 4844K, committed 4864K, reserved 1048576K
}
Event: 4.260 GC heap after
{Heap after GC invocations=7 (full 0):
 garbage-first heap   total 131072K, used 34309K [0x0000000080000000, 0x0000000100000000)
  region size 1024K, 2 young (2048K), 2 survivors (2048K)
 Metaspace       used 34838K, capacity 35647K, committed 35708K, reserved 1081344K
  class space    used 4538K, capacity 4844K, committed 4864K, reserved 1048576K
}

Deoptimization events (20 events):
Event: 4.345 Thread 0x00000229c4e3d000 DEOPT PACKING pc=0x00000229b460da5c sp=0x0000007a476f9130
Event: 4.345 Thread 0x00000229c4e3d000 DEOPT UNPACKING pc=0x00000229aca374af sp=0x0000007a476f90e8 mode 2
Event: 4.451 Thread 0x00000229c4e3d000 Uncommon trap: trap_request=0xffffffbe fr.pc=0x00000229b4648a6c relative=0x000000000000070c
Event: 4.451 Thread 0x00000229c4e3d000 Uncommon trap: reason=profile_predicate action=maybe_recompile pc=0x00000229b4648a6c method=java.lang.PublicMethods$MethodList.filter([Ljava/lang/reflect/Method;Ljava/lang/String;[Ljava/lang/Class;Z)Ljava/lang/PublicMethods$MethodList; @ 21 c2
Event: 4.451 Thread 0x00000229c4e3d000 DEOPT PACKING pc=0x00000229b4648a6c sp=0x0000007a476f8c20
Event: 4.451 Thread 0x00000229c4e3d000 DEOPT UNPACKING pc=0x00000229aca374af sp=0x0000007a476f8bd8 mode 2
Event: 4.451 Thread 0x00000229c4e3d000 Uncommon trap: trap_request=0xffffffbe fr.pc=0x00000229b4648a6c relative=0x000000000000070c
Event: 4.451 Thread 0x00000229c4e3d000 Uncommon trap: reason=profile_predicate action=maybe_recompile pc=0x00000229b4648a6c method=java.lang.PublicMethods$MethodList.filter([Ljava/lang/reflect/Method;Ljava/lang/String;[Ljava/lang/Class;Z)Ljava/lang/PublicMethods$MethodList; @ 21 c2
Event: 4.451 Thread 0x00000229c4e3d000 DEOPT PACKING pc=0x00000229b4648a6c sp=0x0000007a476f8c20
Event: 4.451 Thread 0x00000229c4e3d000 DEOPT UNPACKING pc=0x00000229aca374af sp=0x0000007a476f8bd8 mode 2
Event: 4.603 Thread 0x00000229c4e3d000 DEOPT PACKING pc=0x00000229ad3336f9 sp=0x0000007a476f8620
Event: 4.603 Thread 0x00000229c4e3d000 DEOPT UNPACKING pc=0x00000229aca372ce sp=0x0000007a476f7b68 mode 0
Event: 4.714 Thread 0x00000229c4e3d000 Uncommon trap: trap_request=0xffffffde fr.pc=0x00000229b45b3c60 relative=0x0000000000000320
Event: 4.714 Thread 0x00000229c4e3d000 Uncommon trap: reason=class_check action=maybe_recompile pc=0x00000229b45b3c60 method=java.util.Collections$SetFromMap.remove(Ljava/lang/Object;)Z @ 5 c2
Event: 4.714 Thread 0x00000229c4e3d000 DEOPT PACKING pc=0x00000229b45b3c60 sp=0x0000007a476fa640
Event: 4.714 Thread 0x00000229c4e3d000 DEOPT UNPACKING pc=0x00000229aca374af sp=0x0000007a476fa628 mode 2
Event: 4.714 Thread 0x00000229c4e3d000 Uncommon trap: trap_request=0xffffffde fr.pc=0x00000229b45b3c60 relative=0x0000000000000320
Event: 4.714 Thread 0x00000229c4e3d000 Uncommon trap: reason=class_check action=maybe_recompile pc=0x00000229b45b3c60 method=java.util.Collections$SetFromMap.remove(Ljava/lang/Object;)Z @ 5 c2
Event: 4.714 Thread 0x00000229c4e3d000 DEOPT PACKING pc=0x00000229b45b3c60 sp=0x0000007a476fa5d0
Event: 4.714 Thread 0x00000229c4e3d000 DEOPT UNPACKING pc=0x00000229aca374af sp=0x0000007a476fa5b8 mode 2

Classes redefined (0 events):
No events

Internal exceptions (20 events):
Event: 4.329 Thread 0x00000229c4e3d000 Exception <a 'java/lang/ClassNotFoundException'{0x0000000087a756f8}: org/gradle/internal/extensibility/DefaultExtraPropertiesExtensionBeanInfo> (0x0000000087a756f8) thrown at [./src/hotspot/share/classfile/systemDictionary.cpp, line 231]
Event: 4.329 Thread 0x00000229c4e3d000 Exception <a 'java/lang/ClassNotFoundException'{0x0000000087a87800}: org/gradle/internal/extensibility/DefaultExtraPropertiesExtensionCustomizer> (0x0000000087a87800) thrown at [./src/hotspot/share/classfile/systemDictionary.cpp, line 231]
Event: 4.347 Thread 0x00000229c4e3d000 Exception <a 'java/lang/ClassNotFoundException'{0x0000000087969d78}: groovy/lang/Closure$1BeanInfo> (0x0000000087969d78) thrown at [./src/hotspot/share/classfile/systemDictionary.cpp, line 231]
Event: 4.347 Thread 0x00000229c4e3d000 Exception <a 'java/lang/ClassNotFoundException'{0x00000000879951c0}: groovy/lang/ClosureBeanInfo> (0x00000000879951c0) thrown at [./src/hotspot/share/classfile/systemDictionary.cpp, line 231]
Event: 4.348 Thread 0x00000229c4e3d000 Exception <a 'java/lang/ClassNotFoundException'{0x00000000879ac948}: groovy/lang/ClosureCustomizer> (0x00000000879ac948) thrown at [./src/hotspot/share/classfile/systemDictionary.cpp, line 231]
Event: 4.351 Thread 0x00000229c4e3d000 Exception <a 'java/lang/ClassNotFoundException'{0x00000000879e1e28}: groovy/lang/Closure$1Customizer> (0x00000000879e1e28) thrown at [./src/hotspot/share/classfile/systemDictionary.cpp, line 231]
Event: 4.448 Thread 0x00000229c4e3d000 Exception <a 'java/lang/ClassNotFoundException'{0x0000000087271af8}: org/gradle/internal/metaobject/ConfigureDelegateBeanInfo> (0x0000000087271af8) thrown at [./src/hotspot/share/classfile/systemDictionary.cpp, line 231]
Event: 4.448 Thread 0x00000229c4e3d000 Exception <a 'java/lang/ClassNotFoundException'{0x000000008728f318}: org/gradle/internal/metaobject/ConfigureDelegateCustomizer> (0x000000008728f318) thrown at [./src/hotspot/share/classfile/systemDictionary.cpp, line 231]
Event: 4.452 Thread 0x00000229c4e3d000 Exception <a 'java/lang/ClassNotFoundException'{0x00000000872ea8e0}: org/gradle/api/internal/initialization/DefaultScriptHandlerBeanInfo> (0x00000000872ea8e0) thrown at [./src/hotspot/share/classfile/systemDictionary.cpp, line 231]
Event: 4.453 Thread 0x00000229c4e3d000 Exception <a 'java/lang/ClassNotFoundException'{0x000000008710bba8}: org/gradle/api/internal/initialization/DefaultScriptHandlerCustomizer> (0x000000008710bba8) thrown at [./src/hotspot/share/classfile/systemDictionary.cpp, line 231]
Event: 4.535 Thread 0x00000229c4e3d000 Exception <a 'java/lang/ClassNotFoundException'{0x0000000086a01720}: org/gradle/api/internal/artifacts/dsl/dependencies/DefaultDependencyHandler_DecoratedBeanInfo> (0x0000000086a01720) thrown at [./src/hotspot/share/classfile/systemDictionary.cpp, line 231]
Event: 4.536 Thread 0x00000229c4e3d000 Exception <a 'java/lang/ClassNotFoundException'{0x0000000086a349e8}: org/gradle/api/internal/artifacts/dsl/dependencies/DefaultDependencyHandlerBeanInfo> (0x0000000086a349e8) thrown at [./src/hotspot/share/classfile/systemDictionary.cpp, line 231]
Event: 4.537 Thread 0x00000229c4e3d000 Exception <a 'java/lang/ClassNotFoundException'{0x0000000086a67ae0}: org/gradle/api/internal/artifacts/dsl/dependencies/DefaultDependencyHandlerCustomizer> (0x0000000086a67ae0) thrown at [./src/hotspot/share/classfile/systemDictionary.cpp, line 231]
Event: 4.539 Thread 0x00000229c4e3d000 Exception <a 'java/lang/ClassNotFoundException'{0x0000000086ab9bf8}: org/gradle/api/internal/artifacts/dsl/dependencies/DefaultDependencyHandler_DecoratedCustomizer> (0x0000000086ab9bf8) thrown at [./src/hotspot/share/classfile/systemDictionary.cpp, line 231]
Event: 4.673 Thread 0x00000229c4e3d000 Exception <a 'java/lang/NoSuchMethodError'{0x0000000085fe2ff8}: 'java.lang.Object java.lang.invoke.DirectMethodHandle$Holder.invokeStatic(java.lang.Object, java.lang.Object, java.lang.Object, int)'> (0x0000000085fe2ff8) thrown at [./src/hotspot/share/interpreter/linkResolver.cpp, line 773]
Event: 4.674 Thread 0x00000229c4e3d000 Exception <a 'java/lang/NoSuchMethodError'{0x0000000085fe7610}: 'java.lang.Object java.lang.invoke.DirectMethodHandle$Holder.invokeSpecial(java.lang.Object, java.lang.Object, java.lang.Object, java.lang.Object, int)'> (0x0000000085fe7610) thrown at [./src/hotspot/share/interpreter/linkResolver.cpp, line 773]
Event: 4.674 Thread 0x00000229c4e3d000 Exception <a 'java/lang/NoSuchMethodError'{0x0000000085feb548}: 'java.lang.Object java.lang.invoke.Invokers$Holder.linkToTargetMethod(java.lang.Object, java.lang.Object, int, java.lang.Object)'> (0x0000000085feb548) thrown at [./src/hotspot/share/interpreter/linkResolver.cpp, line 773]
Event: 4.678 Thread 0x00000229c4e3d000 Exception <a 'java/lang/NoSuchMethodError'{0x0000000085e2d5f8}: 'int java.lang.invoke.DirectMethodHandle$Holder.invokeInterface(java.lang.Object, java.lang.Object)'> (0x0000000085e2d5f8) thrown at [./src/hotspot/share/interpreter/linkResolver.cpp, line 773]
Event: 4.679 Thread 0x00000229c4e3d000 Exception <a 'java/lang/IncompatibleClassChangeError'{0x0000000085e30e30}: Found class java.lang.Object, but interface was expected> (0x0000000085e30e30) thrown at [./src/hotspot/share/interpreter/linkResolver.cpp, line 839]
Event: 4.703 Thread 0x00000229c4e3d000 Exception <a 'java/lang/NoSuchMethodError'{0x0000000085d900f8}: 'java.lang.Object java.lang.invoke.Invokers$Holder.linkToTargetMethod(java.lang.Object, int, java.lang.Object)'> (0x0000000085d900f8) thrown at [./src/hotspot/share/interpreter/linkResolver.cpp, line 773]

Events (20 events):
Event: 4.724 loading class org/gradle/api/internal/artifacts/ivyservice/resolveengine/artifact/DefaultVisitedArtifactResults$DefaultSelectedArtifactResults
Event: 4.724 loading class org/gradle/api/internal/artifacts/ivyservice/resolveengine/artifact/DefaultVisitedArtifactResults$DefaultSelectedArtifactResults done
Event: 4.724 loading class org/gradle/api/internal/artifacts/ivyservice/DefaultLenientConfiguration$1
Event: 4.724 loading class org/gradle/api/internal/artifacts/ivyservice/DefaultLenientConfiguration$1 done
Event: 4.725 loading class org/gradle/api/internal/artifacts/ivyservice/DefaultLenientConfiguration$2
Event: 4.725 loading class org/gradle/api/internal/artifacts/ivyservice/DefaultLenientConfiguration$2 done
Event: 4.725 loading class org/gradle/api/internal/artifacts/ResolveArtifactsBuildOperationType$DetailsImpl
Event: 4.725 loading class org/gradle/api/internal/artifacts/ResolveArtifactsBuildOperationType$DetailsImpl done
Event: 4.725 loading class org/gradle/api/internal/artifacts/ResolveArtifactsBuildOperationType$Details
Event: 4.725 loading class org/gradle/api/internal/artifacts/ResolveArtifactsBuildOperationType$Details done
Event: 4.726 loading class org/gradle/api/internal/artifacts/ivyservice/resolveengine/artifact/ParallelResolveArtifactSet
Event: 4.726 loading class org/gradle/api/internal/artifacts/ivyservice/resolveengine/artifact/ParallelResolveArtifactSet done
Event: 4.726 loading class org/gradle/api/internal/artifacts/ivyservice/resolveengine/artifact/ParallelResolveArtifactSet$EmptySet
Event: 4.726 loading class org/gradle/api/internal/artifacts/ivyservice/resolveengine/artifact/ParallelResolveArtifactSet$EmptySet done
Event: 4.727 loading class org/gradle/api/internal/artifacts/ivyservice/resolveengine/artifact/ParallelResolveArtifactSet$VisitingSet
Event: 4.727 loading class org/gradle/api/internal/artifacts/ivyservice/resolveengine/artifact/ParallelResolveArtifactSet$VisitingSet done
Event: 4.727 loading class org/gradle/api/internal/artifacts/ivyservice/resolveengine/artifact/ParallelResolveArtifactSet$VisitingSet$StartVisitAction
Event: 4.727 loading class org/gradle/api/internal/artifacts/ivyservice/resolveengine/artifact/ParallelResolveArtifactSet$VisitingSet$StartVisitAction done
Event: 4.727 loading class org/gradle/api/internal/artifacts/ivyservice/resolveengine/artifact/ResolvedArtifactSet$AsyncArtifactListener
Event: 4.727 loading class org/gradle/api/internal/artifacts/ivyservice/resolveengine/artifact/ResolvedArtifactSet$AsyncArtifactListener done


Dynamic libraries:
0x00007ff6991b0000 - 0x00007ff6991ba000 	C:\Users\Dark Knight\Desktop\Android Studio\jre\bin\java.exe
0x00007ff9b2730000 - 0x00007ff9b2925000 	C:\WINDOWS\SYSTEM32\ntdll.dll
0x00007ff9b1dc0000 - 0x00007ff9b1e7e000 	C:\WINDOWS\System32\KERNEL32.DLL
0x00007ff9b0250000 - 0x00007ff9b0518000 	C:\WINDOWS\System32\KERNELBASE.dll
0x00007ff9b0150000 - 0x00007ff9b0250000 	C:\WINDOWS\System32\ucrtbase.dll
0x00007ff99e650000 - 0x00007ff99e669000 	C:\Users\Dark Knight\Desktop\Android Studio\jre\bin\jli.dll
0x00007ff9820c0000 - 0x00007ff9820d7000 	C:\Users\Dark Knight\Desktop\Android Studio\jre\bin\VCRUNTIME140.dll
0x00007ff9b09e0000 - 0x00007ff9b0b81000 	C:\WINDOWS\System32\USER32.dll
0x00007ff9affa0000 - 0x00007ff9affc2000 	C:\WINDOWS\System32\win32u.dll
0x00007ff99a6f0000 - 0x00007ff99a98a000 	C:\WINDOWS\WinSxS\amd64_microsoft.windows.common-controls_6595b64144ccf1df_6.0.19041.1110_none_60b5254171f9507e\COMCTL32.dll
0x00007ff9b2010000 - 0x00007ff9b203b000 	C:\WINDOWS\System32\GDI32.dll
0x00007ff9b1300000 - 0x00007ff9b139e000 	C:\WINDOWS\System32\msvcrt.dll
0x00007ff9b0660000 - 0x00007ff9b076d000 	C:\WINDOWS\System32\gdi32full.dll
0x00007ff9b0000000 - 0x00007ff9b009d000 	C:\WINDOWS\System32\msvcp_win.dll
0x00007ff9b2170000 - 0x00007ff9b21a0000 	C:\WINDOWS\System32\IMM32.DLL
0x00007ff9782c0000 - 0x00007ff97835d000 	C:\Users\Dark Knight\Desktop\Android Studio\jre\bin\msvcp140.dll
0x00007ff9558c0000 - 0x00007ff95637c000 	C:\Users\Dark Knight\Desktop\Android Studio\jre\bin\server\jvm.dll
0x00007ff9b25b0000 - 0x00007ff9b265c000 	C:\WINDOWS\System32\ADVAPI32.dll
0x00007ff9b1af0000 - 0x00007ff9b1b8b000 	C:\WINDOWS\System32\sechost.dll
0x00007ff9b1120000 - 0x00007ff9b124a000 	C:\WINDOWS\System32\RPCRT4.dll
0x00007ff9b0b90000 - 0x00007ff9b0b98000 	C:\WINDOWS\System32\PSAPI.DLL
0x00007ff99c0d0000 - 0x00007ff99c0f7000 	C:\WINDOWS\SYSTEM32\WINMM.dll
0x00007ff9ab1d0000 - 0x00007ff9ab1d9000 	C:\WINDOWS\SYSTEM32\WSOCK32.dll
0x00007ff9a54b0000 - 0x00007ff9a54ba000 	C:\WINDOWS\SYSTEM32\VERSION.dll
0x00007ff9b1fa0000 - 0x00007ff9b200b000 	C:\WINDOWS\System32\WS2_32.dll
0x00007ff9ae6c0000 - 0x00007ff9ae6d2000 	C:\WINDOWS\SYSTEM32\kernel.appcore.dll
0x00007ff9a73c0000 - 0x00007ff9a73d1000 	C:\Users\Dark Knight\Desktop\Android Studio\jre\bin\verify.dll
0x00007ff9adae0000 - 0x00007ff9adcc4000 	C:\WINDOWS\SYSTEM32\DBGHELP.DLL
0x00007ff9982c0000 - 0x00007ff9982ec000 	C:\WINDOWS\SYSTEM32\dbgcore.DLL
0x00007ff9b05d0000 - 0x00007ff9b0652000 	C:\WINDOWS\System32\bcryptPrimitives.dll
0x00007ff9912a0000 - 0x00007ff9912c9000 	C:\Users\Dark Knight\Desktop\Android Studio\jre\bin\java.dll
0x00007ff9a8c00000 - 0x00007ff9a8c0b000 	C:\Users\Dark Knight\Desktop\Android Studio\jre\bin\jimage.dll
0x00007ff983840000 - 0x00007ff983858000 	C:\Users\Dark Knight\Desktop\Android Studio\jre\bin\zip.dll
0x00007ff9b13a0000 - 0x00007ff9b1ae4000 	C:\WINDOWS\System32\SHELL32.dll
0x00007ff9adf10000 - 0x00007ff9ae6a4000 	C:\WINDOWS\SYSTEM32\windows.storage.dll
0x00007ff9b21a0000 - 0x00007ff9b24f5000 	C:\WINDOWS\System32\combase.dll
0x00007ff9af7c0000 - 0x00007ff9af7ee000 	C:\WINDOWS\SYSTEM32\Wldp.dll
0x00007ff9b1250000 - 0x00007ff9b12fd000 	C:\WINDOWS\System32\SHCORE.dll
0x00007ff9b0770000 - 0x00007ff9b07c5000 	C:\WINDOWS\System32\shlwapi.dll
0x00007ff9afd80000 - 0x00007ff9afd9f000 	C:\WINDOWS\SYSTEM32\profapi.dll
0x00007ff983820000 - 0x00007ff98383a000 	C:\Users\Dark Knight\Desktop\Android Studio\jre\bin\net.dll
0x00007ff99e9a0000 - 0x00007ff99eaac000 	C:\WINDOWS\SYSTEM32\WINHTTP.dll
0x00007ff9af520000 - 0x00007ff9af58a000 	C:\WINDOWS\system32\mswsock.dll
0x00007ff982700000 - 0x00007ff982714000 	C:\Users\Dark Knight\Desktop\Android Studio\jre\bin\nio.dll
0x00007ff998310000 - 0x00007ff998337000 	C:\Users\Dark Knight\.gradle\native\fdc75f09e3144964f2cf3f50f0aa648679c211496f362492102eb8c894070792\windows-amd64\native-platform.dll
0x00007ff96d220000 - 0x00007ff96d3b6000 	C:\Users\Dark Knight\.gradle\native\12488b8bf47d2d4c9fbf2f6322a914ad602e24e48041cd04a747c6da556b65c4\windows-amd64\native-platform-file-events.dll
0x00007ff9a7560000 - 0x00007ff9a756a000 	C:\Users\Dark Knight\Desktop\Android Studio\jre\bin\management.dll
0x00007ff9a6fa0000 - 0x00007ff9a6fac000 	C:\Users\Dark Knight\Desktop\Android Studio\jre\bin\management_ext.dll
0x00007ff9af710000 - 0x00007ff9af728000 	C:\WINDOWS\SYSTEM32\CRYPTSP.dll
0x00007ff9aeea0000 - 0x00007ff9aeed4000 	C:\WINDOWS\system32\rsaenh.dll
0x00007ff9affd0000 - 0x00007ff9afff7000 	C:\WINDOWS\System32\bcrypt.dll
0x00007ff9afd40000 - 0x00007ff9afd6e000 	C:\WINDOWS\SYSTEM32\USERENV.dll
0x00007ff9af730000 - 0x00007ff9af73c000 	C:\WINDOWS\SYSTEM32\CRYPTBASE.dll
0x00007ff9af210000 - 0x00007ff9af24b000 	C:\WINDOWS\SYSTEM32\IPHLPAPI.DLL
0x00007ff9b1ba0000 - 0x00007ff9b1ba8000 	C:\WINDOWS\System32\NSI.dll
0x00007ff9a14e0000 - 0x00007ff9a14f7000 	C:\WINDOWS\SYSTEM32\dhcpcsvc6.DLL
0x00007ff9a15f0000 - 0x00007ff9a160d000 	C:\WINDOWS\SYSTEM32\dhcpcsvc.DLL
0x00007ff9af250000 - 0x00007ff9af31b000 	C:\WINDOWS\SYSTEM32\DNSAPI.dll
0x00007ff9a5000000 - 0x00007ff9a500b000 	C:\WINDOWS\SYSTEM32\WINNSI.DLL

dbghelp: loaded successfully - version: 4.0.5 - missing functions: none
symbol engine: initialized successfully - sym options: 0x614 - pdb path: .;C:\Users\Dark Knight\Desktop\Android Studio\jre\bin;C:\WINDOWS\SYSTEM32;C:\WINDOWS\WinSxS\amd64_microsoft.windows.common-controls_6595b64144ccf1df_6.0.19041.1110_none_60b5254171f9507e;C:\Users\Dark Knight\Desktop\Android Studio\jre\bin\server;C:\Users\Dark Knight\.gradle\native\fdc75f09e3144964f2cf3f50f0aa648679c211496f362492102eb8c894070792\windows-amd64;C:\Users\Dark Knight\.gradle\native\12488b8bf47d2d4c9fbf2f6322a914ad602e24e48041cd04a747c6da556b65c4\windows-amd64

VM Arguments:
jvm_args: --add-opens=java.base/java.util=ALL-UNNAMED --add-opens=java.base/java.lang=ALL-UNNAMED --add-opens=java.base/java.lang.invoke=ALL-UNNAMED --add-opens=java.prefs/java.util.prefs=ALL-UNNAMED -Xmx2048m -Dfile.encoding=UTF-8 -Duser.country=IN -Duser.language=en -Duser.variant 
java_command: org.gradle.launcher.daemon.bootstrap.GradleDaemon 6.7.1
java_class_path (initial): C:\Users\Dark Knight\.gradle\wrapper\dists\gradle-6.7.1-bin\bwlcbys1h7rz3272sye1xwiv6\gradle-6.7.1\lib\gradle-launcher-6.7.1.jar
Launcher Type: SUN_STANDARD

[Global flags]
     intx CICompilerCount                          = 4                                         {product} {ergonomic}
     uint ConcGCThreads                            = 2                                         {product} {ergonomic}
     uint G1ConcRefinementThreads                  = 8                                         {product} {ergonomic}
   size_t G1HeapRegionSize                         = 1048576                                   {product} {ergonomic}
    uintx GCDrainStackTargetSize                   = 64                                        {product} {ergonomic}
   size_t InitialHeapSize                          = 134217728                                 {product} {ergonomic}
   size_t MarkStackSize                            = 4194304                                   {product} {ergonomic}
   size_t MaxHeapSize                              = 2147483648                                {product} {command line}
   size_t MaxNewSize                               = 1287651328                                {product} {ergonomic}
   size_t MinHeapDeltaBytes                        = 1048576                                   {product} {ergonomic}
    uintx NonNMethodCodeHeapSize                   = 5836300                                {pd product} {ergonomic}
    uintx NonProfiledCodeHeapSize                  = 122910970                              {pd product} {ergonomic}
    uintx ProfiledCodeHeapSize                     = 122910970                              {pd product} {ergonomic}
    uintx ReservedCodeCacheSize                    = 251658240                              {pd product} {ergonomic}
     bool SegmentedCodeCache                       = true                                      {product} {ergonomic}
     bool UseCompressedClassPointers               = true                                 {lp64_product} {ergonomic}
     bool UseCompressedOops                        = true                                 {lp64_product} {ergonomic}
     bool UseG1GC                                  = true                                      {product} {ergonomic}
     bool UseLargePagesIndividualAllocation        = false                                  {pd product} {ergonomic}

Logging:
Log output configuration:
 #0: stdout all=warning uptime,level,tags
 #1: stderr all=off uptime,level,tags

Environment Variables:
PATH=C:\Windows\system32;C:\Windows;C:\Windows\System32\Wbem;C:\Windows\System32\WindowsPowerShell\v1.0\;C:\Windows\System32\OpenSSH\;C:\Program Files (x86)\NVIDIA Corporation\PhysX\Common;C:\Program Files\NVIDIA Corporation\NVIDIA NvDLISR;C:\WINDOWS\system32;C:\WINDOWS;C:\WINDOWS\System32\Wbem;C:\WINDOWS\System32\WindowsPowerShell\v1.0\;C:\WINDOWS\System32\OpenSSH\;C:\MinGW\bin;C:\Program Files\MEGA-X;C:\WINDOWS\system32;C:\WINDOWS;C:\WINDOWS\System32\Wbem;C:\WINDOWS\System32\WindowsPowerShell\v1.0\;C:\WINDOWS\System32\OpenSSH\;C:\Program Files\Git\cmd;C:\Users\Dark Knight\AppData\Local\Microsoft\WindowsApps;C:\Users\Dark Knight\AppData\Local\atom\bin;C:\MinGW\bin;C:\Program Files (x86)\Microsoft Visual Studio\2019\BuildTools\MSBuild\Current\Bin;C:\Users\Dark Knight\AppData\Local\Microsoft\WindowsApps
USERNAME=Dark Knight
OS=Windows_NT
PROCESSOR_IDENTIFIER=Intel64 Family 6 Model 158 Stepping 10, GenuineIntel



---------------  S Y S T E M  ---------------

OS: Windows 10 , 64 bit Build 19041 (10.0.19041.1348)
OS uptime: 8 days 13:23 hours

CPU:total 8 (initial active 8) (4 cores per cpu, 2 threads per core) family 6 model 158 stepping 10, cmov, cx8, fxsr, mmx, sse, sse2, sse3, ssse3, sse4.1, sse4.2, popcnt, avx, avx2, aes, clmul, erms, 3dnowpref, lzcnt, ht, tsc, tscinvbit, bmi1, bmi2, adx, fma

Memory: 4k page, system-wide physical 8072M (551M free)
TotalPageFile size 12168M (AvailPageFile size 7M)
current process WorkingSet (physical memory assigned to process): 278M, peak: 280M
current process commit charge ("private bytes"): 325M, peak: 328M

vm_info: OpenJDK 64-Bit Server VM (11.0.8+10-b944.6842174) for windows-amd64 JRE (11.0.8+10-b944.6842174), built on Sep 19 2020 01:11:42 by "builder" with MS VC++ 14.0 (VS2015)

END.
